#
# A fatal error has been detected by the Java Runtime Environment:
#
#  SIGSEGV (0xb) at pc=0x00007f38afce58f8, pid=10301, tid=0x00007f3844d8d700
#
# JRE version: Java(TM) SE Runtime Environment (8.0_121-b13) (build 1.8.0_121-b13)
# Java VM: Java HotSpot(TM) 64-Bit Server VM (25.121-b13 mixed mode linux-amd64 compressed oops)
# Problematic frame:
# V  [libjvm.so+0x6d28f8]  jni_invoke_nonstatic(JNIEnv_*, JavaValue*, _jobject*, JNICallType, _jmethodID*, JNI_ArgumentPusher*, Thread*)+0x38
#
# Failed to write core dump. Core dumps have been disabled. To enable core dumping, try "ulimit -c unlimited" before starting Java again
#
# If you would like to submit a bug report, please visit:
#   http://bugreport.java.com/bugreport/crash.jsp
#

---------------  T H R E A D  ---------------

Current thread (0x00007f3858103800):  JavaThread "JavaFX Application Thread" [_thread_in_vm, id=10327, stack(0x00007f3844c8d000,0x00007f3844d8e000)]

siginfo: si_signo: 11 (SIGSEGV), si_code: 1 (SEGV_MAPERR), si_addr: 0x00007f3800000000

Registers:
RAX=0x00007f3844d8c2c0, RBX=0x00007f3844d8c1d0, RCX=0x0000000000000001, RDX=0x00007f3800000000
RSP=0x00007f3844d8c020, RBP=0x00007f3844d8c1a0, RSI=0x00007f3844d8c230, RDI=0x00007f38581039f8
R8 =0x00007f385804a4d8, R9 =0x00007f3844d8c1d0, R10=0x00007f3834000a80, R11=0x00007f3899364a60
R12=0x00007f3858103800, R13=0x00007f385804a4d8, R14=0x0000000000000001, R15=0x00007f38581039f8
RIP=0x00007f38afce58f8, EFLAGS=0x0000000000010206, CSGSFS=0x002b000000000033, ERR=0x0000000000000004
  TRAPNO=0x000000000000000e

Top of Stack: (sp=0x00007f3844d8c020)
0x00007f3844d8c020:   00007f3844d8c720 00007f3844d8c340
0x00007f3844d8c030:   00007f3844d8c080 00007f3844d8c100
0x00007f3844d8c040:   00007f3844d8c1d0 00007f3844d8c230
0x00007f3844d8c050:   00007f38581039f8 00007f38afd05400
0x00007f3844d8c060:   00007f38700b6d60 00007f38700b6d70
0x00007f3844d8c070:   00007f38700b7148 00000000000003d8
0x00007f3844d8c080:   0000000000000000 00000000d8206b40
0x00007f3844d8c090:   00007f380000006f 00007f380000000a
0x00007f3844d8c0a0:   00000000d88e5f90 0000000000000000
0x00007f3844d8c0b0:   0000000000000000 0000000000000000
0x00007f3844d8c0c0:   00007f38acdc07b0 0000000100000100
0x00007f3844d8c0d0:   0000000000000000 00007f3844d8c088
0x00007f3844d8c0e0:   00007f3844d8c0c9 0000000800000005
0x00007f3844d8c0f0:   0000000000000000 00007f3858103130
0x00007f3844d8c100:   00007f38b0573510 00007f38b1061720
0x00007f3844d8c110:   0000000058102fc0 00007f3858103800
0x00007f3844d8c120:   0000000000000000 00007f38afce5ccb
0x00007f3844d8c130:   00007f38acdca860 00007f3858103800
0x00007f3844d8c140:   00007f38acdca860 00007f3858103800
0x00007f3844d8c150:   00007f3844d8c2e0 00007f38acdca860
0x00007f3844d8c160:   00007f38acdca860 00007f38acdca860
0x00007f3844d8c170:   00007f38700b6d60 00007f3844d8c1d0
0x00007f3844d8c180:   00007f3858103800 00007f3844d8c210
0x00007f3844d8c190:   00007f385804a4d8 00007f38581039f8
0x00007f3844d8c1a0:   00007f3844d8c290 00007f38afcea09f
0x00007f3844d8c1b0:   00007f3858103800 00007f388ac26ff4
0x00007f3844d8c1c0:   00007f3844d8c2a8 00007f3800000000
0x00007f3844d8c1d0:   00007f38b0574170 00007f38b1061720
0x00007f3844d8c1e0:   0000000044d8c250 c04b547800000063
0x00007f3844d8c1f0:   0000000000000000 0000003000000018
0x00007f3844d8c200:   00007f3844d8c380 00007f3844d8c2c0
0x00007f3844d8c210:   00007f3858103800 0000000000000000 

Instructions: (pc=0x00007f38afce58f8)
0x00007f38afce58d8:   00 00 48 85 d2 48 89 bd b0 fe ff ff 48 89 b5 a8
0x00007f38afce58e8:   fe ff ff 4c 89 8d a0 fe ff ff 0f 84 78 09 00 00
0x00007f38afce58f8:   4c 8b 22 4d 85 e4 0f 84 6c 09 00 00 48 8b 45 10
0x00007f38afce5908:   48 8b 98 38 01 00 00 48 83 7b 18 f7 0f 87 16 07 

Register to memory mapping:

RAX=0x00007f3844d8c2c0 is pointing into the stack for thread: 0x00007f3858103800
RBX=0x00007f3844d8c1d0 is pointing into the stack for thread: 0x00007f3858103800
RCX=0x0000000000000001 is an unknown value
RDX=0x00007f3800000000 is an unknown value
RSP=0x00007f3844d8c020 is pointing into the stack for thread: 0x00007f3858103800
RBP=0x00007f3844d8c1a0 is pointing into the stack for thread: 0x00007f3858103800
RSI=0x00007f3844d8c230 is pointing into the stack for thread: 0x00007f3858103800
RDI=0x00007f38581039f8 is an unknown value
R8 =0x00007f385804a4d8 is an unknown value
R9 =0x00007f3844d8c1d0 is pointing into the stack for thread: 0x00007f3858103800
R10=0x00007f3834000a80 is an unknown value
R11=0x00007f3899364a60 is at entry_point+32 in (nmethod*)0x00007f38993648d0
R12=0x00007f3858103800 is a thread
R13=0x00007f385804a4d8 is an unknown value
R14=0x0000000000000001 is an unknown value
R15=0x00007f38581039f8 is an unknown value


Stack: [0x00007f3844c8d000,0x00007f3844d8e000],  sp=0x00007f3844d8c020,  free space=1020k
Native frames: (J=compiled Java code, j=interpreted, Vv=VM code, C=native code)
V  [libjvm.so+0x6d28f8]  jni_invoke_nonstatic(JNIEnv_*, JavaValue*, _jobject*, JNICallType, _jmethodID*, JNI_ArgumentPusher*, Thread*)+0x38
V  [libjvm.so+0x6d709f]  jni_CallVoidMethodV+0x10f
C  [libglass.so+0x13e51]  JNIEnv_::CallVoidMethod(_jobject*, _jmethodID*, ...)+0x81
C  [libglass.so+0x1876f]  WindowContextBase::process_key(_GdkEventKey*)+0x20f
C  [libglass.so+0x15fe0]  WindowContextBase::im_filter_keypress(_GdkEventKey*)+0x1c0
C  [libglass.so+0x20a3c]  process_events(_GdkEvent*, void*)+0x22c
C  [libgdk-x11-2.0.so.0+0x5acdc]

Java frames: (J=compiled Java code, j=interpreted, Vv=VM code)
j  com.sun.glass.ui.gtk.GtkApplication._runLoop(Ljava/lang/Runnable;Z)V+0
j  com.sun.glass.ui.gtk.GtkApplication.lambda$null$49(Ljava/lang/Runnable;Z)V+7
j  com.sun.glass.ui.gtk.GtkApplication$$Lambda$43.run()V+12
j  java.lang.Thread.run()V+11
v  ~StubRoutines::call_stub

---------------  P R O C E S S  ---------------

Java Threads: ( => current thread )
  0x00007f38a800a000 JavaThread "DestroyJavaVM" [_thread_blocked, id=10303, stack(0x00007f38b1105000,0x00007f38b1206000)]
  0x00007f38a811a800 JavaThread "Thread-5" [_thread_blocked, id=10330, stack(0x00007f382f467000,0x00007f382f568000)]
  0x00007f38a80c7800 JavaThread "Thread-4" [_thread_in_native, id=10329, stack(0x00007f382f568000,0x00007f382f669000)]
  0x00007f38341a4800 JavaThread "Prism Font Disposer" daemon [_thread_blocked, id=10328, stack(0x00007f3844151000,0x00007f3844252000)]
=>0x00007f3858103800 JavaThread "JavaFX Application Thread" [_thread_in_vm, id=10327, stack(0x00007f3844c8d000,0x00007f3844d8e000)]
  0x00007f38580c7000 JavaThread "Thread-3" daemon [_thread_blocked, id=10326, stack(0x00007f3844d8e000,0x00007f3844e8f000)]
  0x00007f385803f000 JavaThread "QuantumRenderer-0" daemon [_thread_blocked, id=10322, stack(0x00007f388b6a1000,0x00007f388b7a2000)]
  0x00007f3854090000 JavaThread "JavaFX-Launcher" [_thread_blocked, id=10321, stack(0x00007f388b7a2000,0x00007f388b8a3000)]
  0x00007f38a8140800 JavaThread "Thread-0" [_thread_blocked, id=10320, stack(0x00007f388b8a3000,0x00007f388b9a4000)]
  0x00007f38a80c9800 JavaThread "Service Thread" daemon [_thread_blocked, id=10318, stack(0x00007f388baa5000,0x00007f388bba6000)]
  0x00007f38a80be000 JavaThread "C1 CompilerThread2" daemon [_thread_blocked, id=10317, stack(0x00007f389007e000,0x00007f389017f000)]
  0x00007f38a80bc800 JavaThread "C2 CompilerThread1" daemon [_thread_blocked, id=10316, stack(0x00007f389017f000,0x00007f3890280000)]
  0x00007f38a80b9800 JavaThread "C2 CompilerThread0" daemon [_thread_blocked, id=10315, stack(0x00007f38980f1000,0x00007f38981f2000)]
  0x00007f38a80b8000 JavaThread "Signal Dispatcher" daemon [_thread_blocked, id=10314, stack(0x00007f38981f2000,0x00007f38982f3000)]
  0x00007f38a8084000 JavaThread "Finalizer" daemon [_thread_blocked, id=10313, stack(0x00007f38982f3000,0x00007f38983f4000)]
  0x00007f38a807f800 JavaThread "Reference Handler" daemon [_thread_blocked, id=10312, stack(0x00007f38983f4000,0x00007f38984f5000)]

Other Threads:
  0x00007f38a8077800 VMThread [stack: 0x00007f38984f5000,0x00007f38985f6000] [id=10311]
  0x00007f38a80cc800 WatcherThread [stack: 0x00007f388b9a4000,0x00007f388baa5000] [id=10319]

VM state:not at safepoint (normal execution)

VM Mutex/Monitor currently owned by a thread: None

Heap:
 PSYoungGen      total 36864K, used 10620K [0x00000000d7000000, 0x00000000d9900000, 0x0000000100000000)
  eden space 31744K, 17% used [0x00000000d7000000,0x00000000d7560878,0x00000000d8f00000)
  from space 5120K, 99% used [0x00000000d8f00000,0x00000000d93fead8,0x00000000d9400000)
  to   space 5120K, 0% used [0x00000000d9400000,0x00000000d9400000,0x00000000d9900000)
 ParOldGen       total 84992K, used 632K [0x0000000085000000, 0x000000008a300000, 0x00000000d7000000)
  object space 84992K, 0% used [0x0000000085000000,0x000000008509e000,0x000000008a300000)
 Metaspace       used 14876K, capacity 15678K, committed 15744K, reserved 1062912K
  class space    used 2211K, capacity 2420K, committed 2432K, reserved 1048576K

Card table byte_map: [0x00007f38adad4000,0x00007f38adead000] byte_map_base: 0x00007f38ad6ac000

Marking Bits: (ParMarkBitMap*) 0x00007f38b05d7c80
 Begin Bits: [0x00007f3890280000, 0x00007f3892140000)
 End Bits:   [0x00007f3892140000, 0x00007f3894000000)

Polling page: 0x00007f38b1224000

CodeCache: size=245760Kb used=4416Kb max_used=4416Kb free=241343Kb
 bounds [0x00007f3899000000, 0x00007f3899460000, 0x00007f38a8000000]
 total_blobs=1995 nmethods=1370 adapters=538
 compilation: enabled

Compilation events (10 events):
Event: 9,099 Thread 0x00007f38a80be000 nmethod 1366 0x00007f389944e190 code [0x00007f389944e4a0, 0x00007f389944fd78]
Event: 9,099 Thread 0x00007f38a80be000 1365       3       javafx.scene.Node::impl_treeVisibleProperty (24 bytes)
Event: 9,099 Thread 0x00007f38a80be000 nmethod 1365 0x00007f3899451490 code [0x00007f3899451600, 0x00007f3899451930]
Event: 9,099 Thread 0x00007f38a80be000 1364       3       javafx.scene.layout.Region::getPadding (11 bytes)
Event: 9,099 Thread 0x00007f38a80be000 nmethod 1364 0x00007f3899451a90 code [0x00007f3899451c00, 0x00007f3899451f08]
Event: 9,099 Thread 0x00007f38a80be000 1363       3       javafx.geometry.Insets::getRight (5 bytes)
Event: 9,099 Thread 0x00007f38a80be000 nmethod 1363 0x00007f3899451fd0 code [0x00007f3899452120, 0x00007f3899452270]
Event: 9,099 Thread 0x00007f38a80be000 1368       3       java.lang.Double::valueOf (9 bytes)
Event: 9,099 Thread 0x00007f38a80be000 nmethod 1368 0x00007f3899452310 code [0x00007f3899452480, 0x00007f3899452710]
Event: 9,099 Thread 0x00007f38a80be000 1369       3       java.lang.Double::<init> (10 bytes)

GC Heap History (2 events):
Event: 8,906 GC heap before
{Heap before GC invocations=1 (full 0):
 PSYoungGen      total 36864K, used 31410K [0x00000000d7000000, 0x00000000d9900000, 0x0000000100000000)
  eden space 31744K, 98% used [0x00000000d7000000,0x00000000d8eac820,0x00000000d8f00000)
  from space 5120K, 0% used [0x00000000d9400000,0x00000000d9400000,0x00000000d9900000)
  to   space 5120K, 0% used [0x00000000d8f00000,0x00000000d8f00000,0x00000000d9400000)
 ParOldGen       total 84992K, used 0K [0x0000000085000000, 0x000000008a300000, 0x00000000d7000000)
  object space 84992K, 0% used [0x0000000085000000,0x0000000085000000,0x000000008a300000)
 Metaspace       used 13983K, capacity 14630K, committed 14848K, reserved 1062912K
  class space    used 2056K, capacity 2248K, committed 2304K, reserved 1048576K
Event: 8,918 GC heap after
Heap after GC invocations=1 (full 0):
 PSYoungGen      total 36864K, used 5114K [0x00000000d7000000, 0x00000000d9900000, 0x0000000100000000)
  eden space 31744K, 0% used [0x00000000d7000000,0x00000000d7000000,0x00000000d8f00000)
  from space 5120K, 99% used [0x00000000d8f00000,0x00000000d93fead8,0x00000000d9400000)
  to   space 5120K, 0% used [0x00000000d9400000,0x00000000d9400000,0x00000000d9900000)
 ParOldGen       total 84992K, used 632K [0x0000000085000000, 0x000000008a300000, 0x00000000d7000000)
  object space 84992K, 0% used [0x0000000085000000,0x000000008509e000,0x000000008a300000)
 Metaspace       used 13983K, capacity 14630K, committed 14848K, reserved 1062912K
  class space    used 2056K, capacity 2248K, committed 2304K, reserved 1048576K
}

Deoptimization events (10 events):
Event: 1,226 Thread 0x00007f3858103800 Uncommon trap: reason=class_check action=maybe_recompile pc=0x00007f38991179b8 method=java.lang.String.equals(Ljava/lang/Object;)Z @ 8
Event: 1,226 Thread 0x00007f3858103800 Uncommon trap: reason=class_check action=maybe_recompile pc=0x00007f38991179b8 method=java.lang.String.equals(Ljava/lang/Object;)Z @ 8
Event: 1,226 Thread 0x00007f3858103800 Uncommon trap: reason=class_check action=maybe_recompile pc=0x00007f38991179b8 method=java.lang.String.equals(Ljava/lang/Object;)Z @ 8
Event: 1,283 Thread 0x00007f3858103800 Uncommon trap: reason=class_check action=maybe_recompile pc=0x00007f38991179b8 method=java.lang.String.equals(Ljava/lang/Object;)Z @ 8
Event: 1,344 Thread 0x00007f3858103800 Uncommon trap: reason=unstable_if action=reinterpret pc=0x00007f38992865a8 method=sun.net.www.ParseUtil.encodePath(Ljava/lang/String;Z)Ljava/lang/String; @ 109
Event: 1,446 Thread 0x00007f3858103800 Uncommon trap: reason=unstable_if action=reinterpret pc=0x00007f389929e6a4 method=jdk.internal.org.objectweb.asm.Type.getArgumentsAndReturnSizes(Ljava/lang/String;)I @ 47
Event: 3,017 Thread 0x00007f385803f000 Uncommon trap: reason=unstable_if action=reinterpret pc=0x00007f389937a094 method=java.lang.StrictMath.floorOrCeil(DDDD)D @ 115
Event: 9,013 Thread 0x00007f3858103800 Uncommon trap: reason=unstable_if action=reinterpret pc=0x00007f38991ca6a4 method=java.lang.String.indexOf([CII[CIII)I @ 3
Event: 9,045 Thread 0x00007f3858103800 Uncommon trap: reason=unstable_if action=reinterpret pc=0x00007f389939df7c method=java.lang.ref.ReferenceQueue.poll()Ljava/lang/ref/Reference; @ 4
Event: 9,093 Thread 0x00007f3858103800 Uncommon trap: reason=unstable_if action=reinterpret pc=0x00007f38991aae2c method=java.lang.String.startsWith(Ljava/lang/String;I)Z @ 25

Internal exceptions (10 events):
Event: 0,225 Thread 0x00007f38a8140800 Exception <a 'java/lang/NoSuchFieldError': method resolution failed> (0x00000000d733f480) thrown at [/HUDSON3/workspace/8-2-build-linux-amd64/jdk8u121/8372/hotspot/src/share/vm/prims/methodHandles.cpp, line 1146]
Event: 0,253 Thread 0x00007f3854090000 Exception <a 'java/security/PrivilegedActionException'> (0x00000000d74037f8) thrown at [/HUDSON3/workspace/8-2-build-linux-amd64/jdk8u121/8372/hotspot/src/share/vm/prims/jvm.cpp, line 1390]
Event: 0,253 Thread 0x00007f3854090000 Exception <a 'java/security/PrivilegedActionException'> (0x00000000d7403a08) thrown at [/HUDSON3/workspace/8-2-build-linux-amd64/jdk8u121/8372/hotspot/src/share/vm/prims/jvm.cpp, line 1390]
Event: 0,253 Thread 0x00007f3854090000 Exception <a 'java/security/PrivilegedActionException'> (0x00000000d7405e70) thrown at [/HUDSON3/workspace/8-2-build-linux-amd64/jdk8u121/8372/hotspot/src/share/vm/prims/jvm.cpp, line 1390]
Event: 0,253 Thread 0x00007f3854090000 Exception <a 'java/security/PrivilegedActionException'> (0x00000000d7406080) thrown at [/HUDSON3/workspace/8-2-build-linux-amd64/jdk8u121/8372/hotspot/src/share/vm/prims/jvm.cpp, line 1390]
Event: 0,253 Thread 0x00007f3854090000 Exception <a 'java/lang/NullPointerException'> (0x00000000d7406658) thrown at [/HUDSON3/workspace/8-2-build-linux-amd64/jdk8u121/8372/hotspot/src/share/vm/interpreter/linkResolver.cpp, line 1178]
Event: 0,485 Thread 0x00007f3858103800 Exception <a 'java/lang/NullPointerException'> (0x00000000d7af3818) thrown at [/HUDSON3/workspace/8-2-build-linux-amd64/jdk8u121/8372/hotspot/src/share/vm/interpreter/linkResolver.cpp, line 1178]
Event: 0,485 Thread 0x00007f3858103800 Exception <a 'java/lang/NullPointerException'> (0x00000000d7af3818) thrown at [/HUDSON3/workspace/8-2-build-linux-amd64/jdk8u121/8372/hotspot/src/share/vm/prims/jvm.cpp, line 1394]
Event: 0,640 Thread 0x00007f3858103800 Implicit null exception at 0x00007f389924e8b5 to 0x00007f389924ead1
Event: 8,973 Thread 0x00007f3858103800 Exception <a 'java/io/FileNotFoundException'> (0x00000000d7299388) thrown at [/HUDSON3/workspace/8-2-build-linux-amd64/jdk8u121/8372/hotspot/src/share/vm/prims/jni.cpp, line 709]

Events (10 events):
Event: 9,059 loading class com/sun/javafx/effect/EffectDirtyBits done
Event: 9,060 loading class javafx/scene/shape/SVGPath$1
Event: 9,060 loading class javafx/scene/shape/SVGPath$1 done
Event: 9,061 loading class javafx/scene/shape/SVGPath$2
Event: 9,061 loading class javafx/scene/shape/SVGPath$2 done
Event: 9,061 loading class com/sun/javafx/sg/prism/NGSVGPath
Event: 9,061 loading class com/sun/javafx/sg/prism/NGSVGPath done
Event: 9,093 Thread 0x00007f3858103800 Uncommon trap: trap_request=0xffffff65 fr.pc=0x00007f38991aae2c
Event: 9,093 Thread 0x00007f3858103800 DEOPT PACKING pc=0x00007f38991aae2c sp=0x00007f3844d893c0
Event: 9,093 Thread 0x00007f3858103800 DEOPT UNPACKING pc=0x00007f3899005229 sp=0x00007f3844d89358 mode 2


Dynamic libraries:
00400000-00401000 r-xp 00000000 08:05 2243241                            /usr/lib/jvm/java-8-oracle/bin/java
00600000-00601000 rw-p 00000000 08:05 2243241                            /usr/lib/jvm/java-8-oracle/bin/java
01bd6000-01bf7000 rw-p 00000000 00:00 0                                  [heap]
85000000-8a300000 rw-p 00000000 00:00 0 
8a300000-d7000000 ---p 00000000 00:00 0 
d7000000-d9900000 rw-p 00000000 00:00 0 
d9900000-100000000 ---p 00000000 00:00 0 
100000000-100260000 rw-p 00000000 00:00 0 
100260000-140000000 ---p 00000000 00:00 0 
7f381c000000-7f381c021000 rw-p 00000000 00:00 0 
7f381c021000-7f3820000000 ---p 00000000 00:00 0 
7f3824000000-7f3824021000 rw-p 00000000 00:00 0 
7f3824021000-7f3828000000 ---p 00000000 00:00 0 
7f3828000000-7f3828021000 rw-p 00000000 00:00 0 
7f3828021000-7f382c000000 ---p 00000000 00:00 0 
7f382f467000-7f382f46a000 ---p 00000000 00:00 0 
7f382f46a000-7f382f568000 rw-p 00000000 00:00 0 
7f382f568000-7f382f56b000 ---p 00000000 00:00 0 
7f382f56b000-7f382f769000 rw-p 00000000 00:00 0 
7f382f769000-7f382f869000 ---p 00000000 00:00 0 
7f382f869000-7f382f87f000 r-xp 00000000 08:05 2243325                    /usr/lib/jvm/java-8-oracle/jre/lib/amd64/libnet.so
7f382f87f000-7f382fa7f000 ---p 00016000 08:05 2243325                    /usr/lib/jvm/java-8-oracle/jre/lib/amd64/libnet.so
7f382fa7f000-7f382fa80000 rw-p 00016000 08:05 2243325                    /usr/lib/jvm/java-8-oracle/jre/lib/amd64/libnet.so
7f382fa80000-7f382fc40000 rw-s 103032000 00:06 391                       /dev/dri/card0
7f382fc40000-7f382fe00000 rw-s 00000000 00:05 267492                     /drm mm object (deleted)
7f382fe00000-7f3830000000 rw-p 00000000 00:00 0 
7f3830000000-7f3830021000 rw-p 00000000 00:00 0 
7f3830021000-7f3834000000 ---p 00000000 00:00 0 
7f3834000000-7f383452d000 rw-p 00000000 00:00 0 
7f383452d000-7f3838000000 ---p 00000000 00:00 0 
7f3838000000-7f3838021000 rw-p 00000000 00:00 0 
7f3838021000-7f383c000000 ---p 00000000 00:00 0 
7f383c000000-7f383c022000 rw-p 00000000 00:00 0 
7f383c022000-7f3840000000 ---p 00000000 00:00 0 
7f3840000000-7f3840021000 rw-p 00000000 00:00 0 
7f3840021000-7f3844000000 ---p 00000000 00:00 0 
7f38440b3000-7f38440b7000 r--s 0009a000 08:05 2243269                    /usr/lib/jvm/java-8-oracle/jre/lib/jsse.jar
7f38440b7000-7f3844117000 rw-s 00000000 00:05 267500                     /drm mm object (deleted)
7f3844117000-7f3844125000 rw-s 00000000 00:05 267499                     /drm mm object (deleted)
7f3844125000-7f3844135000 rw-s 00000000 00:05 267496                     /drm mm object (deleted)
7f3844135000-7f3844145000 rw-s 00000000 00:05 267494                     /drm mm object (deleted)
7f3844145000-7f3844151000 rw-s 00000000 00:05 268389                     /drm mm object (deleted)
7f3844151000-7f3844154000 ---p 00000000 00:00 0 
7f3844154000-7f3844252000 rw-p 00000000 00:00 0 
7f3844252000-7f384430b000 r--p 00000000 08:05 918436                     /usr/share/fonts/truetype/dejavu/DejaVuSans.ttf
7f384430b000-7f3844347000 r--p 00000000 08:05 2243419                    /usr/lib/jvm/java-8-oracle/jre/lib/fonts/LucidaTypewriterRegular.ttf
7f3844347000-7f3844381000 r--p 00000000 08:05 2243415                    /usr/lib/jvm/java-8-oracle/jre/lib/fonts/LucidaTypewriterBold.ttf
7f3844381000-7f38443d6000 r--p 00000000 08:05 2243416                    /usr/lib/jvm/java-8-oracle/jre/lib/fonts/LucidaBrightRegular.ttf
7f38443d6000-7f3844481000 r--p 00000000 08:05 2243413                    /usr/lib/jvm/java-8-oracle/jre/lib/fonts/LucidaSansRegular.ttf
7f3844481000-7f3844485000 r-xp 00000000 08:05 2243362                    /usr/lib/jvm/java-8-oracle/jre/lib/amd64/libjavafx_font_pango.so
7f3844485000-7f3844684000 ---p 00004000 08:05 2243362                    /usr/lib/jvm/java-8-oracle/jre/lib/amd64/libjavafx_font_pango.so
7f3844684000-7f3844685000 rw-p 00003000 08:05 2243362                    /usr/lib/jvm/java-8-oracle/jre/lib/amd64/libjavafx_font_pango.so
7f3844685000-7f3844885000 rw-p 00000000 00:00 0 
7f3844885000-7f384488a000 r-xp 00000000 08:05 2243358                    /usr/lib/jvm/java-8-oracle/jre/lib/amd64/libjavafx_font_freetype.so
7f384488a000-7f3844a89000 ---p 00005000 08:05 2243358                    /usr/lib/jvm/java-8-oracle/jre/lib/amd64/libjavafx_font_freetype.so
7f3844a89000-7f3844a8a000 rw-p 00004000 08:05 2243358                    /usr/lib/jvm/java-8-oracle/jre/lib/amd64/libjavafx_font_freetype.so
7f3844a8a000-7f3844a8d000 r-xp 00000000 08:05 2243320                    /usr/lib/jvm/java-8-oracle/jre/lib/amd64/libjavafx_font.so
7f3844a8d000-7f3844c8c000 ---p 00003000 08:05 2243320                    /usr/lib/jvm/java-8-oracle/jre/lib/amd64/libjavafx_font.so
7f3844c8c000-7f3844c8d000 rw-p 00002000 08:05 2243320                    /usr/lib/jvm/java-8-oracle/jre/lib/amd64/libjavafx_font.so
7f3844c8d000-7f3844c90000 ---p 00000000 00:00 0 
7f3844c90000-7f3844d8e000 rw-p 00000000 00:00 0 
7f3844d8e000-7f3844d91000 ---p 00000000 00:00 0 
7f3844d91000-7f3844e8f000 rw-p 00000000 00:00 0 
7f3844e8f000-7f3844e90000 ---p 00000000 00:00 0 
7f3844e90000-7f3845690000 rw-p 00000000 00:00 0 
7f3845690000-7f3845691000 ---p 00000000 00:00 0 
7f3845691000-7f3845e91000 rw-p 00000000 00:00 0 
7f3845e91000-7f3845e92000 ---p 00000000 00:00 0 
7f3845e92000-7f3846692000 rw-p 00000000 00:00 0 
7f3846692000-7f384669e000 r-xp 00000000 08:05 133762                     /usr/lib/x86_64-linux-gnu/gio/modules/libdconfsettings.so
7f384669e000-7f384689d000 ---p 0000c000 08:05 133762                     /usr/lib/x86_64-linux-gnu/gio/modules/libdconfsettings.so
7f384689d000-7f384689e000 r--p 0000b000 08:05 133762                     /usr/lib/x86_64-linux-gnu/gio/modules/libdconfsettings.so
7f384689e000-7f384689f000 rw-p 0000c000 08:05 133762                     /usr/lib/x86_64-linux-gnu/gio/modules/libdconfsettings.so
7f384689f000-7f38468a6000 r-xp 00000000 08:05 2239720                    /usr/lib/x86_64-linux-gnu/libogg.so.0.8.2
7f38468a6000-7f3846aa6000 ---p 00007000 08:05 2239720                    /usr/lib/x86_64-linux-gnu/libogg.so.0.8.2
7f3846aa6000-7f3846aa7000 r--p 00007000 08:05 2239720                    /usr/lib/x86_64-linux-gnu/libogg.so.0.8.2
7f3846aa7000-7f3846aa8000 rw-p 00008000 08:05 2239720                    /usr/lib/x86_64-linux-gnu/libogg.so.0.8.2
7f3846aa8000-7f3846ad2000 r-xp 00000000 08:05 2240153                    /usr/lib/x86_64-linux-gnu/libvorbis.so.0.4.8
7f3846ad2000-7f3846cd2000 ---p 0002a000 08:05 2240153                    /usr/lib/x86_64-linux-gnu/libvorbis.so.0.4.8
7f3846cd2000-7f3846cd3000 r--p 0002a000 08:05 2240153                    /usr/lib/x86_64-linux-gnu/libvorbis.so.0.4.8
7f3846cd3000-7f3846cd4000 rw-p 0002b000 08:05 2240153                    /usr/lib/x86_64-linux-gnu/libvorbis.so.0.4.8
7f3846cd4000-7f3846cdc000 r-xp 00000000 08:05 2239564                    /usr/lib/x86_64-linux-gnu/libltdl.so.7.3.1
7f3846cdc000-7f3846edc000 ---p 00008000 08:05 2239564                    /usr/lib/x86_64-linux-gnu/libltdl.so.7.3.1
7f3846edc000-7f3846edd000 r--p 00008000 08:05 2239564                    /usr/lib/x86_64-linux-gnu/libltdl.so.7.3.1
7f3846edd000-7f3846ede000 rw-p 00009000 08:05 2239564                    /usr/lib/x86_64-linux-gnu/libltdl.so.7.3.1
7f3846ede000-7f3846ef2000 r-xp 00000000 08:05 2239986                    /usr/lib/x86_64-linux-gnu/libtdb.so.1.3.9
7f3846ef2000-7f38470f1000 ---p 00014000 08:05 2239986                    /usr/lib/x86_64-linux-gnu/libtdb.so.1.3.9
7f38470f1000-7f38470f2000 r--p 00013000 08:05 2239986                    /usr/lib/x86_64-linux-gnu/libtdb.so.1.3.9
7f38470f2000-7f38470f3000 rw-p 00014000 08:05 2239986                    /usr/lib/x86_64-linux-gnu/libtdb.so.1.3.9
7f38470f3000-7f38470fa000 r-xp 00000000 08:05 2240157                    /usr/lib/x86_64-linux-gnu/libvorbisfile.so.3.3.7
7f38470fa000-7f38472fa000 ---p 00007000 08:05 2240157                    /usr/lib/x86_64-linux-gnu/libvorbisfile.so.3.3.7
7f38472fa000-7f38472fb000 r--p 00007000 08:05 2240157                    /usr/lib/x86_64-linux-gnu/libvorbisfile.so.3.3.7
7f38472fb000-7f38472fc000 rw-p 00008000 08:05 2240157                    /usr/lib/x86_64-linux-gnu/libvorbisfile.so.3.3.7
7f38472fc000-7f384730c000 r-xp 00000000 08:05 2238920                    /usr/lib/x86_64-linux-gnu/libcanberra.so.0.2.5
7f384730c000-7f384750c000 ---p 00010000 08:05 2238920                    /usr/lib/x86_64-linux-gnu/libcanberra.so.0.2.5
7f384750c000-7f384750d000 r--p 00010000 08:05 2238920                    /usr/lib/x86_64-linux-gnu/libcanberra.so.0.2.5
7f384750d000-7f384750e000 rw-p 00011000 08:05 2238920                    /usr/lib/x86_64-linux-gnu/libcanberra.so.0.2.5
7f384750e000-7f3847512000 r-xp 00000000 08:05 2238916                    /usr/lib/x86_64-linux-gnu/libcanberra-gtk.so.0.1.9
7f3847512000-7f3847711000 ---p 00004000 08:05 2238916                    /usr/lib/x86_64-linux-gnu/libcanberra-gtk.so.0.1.9
7f3847711000-7f3847712000 r--p 00003000 08:05 2238916                    /usr/lib/x86_64-linux-gnu/libcanberra-gtk.so.0.1.9
7f3847712000-7f3847713000 rw-p 00004000 08:05 2238916                    /usr/lib/x86_64-linux-gnu/libcanberra-gtk.so.0.1.9
7f3847713000-7f3847718000 r-xp 00000000 08:05 133969                     /usr/lib/x86_64-linux-gnu/gtk-2.0/modules/libcanberra-gtk-module.so
7f3847718000-7f3847917000 ---p 00005000 08:05 133969                     /usr/lib/x86_64-linux-gnu/gtk-2.0/modules/libcanberra-gtk-module.so
7f3847917000-7f3847918000 r--p 00004000 08:05 133969                     /usr/lib/x86_64-linux-gnu/gtk-2.0/modules/libcanberra-gtk-module.so
7f3847918000-7f3847919000 rw-p 00005000 08:05 133969                     /usr/lib/x86_64-linux-gnu/gtk-2.0/modules/libcanberra-gtk-module.so
7f3847919000-7f3847949000 r-xp 00000000 08:05 133951                     /usr/lib/x86_64-linux-gnu/gtk-2.0/2.10.0/engines/libmurrine.so
7f3847949000-7f3847b49000 ---p 00030000 08:05 133951                     /usr/lib/x86_64-linux-gnu/gtk-2.0/2.10.0/engines/libmurrine.so
7f3847b49000-7f3847b4a000 r--p 00030000 08:05 133951                     /usr/lib/x86_64-linux-gnu/gtk-2.0/2.10.0/engines/libmurrine.so
7f3847b4a000-7f3847b4b000 rw-p 00031000 08:05 133951                     /usr/lib/x86_64-linux-gnu/gtk-2.0/2.10.0/engines/libmurrine.so
7f3847b4b000-7f3847b5b000 r-xp 00000000 08:05 2240079                    /usr/lib/x86_64-linux-gnu/libunity-gtk2-parser.so.0.0.0
7f3847b5b000-7f3847d5b000 ---p 00010000 08:05 2240079                    /usr/lib/x86_64-linux-gnu/libunity-gtk2-parser.so.0.0.0
7f3847d5b000-7f3847d5c000 r--p 00010000 08:05 2240079                    /usr/lib/x86_64-linux-gnu/libunity-gtk2-parser.so.0.0.0
7f3847d5c000-7f3847d5d000 rw-p 00011000 08:05 2240079                    /usr/lib/x86_64-linux-gnu/libunity-gtk2-parser.so.0.0.0
7f3847d5d000-7f3847d62000 r-xp 00000000 08:05 133973                     /usr/lib/x86_64-linux-gnu/gtk-2.0/modules/libunity-gtk-module.so
7f3847d62000-7f3847f61000 ---p 00005000 08:05 133973                     /usr/lib/x86_64-linux-gnu/gtk-2.0/modules/libunity-gtk-module.so
7f3847f61000-7f3847f62000 r--p 00004000 08:05 133973                     /usr/lib/x86_64-linux-gnu/gtk-2.0/modules/libunity-gtk-module.so
7f3847f62000-7f3847f63000 rw-p 00005000 08:05 133973                     /usr/lib/x86_64-linux-gnu/gtk-2.0/modules/libunity-gtk-module.so
7f3847f63000-7f3847f85000 r-xp 00000000 08:05 398679                     /lib/x86_64-linux-gnu/liblzma.so.5.0.0
7f3847f85000-7f3848184000 ---p 00022000 08:05 398679                     /lib/x86_64-linux-gnu/liblzma.so.5.0.0
7f3848184000-7f3848185000 r--p 00021000 08:05 398679                     /lib/x86_64-linux-gnu/liblzma.so.5.0.0
7f3848185000-7f3848186000 rw-p 00022000 08:05 398679                     /lib/x86_64-linux-gnu/liblzma.so.5.0.0
7f3848186000-7f38481d0000 r-xp 00000000 08:05 399570                     /lib/x86_64-linux-gnu/libdbus-1.so.3.14.7
7f38481d0000-7f38483d0000 ---p 0004a000 08:05 399570                     /lib/x86_64-linux-gnu/libdbus-1.so.3.14.7
7f38483d0000-7f38483d1000 r--p 0004a000 08:05 399570                     /lib/x86_64-linux-gnu/libdbus-1.so.3.14.7
7f38483d1000-7f38483d2000 rw-p 0004b000 08:05 399570                     /lib/x86_64-linux-gnu/libdbus-1.so.3.14.7
7f38483d2000-7f38483fe000 r-xp 00000000 08:05 2238852                    /usr/lib/x86_64-linux-gnu/libatspi.so.0.0.1
7f38483fe000-7f38485fd000 ---p 0002c000 08:05 2238852                    /usr/lib/x86_64-linux-gnu/libatspi.so.0.0.1
7f38485fd000-7f3848600000 r--p 0002b000 08:05 2238852                    /usr/lib/x86_64-linux-gnu/libatspi.so.0.0.1
7f3848600000-7f3848601000 rw-p 0002e000 08:05 2238852                    /usr/lib/x86_64-linux-gnu/libatspi.so.0.0.1
7f3848601000-7f384862e000 r-xp 00000000 08:05 2238846                    /usr/lib/x86_64-linux-gnu/libatk-bridge-2.0.so.0.0.0
7f384862e000-7f384882d000 ---p 0002d000 08:05 2238846                    /usr/lib/x86_64-linux-gnu/libatk-bridge-2.0.so.0.0.0
7f384882d000-7f384882e000 r--p 0002c000 08:05 2238846                    /usr/lib/x86_64-linux-gnu/libatk-bridge-2.0.so.0.0.0
7f384882e000-7f3848830000 rw-p 0002d000 08:05 2238846                    /usr/lib/x86_64-linux-gnu/libatk-bridge-2.0.so.0.0.0
7f3848830000-7f3848831000 r-xp 00000000 08:05 133968                     /usr/lib/x86_64-linux-gnu/gtk-2.0/modules/libatk-bridge.so
7f3848831000-7f3848a30000 ---p 00001000 08:05 133968                     /usr/lib/x86_64-linux-gnu/gtk-2.0/modules/libatk-bridge.so
7f3848a30000-7f3848a31000 r--p 00000000 08:05 133968                     /usr/lib/x86_64-linux-gnu/gtk-2.0/modules/libatk-bridge.so
7f3848a31000-7f3848a32000 rw-p 00001000 08:05 133968                     /usr/lib/x86_64-linux-gnu/gtk-2.0/modules/libatk-bridge.so
7f3848a32000-7f3848a39000 r-xp 00000000 08:05 2228785                    /usr/lib/x86_64-linux-gnu/libgailutil.so.18.0.1
7f3848a39000-7f3848c38000 ---p 00007000 08:05 2228785                    /usr/lib/x86_64-linux-gnu/libgailutil.so.18.0.1
7f3848c38000-7f3848c39000 r--p 00006000 08:05 2228785                    /usr/lib/x86_64-linux-gnu/libgailutil.so.18.0.1
7f3848c39000-7f3848c3a000 rw-p 00007000 08:05 2228785                    /usr/lib/x86_64-linux-gnu/libgailutil.so.18.0.1
7f3848c3a000-7f3848c88000 r-xp 00000000 08:05 132695                     /usr/lib/x86_64-linux-gnu/gtk-2.0/modules/libgail.so
7f3848c88000-7f3848e87000 ---p 0004e000 08:05 132695                     /usr/lib/x86_64-linux-gnu/gtk-2.0/modules/libgail.so
7f3848e87000-7f3848e88000 r--p 0004d000 08:05 132695                     /usr/lib/x86_64-linux-gnu/gtk-2.0/modules/libgail.so
7f3848e88000-7f3848e8a000 rw-p 0004e000 08:05 132695                     /usr/lib/x86_64-linux-gnu/gtk-2.0/modules/libgail.so
7f3848e8a000-7f3848e9b000 r-xp 00000000 08:05 132122                     /usr/lib/x86_64-linux-gnu/gtk-2.0/modules/liboverlay-scrollbar.so
7f3848e9b000-7f384909b000 ---p 00011000 08:05 132122                     /usr/lib/x86_64-linux-gnu/gtk-2.0/modules/liboverlay-scrollbar.so
7f384909b000-7f384909c000 r--p 00011000 08:05 132122                     /usr/lib/x86_64-linux-gnu/gtk-2.0/modules/liboverlay-scrollbar.so
7f384909c000-7f384909d000 rw-p 00012000 08:05 132122                     /usr/lib/x86_64-linux-gnu/gtk-2.0/modules/liboverlay-scrollbar.so
7f384909d000-7f38490c6000 r-xp 00000000 08:05 2243370                    /usr/lib/jvm/java-8-oracle/jre/lib/amd64/libglass.so
7f38490c6000-7f38492c5000 ---p 00029000 08:05 2243370                    /usr/lib/jvm/java-8-oracle/jre/lib/amd64/libglass.so
7f38492c5000-7f38492c8000 rw-p 00028000 08:05 2243370                    /usr/lib/jvm/java-8-oracle/jre/lib/amd64/libglass.so
7f38492c8000-7f38492ff000 r-xp 00000000 08:05 2240033                    /usr/lib/x86_64-linux-gnu/libtxc_dxtn_s2tc.so.0.0.0
7f38492ff000-7f38494fe000 ---p 00037000 08:05 2240033                    /usr/lib/x86_64-linux-gnu/libtxc_dxtn_s2tc.so.0.0.0
7f38494fe000-7f38494ff000 r--p 00036000 08:05 2240033                    /usr/lib/x86_64-linux-gnu/libtxc_dxtn_s2tc.so.0.0.0
7f38494ff000-7f3849500000 rw-p 00037000 08:05 2240033                    /usr/lib/x86_64-linux-gnu/libtxc_dxtn_s2tc.so.0.0.0
7f3849500000-7f3849508000 r-xp 00000000 08:05 2239767                    /usr/lib/x86_64-linux-gnu/libpciaccess.so.0.11.1
7f3849508000-7f3849708000 ---p 00008000 08:05 2239767                    /usr/lib/x86_64-linux-gnu/libpciaccess.so.0.11.1
7f3849708000-7f3849709000 r--p 00008000 08:05 2239767                    /usr/lib/x86_64-linux-gnu/libpciaccess.so.0.11.1
7f3849709000-7f384970a000 rw-p 00009000 08:05 2239767                    /usr/lib/x86_64-linux-gnu/libpciaccess.so.0.11.1
7f384970a000-7f384971c000 r-xp 00000000 08:05 398660                     /lib/x86_64-linux-gnu/libgpg-error.so.0.19.1
7f384971c000-7f384991c000 ---p 00012000 08:05 398660                     /lib/x86_64-linux-gnu/libgpg-error.so.0.19.1
7f384991c000-7f384991d000 r--p 00012000 08:05 398660                     /lib/x86_64-linux-gnu/libgpg-error.so.0.19.1
7f384991d000-7f384991e000 rw-p 00013000 08:05 398660                     /lib/x86_64-linux-gnu/libgpg-error.so.0.19.1
7f384991e000-7f3849929000 r-xp 00000000 08:05 2239069                    /usr/lib/x86_64-linux-gnu/libdrm_radeon.so.1.0.1
7f3849929000-7f3849b28000 ---p 0000b000 08:05 2239069                    /usr/lib/x86_64-linux-gnu/libdrm_radeon.so.1.0.1
7f3849b28000-7f3849b29000 r--p 0000a000 08:05 2239069                    /usr/lib/x86_64-linux-gnu/libdrm_radeon.so.1.0.1
7f3849b29000-7f3849b2a000 rw-p 0000b000 08:05 2239069                    /usr/lib/x86_64-linux-gnu/libdrm_radeon.so.1.0.1
7f3849b2a000-7f3849b31000 r-xp 00000000 08:05 2239067                    /usr/lib/x86_64-linux-gnu/libdrm_nouveau.so.2.0.0
7f3849b31000-7f3849d30000 ---p 00007000 08:05 2239067                    /usr/lib/x86_64-linux-gnu/libdrm_nouveau.so.2.0.0
7f3849d30000-7f3849d31000 r--p 00006000 08:05 2239067                    /usr/lib/x86_64-linux-gnu/libdrm_nouveau.so.2.0.0
7f3849d31000-7f3849d32000 rw-p 00007000 08:05 2239067                    /usr/lib/x86_64-linux-gnu/libdrm_nouveau.so.2.0.0
7f3849d32000-7f3849d52000 r-xp 00000000 08:05 2239065                    /usr/lib/x86_64-linux-gnu/libdrm_intel.so.1.0.0
7f3849d52000-7f3849f51000 ---p 00020000 08:05 2239065                    /usr/lib/x86_64-linux-gnu/libdrm_intel.so.1.0.0
7f3849f51000-7f3849f52000 r--p 0001f000 08:05 2239065                    /usr/lib/x86_64-linux-gnu/libdrm_intel.so.1.0.0
7f3849f52000-7f3849f53000 rw-p 00020000 08:05 2239065                    /usr/lib/x86_64-linux-gnu/libdrm_intel.so.1.0.0
7f3849f53000-7f384a05a000 r-xp 00000000 08:05 398656                     /lib/x86_64-linux-gnu/libgcrypt.so.20.1.2
7f384a05a000-7f384a259000 ---p 00107000 08:05 398656                     /lib/x86_64-linux-gnu/libgcrypt.so.20.1.2
7f384a259000-7f384a25b000 r--p 00106000 08:05 398656                     /lib/x86_64-linux-gnu/libgcrypt.so.20.1.2
7f384a25b000-7f384a262000 rw-p 00108000 08:05 398656                     /lib/x86_64-linux-gnu/libgcrypt.so.20.1.2
7f384a262000-7f384a905000 r-xp 00000000 08:05 133427                     /usr/lib/x86_64-linux-gnu/dri/i965_dri.so
7f384a905000-7f384ab04000 ---p 006a3000 08:05 133427                     /usr/lib/x86_64-linux-gnu/dri/i965_dri.so
7f384ab04000-7f384ab43000 r--p 006a2000 08:05 133427                     /usr/lib/x86_64-linux-gnu/dri/i965_dri.so
7f384ab43000-7f384ab4b000 rw-p 006e1000 08:05 133427                     /usr/lib/x86_64-linux-gnu/dri/i965_dri.so
7f384ab4b000-7f384ab53000 rw-p 00000000 00:00 0 
7f384ab53000-7f384ab57000 r-xp 00000000 08:05 398105                     /lib/x86_64-linux-gnu/libuuid.so.1.3.0
7f384ab57000-7f384ad56000 ---p 00004000 08:05 398105                     /lib/x86_64-linux-gnu/libuuid.so.1.3.0
7f384ad56000-7f384ad57000 r--p 00003000 08:05 398105                     /lib/x86_64-linux-gnu/libuuid.so.1.3.0
7f384ad57000-7f384ad58000 rw-p 00004000 08:05 398105                     /lib/x86_64-linux-gnu/libuuid.so.1.3.0
7f384ad58000-7f384ad5e000 r-xp 00000000 08:05 2239010                    /usr/lib/x86_64-linux-gnu/libdatrie.so.1.3.3
7f384ad5e000-7f384af5e000 ---p 00006000 08:05 2239010                    /usr/lib/x86_64-linux-gnu/libdatrie.so.1.3.3
7f384af5e000-7f384af5f000 r--p 00006000 08:05 2239010                    /usr/lib/x86_64-linux-gnu/libdatrie.so.1.3.3
7f384af5f000-7f384af60000 rw-p 00007000 08:05 2239010                    /usr/lib/x86_64-linux-gnu/libdatrie.so.1.3.3
7f384af60000-7f384af65000 r-xp 00000000 08:05 2238755                    /usr/lib/x86_64-linux-gnu/libXdmcp.so.6.0.0
7f384af65000-7f384b164000 ---p 00005000 08:05 2238755                    /usr/lib/x86_64-linux-gnu/libXdmcp.so.6.0.0
7f384b164000-7f384b165000 r--p 00004000 08:05 2238755                    /usr/lib/x86_64-linux-gnu/libXdmcp.so.6.0.0
7f384b165000-7f384b166000 rw-p 00005000 08:05 2238755                    /usr/lib/x86_64-linux-gnu/libXdmcp.so.6.0.0
7f384b166000-7f384b168000 r-xp 00000000 08:05 2238744                    /usr/lib/x86_64-linux-gnu/libXau.so.6.0.0
7f384b168000-7f384b368000 ---p 00002000 08:05 2238744                    /usr/lib/x86_64-linux-gnu/libXau.so.6.0.0
7f384b368000-7f384b369000 r--p 00002000 08:05 2238744                    /usr/lib/x86_64-linux-gnu/libXau.so.6.0.0
7f384b369000-7f384b36a000 rw-p 00003000 08:05 2238744                    /usr/lib/x86_64-linux-gnu/libXau.so.6.0.0
7f384b36a000-7f384b38d000 r-xp 00000000 08:05 2239322                    /usr/lib/x86_64-linux-gnu/libgraphite2.so.3.0.1
7f384b38d000-7f384b58c000 ---p 00023000 08:05 2239322                    /usr/lib/x86_64-linux-gnu/libgraphite2.so.3.0.1
7f384b58c000-7f384b58e000 r--p 00022000 08:05 2239322                    /usr/lib/x86_64-linux-gnu/libgraphite2.so.3.0.1
7f384b58e000-7f384b58f000 rw-p 00024000 08:05 2239322                    /usr/lib/x86_64-linux-gnu/libgraphite2.so.3.0.1
7f384b58f000-7f384b5cc000 r-xp 00000000 08:05 398114                     /lib/x86_64-linux-gnu/libblkid.so.1.1.0
7f384b5cc000-7f384b7cb000 ---p 0003d000 08:05 398114                     /lib/x86_64-linux-gnu/libblkid.so.1.1.0
7f384b7cb000-7f384b7cf000 r--p 0003c000 08:05 398114                     /lib/x86_64-linux-gnu/libblkid.so.1.1.0
7f384b7cf000-7f384b7d0000 rw-p 00040000 08:05 398114                     /lib/x86_64-linux-gnu/libblkid.so.1.1.0
7f384b7d0000-7f384b7d1000 rw-p 00000000 00:00 0 
7f384b7d1000-7f384b7df000 r-xp 00000000 08:05 2239061                    /usr/lib/x86_64-linux-gnu/libdrm.so.2.4.0
7f384b7df000-7f384b9de000 ---p 0000e000 08:05 2239061                    /usr/lib/x86_64-linux-gnu/libdrm.so.2.4.0
7f384b9de000-7f384b9df000 r--p 0000d000 08:05 2239061                    /usr/lib/x86_64-linux-gnu/libdrm.so.2.4.0
7f384b9df000-7f384b9e0000 rw-p 0000e000 08:05 2239061                    /usr/lib/x86_64-linux-gnu/libdrm.so.2.4.0
7f384b9e0000-7f384b9e4000 r-xp 00000000 08:05 2240244                    /usr/lib/x86_64-linux-gnu/libxcb-dri2.so.0.0.0
7f384b9e4000-7f384bbe3000 ---p 00004000 08:05 2240244                    /usr/lib/x86_64-linux-gnu/libxcb-dri2.so.0.0.0
7f384bbe3000-7f384bbe4000 r--p 00003000 08:05 2240244                    /usr/lib/x86_64-linux-gnu/libxcb-dri2.so.0.0.0
7f384bbe4000-7f384bbe5000 rw-p 00004000 08:05 2240244                    /usr/lib/x86_64-linux-gnu/libxcb-dri2.so.0.0.0
7f384bbe5000-7f384bbfc000 r-xp 00000000 08:05 2240248                    /usr/lib/x86_64-linux-gnu/libxcb-glx.so.0.0.0
7f384bbfc000-7f384bdfb000 ---p 00017000 08:05 2240248                    /usr/lib/x86_64-linux-gnu/libxcb-glx.so.0.0.0
7f384bdfb000-7f384bdfd000 r--p 00016000 08:05 2240248                    /usr/lib/x86_64-linux-gnu/libxcb-glx.so.0.0.0
7f384bdfd000-7f384bdfe000 rw-p 00018000 08:05 2240248                    /usr/lib/x86_64-linux-gnu/libxcb-glx.so.0.0.0
7f384bdfe000-7f384bdff000 r-xp 00000000 08:05 2238738                    /usr/lib/x86_64-linux-gnu/libX11-xcb.so.1.0.0
7f384bdff000-7f384bffe000 ---p 00001000 08:05 2238738                    /usr/lib/x86_64-linux-gnu/libX11-xcb.so.1.0.0
7f384bffe000-7f384bfff000 r--p 00000000 08:05 2238738                    /usr/lib/x86_64-linux-gnu/libX11-xcb.so.1.0.0
7f384bfff000-7f384c000000 rw-p 00001000 08:05 2238738                    /usr/lib/x86_64-linux-gnu/libX11-xcb.so.1.0.0
7f384c000000-7f384de65000 rw-p 00000000 00:00 0 
7f384de65000-7f3850000000 ---p 00000000 00:00 0 
7f3850000000-7f3850013000 r--s 00345000 08:05 2243549                    /usr/lib/jvm/java-8-oracle/jre/lib/resources.jar
7f3850013000-7f3850026000 r--p 00000000 08:05 2243414                    /usr/lib/jvm/java-8-oracle/jre/lib/fonts/LucidaBrightDemiBold.ttf
7f3850026000-7f385003a000 r--p 00000000 08:05 2243417                    /usr/lib/jvm/java-8-oracle/jre/lib/fonts/LucidaBrightItalic.ttf
7f385003a000-7f3850088000 r--p 00000000 08:05 2243420                    /usr/lib/jvm/java-8-oracle/jre/lib/fonts/LucidaSansDemiBold.ttf
7f3850088000-7f385010a000 r-xp 00000000 08:05 398147                     /lib/x86_64-linux-gnu/libsystemd.so.0.16.0
7f385010a000-7f385010d000 r--p 00081000 08:05 398147                     /lib/x86_64-linux-gnu/libsystemd.so.0.16.0
7f385010d000-7f385010e000 rw-p 00084000 08:05 398147                     /lib/x86_64-linux-gnu/libsystemd.so.0.16.0
7f385010e000-7f385010f000 rw-p 00000000 00:00 0 
7f385010f000-7f3850138000 r-xp 00000000 08:05 2231673                    /usr/lib/x86_64-linux-gnu/libglapi.so.0.0.0
7f3850138000-7f3850337000 ---p 00029000 08:05 2231673                    /usr/lib/x86_64-linux-gnu/libglapi.so.0.0.0
7f3850337000-7f385033b000 r--p 00028000 08:05 2231673                    /usr/lib/x86_64-linux-gnu/libglapi.so.0.0.0
7f385033b000-7f385033c000 rw-p 0002c000 08:05 2231673                    /usr/lib/x86_64-linux-gnu/libglapi.so.0.0.0
7f385033c000-7f385033d000 rw-p 00000000 00:00 0 
7f385033d000-7f385033e000 r-xp 00000000 08:05 2240290                    /usr/lib/x86_64-linux-gnu/libxshmfence.so.1.0.0
7f385033e000-7f385053e000 ---p 00001000 08:05 2240290                    /usr/lib/x86_64-linux-gnu/libxshmfence.so.1.0.0
7f385053e000-7f385053f000 r--p 00001000 08:05 2240290                    /usr/lib/x86_64-linux-gnu/libxshmfence.so.1.0.0
7f385053f000-7f3850540000 rw-p 00002000 08:05 2240290                    /usr/lib/x86_64-linux-gnu/libxshmfence.so.1.0.0
7f3850540000-7f3850545000 r-xp 00000000 08:05 2240268                    /usr/lib/x86_64-linux-gnu/libxcb-sync.so.1.0.0
7f3850545000-7f3850745000 ---p 00005000 08:05 2240268                    /usr/lib/x86_64-linux-gnu/libxcb-sync.so.1.0.0
7f3850745000-7f3850746000 r--p 00005000 08:05 2240268                    /usr/lib/x86_64-linux-gnu/libxcb-sync.so.1.0.0
7f3850746000-7f3850747000 rw-p 00006000 08:05 2240268                    /usr/lib/x86_64-linux-gnu/libxcb-sync.so.1.0.0
7f3850747000-7f3850749000 r-xp 00000000 08:05 2240256                    /usr/lib/x86_64-linux-gnu/libxcb-present.so.0.0.0
7f3850749000-7f3850948000 ---p 00002000 08:05 2240256                    /usr/lib/x86_64-linux-gnu/libxcb-present.so.0.0.0
7f3850948000-7f3850949000 r--p 00001000 08:05 2240256                    /usr/lib/x86_64-linux-gnu/libxcb-present.so.0.0.0
7f3850949000-7f385094a000 rw-p 00002000 08:05 2240256                    /usr/lib/x86_64-linux-gnu/libxcb-present.so.0.0.0
7f385094a000-7f385094c000 r-xp 00000000 08:05 2240246                    /usr/lib/x86_64-linux-gnu/libxcb-dri3.so.0.0.0
7f385094c000-7f3850b4b000 ---p 00002000 08:05 2240246                    /usr/lib/x86_64-linux-gnu/libxcb-dri3.so.0.0.0
7f3850b4b000-7f3850b4c000 r--p 00001000 08:05 2240246                    /usr/lib/x86_64-linux-gnu/libxcb-dri3.so.0.0.0
7f3850b4c000-7f3850b4d000 rw-p 00002000 08:05 2240246                    /usr/lib/x86_64-linux-gnu/libxcb-dri3.so.0.0.0
7f3850b4d000-7f3850bbf000 r-xp 00000000 08:05 398742                     /lib/x86_64-linux-gnu/libpcre.so.3.13.3
7f3850bbf000-7f3850dbe000 ---p 00072000 08:05 398742                     /lib/x86_64-linux-gnu/libpcre.so.3.13.3
7f3850dbe000-7f3850dbf000 r--p 00071000 08:05 398742                     /lib/x86_64-linux-gnu/libpcre.so.3.13.3
7f3850dbf000-7f3850dc0000 rw-p 00072000 08:05 398742                     /lib/x86_64-linux-gnu/libpcre.so.3.13.3
7f3850dc0000-7f3850dc7000 r-xp 00000000 08:05 2239141                    /usr/lib/x86_64-linux-gnu/libffi.so.6.0.4
7f3850dc7000-7f3850fc6000 ---p 00007000 08:05 2239141                    /usr/lib/x86_64-linux-gnu/libffi.so.6.0.4
7f3850fc6000-7f3850fc7000 r--p 00006000 08:05 2239141                    /usr/lib/x86_64-linux-gnu/libffi.so.6.0.4
7f3850fc7000-7f3850fc8000 rw-p 00007000 08:05 2239141                    /usr/lib/x86_64-linux-gnu/libffi.so.6.0.4
7f3850fc8000-7f3850fef000 r-xp 00000000 08:05 398647                     /lib/x86_64-linux-gnu/libexpat.so.1.6.2
7f3850fef000-7f38511ef000 ---p 00027000 08:05 398647                     /lib/x86_64-linux-gnu/libexpat.so.1.6.2
7f38511ef000-7f38511f1000 r--p 00027000 08:05 398647                     /lib/x86_64-linux-gnu/libexpat.so.1.6.2
7f38511f1000-7f38511f2000 rw-p 00029000 08:05 398647                     /lib/x86_64-linux-gnu/libexpat.so.1.6.2
7f38511f2000-7f38511fa000 r-xp 00000000 08:05 2240000                    /usr/lib/x86_64-linux-gnu/libthai.so.0.3.0
7f38511fa000-7f38513f9000 ---p 00008000 08:05 2240000                    /usr/lib/x86_64-linux-gnu/libthai.so.0.3.0
7f38513f9000-7f38513fa000 r--p 00007000 08:05 2240000                    /usr/lib/x86_64-linux-gnu/libthai.so.0.3.0
7f38513fa000-7f38513fb000 rw-p 00008000 08:05 2240000                    /usr/lib/x86_64-linux-gnu/libthai.so.0.3.0
7f38513fb000-7f385141c000 r-xp 00000000 08:05 2240278                    /usr/lib/x86_64-linux-gnu/libxcb.so.1.1.0
7f385141c000-7f385161b000 ---p 00021000 08:05 2240278                    /usr/lib/x86_64-linux-gnu/libxcb.so.1.1.0
7f385161b000-7f385161c000 r--p 00020000 08:05 2240278                    /usr/lib/x86_64-linux-gnu/libxcb.so.1.1.0
7f385161c000-7f385161d000 rw-p 00021000 08:05 2240278                    /usr/lib/x86_64-linux-gnu/libxcb.so.1.1.0
7f385161d000-7f3851625000 r-xp 00000000 08:05 2240262                    /usr/lib/x86_64-linux-gnu/libxcb-render.so.0.0.0
7f3851625000-7f3851825000 ---p 00008000 08:05 2240262                    /usr/lib/x86_64-linux-gnu/libxcb-render.so.0.0.0
7f3851825000-7f3851826000 r--p 00008000 08:05 2240262                    /usr/lib/x86_64-linux-gnu/libxcb-render.so.0.0.0
7f3851826000-7f3851827000 rw-p 00009000 08:05 2240262                    /usr/lib/x86_64-linux-gnu/libxcb-render.so.0.0.0
7f3851827000-7f3851829000 r-xp 00000000 08:05 2240266                    /usr/lib/x86_64-linux-gnu/libxcb-shm.so.0.0.0
7f3851829000-7f3851a29000 ---p 00002000 08:05 2240266                    /usr/lib/x86_64-linux-gnu/libxcb-shm.so.0.0.0
7f3851a29000-7f3851a2a000 r--p 00002000 08:05 2240266                    /usr/lib/x86_64-linux-gnu/libxcb-shm.so.0.0.0
7f3851a2a000-7f3851a2b000 rw-p 00003000 08:05 2240266                    /usr/lib/x86_64-linux-gnu/libxcb-shm.so.0.0.0
7f3851a2b000-7f3851a5c000 r-xp 00000000 08:05 2239791                    /usr/lib/x86_64-linux-gnu/libpng16.so.16.25.0
7f3851a5c000-7f3851c5b000 ---p 00031000 08:05 2239791                    /usr/lib/x86_64-linux-gnu/libpng16.so.16.25.0
7f3851c5b000-7f3851c5c000 r--p 00030000 08:05 2239791                    /usr/lib/x86_64-linux-gnu/libpng16.so.16.25.0
7f3851c5c000-7f3851c5d000 rw-p 00031000 08:05 2239791                    /usr/lib/x86_64-linux-gnu/libpng16.so.16.25.0
7f3851c5d000-7f3851cfc000 r-xp 00000000 08:05 2239783                    /usr/lib/x86_64-linux-gnu/libpixman-1.so.0.33.6
7f3851cfc000-7f3851efc000 ---p 0009f000 08:05 2239783                    /usr/lib/x86_64-linux-gnu/libpixman-1.so.0.33.6
7f3851efc000-7f3851f04000 r--p 0009f000 08:05 2239783                    /usr/lib/x86_64-linux-gnu/libpixman-1.so.0.33.6
7f3851f04000-7f3851f05000 rw-p 000a7000 08:05 2239783                    /usr/lib/x86_64-linux-gnu/libpixman-1.so.0.33.6
7f3851f05000-7f3851f83000 r-xp 00000000 08:05 2239412                    /usr/lib/x86_64-linux-gnu/libharfbuzz.so.0.10200.7
7f3851f83000-7f3852183000 ---p 0007e000 08:05 2239412                    /usr/lib/x86_64-linux-gnu/libharfbuzz.so.0.10200.7
7f3852183000-7f3852184000 r--p 0007e000 08:05 2239412                    /usr/lib/x86_64-linux-gnu/libharfbuzz.so.0.10200.7
7f3852184000-7f3852185000 rw-p 0007f000 08:05 2239412                    /usr/lib/x86_64-linux-gnu/libharfbuzz.so.0.10200.7
7f3852185000-7f38521cb000 r-xp 00000000 08:05 398122                     /lib/x86_64-linux-gnu/libmount.so.1.1.0
7f38521cb000-7f38523ca000 ---p 00046000 08:05 398122                     /lib/x86_64-linux-gnu/libmount.so.1.1.0
7f38523ca000-7f38523cb000 r--p 00045000 08:05 398122                     /lib/x86_64-linux-gnu/libmount.so.1.1.0
7f38523cb000-7f38523cc000 rw-p 00046000 08:05 398122                     /lib/x86_64-linux-gnu/libmount.so.1.1.0
7f38523cc000-7f38523cd000 rw-p 00000000 00:00 0 
7f38523cd000-7f38523e4000 r-xp 00000000 08:05 409762                     /lib/x86_64-linux-gnu/libresolv-2.24.so
7f38523e4000-7f38525e4000 ---p 00017000 08:05 409762                     /lib/x86_64-linux-gnu/libresolv-2.24.so
7f38525e4000-7f38525e5000 r--p 00017000 08:05 409762                     /lib/x86_64-linux-gnu/libresolv-2.24.so
7f38525e5000-7f38525e6000 rw-p 00018000 08:05 409762                     /lib/x86_64-linux-gnu/libresolv-2.24.so
7f38525e6000-7f38525e8000 rw-p 00000000 00:00 0 
7f38525e8000-7f385260b000 r-xp 00000000 08:05 398769                     /lib/x86_64-linux-gnu/libselinux.so.1
7f385260b000-7f385280a000 ---p 00023000 08:05 398769                     /lib/x86_64-linux-gnu/libselinux.so.1
7f385280a000-7f385280b000 r--p 00022000 08:05 398769                     /lib/x86_64-linux-gnu/libselinux.so.1
7f385280b000-7f385280c000 rw-p 00023000 08:05 398769                     /lib/x86_64-linux-gnu/libselinux.so.1
7f385280c000-7f385280e000 rw-p 00000000 00:00 0 
7f385280e000-7f3852827000 r-xp 00000000 08:05 398798                     /lib/x86_64-linux-gnu/libz.so.1.2.8
7f3852827000-7f3852a26000 ---p 00019000 08:05 398798                     /lib/x86_64-linux-gnu/libz.so.1.2.8
7f3852a26000-7f3852a27000 r--p 00018000 08:05 398798                     /lib/x86_64-linux-gnu/libz.so.1.2.8
7f3852a27000-7f3852a28000 rw-p 00019000 08:05 398798                     /lib/x86_64-linux-gnu/libz.so.1.2.8
7f3852a28000-7f3852a39000 r-xp 00000000 08:05 2238757                    /usr/lib/x86_64-linux-gnu/libXext.so.6.4.0
7f3852a39000-7f3852c38000 ---p 00011000 08:05 2238757                    /usr/lib/x86_64-linux-gnu/libXext.so.6.4.0
7f3852c38000-7f3852c39000 r--p 00010000 08:05 2238757                    /usr/lib/x86_64-linux-gnu/libXext.so.6.4.0
7f3852c39000-7f3852c3a000 rw-p 00011000 08:05 2238757                    /usr/lib/x86_64-linux-gnu/libXext.so.6.4.0
7f3852c3a000-7f3852c3c000 r-xp 00000000 08:05 2238753                    /usr/lib/x86_64-linux-gnu/libXdamage.so.1.1.0
7f3852c3c000-7f3852e3b000 ---p 00002000 08:05 2238753                    /usr/lib/x86_64-linux-gnu/libXdamage.so.1.1.0
7f3852e3b000-7f3852e3c000 r--p 00001000 08:05 2238753                    /usr/lib/x86_64-linux-gnu/libXdamage.so.1.1.0
7f3852e3c000-7f3852e3d000 rw-p 00002000 08:05 2238753                    /usr/lib/x86_64-linux-gnu/libXdamage.so.1.1.0
7f3852e3d000-7f3852e3f000 r-xp 00000000 08:05 2238749                    /usr/lib/x86_64-linux-gnu/libXcomposite.so.1.0.0
7f3852e3f000-7f385303e000 ---p 00002000 08:05 2238749                    /usr/lib/x86_64-linux-gnu/libXcomposite.so.1.0.0
7f385303e000-7f385303f000 r--p 00001000 08:05 2238749                    /usr/lib/x86_64-linux-gnu/libXcomposite.so.1.0.0
7f385303f000-7f3853040000 rw-p 00002000 08:05 2238749                    /usr/lib/x86_64-linux-gnu/libXcomposite.so.1.0.0
7f3853040000-7f3853049000 r-xp 00000000 08:05 2238751                    /usr/lib/x86_64-linux-gnu/libXcursor.so.1.0.2
7f3853049000-7f3853248000 ---p 00009000 08:05 2238751                    /usr/lib/x86_64-linux-gnu/libXcursor.so.1.0.2
7f3853248000-7f3853249000 r--p 00008000 08:05 2238751                    /usr/lib/x86_64-linux-gnu/libXcursor.so.1.0.2
7f3853249000-7f385324a000 rw-p 00009000 08:05 2238751                    /usr/lib/x86_64-linux-gnu/libXcursor.so.1.0.2
7f385324a000-7f3853254000 r-xp 00000000 08:05 2238775                    /usr/lib/x86_64-linux-gnu/libXrandr.so.2.2.0
7f3853254000-7f3853453000 ---p 0000a000 08:05 2238775                    /usr/lib/x86_64-linux-gnu/libXrandr.so.2.2.0
7f3853453000-7f3853454000 r--p 00009000 08:05 2238775                    /usr/lib/x86_64-linux-gnu/libXrandr.so.2.2.0
7f3853454000-7f3853455000 rw-p 0000a000 08:05 2238775                    /usr/lib/x86_64-linux-gnu/libXrandr.so.2.2.0
7f3853455000-7f3853464000 r-xp 00000000 08:05 2238765                    /usr/lib/x86_64-linux-gnu/libXi.so.6.1.0
7f3853464000-7f3853663000 ---p 0000f000 08:05 2238765                    /usr/lib/x86_64-linux-gnu/libXi.so.6.1.0
7f3853663000-7f3853664000 r--p 0000e000 08:05 2238765                    /usr/lib/x86_64-linux-gnu/libXi.so.6.1.0
7f3853664000-7f3853665000 rw-p 0000f000 08:05 2238765                    /usr/lib/x86_64-linux-gnu/libXi.so.6.1.0
7f3853665000-7f3853667000 r-xp 00000000 08:05 2238767                    /usr/lib/x86_64-linux-gnu/libXinerama.so.1.0.0
7f3853667000-7f3853866000 ---p 00002000 08:05 2238767                    /usr/lib/x86_64-linux-gnu/libXinerama.so.1.0.0
7f3853866000-7f3853867000 r--p 00001000 08:05 2238767                    /usr/lib/x86_64-linux-gnu/libXinerama.so.1.0.0
7f3853867000-7f3853868000 rw-p 00002000 08:05 2238767                    /usr/lib/x86_64-linux-gnu/libXinerama.so.1.0.0
7f3853868000-7f3853871000 r-xp 00000000 08:05 2238777                    /usr/lib/x86_64-linux-gnu/libXrender.so.1.3.0
7f3853871000-7f3853a70000 ---p 00009000 08:05 2238777                    /usr/lib/x86_64-linux-gnu/libXrender.so.1.3.0
7f3853a70000-7f3853a71000 r--p 00008000 08:05 2238777                    /usr/lib/x86_64-linux-gnu/libXrender.so.1.3.0
7f3853a71000-7f3853a72000 rw-p 00009000 08:05 2238777                    /usr/lib/x86_64-linux-gnu/libXrender.so.1.3.0
7f3853a72000-7f3853a77000 r-xp 00000000 08:05 2238759                    /usr/lib/x86_64-linux-gnu/libXfixes.so.3.1.0
7f3853a77000-7f3853c76000 ---p 00005000 08:05 2238759                    /usr/lib/x86_64-linux-gnu/libXfixes.so.3.1.0
7f3853c76000-7f3853c77000 r--p 00004000 08:05 2238759                    /usr/lib/x86_64-linux-gnu/libXfixes.so.3.1.0
7f3853c77000-7f3853c78000 rw-p 00005000 08:05 2238759                    /usr/lib/x86_64-linux-gnu/libXfixes.so.3.1.0
7f3853c78000-7f3853df0000 r-xp 00000000 08:05 2239972                    /usr/lib/x86_64-linux-gnu/libstdc++.so.6.0.22
7f3853df0000-7f3853ff0000 ---p 00178000 08:05 2239972                    /usr/lib/x86_64-linux-gnu/libstdc++.so.6.0.22
7f3853ff0000-7f3853ffa000 r--p 00178000 08:05 2239972                    /usr/lib/x86_64-linux-gnu/libstdc++.so.6.0.22
7f3853ffa000-7f3853ffc000 rw-p 00182000 08:05 2239972                    /usr/lib/x86_64-linux-gnu/libstdc++.so.6.0.22
7f3853ffc000-7f3854000000 rw-p 00000000 00:00 0 
7f3854000000-7f3854092000 rw-p 00000000 00:00 0 
7f3854092000-7f3858000000 ---p 00000000 00:00 0 
7f3858000000-7f3858299000 rw-p 00000000 00:00 0 
7f3858299000-7f385c000000 ---p 00000000 00:00 0 
7f385c000000-7f385c021000 rw-p 00000000 00:00 0 
7f385c021000-7f3860000000 ---p 00000000 00:00 0 
7f3860000000-7f3860021000 rw-p 00000000 00:00 0 
7f3860021000-7f3864000000 ---p 00000000 00:00 0 
7f3864000000-7f38640e9000 rw-p 00000000 00:00 0 
7f38640e9000-7f3868000000 ---p 00000000 00:00 0 
7f3868000000-7f386829d000 rw-p 00000000 00:00 0 
7f386829d000-7f386c000000 ---p 00000000 00:00 0 
7f386c000000-7f386c021000 rw-p 00000000 00:00 0 
7f386c021000-7f3870000000 ---p 00000000 00:00 0 
7f3870000000-7f3870128000 rw-p 00000000 00:00 0 
7f3870128000-7f3874000000 ---p 00000000 00:00 0 
7f3874000000-7f3874021000 rw-p 00000000 00:00 0 
7f3874021000-7f3878000000 ---p 00000000 00:00 0 
7f3878000000-7f3878021000 rw-p 00000000 00:00 0 
7f3878021000-7f387c000000 ---p 00000000 00:00 0 
7f387c000000-7f387c021000 rw-p 00000000 00:00 0 
7f387c021000-7f3880000000 ---p 00000000 00:00 0 
7f3880000000-7f3880021000 rw-p 00000000 00:00 0 
7f3880021000-7f3884000000 ---p 00000000 00:00 0 
7f3884000000-7f3884021000 rw-p 00000000 00:00 0 
7f3884021000-7f3888000000 ---p 00000000 00:00 0 
7f3888000000-7f3888001000 rw-s 00000000 00:05 268484                     /drm mm object (deleted)
7f3888001000-7f3888009000 rw-s 00000000 00:05 267495                     /drm mm object (deleted)
7f3888009000-7f388801f000 r-xp 00000000 08:05 398654                     /lib/x86_64-linux-gnu/libgcc_s.so.1
7f388801f000-7f388821e000 ---p 00016000 08:05 398654                     /lib/x86_64-linux-gnu/libgcc_s.so.1
7f388821e000-7f388821f000 r--p 00015000 08:05 398654                     /lib/x86_64-linux-gnu/libgcc_s.so.1
7f388821f000-7f3888220000 rw-p 00016000 08:05 398654                     /lib/x86_64-linux-gnu/libgcc_s.so.1
7f3888220000-7f3888290000 r-xp 00000000 08:05 133030                     /usr/lib/x86_64-linux-gnu/mesa/libGL.so.1.2.0
7f3888290000-7f388848f000 ---p 00070000 08:05 133030                     /usr/lib/x86_64-linux-gnu/mesa/libGL.so.1.2.0
7f388848f000-7f3888492000 r--p 0006f000 08:05 133030                     /usr/lib/x86_64-linux-gnu/mesa/libGL.so.1.2.0
7f3888492000-7f3888493000 rw-p 00072000 08:05 133030                     /usr/lib/x86_64-linux-gnu/mesa/libGL.so.1.2.0
7f3888493000-7f3888494000 rw-p 00000000 00:00 0 
7f3888494000-7f3888499000 r-xp 00000000 08:05 2238793                    /usr/lib/x86_64-linux-gnu/libXxf86vm.so.1.0.0
7f3888499000-7f3888698000 ---p 00005000 08:05 2238793                    /usr/lib/x86_64-linux-gnu/libXxf86vm.so.1.0.0
7f3888698000-7f3888699000 r--p 00004000 08:05 2238793                    /usr/lib/x86_64-linux-gnu/libXxf86vm.so.1.0.0
7f3888699000-7f388869a000 rw-p 00005000 08:05 2238793                    /usr/lib/x86_64-linux-gnu/libXxf86vm.so.1.0.0
7f388869a000-7f38887cf000 r-xp 00000000 08:05 2238740                    /usr/lib/x86_64-linux-gnu/libX11.so.6.3.0
7f38887cf000-7f38889ce000 ---p 00135000 08:05 2238740                    /usr/lib/x86_64-linux-gnu/libX11.so.6.3.0
7f38889ce000-7f38889cf000 r--p 00134000 08:05 2238740                    /usr/lib/x86_64-linux-gnu/libX11.so.6.3.0
7f38889cf000-7f38889d3000 rw-p 00135000 08:05 2238740                    /usr/lib/x86_64-linux-gnu/libX11.so.6.3.0
7f38889d3000-7f38889d8000 r-xp 00000000 08:05 2238783                    /usr/lib/x86_64-linux-gnu/libXtst.so.6.1.0
7f38889d8000-7f3888bd7000 ---p 00005000 08:05 2238783                    /usr/lib/x86_64-linux-gnu/libXtst.so.6.1.0
7f3888bd7000-7f3888bd8000 r--p 00004000 08:05 2238783                    /usr/lib/x86_64-linux-gnu/libXtst.so.6.1.0
7f3888bd8000-7f3888bd9000 rw-p 00005000 08:05 2238783                    /usr/lib/x86_64-linux-gnu/libXtst.so.6.1.0
7f3888bd9000-7f3888ceb000 r-xp 00000000 08:05 399763                     /lib/x86_64-linux-gnu/libglib-2.0.so.0.5000.2
7f3888ceb000-7f3888eea000 ---p 00112000 08:05 399763                     /lib/x86_64-linux-gnu/libglib-2.0.so.0.5000.2
7f3888eea000-7f3888eeb000 r--p 00111000 08:05 399763                     /lib/x86_64-linux-gnu/libglib-2.0.so.0.5000.2
7f3888eeb000-7f3888eec000 rw-p 00112000 08:05 399763                     /lib/x86_64-linux-gnu/libglib-2.0.so.0.5000.2
7f3888eec000-7f3888eed000 rw-p 00000000 00:00 0 
7f3888eed000-7f3888eee000 r-xp 00000000 08:05 2228686                    /usr/lib/x86_64-linux-gnu/libgthread-2.0.so.0.5000.2
7f3888eee000-7f38890ed000 ---p 00001000 08:05 2228686                    /usr/lib/x86_64-linux-gnu/libgthread-2.0.so.0.5000.2
7f38890ed000-7f38890ee000 r--p 00000000 08:05 2228686                    /usr/lib/x86_64-linux-gnu/libgthread-2.0.so.0.5000.2
7f38890ee000-7f38890ef000 rw-p 00001000 08:05 2228686                    /usr/lib/x86_64-linux-gnu/libgthread-2.0.so.0.5000.2
7f38890ef000-7f38890f2000 r-xp 00000000 08:05 2228661                    /usr/lib/x86_64-linux-gnu/libgmodule-2.0.so.0.5000.2
7f38890f2000-7f38892f1000 ---p 00003000 08:05 2228661                    /usr/lib/x86_64-linux-gnu/libgmodule-2.0.so.0.5000.2
7f38892f1000-7f38892f2000 r--p 00002000 08:05 2228661                    /usr/lib/x86_64-linux-gnu/libgmodule-2.0.so.0.5000.2
7f38892f2000-7f38892f3000 rw-p 00003000 08:05 2228661                    /usr/lib/x86_64-linux-gnu/libgmodule-2.0.so.0.5000.2
7f38892f3000-7f3889345000 r-xp 00000000 08:05 2228683                    /usr/lib/x86_64-linux-gnu/libgobject-2.0.so.0.5000.2
7f3889345000-7f3889544000 ---p 00052000 08:05 2228683                    /usr/lib/x86_64-linux-gnu/libgobject-2.0.so.0.5000.2
7f3889544000-7f3889545000 r--p 00051000 08:05 2228683                    /usr/lib/x86_64-linux-gnu/libgobject-2.0.so.0.5000.2
7f3889545000-7f3889546000 rw-p 00052000 08:05 2228683                    /usr/lib/x86_64-linux-gnu/libgobject-2.0.so.0.5000.2
7f3889546000-7f3889583000 r-xp 00000000 08:05 2239159                    /usr/lib/x86_64-linux-gnu/libfontconfig.so.1.9.0
7f3889583000-7f3889782000 ---p 0003d000 08:05 2239159                    /usr/lib/x86_64-linux-gnu/libfontconfig.so.1.9.0
7f3889782000-7f3889784000 r--p 0003c000 08:05 2239159                    /usr/lib/x86_64-linux-gnu/libfontconfig.so.1.9.0
7f3889784000-7f3889789000 rw-p 0003e000 08:05 2239159                    /usr/lib/x86_64-linux-gnu/libfontconfig.so.1.9.0
7f3889789000-7f3889830000 r-xp 00000000 08:05 2229706                    /usr/lib/x86_64-linux-gnu/libfreetype.so.6.12.3
7f3889830000-7f3889a2f000 ---p 000a7000 08:05 2229706                    /usr/lib/x86_64-linux-gnu/libfreetype.so.6.12.3
7f3889a2f000-7f3889a35000 r--p 000a6000 08:05 2229706                    /usr/lib/x86_64-linux-gnu/libfreetype.so.6.12.3
7f3889a35000-7f3889a36000 rw-p 000ac000 08:05 2229706                    /usr/lib/x86_64-linux-gnu/libfreetype.so.6.12.3
7f3889a36000-7f3889a7f000 r-xp 00000000 08:05 2239751                    /usr/lib/x86_64-linux-gnu/libpango-1.0.so.0.4000.1
7f3889a7f000-7f3889c7f000 ---p 00049000 08:05 2239751                    /usr/lib/x86_64-linux-gnu/libpango-1.0.so.0.4000.1
7f3889c7f000-7f3889c81000 r--p 00049000 08:05 2239751                    /usr/lib/x86_64-linux-gnu/libpango-1.0.so.0.4000.1
7f3889c81000-7f3889c82000 rw-p 0004b000 08:05 2239751                    /usr/lib/x86_64-linux-gnu/libpango-1.0.so.0.4000.1
7f3889c82000-7f3889d90000 r-xp 00000000 08:05 2238910                    /usr/lib/x86_64-linux-gnu/libcairo.so.2.11400.6
7f3889d90000-7f3889f8f000 ---p 0010e000 08:05 2238910                    /usr/lib/x86_64-linux-gnu/libcairo.so.2.11400.6
7f3889f8f000-7f3889f92000 r--p 0010d000 08:05 2238910                    /usr/lib/x86_64-linux-gnu/libcairo.so.2.11400.6
7f3889f92000-7f3889f93000 rw-p 00110000 08:05 2238910                    /usr/lib/x86_64-linux-gnu/libcairo.so.2.11400.6
7f3889f93000-7f3889f95000 rw-p 00000000 00:00 0 
7f3889f95000-7f3889fa1000 r-xp 00000000 08:05 2239753                    /usr/lib/x86_64-linux-gnu/libpangocairo-1.0.so.0.4000.1
7f3889fa1000-7f388a1a0000 ---p 0000c000 08:05 2239753                    /usr/lib/x86_64-linux-gnu/libpangocairo-1.0.so.0.4000.1
7f388a1a0000-7f388a1a1000 r--p 0000b000 08:05 2239753                    /usr/lib/x86_64-linux-gnu/libpangocairo-1.0.so.0.4000.1
7f388a1a1000-7f388a1a2000 rw-p 0000c000 08:05 2239753                    /usr/lib/x86_64-linux-gnu/libpangocairo-1.0.so.0.4000.1
7f388a1a2000-7f388a1c3000 r-xp 00000000 08:05 2239234                    /usr/lib/x86_64-linux-gnu/libgdk_pixbuf-2.0.so.0.3400.0
7f388a1c3000-7f388a3c2000 ---p 00021000 08:05 2239234                    /usr/lib/x86_64-linux-gnu/libgdk_pixbuf-2.0.so.0.3400.0
7f388a3c2000-7f388a3c3000 r--p 00020000 08:05 2239234                    /usr/lib/x86_64-linux-gnu/libgdk_pixbuf-2.0.so.0.3400.0
7f388a3c3000-7f388a3c4000 rw-p 00021000 08:05 2239234                    /usr/lib/x86_64-linux-gnu/libgdk_pixbuf-2.0.so.0.3400.0
7f388a3c4000-7f388a3d8000 r-xp 00000000 08:05 2239755                    /usr/lib/x86_64-linux-gnu/libpangoft2-1.0.so.0.4000.1
7f388a3d8000-7f388a5d8000 ---p 00014000 08:05 2239755                    /usr/lib/x86_64-linux-gnu/libpangoft2-1.0.so.0.4000.1
7f388a5d8000-7f388a5d9000 r--p 00014000 08:05 2239755                    /usr/lib/x86_64-linux-gnu/libpangoft2-1.0.so.0.4000.1
7f388a5d9000-7f388a5da000 rw-p 00015000 08:05 2239755                    /usr/lib/x86_64-linux-gnu/libpangoft2-1.0.so.0.4000.1
7f388a5da000-7f388a767000 r-xp 00000000 08:05 2228637                    /usr/lib/x86_64-linux-gnu/libgio-2.0.so.0.5000.2
7f388a767000-7f388a966000 ---p 0018d000 08:05 2228637                    /usr/lib/x86_64-linux-gnu/libgio-2.0.so.0.5000.2
7f388a966000-7f388a96b000 r--p 0018c000 08:05 2228637                    /usr/lib/x86_64-linux-gnu/libgio-2.0.so.0.5000.2
7f388a96b000-7f388a96e000 rw-p 00191000 08:05 2228637                    /usr/lib/x86_64-linux-gnu/libgio-2.0.so.0.5000.2
7f388a96e000-7f388a96f000 rw-p 00000000 00:00 0 
7f388a96f000-7f388a991000 r-xp 00000000 08:05 2238844                    /usr/lib/x86_64-linux-gnu/libatk-1.0.so.0.22009.1
7f388a991000-7f388ab90000 ---p 00022000 08:05 2238844                    /usr/lib/x86_64-linux-gnu/libatk-1.0.so.0.22009.1
7f388ab90000-7f388ab93000 r--p 00021000 08:05 2238844                    /usr/lib/x86_64-linux-gnu/libatk-1.0.so.0.22009.1
7f388ab93000-7f388ab94000 rw-p 00024000 08:05 2238844                    /usr/lib/x86_64-linux-gnu/libatk-1.0.so.0.22009.1
7f388ab94000-7f388ac44000 r-xp 00000000 08:05 2234326                    /usr/lib/x86_64-linux-gnu/libgdk-x11-2.0.so.0.2400.30
7f388ac44000-7f388ae43000 ---p 000b0000 08:05 2234326                    /usr/lib/x86_64-linux-gnu/libgdk-x11-2.0.so.0.2400.30
7f388ae43000-7f388ae47000 r--p 000af000 08:05 2234326                    /usr/lib/x86_64-linux-gnu/libgdk-x11-2.0.so.0.2400.30
7f388ae47000-7f388ae49000 rw-p 000b3000 08:05 2234326                    /usr/lib/x86_64-linux-gnu/libgdk-x11-2.0.so.0.2400.30
7f388ae49000-7f388b287000 r-xp 00000000 08:05 2234327                    /usr/lib/x86_64-linux-gnu/libgtk-x11-2.0.so.0.2400.30
7f388b287000-7f388b487000 ---p 0043e000 08:05 2234327                    /usr/lib/x86_64-linux-gnu/libgtk-x11-2.0.so.0.2400.30
7f388b487000-7f388b48e000 r--p 0043e000 08:05 2234327                    /usr/lib/x86_64-linux-gnu/libgtk-x11-2.0.so.0.2400.30
7f388b48e000-7f388b492000 rw-p 00445000 08:05 2234327                    /usr/lib/x86_64-linux-gnu/libgtk-x11-2.0.so.0.2400.30
7f388b492000-7f388b495000 rw-p 00000000 00:00 0 
7f388b495000-7f388b4a1000 r-xp 00000000 08:05 2243337                    /usr/lib/jvm/java-8-oracle/jre/lib/amd64/libprism_es2.so
7f388b4a1000-7f388b6a0000 ---p 0000c000 08:05 2243337                    /usr/lib/jvm/java-8-oracle/jre/lib/amd64/libprism_es2.so
7f388b6a0000-7f388b6a1000 rw-p 0000b000 08:05 2243337                    /usr/lib/jvm/java-8-oracle/jre/lib/amd64/libprism_es2.so
7f388b6a1000-7f388b6a4000 ---p 00000000 00:00 0 
7f388b6a4000-7f388b7a2000 rw-p 00000000 00:00 0 
7f388b7a2000-7f388b7a5000 ---p 00000000 00:00 0 
7f388b7a5000-7f388b8a3000 rw-p 00000000 00:00 0 
7f388b8a3000-7f388b8a6000 ---p 00000000 00:00 0 
7f388b8a6000-7f388b9a4000 rw-p 00000000 00:00 0 
7f388b9a4000-7f388b9a5000 ---p 00000000 00:00 0 
7f388b9a5000-7f388baa5000 rw-p 00000000 00:00 0 
7f388baa5000-7f388baa8000 ---p 00000000 00:00 0 
7f388baa8000-7f388bba6000 rw-p 00000000 00:00 0 
7f388bba6000-7f388c000000 r--p 00000000 08:05 2229872                    /usr/lib/locale/locale-archive
7f388c000000-7f388c021000 rw-p 00000000 00:00 0 
7f388c021000-7f3890000000 ---p 00000000 00:00 0 
7f3890000000-7f3890002000 rw-s 103276000 00:06 391                       /dev/dri/card0
7f3890002000-7f3890015000 r--p 00000000 08:05 2243421                    /usr/lib/jvm/java-8-oracle/jre/lib/fonts/LucidaBrightDemiItalic.ttf
7f3890015000-7f389001a000 r--s 00084000 08:05 2243424                    /usr/lib/jvm/java-8-oracle/jre/lib/jfr.jar
7f389001a000-7f3890025000 r--s 00000000 08:05 279298                     /var/cache/fontconfig/945677eb7aeaf62f1d50efc3fb3ec7d8-le64.cache-6
7f3890025000-7f389002b000 r--s 00000000 08:05 279279                     /var/cache/fontconfig/2cd17615ca594fa2959ae173292e504c-le64.cache-6
7f389002b000-7f389002c000 r--s 00000000 08:05 279276                     /var/cache/fontconfig/0d8c3b2ac0904cb8a57a757ad11a4a08-le64.cache-6
7f389002c000-7f3890041000 r--s 00000000 08:05 279272                     /var/cache/fontconfig/04aabc0a78ac019cf9454389977116d2-le64.cache-6
7f3890041000-7f3890042000 r--s 00000000 08:05 279278                     /var/cache/fontconfig/1ac9eb803944fde146138c791f5cc56a-le64.cache-6
7f3890042000-7f3890046000 r--s 00000000 08:05 279283                     /var/cache/fontconfig/385c0604a188198f04d133e54aba7fe7-le64.cache-6
7f3890046000-7f3890047000 r--s 00000000 08:05 279311                     /var/cache/fontconfig/dc05db6664285cc2f12bf69c139ae4c3-le64.cache-6
7f3890047000-7f389004a000 r--s 00000000 08:05 279294                     /var/cache/fontconfig/767a8244fc0220cfb567a839d0392e0b-le64.cache-6
7f389004a000-7f389004b000 r--s 00000000 08:05 276021                     /var/cache/fontconfig/4794a0821666d79190d59a36cb4f44b5-le64.cache-6
7f389004b000-7f389004c000 r--s 00000000 08:05 279274                     /var/cache/fontconfig/0bd3dc0958fa2205aaaa8ebb13e2872b-le64.cache-6
7f389004c000-7f3890051000 r--s 00000000 08:05 279297                     /var/cache/fontconfig/8801497958630a81b71ace7c5f9b32a8-le64.cache-6
7f3890051000-7f3890052000 r--s 00000000 08:05 279304                     /var/cache/fontconfig/bab58bb527bb656aaa9f116d68a48d89-le64.cache-6
7f3890052000-7f3890058000 r--s 00000000 08:05 279280                     /var/cache/fontconfig/3047814df9a2f067bd2d96a2b9c36e5a-le64.cache-6
7f3890058000-7f3890059000 r--s 00000000 08:05 279288                     /var/cache/fontconfig/56cf4f4769d0f4abc89a4895d7bd3ae1-le64.cache-6
7f3890059000-7f389006c000 r--s 00000000 08:05 279308                     /var/cache/fontconfig/d52a8644073d54c13679302ca1180695-le64.cache-6
7f389006c000-7f389007e000 r--s 00000000 08:05 279300                     /var/cache/fontconfig/9b89f8e3dae116d678bbf48e5f21f69b-le64.cache-6
7f389007e000-7f3890081000 ---p 00000000 00:00 0 
7f3890081000-7f389017f000 rw-p 00000000 00:00 0 
7f389017f000-7f3890182000 ---p 00000000 00:00 0 
7f3890182000-7f3894000000 rw-p 00000000 00:00 0 
7f3894000000-7f3894021000 rw-p 00000000 00:00 0 
7f3894021000-7f3898000000 ---p 00000000 00:00 0 
7f3898000000-7f3898006000 r--s 00000000 08:05 279302                     /var/cache/fontconfig/b47c4e1ecd0709278f4910c18777a504-le64.cache-6
7f3898006000-7f3898011000 r--s 00000000 08:05 279296                     /var/cache/fontconfig/83bf95040141907cd45bb53cf7c1c148-le64.cache-6
7f3898011000-7f389805c000 r--p 00000000 08:05 919055                     /usr/share/glib-2.0/schemas/gschemas.compiled
7f389805c000-7f38980f1000 r--s 01109000 08:05 2243401                    /usr/lib/jvm/java-8-oracle/jre/lib/ext/jfxrt.jar
7f38980f1000-7f38980f4000 ---p 00000000 00:00 0 
7f38980f4000-7f38981f2000 rw-p 00000000 00:00 0 
7f38981f2000-7f38981f5000 ---p 00000000 00:00 0 
7f38981f5000-7f38982f3000 rw-p 00000000 00:00 0 
7f38982f3000-7f38982f6000 ---p 00000000 00:00 0 
7f38982f6000-7f38983f4000 rw-p 00000000 00:00 0 
7f38983f4000-7f38983f7000 ---p 00000000 00:00 0 
7f38983f7000-7f38984f5000 rw-p 00000000 00:00 0 
7f38984f5000-7f38984f6000 ---p 00000000 00:00 0 
7f38984f6000-7f3899000000 rw-p 00000000 00:00 0 
7f3899000000-7f3899460000 rwxp 00000000 00:00 0 
7f3899460000-7f38a8000000 ---p 00000000 00:00 0 
7f38a8000000-7f38a817a000 rw-p 00000000 00:00 0 
7f38a817a000-7f38ac000000 ---p 00000000 00:00 0 
7f38ac000000-7f38ac001000 r--s 00000000 08:05 279303                     /var/cache/fontconfig/b9d506c9ac06c20b433354fa67a72993-le64.cache-6
7f38ac001000-7f38ac002000 r--s 00000000 08:05 279287                     /var/cache/fontconfig/551ecf3b0e8b0bca0f25c0944f561853-le64.cache-6
7f38ac002000-7f38ac003000 r--s 00000000 08:05 279284                     /var/cache/fontconfig/3f7329c5293ffd510edef78f73874cfd-le64.cache-6
7f38ac003000-7f38ac021000 r-xp 00000000 08:05 398393                     /lib/x86_64-linux-gnu/libudev.so.1.6.5
7f38ac021000-7f38ac022000 ---p 0001e000 08:05 398393                     /lib/x86_64-linux-gnu/libudev.so.1.6.5
7f38ac022000-7f38ac023000 r--p 0001e000 08:05 398393                     /lib/x86_64-linux-gnu/libudev.so.1.6.5
7f38ac023000-7f38ac024000 rw-p 0001f000 08:05 398393                     /lib/x86_64-linux-gnu/libudev.so.1.6.5
7f38ac024000-7f38ac028000 r--s 00000000 08:05 279309                     /var/cache/fontconfig/d589a48862398ed80a3d6066f4f56f4c-le64.cache-6
7f38ac028000-7f38ac029000 r--s 00000000 08:05 279281                     /var/cache/fontconfig/30829fa25452a46451e813d634d7f916-le64.cache-6
7f38ac029000-7f38ac02c000 r--s 00000000 08:05 279293                     /var/cache/fontconfig/75114ca45c98e8a441da0ff356701271-le64.cache-6
7f38ac02c000-7f38ac039000 r--s 00000000 08:05 282756                     /var/cache/fontconfig/e13b20fdb08344e0e664864cc2ede53d-le64.cache-6
7f38ac039000-7f38ac041000 rw-s 00000000 00:05 268388                     /drm mm object (deleted)
7f38ac041000-7f38ac619000 rw-p 00000000 00:00 0 
7f38ac619000-7f38ac7f2000 r--s 03d3e000 08:05 2243317                    /usr/lib/jvm/java-8-oracle/jre/lib/rt.jar
7f38ac7f2000-7f38ad440000 rw-p 00000000 00:00 0 
7f38ad440000-7f38ad441000 ---p 00000000 00:00 0 
7f38ad441000-7f38ad541000 rw-p 00000000 00:00 0 
7f38ad541000-7f38ad542000 ---p 00000000 00:00 0 
7f38ad542000-7f38ad642000 rw-p 00000000 00:00 0 
7f38ad642000-7f38ad643000 ---p 00000000 00:00 0 
7f38ad643000-7f38ad743000 rw-p 00000000 00:00 0 
7f38ad743000-7f38ad744000 ---p 00000000 00:00 0 
7f38ad744000-7f38ad86e000 rw-p 00000000 00:00 0 
7f38ad86e000-7f38adad4000 ---p 00000000 00:00 0 
7f38adad4000-7f38adafe000 rw-p 00000000 00:00 0 
7f38adafe000-7f38add64000 ---p 00000000 00:00 0 
7f38add64000-7f38add79000 rw-p 00000000 00:00 0 
7f38add79000-7f38adeac000 ---p 00000000 00:00 0 
7f38adeac000-7f38adebf000 rw-p 00000000 00:00 0 
7f38adebf000-7f38ae26d000 ---p 00000000 00:00 0 
7f38ae26d000-7f38ae287000 r-xp 00000000 08:05 2243348                    /usr/lib/jvm/java-8-oracle/jre/lib/amd64/libzip.so
7f38ae287000-7f38ae487000 ---p 0001a000 08:05 2243348                    /usr/lib/jvm/java-8-oracle/jre/lib/amd64/libzip.so
7f38ae487000-7f38ae488000 rw-p 0001a000 08:05 2243348                    /usr/lib/jvm/java-8-oracle/jre/lib/amd64/libzip.so
7f38ae488000-7f38ae493000 r-xp 00000000 08:05 409756                     /lib/x86_64-linux-gnu/libnss_files-2.24.so
7f38ae493000-7f38ae692000 ---p 0000b000 08:05 409756                     /lib/x86_64-linux-gnu/libnss_files-2.24.so
7f38ae692000-7f38ae693000 r--p 0000a000 08:05 409756                     /lib/x86_64-linux-gnu/libnss_files-2.24.so
7f38ae693000-7f38ae694000 rw-p 0000b000 08:05 409756                     /lib/x86_64-linux-gnu/libnss_files-2.24.so
7f38ae694000-7f38ae69a000 rw-p 00000000 00:00 0 
7f38ae69a000-7f38ae6a5000 r-xp 00000000 08:05 409758                     /lib/x86_64-linux-gnu/libnss_nis-2.24.so
7f38ae6a5000-7f38ae8a4000 ---p 0000b000 08:05 409758                     /lib/x86_64-linux-gnu/libnss_nis-2.24.so
7f38ae8a4000-7f38ae8a5000 r--p 0000a000 08:05 409758                     /lib/x86_64-linux-gnu/libnss_nis-2.24.so
7f38ae8a5000-7f38ae8a6000 rw-p 0000b000 08:05 409758                     /lib/x86_64-linux-gnu/libnss_nis-2.24.so
7f38ae8a6000-7f38ae8bc000 r-xp 00000000 08:05 409753                     /lib/x86_64-linux-gnu/libnsl-2.24.so
7f38ae8bc000-7f38aeabb000 ---p 00016000 08:05 409753                     /lib/x86_64-linux-gnu/libnsl-2.24.so
7f38aeabb000-7f38aeabc000 r--p 00015000 08:05 409753                     /lib/x86_64-linux-gnu/libnsl-2.24.so
7f38aeabc000-7f38aeabd000 rw-p 00016000 08:05 409753                     /lib/x86_64-linux-gnu/libnsl-2.24.so
7f38aeabd000-7f38aeabf000 rw-p 00000000 00:00 0 
7f38aeabf000-7f38aeac7000 r-xp 00000000 08:05 409754                     /lib/x86_64-linux-gnu/libnss_compat-2.24.so
7f38aeac7000-7f38aecc6000 ---p 00008000 08:05 409754                     /lib/x86_64-linux-gnu/libnss_compat-2.24.so
7f38aecc6000-7f38aecc7000 r--p 00007000 08:05 409754                     /lib/x86_64-linux-gnu/libnss_compat-2.24.so
7f38aecc7000-7f38aecc8000 rw-p 00008000 08:05 409754                     /lib/x86_64-linux-gnu/libnss_compat-2.24.so
7f38aecc8000-7f38aecf3000 r-xp 00000000 08:05 2243375                    /usr/lib/jvm/java-8-oracle/jre/lib/amd64/libjava.so
7f38aecf3000-7f38aeef2000 ---p 0002b000 08:05 2243375                    /usr/lib/jvm/java-8-oracle/jre/lib/amd64/libjava.so
7f38aeef2000-7f38aeef4000 rw-p 0002a000 08:05 2243375                    /usr/lib/jvm/java-8-oracle/jre/lib/amd64/libjava.so
7f38aeef4000-7f38aef01000 r-xp 00000000 08:05 2243326                    /usr/lib/jvm/java-8-oracle/jre/lib/amd64/libverify.so
7f38aef01000-7f38af100000 ---p 0000d000 08:05 2243326                    /usr/lib/jvm/java-8-oracle/jre/lib/amd64/libverify.so
7f38af100000-7f38af102000 rw-p 0000c000 08:05 2243326                    /usr/lib/jvm/java-8-oracle/jre/lib/amd64/libverify.so
7f38af102000-7f38af109000 r-xp 00000000 08:05 409763                     /lib/x86_64-linux-gnu/librt-2.24.so
7f38af109000-7f38af308000 ---p 00007000 08:05 409763                     /lib/x86_64-linux-gnu/librt-2.24.so
7f38af308000-7f38af309000 r--p 00006000 08:05 409763                     /lib/x86_64-linux-gnu/librt-2.24.so
7f38af309000-7f38af30a000 rw-p 00007000 08:05 409763                     /lib/x86_64-linux-gnu/librt-2.24.so
7f38af30a000-7f38af412000 r-xp 00000000 08:05 409750                     /lib/x86_64-linux-gnu/libm-2.24.so
7f38af412000-7f38af611000 ---p 00108000 08:05 409750                     /lib/x86_64-linux-gnu/libm-2.24.so
7f38af611000-7f38af612000 r--p 00107000 08:05 409750                     /lib/x86_64-linux-gnu/libm-2.24.so
7f38af612000-7f38af613000 rw-p 00108000 08:05 409750                     /lib/x86_64-linux-gnu/libm-2.24.so
7f38af613000-7f38b02e1000 r-xp 00000000 08:05 2243379                    /usr/lib/jvm/java-8-oracle/jre/lib/amd64/server/libjvm.so
7f38b02e1000-7f38b04e1000 ---p 00cce000 08:05 2243379                    /usr/lib/jvm/java-8-oracle/jre/lib/amd64/server/libjvm.so
7f38b04e1000-7f38b05ba000 rw-p 00cce000 08:05 2243379                    /usr/lib/jvm/java-8-oracle/jre/lib/amd64/server/libjvm.so
7f38b05ba000-7f38b0605000 rw-p 00000000 00:00 0 
7f38b0605000-7f38b07c2000 r-xp 00000000 08:05 409746                     /lib/x86_64-linux-gnu/libc-2.24.so
7f38b07c2000-7f38b09c2000 ---p 001bd000 08:05 409746                     /lib/x86_64-linux-gnu/libc-2.24.so
7f38b09c2000-7f38b09c6000 r--p 001bd000 08:05 409746                     /lib/x86_64-linux-gnu/libc-2.24.so
7f38b09c6000-7f38b09c8000 rw-p 001c1000 08:05 409746                     /lib/x86_64-linux-gnu/libc-2.24.so
7f38b09c8000-7f38b09cc000 rw-p 00000000 00:00 0 
7f38b09cc000-7f38b09cf000 r-xp 00000000 08:05 409749                     /lib/x86_64-linux-gnu/libdl-2.24.so
7f38b09cf000-7f38b0bce000 ---p 00003000 08:05 409749                     /lib/x86_64-linux-gnu/libdl-2.24.so
7f38b0bce000-7f38b0bcf000 r--p 00002000 08:05 409749                     /lib/x86_64-linux-gnu/libdl-2.24.so
7f38b0bcf000-7f38b0bd0000 rw-p 00003000 08:05 409749                     /lib/x86_64-linux-gnu/libdl-2.24.so
7f38b0bd0000-7f38b0be5000 r-xp 00000000 08:05 2242460                    /usr/lib/jvm/java-8-oracle/lib/amd64/jli/libjli.so
7f38b0be5000-7f38b0de5000 ---p 00015000 08:05 2242460                    /usr/lib/jvm/java-8-oracle/lib/amd64/jli/libjli.so
7f38b0de5000-7f38b0de6000 rw-p 00015000 08:05 2242460                    /usr/lib/jvm/java-8-oracle/lib/amd64/jli/libjli.so
7f38b0de6000-7f38b0dfe000 r-xp 00000000 08:05 409761                     /lib/x86_64-linux-gnu/libpthread-2.24.so
7f38b0dfe000-7f38b0ffe000 ---p 00018000 08:05 409761                     /lib/x86_64-linux-gnu/libpthread-2.24.so
7f38b0ffe000-7f38b0fff000 r--p 00018000 08:05 409761                     /lib/x86_64-linux-gnu/libpthread-2.24.so
7f38b0fff000-7f38b1000000 rw-p 00019000 08:05 409761                     /lib/x86_64-linux-gnu/libpthread-2.24.so
7f38b1000000-7f38b1004000 rw-p 00000000 00:00 0 
7f38b1004000-7f38b1029000 r-xp 00000000 08:05 409742                     /lib/x86_64-linux-gnu/ld-2.24.so
7f38b1029000-7f38b102d000 r--s 00000000 08:05 276027                     /var/cache/fontconfig/7ef2298fde41cc6eeb7af42e48b7d293-le64.cache-6
7f38b102d000-7f38b1035000 rw-s 00000000 00:05 268376                     /drm mm object (deleted)
7f38b1035000-7f38b103a000 r--p 00000000 08:05 546023                     /home/daan/.config/dconf/user
7f38b103a000-7f38b1105000 rw-p 00000000 00:00 0 
7f38b1105000-7f38b1108000 ---p 00000000 00:00 0 
7f38b1108000-7f38b1208000 rw-p 00000000 00:00 0 
7f38b1208000-7f38b1209000 r--s 00000000 08:05 279275                     /var/cache/fontconfig/0c9eb80ebd1c36541ebe2852d3bb0c49-le64.cache-6
7f38b120a000-7f38b120b000 rw-s 00000000 00:05 268483                     /drm mm object (deleted)
7f38b120b000-7f38b120c000 r--s 00000000 00:2c 57                         /run/user/1000/dconf/user
7f38b120c000-7f38b1214000 rw-s 00000000 00:05 268354                     /drm mm object (deleted)
7f38b1214000-7f38b121b000 r--s 00000000 08:05 148080                     /usr/lib/x86_64-linux-gnu/gconv/gconv-modules.cache
7f38b121b000-7f38b1223000 rw-s 00000000 08:05 1311144                    /tmp/hsperfdata_daan/10301
7f38b1223000-7f38b1224000 rw-p 00000000 00:00 0 
7f38b1224000-7f38b1225000 r--p 00000000 00:00 0 
7f38b1225000-7f38b1228000 rw-p 00000000 00:00 0 
7f38b1228000-7f38b1229000 r--p 00024000 08:05 409742                     /lib/x86_64-linux-gnu/ld-2.24.so
7f38b1229000-7f38b122a000 rw-p 00025000 08:05 409742                     /lib/x86_64-linux-gnu/ld-2.24.so
7f38b122a000-7f38b122b000 rw-p 00000000 00:00 0 
7ffd60e42000-7ffd60e63000 rw-p 00000000 00:00 0                          [stack]
7ffd60e96000-7ffd60e98000 r--p 00000000 00:00 0                          [vvar]
7ffd60e98000-7ffd60e9a000 r-xp 00000000 00:00 0                          [vdso]
ffffffffff600000-ffffffffff601000 r-xp 00000000 00:00 0                  [vsyscall]

VM Arguments:
jvm_args: -Dfile.encoding=UTF-8 
java_command: application.Main
java_class_path (initial): /home/daan/git/IntegrationProject/IntegrationProject/bin:/home/daan/.p2/pool/plugins/org.junit_4.12.0.v201504281640/junit.jar:/home/daan/.p2/pool/plugins/org.hamcrest.core_1.3.0.v201303031735.jar:/home/daan/git/IntegrationProject/IntegrationProject/commons-codec-1.10.jar
Launcher Type: SUN_STANDARD

Environment Variables:
JAVA_HOME=/usr/lib/jvm/java-8-oracle
PATH=/home/daan/bin:/home/daan/.local/bin:/usr/local/sbin:/usr/local/bin:/usr/sbin:/usr/bin:/sbin:/bin:/usr/games:/usr/local/games:/snap/bin:/usr/lib/jvm/java-8-oracle/bin:/usr/lib/jvm/java-8-oracle/db/bin:/usr/lib/jvm/java-8-oracle/jre/bin
SHELL=/bin/bash
DISPLAY=:0

Signal Handlers:
SIGSEGV: [libjvm.so+0xac78c0], sa_mask[0]=11111111011111111101111111111110, sa_flags=SA_RESTART|SA_SIGINFO
SIGBUS: [libjvm.so+0xac78c0], sa_mask[0]=11111111011111111101111111111110, sa_flags=SA_RESTART|SA_SIGINFO
SIGFPE: [libjvm.so+0x920ac0], sa_mask[0]=11111111011111111101111111111110, sa_flags=SA_RESTART|SA_SIGINFO
SIGPIPE: SIG_IGN, sa_mask[0]=00000000000010000000000000000000, sa_flags=SA_RESTART
SIGXFSZ: [libjvm.so+0x920ac0], sa_mask[0]=11111111011111111101111111111110, sa_flags=SA_RESTART|SA_SIGINFO
SIGILL: [libjvm.so+0x920ac0], sa_mask[0]=11111111011111111101111111111110, sa_flags=SA_RESTART|SA_SIGINFO
SIGUSR1: SIG_DFL, sa_mask[0]=00000000000000000000000000000000, sa_flags=none
SIGUSR2: [libjvm.so+0x922300], sa_mask[0]=00100000000000000000000000000000, sa_flags=SA_RESTART|SA_SIGINFO
SIGHUP: [libjvm.so+0x923700], sa_mask[0]=11111111011111111101111111111110, sa_flags=SA_RESTART|SA_SIGINFO
SIGINT: [libjvm.so+0x923700], sa_mask[0]=11111111011111111101111111111110, sa_flags=SA_RESTART|SA_SIGINFO
SIGTERM: [libjvm.so+0x923700], sa_mask[0]=11111111011111111101111111111110, sa_flags=SA_RESTART|SA_SIGINFO
SIGQUIT: [libjvm.so+0x923700], sa_mask[0]=11111111011111111101111111111110, sa_flags=SA_RESTART|SA_SIGINFO


---------------  S Y S T E M  ---------------

OS:DISTRIB_ID=Ubuntu
DISTRIB_RELEASE=16.10
DISTRIB_CODENAME=yakkety
DISTRIB_DESCRIPTION="Ubuntu 16.10"

uname:Linux 4.8.0-46-generic #49-Ubuntu SMP Fri Mar 31 13:57:14 UTC 2017 x86_64
libc:glibc 2.24 NPTL 2.24 
rlimit: STACK 8192k, CORE 0k, NPROC 30976, NOFILE 4096, AS infinity
load average:0,35 0,41 0,45

/proc/meminfo:
MemTotal:        8054856 kB
MemFree:         3720636 kB
MemAvailable:    4878692 kB
Buffers:           85952 kB
Cached:          1722104 kB
SwapCached:            0 kB
Active:          3064224 kB
Inactive:        1006384 kB
Active(anon):    2264244 kB
Inactive(anon):   474976 kB
Active(file):     799980 kB
Inactive(file):   531408 kB
Unevictable:         128 kB
Mlocked:             128 kB
SwapTotal:       8268796 kB
SwapFree:        8268796 kB
Dirty:              1044 kB
Writeback:             0 kB
AnonPages:       2213180 kB
Mapped:           445156 kB
Shmem:            476416 kB
Slab:             146036 kB
SReclaimable:      92528 kB
SUnreclaim:        53508 kB
KernelStack:       11280 kB
PageTables:        46440 kB
NFS_Unstable:          0 kB
Bounce:                0 kB
WritebackTmp:          0 kB
CommitLimit:    12296224 kB
Committed_AS:    7279128 kB
VmallocTotal:   34359738367 kB
VmallocUsed:           0 kB
VmallocChunk:          0 kB
HardwareCorrupted:     0 kB
AnonHugePages:   1312768 kB
ShmemHugePages:        0 kB
ShmemPmdMapped:        0 kB
CmaTotal:              0 kB
CmaFree:               0 kB
HugePages_Total:       0
HugePages_Free:        0
HugePages_Rsvd:        0
HugePages_Surp:        0
Hugepagesize:       2048 kB
DirectMap4k:      169552 kB
DirectMap2M:     6002688 kB
DirectMap1G:     2097152 kB


CPU:total 4 (2 cores per cpu, 2 threads per core) family 6 model 78 stepping 3, cmov, cx8, fxsr, mmx, sse, sse2, sse3, ssse3, sse4.1, sse4.2, popcnt, avx, avx2, aes, clmul, erms, 3dnowpref, lzcnt, ht, tsc, tscinvbit, bmi1, bmi2, adx

/proc/cpuinfo:
processor	: 0
vendor_id	: GenuineIntel
cpu family	: 6
model		: 78
model name	: Intel(R) Core(TM) i5-6200U CPU @ 2.30GHz
stepping	: 3
microcode	: 0x9e
cpu MHz		: 2700.000
cache size	: 3072 KB
physical id	: 0
siblings	: 4
core id		: 0
cpu cores	: 2
apicid		: 0
initial apicid	: 0
fpu		: yes
fpu_exception	: yes
cpuid level	: 22
wp		: yes
flags		: fpu vme de pse tsc msr pae mce cx8 apic sep mtrr pge mca cmov pat pse36 clflush dts acpi mmx fxsr sse sse2 ss ht tm pbe syscall nx pdpe1gb rdtscp lm constant_tsc art arch_perfmon pebs bts rep_good nopl xtopology nonstop_tsc aperfmperf eagerfpu pni pclmulqdq dtes64 monitor ds_cpl vmx est tm2 ssse3 sdbg fma cx16 xtpr pdcm pcid sse4_1 sse4_2 x2apic movbe popcnt tsc_deadline_timer aes xsave avx f16c rdrand lahf_lm abm 3dnowprefetch epb intel_pt tpr_shadow vnmi flexpriority ept vpid fsgsbase tsc_adjust bmi1 avx2 smep bmi2 erms invpcid mpx rdseed adx smap clflushopt xsaveopt xsavec xgetbv1 xsaves dtherm ida arat pln pts hwp hwp_notify hwp_act_window hwp_epp
bugs		:
bogomips	: 4800.00
clflush size	: 64
cache_alignment	: 64
address sizes	: 39 bits physical, 48 bits virtual
power management:

processor	: 1
vendor_id	: GenuineIntel
cpu family	: 6
model		: 78
model name	: Intel(R) Core(TM) i5-6200U CPU @ 2.30GHz
stepping	: 3
microcode	: 0x9e
cpu MHz		: 2700.000
cache size	: 3072 KB
physical id	: 0
siblings	: 4
core id		: 1
cpu cores	: 2
apicid		: 2
initial apicid	: 2
fpu		: yes
fpu_exception	: yes
cpuid level	: 22
wp		: yes
flags		: fpu vme de pse tsc msr pae mce cx8 apic sep mtrr pge mca cmov pat pse36 clflush dts acpi mmx fxsr sse sse2 ss ht tm pbe syscall nx pdpe1gb rdtscp lm constant_tsc art arch_perfmon pebs bts rep_good nopl xtopology nonstop_tsc aperfmperf eagerfpu pni pclmulqdq dtes64 monitor ds_cpl vmx est tm2 ssse3 sdbg fma cx16 xtpr pdcm pcid sse4_1 sse4_2 x2apic movbe popcnt tsc_deadline_timer aes xsave avx f16c rdrand lahf_lm abm 3dnowprefetch epb intel_pt tpr_shadow vnmi flexpriority ept vpid fsgsbase tsc_adjust bmi1 avx2 smep bmi2 erms invpcid mpx rdseed adx smap clflushopt xsaveopt xsavec xgetbv1 xsaves dtherm ida arat pln pts hwp hwp_notify hwp_act_window hwp_epp
bugs		:
bogomips	: 4800.00
clflush size	: 64
cache_alignment	: 64
address sizes	: 39 bits physical, 48 bits virtual
power management:

processor	: 2
vendor_id	: GenuineIntel
cpu family	: 6
model		: 78
model name	: Intel(R) Core(TM) i5-6200U CPU @ 2.30GHz
stepping	: 3
microcode	: 0x9e
cpu MHz		: 2700.000
cache size	: 3072 KB
physical id	: 0
siblings	: 4
core id		: 0
cpu cores	: 2
apicid		: 1
initial apicid	: 1
fpu		: yes
fpu_exception	: yes
cpuid level	: 22
wp		: yes
flags		: fpu vme de pse tsc msr pae mce cx8 apic sep mtrr pge mca cmov pat pse36 clflush dts acpi mmx fxsr sse sse2 ss ht tm pbe syscall nx pdpe1gb rdtscp lm constant_tsc art arch_perfmon pebs bts rep_good nopl xtopology nonstop_tsc aperfmperf eagerfpu pni pclmulqdq dtes64 monitor ds_cpl vmx est tm2 ssse3 sdbg fma cx16 xtpr pdcm pcid sse4_1 sse4_2 x2apic movbe popcnt tsc_deadline_timer aes xsave avx f16c rdrand lahf_lm abm 3dnowprefetch epb intel_pt tpr_shadow vnmi flexpriority ept vpid fsgsbase tsc_adjust bmi1 avx2 smep bmi2 erms invpcid mpx rdseed adx smap clflushopt xsaveopt xsavec xgetbv1 xsaves dtherm ida arat pln pts hwp hwp_notify hwp_act_window hwp_epp
bugs		:
bogomips	: 4800.00
clflush size	: 64
cache_alignment	: 64
address sizes	: 39 bits physical, 48 bits virtual
power management:

processor	: 3
vendor_id	: GenuineIntel
cpu family	: 6
model		: 78
model name	: Intel(R) Core(TM) i5-6200U CPU @ 2.30GHz
stepping	: 3
microcode	: 0x9e
cpu MHz		: 2699.853
cache size	: 3072 KB
physical id	: 0
siblings	: 4
core id		: 1
cpu cores	: 2
apicid		: 3
initial apicid	: 3
fpu		: yes
fpu_exception	: yes
cpuid level	: 22
wp		: yes
flags		: fpu vme de pse tsc msr pae mce cx8 apic sep mtrr pge mca cmov pat pse36 clflush dts acpi mmx fxsr sse sse2 ss ht tm pbe syscall nx pdpe1gb rdtscp lm constant_tsc art arch_perfmon pebs bts rep_good nopl xtopology nonstop_tsc aperfmperf eagerfpu pni pclmulqdq dtes64 monitor ds_cpl vmx est tm2 ssse3 sdbg fma cx16 xtpr pdcm pcid sse4_1 sse4_2 x2apic movbe popcnt tsc_deadline_timer aes xsave avx f16c rdrand lahf_lm abm 3dnowprefetch epb intel_pt tpr_shadow vnmi flexpriority ept vpid fsgsbase tsc_adjust bmi1 avx2 smep bmi2 erms invpcid mpx rdseed adx smap clflushopt xsaveopt xsavec xgetbv1 xsaves dtherm ida arat pln pts hwp hwp_notify hwp_act_window hwp_epp
bugs		:
bogomips	: 4800.00
clflush size	: 64
cache_alignment	: 64
address sizes	: 39 bits physical, 48 bits virtual
power management:



Memory: 4k page, physical 8054856k(3720512k free), swap 8268796k(8268796k free)

vm_info: Java HotSpot(TM) 64-Bit Server VM (25.121-b13) for linux-amd64 JRE (1.8.0_121-b13), built on Dec 12 2016 16:36:53 by "java_re" with gcc 4.3.0 20080428 (Red Hat 4.3.0-8)

time: Thu Apr 13 13:25:28 2017
elapsed time: 9 seconds (0d 0h 0m 9s)

