#
# A fatal error has been detected by the Java Runtime Environment:
#
#  SIGSEGV (0xb) at pc=0x00007f678a7c71fa, pid=22970, tid=0x00007f671b7fe700
#
# JRE version: Java(TM) SE Runtime Environment (8.0_121-b13) (build 1.8.0_121-b13)
# Java VM: Java HotSpot(TM) 64-Bit Server VM (25.121-b13 mixed mode linux-amd64 compressed oops)
# Problematic frame:
# V  [libjvm.so+0x6d31fa]  jni_invoke_nonstatic(JNIEnv_*, JavaValue*, _jobject*, JNICallType, _jmethodID*, JNI_ArgumentPusher*, Thread*)+0x93a
#
# Failed to write core dump. Core dumps have been disabled. To enable core dumping, try "ulimit -c unlimited" before starting Java again
#
# If you would like to submit a bug report, please visit:
#   http://bugreport.java.com/bugreport/crash.jsp
#

---------------  T H R E A D  ---------------

Current thread (0x00007f67340f9000):  JavaThread "JavaFX Application Thread" [_thread_in_vm, id=22996, stack(0x00007f671b6fe000,0x00007f671b7ff000)]

siginfo: si_signo: 11 (SIGSEGV), si_code: 1 (SEGV_MAPERR), si_addr: 0x0000000000000390

Registers:
RAX=0x000000000000003b, RBX=0x0000000000000005, RCX=0x0000000000000003, RDX=0x0000000000000000
RSP=0x00007f671b7fd0a0, RBP=0x00007f671b7fd220, RSI=0x00000001000aac30, RDI=0x00007f67340f91f8
R8 =0x000000000000003b, R9 =0x00007f671b7fd250, R10=0x00007f6710000a50, R11=0x00007f671b7fcc00
R12=0x00007f6700000020, R13=0x00007f6734043bd8, R14=0x0000000000000000, R15=0x00007f67340f8c88
RIP=0x00007f678a7c71fa, EFLAGS=0x0000000000010246, CSGSFS=0x002b000000000033, ERR=0x0000000000000004
  TRAPNO=0x000000000000000e

Top of Stack: (sp=0x00007f671b7fd0a0)
0x00007f671b7fd0a0:   00007f671b7fd7a0 00007f671b7fd3c0
0x00007f671b7fd0b0:   00007f671b7fd100 00007f671b7fd180
0x00007f671b7fd0c0:   00007f671b7fd250 00007f671b7fd2b0
0x00007f671b7fd0d0:   00007f67340f91f8 00007f678a7e6400
0x00007f671b7fd0e0:   00007f6740049c30 00007f6740049c40
0x00007f671b7fd0f0:   00007f674004a018 00000000000003d8
0x00007f671b7fd100:   0000000000000000 00000000d81ffad0
0x00007f671b7fd110:   00007f670000006f 00007f670000000a
0x00007f671b7fd120:   00000000d8871910 0000000000000000
0x00007f671b7fd130:   0000000000000000 0000000000000000
0x00007f671b7fd140:   00007f6770af3688 0000000100000100
0x00007f671b7fd150:   0000000000000000 00007f671b7fd108
0x00007f671b7fd160:   00007f671b7fd149 0000000800000005
0x00007f671b7fd170:   0000000000000000 00007f67340e62e0
0x00007f671b7fd180:   00007f678b054510 00007f678bb42720
0x00007f671b7fd190:   00000000340e62a0 00007f67340f9000
0x00007f671b7fd1a0:   0000000000000000 00007f678a7c6ccb
0x00007f671b7fd1b0:   00007f6770b02768 00007f67340f9000
0x00007f671b7fd1c0:   00007f6770b02768 00007f67340f9000
0x00007f671b7fd1d0:   00007f671b7fd360 00007f6770b02768
0x00007f671b7fd1e0:   00007f6770b02768 00007f6770b02768
0x00007f671b7fd1f0:   00007f6740049c30 00007f671b7fd250
0x00007f671b7fd200:   00007f67340f9000 00007f671b7fd290
0x00007f671b7fd210:   00007f6734043bd8 00007f67340f91f8
0x00007f671b7fd220:   00007f671b7fd310 00007f678a7cb09f
0x00007f671b7fd230:   00007f67340f9000 00007f67617feff4
0x00007f671b7fd240:   00007f671b7fd328 00007f6700000000
0x00007f671b7fd250:   00007f678b055170 00007f678bb42720
0x00007f671b7fd260:   000000001b7fd2d0 34eda92400000063
0x00007f671b7fd270:   0000000000000000 0000003000000018
0x00007f671b7fd280:   00007f671b7fd400 00007f671b7fd340
0x00007f671b7fd290:   00007f67340f9000 0000000000000000 

Instructions: (pc=0x00007f678a7c71fa)
0x00007f678a7c71da:   f8 fe 0f 84 72 f7 ff ff 48 8b 05 67 19 8a 00 80
0x00007f678a7c71ea:   38 00 0f 85 ed 00 00 00 49 8b 54 24 08 49 63 c0
0x00007f678a7c71fa:   4c 8b ac c2 b8 01 00 00 e9 50 f7 ff ff 66 0f 1f
0x00007f678a7c720a:   84 00 00 00 00 00 e8 4b b9 1d 00 89 c0 48 8d 14 

Register to memory mapping:

RAX=0x000000000000003b is an unknown value
RBX=0x0000000000000005 is an unknown value
RCX=0x0000000000000003 is an unknown value
RDX=0x0000000000000000 is an unknown value
RSP=0x00007f671b7fd0a0 is pointing into the stack for thread: 0x00007f67340f9000
RBP=0x00007f671b7fd220 is pointing into the stack for thread: 0x00007f67340f9000
RSI=0x00000001000aac30 is pointing into metadata
RDI=0x00007f67340f91f8 is an unknown value
R8 =0x000000000000003b is an unknown value
R9 =0x00007f671b7fd250 is pointing into the stack for thread: 0x00007f67340f9000
R10=0x00007f6710000a50 is an unknown value
R11=0x00007f671b7fcc00 is pointing into the stack for thread: 0x00007f67340f9000
R12=0x00007f6700000020 is an unknown value
R13=0x00007f6734043bd8 is an unknown value
R14=0x0000000000000000 is an unknown value
R15=0x00007f67340f8c88 is an unknown value


Stack: [0x00007f671b6fe000,0x00007f671b7ff000],  sp=0x00007f671b7fd0a0,  free space=1020k
Native frames: (J=compiled Java code, j=interpreted, Vv=VM code, C=native code)
V  [libjvm.so+0x6d31fa]  jni_invoke_nonstatic(JNIEnv_*, JavaValue*, _jobject*, JNICallType, _jmethodID*, JNI_ArgumentPusher*, Thread*)+0x93a
V  [libjvm.so+0x6d709f]  jni_CallVoidMethodV+0x10f
C  [libglass.so+0x13e51]  JNIEnv_::CallVoidMethod(_jobject*, _jmethodID*, ...)+0x81
C  [libglass.so+0x1876f]  WindowContextBase::process_key(_GdkEventKey*)+0x20f
C  [libglass.so+0x15fe0]  WindowContextBase::im_filter_keypress(_GdkEventKey*)+0x1c0
C  [libglass.so+0x20a3c]  process_events(_GdkEvent*, void*)+0x22c
C  [libgdk-x11-2.0.so.0+0x5acdc]

Java frames: (J=compiled Java code, j=interpreted, Vv=VM code)
j  com.sun.glass.ui.gtk.GtkApplication._runLoop(Ljava/lang/Runnable;Z)V+0
j  com.sun.glass.ui.gtk.GtkApplication.lambda$null$49(Ljava/lang/Runnable;Z)V+7
j  com.sun.glass.ui.gtk.GtkApplication$$Lambda$43.run()V+12
j  java.lang.Thread.run()V+11
v  ~StubRoutines::call_stub

---------------  P R O C E S S  ---------------

Java Threads: ( => current thread )
  0x00007f678400a000 JavaThread "DestroyJavaVM" [_thread_blocked, id=22974, stack(0x00007f678bbe6000,0x00007f678bce7000)]
  0x00007f6784136800 JavaThread "Thread-5" [_thread_blocked, id=22999, stack(0x00007f671a1fe000,0x00007f671a2ff000)]
  0x00007f678413c000 JavaThread "Thread-4" [_thread_in_native, id=22998, stack(0x00007f671a2ff000,0x00007f671a400000)]
  0x00007f671019d000 JavaThread "Prism Font Disposer" daemon [_thread_blocked, id=22997, stack(0x00007f671ac17000,0x00007f671ad18000)]
=>0x00007f67340f9000 JavaThread "JavaFX Application Thread" [_thread_in_vm, id=22996, stack(0x00007f671b6fe000,0x00007f671b7ff000)]
  0x00007f67340f5000 JavaThread "Thread-3" daemon [_thread_blocked, id=22995, stack(0x00007f6720081000,0x00007f6720182000)]
  0x00007f673403f000 JavaThread "QuantumRenderer-0" daemon [_thread_blocked, id=22991, stack(0x00007f6762296000,0x00007f6762397000)]
  0x00007f6730082800 JavaThread "JavaFX-Launcher" [_thread_blocked, id=22990, stack(0x00007f6762397000,0x00007f6762498000)]
  0x00007f6784158000 JavaThread "Thread-0" [_thread_blocked, id=22989, stack(0x00007f6762498000,0x00007f6762599000)]
  0x00007f67840d3000 JavaThread "Service Thread" daemon [_thread_blocked, id=22987, stack(0x00007f676272f000,0x00007f6762830000)]
  0x00007f67840be000 JavaThread "C1 CompilerThread2" daemon [_thread_blocked, id=22986, stack(0x00007f6762830000,0x00007f6762931000)]
  0x00007f67840bc800 JavaThread "C2 CompilerThread1" daemon [_thread_in_native, id=22985, stack(0x00007f6762931000,0x00007f6762a32000)]
  0x00007f67840b9800 JavaThread "C2 CompilerThread0" daemon [_thread_in_native, id=22984, stack(0x00007f6762a32000,0x00007f6762b33000)]
  0x00007f67840b8000 JavaThread "Signal Dispatcher" daemon [_thread_blocked, id=22983, stack(0x00007f6762b33000,0x00007f6762c34000)]
  0x00007f6784084000 JavaThread "Finalizer" daemon [_thread_blocked, id=22982, stack(0x00007f676308e000,0x00007f676318f000)]
  0x00007f678407f800 JavaThread "Reference Handler" daemon [_thread_blocked, id=22981, stack(0x00007f676318f000,0x00007f6763290000)]

Other Threads:
  0x00007f6784077800 VMThread [stack: 0x00007f6763290000,0x00007f6763391000] [id=22980]
  0x00007f67840d6000 WatcherThread [stack: 0x00007f676262e000,0x00007f676272f000] [id=22988]

VM state:not at safepoint (normal execution)

VM Mutex/Monitor currently owned by a thread: None

Heap:
 PSYoungGen      total 36864K, used 11099K [0x00000000d7000000, 0x00000000d9900000, 0x0000000100000000)
  eden space 31744K, 18% used [0x00000000d7000000,0x00000000d75d8d08,0x00000000d8f00000)
  from space 5120K, 99% used [0x00000000d8f00000,0x00000000d93fe068,0x00000000d9400000)
  to   space 5120K, 0% used [0x00000000d9400000,0x00000000d9400000,0x00000000d9900000)
 ParOldGen       total 84992K, used 648K [0x0000000085000000, 0x000000008a300000, 0x00000000d7000000)
  object space 84992K, 0% used [0x0000000085000000,0x00000000850a2000,0x000000008a300000)
 Metaspace       used 14826K, capacity 15648K, committed 15872K, reserved 1062912K
  class space    used 2244K, capacity 2453K, committed 2560K, reserved 1048576K

Card table byte_map: [0x00007f67885b5000,0x00007f678898e000] byte_map_base: 0x00007f678818d000

Marking Bits: (ParMarkBitMap*) 0x00007f678b0b8c80
 Begin Bits: [0x00007f677117f000, 0x00007f677303f000)
 End Bits:   [0x00007f677303f000, 0x00007f6774eff000)

Polling page: 0x00007f678bd05000

CodeCache: size=245760Kb used=3940Kb max_used=3940Kb free=241819Kb
 bounds [0x00007f6775000000, 0x00007f67753e0000, 0x00007f6784000000]
 total_blobs=1782 nmethods=1157 adapters=538
 compilation: enabled

Compilation events (10 events):
Event: 2,210 Thread 0x00007f67840be000 1157       3       javafx.scene.Node::impl_isTreeVisible (8 bytes)
Event: 2,210 Thread 0x00007f67840bc800 1158       4       java.lang.Math::ceil (5 bytes)
Event: 2,210 Thread 0x00007f67840be000 nmethod 1157 0x00007f67753d9010 code [0x00007f67753d91a0, 0x00007f67753d9650]
Event: 2,211 Thread 0x00007f67840be000 1152       3       javafx.beans.property.ReadOnlyBooleanProperty::<init> (5 bytes)
Event: 2,211 Thread 0x00007f67840be000 nmethod 1152 0x00007f67753d9890 code [0x00007f67753d9a00, 0x00007f67753d9c10]
Event: 2,211 Thread 0x00007f67840be000 1155       3       java.lang.Character::charCount (12 bytes)
Event: 2,211 Thread 0x00007f67840be000 nmethod 1155 0x00007f67753d9d10 code [0x00007f67753d9e80, 0x00007f67753da010]
Event: 2,211 Thread 0x00007f67840be000 1159       3       com.sun.javafx.geom.RectBounds::makeEmpty (23 bytes)
Event: 2,211 Thread 0x00007f67840be000 nmethod 1159 0x00007f67753da090 code [0x00007f67753da1e0, 0x00007f67753da350]
Event: 2,211 Thread 0x00007f67840be000 1160       3       com.sun.glass.ui.Application::checkEventThread (48 bytes)

GC Heap History (2 events):
Event: 2,004 GC heap before
{Heap before GC invocations=1 (full 0):
 PSYoungGen      total 36864K, used 31174K [0x00000000d7000000, 0x00000000d9900000, 0x0000000100000000)
  eden space 31744K, 98% used [0x00000000d7000000,0x00000000d8e71a90,0x00000000d8f00000)
  from space 5120K, 0% used [0x00000000d9400000,0x00000000d9400000,0x00000000d9900000)
  to   space 5120K, 0% used [0x00000000d8f00000,0x00000000d8f00000,0x00000000d9400000)
 ParOldGen       total 84992K, used 0K [0x0000000085000000, 0x000000008a300000, 0x00000000d7000000)
  object space 84992K, 0% used [0x0000000085000000,0x0000000085000000,0x000000008a300000)
 Metaspace       used 13831K, capacity 14480K, committed 14592K, reserved 1060864K
  class space    used 2072K, capacity 2247K, committed 2304K, reserved 1048576K
Event: 2,014 GC heap after
Heap after GC invocations=1 (full 0):
 PSYoungGen      total 36864K, used 5112K [0x00000000d7000000, 0x00000000d9900000, 0x0000000100000000)
  eden space 31744K, 0% used [0x00000000d7000000,0x00000000d7000000,0x00000000d8f00000)
  from space 5120K, 99% used [0x00000000d8f00000,0x00000000d93fe068,0x00000000d9400000)
  to   space 5120K, 0% used [0x00000000d9400000,0x00000000d9400000,0x00000000d9900000)
 ParOldGen       total 84992K, used 648K [0x0000000085000000, 0x000000008a300000, 0x00000000d7000000)
  object space 84992K, 0% used [0x0000000085000000,0x00000000850a2000,0x000000008a300000)
 Metaspace       used 13831K, capacity 14480K, committed 14592K, reserved 1060864K
  class space    used 2072K, capacity 2247K, committed 2304K, reserved 1048576K
}

Deoptimization events (10 events):
Event: 1,200 Thread 0x00007f67340f9000 Uncommon trap: reason=class_check action=maybe_recompile pc=0x00007f6775235574 method=java.io.DataInputStream.readShort()S @ 4
Event: 1,200 Thread 0x00007f67340f9000 Uncommon trap: reason=class_check action=maybe_recompile pc=0x00007f6775235574 method=java.io.DataInputStream.readShort()S @ 4
Event: 1,208 Thread 0x00007f67340f9000 Uncommon trap: reason=class_check action=maybe_recompile pc=0x00007f67751116b8 method=java.lang.String.equals(Ljava/lang/Object;)Z @ 8
Event: 1,208 Thread 0x00007f67340f9000 Uncommon trap: reason=class_check action=maybe_recompile pc=0x00007f67751116b8 method=java.lang.String.equals(Ljava/lang/Object;)Z @ 8
Event: 1,208 Thread 0x00007f67340f9000 Uncommon trap: reason=class_check action=maybe_recompile pc=0x00007f67751116b8 method=java.lang.String.equals(Ljava/lang/Object;)Z @ 8
Event: 1,271 Thread 0x00007f67340f9000 Uncommon trap: reason=class_check action=maybe_recompile pc=0x00007f67751116b8 method=java.lang.String.equals(Ljava/lang/Object;)Z @ 8
Event: 1,350 Thread 0x00007f67340f9000 Uncommon trap: reason=unstable_if action=reinterpret pc=0x00007f67752890e8 method=sun.net.www.ParseUtil.encodePath(Ljava/lang/String;Z)Ljava/lang/String; @ 109
Event: 1,461 Thread 0x00007f67340f9000 Uncommon trap: reason=unstable_if action=reinterpret pc=0x00007f67752c8b04 method=jdk.internal.org.objectweb.asm.Type.getArgumentsAndReturnSizes(Ljava/lang/String;)I @ 47
Event: 2,100 Thread 0x00007f67340f9000 Uncommon trap: reason=unstable_if action=reinterpret pc=0x00007f67751cbe24 method=java.lang.String.indexOf([CII[CIII)I @ 3
Event: 2,204 Thread 0x00007f67340f9000 Uncommon trap: reason=unstable_if action=reinterpret pc=0x00007f67751a93ac method=java.lang.String.startsWith(Ljava/lang/String;I)Z @ 25

Internal exceptions (10 events):
Event: 0,194 Thread 0x00007f6784158000 Exception <a 'java/lang/NoSuchFieldError': method resolution failed> (0x00000000d730a9b0) thrown at [/HUDSON3/workspace/8-2-build-linux-amd64/jdk8u121/8372/hotspot/src/share/vm/prims/methodHandles.cpp, line 1146]
Event: 0,222 Thread 0x00007f6730082800 Exception <a 'java/security/PrivilegedActionException'> (0x00000000d73e1820) thrown at [/HUDSON3/workspace/8-2-build-linux-amd64/jdk8u121/8372/hotspot/src/share/vm/prims/jvm.cpp, line 1390]
Event: 0,222 Thread 0x00007f6730082800 Exception <a 'java/security/PrivilegedActionException'> (0x00000000d73e1a30) thrown at [/HUDSON3/workspace/8-2-build-linux-amd64/jdk8u121/8372/hotspot/src/share/vm/prims/jvm.cpp, line 1390]
Event: 0,222 Thread 0x00007f6730082800 Exception <a 'java/security/PrivilegedActionException'> (0x00000000d73e3e98) thrown at [/HUDSON3/workspace/8-2-build-linux-amd64/jdk8u121/8372/hotspot/src/share/vm/prims/jvm.cpp, line 1390]
Event: 0,222 Thread 0x00007f6730082800 Exception <a 'java/security/PrivilegedActionException'> (0x00000000d73e40a8) thrown at [/HUDSON3/workspace/8-2-build-linux-amd64/jdk8u121/8372/hotspot/src/share/vm/prims/jvm.cpp, line 1390]
Event: 0,223 Thread 0x00007f6730082800 Exception <a 'java/lang/NullPointerException'> (0x00000000d73e4680) thrown at [/HUDSON3/workspace/8-2-build-linux-amd64/jdk8u121/8372/hotspot/src/share/vm/interpreter/linkResolver.cpp, line 1178]
Event: 0,473 Thread 0x00007f67340f9000 Exception <a 'java/lang/NullPointerException'> (0x00000000d7ae3970) thrown at [/HUDSON3/workspace/8-2-build-linux-amd64/jdk8u121/8372/hotspot/src/share/vm/interpreter/linkResolver.cpp, line 1178]
Event: 0,473 Thread 0x00007f67340f9000 Exception <a 'java/lang/NullPointerException'> (0x00000000d7ae3970) thrown at [/HUDSON3/workspace/8-2-build-linux-amd64/jdk8u121/8372/hotspot/src/share/vm/prims/jvm.cpp, line 1394]
Event: 0,649 Thread 0x00007f67340f9000 Implicit null exception at 0x00007f67752448f5 to 0x00007f6775244ad1
Event: 2,068 Thread 0x00007f67340f9000 Exception <a 'java/io/FileNotFoundException'> (0x00000000d7299388) thrown at [/HUDSON3/workspace/8-2-build-linux-amd64/jdk8u121/8372/hotspot/src/share/vm/prims/jni.cpp, line 709]

Events (10 events):
Event: 2,170 loading class com/sun/javafx/effect/EffectDirtyBits done
Event: 2,171 loading class javafx/scene/shape/SVGPath$1
Event: 2,171 loading class javafx/scene/shape/SVGPath$1 done
Event: 2,171 loading class javafx/scene/shape/SVGPath$2
Event: 2,171 loading class javafx/scene/shape/SVGPath$2 done
Event: 2,171 loading class com/sun/javafx/sg/prism/NGSVGPath
Event: 2,171 loading class com/sun/javafx/sg/prism/NGSVGPath done
Event: 2,204 Thread 0x00007f67340f9000 Uncommon trap: trap_request=0xffffff65 fr.pc=0x00007f67751a93ac
Event: 2,204 Thread 0x00007f67340f9000 DEOPT PACKING pc=0x00007f67751a93ac sp=0x00007f671b7f9fd0
Event: 2,204 Thread 0x00007f67340f9000 DEOPT UNPACKING pc=0x00007f6775005229 sp=0x00007f671b7f9f68 mode 2


Dynamic libraries:
00400000-00401000 r-xp 00000000 08:05 2243241                            /usr/lib/jvm/java-8-oracle/bin/java
00600000-00601000 rw-p 00000000 08:05 2243241                            /usr/lib/jvm/java-8-oracle/bin/java
00653000-00674000 rw-p 00000000 00:00 0                                  [heap]
85000000-8a300000 rw-p 00000000 00:00 0 
8a300000-d7000000 ---p 00000000 00:00 0 
d7000000-d9900000 rw-p 00000000 00:00 0 
d9900000-100000000 ---p 00000000 00:00 0 
100000000-100280000 rw-p 00000000 00:00 0 
100280000-140000000 ---p 00000000 00:00 0 
7f66f4000000-7f66f4021000 rw-p 00000000 00:00 0 
7f66f4021000-7f66f8000000 ---p 00000000 00:00 0 
7f66fc000000-7f66fc021000 rw-p 00000000 00:00 0 
7f66fc021000-7f6700000000 ---p 00000000 00:00 0 
7f6700000000-7f6700021000 rw-p 00000000 00:00 0 
7f6700021000-7f6704000000 ---p 00000000 00:00 0 
7f6704000000-7f6704021000 rw-p 00000000 00:00 0 
7f6704021000-7f6708000000 ---p 00000000 00:00 0 
7f670c000000-7f670c021000 rw-p 00000000 00:00 0 
7f670c021000-7f6710000000 ---p 00000000 00:00 0 
7f6710000000-7f671051a000 rw-p 00000000 00:00 0 
7f671051a000-7f6714000000 ---p 00000000 00:00 0 
7f6714000000-7f6714022000 rw-p 00000000 00:00 0 
7f6714022000-7f6718000000 ---p 00000000 00:00 0 
7f6719ffa000-7f6719ffe000 r--s 0009a000 08:05 2243269                    /usr/lib/jvm/java-8-oracle/jre/lib/jsse.jar
7f6719ffe000-7f671a0fe000 rw-p 00000000 00:00 0 
7f671a0fe000-7f671a1fe000 ---p 00000000 00:00 0 
7f671a1fe000-7f671a201000 ---p 00000000 00:00 0 
7f671a201000-7f671a2ff000 rw-p 00000000 00:00 0 
7f671a2ff000-7f671a302000 ---p 00000000 00:00 0 
7f671a302000-7f671a400000 rw-p 00000000 00:00 0 
7f671a400000-7f671a416000 r-xp 00000000 08:05 2243325                    /usr/lib/jvm/java-8-oracle/jre/lib/amd64/libnet.so
7f671a416000-7f671a616000 ---p 00016000 08:05 2243325                    /usr/lib/jvm/java-8-oracle/jre/lib/amd64/libnet.so
7f671a616000-7f671a617000 rw-p 00016000 08:05 2243325                    /usr/lib/jvm/java-8-oracle/jre/lib/amd64/libnet.so
7f671a617000-7f671a677000 rw-s 00000000 00:05 492307                     /drm mm object (deleted)
7f671a677000-7f671a685000 rw-s 00000000 00:05 492306                     /drm mm object (deleted)
7f671a685000-7f671a687000 rw-s 102825000 00:06 391                       /dev/dri/card0
7f671a687000-7f671a847000 rw-s 102665000 00:06 391                       /dev/dri/card0
7f671a847000-7f671aa07000 rw-s 00000000 00:05 492299                     /drm mm object (deleted)
7f671aa07000-7f671aa17000 rw-s 00000000 00:05 492303                     /drm mm object (deleted)
7f671aa17000-7f671ac17000 rw-p 00000000 00:00 0 
7f671ac17000-7f671ac1a000 ---p 00000000 00:00 0 
7f671ac1a000-7f671ad18000 rw-p 00000000 00:00 0 
7f671ad18000-7f671add1000 r--p 00000000 08:05 918436                     /usr/share/fonts/truetype/dejavu/DejaVuSans.ttf
7f671add1000-7f671ae0d000 r--p 00000000 08:05 2243419                    /usr/lib/jvm/java-8-oracle/jre/lib/fonts/LucidaTypewriterRegular.ttf
7f671ae0d000-7f671ae47000 r--p 00000000 08:05 2243415                    /usr/lib/jvm/java-8-oracle/jre/lib/fonts/LucidaTypewriterBold.ttf
7f671ae47000-7f671aef2000 r--p 00000000 08:05 2243413                    /usr/lib/jvm/java-8-oracle/jre/lib/fonts/LucidaSansRegular.ttf
7f671aef2000-7f671aef6000 r-xp 00000000 08:05 2243362                    /usr/lib/jvm/java-8-oracle/jre/lib/amd64/libjavafx_font_pango.so
7f671aef6000-7f671b0f5000 ---p 00004000 08:05 2243362                    /usr/lib/jvm/java-8-oracle/jre/lib/amd64/libjavafx_font_pango.so
7f671b0f5000-7f671b0f6000 rw-p 00003000 08:05 2243362                    /usr/lib/jvm/java-8-oracle/jre/lib/amd64/libjavafx_font_pango.so
7f671b0f6000-7f671b2f6000 rw-p 00000000 00:00 0 
7f671b2f6000-7f671b2fb000 r-xp 00000000 08:05 2243358                    /usr/lib/jvm/java-8-oracle/jre/lib/amd64/libjavafx_font_freetype.so
7f671b2fb000-7f671b4fa000 ---p 00005000 08:05 2243358                    /usr/lib/jvm/java-8-oracle/jre/lib/amd64/libjavafx_font_freetype.so
7f671b4fa000-7f671b4fb000 rw-p 00004000 08:05 2243358                    /usr/lib/jvm/java-8-oracle/jre/lib/amd64/libjavafx_font_freetype.so
7f671b4fb000-7f671b4fe000 r-xp 00000000 08:05 2243320                    /usr/lib/jvm/java-8-oracle/jre/lib/amd64/libjavafx_font.so
7f671b4fe000-7f671b6fd000 ---p 00003000 08:05 2243320                    /usr/lib/jvm/java-8-oracle/jre/lib/amd64/libjavafx_font.so
7f671b6fd000-7f671b6fe000 rw-p 00002000 08:05 2243320                    /usr/lib/jvm/java-8-oracle/jre/lib/amd64/libjavafx_font.so
7f671b6fe000-7f671b701000 ---p 00000000 00:00 0 
7f671b701000-7f671b7ff000 rw-p 00000000 00:00 0 
7f671b7ff000-7f671b800000 ---p 00000000 00:00 0 
7f671b800000-7f671c000000 rw-p 00000000 00:00 0 
7f671c000000-7f671c021000 rw-p 00000000 00:00 0 
7f671c021000-7f6720000000 ---p 00000000 00:00 0 
7f6720001000-7f6720009000 rw-s 00000000 00:05 492302                     /drm mm object (deleted)
7f6720009000-7f6720019000 rw-s 00000000 00:05 492301                     /drm mm object (deleted)
7f6720019000-7f672002c000 r--s 00345000 08:05 2243549                    /usr/lib/jvm/java-8-oracle/jre/lib/resources.jar
7f672002c000-7f6720081000 r--p 00000000 08:05 2243416                    /usr/lib/jvm/java-8-oracle/jre/lib/fonts/LucidaBrightRegular.ttf
7f6720081000-7f6720084000 ---p 00000000 00:00 0 
7f6720084000-7f6720182000 rw-p 00000000 00:00 0 
7f6720182000-7f6720183000 ---p 00000000 00:00 0 
7f6720183000-7f6720983000 rw-p 00000000 00:00 0 
7f6720983000-7f6720984000 ---p 00000000 00:00 0 
7f6720984000-7f6721184000 rw-p 00000000 00:00 0 
7f6721184000-7f6721190000 r-xp 00000000 08:05 133762                     /usr/lib/x86_64-linux-gnu/gio/modules/libdconfsettings.so
7f6721190000-7f672138f000 ---p 0000c000 08:05 133762                     /usr/lib/x86_64-linux-gnu/gio/modules/libdconfsettings.so
7f672138f000-7f6721390000 r--p 0000b000 08:05 133762                     /usr/lib/x86_64-linux-gnu/gio/modules/libdconfsettings.so
7f6721390000-7f6721391000 rw-p 0000c000 08:05 133762                     /usr/lib/x86_64-linux-gnu/gio/modules/libdconfsettings.so
7f6721391000-7f6721398000 r-xp 00000000 08:05 2239720                    /usr/lib/x86_64-linux-gnu/libogg.so.0.8.2
7f6721398000-7f6721598000 ---p 00007000 08:05 2239720                    /usr/lib/x86_64-linux-gnu/libogg.so.0.8.2
7f6721598000-7f6721599000 r--p 00007000 08:05 2239720                    /usr/lib/x86_64-linux-gnu/libogg.so.0.8.2
7f6721599000-7f672159a000 rw-p 00008000 08:05 2239720                    /usr/lib/x86_64-linux-gnu/libogg.so.0.8.2
7f672159a000-7f67215c4000 r-xp 00000000 08:05 2240153                    /usr/lib/x86_64-linux-gnu/libvorbis.so.0.4.8
7f67215c4000-7f67217c4000 ---p 0002a000 08:05 2240153                    /usr/lib/x86_64-linux-gnu/libvorbis.so.0.4.8
7f67217c4000-7f67217c5000 r--p 0002a000 08:05 2240153                    /usr/lib/x86_64-linux-gnu/libvorbis.so.0.4.8
7f67217c5000-7f67217c6000 rw-p 0002b000 08:05 2240153                    /usr/lib/x86_64-linux-gnu/libvorbis.so.0.4.8
7f67217c6000-7f67217ce000 r-xp 00000000 08:05 2239564                    /usr/lib/x86_64-linux-gnu/libltdl.so.7.3.1
7f67217ce000-7f67219ce000 ---p 00008000 08:05 2239564                    /usr/lib/x86_64-linux-gnu/libltdl.so.7.3.1
7f67219ce000-7f67219cf000 r--p 00008000 08:05 2239564                    /usr/lib/x86_64-linux-gnu/libltdl.so.7.3.1
7f67219cf000-7f67219d0000 rw-p 00009000 08:05 2239564                    /usr/lib/x86_64-linux-gnu/libltdl.so.7.3.1
7f67219d0000-7f67219e4000 r-xp 00000000 08:05 2239986                    /usr/lib/x86_64-linux-gnu/libtdb.so.1.3.9
7f67219e4000-7f6721be3000 ---p 00014000 08:05 2239986                    /usr/lib/x86_64-linux-gnu/libtdb.so.1.3.9
7f6721be3000-7f6721be4000 r--p 00013000 08:05 2239986                    /usr/lib/x86_64-linux-gnu/libtdb.so.1.3.9
7f6721be4000-7f6721be5000 rw-p 00014000 08:05 2239986                    /usr/lib/x86_64-linux-gnu/libtdb.so.1.3.9
7f6721be5000-7f6721bec000 r-xp 00000000 08:05 2240157                    /usr/lib/x86_64-linux-gnu/libvorbisfile.so.3.3.7
7f6721bec000-7f6721dec000 ---p 00007000 08:05 2240157                    /usr/lib/x86_64-linux-gnu/libvorbisfile.so.3.3.7
7f6721dec000-7f6721ded000 r--p 00007000 08:05 2240157                    /usr/lib/x86_64-linux-gnu/libvorbisfile.so.3.3.7
7f6721ded000-7f6721dee000 rw-p 00008000 08:05 2240157                    /usr/lib/x86_64-linux-gnu/libvorbisfile.so.3.3.7
7f6721dee000-7f6721dfe000 r-xp 00000000 08:05 2238920                    /usr/lib/x86_64-linux-gnu/libcanberra.so.0.2.5
7f6721dfe000-7f6721ffe000 ---p 00010000 08:05 2238920                    /usr/lib/x86_64-linux-gnu/libcanberra.so.0.2.5
7f6721ffe000-7f6721fff000 r--p 00010000 08:05 2238920                    /usr/lib/x86_64-linux-gnu/libcanberra.so.0.2.5
7f6721fff000-7f6722000000 rw-p 00011000 08:05 2238920                    /usr/lib/x86_64-linux-gnu/libcanberra.so.0.2.5
7f6722000000-7f6722004000 r-xp 00000000 08:05 2238916                    /usr/lib/x86_64-linux-gnu/libcanberra-gtk.so.0.1.9
7f6722004000-7f6722203000 ---p 00004000 08:05 2238916                    /usr/lib/x86_64-linux-gnu/libcanberra-gtk.so.0.1.9
7f6722203000-7f6722204000 r--p 00003000 08:05 2238916                    /usr/lib/x86_64-linux-gnu/libcanberra-gtk.so.0.1.9
7f6722204000-7f6722205000 rw-p 00004000 08:05 2238916                    /usr/lib/x86_64-linux-gnu/libcanberra-gtk.so.0.1.9
7f6722205000-7f672220a000 r-xp 00000000 08:05 133969                     /usr/lib/x86_64-linux-gnu/gtk-2.0/modules/libcanberra-gtk-module.so
7f672220a000-7f6722409000 ---p 00005000 08:05 133969                     /usr/lib/x86_64-linux-gnu/gtk-2.0/modules/libcanberra-gtk-module.so
7f6722409000-7f672240a000 r--p 00004000 08:05 133969                     /usr/lib/x86_64-linux-gnu/gtk-2.0/modules/libcanberra-gtk-module.so
7f672240a000-7f672240b000 rw-p 00005000 08:05 133969                     /usr/lib/x86_64-linux-gnu/gtk-2.0/modules/libcanberra-gtk-module.so
7f672240b000-7f672243b000 r-xp 00000000 08:05 133951                     /usr/lib/x86_64-linux-gnu/gtk-2.0/2.10.0/engines/libmurrine.so
7f672243b000-7f672263b000 ---p 00030000 08:05 133951                     /usr/lib/x86_64-linux-gnu/gtk-2.0/2.10.0/engines/libmurrine.so
7f672263b000-7f672263c000 r--p 00030000 08:05 133951                     /usr/lib/x86_64-linux-gnu/gtk-2.0/2.10.0/engines/libmurrine.so
7f672263c000-7f672263d000 rw-p 00031000 08:05 133951                     /usr/lib/x86_64-linux-gnu/gtk-2.0/2.10.0/engines/libmurrine.so
7f672263d000-7f672264d000 r-xp 00000000 08:05 2240079                    /usr/lib/x86_64-linux-gnu/libunity-gtk2-parser.so.0.0.0
7f672264d000-7f672284d000 ---p 00010000 08:05 2240079                    /usr/lib/x86_64-linux-gnu/libunity-gtk2-parser.so.0.0.0
7f672284d000-7f672284e000 r--p 00010000 08:05 2240079                    /usr/lib/x86_64-linux-gnu/libunity-gtk2-parser.so.0.0.0
7f672284e000-7f672284f000 rw-p 00011000 08:05 2240079                    /usr/lib/x86_64-linux-gnu/libunity-gtk2-parser.so.0.0.0
7f672284f000-7f6722854000 r-xp 00000000 08:05 133973                     /usr/lib/x86_64-linux-gnu/gtk-2.0/modules/libunity-gtk-module.so
7f6722854000-7f6722a53000 ---p 00005000 08:05 133973                     /usr/lib/x86_64-linux-gnu/gtk-2.0/modules/libunity-gtk-module.so
7f6722a53000-7f6722a54000 r--p 00004000 08:05 133973                     /usr/lib/x86_64-linux-gnu/gtk-2.0/modules/libunity-gtk-module.so
7f6722a54000-7f6722a55000 rw-p 00005000 08:05 133973                     /usr/lib/x86_64-linux-gnu/gtk-2.0/modules/libunity-gtk-module.so
7f6722a55000-7f6722a77000 r-xp 00000000 08:05 398679                     /lib/x86_64-linux-gnu/liblzma.so.5.0.0
7f6722a77000-7f6722c76000 ---p 00022000 08:05 398679                     /lib/x86_64-linux-gnu/liblzma.so.5.0.0
7f6722c76000-7f6722c77000 r--p 00021000 08:05 398679                     /lib/x86_64-linux-gnu/liblzma.so.5.0.0
7f6722c77000-7f6722c78000 rw-p 00022000 08:05 398679                     /lib/x86_64-linux-gnu/liblzma.so.5.0.0
7f6722c78000-7f6722cc2000 r-xp 00000000 08:05 399570                     /lib/x86_64-linux-gnu/libdbus-1.so.3.14.7
7f6722cc2000-7f6722ec2000 ---p 0004a000 08:05 399570                     /lib/x86_64-linux-gnu/libdbus-1.so.3.14.7
7f6722ec2000-7f6722ec3000 r--p 0004a000 08:05 399570                     /lib/x86_64-linux-gnu/libdbus-1.so.3.14.7
7f6722ec3000-7f6722ec4000 rw-p 0004b000 08:05 399570                     /lib/x86_64-linux-gnu/libdbus-1.so.3.14.7
7f6722ec4000-7f6722ef0000 r-xp 00000000 08:05 2238852                    /usr/lib/x86_64-linux-gnu/libatspi.so.0.0.1
7f6722ef0000-7f67230ef000 ---p 0002c000 08:05 2238852                    /usr/lib/x86_64-linux-gnu/libatspi.so.0.0.1
7f67230ef000-7f67230f2000 r--p 0002b000 08:05 2238852                    /usr/lib/x86_64-linux-gnu/libatspi.so.0.0.1
7f67230f2000-7f67230f3000 rw-p 0002e000 08:05 2238852                    /usr/lib/x86_64-linux-gnu/libatspi.so.0.0.1
7f67230f3000-7f6723120000 r-xp 00000000 08:05 2238846                    /usr/lib/x86_64-linux-gnu/libatk-bridge-2.0.so.0.0.0
7f6723120000-7f672331f000 ---p 0002d000 08:05 2238846                    /usr/lib/x86_64-linux-gnu/libatk-bridge-2.0.so.0.0.0
7f672331f000-7f6723320000 r--p 0002c000 08:05 2238846                    /usr/lib/x86_64-linux-gnu/libatk-bridge-2.0.so.0.0.0
7f6723320000-7f6723322000 rw-p 0002d000 08:05 2238846                    /usr/lib/x86_64-linux-gnu/libatk-bridge-2.0.so.0.0.0
7f6723322000-7f6723323000 r-xp 00000000 08:05 133968                     /usr/lib/x86_64-linux-gnu/gtk-2.0/modules/libatk-bridge.so
7f6723323000-7f6723522000 ---p 00001000 08:05 133968                     /usr/lib/x86_64-linux-gnu/gtk-2.0/modules/libatk-bridge.so
7f6723522000-7f6723523000 r--p 00000000 08:05 133968                     /usr/lib/x86_64-linux-gnu/gtk-2.0/modules/libatk-bridge.so
7f6723523000-7f6723524000 rw-p 00001000 08:05 133968                     /usr/lib/x86_64-linux-gnu/gtk-2.0/modules/libatk-bridge.so
7f6723524000-7f672352b000 r-xp 00000000 08:05 2228785                    /usr/lib/x86_64-linux-gnu/libgailutil.so.18.0.1
7f672352b000-7f672372a000 ---p 00007000 08:05 2228785                    /usr/lib/x86_64-linux-gnu/libgailutil.so.18.0.1
7f672372a000-7f672372b000 r--p 00006000 08:05 2228785                    /usr/lib/x86_64-linux-gnu/libgailutil.so.18.0.1
7f672372b000-7f672372c000 rw-p 00007000 08:05 2228785                    /usr/lib/x86_64-linux-gnu/libgailutil.so.18.0.1
7f672372c000-7f672377a000 r-xp 00000000 08:05 132695                     /usr/lib/x86_64-linux-gnu/gtk-2.0/modules/libgail.so
7f672377a000-7f6723979000 ---p 0004e000 08:05 132695                     /usr/lib/x86_64-linux-gnu/gtk-2.0/modules/libgail.so
7f6723979000-7f672397a000 r--p 0004d000 08:05 132695                     /usr/lib/x86_64-linux-gnu/gtk-2.0/modules/libgail.so
7f672397a000-7f672397c000 rw-p 0004e000 08:05 132695                     /usr/lib/x86_64-linux-gnu/gtk-2.0/modules/libgail.so
7f672397c000-7f672398d000 r-xp 00000000 08:05 132122                     /usr/lib/x86_64-linux-gnu/gtk-2.0/modules/liboverlay-scrollbar.so
7f672398d000-7f6723b8d000 ---p 00011000 08:05 132122                     /usr/lib/x86_64-linux-gnu/gtk-2.0/modules/liboverlay-scrollbar.so
7f6723b8d000-7f6723b8e000 r--p 00011000 08:05 132122                     /usr/lib/x86_64-linux-gnu/gtk-2.0/modules/liboverlay-scrollbar.so
7f6723b8e000-7f6723b8f000 rw-p 00012000 08:05 132122                     /usr/lib/x86_64-linux-gnu/gtk-2.0/modules/liboverlay-scrollbar.so
7f6723b8f000-7f6723bb8000 r-xp 00000000 08:05 2243370                    /usr/lib/jvm/java-8-oracle/jre/lib/amd64/libglass.so
7f6723bb8000-7f6723db7000 ---p 00029000 08:05 2243370                    /usr/lib/jvm/java-8-oracle/jre/lib/amd64/libglass.so
7f6723db7000-7f6723dba000 rw-p 00028000 08:05 2243370                    /usr/lib/jvm/java-8-oracle/jre/lib/amd64/libglass.so
7f6723dba000-7f6723df1000 r-xp 00000000 08:05 2240033                    /usr/lib/x86_64-linux-gnu/libtxc_dxtn_s2tc.so.0.0.0
7f6723df1000-7f6723ff0000 ---p 00037000 08:05 2240033                    /usr/lib/x86_64-linux-gnu/libtxc_dxtn_s2tc.so.0.0.0
7f6723ff0000-7f6723ff1000 r--p 00036000 08:05 2240033                    /usr/lib/x86_64-linux-gnu/libtxc_dxtn_s2tc.so.0.0.0
7f6723ff1000-7f6723ff2000 rw-p 00037000 08:05 2240033                    /usr/lib/x86_64-linux-gnu/libtxc_dxtn_s2tc.so.0.0.0
7f6723ff2000-7f6723ffa000 r-xp 00000000 08:05 2239767                    /usr/lib/x86_64-linux-gnu/libpciaccess.so.0.11.1
7f6723ffa000-7f67241fa000 ---p 00008000 08:05 2239767                    /usr/lib/x86_64-linux-gnu/libpciaccess.so.0.11.1
7f67241fa000-7f67241fb000 r--p 00008000 08:05 2239767                    /usr/lib/x86_64-linux-gnu/libpciaccess.so.0.11.1
7f67241fb000-7f67241fc000 rw-p 00009000 08:05 2239767                    /usr/lib/x86_64-linux-gnu/libpciaccess.so.0.11.1
7f67241fc000-7f672420e000 r-xp 00000000 08:05 398660                     /lib/x86_64-linux-gnu/libgpg-error.so.0.19.1
7f672420e000-7f672440e000 ---p 00012000 08:05 398660                     /lib/x86_64-linux-gnu/libgpg-error.so.0.19.1
7f672440e000-7f672440f000 r--p 00012000 08:05 398660                     /lib/x86_64-linux-gnu/libgpg-error.so.0.19.1
7f672440f000-7f6724410000 rw-p 00013000 08:05 398660                     /lib/x86_64-linux-gnu/libgpg-error.so.0.19.1
7f6724410000-7f672441b000 r-xp 00000000 08:05 2239069                    /usr/lib/x86_64-linux-gnu/libdrm_radeon.so.1.0.1
7f672441b000-7f672461a000 ---p 0000b000 08:05 2239069                    /usr/lib/x86_64-linux-gnu/libdrm_radeon.so.1.0.1
7f672461a000-7f672461b000 r--p 0000a000 08:05 2239069                    /usr/lib/x86_64-linux-gnu/libdrm_radeon.so.1.0.1
7f672461b000-7f672461c000 rw-p 0000b000 08:05 2239069                    /usr/lib/x86_64-linux-gnu/libdrm_radeon.so.1.0.1
7f672461c000-7f6724623000 r-xp 00000000 08:05 2239067                    /usr/lib/x86_64-linux-gnu/libdrm_nouveau.so.2.0.0
7f6724623000-7f6724822000 ---p 00007000 08:05 2239067                    /usr/lib/x86_64-linux-gnu/libdrm_nouveau.so.2.0.0
7f6724822000-7f6724823000 r--p 00006000 08:05 2239067                    /usr/lib/x86_64-linux-gnu/libdrm_nouveau.so.2.0.0
7f6724823000-7f6724824000 rw-p 00007000 08:05 2239067                    /usr/lib/x86_64-linux-gnu/libdrm_nouveau.so.2.0.0
7f6724824000-7f6724844000 r-xp 00000000 08:05 2239065                    /usr/lib/x86_64-linux-gnu/libdrm_intel.so.1.0.0
7f6724844000-7f6724a43000 ---p 00020000 08:05 2239065                    /usr/lib/x86_64-linux-gnu/libdrm_intel.so.1.0.0
7f6724a43000-7f6724a44000 r--p 0001f000 08:05 2239065                    /usr/lib/x86_64-linux-gnu/libdrm_intel.so.1.0.0
7f6724a44000-7f6724a45000 rw-p 00020000 08:05 2239065                    /usr/lib/x86_64-linux-gnu/libdrm_intel.so.1.0.0
7f6724a45000-7f6724b4c000 r-xp 00000000 08:05 398656                     /lib/x86_64-linux-gnu/libgcrypt.so.20.1.2
7f6724b4c000-7f6724d4b000 ---p 00107000 08:05 398656                     /lib/x86_64-linux-gnu/libgcrypt.so.20.1.2
7f6724d4b000-7f6724d4d000 r--p 00106000 08:05 398656                     /lib/x86_64-linux-gnu/libgcrypt.so.20.1.2
7f6724d4d000-7f6724d54000 rw-p 00108000 08:05 398656                     /lib/x86_64-linux-gnu/libgcrypt.so.20.1.2
7f6724d54000-7f67253f7000 r-xp 00000000 08:05 133427                     /usr/lib/x86_64-linux-gnu/dri/i965_dri.so
7f67253f7000-7f67255f6000 ---p 006a3000 08:05 133427                     /usr/lib/x86_64-linux-gnu/dri/i965_dri.so
7f67255f6000-7f6725635000 r--p 006a2000 08:05 133427                     /usr/lib/x86_64-linux-gnu/dri/i965_dri.so
7f6725635000-7f672563d000 rw-p 006e1000 08:05 133427                     /usr/lib/x86_64-linux-gnu/dri/i965_dri.so
7f672563d000-7f6725645000 rw-p 00000000 00:00 0 
7f6725645000-7f6725649000 r-xp 00000000 08:05 398105                     /lib/x86_64-linux-gnu/libuuid.so.1.3.0
7f6725649000-7f6725848000 ---p 00004000 08:05 398105                     /lib/x86_64-linux-gnu/libuuid.so.1.3.0
7f6725848000-7f6725849000 r--p 00003000 08:05 398105                     /lib/x86_64-linux-gnu/libuuid.so.1.3.0
7f6725849000-7f672584a000 rw-p 00004000 08:05 398105                     /lib/x86_64-linux-gnu/libuuid.so.1.3.0
7f672584a000-7f6725850000 r-xp 00000000 08:05 2239010                    /usr/lib/x86_64-linux-gnu/libdatrie.so.1.3.3
7f6725850000-7f6725a50000 ---p 00006000 08:05 2239010                    /usr/lib/x86_64-linux-gnu/libdatrie.so.1.3.3
7f6725a50000-7f6725a51000 r--p 00006000 08:05 2239010                    /usr/lib/x86_64-linux-gnu/libdatrie.so.1.3.3
7f6725a51000-7f6725a52000 rw-p 00007000 08:05 2239010                    /usr/lib/x86_64-linux-gnu/libdatrie.so.1.3.3
7f6725a52000-7f6725a57000 r-xp 00000000 08:05 2238755                    /usr/lib/x86_64-linux-gnu/libXdmcp.so.6.0.0
7f6725a57000-7f6725c56000 ---p 00005000 08:05 2238755                    /usr/lib/x86_64-linux-gnu/libXdmcp.so.6.0.0
7f6725c56000-7f6725c57000 r--p 00004000 08:05 2238755                    /usr/lib/x86_64-linux-gnu/libXdmcp.so.6.0.0
7f6725c57000-7f6725c58000 rw-p 00005000 08:05 2238755                    /usr/lib/x86_64-linux-gnu/libXdmcp.so.6.0.0
7f6725c58000-7f6725c5a000 r-xp 00000000 08:05 2238744                    /usr/lib/x86_64-linux-gnu/libXau.so.6.0.0
7f6725c5a000-7f6725e5a000 ---p 00002000 08:05 2238744                    /usr/lib/x86_64-linux-gnu/libXau.so.6.0.0
7f6725e5a000-7f6725e5b000 r--p 00002000 08:05 2238744                    /usr/lib/x86_64-linux-gnu/libXau.so.6.0.0
7f6725e5b000-7f6725e5c000 rw-p 00003000 08:05 2238744                    /usr/lib/x86_64-linux-gnu/libXau.so.6.0.0
7f6725e5c000-7f6725e7f000 r-xp 00000000 08:05 2239322                    /usr/lib/x86_64-linux-gnu/libgraphite2.so.3.0.1
7f6725e7f000-7f672607e000 ---p 00023000 08:05 2239322                    /usr/lib/x86_64-linux-gnu/libgraphite2.so.3.0.1
7f672607e000-7f6726080000 r--p 00022000 08:05 2239322                    /usr/lib/x86_64-linux-gnu/libgraphite2.so.3.0.1
7f6726080000-7f6726081000 rw-p 00024000 08:05 2239322                    /usr/lib/x86_64-linux-gnu/libgraphite2.so.3.0.1
7f6726081000-7f67260be000 r-xp 00000000 08:05 398114                     /lib/x86_64-linux-gnu/libblkid.so.1.1.0
7f67260be000-7f67262bd000 ---p 0003d000 08:05 398114                     /lib/x86_64-linux-gnu/libblkid.so.1.1.0
7f67262bd000-7f67262c1000 r--p 0003c000 08:05 398114                     /lib/x86_64-linux-gnu/libblkid.so.1.1.0
7f67262c1000-7f67262c2000 rw-p 00040000 08:05 398114                     /lib/x86_64-linux-gnu/libblkid.so.1.1.0
7f67262c2000-7f67262c3000 rw-p 00000000 00:00 0 
7f67262c3000-7f67262d1000 r-xp 00000000 08:05 2239061                    /usr/lib/x86_64-linux-gnu/libdrm.so.2.4.0
7f67262d1000-7f67264d0000 ---p 0000e000 08:05 2239061                    /usr/lib/x86_64-linux-gnu/libdrm.so.2.4.0
7f67264d0000-7f67264d1000 r--p 0000d000 08:05 2239061                    /usr/lib/x86_64-linux-gnu/libdrm.so.2.4.0
7f67264d1000-7f67264d2000 rw-p 0000e000 08:05 2239061                    /usr/lib/x86_64-linux-gnu/libdrm.so.2.4.0
7f67264d2000-7f67264d6000 r-xp 00000000 08:05 2240244                    /usr/lib/x86_64-linux-gnu/libxcb-dri2.so.0.0.0
7f67264d6000-7f67266d5000 ---p 00004000 08:05 2240244                    /usr/lib/x86_64-linux-gnu/libxcb-dri2.so.0.0.0
7f67266d5000-7f67266d6000 r--p 00003000 08:05 2240244                    /usr/lib/x86_64-linux-gnu/libxcb-dri2.so.0.0.0
7f67266d6000-7f67266d7000 rw-p 00004000 08:05 2240244                    /usr/lib/x86_64-linux-gnu/libxcb-dri2.so.0.0.0
7f67266d7000-7f67266ee000 r-xp 00000000 08:05 2240248                    /usr/lib/x86_64-linux-gnu/libxcb-glx.so.0.0.0
7f67266ee000-7f67268ed000 ---p 00017000 08:05 2240248                    /usr/lib/x86_64-linux-gnu/libxcb-glx.so.0.0.0
7f67268ed000-7f67268ef000 r--p 00016000 08:05 2240248                    /usr/lib/x86_64-linux-gnu/libxcb-glx.so.0.0.0
7f67268ef000-7f67268f0000 rw-p 00018000 08:05 2240248                    /usr/lib/x86_64-linux-gnu/libxcb-glx.so.0.0.0
7f67268f0000-7f67268f1000 r-xp 00000000 08:05 2238738                    /usr/lib/x86_64-linux-gnu/libX11-xcb.so.1.0.0
7f67268f1000-7f6726af0000 ---p 00001000 08:05 2238738                    /usr/lib/x86_64-linux-gnu/libX11-xcb.so.1.0.0
7f6726af0000-7f6726af1000 r--p 00000000 08:05 2238738                    /usr/lib/x86_64-linux-gnu/libX11-xcb.so.1.0.0
7f6726af1000-7f6726af2000 rw-p 00001000 08:05 2238738                    /usr/lib/x86_64-linux-gnu/libX11-xcb.so.1.0.0
7f6726af2000-7f6726b1b000 r-xp 00000000 08:05 2231673                    /usr/lib/x86_64-linux-gnu/libglapi.so.0.0.0
7f6726b1b000-7f6726d1a000 ---p 00029000 08:05 2231673                    /usr/lib/x86_64-linux-gnu/libglapi.so.0.0.0
7f6726d1a000-7f6726d1e000 r--p 00028000 08:05 2231673                    /usr/lib/x86_64-linux-gnu/libglapi.so.0.0.0
7f6726d1e000-7f6726d1f000 rw-p 0002c000 08:05 2231673                    /usr/lib/x86_64-linux-gnu/libglapi.so.0.0.0
7f6726d1f000-7f6726d20000 rw-p 00000000 00:00 0 
7f6726d20000-7f6726d21000 r-xp 00000000 08:05 2240290                    /usr/lib/x86_64-linux-gnu/libxshmfence.so.1.0.0
7f6726d21000-7f6726f21000 ---p 00001000 08:05 2240290                    /usr/lib/x86_64-linux-gnu/libxshmfence.so.1.0.0
7f6726f21000-7f6726f22000 r--p 00001000 08:05 2240290                    /usr/lib/x86_64-linux-gnu/libxshmfence.so.1.0.0
7f6726f22000-7f6726f23000 rw-p 00002000 08:05 2240290                    /usr/lib/x86_64-linux-gnu/libxshmfence.so.1.0.0
7f6726f23000-7f6726f28000 r-xp 00000000 08:05 2240268                    /usr/lib/x86_64-linux-gnu/libxcb-sync.so.1.0.0
7f6726f28000-7f6727128000 ---p 00005000 08:05 2240268                    /usr/lib/x86_64-linux-gnu/libxcb-sync.so.1.0.0
7f6727128000-7f6727129000 r--p 00005000 08:05 2240268                    /usr/lib/x86_64-linux-gnu/libxcb-sync.so.1.0.0
7f6727129000-7f672712a000 rw-p 00006000 08:05 2240268                    /usr/lib/x86_64-linux-gnu/libxcb-sync.so.1.0.0
7f672712a000-7f672712c000 r-xp 00000000 08:05 2240256                    /usr/lib/x86_64-linux-gnu/libxcb-present.so.0.0.0
7f672712c000-7f672732b000 ---p 00002000 08:05 2240256                    /usr/lib/x86_64-linux-gnu/libxcb-present.so.0.0.0
7f672732b000-7f672732c000 r--p 00001000 08:05 2240256                    /usr/lib/x86_64-linux-gnu/libxcb-present.so.0.0.0
7f672732c000-7f672732d000 rw-p 00002000 08:05 2240256                    /usr/lib/x86_64-linux-gnu/libxcb-present.so.0.0.0
7f672732d000-7f672732f000 r-xp 00000000 08:05 2240246                    /usr/lib/x86_64-linux-gnu/libxcb-dri3.so.0.0.0
7f672732f000-7f672752e000 ---p 00002000 08:05 2240246                    /usr/lib/x86_64-linux-gnu/libxcb-dri3.so.0.0.0
7f672752e000-7f672752f000 r--p 00001000 08:05 2240246                    /usr/lib/x86_64-linux-gnu/libxcb-dri3.so.0.0.0
7f672752f000-7f6727530000 rw-p 00002000 08:05 2240246                    /usr/lib/x86_64-linux-gnu/libxcb-dri3.so.0.0.0
7f6727530000-7f67275a2000 r-xp 00000000 08:05 398742                     /lib/x86_64-linux-gnu/libpcre.so.3.13.3
7f67275a2000-7f67277a1000 ---p 00072000 08:05 398742                     /lib/x86_64-linux-gnu/libpcre.so.3.13.3
7f67277a1000-7f67277a2000 r--p 00071000 08:05 398742                     /lib/x86_64-linux-gnu/libpcre.so.3.13.3
7f67277a2000-7f67277a3000 rw-p 00072000 08:05 398742                     /lib/x86_64-linux-gnu/libpcre.so.3.13.3
7f67277a3000-7f67277aa000 r-xp 00000000 08:05 2239141                    /usr/lib/x86_64-linux-gnu/libffi.so.6.0.4
7f67277aa000-7f67279a9000 ---p 00007000 08:05 2239141                    /usr/lib/x86_64-linux-gnu/libffi.so.6.0.4
7f67279a9000-7f67279aa000 r--p 00006000 08:05 2239141                    /usr/lib/x86_64-linux-gnu/libffi.so.6.0.4
7f67279aa000-7f67279ab000 rw-p 00007000 08:05 2239141                    /usr/lib/x86_64-linux-gnu/libffi.so.6.0.4
7f67279ab000-7f67279d2000 r-xp 00000000 08:05 398647                     /lib/x86_64-linux-gnu/libexpat.so.1.6.2
7f67279d2000-7f6727bd2000 ---p 00027000 08:05 398647                     /lib/x86_64-linux-gnu/libexpat.so.1.6.2
7f6727bd2000-7f6727bd4000 r--p 00027000 08:05 398647                     /lib/x86_64-linux-gnu/libexpat.so.1.6.2
7f6727bd4000-7f6727bd5000 rw-p 00029000 08:05 398647                     /lib/x86_64-linux-gnu/libexpat.so.1.6.2
7f6727bd5000-7f6727bdd000 r-xp 00000000 08:05 2240000                    /usr/lib/x86_64-linux-gnu/libthai.so.0.3.0
7f6727bdd000-7f6727ddc000 ---p 00008000 08:05 2240000                    /usr/lib/x86_64-linux-gnu/libthai.so.0.3.0
7f6727ddc000-7f6727ddd000 r--p 00007000 08:05 2240000                    /usr/lib/x86_64-linux-gnu/libthai.so.0.3.0
7f6727ddd000-7f6727dde000 rw-p 00008000 08:05 2240000                    /usr/lib/x86_64-linux-gnu/libthai.so.0.3.0
7f6727dde000-7f6727dff000 r-xp 00000000 08:05 2240278                    /usr/lib/x86_64-linux-gnu/libxcb.so.1.1.0
7f6727dff000-7f6727ffe000 ---p 00021000 08:05 2240278                    /usr/lib/x86_64-linux-gnu/libxcb.so.1.1.0
7f6727ffe000-7f6727fff000 r--p 00020000 08:05 2240278                    /usr/lib/x86_64-linux-gnu/libxcb.so.1.1.0
7f6727fff000-7f6728000000 rw-p 00021000 08:05 2240278                    /usr/lib/x86_64-linux-gnu/libxcb.so.1.1.0
7f6728000000-7f6729e69000 rw-p 00000000 00:00 0 
7f6729e69000-7f672c000000 ---p 00000000 00:00 0 
7f672c000000-7f672c00c000 rw-s 00000000 00:05 493787                     /drm mm object (deleted)
7f672c00c000-7f672c01f000 r--p 00000000 08:05 2243414                    /usr/lib/jvm/java-8-oracle/jre/lib/fonts/LucidaBrightDemiBold.ttf
7f672c01f000-7f672c033000 r--p 00000000 08:05 2243417                    /usr/lib/jvm/java-8-oracle/jre/lib/fonts/LucidaBrightItalic.ttf
7f672c033000-7f672c046000 r--p 00000000 08:05 2243421                    /usr/lib/jvm/java-8-oracle/jre/lib/fonts/LucidaBrightDemiItalic.ttf
7f672c046000-7f672c094000 r--p 00000000 08:05 2243420                    /usr/lib/jvm/java-8-oracle/jre/lib/fonts/LucidaSansDemiBold.ttf
7f672c094000-7f672c099000 r--s 00084000 08:05 2243424                    /usr/lib/jvm/java-8-oracle/jre/lib/jfr.jar
7f672c099000-7f672c0a4000 r--s 00000000 08:05 279298                     /var/cache/fontconfig/945677eb7aeaf62f1d50efc3fb3ec7d8-le64.cache-6
7f672c0a4000-7f672c0aa000 r--s 00000000 08:05 279279                     /var/cache/fontconfig/2cd17615ca594fa2959ae173292e504c-le64.cache-6
7f672c0aa000-7f672c0ab000 r--s 00000000 08:05 279276                     /var/cache/fontconfig/0d8c3b2ac0904cb8a57a757ad11a4a08-le64.cache-6
7f672c0ab000-7f672c0c0000 r--s 00000000 08:05 279272                     /var/cache/fontconfig/04aabc0a78ac019cf9454389977116d2-le64.cache-6
7f672c0c0000-7f672c0c1000 r--s 00000000 08:05 279278                     /var/cache/fontconfig/1ac9eb803944fde146138c791f5cc56a-le64.cache-6
7f672c0c1000-7f672c0c5000 r--s 00000000 08:05 279283                     /var/cache/fontconfig/385c0604a188198f04d133e54aba7fe7-le64.cache-6
7f672c0c5000-7f672c0c8000 r--s 00000000 08:05 279294                     /var/cache/fontconfig/767a8244fc0220cfb567a839d0392e0b-le64.cache-6
7f672c0c8000-7f672c0cd000 r--s 00000000 08:05 279297                     /var/cache/fontconfig/8801497958630a81b71ace7c5f9b32a8-le64.cache-6
7f672c0cd000-7f672c0e0000 r--s 00000000 08:05 279308                     /var/cache/fontconfig/d52a8644073d54c13679302ca1180695-le64.cache-6
7f672c0e0000-7f672c0e8000 r-xp 00000000 08:05 2240262                    /usr/lib/x86_64-linux-gnu/libxcb-render.so.0.0.0
7f672c0e8000-7f672c2e8000 ---p 00008000 08:05 2240262                    /usr/lib/x86_64-linux-gnu/libxcb-render.so.0.0.0
7f672c2e8000-7f672c2e9000 r--p 00008000 08:05 2240262                    /usr/lib/x86_64-linux-gnu/libxcb-render.so.0.0.0
7f672c2e9000-7f672c2ea000 rw-p 00009000 08:05 2240262                    /usr/lib/x86_64-linux-gnu/libxcb-render.so.0.0.0
7f672c2ea000-7f672c2ec000 r-xp 00000000 08:05 2240266                    /usr/lib/x86_64-linux-gnu/libxcb-shm.so.0.0.0
7f672c2ec000-7f672c4ec000 ---p 00002000 08:05 2240266                    /usr/lib/x86_64-linux-gnu/libxcb-shm.so.0.0.0
7f672c4ec000-7f672c4ed000 r--p 00002000 08:05 2240266                    /usr/lib/x86_64-linux-gnu/libxcb-shm.so.0.0.0
7f672c4ed000-7f672c4ee000 rw-p 00003000 08:05 2240266                    /usr/lib/x86_64-linux-gnu/libxcb-shm.so.0.0.0
7f672c4ee000-7f672c51f000 r-xp 00000000 08:05 2239791                    /usr/lib/x86_64-linux-gnu/libpng16.so.16.25.0
7f672c51f000-7f672c71e000 ---p 00031000 08:05 2239791                    /usr/lib/x86_64-linux-gnu/libpng16.so.16.25.0
7f672c71e000-7f672c71f000 r--p 00030000 08:05 2239791                    /usr/lib/x86_64-linux-gnu/libpng16.so.16.25.0
7f672c71f000-7f672c720000 rw-p 00031000 08:05 2239791                    /usr/lib/x86_64-linux-gnu/libpng16.so.16.25.0
7f672c720000-7f672c7bf000 r-xp 00000000 08:05 2239783                    /usr/lib/x86_64-linux-gnu/libpixman-1.so.0.33.6
7f672c7bf000-7f672c9bf000 ---p 0009f000 08:05 2239783                    /usr/lib/x86_64-linux-gnu/libpixman-1.so.0.33.6
7f672c9bf000-7f672c9c7000 r--p 0009f000 08:05 2239783                    /usr/lib/x86_64-linux-gnu/libpixman-1.so.0.33.6
7f672c9c7000-7f672c9c8000 rw-p 000a7000 08:05 2239783                    /usr/lib/x86_64-linux-gnu/libpixman-1.so.0.33.6
7f672c9c8000-7f672ca46000 r-xp 00000000 08:05 2239412                    /usr/lib/x86_64-linux-gnu/libharfbuzz.so.0.10200.7
7f672ca46000-7f672cc46000 ---p 0007e000 08:05 2239412                    /usr/lib/x86_64-linux-gnu/libharfbuzz.so.0.10200.7
7f672cc46000-7f672cc47000 r--p 0007e000 08:05 2239412                    /usr/lib/x86_64-linux-gnu/libharfbuzz.so.0.10200.7
7f672cc47000-7f672cc48000 rw-p 0007f000 08:05 2239412                    /usr/lib/x86_64-linux-gnu/libharfbuzz.so.0.10200.7
7f672cc48000-7f672cc8e000 r-xp 00000000 08:05 398122                     /lib/x86_64-linux-gnu/libmount.so.1.1.0
7f672cc8e000-7f672ce8d000 ---p 00046000 08:05 398122                     /lib/x86_64-linux-gnu/libmount.so.1.1.0
7f672ce8d000-7f672ce8e000 r--p 00045000 08:05 398122                     /lib/x86_64-linux-gnu/libmount.so.1.1.0
7f672ce8e000-7f672ce8f000 rw-p 00046000 08:05 398122                     /lib/x86_64-linux-gnu/libmount.so.1.1.0
7f672ce8f000-7f672ce90000 rw-p 00000000 00:00 0 
7f672ce90000-7f672cea7000 r-xp 00000000 08:05 409762                     /lib/x86_64-linux-gnu/libresolv-2.24.so
7f672cea7000-7f672d0a7000 ---p 00017000 08:05 409762                     /lib/x86_64-linux-gnu/libresolv-2.24.so
7f672d0a7000-7f672d0a8000 r--p 00017000 08:05 409762                     /lib/x86_64-linux-gnu/libresolv-2.24.so
7f672d0a8000-7f672d0a9000 rw-p 00018000 08:05 409762                     /lib/x86_64-linux-gnu/libresolv-2.24.so
7f672d0a9000-7f672d0ab000 rw-p 00000000 00:00 0 
7f672d0ab000-7f672d0ce000 r-xp 00000000 08:05 398769                     /lib/x86_64-linux-gnu/libselinux.so.1
7f672d0ce000-7f672d2cd000 ---p 00023000 08:05 398769                     /lib/x86_64-linux-gnu/libselinux.so.1
7f672d2cd000-7f672d2ce000 r--p 00022000 08:05 398769                     /lib/x86_64-linux-gnu/libselinux.so.1
7f672d2ce000-7f672d2cf000 rw-p 00023000 08:05 398769                     /lib/x86_64-linux-gnu/libselinux.so.1
7f672d2cf000-7f672d2d1000 rw-p 00000000 00:00 0 
7f672d2d1000-7f672d2ea000 r-xp 00000000 08:05 398798                     /lib/x86_64-linux-gnu/libz.so.1.2.8
7f672d2ea000-7f672d4e9000 ---p 00019000 08:05 398798                     /lib/x86_64-linux-gnu/libz.so.1.2.8
7f672d4e9000-7f672d4ea000 r--p 00018000 08:05 398798                     /lib/x86_64-linux-gnu/libz.so.1.2.8
7f672d4ea000-7f672d4eb000 rw-p 00019000 08:05 398798                     /lib/x86_64-linux-gnu/libz.so.1.2.8
7f672d4eb000-7f672d4fc000 r-xp 00000000 08:05 2238757                    /usr/lib/x86_64-linux-gnu/libXext.so.6.4.0
7f672d4fc000-7f672d6fb000 ---p 00011000 08:05 2238757                    /usr/lib/x86_64-linux-gnu/libXext.so.6.4.0
7f672d6fb000-7f672d6fc000 r--p 00010000 08:05 2238757                    /usr/lib/x86_64-linux-gnu/libXext.so.6.4.0
7f672d6fc000-7f672d6fd000 rw-p 00011000 08:05 2238757                    /usr/lib/x86_64-linux-gnu/libXext.so.6.4.0
7f672d6fd000-7f672d6ff000 r-xp 00000000 08:05 2238753                    /usr/lib/x86_64-linux-gnu/libXdamage.so.1.1.0
7f672d6ff000-7f672d8fe000 ---p 00002000 08:05 2238753                    /usr/lib/x86_64-linux-gnu/libXdamage.so.1.1.0
7f672d8fe000-7f672d8ff000 r--p 00001000 08:05 2238753                    /usr/lib/x86_64-linux-gnu/libXdamage.so.1.1.0
7f672d8ff000-7f672d900000 rw-p 00002000 08:05 2238753                    /usr/lib/x86_64-linux-gnu/libXdamage.so.1.1.0
7f672d900000-7f672d902000 r-xp 00000000 08:05 2238749                    /usr/lib/x86_64-linux-gnu/libXcomposite.so.1.0.0
7f672d902000-7f672db01000 ---p 00002000 08:05 2238749                    /usr/lib/x86_64-linux-gnu/libXcomposite.so.1.0.0
7f672db01000-7f672db02000 r--p 00001000 08:05 2238749                    /usr/lib/x86_64-linux-gnu/libXcomposite.so.1.0.0
7f672db02000-7f672db03000 rw-p 00002000 08:05 2238749                    /usr/lib/x86_64-linux-gnu/libXcomposite.so.1.0.0
7f672db03000-7f672db0c000 r-xp 00000000 08:05 2238751                    /usr/lib/x86_64-linux-gnu/libXcursor.so.1.0.2
7f672db0c000-7f672dd0b000 ---p 00009000 08:05 2238751                    /usr/lib/x86_64-linux-gnu/libXcursor.so.1.0.2
7f672dd0b000-7f672dd0c000 r--p 00008000 08:05 2238751                    /usr/lib/x86_64-linux-gnu/libXcursor.so.1.0.2
7f672dd0c000-7f672dd0d000 rw-p 00009000 08:05 2238751                    /usr/lib/x86_64-linux-gnu/libXcursor.so.1.0.2
7f672dd0d000-7f672dd17000 r-xp 00000000 08:05 2238775                    /usr/lib/x86_64-linux-gnu/libXrandr.so.2.2.0
7f672dd17000-7f672df16000 ---p 0000a000 08:05 2238775                    /usr/lib/x86_64-linux-gnu/libXrandr.so.2.2.0
7f672df16000-7f672df17000 r--p 00009000 08:05 2238775                    /usr/lib/x86_64-linux-gnu/libXrandr.so.2.2.0
7f672df17000-7f672df18000 rw-p 0000a000 08:05 2238775                    /usr/lib/x86_64-linux-gnu/libXrandr.so.2.2.0
7f672df18000-7f672df27000 r-xp 00000000 08:05 2238765                    /usr/lib/x86_64-linux-gnu/libXi.so.6.1.0
7f672df27000-7f672e126000 ---p 0000f000 08:05 2238765                    /usr/lib/x86_64-linux-gnu/libXi.so.6.1.0
7f672e126000-7f672e127000 r--p 0000e000 08:05 2238765                    /usr/lib/x86_64-linux-gnu/libXi.so.6.1.0
7f672e127000-7f672e128000 rw-p 0000f000 08:05 2238765                    /usr/lib/x86_64-linux-gnu/libXi.so.6.1.0
7f672e128000-7f672e12a000 r-xp 00000000 08:05 2238767                    /usr/lib/x86_64-linux-gnu/libXinerama.so.1.0.0
7f672e12a000-7f672e329000 ---p 00002000 08:05 2238767                    /usr/lib/x86_64-linux-gnu/libXinerama.so.1.0.0
7f672e329000-7f672e32a000 r--p 00001000 08:05 2238767                    /usr/lib/x86_64-linux-gnu/libXinerama.so.1.0.0
7f672e32a000-7f672e32b000 rw-p 00002000 08:05 2238767                    /usr/lib/x86_64-linux-gnu/libXinerama.so.1.0.0
7f672e32b000-7f672e334000 r-xp 00000000 08:05 2238777                    /usr/lib/x86_64-linux-gnu/libXrender.so.1.3.0
7f672e334000-7f672e533000 ---p 00009000 08:05 2238777                    /usr/lib/x86_64-linux-gnu/libXrender.so.1.3.0
7f672e533000-7f672e534000 r--p 00008000 08:05 2238777                    /usr/lib/x86_64-linux-gnu/libXrender.so.1.3.0
7f672e534000-7f672e535000 rw-p 00009000 08:05 2238777                    /usr/lib/x86_64-linux-gnu/libXrender.so.1.3.0
7f672e535000-7f672e53a000 r-xp 00000000 08:05 2238759                    /usr/lib/x86_64-linux-gnu/libXfixes.so.3.1.0
7f672e53a000-7f672e739000 ---p 00005000 08:05 2238759                    /usr/lib/x86_64-linux-gnu/libXfixes.so.3.1.0
7f672e739000-7f672e73a000 r--p 00004000 08:05 2238759                    /usr/lib/x86_64-linux-gnu/libXfixes.so.3.1.0
7f672e73a000-7f672e73b000 rw-p 00005000 08:05 2238759                    /usr/lib/x86_64-linux-gnu/libXfixes.so.3.1.0
7f672e73b000-7f672e751000 r-xp 00000000 08:05 398654                     /lib/x86_64-linux-gnu/libgcc_s.so.1
7f672e751000-7f672e950000 ---p 00016000 08:05 398654                     /lib/x86_64-linux-gnu/libgcc_s.so.1
7f672e950000-7f672e951000 r--p 00015000 08:05 398654                     /lib/x86_64-linux-gnu/libgcc_s.so.1
7f672e951000-7f672e952000 rw-p 00016000 08:05 398654                     /lib/x86_64-linux-gnu/libgcc_s.so.1
7f672e952000-7f672eaca000 r-xp 00000000 08:05 2239972                    /usr/lib/x86_64-linux-gnu/libstdc++.so.6.0.22
7f672eaca000-7f672ecca000 ---p 00178000 08:05 2239972                    /usr/lib/x86_64-linux-gnu/libstdc++.so.6.0.22
7f672ecca000-7f672ecd4000 r--p 00178000 08:05 2239972                    /usr/lib/x86_64-linux-gnu/libstdc++.so.6.0.22
7f672ecd4000-7f672ecd6000 rw-p 00182000 08:05 2239972                    /usr/lib/x86_64-linux-gnu/libstdc++.so.6.0.22
7f672ecd6000-7f672ecda000 rw-p 00000000 00:00 0 
7f672ecda000-7f672ed4a000 r-xp 00000000 08:05 133030                     /usr/lib/x86_64-linux-gnu/mesa/libGL.so.1.2.0
7f672ed4a000-7f672ef49000 ---p 00070000 08:05 133030                     /usr/lib/x86_64-linux-gnu/mesa/libGL.so.1.2.0
7f672ef49000-7f672ef4c000 r--p 0006f000 08:05 133030                     /usr/lib/x86_64-linux-gnu/mesa/libGL.so.1.2.0
7f672ef4c000-7f672ef4d000 rw-p 00072000 08:05 133030                     /usr/lib/x86_64-linux-gnu/mesa/libGL.so.1.2.0
7f672ef4d000-7f672ef4e000 rw-p 00000000 00:00 0 
7f672ef4e000-7f672ef53000 r-xp 00000000 08:05 2238793                    /usr/lib/x86_64-linux-gnu/libXxf86vm.so.1.0.0
7f672ef53000-7f672f152000 ---p 00005000 08:05 2238793                    /usr/lib/x86_64-linux-gnu/libXxf86vm.so.1.0.0
7f672f152000-7f672f153000 r--p 00004000 08:05 2238793                    /usr/lib/x86_64-linux-gnu/libXxf86vm.so.1.0.0
7f672f153000-7f672f154000 rw-p 00005000 08:05 2238793                    /usr/lib/x86_64-linux-gnu/libXxf86vm.so.1.0.0
7f672f154000-7f672f289000 r-xp 00000000 08:05 2238740                    /usr/lib/x86_64-linux-gnu/libX11.so.6.3.0
7f672f289000-7f672f488000 ---p 00135000 08:05 2238740                    /usr/lib/x86_64-linux-gnu/libX11.so.6.3.0
7f672f488000-7f672f489000 r--p 00134000 08:05 2238740                    /usr/lib/x86_64-linux-gnu/libX11.so.6.3.0
7f672f489000-7f672f48d000 rw-p 00135000 08:05 2238740                    /usr/lib/x86_64-linux-gnu/libX11.so.6.3.0
7f672f48d000-7f672f492000 r-xp 00000000 08:05 2238783                    /usr/lib/x86_64-linux-gnu/libXtst.so.6.1.0
7f672f492000-7f672f691000 ---p 00005000 08:05 2238783                    /usr/lib/x86_64-linux-gnu/libXtst.so.6.1.0
7f672f691000-7f672f692000 r--p 00004000 08:05 2238783                    /usr/lib/x86_64-linux-gnu/libXtst.so.6.1.0
7f672f692000-7f672f693000 rw-p 00005000 08:05 2238783                    /usr/lib/x86_64-linux-gnu/libXtst.so.6.1.0
7f672f693000-7f672f7a5000 r-xp 00000000 08:05 399763                     /lib/x86_64-linux-gnu/libglib-2.0.so.0.5000.2
7f672f7a5000-7f672f9a4000 ---p 00112000 08:05 399763                     /lib/x86_64-linux-gnu/libglib-2.0.so.0.5000.2
7f672f9a4000-7f672f9a5000 r--p 00111000 08:05 399763                     /lib/x86_64-linux-gnu/libglib-2.0.so.0.5000.2
7f672f9a5000-7f672f9a6000 rw-p 00112000 08:05 399763                     /lib/x86_64-linux-gnu/libglib-2.0.so.0.5000.2
7f672f9a6000-7f672f9a7000 rw-p 00000000 00:00 0 
7f672f9a7000-7f672f9a8000 r-xp 00000000 08:05 2228686                    /usr/lib/x86_64-linux-gnu/libgthread-2.0.so.0.5000.2
7f672f9a8000-7f672fba7000 ---p 00001000 08:05 2228686                    /usr/lib/x86_64-linux-gnu/libgthread-2.0.so.0.5000.2
7f672fba7000-7f672fba8000 r--p 00000000 08:05 2228686                    /usr/lib/x86_64-linux-gnu/libgthread-2.0.so.0.5000.2
7f672fba8000-7f672fba9000 rw-p 00001000 08:05 2228686                    /usr/lib/x86_64-linux-gnu/libgthread-2.0.so.0.5000.2
7f672fba9000-7f672fbac000 r-xp 00000000 08:05 2228661                    /usr/lib/x86_64-linux-gnu/libgmodule-2.0.so.0.5000.2
7f672fbac000-7f672fdab000 ---p 00003000 08:05 2228661                    /usr/lib/x86_64-linux-gnu/libgmodule-2.0.so.0.5000.2
7f672fdab000-7f672fdac000 r--p 00002000 08:05 2228661                    /usr/lib/x86_64-linux-gnu/libgmodule-2.0.so.0.5000.2
7f672fdac000-7f672fdad000 rw-p 00003000 08:05 2228661                    /usr/lib/x86_64-linux-gnu/libgmodule-2.0.so.0.5000.2
7f672fdad000-7f672fdff000 r-xp 00000000 08:05 2228683                    /usr/lib/x86_64-linux-gnu/libgobject-2.0.so.0.5000.2
7f672fdff000-7f672fffe000 ---p 00052000 08:05 2228683                    /usr/lib/x86_64-linux-gnu/libgobject-2.0.so.0.5000.2
7f672fffe000-7f672ffff000 r--p 00051000 08:05 2228683                    /usr/lib/x86_64-linux-gnu/libgobject-2.0.so.0.5000.2
7f672ffff000-7f6730000000 rw-p 00052000 08:05 2228683                    /usr/lib/x86_64-linux-gnu/libgobject-2.0.so.0.5000.2
7f6730000000-7f6730084000 rw-p 00000000 00:00 0 
7f6730084000-7f6734000000 ---p 00000000 00:00 0 
7f6734000000-7f6734297000 rw-p 00000000 00:00 0 
7f6734297000-7f6738000000 ---p 00000000 00:00 0 
7f6738000000-7f6738021000 rw-p 00000000 00:00 0 
7f6738021000-7f673c000000 ---p 00000000 00:00 0 
7f673c000000-7f673c021000 rw-p 00000000 00:00 0 
7f673c021000-7f6740000000 ---p 00000000 00:00 0 
7f6740000000-7f6740151000 rw-p 00000000 00:00 0 
7f6740151000-7f6744000000 ---p 00000000 00:00 0 
7f6744000000-7f6744246000 rw-p 00000000 00:00 0 
7f6744246000-7f6748000000 ---p 00000000 00:00 0 
7f6748000000-7f6748021000 rw-p 00000000 00:00 0 
7f6748021000-7f674c000000 ---p 00000000 00:00 0 
7f674c000000-7f674c127000 rw-p 00000000 00:00 0 
7f674c127000-7f6750000000 ---p 00000000 00:00 0 
7f6750000000-7f6750021000 rw-p 00000000 00:00 0 
7f6750021000-7f6754000000 ---p 00000000 00:00 0 
7f6754000000-7f6754021000 rw-p 00000000 00:00 0 
7f6754021000-7f6758000000 ---p 00000000 00:00 0 
7f6758000000-7f6758021000 rw-p 00000000 00:00 0 
7f6758021000-7f675c000000 ---p 00000000 00:00 0 
7f675c000000-7f675c021000 rw-p 00000000 00:00 0 
7f675c021000-7f6760000000 ---p 00000000 00:00 0 
7f6760000000-7f6760001000 r--s 00000000 08:05 279311                     /var/cache/fontconfig/dc05db6664285cc2f12bf69c139ae4c3-le64.cache-6
7f6760001000-7f6760002000 r--s 00000000 08:05 276021                     /var/cache/fontconfig/4794a0821666d79190d59a36cb4f44b5-le64.cache-6
7f6760002000-7f6760008000 r--s 00000000 08:05 279280                     /var/cache/fontconfig/3047814df9a2f067bd2d96a2b9c36e5a-le64.cache-6
7f6760008000-7f676000e000 r--s 00000000 08:05 279302                     /var/cache/fontconfig/b47c4e1ecd0709278f4910c18777a504-le64.cache-6
7f676000e000-7f6760019000 r--s 00000000 08:05 279296                     /var/cache/fontconfig/83bf95040141907cd45bb53cf7c1c148-le64.cache-6
7f6760019000-7f676002b000 r--s 00000000 08:05 279300                     /var/cache/fontconfig/9b89f8e3dae116d678bbf48e5f21f69b-le64.cache-6
7f676002b000-7f6760076000 r--p 00000000 08:05 917522                     /usr/share/glib-2.0/schemas/gschemas.compiled
7f6760076000-7f67600f8000 r-xp 00000000 08:05 398147                     /lib/x86_64-linux-gnu/libsystemd.so.0.16.0
7f67600f8000-7f67600fb000 r--p 00081000 08:05 398147                     /lib/x86_64-linux-gnu/libsystemd.so.0.16.0
7f67600fb000-7f67600fc000 rw-p 00084000 08:05 398147                     /lib/x86_64-linux-gnu/libsystemd.so.0.16.0
7f67600fc000-7f67600fd000 rw-p 00000000 00:00 0 
7f67600fd000-7f676011b000 r-xp 00000000 08:05 398393                     /lib/x86_64-linux-gnu/libudev.so.1.6.5
7f676011b000-7f676011c000 ---p 0001e000 08:05 398393                     /lib/x86_64-linux-gnu/libudev.so.1.6.5
7f676011c000-7f676011d000 r--p 0001e000 08:05 398393                     /lib/x86_64-linux-gnu/libudev.so.1.6.5
7f676011d000-7f676011e000 rw-p 0001f000 08:05 398393                     /lib/x86_64-linux-gnu/libudev.so.1.6.5
7f676011e000-7f676015b000 r-xp 00000000 08:05 2239159                    /usr/lib/x86_64-linux-gnu/libfontconfig.so.1.9.0
7f676015b000-7f676035a000 ---p 0003d000 08:05 2239159                    /usr/lib/x86_64-linux-gnu/libfontconfig.so.1.9.0
7f676035a000-7f676035c000 r--p 0003c000 08:05 2239159                    /usr/lib/x86_64-linux-gnu/libfontconfig.so.1.9.0
7f676035c000-7f6760361000 rw-p 0003e000 08:05 2239159                    /usr/lib/x86_64-linux-gnu/libfontconfig.so.1.9.0
7f6760361000-7f6760408000 r-xp 00000000 08:05 2229706                    /usr/lib/x86_64-linux-gnu/libfreetype.so.6.12.3
7f6760408000-7f6760607000 ---p 000a7000 08:05 2229706                    /usr/lib/x86_64-linux-gnu/libfreetype.so.6.12.3
7f6760607000-7f676060d000 r--p 000a6000 08:05 2229706                    /usr/lib/x86_64-linux-gnu/libfreetype.so.6.12.3
7f676060d000-7f676060e000 rw-p 000ac000 08:05 2229706                    /usr/lib/x86_64-linux-gnu/libfreetype.so.6.12.3
7f676060e000-7f6760657000 r-xp 00000000 08:05 2239751                    /usr/lib/x86_64-linux-gnu/libpango-1.0.so.0.4000.1
7f6760657000-7f6760857000 ---p 00049000 08:05 2239751                    /usr/lib/x86_64-linux-gnu/libpango-1.0.so.0.4000.1
7f6760857000-7f6760859000 r--p 00049000 08:05 2239751                    /usr/lib/x86_64-linux-gnu/libpango-1.0.so.0.4000.1
7f6760859000-7f676085a000 rw-p 0004b000 08:05 2239751                    /usr/lib/x86_64-linux-gnu/libpango-1.0.so.0.4000.1
7f676085a000-7f6760968000 r-xp 00000000 08:05 2238910                    /usr/lib/x86_64-linux-gnu/libcairo.so.2.11400.6
7f6760968000-7f6760b67000 ---p 0010e000 08:05 2238910                    /usr/lib/x86_64-linux-gnu/libcairo.so.2.11400.6
7f6760b67000-7f6760b6a000 r--p 0010d000 08:05 2238910                    /usr/lib/x86_64-linux-gnu/libcairo.so.2.11400.6
7f6760b6a000-7f6760b6b000 rw-p 00110000 08:05 2238910                    /usr/lib/x86_64-linux-gnu/libcairo.so.2.11400.6
7f6760b6b000-7f6760b6d000 rw-p 00000000 00:00 0 
7f6760b6d000-7f6760b79000 r-xp 00000000 08:05 2239753                    /usr/lib/x86_64-linux-gnu/libpangocairo-1.0.so.0.4000.1
7f6760b79000-7f6760d78000 ---p 0000c000 08:05 2239753                    /usr/lib/x86_64-linux-gnu/libpangocairo-1.0.so.0.4000.1
7f6760d78000-7f6760d79000 r--p 0000b000 08:05 2239753                    /usr/lib/x86_64-linux-gnu/libpangocairo-1.0.so.0.4000.1
7f6760d79000-7f6760d7a000 rw-p 0000c000 08:05 2239753                    /usr/lib/x86_64-linux-gnu/libpangocairo-1.0.so.0.4000.1
7f6760d7a000-7f6760d9b000 r-xp 00000000 08:05 2239234                    /usr/lib/x86_64-linux-gnu/libgdk_pixbuf-2.0.so.0.3400.0
7f6760d9b000-7f6760f9a000 ---p 00021000 08:05 2239234                    /usr/lib/x86_64-linux-gnu/libgdk_pixbuf-2.0.so.0.3400.0
7f6760f9a000-7f6760f9b000 r--p 00020000 08:05 2239234                    /usr/lib/x86_64-linux-gnu/libgdk_pixbuf-2.0.so.0.3400.0
7f6760f9b000-7f6760f9c000 rw-p 00021000 08:05 2239234                    /usr/lib/x86_64-linux-gnu/libgdk_pixbuf-2.0.so.0.3400.0
7f6760f9c000-7f6760fb0000 r-xp 00000000 08:05 2239755                    /usr/lib/x86_64-linux-gnu/libpangoft2-1.0.so.0.4000.1
7f6760fb0000-7f67611b0000 ---p 00014000 08:05 2239755                    /usr/lib/x86_64-linux-gnu/libpangoft2-1.0.so.0.4000.1
7f67611b0000-7f67611b1000 r--p 00014000 08:05 2239755                    /usr/lib/x86_64-linux-gnu/libpangoft2-1.0.so.0.4000.1
7f67611b1000-7f67611b2000 rw-p 00015000 08:05 2239755                    /usr/lib/x86_64-linux-gnu/libpangoft2-1.0.so.0.4000.1
7f67611b2000-7f676133f000 r-xp 00000000 08:05 2228637                    /usr/lib/x86_64-linux-gnu/libgio-2.0.so.0.5000.2
7f676133f000-7f676153e000 ---p 0018d000 08:05 2228637                    /usr/lib/x86_64-linux-gnu/libgio-2.0.so.0.5000.2
7f676153e000-7f6761543000 r--p 0018c000 08:05 2228637                    /usr/lib/x86_64-linux-gnu/libgio-2.0.so.0.5000.2
7f6761543000-7f6761546000 rw-p 00191000 08:05 2228637                    /usr/lib/x86_64-linux-gnu/libgio-2.0.so.0.5000.2
7f6761546000-7f6761547000 rw-p 00000000 00:00 0 
7f6761547000-7f6761569000 r-xp 00000000 08:05 2238844                    /usr/lib/x86_64-linux-gnu/libatk-1.0.so.0.22009.1
7f6761569000-7f6761768000 ---p 00022000 08:05 2238844                    /usr/lib/x86_64-linux-gnu/libatk-1.0.so.0.22009.1
7f6761768000-7f676176b000 r--p 00021000 08:05 2238844                    /usr/lib/x86_64-linux-gnu/libatk-1.0.so.0.22009.1
7f676176b000-7f676176c000 rw-p 00024000 08:05 2238844                    /usr/lib/x86_64-linux-gnu/libatk-1.0.so.0.22009.1
7f676176c000-7f676181c000 r-xp 00000000 08:05 2234326                    /usr/lib/x86_64-linux-gnu/libgdk-x11-2.0.so.0.2400.30
7f676181c000-7f6761a1b000 ---p 000b0000 08:05 2234326                    /usr/lib/x86_64-linux-gnu/libgdk-x11-2.0.so.0.2400.30
7f6761a1b000-7f6761a1f000 r--p 000af000 08:05 2234326                    /usr/lib/x86_64-linux-gnu/libgdk-x11-2.0.so.0.2400.30
7f6761a1f000-7f6761a21000 rw-p 000b3000 08:05 2234326                    /usr/lib/x86_64-linux-gnu/libgdk-x11-2.0.so.0.2400.30
7f6761a21000-7f6761e5f000 r-xp 00000000 08:05 2234327                    /usr/lib/x86_64-linux-gnu/libgtk-x11-2.0.so.0.2400.30
7f6761e5f000-7f676205f000 ---p 0043e000 08:05 2234327                    /usr/lib/x86_64-linux-gnu/libgtk-x11-2.0.so.0.2400.30
7f676205f000-7f6762066000 r--p 0043e000 08:05 2234327                    /usr/lib/x86_64-linux-gnu/libgtk-x11-2.0.so.0.2400.30
7f6762066000-7f676206a000 rw-p 00445000 08:05 2234327                    /usr/lib/x86_64-linux-gnu/libgtk-x11-2.0.so.0.2400.30
7f676206a000-7f676206d000 rw-p 00000000 00:00 0 
7f676206d000-7f676206e000 r--s 00000000 08:05 279274                     /var/cache/fontconfig/0bd3dc0958fa2205aaaa8ebb13e2872b-le64.cache-6
7f676206e000-7f676206f000 r--s 00000000 08:05 279304                     /var/cache/fontconfig/bab58bb527bb656aaa9f116d68a48d89-le64.cache-6
7f676206f000-7f6762070000 r--s 00000000 08:05 279288                     /var/cache/fontconfig/56cf4f4769d0f4abc89a4895d7bd3ae1-le64.cache-6
7f6762070000-7f6762071000 r--s 00000000 08:05 279303                     /var/cache/fontconfig/b9d506c9ac06c20b433354fa67a72993-le64.cache-6
7f6762071000-7f6762075000 r--s 00000000 08:05 279309                     /var/cache/fontconfig/d589a48862398ed80a3d6066f4f56f4c-le64.cache-6
7f6762075000-7f6762082000 r--s 00000000 08:05 282756                     /var/cache/fontconfig/e13b20fdb08344e0e664864cc2ede53d-le64.cache-6
7f6762082000-7f676208a000 rw-s 00000000 00:05 493786                     /drm mm object (deleted)
7f676208a000-7f6762096000 r-xp 00000000 08:05 2243337                    /usr/lib/jvm/java-8-oracle/jre/lib/amd64/libprism_es2.so
7f6762096000-7f6762295000 ---p 0000c000 08:05 2243337                    /usr/lib/jvm/java-8-oracle/jre/lib/amd64/libprism_es2.so
7f6762295000-7f6762296000 rw-p 0000b000 08:05 2243337                    /usr/lib/jvm/java-8-oracle/jre/lib/amd64/libprism_es2.so
7f6762296000-7f6762299000 ---p 00000000 00:00 0 
7f6762299000-7f6762397000 rw-p 00000000 00:00 0 
7f6762397000-7f676239a000 ---p 00000000 00:00 0 
7f676239a000-7f6762498000 rw-p 00000000 00:00 0 
7f6762498000-7f676249b000 ---p 00000000 00:00 0 
7f676249b000-7f6762599000 rw-p 00000000 00:00 0 
7f6762599000-7f676262e000 r--s 01109000 08:05 2243401                    /usr/lib/jvm/java-8-oracle/jre/lib/ext/jfxrt.jar
7f676262e000-7f676262f000 ---p 00000000 00:00 0 
7f676262f000-7f676272f000 rw-p 00000000 00:00 0 
7f676272f000-7f6762732000 ---p 00000000 00:00 0 
7f6762732000-7f6762830000 rw-p 00000000 00:00 0 
7f6762830000-7f6762833000 ---p 00000000 00:00 0 
7f6762833000-7f6762931000 rw-p 00000000 00:00 0 
7f6762931000-7f6762934000 ---p 00000000 00:00 0 
7f6762934000-7f6762a32000 rw-p 00000000 00:00 0 
7f6762a32000-7f6762a35000 ---p 00000000 00:00 0 
7f6762a35000-7f6762b33000 rw-p 00000000 00:00 0 
7f6762b33000-7f6762b36000 ---p 00000000 00:00 0 
7f6762b36000-7f6762c34000 rw-p 00000000 00:00 0 
7f6762c34000-7f676308e000 r--p 00000000 08:05 2229872                    /usr/lib/locale/locale-archive
7f676308e000-7f6763091000 ---p 00000000 00:00 0 
7f6763091000-7f676318f000 rw-p 00000000 00:00 0 
7f676318f000-7f6763192000 ---p 00000000 00:00 0 
7f6763192000-7f6763290000 rw-p 00000000 00:00 0 
7f6763290000-7f6763291000 ---p 00000000 00:00 0 
7f6763291000-7f6764000000 rw-p 00000000 00:00 0 
7f6764000000-7f6764021000 rw-p 00000000 00:00 0 
7f6764021000-7f6768000000 ---p 00000000 00:00 0 
7f6768000000-7f6768021000 rw-p 00000000 00:00 0 
7f6768021000-7f676c000000 ---p 00000000 00:00 0 
7f676c000000-7f676c021000 rw-p 00000000 00:00 0 
7f676c021000-7f6770000000 ---p 00000000 00:00 0 
7f6770000000-7f6770001000 r--s 00000000 08:05 279287                     /var/cache/fontconfig/551ecf3b0e8b0bca0f25c0944f561853-le64.cache-6
7f6770001000-7f6770002000 r--s 00000000 08:05 279284                     /var/cache/fontconfig/3f7329c5293ffd510edef78f73874cfd-le64.cache-6
7f6770002000-7f6770006000 r--s 00000000 08:05 276027                     /var/cache/fontconfig/7ef2298fde41cc6eeb7af42e48b7d293-le64.cache-6
7f6770006000-7f6770358000 rw-p 00000000 00:00 0 
7f6770358000-7f6770531000 r--s 03d3e000 08:05 2243317                    /usr/lib/jvm/java-8-oracle/jre/lib/rt.jar
7f6770531000-7f6774eff000 rw-p 00000000 00:00 0 
7f6774eff000-7f6774f00000 ---p 00000000 00:00 0 
7f6774f00000-7f6775000000 rw-p 00000000 00:00 0 
7f6775000000-7f67753e0000 rwxp 00000000 00:00 0 
7f67753e0000-7f6784000000 ---p 00000000 00:00 0 
7f6784000000-7f6784191000 rw-p 00000000 00:00 0 
7f6784191000-7f6788000000 ---p 00000000 00:00 0 
7f6788000000-7f6788001000 r--s 00000000 08:05 279281                     /var/cache/fontconfig/30829fa25452a46451e813d634d7f916-le64.cache-6
7f6788001000-7f6788022000 rw-p 00000000 00:00 0 
7f6788022000-7f6788023000 ---p 00000000 00:00 0 
7f6788023000-7f6788123000 rw-p 00000000 00:00 0 
7f6788123000-7f6788124000 ---p 00000000 00:00 0 
7f6788124000-7f6788224000 rw-p 00000000 00:00 0 
7f6788224000-7f6788225000 ---p 00000000 00:00 0 
7f6788225000-7f678834f000 rw-p 00000000 00:00 0 
7f678834f000-7f67885b5000 ---p 00000000 00:00 0 
7f67885b5000-7f67885df000 rw-p 00000000 00:00 0 
7f67885df000-7f6788845000 ---p 00000000 00:00 0 
7f6788845000-7f678885a000 rw-p 00000000 00:00 0 
7f678885a000-7f678898d000 ---p 00000000 00:00 0 
7f678898d000-7f678899e000 rw-p 00000000 00:00 0 
7f678899e000-7f6788d4e000 ---p 00000000 00:00 0 
7f6788d4e000-7f6788d68000 r-xp 00000000 08:05 2243348                    /usr/lib/jvm/java-8-oracle/jre/lib/amd64/libzip.so
7f6788d68000-7f6788f68000 ---p 0001a000 08:05 2243348                    /usr/lib/jvm/java-8-oracle/jre/lib/amd64/libzip.so
7f6788f68000-7f6788f69000 rw-p 0001a000 08:05 2243348                    /usr/lib/jvm/java-8-oracle/jre/lib/amd64/libzip.so
7f6788f69000-7f6788f74000 r-xp 00000000 08:05 409756                     /lib/x86_64-linux-gnu/libnss_files-2.24.so
7f6788f74000-7f6789173000 ---p 0000b000 08:05 409756                     /lib/x86_64-linux-gnu/libnss_files-2.24.so
7f6789173000-7f6789174000 r--p 0000a000 08:05 409756                     /lib/x86_64-linux-gnu/libnss_files-2.24.so
7f6789174000-7f6789175000 rw-p 0000b000 08:05 409756                     /lib/x86_64-linux-gnu/libnss_files-2.24.so
7f6789175000-7f678917b000 rw-p 00000000 00:00 0 
7f678917b000-7f6789186000 r-xp 00000000 08:05 409758                     /lib/x86_64-linux-gnu/libnss_nis-2.24.so
7f6789186000-7f6789385000 ---p 0000b000 08:05 409758                     /lib/x86_64-linux-gnu/libnss_nis-2.24.so
7f6789385000-7f6789386000 r--p 0000a000 08:05 409758                     /lib/x86_64-linux-gnu/libnss_nis-2.24.so
7f6789386000-7f6789387000 rw-p 0000b000 08:05 409758                     /lib/x86_64-linux-gnu/libnss_nis-2.24.so
7f6789387000-7f678939d000 r-xp 00000000 08:05 409753                     /lib/x86_64-linux-gnu/libnsl-2.24.so
7f678939d000-7f678959c000 ---p 00016000 08:05 409753                     /lib/x86_64-linux-gnu/libnsl-2.24.so
7f678959c000-7f678959d000 r--p 00015000 08:05 409753                     /lib/x86_64-linux-gnu/libnsl-2.24.so
7f678959d000-7f678959e000 rw-p 00016000 08:05 409753                     /lib/x86_64-linux-gnu/libnsl-2.24.so
7f678959e000-7f67895a0000 rw-p 00000000 00:00 0 
7f67895a0000-7f67895a8000 r-xp 00000000 08:05 409754                     /lib/x86_64-linux-gnu/libnss_compat-2.24.so
7f67895a8000-7f67897a7000 ---p 00008000 08:05 409754                     /lib/x86_64-linux-gnu/libnss_compat-2.24.so
7f67897a7000-7f67897a8000 r--p 00007000 08:05 409754                     /lib/x86_64-linux-gnu/libnss_compat-2.24.so
7f67897a8000-7f67897a9000 rw-p 00008000 08:05 409754                     /lib/x86_64-linux-gnu/libnss_compat-2.24.so
7f67897a9000-7f67897d4000 r-xp 00000000 08:05 2243375                    /usr/lib/jvm/java-8-oracle/jre/lib/amd64/libjava.so
7f67897d4000-7f67899d3000 ---p 0002b000 08:05 2243375                    /usr/lib/jvm/java-8-oracle/jre/lib/amd64/libjava.so
7f67899d3000-7f67899d5000 rw-p 0002a000 08:05 2243375                    /usr/lib/jvm/java-8-oracle/jre/lib/amd64/libjava.so
7f67899d5000-7f67899e2000 r-xp 00000000 08:05 2243326                    /usr/lib/jvm/java-8-oracle/jre/lib/amd64/libverify.so
7f67899e2000-7f6789be1000 ---p 0000d000 08:05 2243326                    /usr/lib/jvm/java-8-oracle/jre/lib/amd64/libverify.so
7f6789be1000-7f6789be3000 rw-p 0000c000 08:05 2243326                    /usr/lib/jvm/java-8-oracle/jre/lib/amd64/libverify.so
7f6789be3000-7f6789bea000 r-xp 00000000 08:05 409763                     /lib/x86_64-linux-gnu/librt-2.24.so
7f6789bea000-7f6789de9000 ---p 00007000 08:05 409763                     /lib/x86_64-linux-gnu/librt-2.24.so
7f6789de9000-7f6789dea000 r--p 00006000 08:05 409763                     /lib/x86_64-linux-gnu/librt-2.24.so
7f6789dea000-7f6789deb000 rw-p 00007000 08:05 409763                     /lib/x86_64-linux-gnu/librt-2.24.so
7f6789deb000-7f6789ef3000 r-xp 00000000 08:05 409750                     /lib/x86_64-linux-gnu/libm-2.24.so
7f6789ef3000-7f678a0f2000 ---p 00108000 08:05 409750                     /lib/x86_64-linux-gnu/libm-2.24.so
7f678a0f2000-7f678a0f3000 r--p 00107000 08:05 409750                     /lib/x86_64-linux-gnu/libm-2.24.so
7f678a0f3000-7f678a0f4000 rw-p 00108000 08:05 409750                     /lib/x86_64-linux-gnu/libm-2.24.so
7f678a0f4000-7f678adc2000 r-xp 00000000 08:05 2243379                    /usr/lib/jvm/java-8-oracle/jre/lib/amd64/server/libjvm.so
7f678adc2000-7f678afc2000 ---p 00cce000 08:05 2243379                    /usr/lib/jvm/java-8-oracle/jre/lib/amd64/server/libjvm.so
7f678afc2000-7f678b09b000 rw-p 00cce000 08:05 2243379                    /usr/lib/jvm/java-8-oracle/jre/lib/amd64/server/libjvm.so
7f678b09b000-7f678b0e6000 rw-p 00000000 00:00 0 
7f678b0e6000-7f678b2a3000 r-xp 00000000 08:05 409746                     /lib/x86_64-linux-gnu/libc-2.24.so
7f678b2a3000-7f678b4a3000 ---p 001bd000 08:05 409746                     /lib/x86_64-linux-gnu/libc-2.24.so
7f678b4a3000-7f678b4a7000 r--p 001bd000 08:05 409746                     /lib/x86_64-linux-gnu/libc-2.24.so
7f678b4a7000-7f678b4a9000 rw-p 001c1000 08:05 409746                     /lib/x86_64-linux-gnu/libc-2.24.so
7f678b4a9000-7f678b4ad000 rw-p 00000000 00:00 0 
7f678b4ad000-7f678b4b0000 r-xp 00000000 08:05 409749                     /lib/x86_64-linux-gnu/libdl-2.24.so
7f678b4b0000-7f678b6af000 ---p 00003000 08:05 409749                     /lib/x86_64-linux-gnu/libdl-2.24.so
7f678b6af000-7f678b6b0000 r--p 00002000 08:05 409749                     /lib/x86_64-linux-gnu/libdl-2.24.so
7f678b6b0000-7f678b6b1000 rw-p 00003000 08:05 409749                     /lib/x86_64-linux-gnu/libdl-2.24.so
7f678b6b1000-7f678b6c6000 r-xp 00000000 08:05 2242460                    /usr/lib/jvm/java-8-oracle/lib/amd64/jli/libjli.so
7f678b6c6000-7f678b8c6000 ---p 00015000 08:05 2242460                    /usr/lib/jvm/java-8-oracle/lib/amd64/jli/libjli.so
7f678b8c6000-7f678b8c7000 rw-p 00015000 08:05 2242460                    /usr/lib/jvm/java-8-oracle/lib/amd64/jli/libjli.so
7f678b8c7000-7f678b8df000 r-xp 00000000 08:05 409761                     /lib/x86_64-linux-gnu/libpthread-2.24.so
7f678b8df000-7f678badf000 ---p 00018000 08:05 409761                     /lib/x86_64-linux-gnu/libpthread-2.24.so
7f678badf000-7f678bae0000 r--p 00018000 08:05 409761                     /lib/x86_64-linux-gnu/libpthread-2.24.so
7f678bae0000-7f678bae1000 rw-p 00019000 08:05 409761                     /lib/x86_64-linux-gnu/libpthread-2.24.so
7f678bae1000-7f678bae5000 rw-p 00000000 00:00 0 
7f678bae5000-7f678bb0a000 r-xp 00000000 08:05 409742                     /lib/x86_64-linux-gnu/ld-2.24.so
7f678bb0a000-7f678bb0d000 r--s 00000000 08:05 279293                     /var/cache/fontconfig/75114ca45c98e8a441da0ff356701271-le64.cache-6
7f678bb0d000-7f678bb15000 rw-s 00000000 00:05 493774                     /drm mm object (deleted)
7f678bb15000-7f678bb1b000 r--p 00000000 08:05 546979                     /home/daan/.config/dconf/user
7f678bb1b000-7f678bbe6000 rw-p 00000000 00:00 0 
7f678bbe6000-7f678bbe9000 ---p 00000000 00:00 0 
7f678bbe9000-7f678bce9000 rw-p 00000000 00:00 0 
7f678bce9000-7f678bcea000 r--s 00000000 08:05 279275                     /var/cache/fontconfig/0c9eb80ebd1c36541ebe2852d3bb0c49-le64.cache-6
7f678bceb000-7f678bcec000 rw-s 10233c000 00:06 391                       /dev/dri/card0
7f678bcec000-7f678bced000 r--s 00000000 00:2f 59                         /run/user/1000/dconf/user
7f678bced000-7f678bcf5000 rw-s 00000000 00:05 492202                     /drm mm object (deleted)
7f678bcf5000-7f678bcfc000 r--s 00000000 08:05 148080                     /usr/lib/x86_64-linux-gnu/gconv/gconv-modules.cache
7f678bcfc000-7f678bd04000 rw-s 00000000 08:05 1311079                    /tmp/hsperfdata_daan/22970
7f678bd04000-7f678bd05000 rw-p 00000000 00:00 0 
7f678bd05000-7f678bd06000 r--p 00000000 00:00 0 
7f678bd06000-7f678bd09000 rw-p 00000000 00:00 0 
7f678bd09000-7f678bd0a000 r--p 00024000 08:05 409742                     /lib/x86_64-linux-gnu/ld-2.24.so
7f678bd0a000-7f678bd0b000 rw-p 00025000 08:05 409742                     /lib/x86_64-linux-gnu/ld-2.24.so
7f678bd0b000-7f678bd0c000 rw-p 00000000 00:00 0 
7ffe38c29000-7ffe38c4a000 rw-p 00000000 00:00 0                          [stack]
7ffe38c9c000-7ffe38c9e000 r--p 00000000 00:00 0                          [vvar]
7ffe38c9e000-7ffe38ca0000 r-xp 00000000 00:00 0                          [vdso]
ffffffffff600000-ffffffffff601000 r-xp 00000000 00:00 0                  [vsyscall]

VM Arguments:
jvm_args: -Dfile.encoding=UTF-8 
java_command: application.Main
java_class_path (initial): /home/daan/git/IntegrationProject/IntegrationProject/bin:/home/daan/.p2/pool/plugins/org.junit_4.12.0.v201504281640/junit.jar:/home/daan/.p2/pool/plugins/org.hamcrest.core_1.3.0.v201303031735.jar:/home/daan/git/IntegrationProject/IntegrationProject/commons-codec-1.10.jar
Launcher Type: SUN_STANDARD

Environment Variables:
JAVA_HOME=/usr/lib/jvm/java-8-oracle
PATH=/home/daan/bin:/home/daan/.local/bin:/usr/local/sbin:/usr/local/bin:/usr/sbin:/usr/bin:/sbin:/bin:/usr/games:/usr/local/games:/snap/bin:/usr/lib/jvm/java-8-oracle/bin:/usr/lib/jvm/java-8-oracle/db/bin:/usr/lib/jvm/java-8-oracle/jre/bin
SHELL=/bin/bash
DISPLAY=:0

Signal Handlers:
SIGSEGV: [libjvm.so+0xac78c0], sa_mask[0]=11111111011111111101111111111110, sa_flags=SA_RESTART|SA_SIGINFO
SIGBUS: [libjvm.so+0xac78c0], sa_mask[0]=11111111011111111101111111111110, sa_flags=SA_RESTART|SA_SIGINFO
SIGFPE: [libjvm.so+0x920ac0], sa_mask[0]=11111111011111111101111111111110, sa_flags=SA_RESTART|SA_SIGINFO
SIGPIPE: SIG_IGN, sa_mask[0]=00000000000010000000000000000000, sa_flags=SA_RESTART
SIGXFSZ: [libjvm.so+0x920ac0], sa_mask[0]=11111111011111111101111111111110, sa_flags=SA_RESTART|SA_SIGINFO
SIGILL: [libjvm.so+0x920ac0], sa_mask[0]=11111111011111111101111111111110, sa_flags=SA_RESTART|SA_SIGINFO
SIGUSR1: SIG_DFL, sa_mask[0]=00000000000000000000000000000000, sa_flags=none
SIGUSR2: [libjvm.so+0x922300], sa_mask[0]=00100000000000000000000000000000, sa_flags=SA_RESTART|SA_SIGINFO
SIGHUP: [libjvm.so+0x923700], sa_mask[0]=11111111011111111101111111111110, sa_flags=SA_RESTART|SA_SIGINFO
SIGINT: [libjvm.so+0x923700], sa_mask[0]=11111111011111111101111111111110, sa_flags=SA_RESTART|SA_SIGINFO
SIGTERM: [libjvm.so+0x923700], sa_mask[0]=11111111011111111101111111111110, sa_flags=SA_RESTART|SA_SIGINFO
SIGQUIT: [libjvm.so+0x923700], sa_mask[0]=11111111011111111101111111111110, sa_flags=SA_RESTART|SA_SIGINFO


---------------  S Y S T E M  ---------------

OS:DISTRIB_ID=Ubuntu
DISTRIB_RELEASE=16.10
DISTRIB_CODENAME=yakkety
DISTRIB_DESCRIPTION="Ubuntu 16.10"

uname:Linux 4.8.0-46-generic #49-Ubuntu SMP Fri Mar 31 13:57:14 UTC 2017 x86_64
libc:glibc 2.24 NPTL 2.24 
rlimit: STACK 8192k, CORE 0k, NPROC 30976, NOFILE 4096, AS infinity
load average:1,33 1,34 1,10

/proc/meminfo:
MemTotal:        8054864 kB
MemFree:         1632716 kB
MemAvailable:    3404648 kB
Buffers:          113444 kB
Cached:          2502904 kB
SwapCached:            0 kB
Active:          4376808 kB
Inactive:        1716440 kB
Active(anon):    3478604 kB
Inactive(anon):   687296 kB
Active(file):     898204 kB
Inactive(file):  1029144 kB
Unevictable:         128 kB
Mlocked:             128 kB
SwapTotal:       8268796 kB
SwapFree:        8268796 kB
Dirty:               224 kB
Writeback:             0 kB
AnonPages:       3397908 kB
Mapped:           713824 kB
Shmem:            688748 kB
Slab:             188344 kB
SReclaimable:     128224 kB
SUnreclaim:        60120 kB
KernelStack:       13376 kB
PageTables:        59588 kB
NFS_Unstable:          0 kB
Bounce:                0 kB
WritebackTmp:          0 kB
CommitLimit:    12296228 kB
Committed_AS:   10016420 kB
VmallocTotal:   34359738367 kB
VmallocUsed:           0 kB
VmallocChunk:          0 kB
HardwareCorrupted:     0 kB
AnonHugePages:   1730560 kB
ShmemHugePages:        0 kB
ShmemPmdMapped:        0 kB
CmaTotal:              0 kB
CmaFree:               0 kB
HugePages_Total:       0
HugePages_Free:        0
HugePages_Rsvd:        0
HugePages_Surp:        0
Hugepagesize:       2048 kB
DirectMap4k:      216656 kB
DirectMap2M:     8052736 kB
DirectMap1G:           0 kB


CPU:total 4 (2 cores per cpu, 2 threads per core) family 6 model 78 stepping 3, cmov, cx8, fxsr, mmx, sse, sse2, sse3, ssse3, sse4.1, sse4.2, popcnt, avx, avx2, aes, clmul, erms, 3dnowpref, lzcnt, ht, tsc, tscinvbit, bmi1, bmi2, adx

/proc/cpuinfo:
processor	: 0
vendor_id	: GenuineIntel
cpu family	: 6
model		: 78
model name	: Intel(R) Core(TM) i5-6200U CPU @ 2.30GHz
stepping	: 3
microcode	: 0x9e
cpu MHz		: 2700.000
cache size	: 3072 KB
physical id	: 0
siblings	: 4
core id		: 0
cpu cores	: 2
apicid		: 0
initial apicid	: 0
fpu		: yes
fpu_exception	: yes
cpuid level	: 22
wp		: yes
flags		: fpu vme de pse tsc msr pae mce cx8 apic sep mtrr pge mca cmov pat pse36 clflush dts acpi mmx fxsr sse sse2 ss ht tm pbe syscall nx pdpe1gb rdtscp lm constant_tsc art arch_perfmon pebs bts rep_good nopl xtopology nonstop_tsc aperfmperf eagerfpu pni pclmulqdq dtes64 monitor ds_cpl vmx est tm2 ssse3 sdbg fma cx16 xtpr pdcm pcid sse4_1 sse4_2 x2apic movbe popcnt tsc_deadline_timer aes xsave avx f16c rdrand lahf_lm abm 3dnowprefetch epb intel_pt tpr_shadow vnmi flexpriority ept vpid fsgsbase tsc_adjust bmi1 avx2 smep bmi2 erms invpcid mpx rdseed adx smap clflushopt xsaveopt xsavec xgetbv1 xsaves dtherm ida arat pln pts hwp hwp_notify hwp_act_window hwp_epp
bugs		:
bogomips	: 4800.00
clflush size	: 64
cache_alignment	: 64
address sizes	: 39 bits physical, 48 bits virtual
power management:

processor	: 1
vendor_id	: GenuineIntel
cpu family	: 6
model		: 78
model name	: Intel(R) Core(TM) i5-6200U CPU @ 2.30GHz
stepping	: 3
microcode	: 0x9e
cpu MHz		: 2700.000
cache size	: 3072 KB
physical id	: 0
siblings	: 4
core id		: 1
cpu cores	: 2
apicid		: 2
initial apicid	: 2
fpu		: yes
fpu_exception	: yes
cpuid level	: 22
wp		: yes
flags		: fpu vme de pse tsc msr pae mce cx8 apic sep mtrr pge mca cmov pat pse36 clflush dts acpi mmx fxsr sse sse2 ss ht tm pbe syscall nx pdpe1gb rdtscp lm constant_tsc art arch_perfmon pebs bts rep_good nopl xtopology nonstop_tsc aperfmperf eagerfpu pni pclmulqdq dtes64 monitor ds_cpl vmx est tm2 ssse3 sdbg fma cx16 xtpr pdcm pcid sse4_1 sse4_2 x2apic movbe popcnt tsc_deadline_timer aes xsave avx f16c rdrand lahf_lm abm 3dnowprefetch epb intel_pt tpr_shadow vnmi flexpriority ept vpid fsgsbase tsc_adjust bmi1 avx2 smep bmi2 erms invpcid mpx rdseed adx smap clflushopt xsaveopt xsavec xgetbv1 xsaves dtherm ida arat pln pts hwp hwp_notify hwp_act_window hwp_epp
bugs		:
bogomips	: 4800.00
clflush size	: 64
cache_alignment	: 64
address sizes	: 39 bits physical, 48 bits virtual
power management:

processor	: 2
vendor_id	: GenuineIntel
cpu family	: 6
model		: 78
model name	: Intel(R) Core(TM) i5-6200U CPU @ 2.30GHz
stepping	: 3
microcode	: 0x9e
cpu MHz		: 2700.000
cache size	: 3072 KB
physical id	: 0
siblings	: 4
core id		: 0
cpu cores	: 2
apicid		: 1
initial apicid	: 1
fpu		: yes
fpu_exception	: yes
cpuid level	: 22
wp		: yes
flags		: fpu vme de pse tsc msr pae mce cx8 apic sep mtrr pge mca cmov pat pse36 clflush dts acpi mmx fxsr sse sse2 ss ht tm pbe syscall nx pdpe1gb rdtscp lm constant_tsc art arch_perfmon pebs bts rep_good nopl xtopology nonstop_tsc aperfmperf eagerfpu pni pclmulqdq dtes64 monitor ds_cpl vmx est tm2 ssse3 sdbg fma cx16 xtpr pdcm pcid sse4_1 sse4_2 x2apic movbe popcnt tsc_deadline_timer aes xsave avx f16c rdrand lahf_lm abm 3dnowprefetch epb intel_pt tpr_shadow vnmi flexpriority ept vpid fsgsbase tsc_adjust bmi1 avx2 smep bmi2 erms invpcid mpx rdseed adx smap clflushopt xsaveopt xsavec xgetbv1 xsaves dtherm ida arat pln pts hwp hwp_notify hwp_act_window hwp_epp
bugs		:
bogomips	: 4800.00
clflush size	: 64
cache_alignment	: 64
address sizes	: 39 bits physical, 48 bits virtual
power management:

processor	: 3
vendor_id	: GenuineIntel
cpu family	: 6
model		: 78
model name	: Intel(R) Core(TM) i5-6200U CPU @ 2.30GHz
stepping	: 3
microcode	: 0x9e
cpu MHz		: 2699.853
cache size	: 3072 KB
physical id	: 0
siblings	: 4
core id		: 1
cpu cores	: 2
apicid		: 3
initial apicid	: 3
fpu		: yes
fpu_exception	: yes
cpuid level	: 22
wp		: yes
flags		: fpu vme de pse tsc msr pae mce cx8 apic sep mtrr pge mca cmov pat pse36 clflush dts acpi mmx fxsr sse sse2 ss ht tm pbe syscall nx pdpe1gb rdtscp lm constant_tsc art arch_perfmon pebs bts rep_good nopl xtopology nonstop_tsc aperfmperf eagerfpu pni pclmulqdq dtes64 monitor ds_cpl vmx est tm2 ssse3 sdbg fma cx16 xtpr pdcm pcid sse4_1 sse4_2 x2apic movbe popcnt tsc_deadline_timer aes xsave avx f16c rdrand lahf_lm abm 3dnowprefetch epb intel_pt tpr_shadow vnmi flexpriority ept vpid fsgsbase tsc_adjust bmi1 avx2 smep bmi2 erms invpcid mpx rdseed adx smap clflushopt xsaveopt xsavec xgetbv1 xsaves dtherm ida arat pln pts hwp hwp_notify hwp_act_window hwp_epp
bugs		:
bogomips	: 4800.00
clflush size	: 64
cache_alignment	: 64
address sizes	: 39 bits physical, 48 bits virtual
power management:



Memory: 4k page, physical 8054864k(1632716k free), swap 8268796k(8268796k free)

vm_info: Java HotSpot(TM) 64-Bit Server VM (25.121-b13) for linux-amd64 JRE (1.8.0_121-b13), built on Dec 12 2016 16:36:53 by "java_re" with gcc 4.3.0 20080428 (Red Hat 4.3.0-8)

time: Tue Apr 18 12:07:41 2017
elapsed time: 2 seconds (0d 0h 0m 2s)

