#
# A fatal error has been detected by the Java Runtime Environment:
#
#  SIGSEGV (0xb) at pc=0x00007f3f32a0f8f8, pid=32701, tid=0x00007f3ec83a3700
#
# JRE version: Java(TM) SE Runtime Environment (8.0_121-b13) (build 1.8.0_121-b13)
# Java VM: Java HotSpot(TM) 64-Bit Server VM (25.121-b13 mixed mode linux-amd64 compressed oops)
# Problematic frame:
# V  [libjvm.so+0x6d28f8]  jni_invoke_nonstatic(JNIEnv_*, JavaValue*, _jobject*, JNICallType, _jmethodID*, JNI_ArgumentPusher*, Thread*)+0x38
#
# Failed to write core dump. Core dumps have been disabled. To enable core dumping, try "ulimit -c unlimited" before starting Java again
#
# If you would like to submit a bug report, please visit:
#   http://bugreport.java.com/bugreport/crash.jsp
#

---------------  T H R E A D  ---------------

Current thread (0x00007f3edc0fc800):  JavaThread "JavaFX Application Thread" [_thread_in_vm, id=32728, stack(0x00007f3ec82a3000,0x00007f3ec83a4000)]

siginfo: si_signo: 11 (SIGSEGV), si_code: 1 (SEGV_MAPERR), si_addr: 0x00007f3e00000000

Registers:
RAX=0x00007f3ec83a22c0, RBX=0x00007f3ec83a21d0, RCX=0x0000000000000001, RDX=0x00007f3e00000000
RSP=0x00007f3ec83a2020, RBP=0x00007f3ec83a21a0, RSI=0x00007f3ec83a2230, RDI=0x00007f3edc0fc9f8
R8 =0x00007f3edc050718, R9 =0x00007f3ec83a21d0, R10=0x00007f3eac000a80, R11=0x00007f3f1d36d060
R12=0x00007f3edc0fc800, R13=0x00007f3edc050718, R14=0x0000000000000001, R15=0x00007f3edc0fc9f8
RIP=0x00007f3f32a0f8f8, EFLAGS=0x0000000000010206, CSGSFS=0x002b000000000033, ERR=0x0000000000000004
  TRAPNO=0x000000000000000e

Top of Stack: (sp=0x00007f3ec83a2020)
0x00007f3ec83a2020:   00007f3ec83a2720 00007f3ec83a2340
0x00007f3ec83a2030:   00007f3ec83a2080 00007f3ec83a2100
0x00007f3ec83a2040:   00007f3ec83a21d0 00007f3ec83a2230
0x00007f3ec83a2050:   00007f3edc0fc9f8 00007f3f32a2f400
0x00007f3ec83a2060:   00007f3ef4035520 00007f3ef4035530
0x00007f3ec83a2070:   00007f3ef4035908 00000000000003d8
0x00007f3ec83a2080:   0000000000000000 00000000d82036e0
0x00007f3ec83a2090:   00007f3f0000006f 00007f3e0000000a
0x00007f3ec83a20a0:   00000000d8888140 0000000000000000
0x00007f3ec83a20b0:   0000000000000000 0000000000000000
0x00007f3ec83a20c0:   00007f3f18bf4688 0000000100000100
0x00007f3ec83a20d0:   0000000000000000 00007f3ec83a2088
0x00007f3ec83a20e0:   00007f3ec83a20c9 0000000800000005
0x00007f3ec83a20f0:   0000000000000000 00007f3edc0cb780
0x00007f3ec83a2100:   00007f3f3329d510 00007f3f33d8b720
0x00007f3ec83a2110:   00000000dc0cb000 00007f3edc0fc800
0x00007f3ec83a2120:   0000000000000000 00007f3f32a0fccb
0x00007f3ec83a2130:   00007f3f18c03768 00007f3edc0fc800
0x00007f3ec83a2140:   00007f3f18c03768 00007f3edc0fc800
0x00007f3ec83a2150:   00007f3ec83a22e0 00007f3f18c03768
0x00007f3ec83a2160:   00007f3f18c03768 00007f3f18c03768
0x00007f3ec83a2170:   00007f3ef4035520 00007f3ec83a21d0
0x00007f3ec83a2180:   00007f3edc0fc800 00007f3ec83a2210
0x00007f3ec83a2190:   00007f3edc050718 00007f3edc0fc9f8
0x00007f3ec83a21a0:   00007f3ec83a2290 00007f3f32a1409f
0x00007f3ec83a21b0:   00007f3edc0fc800 00007f3f05a14ff4
0x00007f3ec83a21c0:   00007f3ec83a22a8 00007f3e00000000
0x00007f3ec83a21d0:   00007f3f3329e170 00007f3f33d8b720
0x00007f3ec83a21e0:   00000000c83a2250 9b0504df00000063
0x00007f3ec83a21f0:   0000000000000000 0000003000000018
0x00007f3ec83a2200:   00007f3ec83a2380 00007f3ec83a22c0
0x00007f3ec83a2210:   00007f3edc0fc800 0000000000000000 

Instructions: (pc=0x00007f3f32a0f8f8)
0x00007f3f32a0f8d8:   00 00 48 85 d2 48 89 bd b0 fe ff ff 48 89 b5 a8
0x00007f3f32a0f8e8:   fe ff ff 4c 89 8d a0 fe ff ff 0f 84 78 09 00 00
0x00007f3f32a0f8f8:   4c 8b 22 4d 85 e4 0f 84 6c 09 00 00 48 8b 45 10
0x00007f3f32a0f908:   48 8b 98 38 01 00 00 48 83 7b 18 f7 0f 87 16 07 

Register to memory mapping:

RAX=0x00007f3ec83a22c0 is pointing into the stack for thread: 0x00007f3edc0fc800
RBX=0x00007f3ec83a21d0 is pointing into the stack for thread: 0x00007f3edc0fc800
RCX=0x0000000000000001 is an unknown value
RDX=0x00007f3e00000000 is an unknown value
RSP=0x00007f3ec83a2020 is pointing into the stack for thread: 0x00007f3edc0fc800
RBP=0x00007f3ec83a21a0 is pointing into the stack for thread: 0x00007f3edc0fc800
RSI=0x00007f3ec83a2230 is pointing into the stack for thread: 0x00007f3edc0fc800
RDI=0x00007f3edc0fc9f8 is an unknown value
R8 =0x00007f3edc050718 is an unknown value
R9 =0x00007f3ec83a21d0 is pointing into the stack for thread: 0x00007f3edc0fc800
R10=0x00007f3eac000a80 is an unknown value
R11=0x00007f3f1d36d060 is at entry_point+32 in (nmethod*)0x00007f3f1d36ced0
R12=0x00007f3edc0fc800 is a thread
R13=0x00007f3edc050718 is an unknown value
R14=0x0000000000000001 is an unknown value
R15=0x00007f3edc0fc9f8 is an unknown value


Stack: [0x00007f3ec82a3000,0x00007f3ec83a4000],  sp=0x00007f3ec83a2020,  free space=1020k
Native frames: (J=compiled Java code, j=interpreted, Vv=VM code, C=native code)
V  [libjvm.so+0x6d28f8]  jni_invoke_nonstatic(JNIEnv_*, JavaValue*, _jobject*, JNICallType, _jmethodID*, JNI_ArgumentPusher*, Thread*)+0x38
V  [libjvm.so+0x6d709f]  jni_CallVoidMethodV+0x10f
C  [libglass.so+0x13e51]  JNIEnv_::CallVoidMethod(_jobject*, _jmethodID*, ...)+0x81
C  [libglass.so+0x1876f]  WindowContextBase::process_key(_GdkEventKey*)+0x20f
C  [libglass.so+0x15fe0]  WindowContextBase::im_filter_keypress(_GdkEventKey*)+0x1c0
C  [libglass.so+0x20a3c]  process_events(_GdkEvent*, void*)+0x22c
C  [libgdk-x11-2.0.so.0+0x5acdc]

Java frames: (J=compiled Java code, j=interpreted, Vv=VM code)
j  com.sun.glass.ui.gtk.GtkApplication._runLoop(Ljava/lang/Runnable;Z)V+0
j  com.sun.glass.ui.gtk.GtkApplication.lambda$null$49(Ljava/lang/Runnable;Z)V+7
j  com.sun.glass.ui.gtk.GtkApplication$$Lambda$43.run()V+12
j  java.lang.Thread.run()V+11
v  ~StubRoutines::call_stub

---------------  P R O C E S S  ---------------

Java Threads: ( => current thread )
  0x00007f3f2c00a000 JavaThread "DestroyJavaVM" [_thread_blocked, id=32706, stack(0x00007f3f33e2f000,0x00007f3f33f30000)]
  0x00007f3f2c124800 JavaThread "Thread-5" [_thread_blocked, id=32732, stack(0x00007f3ec2246000,0x00007f3ec2347000)]
  0x00007f3f2c122800 JavaThread "Thread-4" [_thread_in_native, id=32731, stack(0x00007f3ec2347000,0x00007f3ec2448000)]
  0x00007f3eac1a4800 JavaThread "Prism Font Disposer" daemon [_thread_blocked, id=32729, stack(0x00007f3ec2e8c000,0x00007f3ec2f8d000)]
=>0x00007f3edc0fc800 JavaThread "JavaFX Application Thread" [_thread_in_vm, id=32728, stack(0x00007f3ec82a3000,0x00007f3ec83a4000)]
  0x00007f3edc0c8800 JavaThread "Thread-3" daemon [_thread_blocked, id=32727, stack(0x00007f3ed4010000,0x00007f3ed4111000)]
  0x00007f3edc041800 JavaThread "QuantumRenderer-0" daemon [_thread_blocked, id=32723, stack(0x00007f3f0648f000,0x00007f3f06590000)]
  0x00007f3ed808b000 JavaThread "JavaFX-Launcher" [_thread_blocked, id=32722, stack(0x00007f3f06590000,0x00007f3f06691000)]
  0x00007f3f2c140000 JavaThread "Thread-0" [_thread_blocked, id=32721, stack(0x00007f3f06691000,0x00007f3f06792000)]
  0x00007f3f2c0c1800 JavaThread "Service Thread" daemon [_thread_blocked, id=32719, stack(0x00007f3f06893000,0x00007f3f06994000)]
  0x00007f3f2c0be000 JavaThread "C1 CompilerThread2" daemon [_thread_blocked, id=32718, stack(0x00007f3f06994000,0x00007f3f06a95000)]
  0x00007f3f2c0bc800 JavaThread "C2 CompilerThread1" daemon [_thread_blocked, id=32717, stack(0x00007f3f06a95000,0x00007f3f06b96000)]
  0x00007f3f2c0b9800 JavaThread "C2 CompilerThread0" daemon [_thread_blocked, id=32716, stack(0x00007f3f06b96000,0x00007f3f06c97000)]
  0x00007f3f2c0b8000 JavaThread "Signal Dispatcher" daemon [_thread_blocked, id=32715, stack(0x00007f3f06c97000,0x00007f3f06d98000)]
  0x00007f3f2c084000 JavaThread "Finalizer" daemon [_thread_blocked, id=32714, stack(0x00007f3f071f2000,0x00007f3f072f3000)]
  0x00007f3f2c07f800 JavaThread "Reference Handler" daemon [_thread_blocked, id=32713, stack(0x00007f3f072f3000,0x00007f3f073f4000)]

Other Threads:
  0x00007f3f2c077800 VMThread [stack: 0x00007f3f073f4000,0x00007f3f074f5000] [id=32712]
  0x00007f3f2c0c4000 WatcherThread [stack: 0x00007f3f06792000,0x00007f3f06893000] [id=32720]

VM state:not at safepoint (normal execution)

VM Mutex/Monitor currently owned by a thread: None

Heap:
 PSYoungGen      total 36864K, used 11103K [0x00000000d7000000, 0x00000000d9900000, 0x0000000100000000)
  eden space 31744K, 18% used [0x00000000d7000000,0x00000000d75d9e40,0x00000000d8f00000)
  from space 5120K, 99% used [0x00000000d8f00000,0x00000000d93fe050,0x00000000d9400000)
  to   space 5120K, 0% used [0x00000000d9400000,0x00000000d9400000,0x00000000d9900000)
 ParOldGen       total 84992K, used 673K [0x0000000085000000, 0x000000008a300000, 0x00000000d7000000)
  object space 84992K, 0% used [0x0000000085000000,0x00000000850a8528,0x000000008a300000)
 Metaspace       used 14900K, capacity 15714K, committed 15872K, reserved 1062912K
  class space    used 2246K, capacity 2454K, committed 2560K, reserved 1048576K

Card table byte_map: [0x00007f3f307fe000,0x00007f3f30bd7000] byte_map_base: 0x00007f3f303d6000

Marking Bits: (ParMarkBitMap*) 0x00007f3f33301c80
 Begin Bits: [0x00007f3f19280000, 0x00007f3f1b140000)
 End Bits:   [0x00007f3f1b140000, 0x00007f3f1d000000)

Polling page: 0x00007f3f33f4e000

CodeCache: size=245760Kb used=4201Kb max_used=4201Kb free=241558Kb
 bounds [0x00007f3f1d000000, 0x00007f3f1d420000, 0x00007f3f2c000000]
 total_blobs=1885 nmethods=1260 adapters=538
 compilation: enabled

Compilation events (10 events):
Event: 2,860 Thread 0x00007f3f2c0be000 1254       3       javafx.beans.binding.DoubleExpression::<init> (5 bytes)
Event: 2,860 Thread 0x00007f3f2c0be000 nmethod 1254 0x00007f3f1d4128d0 code [0x00007f3f1d412a40, 0x00007f3f1d412c50]
Event: 2,860 Thread 0x00007f3f2c0be000 1251       1       com.sun.javafx.font.PrismFontFile::getDefaultAAMode (2 bytes)
Event: 2,860 Thread 0x00007f3f2c0be000 nmethod 1251 0x00007f3f1d412610 code [0x00007f3f1d412760, 0x00007f3f1d412870]
Event: 2,860 Thread 0x00007f3f2c0be000 1253       3       sun.util.logging.PlatformLogger$DefaultLoggerProxy::isLoggable (29 bytes)
Event: 2,861 Thread 0x00007f3f2c0be000 nmethod 1253 0x00007f3f1d417f10 code [0x00007f3f1d4180a0, 0x00007f3f1d4185d0]
Event: 2,861 Thread 0x00007f3f2c0be000 1252       3       java.lang.Boolean::<init> (10 bytes)
Event: 2,861 Thread 0x00007f3f2c0be000 nmethod 1252 0x00007f3f1d41a850 code [0x00007f3f1d41a9c0, 0x00007f3f1d41ab70]
Event: 2,861 Thread 0x00007f3f2c0be000 1255       3       javafx.beans.property.DoublePropertyBase::set (111 bytes)
Event: 2,861 Thread 0x00007f3f2c0bc800 nmethod 1217 0x00007f3f1d41ac10 code [0x00007f3f1d41ada0, 0x00007f3f1d41b778]

GC Heap History (2 events):
Event: 2,700 GC heap before
{Heap before GC invocations=1 (full 0):
 PSYoungGen      total 36864K, used 31262K [0x00000000d7000000, 0x00000000d9900000, 0x0000000100000000)
  eden space 31744K, 98% used [0x00000000d7000000,0x00000000d8e87b70,0x00000000d8f00000)
  from space 5120K, 0% used [0x00000000d9400000,0x00000000d9400000,0x00000000d9900000)
  to   space 5120K, 0% used [0x00000000d8f00000,0x00000000d8f00000,0x00000000d9400000)
 ParOldGen       total 84992K, used 0K [0x0000000085000000, 0x000000008a300000, 0x00000000d7000000)
  object space 84992K, 0% used [0x0000000085000000,0x0000000085000000,0x000000008a300000)
 Metaspace       used 13879K, capacity 14558K, committed 14848K, reserved 1062912K
  class space    used 2073K, capacity 2248K, committed 2304K, reserved 1048576K
Event: 2,710 GC heap after
Heap after GC invocations=1 (full 0):
 PSYoungGen      total 36864K, used 5112K [0x00000000d7000000, 0x00000000d9900000, 0x0000000100000000)
  eden space 31744K, 0% used [0x00000000d7000000,0x00000000d7000000,0x00000000d8f00000)
  from space 5120K, 99% used [0x00000000d8f00000,0x00000000d93fe050,0x00000000d9400000)
  to   space 5120K, 0% used [0x00000000d9400000,0x00000000d9400000,0x00000000d9900000)
 ParOldGen       total 84992K, used 673K [0x0000000085000000, 0x000000008a300000, 0x00000000d7000000)
  object space 84992K, 0% used [0x0000000085000000,0x00000000850a8528,0x000000008a300000)
 Metaspace       used 13879K, capacity 14558K, committed 14848K, reserved 1062912K
  class space    used 2073K, capacity 2248K, committed 2304K, reserved 1048576K
}

Deoptimization events (10 events):
Event: 1,146 Thread 0x00007f3edc0fc800 Uncommon trap: reason=class_check action=maybe_recompile pc=0x00007f3f1d23aef4 method=java.io.DataInputStream.readShort()S @ 4
Event: 1,152 Thread 0x00007f3edc0fc800 Uncommon trap: reason=class_check action=maybe_recompile pc=0x00007f3f1d115ef8 method=java.lang.String.equals(Ljava/lang/Object;)Z @ 8
Event: 1,152 Thread 0x00007f3edc0fc800 Uncommon trap: reason=class_check action=maybe_recompile pc=0x00007f3f1d115ef8 method=java.lang.String.equals(Ljava/lang/Object;)Z @ 8
Event: 1,152 Thread 0x00007f3edc0fc800 Uncommon trap: reason=class_check action=maybe_recompile pc=0x00007f3f1d115ef8 method=java.lang.String.equals(Ljava/lang/Object;)Z @ 8
Event: 1,207 Thread 0x00007f3edc0fc800 Uncommon trap: reason=class_check action=maybe_recompile pc=0x00007f3f1d115ef8 method=java.lang.String.equals(Ljava/lang/Object;)Z @ 8
Event: 1,268 Thread 0x00007f3edc0fc800 Uncommon trap: reason=unstable_if action=reinterpret pc=0x00007f3f1d288628 method=sun.net.www.ParseUtil.encodePath(Ljava/lang/String;Z)Ljava/lang/String; @ 109
Event: 1,367 Thread 0x00007f3edc0fc800 Uncommon trap: reason=unstable_if action=reinterpret pc=0x00007f3f1d2fafe4 method=jdk.internal.org.objectweb.asm.Type.getArgumentsAndReturnSizes(Ljava/lang/String;)I @ 47
Event: 2,718 Thread 0x00007f3edc0fc800 Uncommon trap: reason=unstable_if action=reinterpret pc=0x00007f3f1d37dbf4 method=java.lang.StrictMath.floorOrCeil(DDDD)D @ 38
Event: 2,759 Thread 0x00007f3edc0fc800 Uncommon trap: reason=unstable_if action=reinterpret pc=0x00007f3f1d1cc9a4 method=java.lang.String.indexOf([CII[CIII)I @ 3
Event: 2,856 Thread 0x00007f3edc0fc800 Uncommon trap: reason=unstable_if action=reinterpret pc=0x00007f3f1d1ac5ec method=java.lang.String.startsWith(Ljava/lang/String;I)Z @ 25

Internal exceptions (10 events):
Event: 0,130 Thread 0x00007f3f2c140000 Exception <a 'java/lang/NoSuchFieldError': method resolution failed> (0x00000000d730ab20) thrown at [/HUDSON3/workspace/8-2-build-linux-amd64/jdk8u121/8372/hotspot/src/share/vm/prims/methodHandles.cpp, line 1146]
Event: 0,158 Thread 0x00007f3ed808b000 Exception <a 'java/security/PrivilegedActionException'> (0x00000000d73e1890) thrown at [/HUDSON3/workspace/8-2-build-linux-amd64/jdk8u121/8372/hotspot/src/share/vm/prims/jvm.cpp, line 1390]
Event: 0,158 Thread 0x00007f3ed808b000 Exception <a 'java/security/PrivilegedActionException'> (0x00000000d73e1aa0) thrown at [/HUDSON3/workspace/8-2-build-linux-amd64/jdk8u121/8372/hotspot/src/share/vm/prims/jvm.cpp, line 1390]
Event: 0,158 Thread 0x00007f3ed808b000 Exception <a 'java/security/PrivilegedActionException'> (0x00000000d73e3f08) thrown at [/HUDSON3/workspace/8-2-build-linux-amd64/jdk8u121/8372/hotspot/src/share/vm/prims/jvm.cpp, line 1390]
Event: 0,158 Thread 0x00007f3ed808b000 Exception <a 'java/security/PrivilegedActionException'> (0x00000000d73e4118) thrown at [/HUDSON3/workspace/8-2-build-linux-amd64/jdk8u121/8372/hotspot/src/share/vm/prims/jvm.cpp, line 1390]
Event: 0,158 Thread 0x00007f3ed808b000 Exception <a 'java/lang/NullPointerException'> (0x00000000d73e46f0) thrown at [/HUDSON3/workspace/8-2-build-linux-amd64/jdk8u121/8372/hotspot/src/share/vm/interpreter/linkResolver.cpp, line 1178]
Event: 0,389 Thread 0x00007f3edc0fc800 Exception <a 'java/lang/NullPointerException'> (0x00000000d7ae35d0) thrown at [/HUDSON3/workspace/8-2-build-linux-amd64/jdk8u121/8372/hotspot/src/share/vm/interpreter/linkResolver.cpp, line 1178]
Event: 0,389 Thread 0x00007f3edc0fc800 Exception <a 'java/lang/NullPointerException'> (0x00000000d7ae35d0) thrown at [/HUDSON3/workspace/8-2-build-linux-amd64/jdk8u121/8372/hotspot/src/share/vm/prims/jvm.cpp, line 1394]
Event: 0,548 Thread 0x00007f3edc0fc800 Implicit null exception at 0x00007f3f1d241f75 to 0x00007f3f1d242191
Event: 2,719 Thread 0x00007f3edc0fc800 Exception <a 'java/io/FileNotFoundException'> (0x00000000d7249db0) thrown at [/HUDSON3/workspace/8-2-build-linux-amd64/jdk8u121/8372/hotspot/src/share/vm/prims/jni.cpp, line 709]

Events (10 events):
Event: 2,826 loading class com/sun/javafx/effect/EffectDirtyBits done
Event: 2,827 loading class javafx/scene/shape/SVGPath$1
Event: 2,827 loading class javafx/scene/shape/SVGPath$1 done
Event: 2,827 loading class javafx/scene/shape/SVGPath$2
Event: 2,827 loading class javafx/scene/shape/SVGPath$2 done
Event: 2,827 loading class com/sun/javafx/sg/prism/NGSVGPath
Event: 2,827 loading class com/sun/javafx/sg/prism/NGSVGPath done
Event: 2,856 Thread 0x00007f3edc0fc800 Uncommon trap: trap_request=0xffffff65 fr.pc=0x00007f3f1d1ac5ec
Event: 2,856 Thread 0x00007f3edc0fc800 DEOPT PACKING pc=0x00007f3f1d1ac5ec sp=0x00007f3ec839ef60
Event: 2,856 Thread 0x00007f3edc0fc800 DEOPT UNPACKING pc=0x00007f3f1d005229 sp=0x00007f3ec839eef8 mode 2


Dynamic libraries:
00400000-00401000 r-xp 00000000 08:05 2243241                            /usr/lib/jvm/java-8-oracle/bin/java
00600000-00601000 rw-p 00000000 08:05 2243241                            /usr/lib/jvm/java-8-oracle/bin/java
00d49000-00d6a000 rw-p 00000000 00:00 0                                  [heap]
85000000-8a300000 rw-p 00000000 00:00 0 
8a300000-d7000000 ---p 00000000 00:00 0 
d7000000-d9900000 rw-p 00000000 00:00 0 
d9900000-100000000 ---p 00000000 00:00 0 
100000000-100280000 rw-p 00000000 00:00 0 
100280000-140000000 ---p 00000000 00:00 0 
7f3ea4000000-7f3ea4021000 rw-p 00000000 00:00 0 
7f3ea4021000-7f3ea8000000 ---p 00000000 00:00 0 
7f3ea8000000-7f3ea8021000 rw-p 00000000 00:00 0 
7f3ea8021000-7f3eac000000 ---p 00000000 00:00 0 
7f3eac000000-7f3eac4db000 rw-p 00000000 00:00 0 
7f3eac4db000-7f3eb0000000 ---p 00000000 00:00 0 
7f3eb0000000-7f3eb0021000 rw-p 00000000 00:00 0 
7f3eb0021000-7f3eb4000000 ---p 00000000 00:00 0 
7f3eb4000000-7f3eb4021000 rw-p 00000000 00:00 0 
7f3eb4021000-7f3eb8000000 ---p 00000000 00:00 0 
7f3eb8000000-7f3eb8021000 rw-p 00000000 00:00 0 
7f3eb8021000-7f3ebc000000 ---p 00000000 00:00 0 
7f3ebc000000-7f3ebc022000 rw-p 00000000 00:00 0 
7f3ebc022000-7f3ec0000000 ---p 00000000 00:00 0 
7f3ec2242000-7f3ec2246000 r--s 0009a000 08:05 2243269                    /usr/lib/jvm/java-8-oracle/jre/lib/jsse.jar
7f3ec2246000-7f3ec2249000 ---p 00000000 00:00 0 
7f3ec2249000-7f3ec2347000 rw-p 00000000 00:00 0 
7f3ec2347000-7f3ec234a000 ---p 00000000 00:00 0 
7f3ec234a000-7f3ec2548000 rw-p 00000000 00:00 0 
7f3ec2548000-7f3ec2648000 ---p 00000000 00:00 0 
7f3ec2648000-7f3ec265e000 r-xp 00000000 08:05 2243325                    /usr/lib/jvm/java-8-oracle/jre/lib/amd64/libnet.so
7f3ec265e000-7f3ec285e000 ---p 00016000 08:05 2243325                    /usr/lib/jvm/java-8-oracle/jre/lib/amd64/libnet.so
7f3ec285e000-7f3ec285f000 rw-p 00016000 08:05 2243325                    /usr/lib/jvm/java-8-oracle/jre/lib/amd64/libnet.so
7f3ec285f000-7f3ec28bf000 rw-s 00000000 00:05 874591                     /drm mm object (deleted)
7f3ec28bf000-7f3ec28cd000 rw-s 00000000 00:05 874590                     /drm mm object (deleted)
7f3ec28cd000-7f3ec2a8d000 rw-s 100d99000 00:06 391                       /dev/dri/card0
7f3ec2a8d000-7f3ec2c4d000 rw-s 00000000 00:05 874583                     /drm mm object (deleted)
7f3ec2c4d000-7f3ec2c5d000 rw-s 00000000 00:05 874587                     /drm mm object (deleted)
7f3ec2c5d000-7f3ec2c6d000 rw-s 00000000 00:05 874585                     /drm mm object (deleted)
7f3ec2c6d000-7f3ec2c79000 rw-s 00000000 00:05 874571                     /drm mm object (deleted)
7f3ec2c79000-7f3ec2c8c000 r--s 00345000 08:05 2243549                    /usr/lib/jvm/java-8-oracle/jre/lib/resources.jar
7f3ec2c8c000-7f3ec2e8c000 rw-p 00000000 00:00 0 
7f3ec2e8c000-7f3ec2e8f000 ---p 00000000 00:00 0 
7f3ec2e8f000-7f3ec2f8d000 rw-p 00000000 00:00 0 
7f3ec2f8d000-7f3ec3046000 r--p 00000000 08:05 918436                     /usr/share/fonts/truetype/dejavu/DejaVuSans.ttf
7f3ec3046000-7f3ec3082000 r--p 00000000 08:05 2243419                    /usr/lib/jvm/java-8-oracle/jre/lib/fonts/LucidaTypewriterRegular.ttf
7f3ec3082000-7f3ec3095000 r--p 00000000 08:05 2243414                    /usr/lib/jvm/java-8-oracle/jre/lib/fonts/LucidaBrightDemiBold.ttf
7f3ec3095000-7f3ec30cf000 r--p 00000000 08:05 2243415                    /usr/lib/jvm/java-8-oracle/jre/lib/fonts/LucidaTypewriterBold.ttf
7f3ec30cf000-7f3ec3124000 r--p 00000000 08:05 2243416                    /usr/lib/jvm/java-8-oracle/jre/lib/fonts/LucidaBrightRegular.ttf
7f3ec3124000-7f3ec31cf000 r--p 00000000 08:05 2243413                    /usr/lib/jvm/java-8-oracle/jre/lib/fonts/LucidaSansRegular.ttf
7f3ec31cf000-7f3ec31e3000 r--p 00000000 08:05 2243417                    /usr/lib/jvm/java-8-oracle/jre/lib/fonts/LucidaBrightItalic.ttf
7f3ec31e3000-7f3ec31f6000 r--p 00000000 08:05 2243421                    /usr/lib/jvm/java-8-oracle/jre/lib/fonts/LucidaBrightDemiItalic.ttf
7f3ec31f6000-7f3ec31fa000 r-xp 00000000 08:05 2243362                    /usr/lib/jvm/java-8-oracle/jre/lib/amd64/libjavafx_font_pango.so
7f3ec31fa000-7f3ec33f9000 ---p 00004000 08:05 2243362                    /usr/lib/jvm/java-8-oracle/jre/lib/amd64/libjavafx_font_pango.so
7f3ec33f9000-7f3ec33fa000 rw-p 00003000 08:05 2243362                    /usr/lib/jvm/java-8-oracle/jre/lib/amd64/libjavafx_font_pango.so
7f3ec33fa000-7f3ec35fa000 rw-p 00000000 00:00 0 
7f3ec35fa000-7f3ec35ff000 r-xp 00000000 08:05 2243358                    /usr/lib/jvm/java-8-oracle/jre/lib/amd64/libjavafx_font_freetype.so
7f3ec35ff000-7f3ec37fe000 ---p 00005000 08:05 2243358                    /usr/lib/jvm/java-8-oracle/jre/lib/amd64/libjavafx_font_freetype.so
7f3ec37fe000-7f3ec37ff000 rw-p 00004000 08:05 2243358                    /usr/lib/jvm/java-8-oracle/jre/lib/amd64/libjavafx_font_freetype.so
7f3ec37ff000-7f3ec3800000 ---p 00000000 00:00 0 
7f3ec3800000-7f3ec4000000 rw-p 00000000 00:00 0 
7f3ec4000000-7f3ec4021000 rw-p 00000000 00:00 0 
7f3ec4021000-7f3ec8000000 ---p 00000000 00:00 0 
7f3ec8001000-7f3ec8003000 rw-s 100f59000 00:06 391                       /dev/dri/card0
7f3ec8003000-7f3ec800b000 rw-s 00000000 00:05 874586                     /drm mm object (deleted)
7f3ec800b000-7f3ec8059000 r--p 00000000 08:05 2243420                    /usr/lib/jvm/java-8-oracle/jre/lib/fonts/LucidaSansDemiBold.ttf
7f3ec8059000-7f3ec805e000 r--s 00084000 08:05 2243424                    /usr/lib/jvm/java-8-oracle/jre/lib/jfr.jar
7f3ec805e000-7f3ec8069000 r--s 00000000 08:05 279298                     /var/cache/fontconfig/945677eb7aeaf62f1d50efc3fb3ec7d8-le64.cache-6
7f3ec8069000-7f3ec806f000 r--s 00000000 08:05 279279                     /var/cache/fontconfig/2cd17615ca594fa2959ae173292e504c-le64.cache-6
7f3ec806f000-7f3ec8084000 r--s 00000000 08:05 279272                     /var/cache/fontconfig/04aabc0a78ac019cf9454389977116d2-le64.cache-6
7f3ec8084000-7f3ec8088000 r--s 00000000 08:05 279283                     /var/cache/fontconfig/385c0604a188198f04d133e54aba7fe7-le64.cache-6
7f3ec8088000-7f3ec808d000 r--s 00000000 08:05 279297                     /var/cache/fontconfig/8801497958630a81b71ace7c5f9b32a8-le64.cache-6
7f3ec808d000-7f3ec80a0000 r--s 00000000 08:05 279308                     /var/cache/fontconfig/d52a8644073d54c13679302ca1180695-le64.cache-6
7f3ec80a0000-7f3ec80a3000 r-xp 00000000 08:05 2243320                    /usr/lib/jvm/java-8-oracle/jre/lib/amd64/libjavafx_font.so
7f3ec80a3000-7f3ec82a2000 ---p 00003000 08:05 2243320                    /usr/lib/jvm/java-8-oracle/jre/lib/amd64/libjavafx_font.so
7f3ec82a2000-7f3ec82a3000 rw-p 00002000 08:05 2243320                    /usr/lib/jvm/java-8-oracle/jre/lib/amd64/libjavafx_font.so
7f3ec82a3000-7f3ec82a6000 ---p 00000000 00:00 0 
7f3ec82a6000-7f3ec83a4000 rw-p 00000000 00:00 0 
7f3ec83a4000-7f3ec83a5000 ---p 00000000 00:00 0 
7f3ec83a5000-7f3ec8ba5000 rw-p 00000000 00:00 0 
7f3ec8ba5000-7f3ec8ba6000 ---p 00000000 00:00 0 
7f3ec8ba6000-7f3ec93a6000 rw-p 00000000 00:00 0 
7f3ec93a6000-7f3ec93b2000 r-xp 00000000 08:05 133762                     /usr/lib/x86_64-linux-gnu/gio/modules/libdconfsettings.so
7f3ec93b2000-7f3ec95b1000 ---p 0000c000 08:05 133762                     /usr/lib/x86_64-linux-gnu/gio/modules/libdconfsettings.so
7f3ec95b1000-7f3ec95b2000 r--p 0000b000 08:05 133762                     /usr/lib/x86_64-linux-gnu/gio/modules/libdconfsettings.so
7f3ec95b2000-7f3ec95b3000 rw-p 0000c000 08:05 133762                     /usr/lib/x86_64-linux-gnu/gio/modules/libdconfsettings.so
7f3ec95b3000-7f3ec95ba000 r-xp 00000000 08:05 2239720                    /usr/lib/x86_64-linux-gnu/libogg.so.0.8.2
7f3ec95ba000-7f3ec97ba000 ---p 00007000 08:05 2239720                    /usr/lib/x86_64-linux-gnu/libogg.so.0.8.2
7f3ec97ba000-7f3ec97bb000 r--p 00007000 08:05 2239720                    /usr/lib/x86_64-linux-gnu/libogg.so.0.8.2
7f3ec97bb000-7f3ec97bc000 rw-p 00008000 08:05 2239720                    /usr/lib/x86_64-linux-gnu/libogg.so.0.8.2
7f3ec97bc000-7f3ec97e6000 r-xp 00000000 08:05 2240153                    /usr/lib/x86_64-linux-gnu/libvorbis.so.0.4.8
7f3ec97e6000-7f3ec99e6000 ---p 0002a000 08:05 2240153                    /usr/lib/x86_64-linux-gnu/libvorbis.so.0.4.8
7f3ec99e6000-7f3ec99e7000 r--p 0002a000 08:05 2240153                    /usr/lib/x86_64-linux-gnu/libvorbis.so.0.4.8
7f3ec99e7000-7f3ec99e8000 rw-p 0002b000 08:05 2240153                    /usr/lib/x86_64-linux-gnu/libvorbis.so.0.4.8
7f3ec99e8000-7f3ec99f0000 r-xp 00000000 08:05 2239564                    /usr/lib/x86_64-linux-gnu/libltdl.so.7.3.1
7f3ec99f0000-7f3ec9bf0000 ---p 00008000 08:05 2239564                    /usr/lib/x86_64-linux-gnu/libltdl.so.7.3.1
7f3ec9bf0000-7f3ec9bf1000 r--p 00008000 08:05 2239564                    /usr/lib/x86_64-linux-gnu/libltdl.so.7.3.1
7f3ec9bf1000-7f3ec9bf2000 rw-p 00009000 08:05 2239564                    /usr/lib/x86_64-linux-gnu/libltdl.so.7.3.1
7f3ec9bf2000-7f3ec9c06000 r-xp 00000000 08:05 2239986                    /usr/lib/x86_64-linux-gnu/libtdb.so.1.3.9
7f3ec9c06000-7f3ec9e05000 ---p 00014000 08:05 2239986                    /usr/lib/x86_64-linux-gnu/libtdb.so.1.3.9
7f3ec9e05000-7f3ec9e06000 r--p 00013000 08:05 2239986                    /usr/lib/x86_64-linux-gnu/libtdb.so.1.3.9
7f3ec9e06000-7f3ec9e07000 rw-p 00014000 08:05 2239986                    /usr/lib/x86_64-linux-gnu/libtdb.so.1.3.9
7f3ec9e07000-7f3ec9e0e000 r-xp 00000000 08:05 2240157                    /usr/lib/x86_64-linux-gnu/libvorbisfile.so.3.3.7
7f3ec9e0e000-7f3eca00e000 ---p 00007000 08:05 2240157                    /usr/lib/x86_64-linux-gnu/libvorbisfile.so.3.3.7
7f3eca00e000-7f3eca00f000 r--p 00007000 08:05 2240157                    /usr/lib/x86_64-linux-gnu/libvorbisfile.so.3.3.7
7f3eca00f000-7f3eca010000 rw-p 00008000 08:05 2240157                    /usr/lib/x86_64-linux-gnu/libvorbisfile.so.3.3.7
7f3eca010000-7f3eca020000 r-xp 00000000 08:05 2238920                    /usr/lib/x86_64-linux-gnu/libcanberra.so.0.2.5
7f3eca020000-7f3eca220000 ---p 00010000 08:05 2238920                    /usr/lib/x86_64-linux-gnu/libcanberra.so.0.2.5
7f3eca220000-7f3eca221000 r--p 00010000 08:05 2238920                    /usr/lib/x86_64-linux-gnu/libcanberra.so.0.2.5
7f3eca221000-7f3eca222000 rw-p 00011000 08:05 2238920                    /usr/lib/x86_64-linux-gnu/libcanberra.so.0.2.5
7f3eca222000-7f3eca226000 r-xp 00000000 08:05 2238916                    /usr/lib/x86_64-linux-gnu/libcanberra-gtk.so.0.1.9
7f3eca226000-7f3eca425000 ---p 00004000 08:05 2238916                    /usr/lib/x86_64-linux-gnu/libcanberra-gtk.so.0.1.9
7f3eca425000-7f3eca426000 r--p 00003000 08:05 2238916                    /usr/lib/x86_64-linux-gnu/libcanberra-gtk.so.0.1.9
7f3eca426000-7f3eca427000 rw-p 00004000 08:05 2238916                    /usr/lib/x86_64-linux-gnu/libcanberra-gtk.so.0.1.9
7f3eca427000-7f3eca42c000 r-xp 00000000 08:05 133969                     /usr/lib/x86_64-linux-gnu/gtk-2.0/modules/libcanberra-gtk-module.so
7f3eca42c000-7f3eca62b000 ---p 00005000 08:05 133969                     /usr/lib/x86_64-linux-gnu/gtk-2.0/modules/libcanberra-gtk-module.so
7f3eca62b000-7f3eca62c000 r--p 00004000 08:05 133969                     /usr/lib/x86_64-linux-gnu/gtk-2.0/modules/libcanberra-gtk-module.so
7f3eca62c000-7f3eca62d000 rw-p 00005000 08:05 133969                     /usr/lib/x86_64-linux-gnu/gtk-2.0/modules/libcanberra-gtk-module.so
7f3eca62d000-7f3eca65d000 r-xp 00000000 08:05 133951                     /usr/lib/x86_64-linux-gnu/gtk-2.0/2.10.0/engines/libmurrine.so
7f3eca65d000-7f3eca85d000 ---p 00030000 08:05 133951                     /usr/lib/x86_64-linux-gnu/gtk-2.0/2.10.0/engines/libmurrine.so
7f3eca85d000-7f3eca85e000 r--p 00030000 08:05 133951                     /usr/lib/x86_64-linux-gnu/gtk-2.0/2.10.0/engines/libmurrine.so
7f3eca85e000-7f3eca85f000 rw-p 00031000 08:05 133951                     /usr/lib/x86_64-linux-gnu/gtk-2.0/2.10.0/engines/libmurrine.so
7f3eca85f000-7f3eca86f000 r-xp 00000000 08:05 2240079                    /usr/lib/x86_64-linux-gnu/libunity-gtk2-parser.so.0.0.0
7f3eca86f000-7f3ecaa6f000 ---p 00010000 08:05 2240079                    /usr/lib/x86_64-linux-gnu/libunity-gtk2-parser.so.0.0.0
7f3ecaa6f000-7f3ecaa70000 r--p 00010000 08:05 2240079                    /usr/lib/x86_64-linux-gnu/libunity-gtk2-parser.so.0.0.0
7f3ecaa70000-7f3ecaa71000 rw-p 00011000 08:05 2240079                    /usr/lib/x86_64-linux-gnu/libunity-gtk2-parser.so.0.0.0
7f3ecaa71000-7f3ecaa76000 r-xp 00000000 08:05 133973                     /usr/lib/x86_64-linux-gnu/gtk-2.0/modules/libunity-gtk-module.so
7f3ecaa76000-7f3ecac75000 ---p 00005000 08:05 133973                     /usr/lib/x86_64-linux-gnu/gtk-2.0/modules/libunity-gtk-module.so
7f3ecac75000-7f3ecac76000 r--p 00004000 08:05 133973                     /usr/lib/x86_64-linux-gnu/gtk-2.0/modules/libunity-gtk-module.so
7f3ecac76000-7f3ecac77000 rw-p 00005000 08:05 133973                     /usr/lib/x86_64-linux-gnu/gtk-2.0/modules/libunity-gtk-module.so
7f3ecac77000-7f3ecac99000 r-xp 00000000 08:05 398679                     /lib/x86_64-linux-gnu/liblzma.so.5.0.0
7f3ecac99000-7f3ecae98000 ---p 00022000 08:05 398679                     /lib/x86_64-linux-gnu/liblzma.so.5.0.0
7f3ecae98000-7f3ecae99000 r--p 00021000 08:05 398679                     /lib/x86_64-linux-gnu/liblzma.so.5.0.0
7f3ecae99000-7f3ecae9a000 rw-p 00022000 08:05 398679                     /lib/x86_64-linux-gnu/liblzma.so.5.0.0
7f3ecae9a000-7f3ecaee4000 r-xp 00000000 08:05 399570                     /lib/x86_64-linux-gnu/libdbus-1.so.3.14.7
7f3ecaee4000-7f3ecb0e4000 ---p 0004a000 08:05 399570                     /lib/x86_64-linux-gnu/libdbus-1.so.3.14.7
7f3ecb0e4000-7f3ecb0e5000 r--p 0004a000 08:05 399570                     /lib/x86_64-linux-gnu/libdbus-1.so.3.14.7
7f3ecb0e5000-7f3ecb0e6000 rw-p 0004b000 08:05 399570                     /lib/x86_64-linux-gnu/libdbus-1.so.3.14.7
7f3ecb0e6000-7f3ecb112000 r-xp 00000000 08:05 2238852                    /usr/lib/x86_64-linux-gnu/libatspi.so.0.0.1
7f3ecb112000-7f3ecb311000 ---p 0002c000 08:05 2238852                    /usr/lib/x86_64-linux-gnu/libatspi.so.0.0.1
7f3ecb311000-7f3ecb314000 r--p 0002b000 08:05 2238852                    /usr/lib/x86_64-linux-gnu/libatspi.so.0.0.1
7f3ecb314000-7f3ecb315000 rw-p 0002e000 08:05 2238852                    /usr/lib/x86_64-linux-gnu/libatspi.so.0.0.1
7f3ecb315000-7f3ecb342000 r-xp 00000000 08:05 2238846                    /usr/lib/x86_64-linux-gnu/libatk-bridge-2.0.so.0.0.0
7f3ecb342000-7f3ecb541000 ---p 0002d000 08:05 2238846                    /usr/lib/x86_64-linux-gnu/libatk-bridge-2.0.so.0.0.0
7f3ecb541000-7f3ecb542000 r--p 0002c000 08:05 2238846                    /usr/lib/x86_64-linux-gnu/libatk-bridge-2.0.so.0.0.0
7f3ecb542000-7f3ecb544000 rw-p 0002d000 08:05 2238846                    /usr/lib/x86_64-linux-gnu/libatk-bridge-2.0.so.0.0.0
7f3ecb544000-7f3ecb545000 r-xp 00000000 08:05 133968                     /usr/lib/x86_64-linux-gnu/gtk-2.0/modules/libatk-bridge.so
7f3ecb545000-7f3ecb744000 ---p 00001000 08:05 133968                     /usr/lib/x86_64-linux-gnu/gtk-2.0/modules/libatk-bridge.so
7f3ecb744000-7f3ecb745000 r--p 00000000 08:05 133968                     /usr/lib/x86_64-linux-gnu/gtk-2.0/modules/libatk-bridge.so
7f3ecb745000-7f3ecb746000 rw-p 00001000 08:05 133968                     /usr/lib/x86_64-linux-gnu/gtk-2.0/modules/libatk-bridge.so
7f3ecb746000-7f3ecb74d000 r-xp 00000000 08:05 2228785                    /usr/lib/x86_64-linux-gnu/libgailutil.so.18.0.1
7f3ecb74d000-7f3ecb94c000 ---p 00007000 08:05 2228785                    /usr/lib/x86_64-linux-gnu/libgailutil.so.18.0.1
7f3ecb94c000-7f3ecb94d000 r--p 00006000 08:05 2228785                    /usr/lib/x86_64-linux-gnu/libgailutil.so.18.0.1
7f3ecb94d000-7f3ecb94e000 rw-p 00007000 08:05 2228785                    /usr/lib/x86_64-linux-gnu/libgailutil.so.18.0.1
7f3ecb94e000-7f3ecb99c000 r-xp 00000000 08:05 132695                     /usr/lib/x86_64-linux-gnu/gtk-2.0/modules/libgail.so
7f3ecb99c000-7f3ecbb9b000 ---p 0004e000 08:05 132695                     /usr/lib/x86_64-linux-gnu/gtk-2.0/modules/libgail.so
7f3ecbb9b000-7f3ecbb9c000 r--p 0004d000 08:05 132695                     /usr/lib/x86_64-linux-gnu/gtk-2.0/modules/libgail.so
7f3ecbb9c000-7f3ecbb9e000 rw-p 0004e000 08:05 132695                     /usr/lib/x86_64-linux-gnu/gtk-2.0/modules/libgail.so
7f3ecbb9e000-7f3ecbbaf000 r-xp 00000000 08:05 132122                     /usr/lib/x86_64-linux-gnu/gtk-2.0/modules/liboverlay-scrollbar.so
7f3ecbbaf000-7f3ecbdaf000 ---p 00011000 08:05 132122                     /usr/lib/x86_64-linux-gnu/gtk-2.0/modules/liboverlay-scrollbar.so
7f3ecbdaf000-7f3ecbdb0000 r--p 00011000 08:05 132122                     /usr/lib/x86_64-linux-gnu/gtk-2.0/modules/liboverlay-scrollbar.so
7f3ecbdb0000-7f3ecbdb1000 rw-p 00012000 08:05 132122                     /usr/lib/x86_64-linux-gnu/gtk-2.0/modules/liboverlay-scrollbar.so
7f3ecbdb1000-7f3ecbdda000 r-xp 00000000 08:05 2243370                    /usr/lib/jvm/java-8-oracle/jre/lib/amd64/libglass.so
7f3ecbdda000-7f3ecbfd9000 ---p 00029000 08:05 2243370                    /usr/lib/jvm/java-8-oracle/jre/lib/amd64/libglass.so
7f3ecbfd9000-7f3ecbfdc000 rw-p 00028000 08:05 2243370                    /usr/lib/jvm/java-8-oracle/jre/lib/amd64/libglass.so
7f3ecbfdc000-7f3ecc013000 r-xp 00000000 08:05 2240033                    /usr/lib/x86_64-linux-gnu/libtxc_dxtn_s2tc.so.0.0.0
7f3ecc013000-7f3ecc212000 ---p 00037000 08:05 2240033                    /usr/lib/x86_64-linux-gnu/libtxc_dxtn_s2tc.so.0.0.0
7f3ecc212000-7f3ecc213000 r--p 00036000 08:05 2240033                    /usr/lib/x86_64-linux-gnu/libtxc_dxtn_s2tc.so.0.0.0
7f3ecc213000-7f3ecc214000 rw-p 00037000 08:05 2240033                    /usr/lib/x86_64-linux-gnu/libtxc_dxtn_s2tc.so.0.0.0
7f3ecc214000-7f3ecc21c000 r-xp 00000000 08:05 2239767                    /usr/lib/x86_64-linux-gnu/libpciaccess.so.0.11.1
7f3ecc21c000-7f3ecc41c000 ---p 00008000 08:05 2239767                    /usr/lib/x86_64-linux-gnu/libpciaccess.so.0.11.1
7f3ecc41c000-7f3ecc41d000 r--p 00008000 08:05 2239767                    /usr/lib/x86_64-linux-gnu/libpciaccess.so.0.11.1
7f3ecc41d000-7f3ecc41e000 rw-p 00009000 08:05 2239767                    /usr/lib/x86_64-linux-gnu/libpciaccess.so.0.11.1
7f3ecc41e000-7f3ecc430000 r-xp 00000000 08:05 398660                     /lib/x86_64-linux-gnu/libgpg-error.so.0.19.1
7f3ecc430000-7f3ecc630000 ---p 00012000 08:05 398660                     /lib/x86_64-linux-gnu/libgpg-error.so.0.19.1
7f3ecc630000-7f3ecc631000 r--p 00012000 08:05 398660                     /lib/x86_64-linux-gnu/libgpg-error.so.0.19.1
7f3ecc631000-7f3ecc632000 rw-p 00013000 08:05 398660                     /lib/x86_64-linux-gnu/libgpg-error.so.0.19.1
7f3ecc632000-7f3ecc63d000 r-xp 00000000 08:05 2239069                    /usr/lib/x86_64-linux-gnu/libdrm_radeon.so.1.0.1
7f3ecc63d000-7f3ecc83c000 ---p 0000b000 08:05 2239069                    /usr/lib/x86_64-linux-gnu/libdrm_radeon.so.1.0.1
7f3ecc83c000-7f3ecc83d000 r--p 0000a000 08:05 2239069                    /usr/lib/x86_64-linux-gnu/libdrm_radeon.so.1.0.1
7f3ecc83d000-7f3ecc83e000 rw-p 0000b000 08:05 2239069                    /usr/lib/x86_64-linux-gnu/libdrm_radeon.so.1.0.1
7f3ecc83e000-7f3ecc845000 r-xp 00000000 08:05 2239067                    /usr/lib/x86_64-linux-gnu/libdrm_nouveau.so.2.0.0
7f3ecc845000-7f3ecca44000 ---p 00007000 08:05 2239067                    /usr/lib/x86_64-linux-gnu/libdrm_nouveau.so.2.0.0
7f3ecca44000-7f3ecca45000 r--p 00006000 08:05 2239067                    /usr/lib/x86_64-linux-gnu/libdrm_nouveau.so.2.0.0
7f3ecca45000-7f3ecca46000 rw-p 00007000 08:05 2239067                    /usr/lib/x86_64-linux-gnu/libdrm_nouveau.so.2.0.0
7f3ecca46000-7f3ecca66000 r-xp 00000000 08:05 2239065                    /usr/lib/x86_64-linux-gnu/libdrm_intel.so.1.0.0
7f3ecca66000-7f3eccc65000 ---p 00020000 08:05 2239065                    /usr/lib/x86_64-linux-gnu/libdrm_intel.so.1.0.0
7f3eccc65000-7f3eccc66000 r--p 0001f000 08:05 2239065                    /usr/lib/x86_64-linux-gnu/libdrm_intel.so.1.0.0
7f3eccc66000-7f3eccc67000 rw-p 00020000 08:05 2239065                    /usr/lib/x86_64-linux-gnu/libdrm_intel.so.1.0.0
7f3eccc67000-7f3eccd6e000 r-xp 00000000 08:05 398656                     /lib/x86_64-linux-gnu/libgcrypt.so.20.1.2
7f3eccd6e000-7f3eccf6d000 ---p 00107000 08:05 398656                     /lib/x86_64-linux-gnu/libgcrypt.so.20.1.2
7f3eccf6d000-7f3eccf6f000 r--p 00106000 08:05 398656                     /lib/x86_64-linux-gnu/libgcrypt.so.20.1.2
7f3eccf6f000-7f3eccf76000 rw-p 00108000 08:05 398656                     /lib/x86_64-linux-gnu/libgcrypt.so.20.1.2
7f3eccf76000-7f3ecd619000 r-xp 00000000 08:05 133427                     /usr/lib/x86_64-linux-gnu/dri/i965_dri.so
7f3ecd619000-7f3ecd818000 ---p 006a3000 08:05 133427                     /usr/lib/x86_64-linux-gnu/dri/i965_dri.so
7f3ecd818000-7f3ecd857000 r--p 006a2000 08:05 133427                     /usr/lib/x86_64-linux-gnu/dri/i965_dri.so
7f3ecd857000-7f3ecd85f000 rw-p 006e1000 08:05 133427                     /usr/lib/x86_64-linux-gnu/dri/i965_dri.so
7f3ecd85f000-7f3ecd867000 rw-p 00000000 00:00 0 
7f3ecd867000-7f3ecd86b000 r-xp 00000000 08:05 398105                     /lib/x86_64-linux-gnu/libuuid.so.1.3.0
7f3ecd86b000-7f3ecda6a000 ---p 00004000 08:05 398105                     /lib/x86_64-linux-gnu/libuuid.so.1.3.0
7f3ecda6a000-7f3ecda6b000 r--p 00003000 08:05 398105                     /lib/x86_64-linux-gnu/libuuid.so.1.3.0
7f3ecda6b000-7f3ecda6c000 rw-p 00004000 08:05 398105                     /lib/x86_64-linux-gnu/libuuid.so.1.3.0
7f3ecda6c000-7f3ecda72000 r-xp 00000000 08:05 2239010                    /usr/lib/x86_64-linux-gnu/libdatrie.so.1.3.3
7f3ecda72000-7f3ecdc72000 ---p 00006000 08:05 2239010                    /usr/lib/x86_64-linux-gnu/libdatrie.so.1.3.3
7f3ecdc72000-7f3ecdc73000 r--p 00006000 08:05 2239010                    /usr/lib/x86_64-linux-gnu/libdatrie.so.1.3.3
7f3ecdc73000-7f3ecdc74000 rw-p 00007000 08:05 2239010                    /usr/lib/x86_64-linux-gnu/libdatrie.so.1.3.3
7f3ecdc74000-7f3ecdc79000 r-xp 00000000 08:05 2238755                    /usr/lib/x86_64-linux-gnu/libXdmcp.so.6.0.0
7f3ecdc79000-7f3ecde78000 ---p 00005000 08:05 2238755                    /usr/lib/x86_64-linux-gnu/libXdmcp.so.6.0.0
7f3ecde78000-7f3ecde79000 r--p 00004000 08:05 2238755                    /usr/lib/x86_64-linux-gnu/libXdmcp.so.6.0.0
7f3ecde79000-7f3ecde7a000 rw-p 00005000 08:05 2238755                    /usr/lib/x86_64-linux-gnu/libXdmcp.so.6.0.0
7f3ecde7a000-7f3ecde7c000 r-xp 00000000 08:05 2238744                    /usr/lib/x86_64-linux-gnu/libXau.so.6.0.0
7f3ecde7c000-7f3ece07c000 ---p 00002000 08:05 2238744                    /usr/lib/x86_64-linux-gnu/libXau.so.6.0.0
7f3ece07c000-7f3ece07d000 r--p 00002000 08:05 2238744                    /usr/lib/x86_64-linux-gnu/libXau.so.6.0.0
7f3ece07d000-7f3ece07e000 rw-p 00003000 08:05 2238744                    /usr/lib/x86_64-linux-gnu/libXau.so.6.0.0
7f3ece07e000-7f3ece0a1000 r-xp 00000000 08:05 2239322                    /usr/lib/x86_64-linux-gnu/libgraphite2.so.3.0.1
7f3ece0a1000-7f3ece2a0000 ---p 00023000 08:05 2239322                    /usr/lib/x86_64-linux-gnu/libgraphite2.so.3.0.1
7f3ece2a0000-7f3ece2a2000 r--p 00022000 08:05 2239322                    /usr/lib/x86_64-linux-gnu/libgraphite2.so.3.0.1
7f3ece2a2000-7f3ece2a3000 rw-p 00024000 08:05 2239322                    /usr/lib/x86_64-linux-gnu/libgraphite2.so.3.0.1
7f3ece2a3000-7f3ece2e0000 r-xp 00000000 08:05 398114                     /lib/x86_64-linux-gnu/libblkid.so.1.1.0
7f3ece2e0000-7f3ece4df000 ---p 0003d000 08:05 398114                     /lib/x86_64-linux-gnu/libblkid.so.1.1.0
7f3ece4df000-7f3ece4e3000 r--p 0003c000 08:05 398114                     /lib/x86_64-linux-gnu/libblkid.so.1.1.0
7f3ece4e3000-7f3ece4e4000 rw-p 00040000 08:05 398114                     /lib/x86_64-linux-gnu/libblkid.so.1.1.0
7f3ece4e4000-7f3ece4e5000 rw-p 00000000 00:00 0 
7f3ece4e5000-7f3ece4f3000 r-xp 00000000 08:05 2239061                    /usr/lib/x86_64-linux-gnu/libdrm.so.2.4.0
7f3ece4f3000-7f3ece6f2000 ---p 0000e000 08:05 2239061                    /usr/lib/x86_64-linux-gnu/libdrm.so.2.4.0
7f3ece6f2000-7f3ece6f3000 r--p 0000d000 08:05 2239061                    /usr/lib/x86_64-linux-gnu/libdrm.so.2.4.0
7f3ece6f3000-7f3ece6f4000 rw-p 0000e000 08:05 2239061                    /usr/lib/x86_64-linux-gnu/libdrm.so.2.4.0
7f3ece6f4000-7f3ece6f8000 r-xp 00000000 08:05 2240244                    /usr/lib/x86_64-linux-gnu/libxcb-dri2.so.0.0.0
7f3ece6f8000-7f3ece8f7000 ---p 00004000 08:05 2240244                    /usr/lib/x86_64-linux-gnu/libxcb-dri2.so.0.0.0
7f3ece8f7000-7f3ece8f8000 r--p 00003000 08:05 2240244                    /usr/lib/x86_64-linux-gnu/libxcb-dri2.so.0.0.0
7f3ece8f8000-7f3ece8f9000 rw-p 00004000 08:05 2240244                    /usr/lib/x86_64-linux-gnu/libxcb-dri2.so.0.0.0
7f3ece8f9000-7f3ece910000 r-xp 00000000 08:05 2240248                    /usr/lib/x86_64-linux-gnu/libxcb-glx.so.0.0.0
7f3ece910000-7f3eceb0f000 ---p 00017000 08:05 2240248                    /usr/lib/x86_64-linux-gnu/libxcb-glx.so.0.0.0
7f3eceb0f000-7f3eceb11000 r--p 00016000 08:05 2240248                    /usr/lib/x86_64-linux-gnu/libxcb-glx.so.0.0.0
7f3eceb11000-7f3eceb12000 rw-p 00018000 08:05 2240248                    /usr/lib/x86_64-linux-gnu/libxcb-glx.so.0.0.0
7f3eceb12000-7f3eceb13000 r-xp 00000000 08:05 2238738                    /usr/lib/x86_64-linux-gnu/libX11-xcb.so.1.0.0
7f3eceb13000-7f3eced12000 ---p 00001000 08:05 2238738                    /usr/lib/x86_64-linux-gnu/libX11-xcb.so.1.0.0
7f3eced12000-7f3eced13000 r--p 00000000 08:05 2238738                    /usr/lib/x86_64-linux-gnu/libX11-xcb.so.1.0.0
7f3eced13000-7f3eced14000 rw-p 00001000 08:05 2238738                    /usr/lib/x86_64-linux-gnu/libX11-xcb.so.1.0.0
7f3eced14000-7f3eced3d000 r-xp 00000000 08:05 2231673                    /usr/lib/x86_64-linux-gnu/libglapi.so.0.0.0
7f3eced3d000-7f3ecef3c000 ---p 00029000 08:05 2231673                    /usr/lib/x86_64-linux-gnu/libglapi.so.0.0.0
7f3ecef3c000-7f3ecef40000 r--p 00028000 08:05 2231673                    /usr/lib/x86_64-linux-gnu/libglapi.so.0.0.0
7f3ecef40000-7f3ecef41000 rw-p 0002c000 08:05 2231673                    /usr/lib/x86_64-linux-gnu/libglapi.so.0.0.0
7f3ecef41000-7f3ecef42000 rw-p 00000000 00:00 0 
7f3ecef42000-7f3ecef43000 r-xp 00000000 08:05 2240290                    /usr/lib/x86_64-linux-gnu/libxshmfence.so.1.0.0
7f3ecef43000-7f3ecf143000 ---p 00001000 08:05 2240290                    /usr/lib/x86_64-linux-gnu/libxshmfence.so.1.0.0
7f3ecf143000-7f3ecf144000 r--p 00001000 08:05 2240290                    /usr/lib/x86_64-linux-gnu/libxshmfence.so.1.0.0
7f3ecf144000-7f3ecf145000 rw-p 00002000 08:05 2240290                    /usr/lib/x86_64-linux-gnu/libxshmfence.so.1.0.0
7f3ecf145000-7f3ecf14a000 r-xp 00000000 08:05 2240268                    /usr/lib/x86_64-linux-gnu/libxcb-sync.so.1.0.0
7f3ecf14a000-7f3ecf34a000 ---p 00005000 08:05 2240268                    /usr/lib/x86_64-linux-gnu/libxcb-sync.so.1.0.0
7f3ecf34a000-7f3ecf34b000 r--p 00005000 08:05 2240268                    /usr/lib/x86_64-linux-gnu/libxcb-sync.so.1.0.0
7f3ecf34b000-7f3ecf34c000 rw-p 00006000 08:05 2240268                    /usr/lib/x86_64-linux-gnu/libxcb-sync.so.1.0.0
7f3ecf34c000-7f3ecf34e000 r-xp 00000000 08:05 2240256                    /usr/lib/x86_64-linux-gnu/libxcb-present.so.0.0.0
7f3ecf34e000-7f3ecf54d000 ---p 00002000 08:05 2240256                    /usr/lib/x86_64-linux-gnu/libxcb-present.so.0.0.0
7f3ecf54d000-7f3ecf54e000 r--p 00001000 08:05 2240256                    /usr/lib/x86_64-linux-gnu/libxcb-present.so.0.0.0
7f3ecf54e000-7f3ecf54f000 rw-p 00002000 08:05 2240256                    /usr/lib/x86_64-linux-gnu/libxcb-present.so.0.0.0
7f3ecf54f000-7f3ecf551000 r-xp 00000000 08:05 2240246                    /usr/lib/x86_64-linux-gnu/libxcb-dri3.so.0.0.0
7f3ecf551000-7f3ecf750000 ---p 00002000 08:05 2240246                    /usr/lib/x86_64-linux-gnu/libxcb-dri3.so.0.0.0
7f3ecf750000-7f3ecf751000 r--p 00001000 08:05 2240246                    /usr/lib/x86_64-linux-gnu/libxcb-dri3.so.0.0.0
7f3ecf751000-7f3ecf752000 rw-p 00002000 08:05 2240246                    /usr/lib/x86_64-linux-gnu/libxcb-dri3.so.0.0.0
7f3ecf752000-7f3ecf7c4000 r-xp 00000000 08:05 398742                     /lib/x86_64-linux-gnu/libpcre.so.3.13.3
7f3ecf7c4000-7f3ecf9c3000 ---p 00072000 08:05 398742                     /lib/x86_64-linux-gnu/libpcre.so.3.13.3
7f3ecf9c3000-7f3ecf9c4000 r--p 00071000 08:05 398742                     /lib/x86_64-linux-gnu/libpcre.so.3.13.3
7f3ecf9c4000-7f3ecf9c5000 rw-p 00072000 08:05 398742                     /lib/x86_64-linux-gnu/libpcre.so.3.13.3
7f3ecf9c5000-7f3ecf9cc000 r-xp 00000000 08:05 2239141                    /usr/lib/x86_64-linux-gnu/libffi.so.6.0.4
7f3ecf9cc000-7f3ecfbcb000 ---p 00007000 08:05 2239141                    /usr/lib/x86_64-linux-gnu/libffi.so.6.0.4
7f3ecfbcb000-7f3ecfbcc000 r--p 00006000 08:05 2239141                    /usr/lib/x86_64-linux-gnu/libffi.so.6.0.4
7f3ecfbcc000-7f3ecfbcd000 rw-p 00007000 08:05 2239141                    /usr/lib/x86_64-linux-gnu/libffi.so.6.0.4
7f3ecfbcd000-7f3ecfbf4000 r-xp 00000000 08:05 398647                     /lib/x86_64-linux-gnu/libexpat.so.1.6.2
7f3ecfbf4000-7f3ecfdf4000 ---p 00027000 08:05 398647                     /lib/x86_64-linux-gnu/libexpat.so.1.6.2
7f3ecfdf4000-7f3ecfdf6000 r--p 00027000 08:05 398647                     /lib/x86_64-linux-gnu/libexpat.so.1.6.2
7f3ecfdf6000-7f3ecfdf7000 rw-p 00029000 08:05 398647                     /lib/x86_64-linux-gnu/libexpat.so.1.6.2
7f3ecfdf7000-7f3ecfdff000 r-xp 00000000 08:05 2240000                    /usr/lib/x86_64-linux-gnu/libthai.so.0.3.0
7f3ecfdff000-7f3ecfffe000 ---p 00008000 08:05 2240000                    /usr/lib/x86_64-linux-gnu/libthai.so.0.3.0
7f3ecfffe000-7f3ecffff000 r--p 00007000 08:05 2240000                    /usr/lib/x86_64-linux-gnu/libthai.so.0.3.0
7f3ecffff000-7f3ed0000000 rw-p 00008000 08:05 2240000                    /usr/lib/x86_64-linux-gnu/libthai.so.0.3.0
7f3ed0000000-7f3ed1e77000 rw-p 00000000 00:00 0 
7f3ed1e77000-7f3ed4000000 ---p 00000000 00:00 0 
7f3ed4001000-7f3ed4002000 r--s 00000000 08:05 279276                     /var/cache/fontconfig/0d8c3b2ac0904cb8a57a757ad11a4a08-le64.cache-6
7f3ed4002000-7f3ed4003000 r--s 00000000 08:05 279278                     /var/cache/fontconfig/1ac9eb803944fde146138c791f5cc56a-le64.cache-6
7f3ed4003000-7f3ed4004000 r--s 00000000 08:05 279311                     /var/cache/fontconfig/dc05db6664285cc2f12bf69c139ae4c3-le64.cache-6
7f3ed4004000-7f3ed400a000 r--s 00000000 08:05 279280                     /var/cache/fontconfig/3047814df9a2f067bd2d96a2b9c36e5a-le64.cache-6
7f3ed400a000-7f3ed4010000 r--s 00000000 08:05 279302                     /var/cache/fontconfig/b47c4e1ecd0709278f4910c18777a504-le64.cache-6
7f3ed4010000-7f3ed4013000 ---p 00000000 00:00 0 
7f3ed4013000-7f3ed4111000 rw-p 00000000 00:00 0 
7f3ed4111000-7f3ed4132000 r-xp 00000000 08:05 2240278                    /usr/lib/x86_64-linux-gnu/libxcb.so.1.1.0
7f3ed4132000-7f3ed4331000 ---p 00021000 08:05 2240278                    /usr/lib/x86_64-linux-gnu/libxcb.so.1.1.0
7f3ed4331000-7f3ed4332000 r--p 00020000 08:05 2240278                    /usr/lib/x86_64-linux-gnu/libxcb.so.1.1.0
7f3ed4332000-7f3ed4333000 rw-p 00021000 08:05 2240278                    /usr/lib/x86_64-linux-gnu/libxcb.so.1.1.0
7f3ed4333000-7f3ed433b000 r-xp 00000000 08:05 2240262                    /usr/lib/x86_64-linux-gnu/libxcb-render.so.0.0.0
7f3ed433b000-7f3ed453b000 ---p 00008000 08:05 2240262                    /usr/lib/x86_64-linux-gnu/libxcb-render.so.0.0.0
7f3ed453b000-7f3ed453c000 r--p 00008000 08:05 2240262                    /usr/lib/x86_64-linux-gnu/libxcb-render.so.0.0.0
7f3ed453c000-7f3ed453d000 rw-p 00009000 08:05 2240262                    /usr/lib/x86_64-linux-gnu/libxcb-render.so.0.0.0
7f3ed453d000-7f3ed453f000 r-xp 00000000 08:05 2240266                    /usr/lib/x86_64-linux-gnu/libxcb-shm.so.0.0.0
7f3ed453f000-7f3ed473f000 ---p 00002000 08:05 2240266                    /usr/lib/x86_64-linux-gnu/libxcb-shm.so.0.0.0
7f3ed473f000-7f3ed4740000 r--p 00002000 08:05 2240266                    /usr/lib/x86_64-linux-gnu/libxcb-shm.so.0.0.0
7f3ed4740000-7f3ed4741000 rw-p 00003000 08:05 2240266                    /usr/lib/x86_64-linux-gnu/libxcb-shm.so.0.0.0
7f3ed4741000-7f3ed4772000 r-xp 00000000 08:05 2239791                    /usr/lib/x86_64-linux-gnu/libpng16.so.16.25.0
7f3ed4772000-7f3ed4971000 ---p 00031000 08:05 2239791                    /usr/lib/x86_64-linux-gnu/libpng16.so.16.25.0
7f3ed4971000-7f3ed4972000 r--p 00030000 08:05 2239791                    /usr/lib/x86_64-linux-gnu/libpng16.so.16.25.0
7f3ed4972000-7f3ed4973000 rw-p 00031000 08:05 2239791                    /usr/lib/x86_64-linux-gnu/libpng16.so.16.25.0
7f3ed4973000-7f3ed4a12000 r-xp 00000000 08:05 2239783                    /usr/lib/x86_64-linux-gnu/libpixman-1.so.0.33.6
7f3ed4a12000-7f3ed4c12000 ---p 0009f000 08:05 2239783                    /usr/lib/x86_64-linux-gnu/libpixman-1.so.0.33.6
7f3ed4c12000-7f3ed4c1a000 r--p 0009f000 08:05 2239783                    /usr/lib/x86_64-linux-gnu/libpixman-1.so.0.33.6
7f3ed4c1a000-7f3ed4c1b000 rw-p 000a7000 08:05 2239783                    /usr/lib/x86_64-linux-gnu/libpixman-1.so.0.33.6
7f3ed4c1b000-7f3ed4c99000 r-xp 00000000 08:05 2239412                    /usr/lib/x86_64-linux-gnu/libharfbuzz.so.0.10200.7
7f3ed4c99000-7f3ed4e99000 ---p 0007e000 08:05 2239412                    /usr/lib/x86_64-linux-gnu/libharfbuzz.so.0.10200.7
7f3ed4e99000-7f3ed4e9a000 r--p 0007e000 08:05 2239412                    /usr/lib/x86_64-linux-gnu/libharfbuzz.so.0.10200.7
7f3ed4e9a000-7f3ed4e9b000 rw-p 0007f000 08:05 2239412                    /usr/lib/x86_64-linux-gnu/libharfbuzz.so.0.10200.7
7f3ed4e9b000-7f3ed4ee1000 r-xp 00000000 08:05 398122                     /lib/x86_64-linux-gnu/libmount.so.1.1.0
7f3ed4ee1000-7f3ed50e0000 ---p 00046000 08:05 398122                     /lib/x86_64-linux-gnu/libmount.so.1.1.0
7f3ed50e0000-7f3ed50e1000 r--p 00045000 08:05 398122                     /lib/x86_64-linux-gnu/libmount.so.1.1.0
7f3ed50e1000-7f3ed50e2000 rw-p 00046000 08:05 398122                     /lib/x86_64-linux-gnu/libmount.so.1.1.0
7f3ed50e2000-7f3ed50e3000 rw-p 00000000 00:00 0 
7f3ed50e3000-7f3ed50fa000 r-xp 00000000 08:05 409762                     /lib/x86_64-linux-gnu/libresolv-2.24.so
7f3ed50fa000-7f3ed52fa000 ---p 00017000 08:05 409762                     /lib/x86_64-linux-gnu/libresolv-2.24.so
7f3ed52fa000-7f3ed52fb000 r--p 00017000 08:05 409762                     /lib/x86_64-linux-gnu/libresolv-2.24.so
7f3ed52fb000-7f3ed52fc000 rw-p 00018000 08:05 409762                     /lib/x86_64-linux-gnu/libresolv-2.24.so
7f3ed52fc000-7f3ed52fe000 rw-p 00000000 00:00 0 
7f3ed52fe000-7f3ed5321000 r-xp 00000000 08:05 398769                     /lib/x86_64-linux-gnu/libselinux.so.1
7f3ed5321000-7f3ed5520000 ---p 00023000 08:05 398769                     /lib/x86_64-linux-gnu/libselinux.so.1
7f3ed5520000-7f3ed5521000 r--p 00022000 08:05 398769                     /lib/x86_64-linux-gnu/libselinux.so.1
7f3ed5521000-7f3ed5522000 rw-p 00023000 08:05 398769                     /lib/x86_64-linux-gnu/libselinux.so.1
7f3ed5522000-7f3ed5524000 rw-p 00000000 00:00 0 
7f3ed5524000-7f3ed553d000 r-xp 00000000 08:05 398798                     /lib/x86_64-linux-gnu/libz.so.1.2.8
7f3ed553d000-7f3ed573c000 ---p 00019000 08:05 398798                     /lib/x86_64-linux-gnu/libz.so.1.2.8
7f3ed573c000-7f3ed573d000 r--p 00018000 08:05 398798                     /lib/x86_64-linux-gnu/libz.so.1.2.8
7f3ed573d000-7f3ed573e000 rw-p 00019000 08:05 398798                     /lib/x86_64-linux-gnu/libz.so.1.2.8
7f3ed573e000-7f3ed574f000 r-xp 00000000 08:05 2238757                    /usr/lib/x86_64-linux-gnu/libXext.so.6.4.0
7f3ed574f000-7f3ed594e000 ---p 00011000 08:05 2238757                    /usr/lib/x86_64-linux-gnu/libXext.so.6.4.0
7f3ed594e000-7f3ed594f000 r--p 00010000 08:05 2238757                    /usr/lib/x86_64-linux-gnu/libXext.so.6.4.0
7f3ed594f000-7f3ed5950000 rw-p 00011000 08:05 2238757                    /usr/lib/x86_64-linux-gnu/libXext.so.6.4.0
7f3ed5950000-7f3ed5952000 r-xp 00000000 08:05 2238753                    /usr/lib/x86_64-linux-gnu/libXdamage.so.1.1.0
7f3ed5952000-7f3ed5b51000 ---p 00002000 08:05 2238753                    /usr/lib/x86_64-linux-gnu/libXdamage.so.1.1.0
7f3ed5b51000-7f3ed5b52000 r--p 00001000 08:05 2238753                    /usr/lib/x86_64-linux-gnu/libXdamage.so.1.1.0
7f3ed5b52000-7f3ed5b53000 rw-p 00002000 08:05 2238753                    /usr/lib/x86_64-linux-gnu/libXdamage.so.1.1.0
7f3ed5b53000-7f3ed5b55000 r-xp 00000000 08:05 2238749                    /usr/lib/x86_64-linux-gnu/libXcomposite.so.1.0.0
7f3ed5b55000-7f3ed5d54000 ---p 00002000 08:05 2238749                    /usr/lib/x86_64-linux-gnu/libXcomposite.so.1.0.0
7f3ed5d54000-7f3ed5d55000 r--p 00001000 08:05 2238749                    /usr/lib/x86_64-linux-gnu/libXcomposite.so.1.0.0
7f3ed5d55000-7f3ed5d56000 rw-p 00002000 08:05 2238749                    /usr/lib/x86_64-linux-gnu/libXcomposite.so.1.0.0
7f3ed5d56000-7f3ed5d5f000 r-xp 00000000 08:05 2238751                    /usr/lib/x86_64-linux-gnu/libXcursor.so.1.0.2
7f3ed5d5f000-7f3ed5f5e000 ---p 00009000 08:05 2238751                    /usr/lib/x86_64-linux-gnu/libXcursor.so.1.0.2
7f3ed5f5e000-7f3ed5f5f000 r--p 00008000 08:05 2238751                    /usr/lib/x86_64-linux-gnu/libXcursor.so.1.0.2
7f3ed5f5f000-7f3ed5f60000 rw-p 00009000 08:05 2238751                    /usr/lib/x86_64-linux-gnu/libXcursor.so.1.0.2
7f3ed5f60000-7f3ed5f6a000 r-xp 00000000 08:05 2238775                    /usr/lib/x86_64-linux-gnu/libXrandr.so.2.2.0
7f3ed5f6a000-7f3ed6169000 ---p 0000a000 08:05 2238775                    /usr/lib/x86_64-linux-gnu/libXrandr.so.2.2.0
7f3ed6169000-7f3ed616a000 r--p 00009000 08:05 2238775                    /usr/lib/x86_64-linux-gnu/libXrandr.so.2.2.0
7f3ed616a000-7f3ed616b000 rw-p 0000a000 08:05 2238775                    /usr/lib/x86_64-linux-gnu/libXrandr.so.2.2.0
7f3ed616b000-7f3ed617a000 r-xp 00000000 08:05 2238765                    /usr/lib/x86_64-linux-gnu/libXi.so.6.1.0
7f3ed617a000-7f3ed6379000 ---p 0000f000 08:05 2238765                    /usr/lib/x86_64-linux-gnu/libXi.so.6.1.0
7f3ed6379000-7f3ed637a000 r--p 0000e000 08:05 2238765                    /usr/lib/x86_64-linux-gnu/libXi.so.6.1.0
7f3ed637a000-7f3ed637b000 rw-p 0000f000 08:05 2238765                    /usr/lib/x86_64-linux-gnu/libXi.so.6.1.0
7f3ed637b000-7f3ed637d000 r-xp 00000000 08:05 2238767                    /usr/lib/x86_64-linux-gnu/libXinerama.so.1.0.0
7f3ed637d000-7f3ed657c000 ---p 00002000 08:05 2238767                    /usr/lib/x86_64-linux-gnu/libXinerama.so.1.0.0
7f3ed657c000-7f3ed657d000 r--p 00001000 08:05 2238767                    /usr/lib/x86_64-linux-gnu/libXinerama.so.1.0.0
7f3ed657d000-7f3ed657e000 rw-p 00002000 08:05 2238767                    /usr/lib/x86_64-linux-gnu/libXinerama.so.1.0.0
7f3ed657e000-7f3ed6587000 r-xp 00000000 08:05 2238777                    /usr/lib/x86_64-linux-gnu/libXrender.so.1.3.0
7f3ed6587000-7f3ed6786000 ---p 00009000 08:05 2238777                    /usr/lib/x86_64-linux-gnu/libXrender.so.1.3.0
7f3ed6786000-7f3ed6787000 r--p 00008000 08:05 2238777                    /usr/lib/x86_64-linux-gnu/libXrender.so.1.3.0
7f3ed6787000-7f3ed6788000 rw-p 00009000 08:05 2238777                    /usr/lib/x86_64-linux-gnu/libXrender.so.1.3.0
7f3ed6788000-7f3ed678d000 r-xp 00000000 08:05 2238759                    /usr/lib/x86_64-linux-gnu/libXfixes.so.3.1.0
7f3ed678d000-7f3ed698c000 ---p 00005000 08:05 2238759                    /usr/lib/x86_64-linux-gnu/libXfixes.so.3.1.0
7f3ed698c000-7f3ed698d000 r--p 00004000 08:05 2238759                    /usr/lib/x86_64-linux-gnu/libXfixes.so.3.1.0
7f3ed698d000-7f3ed698e000 rw-p 00005000 08:05 2238759                    /usr/lib/x86_64-linux-gnu/libXfixes.so.3.1.0
7f3ed698e000-7f3ed69a4000 r-xp 00000000 08:05 398654                     /lib/x86_64-linux-gnu/libgcc_s.so.1
7f3ed69a4000-7f3ed6ba3000 ---p 00016000 08:05 398654                     /lib/x86_64-linux-gnu/libgcc_s.so.1
7f3ed6ba3000-7f3ed6ba4000 r--p 00015000 08:05 398654                     /lib/x86_64-linux-gnu/libgcc_s.so.1
7f3ed6ba4000-7f3ed6ba5000 rw-p 00016000 08:05 398654                     /lib/x86_64-linux-gnu/libgcc_s.so.1
7f3ed6ba5000-7f3ed6d1d000 r-xp 00000000 08:05 2239972                    /usr/lib/x86_64-linux-gnu/libstdc++.so.6.0.22
7f3ed6d1d000-7f3ed6f1d000 ---p 00178000 08:05 2239972                    /usr/lib/x86_64-linux-gnu/libstdc++.so.6.0.22
7f3ed6f1d000-7f3ed6f27000 r--p 00178000 08:05 2239972                    /usr/lib/x86_64-linux-gnu/libstdc++.so.6.0.22
7f3ed6f27000-7f3ed6f29000 rw-p 00182000 08:05 2239972                    /usr/lib/x86_64-linux-gnu/libstdc++.so.6.0.22
7f3ed6f29000-7f3ed6f2d000 rw-p 00000000 00:00 0 
7f3ed6f2d000-7f3ed6f9d000 r-xp 00000000 08:05 133030                     /usr/lib/x86_64-linux-gnu/mesa/libGL.so.1.2.0
7f3ed6f9d000-7f3ed719c000 ---p 00070000 08:05 133030                     /usr/lib/x86_64-linux-gnu/mesa/libGL.so.1.2.0
7f3ed719c000-7f3ed719f000 r--p 0006f000 08:05 133030                     /usr/lib/x86_64-linux-gnu/mesa/libGL.so.1.2.0
7f3ed719f000-7f3ed71a0000 rw-p 00072000 08:05 133030                     /usr/lib/x86_64-linux-gnu/mesa/libGL.so.1.2.0
7f3ed71a0000-7f3ed71a1000 rw-p 00000000 00:00 0 
7f3ed71a1000-7f3ed71a6000 r-xp 00000000 08:05 2238793                    /usr/lib/x86_64-linux-gnu/libXxf86vm.so.1.0.0
7f3ed71a6000-7f3ed73a5000 ---p 00005000 08:05 2238793                    /usr/lib/x86_64-linux-gnu/libXxf86vm.so.1.0.0
7f3ed73a5000-7f3ed73a6000 r--p 00004000 08:05 2238793                    /usr/lib/x86_64-linux-gnu/libXxf86vm.so.1.0.0
7f3ed73a6000-7f3ed73a7000 rw-p 00005000 08:05 2238793                    /usr/lib/x86_64-linux-gnu/libXxf86vm.so.1.0.0
7f3ed73a7000-7f3ed74dc000 r-xp 00000000 08:05 2238740                    /usr/lib/x86_64-linux-gnu/libX11.so.6.3.0
7f3ed74dc000-7f3ed76db000 ---p 00135000 08:05 2238740                    /usr/lib/x86_64-linux-gnu/libX11.so.6.3.0
7f3ed76db000-7f3ed76dc000 r--p 00134000 08:05 2238740                    /usr/lib/x86_64-linux-gnu/libX11.so.6.3.0
7f3ed76dc000-7f3ed76e0000 rw-p 00135000 08:05 2238740                    /usr/lib/x86_64-linux-gnu/libX11.so.6.3.0
7f3ed76e0000-7f3ed76e5000 r-xp 00000000 08:05 2238783                    /usr/lib/x86_64-linux-gnu/libXtst.so.6.1.0
7f3ed76e5000-7f3ed78e4000 ---p 00005000 08:05 2238783                    /usr/lib/x86_64-linux-gnu/libXtst.so.6.1.0
7f3ed78e4000-7f3ed78e5000 r--p 00004000 08:05 2238783                    /usr/lib/x86_64-linux-gnu/libXtst.so.6.1.0
7f3ed78e5000-7f3ed78e6000 rw-p 00005000 08:05 2238783                    /usr/lib/x86_64-linux-gnu/libXtst.so.6.1.0
7f3ed78e6000-7f3ed79f8000 r-xp 00000000 08:05 399763                     /lib/x86_64-linux-gnu/libglib-2.0.so.0.5000.2
7f3ed79f8000-7f3ed7bf7000 ---p 00112000 08:05 399763                     /lib/x86_64-linux-gnu/libglib-2.0.so.0.5000.2
7f3ed7bf7000-7f3ed7bf8000 r--p 00111000 08:05 399763                     /lib/x86_64-linux-gnu/libglib-2.0.so.0.5000.2
7f3ed7bf8000-7f3ed7bf9000 rw-p 00112000 08:05 399763                     /lib/x86_64-linux-gnu/libglib-2.0.so.0.5000.2
7f3ed7bf9000-7f3ed7bfa000 rw-p 00000000 00:00 0 
7f3ed7bfa000-7f3ed7bfb000 r-xp 00000000 08:05 2228686                    /usr/lib/x86_64-linux-gnu/libgthread-2.0.so.0.5000.2
7f3ed7bfb000-7f3ed7dfa000 ---p 00001000 08:05 2228686                    /usr/lib/x86_64-linux-gnu/libgthread-2.0.so.0.5000.2
7f3ed7dfa000-7f3ed7dfb000 r--p 00000000 08:05 2228686                    /usr/lib/x86_64-linux-gnu/libgthread-2.0.so.0.5000.2
7f3ed7dfb000-7f3ed7dfc000 rw-p 00001000 08:05 2228686                    /usr/lib/x86_64-linux-gnu/libgthread-2.0.so.0.5000.2
7f3ed7dfc000-7f3ed7dff000 r-xp 00000000 08:05 2228661                    /usr/lib/x86_64-linux-gnu/libgmodule-2.0.so.0.5000.2
7f3ed7dff000-7f3ed7ffe000 ---p 00003000 08:05 2228661                    /usr/lib/x86_64-linux-gnu/libgmodule-2.0.so.0.5000.2
7f3ed7ffe000-7f3ed7fff000 r--p 00002000 08:05 2228661                    /usr/lib/x86_64-linux-gnu/libgmodule-2.0.so.0.5000.2
7f3ed7fff000-7f3ed8000000 rw-p 00003000 08:05 2228661                    /usr/lib/x86_64-linux-gnu/libgmodule-2.0.so.0.5000.2
7f3ed8000000-7f3ed808d000 rw-p 00000000 00:00 0 
7f3ed808d000-7f3edc000000 ---p 00000000 00:00 0 
7f3edc000000-7f3edc297000 rw-p 00000000 00:00 0 
7f3edc297000-7f3ee0000000 ---p 00000000 00:00 0 
7f3ee0000000-7f3ee0021000 rw-p 00000000 00:00 0 
7f3ee0021000-7f3ee4000000 ---p 00000000 00:00 0 
7f3ee4000000-7f3ee4021000 rw-p 00000000 00:00 0 
7f3ee4021000-7f3ee8000000 ---p 00000000 00:00 0 
7f3ee8000000-7f3ee81a5000 rw-p 00000000 00:00 0 
7f3ee81a5000-7f3eec000000 ---p 00000000 00:00 0 
7f3eec000000-7f3eec212000 rw-p 00000000 00:00 0 
7f3eec212000-7f3ef0000000 ---p 00000000 00:00 0 
7f3ef0000000-7f3ef0021000 rw-p 00000000 00:00 0 
7f3ef0021000-7f3ef4000000 ---p 00000000 00:00 0 
7f3ef4000000-7f3ef4110000 rw-p 00000000 00:00 0 
7f3ef4110000-7f3ef8000000 ---p 00000000 00:00 0 
7f3ef8000000-7f3ef8021000 rw-p 00000000 00:00 0 
7f3ef8021000-7f3efc000000 ---p 00000000 00:00 0 
7f3efc000000-7f3efc021000 rw-p 00000000 00:00 0 
7f3efc021000-7f3f00000000 ---p 00000000 00:00 0 
7f3f00000000-7f3f00021000 rw-p 00000000 00:00 0 
7f3f00021000-7f3f04000000 ---p 00000000 00:00 0 
7f3f04000000-7f3f04003000 r--s 00000000 08:05 279294                     /var/cache/fontconfig/767a8244fc0220cfb567a839d0392e0b-le64.cache-6
7f3f04003000-7f3f04004000 r--s 00000000 08:05 276021                     /var/cache/fontconfig/4794a0821666d79190d59a36cb4f44b5-le64.cache-6
7f3f04004000-7f3f0400f000 r--s 00000000 08:05 279296                     /var/cache/fontconfig/83bf95040141907cd45bb53cf7c1c148-le64.cache-6
7f3f0400f000-7f3f0405a000 r--p 00000000 08:05 917522                     /usr/share/glib-2.0/schemas/gschemas.compiled
7f3f0405a000-7f3f040dc000 r-xp 00000000 08:05 398147                     /lib/x86_64-linux-gnu/libsystemd.so.0.16.0
7f3f040dc000-7f3f040df000 r--p 00081000 08:05 398147                     /lib/x86_64-linux-gnu/libsystemd.so.0.16.0
7f3f040df000-7f3f040e0000 rw-p 00084000 08:05 398147                     /lib/x86_64-linux-gnu/libsystemd.so.0.16.0
7f3f040e0000-7f3f040e1000 rw-p 00000000 00:00 0 
7f3f040e1000-7f3f04133000 r-xp 00000000 08:05 2228683                    /usr/lib/x86_64-linux-gnu/libgobject-2.0.so.0.5000.2
7f3f04133000-7f3f04332000 ---p 00052000 08:05 2228683                    /usr/lib/x86_64-linux-gnu/libgobject-2.0.so.0.5000.2
7f3f04332000-7f3f04333000 r--p 00051000 08:05 2228683                    /usr/lib/x86_64-linux-gnu/libgobject-2.0.so.0.5000.2
7f3f04333000-7f3f04334000 rw-p 00052000 08:05 2228683                    /usr/lib/x86_64-linux-gnu/libgobject-2.0.so.0.5000.2
7f3f04334000-7f3f04371000 r-xp 00000000 08:05 2239159                    /usr/lib/x86_64-linux-gnu/libfontconfig.so.1.9.0
7f3f04371000-7f3f04570000 ---p 0003d000 08:05 2239159                    /usr/lib/x86_64-linux-gnu/libfontconfig.so.1.9.0
7f3f04570000-7f3f04572000 r--p 0003c000 08:05 2239159                    /usr/lib/x86_64-linux-gnu/libfontconfig.so.1.9.0
7f3f04572000-7f3f04577000 rw-p 0003e000 08:05 2239159                    /usr/lib/x86_64-linux-gnu/libfontconfig.so.1.9.0
7f3f04577000-7f3f0461e000 r-xp 00000000 08:05 2229706                    /usr/lib/x86_64-linux-gnu/libfreetype.so.6.12.3
7f3f0461e000-7f3f0481d000 ---p 000a7000 08:05 2229706                    /usr/lib/x86_64-linux-gnu/libfreetype.so.6.12.3
7f3f0481d000-7f3f04823000 r--p 000a6000 08:05 2229706                    /usr/lib/x86_64-linux-gnu/libfreetype.so.6.12.3
7f3f04823000-7f3f04824000 rw-p 000ac000 08:05 2229706                    /usr/lib/x86_64-linux-gnu/libfreetype.so.6.12.3
7f3f04824000-7f3f0486d000 r-xp 00000000 08:05 2239751                    /usr/lib/x86_64-linux-gnu/libpango-1.0.so.0.4000.1
7f3f0486d000-7f3f04a6d000 ---p 00049000 08:05 2239751                    /usr/lib/x86_64-linux-gnu/libpango-1.0.so.0.4000.1
7f3f04a6d000-7f3f04a6f000 r--p 00049000 08:05 2239751                    /usr/lib/x86_64-linux-gnu/libpango-1.0.so.0.4000.1
7f3f04a6f000-7f3f04a70000 rw-p 0004b000 08:05 2239751                    /usr/lib/x86_64-linux-gnu/libpango-1.0.so.0.4000.1
7f3f04a70000-7f3f04b7e000 r-xp 00000000 08:05 2238910                    /usr/lib/x86_64-linux-gnu/libcairo.so.2.11400.6
7f3f04b7e000-7f3f04d7d000 ---p 0010e000 08:05 2238910                    /usr/lib/x86_64-linux-gnu/libcairo.so.2.11400.6
7f3f04d7d000-7f3f04d80000 r--p 0010d000 08:05 2238910                    /usr/lib/x86_64-linux-gnu/libcairo.so.2.11400.6
7f3f04d80000-7f3f04d81000 rw-p 00110000 08:05 2238910                    /usr/lib/x86_64-linux-gnu/libcairo.so.2.11400.6
7f3f04d81000-7f3f04d83000 rw-p 00000000 00:00 0 
7f3f04d83000-7f3f04d8f000 r-xp 00000000 08:05 2239753                    /usr/lib/x86_64-linux-gnu/libpangocairo-1.0.so.0.4000.1
7f3f04d8f000-7f3f04f8e000 ---p 0000c000 08:05 2239753                    /usr/lib/x86_64-linux-gnu/libpangocairo-1.0.so.0.4000.1
7f3f04f8e000-7f3f04f8f000 r--p 0000b000 08:05 2239753                    /usr/lib/x86_64-linux-gnu/libpangocairo-1.0.so.0.4000.1
7f3f04f8f000-7f3f04f90000 rw-p 0000c000 08:05 2239753                    /usr/lib/x86_64-linux-gnu/libpangocairo-1.0.so.0.4000.1
7f3f04f90000-7f3f04fb1000 r-xp 00000000 08:05 2239234                    /usr/lib/x86_64-linux-gnu/libgdk_pixbuf-2.0.so.0.3400.0
7f3f04fb1000-7f3f051b0000 ---p 00021000 08:05 2239234                    /usr/lib/x86_64-linux-gnu/libgdk_pixbuf-2.0.so.0.3400.0
7f3f051b0000-7f3f051b1000 r--p 00020000 08:05 2239234                    /usr/lib/x86_64-linux-gnu/libgdk_pixbuf-2.0.so.0.3400.0
7f3f051b1000-7f3f051b2000 rw-p 00021000 08:05 2239234                    /usr/lib/x86_64-linux-gnu/libgdk_pixbuf-2.0.so.0.3400.0
7f3f051b2000-7f3f051c6000 r-xp 00000000 08:05 2239755                    /usr/lib/x86_64-linux-gnu/libpangoft2-1.0.so.0.4000.1
7f3f051c6000-7f3f053c6000 ---p 00014000 08:05 2239755                    /usr/lib/x86_64-linux-gnu/libpangoft2-1.0.so.0.4000.1
7f3f053c6000-7f3f053c7000 r--p 00014000 08:05 2239755                    /usr/lib/x86_64-linux-gnu/libpangoft2-1.0.so.0.4000.1
7f3f053c7000-7f3f053c8000 rw-p 00015000 08:05 2239755                    /usr/lib/x86_64-linux-gnu/libpangoft2-1.0.so.0.4000.1
7f3f053c8000-7f3f05555000 r-xp 00000000 08:05 2228637                    /usr/lib/x86_64-linux-gnu/libgio-2.0.so.0.5000.2
7f3f05555000-7f3f05754000 ---p 0018d000 08:05 2228637                    /usr/lib/x86_64-linux-gnu/libgio-2.0.so.0.5000.2
7f3f05754000-7f3f05759000 r--p 0018c000 08:05 2228637                    /usr/lib/x86_64-linux-gnu/libgio-2.0.so.0.5000.2
7f3f05759000-7f3f0575c000 rw-p 00191000 08:05 2228637                    /usr/lib/x86_64-linux-gnu/libgio-2.0.so.0.5000.2
7f3f0575c000-7f3f0575d000 rw-p 00000000 00:00 0 
7f3f0575d000-7f3f0577f000 r-xp 00000000 08:05 2238844                    /usr/lib/x86_64-linux-gnu/libatk-1.0.so.0.22009.1
7f3f0577f000-7f3f0597e000 ---p 00022000 08:05 2238844                    /usr/lib/x86_64-linux-gnu/libatk-1.0.so.0.22009.1
7f3f0597e000-7f3f05981000 r--p 00021000 08:05 2238844                    /usr/lib/x86_64-linux-gnu/libatk-1.0.so.0.22009.1
7f3f05981000-7f3f05982000 rw-p 00024000 08:05 2238844                    /usr/lib/x86_64-linux-gnu/libatk-1.0.so.0.22009.1
7f3f05982000-7f3f05a32000 r-xp 00000000 08:05 2234326                    /usr/lib/x86_64-linux-gnu/libgdk-x11-2.0.so.0.2400.30
7f3f05a32000-7f3f05c31000 ---p 000b0000 08:05 2234326                    /usr/lib/x86_64-linux-gnu/libgdk-x11-2.0.so.0.2400.30
7f3f05c31000-7f3f05c35000 r--p 000af000 08:05 2234326                    /usr/lib/x86_64-linux-gnu/libgdk-x11-2.0.so.0.2400.30
7f3f05c35000-7f3f05c37000 rw-p 000b3000 08:05 2234326                    /usr/lib/x86_64-linux-gnu/libgdk-x11-2.0.so.0.2400.30
7f3f05c37000-7f3f06075000 r-xp 00000000 08:05 2234327                    /usr/lib/x86_64-linux-gnu/libgtk-x11-2.0.so.0.2400.30
7f3f06075000-7f3f06275000 ---p 0043e000 08:05 2234327                    /usr/lib/x86_64-linux-gnu/libgtk-x11-2.0.so.0.2400.30
7f3f06275000-7f3f0627c000 r--p 0043e000 08:05 2234327                    /usr/lib/x86_64-linux-gnu/libgtk-x11-2.0.so.0.2400.30
7f3f0627c000-7f3f06280000 rw-p 00445000 08:05 2234327                    /usr/lib/x86_64-linux-gnu/libgtk-x11-2.0.so.0.2400.30
7f3f06280000-7f3f06283000 rw-p 00000000 00:00 0 
7f3f06283000-7f3f0628f000 r-xp 00000000 08:05 2243337                    /usr/lib/jvm/java-8-oracle/jre/lib/amd64/libprism_es2.so
7f3f0628f000-7f3f0648e000 ---p 0000c000 08:05 2243337                    /usr/lib/jvm/java-8-oracle/jre/lib/amd64/libprism_es2.so
7f3f0648e000-7f3f0648f000 rw-p 0000b000 08:05 2243337                    /usr/lib/jvm/java-8-oracle/jre/lib/amd64/libprism_es2.so
7f3f0648f000-7f3f06492000 ---p 00000000 00:00 0 
7f3f06492000-7f3f06590000 rw-p 00000000 00:00 0 
7f3f06590000-7f3f06593000 ---p 00000000 00:00 0 
7f3f06593000-7f3f06691000 rw-p 00000000 00:00 0 
7f3f06691000-7f3f06694000 ---p 00000000 00:00 0 
7f3f06694000-7f3f06792000 rw-p 00000000 00:00 0 
7f3f06792000-7f3f06793000 ---p 00000000 00:00 0 
7f3f06793000-7f3f06893000 rw-p 00000000 00:00 0 
7f3f06893000-7f3f06896000 ---p 00000000 00:00 0 
7f3f06896000-7f3f06994000 rw-p 00000000 00:00 0 
7f3f06994000-7f3f06997000 ---p 00000000 00:00 0 
7f3f06997000-7f3f06a95000 rw-p 00000000 00:00 0 
7f3f06a95000-7f3f06a98000 ---p 00000000 00:00 0 
7f3f06a98000-7f3f06b96000 rw-p 00000000 00:00 0 
7f3f06b96000-7f3f06b99000 ---p 00000000 00:00 0 
7f3f06b99000-7f3f06c97000 rw-p 00000000 00:00 0 
7f3f06c97000-7f3f06c9a000 ---p 00000000 00:00 0 
7f3f06c9a000-7f3f06d98000 rw-p 00000000 00:00 0 
7f3f06d98000-7f3f071f2000 r--p 00000000 08:05 2229872                    /usr/lib/locale/locale-archive
7f3f071f2000-7f3f071f5000 ---p 00000000 00:00 0 
7f3f071f5000-7f3f072f3000 rw-p 00000000 00:00 0 
7f3f072f3000-7f3f072f6000 ---p 00000000 00:00 0 
7f3f072f6000-7f3f073f4000 rw-p 00000000 00:00 0 
7f3f073f4000-7f3f073f5000 ---p 00000000 00:00 0 
7f3f073f5000-7f3f08000000 rw-p 00000000 00:00 0 
7f3f08000000-7f3f08021000 rw-p 00000000 00:00 0 
7f3f08021000-7f3f0c000000 ---p 00000000 00:00 0 
7f3f0c000000-7f3f0c021000 rw-p 00000000 00:00 0 
7f3f0c021000-7f3f10000000 ---p 00000000 00:00 0 
7f3f10000000-7f3f10021000 rw-p 00000000 00:00 0 
7f3f10021000-7f3f14000000 ---p 00000000 00:00 0 
7f3f14000000-7f3f14021000 rw-p 00000000 00:00 0 
7f3f14021000-7f3f18000000 ---p 00000000 00:00 0 
7f3f18000000-7f3f18001000 r--s 00000000 08:05 279274                     /var/cache/fontconfig/0bd3dc0958fa2205aaaa8ebb13e2872b-le64.cache-6
7f3f18001000-7f3f18002000 r--s 00000000 08:05 279304                     /var/cache/fontconfig/bab58bb527bb656aaa9f116d68a48d89-le64.cache-6
7f3f18002000-7f3f18003000 r--s 00000000 08:05 279288                     /var/cache/fontconfig/56cf4f4769d0f4abc89a4895d7bd3ae1-le64.cache-6
7f3f18003000-7f3f18015000 r--s 00000000 08:05 279300                     /var/cache/fontconfig/9b89f8e3dae116d678bbf48e5f21f69b-le64.cache-6
7f3f18015000-7f3f18033000 r-xp 00000000 08:05 398393                     /lib/x86_64-linux-gnu/libudev.so.1.6.5
7f3f18033000-7f3f18034000 ---p 0001e000 08:05 398393                     /lib/x86_64-linux-gnu/libudev.so.1.6.5
7f3f18034000-7f3f18035000 r--p 0001e000 08:05 398393                     /lib/x86_64-linux-gnu/libudev.so.1.6.5
7f3f18035000-7f3f18036000 rw-p 0001f000 08:05 398393                     /lib/x86_64-linux-gnu/libudev.so.1.6.5
7f3f18036000-7f3f180cb000 r--s 01109000 08:05 2243401                    /usr/lib/jvm/java-8-oracle/jre/lib/ext/jfxrt.jar
7f3f180cb000-7f3f184cf000 rw-p 00000000 00:00 0 
7f3f184cf000-7f3f186a8000 r--s 03d3e000 08:05 2243317                    /usr/lib/jvm/java-8-oracle/jre/lib/rt.jar
7f3f186a8000-7f3f1d000000 rw-p 00000000 00:00 0 
7f3f1d000000-7f3f1d420000 rwxp 00000000 00:00 0 
7f3f1d420000-7f3f2c000000 ---p 00000000 00:00 0 
7f3f2c000000-7f3f2c179000 rw-p 00000000 00:00 0 
7f3f2c179000-7f3f30000000 ---p 00000000 00:00 0 
7f3f30000000-7f3f30001000 r--s 00000000 08:05 279303                     /var/cache/fontconfig/b9d506c9ac06c20b433354fa67a72993-le64.cache-6
7f3f30001000-7f3f30002000 r--s 00000000 08:05 279287                     /var/cache/fontconfig/551ecf3b0e8b0bca0f25c0944f561853-le64.cache-6
7f3f30002000-7f3f30003000 r--s 00000000 08:05 279284                     /var/cache/fontconfig/3f7329c5293ffd510edef78f73874cfd-le64.cache-6
7f3f30003000-7f3f30007000 r--s 00000000 08:05 279309                     /var/cache/fontconfig/d589a48862398ed80a3d6066f4f56f4c-le64.cache-6
7f3f30007000-7f3f30008000 r--s 00000000 08:05 279281                     /var/cache/fontconfig/30829fa25452a46451e813d634d7f916-le64.cache-6
7f3f30008000-7f3f30015000 r--s 00000000 08:05 282756                     /var/cache/fontconfig/e13b20fdb08344e0e664864cc2ede53d-le64.cache-6
7f3f30015000-7f3f30019000 r--s 00000000 08:05 276027                     /var/cache/fontconfig/7ef2298fde41cc6eeb7af42e48b7d293-le64.cache-6
7f3f30019000-7f3f30021000 rw-s 00000000 00:05 874570                     /drm mm object (deleted)
7f3f30021000-7f3f3016a000 rw-p 00000000 00:00 0 
7f3f3016a000-7f3f3016b000 ---p 00000000 00:00 0 
7f3f3016b000-7f3f3026b000 rw-p 00000000 00:00 0 
7f3f3026b000-7f3f3026c000 ---p 00000000 00:00 0 
7f3f3026c000-7f3f3036c000 rw-p 00000000 00:00 0 
7f3f3036c000-7f3f3036d000 ---p 00000000 00:00 0 
7f3f3036d000-7f3f3046d000 rw-p 00000000 00:00 0 
7f3f3046d000-7f3f3046e000 ---p 00000000 00:00 0 
7f3f3046e000-7f3f30598000 rw-p 00000000 00:00 0 
7f3f30598000-7f3f307fe000 ---p 00000000 00:00 0 
7f3f307fe000-7f3f30828000 rw-p 00000000 00:00 0 
7f3f30828000-7f3f30a8e000 ---p 00000000 00:00 0 
7f3f30a8e000-7f3f30aa3000 rw-p 00000000 00:00 0 
7f3f30aa3000-7f3f30bd6000 ---p 00000000 00:00 0 
7f3f30bd6000-7f3f30be8000 rw-p 00000000 00:00 0 
7f3f30be8000-7f3f30f97000 ---p 00000000 00:00 0 
7f3f30f97000-7f3f30fb1000 r-xp 00000000 08:05 2243348                    /usr/lib/jvm/java-8-oracle/jre/lib/amd64/libzip.so
7f3f30fb1000-7f3f311b1000 ---p 0001a000 08:05 2243348                    /usr/lib/jvm/java-8-oracle/jre/lib/amd64/libzip.so
7f3f311b1000-7f3f311b2000 rw-p 0001a000 08:05 2243348                    /usr/lib/jvm/java-8-oracle/jre/lib/amd64/libzip.so
7f3f311b2000-7f3f311bd000 r-xp 00000000 08:05 409756                     /lib/x86_64-linux-gnu/libnss_files-2.24.so
7f3f311bd000-7f3f313bc000 ---p 0000b000 08:05 409756                     /lib/x86_64-linux-gnu/libnss_files-2.24.so
7f3f313bc000-7f3f313bd000 r--p 0000a000 08:05 409756                     /lib/x86_64-linux-gnu/libnss_files-2.24.so
7f3f313bd000-7f3f313be000 rw-p 0000b000 08:05 409756                     /lib/x86_64-linux-gnu/libnss_files-2.24.so
7f3f313be000-7f3f313c4000 rw-p 00000000 00:00 0 
7f3f313c4000-7f3f313cf000 r-xp 00000000 08:05 409758                     /lib/x86_64-linux-gnu/libnss_nis-2.24.so
7f3f313cf000-7f3f315ce000 ---p 0000b000 08:05 409758                     /lib/x86_64-linux-gnu/libnss_nis-2.24.so
7f3f315ce000-7f3f315cf000 r--p 0000a000 08:05 409758                     /lib/x86_64-linux-gnu/libnss_nis-2.24.so
7f3f315cf000-7f3f315d0000 rw-p 0000b000 08:05 409758                     /lib/x86_64-linux-gnu/libnss_nis-2.24.so
7f3f315d0000-7f3f315e6000 r-xp 00000000 08:05 409753                     /lib/x86_64-linux-gnu/libnsl-2.24.so
7f3f315e6000-7f3f317e5000 ---p 00016000 08:05 409753                     /lib/x86_64-linux-gnu/libnsl-2.24.so
7f3f317e5000-7f3f317e6000 r--p 00015000 08:05 409753                     /lib/x86_64-linux-gnu/libnsl-2.24.so
7f3f317e6000-7f3f317e7000 rw-p 00016000 08:05 409753                     /lib/x86_64-linux-gnu/libnsl-2.24.so
7f3f317e7000-7f3f317e9000 rw-p 00000000 00:00 0 
7f3f317e9000-7f3f317f1000 r-xp 00000000 08:05 409754                     /lib/x86_64-linux-gnu/libnss_compat-2.24.so
7f3f317f1000-7f3f319f0000 ---p 00008000 08:05 409754                     /lib/x86_64-linux-gnu/libnss_compat-2.24.so
7f3f319f0000-7f3f319f1000 r--p 00007000 08:05 409754                     /lib/x86_64-linux-gnu/libnss_compat-2.24.so
7f3f319f1000-7f3f319f2000 rw-p 00008000 08:05 409754                     /lib/x86_64-linux-gnu/libnss_compat-2.24.so
7f3f319f2000-7f3f31a1d000 r-xp 00000000 08:05 2243375                    /usr/lib/jvm/java-8-oracle/jre/lib/amd64/libjava.so
7f3f31a1d000-7f3f31c1c000 ---p 0002b000 08:05 2243375                    /usr/lib/jvm/java-8-oracle/jre/lib/amd64/libjava.so
7f3f31c1c000-7f3f31c1e000 rw-p 0002a000 08:05 2243375                    /usr/lib/jvm/java-8-oracle/jre/lib/amd64/libjava.so
7f3f31c1e000-7f3f31c2b000 r-xp 00000000 08:05 2243326                    /usr/lib/jvm/java-8-oracle/jre/lib/amd64/libverify.so
7f3f31c2b000-7f3f31e2a000 ---p 0000d000 08:05 2243326                    /usr/lib/jvm/java-8-oracle/jre/lib/amd64/libverify.so
7f3f31e2a000-7f3f31e2c000 rw-p 0000c000 08:05 2243326                    /usr/lib/jvm/java-8-oracle/jre/lib/amd64/libverify.so
7f3f31e2c000-7f3f31e33000 r-xp 00000000 08:05 409763                     /lib/x86_64-linux-gnu/librt-2.24.so
7f3f31e33000-7f3f32032000 ---p 00007000 08:05 409763                     /lib/x86_64-linux-gnu/librt-2.24.so
7f3f32032000-7f3f32033000 r--p 00006000 08:05 409763                     /lib/x86_64-linux-gnu/librt-2.24.so
7f3f32033000-7f3f32034000 rw-p 00007000 08:05 409763                     /lib/x86_64-linux-gnu/librt-2.24.so
7f3f32034000-7f3f3213c000 r-xp 00000000 08:05 409750                     /lib/x86_64-linux-gnu/libm-2.24.so
7f3f3213c000-7f3f3233b000 ---p 00108000 08:05 409750                     /lib/x86_64-linux-gnu/libm-2.24.so
7f3f3233b000-7f3f3233c000 r--p 00107000 08:05 409750                     /lib/x86_64-linux-gnu/libm-2.24.so
7f3f3233c000-7f3f3233d000 rw-p 00108000 08:05 409750                     /lib/x86_64-linux-gnu/libm-2.24.so
7f3f3233d000-7f3f3300b000 r-xp 00000000 08:05 2243379                    /usr/lib/jvm/java-8-oracle/jre/lib/amd64/server/libjvm.so
7f3f3300b000-7f3f3320b000 ---p 00cce000 08:05 2243379                    /usr/lib/jvm/java-8-oracle/jre/lib/amd64/server/libjvm.so
7f3f3320b000-7f3f332e4000 rw-p 00cce000 08:05 2243379                    /usr/lib/jvm/java-8-oracle/jre/lib/amd64/server/libjvm.so
7f3f332e4000-7f3f3332f000 rw-p 00000000 00:00 0 
7f3f3332f000-7f3f334ec000 r-xp 00000000 08:05 409746                     /lib/x86_64-linux-gnu/libc-2.24.so
7f3f334ec000-7f3f336ec000 ---p 001bd000 08:05 409746                     /lib/x86_64-linux-gnu/libc-2.24.so
7f3f336ec000-7f3f336f0000 r--p 001bd000 08:05 409746                     /lib/x86_64-linux-gnu/libc-2.24.so
7f3f336f0000-7f3f336f2000 rw-p 001c1000 08:05 409746                     /lib/x86_64-linux-gnu/libc-2.24.so
7f3f336f2000-7f3f336f6000 rw-p 00000000 00:00 0 
7f3f336f6000-7f3f336f9000 r-xp 00000000 08:05 409749                     /lib/x86_64-linux-gnu/libdl-2.24.so
7f3f336f9000-7f3f338f8000 ---p 00003000 08:05 409749                     /lib/x86_64-linux-gnu/libdl-2.24.so
7f3f338f8000-7f3f338f9000 r--p 00002000 08:05 409749                     /lib/x86_64-linux-gnu/libdl-2.24.so
7f3f338f9000-7f3f338fa000 rw-p 00003000 08:05 409749                     /lib/x86_64-linux-gnu/libdl-2.24.so
7f3f338fa000-7f3f3390f000 r-xp 00000000 08:05 2242460                    /usr/lib/jvm/java-8-oracle/lib/amd64/jli/libjli.so
7f3f3390f000-7f3f33b0f000 ---p 00015000 08:05 2242460                    /usr/lib/jvm/java-8-oracle/lib/amd64/jli/libjli.so
7f3f33b0f000-7f3f33b10000 rw-p 00015000 08:05 2242460                    /usr/lib/jvm/java-8-oracle/lib/amd64/jli/libjli.so
7f3f33b10000-7f3f33b28000 r-xp 00000000 08:05 409761                     /lib/x86_64-linux-gnu/libpthread-2.24.so
7f3f33b28000-7f3f33d28000 ---p 00018000 08:05 409761                     /lib/x86_64-linux-gnu/libpthread-2.24.so
7f3f33d28000-7f3f33d29000 r--p 00018000 08:05 409761                     /lib/x86_64-linux-gnu/libpthread-2.24.so
7f3f33d29000-7f3f33d2a000 rw-p 00019000 08:05 409761                     /lib/x86_64-linux-gnu/libpthread-2.24.so
7f3f33d2a000-7f3f33d2e000 rw-p 00000000 00:00 0 
7f3f33d2e000-7f3f33d53000 r-xp 00000000 08:05 409742                     /lib/x86_64-linux-gnu/ld-2.24.so
7f3f33d53000-7f3f33d56000 r--s 00000000 08:05 279293                     /var/cache/fontconfig/75114ca45c98e8a441da0ff356701271-le64.cache-6
7f3f33d56000-7f3f33d5e000 rw-s 00000000 00:05 874558                     /drm mm object (deleted)
7f3f33d5e000-7f3f33d64000 r--p 00000000 08:05 549835                     /home/daan/.config/dconf/user
7f3f33d64000-7f3f33e2f000 rw-p 00000000 00:00 0 
7f3f33e2f000-7f3f33e32000 ---p 00000000 00:00 0 
7f3f33e32000-7f3f33f32000 rw-p 00000000 00:00 0 
7f3f33f32000-7f3f33f33000 r--s 00000000 08:05 279275                     /var/cache/fontconfig/0c9eb80ebd1c36541ebe2852d3bb0c49-le64.cache-6
7f3f33f34000-7f3f33f35000 rw-s 100d81000 00:06 391                       /dev/dri/card0
7f3f33f35000-7f3f33f36000 r--s 00000000 00:2f 60                         /run/user/1000/dconf/user
7f3f33f36000-7f3f33f3e000 rw-s 00000000 00:05 874540                     /drm mm object (deleted)
7f3f33f3e000-7f3f33f45000 r--s 00000000 08:05 148080                     /usr/lib/x86_64-linux-gnu/gconv/gconv-modules.cache
7f3f33f45000-7f3f33f4d000 rw-s 00000000 08:05 1311083                    /tmp/hsperfdata_daan/32701
7f3f33f4d000-7f3f33f4e000 rw-p 00000000 00:00 0 
7f3f33f4e000-7f3f33f4f000 r--p 00000000 00:00 0 
7f3f33f4f000-7f3f33f52000 rw-p 00000000 00:00 0 
7f3f33f52000-7f3f33f53000 r--p 00024000 08:05 409742                     /lib/x86_64-linux-gnu/ld-2.24.so
7f3f33f53000-7f3f33f54000 rw-p 00025000 08:05 409742                     /lib/x86_64-linux-gnu/ld-2.24.so
7f3f33f54000-7f3f33f55000 rw-p 00000000 00:00 0 
7ffd81cf8000-7ffd81d19000 rw-p 00000000 00:00 0                          [stack]
7ffd81d3a000-7ffd81d3c000 r--p 00000000 00:00 0                          [vvar]
7ffd81d3c000-7ffd81d3e000 r-xp 00000000 00:00 0                          [vdso]
ffffffffff600000-ffffffffff601000 r-xp 00000000 00:00 0                  [vsyscall]

VM Arguments:
jvm_args: -Dfile.encoding=UTF-8 
java_command: application.Main
java_class_path (initial): /home/daan/git/IntegrationProject/IntegrationProject/bin:/home/daan/.p2/pool/plugins/org.junit_4.12.0.v201504281640/junit.jar:/home/daan/.p2/pool/plugins/org.hamcrest.core_1.3.0.v201303031735.jar:/home/daan/git/IntegrationProject/IntegrationProject/commons-codec-1.10.jar
Launcher Type: SUN_STANDARD

Environment Variables:
JAVA_HOME=/usr/lib/jvm/java-8-oracle
PATH=/home/daan/bin:/home/daan/.local/bin:/usr/local/sbin:/usr/local/bin:/usr/sbin:/usr/bin:/sbin:/bin:/usr/games:/usr/local/games:/snap/bin:/usr/lib/jvm/java-8-oracle/bin:/usr/lib/jvm/java-8-oracle/db/bin:/usr/lib/jvm/java-8-oracle/jre/bin
SHELL=/bin/bash
DISPLAY=:0

Signal Handlers:
SIGSEGV: [libjvm.so+0xac78c0], sa_mask[0]=11111111011111111101111111111110, sa_flags=SA_RESTART|SA_SIGINFO
SIGBUS: [libjvm.so+0xac78c0], sa_mask[0]=11111111011111111101111111111110, sa_flags=SA_RESTART|SA_SIGINFO
SIGFPE: [libjvm.so+0x920ac0], sa_mask[0]=11111111011111111101111111111110, sa_flags=SA_RESTART|SA_SIGINFO
SIGPIPE: SIG_IGN, sa_mask[0]=00000000000010000000000000000000, sa_flags=SA_RESTART
SIGXFSZ: [libjvm.so+0x920ac0], sa_mask[0]=11111111011111111101111111111110, sa_flags=SA_RESTART|SA_SIGINFO
SIGILL: [libjvm.so+0x920ac0], sa_mask[0]=11111111011111111101111111111110, sa_flags=SA_RESTART|SA_SIGINFO
SIGUSR1: SIG_DFL, sa_mask[0]=00000000000000000000000000000000, sa_flags=none
SIGUSR2: [libjvm.so+0x922300], sa_mask[0]=00100000000000000000000000000000, sa_flags=SA_RESTART|SA_SIGINFO
SIGHUP: [libjvm.so+0x923700], sa_mask[0]=11111111011111111101111111111110, sa_flags=SA_RESTART|SA_SIGINFO
SIGINT: [libjvm.so+0x923700], sa_mask[0]=11111111011111111101111111111110, sa_flags=SA_RESTART|SA_SIGINFO
SIGTERM: [libjvm.so+0x923700], sa_mask[0]=11111111011111111101111111111110, sa_flags=SA_RESTART|SA_SIGINFO
SIGQUIT: [libjvm.so+0x923700], sa_mask[0]=11111111011111111101111111111110, sa_flags=SA_RESTART|SA_SIGINFO


---------------  S Y S T E M  ---------------

OS:DISTRIB_ID=Ubuntu
DISTRIB_RELEASE=16.10
DISTRIB_CODENAME=yakkety
DISTRIB_DESCRIPTION="Ubuntu 16.10"

uname:Linux 4.8.0-46-generic #49-Ubuntu SMP Fri Mar 31 13:57:14 UTC 2017 x86_64
libc:glibc 2.24 NPTL 2.24 
rlimit: STACK 8192k, CORE 0k, NPROC 30976, NOFILE 4096, AS infinity
load average:0,59 0,72 0,73

/proc/meminfo:
MemTotal:        8054864 kB
MemFree:          559236 kB
MemAvailable:    2723572 kB
Buffers:          135772 kB
Cached:          2893592 kB
SwapCached:            0 kB
Active:          5045088 kB
Inactive:        2108092 kB
Active(anon):    4125268 kB
Inactive(anon):   714608 kB
Active(file):     919820 kB
Inactive(file):  1393484 kB
Unevictable:         128 kB
Mlocked:             128 kB
SwapTotal:       8268796 kB
SwapFree:        8268796 kB
Dirty:               260 kB
Writeback:             0 kB
AnonPages:       4033892 kB
Mapped:           703984 kB
Shmem:            716064 kB
Slab:             201464 kB
SReclaimable:     141116 kB
SUnreclaim:        60348 kB
KernelStack:       12928 kB
PageTables:        60148 kB
NFS_Unstable:          0 kB
Bounce:                0 kB
WritebackTmp:          0 kB
CommitLimit:    12296228 kB
Committed_AS:   10117316 kB
VmallocTotal:   34359738367 kB
VmallocUsed:           0 kB
VmallocChunk:          0 kB
HardwareCorrupted:     0 kB
AnonHugePages:   2428928 kB
ShmemHugePages:        0 kB
ShmemPmdMapped:        0 kB
CmaTotal:              0 kB
CmaFree:               0 kB
HugePages_Total:       0
HugePages_Free:        0
HugePages_Rsvd:        0
HugePages_Surp:        0
Hugepagesize:       2048 kB
DirectMap4k:      239184 kB
DirectMap2M:     8030208 kB
DirectMap1G:           0 kB


CPU:total 4 (2 cores per cpu, 2 threads per core) family 6 model 78 stepping 3, cmov, cx8, fxsr, mmx, sse, sse2, sse3, ssse3, sse4.1, sse4.2, popcnt, avx, avx2, aes, clmul, erms, 3dnowpref, lzcnt, ht, tsc, tscinvbit, bmi1, bmi2, adx

/proc/cpuinfo:
processor	: 0
vendor_id	: GenuineIntel
cpu family	: 6
model		: 78
model name	: Intel(R) Core(TM) i5-6200U CPU @ 2.30GHz
stepping	: 3
microcode	: 0x9e
cpu MHz		: 2700.000
cache size	: 3072 KB
physical id	: 0
siblings	: 4
core id		: 0
cpu cores	: 2
apicid		: 0
initial apicid	: 0
fpu		: yes
fpu_exception	: yes
cpuid level	: 22
wp		: yes
flags		: fpu vme de pse tsc msr pae mce cx8 apic sep mtrr pge mca cmov pat pse36 clflush dts acpi mmx fxsr sse sse2 ss ht tm pbe syscall nx pdpe1gb rdtscp lm constant_tsc art arch_perfmon pebs bts rep_good nopl xtopology nonstop_tsc aperfmperf eagerfpu pni pclmulqdq dtes64 monitor ds_cpl vmx est tm2 ssse3 sdbg fma cx16 xtpr pdcm pcid sse4_1 sse4_2 x2apic movbe popcnt tsc_deadline_timer aes xsave avx f16c rdrand lahf_lm abm 3dnowprefetch epb intel_pt tpr_shadow vnmi flexpriority ept vpid fsgsbase tsc_adjust bmi1 avx2 smep bmi2 erms invpcid mpx rdseed adx smap clflushopt xsaveopt xsavec xgetbv1 xsaves dtherm ida arat pln pts hwp hwp_notify hwp_act_window hwp_epp
bugs		:
bogomips	: 4800.00
clflush size	: 64
cache_alignment	: 64
address sizes	: 39 bits physical, 48 bits virtual
power management:

processor	: 1
vendor_id	: GenuineIntel
cpu family	: 6
model		: 78
model name	: Intel(R) Core(TM) i5-6200U CPU @ 2.30GHz
stepping	: 3
microcode	: 0x9e
cpu MHz		: 2700.000
cache size	: 3072 KB
physical id	: 0
siblings	: 4
core id		: 1
cpu cores	: 2
apicid		: 2
initial apicid	: 2
fpu		: yes
fpu_exception	: yes
cpuid level	: 22
wp		: yes
flags		: fpu vme de pse tsc msr pae mce cx8 apic sep mtrr pge mca cmov pat pse36 clflush dts acpi mmx fxsr sse sse2 ss ht tm pbe syscall nx pdpe1gb rdtscp lm constant_tsc art arch_perfmon pebs bts rep_good nopl xtopology nonstop_tsc aperfmperf eagerfpu pni pclmulqdq dtes64 monitor ds_cpl vmx est tm2 ssse3 sdbg fma cx16 xtpr pdcm pcid sse4_1 sse4_2 x2apic movbe popcnt tsc_deadline_timer aes xsave avx f16c rdrand lahf_lm abm 3dnowprefetch epb intel_pt tpr_shadow vnmi flexpriority ept vpid fsgsbase tsc_adjust bmi1 avx2 smep bmi2 erms invpcid mpx rdseed adx smap clflushopt xsaveopt xsavec xgetbv1 xsaves dtherm ida arat pln pts hwp hwp_notify hwp_act_window hwp_epp
bugs		:
bogomips	: 4800.00
clflush size	: 64
cache_alignment	: 64
address sizes	: 39 bits physical, 48 bits virtual
power management:

processor	: 2
vendor_id	: GenuineIntel
cpu family	: 6
model		: 78
model name	: Intel(R) Core(TM) i5-6200U CPU @ 2.30GHz
stepping	: 3
microcode	: 0x9e
cpu MHz		: 2700.000
cache size	: 3072 KB
physical id	: 0
siblings	: 4
core id		: 0
cpu cores	: 2
apicid		: 1
initial apicid	: 1
fpu		: yes
fpu_exception	: yes
cpuid level	: 22
wp		: yes
flags		: fpu vme de pse tsc msr pae mce cx8 apic sep mtrr pge mca cmov pat pse36 clflush dts acpi mmx fxsr sse sse2 ss ht tm pbe syscall nx pdpe1gb rdtscp lm constant_tsc art arch_perfmon pebs bts rep_good nopl xtopology nonstop_tsc aperfmperf eagerfpu pni pclmulqdq dtes64 monitor ds_cpl vmx est tm2 ssse3 sdbg fma cx16 xtpr pdcm pcid sse4_1 sse4_2 x2apic movbe popcnt tsc_deadline_timer aes xsave avx f16c rdrand lahf_lm abm 3dnowprefetch epb intel_pt tpr_shadow vnmi flexpriority ept vpid fsgsbase tsc_adjust bmi1 avx2 smep bmi2 erms invpcid mpx rdseed adx smap clflushopt xsaveopt xsavec xgetbv1 xsaves dtherm ida arat pln pts hwp hwp_notify hwp_act_window hwp_epp
bugs		:
bogomips	: 4800.00
clflush size	: 64
cache_alignment	: 64
address sizes	: 39 bits physical, 48 bits virtual
power management:

processor	: 3
vendor_id	: GenuineIntel
cpu family	: 6
model		: 78
model name	: Intel(R) Core(TM) i5-6200U CPU @ 2.30GHz
stepping	: 3
microcode	: 0x9e
cpu MHz		: 2699.853
cache size	: 3072 KB
physical id	: 0
siblings	: 4
core id		: 1
cpu cores	: 2
apicid		: 3
initial apicid	: 3
fpu		: yes
fpu_exception	: yes
cpuid level	: 22
wp		: yes
flags		: fpu vme de pse tsc msr pae mce cx8 apic sep mtrr pge mca cmov pat pse36 clflush dts acpi mmx fxsr sse sse2 ss ht tm pbe syscall nx pdpe1gb rdtscp lm constant_tsc art arch_perfmon pebs bts rep_good nopl xtopology nonstop_tsc aperfmperf eagerfpu pni pclmulqdq dtes64 monitor ds_cpl vmx est tm2 ssse3 sdbg fma cx16 xtpr pdcm pcid sse4_1 sse4_2 x2apic movbe popcnt tsc_deadline_timer aes xsave avx f16c rdrand lahf_lm abm 3dnowprefetch epb intel_pt tpr_shadow vnmi flexpriority ept vpid fsgsbase tsc_adjust bmi1 avx2 smep bmi2 erms invpcid mpx rdseed adx smap clflushopt xsaveopt xsavec xgetbv1 xsaves dtherm ida arat pln pts hwp hwp_notify hwp_act_window hwp_epp
bugs		:
bogomips	: 4800.00
clflush size	: 64
cache_alignment	: 64
address sizes	: 39 bits physical, 48 bits virtual
power management:



Memory: 4k page, physical 8054864k(559236k free), swap 8268796k(8268796k free)

vm_info: Java HotSpot(TM) 64-Bit Server VM (25.121-b13) for linux-amd64 JRE (1.8.0_121-b13), built on Dec 12 2016 16:36:53 by "java_re" with gcc 4.3.0 20080428 (Red Hat 4.3.0-8)

time: Tue Apr 18 15:03:03 2017
elapsed time: 2 seconds (0d 0h 0m 2s)

