#
# A fatal error has been detected by the Java Runtime Environment:
#
#  SIGSEGV (0xb) at pc=0x00007fcab46778f8, pid=1585, tid=0x00007fca496bd700
#
# JRE version: Java(TM) SE Runtime Environment (8.0_121-b13) (build 1.8.0_121-b13)
# Java VM: Java HotSpot(TM) 64-Bit Server VM (25.121-b13 mixed mode linux-amd64 compressed oops)
# Problematic frame:
# V  [libjvm.so+0x6d28f8]  jni_invoke_nonstatic(JNIEnv_*, JavaValue*, _jobject*, JNICallType, _jmethodID*, JNI_ArgumentPusher*, Thread*)+0x38
#
# Failed to write core dump. Core dumps have been disabled. To enable core dumping, try "ulimit -c unlimited" before starting Java again
#
# If you would like to submit a bug report, please visit:
#   http://bugreport.java.com/bugreport/crash.jsp
#

---------------  T H R E A D  ---------------

Current thread (0x00007fca5c107800):  JavaThread "JavaFX Application Thread" [_thread_in_vm, id=1620, stack(0x00007fca495bd000,0x00007fca496be000)]

siginfo: si_signo: 11 (SIGSEGV), si_code: 1 (SEGV_MAPERR), si_addr: 0x000000003811a4e0

Registers:
RAX=0x00007fca496bc4c0, RBX=0x00007fca496bc3d0, RCX=0x0000000000000001, RDX=0x000000003811a4e0
RSP=0x00007fca496bc220, RBP=0x00007fca496bc3a0, RSI=0x00007fca496bc430, RDI=0x00007fca5c1079f8
R8 =0x00007fca5c0517d8, R9 =0x00007fca496bc3d0, R10=0x00007fca38000a70, R11=0x00007fca9d39ec20
R12=0x00007fca5c107800, R13=0x00007fca5c0517d8, R14=0x0000000000000001, R15=0x00007fca5c1079f8
RIP=0x00007fcab46778f8, EFLAGS=0x0000000000010202, CSGSFS=0x002b000000000033, ERR=0x0000000000000004
  TRAPNO=0x000000000000000e

Top of Stack: (sp=0x00007fca496bc220)
0x00007fca496bc220:   00007fca496bc920 00007fca496bc540
0x00007fca496bc230:   00007fca496bc280 00007fca496bc300
0x00007fca496bc240:   00007fca496bc3d0 00007fca496bc430
0x00007fca496bc250:   00007fca5c1079f8 00007fcab4697400
0x00007fca496bc260:   00007fca68001740 00007fca68001750
0x00007fca496bc270:   00007fca68001b28 00000000000003d8
0x00007fca496bc280:   0000000000000000 00000000d81ca6d0
0x00007fca496bc290:   00007fca0000006f 00007fca0000000a
0x00007fca496bc2a0:   00000000d8cf1048 0000000000000000
0x00007fca496bc2b0:   0000000000000000 0000000000000000
0x00007fca496bc2c0:   00007fcab1754ef8 0000000100000100
0x00007fca496bc2d0:   0000000000000000 00007fca496bc288
0x00007fca496bc2e0:   00007fca496bc2c9 0000000800000005
0x00007fca496bc2f0:   0000000000000000 00007fca5c107220
0x00007fca496bc300:   00007fcab4f05510 00007fcab59f4720
0x00007fca496bc310:   000000005c1070b0 00007fca5c107800
0x00007fca496bc320:   0000000000000000 00007fcab4677ccb
0x00007fca496bc330:   00007fcab174bac8 00007fca5c107800
0x00007fca496bc340:   00007fcab174bac8 00007fca5c107800
0x00007fca496bc350:   00007fca496bc4e0 00007fcab174bac8
0x00007fca496bc360:   00007fcab174bac8 00007fcab174bac8
0x00007fca496bc370:   00007fca68001740 00007fca496bc3d0
0x00007fca496bc380:   00007fca5c107800 00007fca496bc410
0x00007fca496bc390:   00007fca5c0517d8 00007fca5c1079f8
0x00007fca496bc3a0:   00007fca496bc490 00007fcab467c09f
0x00007fca496bc3b0:   00007fca5c107800 00007fca8f585ff4
0x00007fca496bc3c0:   00007fca496bc4a8 000000003811a4e0
0x00007fca496bc3d0:   00007fcab4f06170 00007fcab59f4720
0x00007fca496bc3e0:   00000000496bc450 ff10315d00000063
0x00007fca496bc3f0:   0000000000000000 0000003000000018
0x00007fca496bc400:   00007fca496bc580 00007fca496bc4c0
0x00007fca496bc410:   00007fca5c107800 0000000000000000 

Instructions: (pc=0x00007fcab46778f8)
0x00007fcab46778d8:   00 00 48 85 d2 48 89 bd b0 fe ff ff 48 89 b5 a8
0x00007fcab46778e8:   fe ff ff 4c 89 8d a0 fe ff ff 0f 84 78 09 00 00
0x00007fcab46778f8:   4c 8b 22 4d 85 e4 0f 84 6c 09 00 00 48 8b 45 10
0x00007fcab4677908:   48 8b 98 38 01 00 00 48 83 7b 18 f7 0f 87 16 07 

Register to memory mapping:

RAX=0x00007fca496bc4c0 is pointing into the stack for thread: 0x00007fca5c107800
RBX=0x00007fca496bc3d0 is pointing into the stack for thread: 0x00007fca5c107800
RCX=0x0000000000000001 is an unknown value
RDX=0x000000003811a4e0 is an unknown value
RSP=0x00007fca496bc220 is pointing into the stack for thread: 0x00007fca5c107800
RBP=0x00007fca496bc3a0 is pointing into the stack for thread: 0x00007fca5c107800
RSI=0x00007fca496bc430 is pointing into the stack for thread: 0x00007fca5c107800
RDI=0x00007fca5c1079f8 is an unknown value
R8 =0x00007fca5c0517d8 is an unknown value
R9 =0x00007fca496bc3d0 is pointing into the stack for thread: 0x00007fca5c107800
R10=0x00007fca38000a70 is an unknown value
R11=0x00007fca9d39ec20 is at entry_point+32 in (nmethod*)0x00007fca9d39ea90
R12=0x00007fca5c107800 is a thread
R13=0x00007fca5c0517d8 is an unknown value
R14=0x0000000000000001 is an unknown value
R15=0x00007fca5c1079f8 is an unknown value


Stack: [0x00007fca495bd000,0x00007fca496be000],  sp=0x00007fca496bc220,  free space=1020k
Native frames: (J=compiled Java code, j=interpreted, Vv=VM code, C=native code)
V  [libjvm.so+0x6d28f8]  jni_invoke_nonstatic(JNIEnv_*, JavaValue*, _jobject*, JNICallType, _jmethodID*, JNI_ArgumentPusher*, Thread*)+0x38
V  [libjvm.so+0x6d709f]  jni_CallVoidMethodV+0x10f
C  [libglass.so+0x13e51]  JNIEnv_::CallVoidMethod(_jobject*, _jmethodID*, ...)+0x81
C  [libglass.so+0x1876f]  WindowContextBase::process_key(_GdkEventKey*)+0x20f
C  [libglass.so+0x15fe0]  WindowContextBase::im_filter_keypress(_GdkEventKey*)+0x1c0
C  [libglass.so+0x20a3c]  process_events(_GdkEvent*, void*)+0x22c
C  [libgdk-x11-2.0.so.0+0x5acdc]

Java frames: (J=compiled Java code, j=interpreted, Vv=VM code)
j  com.sun.glass.ui.gtk.GtkApplication._runLoop(Ljava/lang/Runnable;Z)V+0
j  com.sun.glass.ui.gtk.GtkApplication.lambda$null$49(Ljava/lang/Runnable;Z)V+7
j  com.sun.glass.ui.gtk.GtkApplication$$Lambda$43.run()V+12
j  java.lang.Thread.run()V+11
v  ~StubRoutines::call_stub

---------------  P R O C E S S  ---------------

Java Threads: ( => current thread )
  0x00007fca381a0800 JavaThread "Prism Font Disposer" daemon [_thread_blocked, id=1621, stack(0x00007fca48abb000,0x00007fca48bbc000)]
=>0x00007fca5c107800 JavaThread "JavaFX Application Thread" [_thread_in_vm, id=1620, stack(0x00007fca495bd000,0x00007fca496be000)]
  0x00007fca5c0cb000 JavaThread "Thread-3" daemon [_thread_blocked, id=1619, stack(0x00007fca8c048000,0x00007fca8c149000)]
  0x00007fca5c044000 JavaThread "QuantumRenderer-0" daemon [_thread_blocked, id=1615, stack(0x00007fca9407e000,0x00007fca9417f000)]
  0x00007fca580f4800 JavaThread "JavaFX-Launcher" [_thread_blocked, id=1614, stack(0x00007fca9417f000,0x00007fca94280000)]
  0x00007fcaac0d8800 JavaThread "Thread-0" [_thread_blocked, id=1613, stack(0x00007fca9c09b000,0x00007fca9c19c000)]
  0x00007fcaac0c1000 JavaThread "Service Thread" daemon [_thread_blocked, id=1611, stack(0x00007fca9c29d000,0x00007fca9c39e000)]
  0x00007fcaac0be000 JavaThread "C1 CompilerThread2" daemon [_thread_blocked, id=1610, stack(0x00007fca9c39e000,0x00007fca9c49f000)]
  0x00007fcaac0bc800 JavaThread "C2 CompilerThread1" daemon [_thread_blocked, id=1609, stack(0x00007fca9c49f000,0x00007fca9c5a0000)]
  0x00007fcaac0b9800 JavaThread "C2 CompilerThread0" daemon [_thread_in_native, id=1608, stack(0x00007fca9c5a0000,0x00007fca9c6a1000)]
  0x00007fcaac0b8000 JavaThread "Signal Dispatcher" daemon [_thread_blocked, id=1607, stack(0x00007fca9c6a1000,0x00007fca9c7a2000)]
  0x00007fcaac084000 JavaThread "Finalizer" daemon [_thread_blocked, id=1606, stack(0x00007fca9cbfc000,0x00007fca9ccfd000)]
  0x00007fcaac07f000 JavaThread "Reference Handler" daemon [_thread_blocked, id=1600, stack(0x00007fca9ccfd000,0x00007fca9cdfe000)]
  0x00007fcaac009800 JavaThread "main" [_thread_blocked, id=1587, stack(0x00007fcab5a98000,0x00007fcab5b99000)]

Other Threads:
  0x00007fcaac077800 VMThread [stack: 0x00007fca9cdfe000,0x00007fca9ceff000] [id=1599]
  0x00007fcaac0c4000 WatcherThread [stack: 0x00007fca9c19c000,0x00007fca9c29d000] [id=1612]

VM state:not at safepoint (normal execution)

VM Mutex/Monitor currently owned by a thread: None

Heap:
 PSYoungGen      total 36864K, used 31483K [0x00000000d7000000, 0x00000000d9900000, 0x0000000100000000)
  eden space 31744K, 99% used [0x00000000d7000000,0x00000000d8ebec78,0x00000000d8f00000)
  from space 5120K, 0% used [0x00000000d9400000,0x00000000d9400000,0x00000000d9900000)
  to   space 5120K, 0% used [0x00000000d8f00000,0x00000000d8f00000,0x00000000d9400000)
 ParOldGen       total 84992K, used 0K [0x0000000085000000, 0x000000008a300000, 0x00000000d7000000)
  object space 84992K, 0% used [0x0000000085000000,0x0000000085000000,0x000000008a300000)
 Metaspace       used 14618K, capacity 15446K, committed 15488K, reserved 1062912K
  class space    used 2254K, capacity 2410K, committed 2432K, reserved 1048576K

Card table byte_map: [0x00007fcab2466000,0x00007fcab283f000] byte_map_base: 0x00007fcab203e000

Marking Bits: (ParMarkBitMap*) 0x00007fcab4f69c80
 Begin Bits: [0x00007fca94280000, 0x00007fca96140000)
 End Bits:   [0x00007fca96140000, 0x00007fca98000000)

Polling page: 0x00007fcab5bb6000

CodeCache: size=245760Kb used=4014Kb max_used=4014Kb free=241745Kb
 bounds [0x00007fca9d000000, 0x00007fca9d3f0000, 0x00007fcaac000000]
 total_blobs=1896 nmethods=1262 adapters=547
 compilation: enabled

Compilation events (10 events):
Event: 3,040 Thread 0x00007fcaac0be000 1259       3       javafx.beans.property.DoubleProperty::<init> (5 bytes)
Event: 3,040 Thread 0x00007fcaac0be000 nmethod 1259 0x00007fca9d3eb3d0 code [0x00007fca9d3eb560, 0x00007fca9d3eb830]
Event: 3,041 Thread 0x00007fcaac0be000 1260       3       javafx.scene.control.SkinBase::snapSize (19 bytes)
Event: 3,042 Thread 0x00007fcaac0be000 nmethod 1260 0x00007fca9d3ead90 code [0x00007fca9d3eaf40, 0x00007fca9d3eb288]
Event: 3,042 Thread 0x00007fcaac0be000 1261       3       javafx.scene.Parent::setChildDirty (74 bytes)
Event: 3,042 Thread 0x00007fcaac0be000 nmethod 1261 0x00007fca9d3ea050 code [0x00007fca9d3ea220, 0x00007fca9d3ea978]
Event: 3,042 Thread 0x00007fcaac0be000 1262       3       javafx.scene.layout.Region::getBorder (11 bytes)
Event: 3,042 Thread 0x00007fcaac0be000 nmethod 1262 0x00007fca9d3ed090 code [0x00007fca9d3ed200, 0x00007fca9d3ed508]
Event: 3,042 Thread 0x00007fcaac0be000 1263       3       javafx.scene.layout.Region::snapSize (9 bytes)
Event: 3,043 Thread 0x00007fcaac0be000 nmethod 1263 0x00007fca9d3ed5d0 code [0x00007fca9d3ed780, 0x00007fca9d3edb28]

GC Heap History (0 events):
No events

Deoptimization events (10 events):
Event: 0,713 Thread 0x00007fca5c107800 Uncommon trap: reason=class_check action=maybe_recompile pc=0x00007fca9d1169f8 method=java.lang.String.equals(Ljava/lang/Object;)Z @ 8
Event: 0,713 Thread 0x00007fca5c107800 Uncommon trap: reason=class_check action=maybe_recompile pc=0x00007fca9d1169f8 method=java.lang.String.equals(Ljava/lang/Object;)Z @ 8
Event: 0,787 Thread 0x00007fca5c107800 Uncommon trap: reason=class_check action=maybe_recompile pc=0x00007fca9d1169f8 method=java.lang.String.equals(Ljava/lang/Object;)Z @ 8
Event: 0,792 Thread 0x00007fca5c107800 Uncommon trap: reason=unstable_if action=reinterpret pc=0x00007fca9d2d628c method=java.lang.CharacterDataLatin1.toUpperCase(I)I @ 12
Event: 0,871 Thread 0x00007fca5c107800 Uncommon trap: reason=unstable_if action=reinterpret pc=0x00007fca9d285b28 method=sun.net.www.ParseUtil.encodePath(Ljava/lang/String;Z)Ljava/lang/String; @ 109
Event: 0,962 Thread 0x00007fca5c107800 Uncommon trap: reason=unstable_if action=reinterpret pc=0x00007fca9d2e5724 method=jdk.internal.org.objectweb.asm.Type.getArgumentsAndReturnSizes(Ljava/lang/String;)I @ 47
Event: 1,541 Thread 0x00007fca5c107800 Uncommon trap: reason=class_check action=maybe_recompile pc=0x00007fca9d3120cc method=java.io.FilterInputStream.read()I @ 4
Event: 1,541 Thread 0x00007fca5c107800 Uncommon trap: reason=class_check action=maybe_recompile pc=0x00007fca9d3120cc method=java.io.FilterInputStream.read()I @ 4
Event: 1,541 Thread 0x00007fca5c107800 Uncommon trap: reason=class_check action=maybe_recompile pc=0x00007fca9d3120cc method=java.io.FilterInputStream.read()I @ 4
Event: 1,541 Thread 0x00007fca5c107800 Uncommon trap: reason=class_check action=maybe_recompile pc=0x00007fca9d3120cc method=java.io.FilterInputStream.read()I @ 4

Internal exceptions (10 events):
Event: 0,198 Thread 0x00007fcaac0d8800 Exception <a 'java/lang/NoSuchFieldError': method resolution failed> (0x00000000d72dd048) thrown at [/HUDSON3/workspace/8-2-build-linux-amd64/jdk8u121/8372/hotspot/src/share/vm/prims/methodHandles.cpp, line 1146]
Event: 0,200 Thread 0x00007fcaac0d8800 Exception <a 'java/lang/NoSuchFieldError': method resolution failed> (0x00000000d72ea3c8) thrown at [/HUDSON3/workspace/8-2-build-linux-amd64/jdk8u121/8372/hotspot/src/share/vm/prims/methodHandles.cpp, line 1146]
Event: 0,225 Thread 0x00007fca580f4800 Exception <a 'java/security/PrivilegedActionException'> (0x00000000d73d70c8) thrown at [/HUDSON3/workspace/8-2-build-linux-amd64/jdk8u121/8372/hotspot/src/share/vm/prims/jvm.cpp, line 1390]
Event: 0,225 Thread 0x00007fca580f4800 Exception <a 'java/security/PrivilegedActionException'> (0x00000000d73d72d8) thrown at [/HUDSON3/workspace/8-2-build-linux-amd64/jdk8u121/8372/hotspot/src/share/vm/prims/jvm.cpp, line 1390]
Event: 0,225 Thread 0x00007fca580f4800 Exception <a 'java/security/PrivilegedActionException'> (0x00000000d73d9740) thrown at [/HUDSON3/workspace/8-2-build-linux-amd64/jdk8u121/8372/hotspot/src/share/vm/prims/jvm.cpp, line 1390]
Event: 0,225 Thread 0x00007fca580f4800 Exception <a 'java/security/PrivilegedActionException'> (0x00000000d73d9950) thrown at [/HUDSON3/workspace/8-2-build-linux-amd64/jdk8u121/8372/hotspot/src/share/vm/prims/jvm.cpp, line 1390]
Event: 0,226 Thread 0x00007fca580f4800 Exception <a 'java/lang/NullPointerException'> (0x00000000d73d9f28) thrown at [/HUDSON3/workspace/8-2-build-linux-amd64/jdk8u121/8372/hotspot/src/share/vm/interpreter/linkResolver.cpp, line 1178]
Event: 0,460 Thread 0x00007fca5c107800 Exception <a 'java/lang/NullPointerException'> (0x00000000d7ac34b0) thrown at [/HUDSON3/workspace/8-2-build-linux-amd64/jdk8u121/8372/hotspot/src/share/vm/interpreter/linkResolver.cpp, line 1178]
Event: 0,460 Thread 0x00007fca5c107800 Exception <a 'java/lang/NullPointerException'> (0x00000000d7ac34b0) thrown at [/HUDSON3/workspace/8-2-build-linux-amd64/jdk8u121/8372/hotspot/src/share/vm/prims/jvm.cpp, line 1394]
Event: 0,623 Thread 0x00007fca5c107800 Implicit null exception at 0x00007fca9d237bb5 to 0x00007fca9d237dd1

Events (10 events):
Event: 3,015 loading class javafx/scene/effect/DropShadow$3
Event: 3,015 loading class javafx/scene/effect/DropShadow$3 done
Event: 3,016 loading class com/sun/javafx/effect/EffectDirtyBits
Event: 3,016 loading class com/sun/javafx/effect/EffectDirtyBits done
Event: 3,017 loading class javafx/scene/shape/SVGPath$1
Event: 3,017 loading class javafx/scene/shape/SVGPath$1 done
Event: 3,017 loading class javafx/scene/shape/SVGPath$2
Event: 3,017 loading class javafx/scene/shape/SVGPath$2 done
Event: 3,017 loading class com/sun/javafx/sg/prism/NGSVGPath
Event: 3,017 loading class com/sun/javafx/sg/prism/NGSVGPath done


Dynamic libraries:
00400000-00401000 r-xp 00000000 08:05 2243241                            /usr/lib/jvm/java-8-oracle/bin/java
00600000-00601000 rw-p 00000000 08:05 2243241                            /usr/lib/jvm/java-8-oracle/bin/java
0171a000-0173b000 rw-p 00000000 00:00 0                                  [heap]
85000000-8a300000 rw-p 00000000 00:00 0 
8a300000-d7000000 ---p 00000000 00:00 0 
d7000000-d9900000 rw-p 00000000 00:00 0 
d9900000-100000000 ---p 00000000 00:00 0 
100000000-100260000 rw-p 00000000 00:00 0 
100260000-140000000 ---p 00000000 00:00 0 
7fca2c000000-7fca2c021000 rw-p 00000000 00:00 0 
7fca2c021000-7fca30000000 ---p 00000000 00:00 0 
7fca34000000-7fca34021000 rw-p 00000000 00:00 0 
7fca34021000-7fca38000000 ---p 00000000 00:00 0 
7fca38000000-7fca384d3000 rw-p 00000000 00:00 0 
7fca384d3000-7fca3c000000 ---p 00000000 00:00 0 
7fca3c000000-7fca3c021000 rw-p 00000000 00:00 0 
7fca3c021000-7fca40000000 ---p 00000000 00:00 0 
7fca40000000-7fca40022000 rw-p 00000000 00:00 0 
7fca40022000-7fca44000000 ---p 00000000 00:00 0 
7fca44000000-7fca44021000 rw-p 00000000 00:00 0 
7fca44021000-7fca48000000 ---p 00000000 00:00 0 
7fca48295000-7fca482a5000 rw-s 00000000 00:05 920995                     /drm mm object (deleted)
7fca482a5000-7fca482ad000 rw-s 00000000 00:05 921029                     /drm mm object (deleted)
7fca482ad000-7fca482bd000 rw-s 00000000 00:05 920994                     /drm mm object (deleted)
7fca482bd000-7fca4837d000 rw-p 00000000 00:00 0 
7fca4837d000-7fca484bd000 ---p 00000000 00:00 0 
7fca484bd000-7fca4851d000 rw-s 00000000 00:05 921004                     /drm mm object (deleted)
7fca4851d000-7fca4852b000 rw-s 00000000 00:05 921003                     /drm mm object (deleted)
7fca4852b000-7fca486eb000 rw-s 104e2c000 00:06 391                       /dev/dri/card0
7fca486eb000-7fca488ab000 rw-s 00000000 00:05 920996                     /drm mm object (deleted)
7fca488ab000-7fca488bb000 rw-s 00000000 00:05 921000                     /drm mm object (deleted)
7fca488bb000-7fca48abb000 rw-p 00000000 00:00 0 
7fca48abb000-7fca48abe000 ---p 00000000 00:00 0 
7fca48abe000-7fca48bbc000 rw-p 00000000 00:00 0 
7fca48bbc000-7fca48c75000 r--p 00000000 08:05 918436                     /usr/share/fonts/truetype/dejavu/DejaVuSans.ttf
7fca48c75000-7fca48cb1000 r--p 00000000 08:05 2243419                    /usr/lib/jvm/java-8-oracle/jre/lib/fonts/LucidaTypewriterRegular.ttf
7fca48cb1000-7fca48d06000 r--p 00000000 08:05 2243416                    /usr/lib/jvm/java-8-oracle/jre/lib/fonts/LucidaBrightRegular.ttf
7fca48d06000-7fca48db1000 r--p 00000000 08:05 2243413                    /usr/lib/jvm/java-8-oracle/jre/lib/fonts/LucidaSansRegular.ttf
7fca48db1000-7fca48db5000 r-xp 00000000 08:05 2243362                    /usr/lib/jvm/java-8-oracle/jre/lib/amd64/libjavafx_font_pango.so
7fca48db5000-7fca48fb4000 ---p 00004000 08:05 2243362                    /usr/lib/jvm/java-8-oracle/jre/lib/amd64/libjavafx_font_pango.so
7fca48fb4000-7fca48fb5000 rw-p 00003000 08:05 2243362                    /usr/lib/jvm/java-8-oracle/jre/lib/amd64/libjavafx_font_pango.so
7fca48fb5000-7fca491b5000 rw-p 00000000 00:00 0 
7fca491b5000-7fca491ba000 r-xp 00000000 08:05 2243358                    /usr/lib/jvm/java-8-oracle/jre/lib/amd64/libjavafx_font_freetype.so
7fca491ba000-7fca493b9000 ---p 00005000 08:05 2243358                    /usr/lib/jvm/java-8-oracle/jre/lib/amd64/libjavafx_font_freetype.so
7fca493b9000-7fca493ba000 rw-p 00004000 08:05 2243358                    /usr/lib/jvm/java-8-oracle/jre/lib/amd64/libjavafx_font_freetype.so
7fca493ba000-7fca493bd000 r-xp 00000000 08:05 2243320                    /usr/lib/jvm/java-8-oracle/jre/lib/amd64/libjavafx_font.so
7fca493bd000-7fca495bc000 ---p 00003000 08:05 2243320                    /usr/lib/jvm/java-8-oracle/jre/lib/amd64/libjavafx_font.so
7fca495bc000-7fca495bd000 rw-p 00002000 08:05 2243320                    /usr/lib/jvm/java-8-oracle/jre/lib/amd64/libjavafx_font.so
7fca495bd000-7fca495c0000 ---p 00000000 00:00 0 
7fca495c0000-7fca496be000 rw-p 00000000 00:00 0 
7fca496be000-7fca496bf000 ---p 00000000 00:00 0 
7fca496bf000-7fca49ebf000 rw-p 00000000 00:00 0 
7fca49ebf000-7fca49ec0000 ---p 00000000 00:00 0 
7fca49ec0000-7fca4a6c0000 rw-p 00000000 00:00 0 
7fca4a6c0000-7fca4a6c1000 ---p 00000000 00:00 0 
7fca4a6c1000-7fca4aec1000 rw-p 00000000 00:00 0 
7fca4aec1000-7fca4aecd000 r-xp 00000000 08:05 133762                     /usr/lib/x86_64-linux-gnu/gio/modules/libdconfsettings.so
7fca4aecd000-7fca4b0cc000 ---p 0000c000 08:05 133762                     /usr/lib/x86_64-linux-gnu/gio/modules/libdconfsettings.so
7fca4b0cc000-7fca4b0cd000 r--p 0000b000 08:05 133762                     /usr/lib/x86_64-linux-gnu/gio/modules/libdconfsettings.so
7fca4b0cd000-7fca4b0ce000 rw-p 0000c000 08:05 133762                     /usr/lib/x86_64-linux-gnu/gio/modules/libdconfsettings.so
7fca4b0ce000-7fca4b0d5000 r-xp 00000000 08:05 2239720                    /usr/lib/x86_64-linux-gnu/libogg.so.0.8.2
7fca4b0d5000-7fca4b2d5000 ---p 00007000 08:05 2239720                    /usr/lib/x86_64-linux-gnu/libogg.so.0.8.2
7fca4b2d5000-7fca4b2d6000 r--p 00007000 08:05 2239720                    /usr/lib/x86_64-linux-gnu/libogg.so.0.8.2
7fca4b2d6000-7fca4b2d7000 rw-p 00008000 08:05 2239720                    /usr/lib/x86_64-linux-gnu/libogg.so.0.8.2
7fca4b2d7000-7fca4b301000 r-xp 00000000 08:05 2240153                    /usr/lib/x86_64-linux-gnu/libvorbis.so.0.4.8
7fca4b301000-7fca4b501000 ---p 0002a000 08:05 2240153                    /usr/lib/x86_64-linux-gnu/libvorbis.so.0.4.8
7fca4b501000-7fca4b502000 r--p 0002a000 08:05 2240153                    /usr/lib/x86_64-linux-gnu/libvorbis.so.0.4.8
7fca4b502000-7fca4b503000 rw-p 0002b000 08:05 2240153                    /usr/lib/x86_64-linux-gnu/libvorbis.so.0.4.8
7fca4b503000-7fca4b50b000 r-xp 00000000 08:05 2239564                    /usr/lib/x86_64-linux-gnu/libltdl.so.7.3.1
7fca4b50b000-7fca4b70b000 ---p 00008000 08:05 2239564                    /usr/lib/x86_64-linux-gnu/libltdl.so.7.3.1
7fca4b70b000-7fca4b70c000 r--p 00008000 08:05 2239564                    /usr/lib/x86_64-linux-gnu/libltdl.so.7.3.1
7fca4b70c000-7fca4b70d000 rw-p 00009000 08:05 2239564                    /usr/lib/x86_64-linux-gnu/libltdl.so.7.3.1
7fca4b70d000-7fca4b721000 r-xp 00000000 08:05 2239986                    /usr/lib/x86_64-linux-gnu/libtdb.so.1.3.9
7fca4b721000-7fca4b920000 ---p 00014000 08:05 2239986                    /usr/lib/x86_64-linux-gnu/libtdb.so.1.3.9
7fca4b920000-7fca4b921000 r--p 00013000 08:05 2239986                    /usr/lib/x86_64-linux-gnu/libtdb.so.1.3.9
7fca4b921000-7fca4b922000 rw-p 00014000 08:05 2239986                    /usr/lib/x86_64-linux-gnu/libtdb.so.1.3.9
7fca4b922000-7fca4b929000 r-xp 00000000 08:05 2240157                    /usr/lib/x86_64-linux-gnu/libvorbisfile.so.3.3.7
7fca4b929000-7fca4bb29000 ---p 00007000 08:05 2240157                    /usr/lib/x86_64-linux-gnu/libvorbisfile.so.3.3.7
7fca4bb29000-7fca4bb2a000 r--p 00007000 08:05 2240157                    /usr/lib/x86_64-linux-gnu/libvorbisfile.so.3.3.7
7fca4bb2a000-7fca4bb2b000 rw-p 00008000 08:05 2240157                    /usr/lib/x86_64-linux-gnu/libvorbisfile.so.3.3.7
7fca4bb2b000-7fca4bb3b000 r-xp 00000000 08:05 2238920                    /usr/lib/x86_64-linux-gnu/libcanberra.so.0.2.5
7fca4bb3b000-7fca4bd3b000 ---p 00010000 08:05 2238920                    /usr/lib/x86_64-linux-gnu/libcanberra.so.0.2.5
7fca4bd3b000-7fca4bd3c000 r--p 00010000 08:05 2238920                    /usr/lib/x86_64-linux-gnu/libcanberra.so.0.2.5
7fca4bd3c000-7fca4bd3d000 rw-p 00011000 08:05 2238920                    /usr/lib/x86_64-linux-gnu/libcanberra.so.0.2.5
7fca4bd3d000-7fca4bd41000 r-xp 00000000 08:05 2238916                    /usr/lib/x86_64-linux-gnu/libcanberra-gtk.so.0.1.9
7fca4bd41000-7fca4bf40000 ---p 00004000 08:05 2238916                    /usr/lib/x86_64-linux-gnu/libcanberra-gtk.so.0.1.9
7fca4bf40000-7fca4bf41000 r--p 00003000 08:05 2238916                    /usr/lib/x86_64-linux-gnu/libcanberra-gtk.so.0.1.9
7fca4bf41000-7fca4bf42000 rw-p 00004000 08:05 2238916                    /usr/lib/x86_64-linux-gnu/libcanberra-gtk.so.0.1.9
7fca4bf42000-7fca4bf47000 r-xp 00000000 08:05 133969                     /usr/lib/x86_64-linux-gnu/gtk-2.0/modules/libcanberra-gtk-module.so
7fca4bf47000-7fca4c146000 ---p 00005000 08:05 133969                     /usr/lib/x86_64-linux-gnu/gtk-2.0/modules/libcanberra-gtk-module.so
7fca4c146000-7fca4c147000 r--p 00004000 08:05 133969                     /usr/lib/x86_64-linux-gnu/gtk-2.0/modules/libcanberra-gtk-module.so
7fca4c147000-7fca4c148000 rw-p 00005000 08:05 133969                     /usr/lib/x86_64-linux-gnu/gtk-2.0/modules/libcanberra-gtk-module.so
7fca4c148000-7fca4c178000 r-xp 00000000 08:05 133951                     /usr/lib/x86_64-linux-gnu/gtk-2.0/2.10.0/engines/libmurrine.so
7fca4c178000-7fca4c378000 ---p 00030000 08:05 133951                     /usr/lib/x86_64-linux-gnu/gtk-2.0/2.10.0/engines/libmurrine.so
7fca4c378000-7fca4c379000 r--p 00030000 08:05 133951                     /usr/lib/x86_64-linux-gnu/gtk-2.0/2.10.0/engines/libmurrine.so
7fca4c379000-7fca4c37a000 rw-p 00031000 08:05 133951                     /usr/lib/x86_64-linux-gnu/gtk-2.0/2.10.0/engines/libmurrine.so
7fca4c37a000-7fca4c38a000 r-xp 00000000 08:05 2240079                    /usr/lib/x86_64-linux-gnu/libunity-gtk2-parser.so.0.0.0
7fca4c38a000-7fca4c58a000 ---p 00010000 08:05 2240079                    /usr/lib/x86_64-linux-gnu/libunity-gtk2-parser.so.0.0.0
7fca4c58a000-7fca4c58b000 r--p 00010000 08:05 2240079                    /usr/lib/x86_64-linux-gnu/libunity-gtk2-parser.so.0.0.0
7fca4c58b000-7fca4c58c000 rw-p 00011000 08:05 2240079                    /usr/lib/x86_64-linux-gnu/libunity-gtk2-parser.so.0.0.0
7fca4c58c000-7fca4c591000 r-xp 00000000 08:05 133973                     /usr/lib/x86_64-linux-gnu/gtk-2.0/modules/libunity-gtk-module.so
7fca4c591000-7fca4c790000 ---p 00005000 08:05 133973                     /usr/lib/x86_64-linux-gnu/gtk-2.0/modules/libunity-gtk-module.so
7fca4c790000-7fca4c791000 r--p 00004000 08:05 133973                     /usr/lib/x86_64-linux-gnu/gtk-2.0/modules/libunity-gtk-module.so
7fca4c791000-7fca4c792000 rw-p 00005000 08:05 133973                     /usr/lib/x86_64-linux-gnu/gtk-2.0/modules/libunity-gtk-module.so
7fca4c792000-7fca4c7b4000 r-xp 00000000 08:05 398679                     /lib/x86_64-linux-gnu/liblzma.so.5.0.0
7fca4c7b4000-7fca4c9b3000 ---p 00022000 08:05 398679                     /lib/x86_64-linux-gnu/liblzma.so.5.0.0
7fca4c9b3000-7fca4c9b4000 r--p 00021000 08:05 398679                     /lib/x86_64-linux-gnu/liblzma.so.5.0.0
7fca4c9b4000-7fca4c9b5000 rw-p 00022000 08:05 398679                     /lib/x86_64-linux-gnu/liblzma.so.5.0.0
7fca4c9b5000-7fca4c9ff000 r-xp 00000000 08:05 399570                     /lib/x86_64-linux-gnu/libdbus-1.so.3.14.7
7fca4c9ff000-7fca4cbff000 ---p 0004a000 08:05 399570                     /lib/x86_64-linux-gnu/libdbus-1.so.3.14.7
7fca4cbff000-7fca4cc00000 r--p 0004a000 08:05 399570                     /lib/x86_64-linux-gnu/libdbus-1.so.3.14.7
7fca4cc00000-7fca4cc01000 rw-p 0004b000 08:05 399570                     /lib/x86_64-linux-gnu/libdbus-1.so.3.14.7
7fca4cc01000-7fca4cc2d000 r-xp 00000000 08:05 2238852                    /usr/lib/x86_64-linux-gnu/libatspi.so.0.0.1
7fca4cc2d000-7fca4ce2c000 ---p 0002c000 08:05 2238852                    /usr/lib/x86_64-linux-gnu/libatspi.so.0.0.1
7fca4ce2c000-7fca4ce2f000 r--p 0002b000 08:05 2238852                    /usr/lib/x86_64-linux-gnu/libatspi.so.0.0.1
7fca4ce2f000-7fca4ce30000 rw-p 0002e000 08:05 2238852                    /usr/lib/x86_64-linux-gnu/libatspi.so.0.0.1
7fca4ce30000-7fca4ce5d000 r-xp 00000000 08:05 2238846                    /usr/lib/x86_64-linux-gnu/libatk-bridge-2.0.so.0.0.0
7fca4ce5d000-7fca4d05c000 ---p 0002d000 08:05 2238846                    /usr/lib/x86_64-linux-gnu/libatk-bridge-2.0.so.0.0.0
7fca4d05c000-7fca4d05d000 r--p 0002c000 08:05 2238846                    /usr/lib/x86_64-linux-gnu/libatk-bridge-2.0.so.0.0.0
7fca4d05d000-7fca4d05f000 rw-p 0002d000 08:05 2238846                    /usr/lib/x86_64-linux-gnu/libatk-bridge-2.0.so.0.0.0
7fca4d05f000-7fca4d060000 r-xp 00000000 08:05 133968                     /usr/lib/x86_64-linux-gnu/gtk-2.0/modules/libatk-bridge.so
7fca4d060000-7fca4d25f000 ---p 00001000 08:05 133968                     /usr/lib/x86_64-linux-gnu/gtk-2.0/modules/libatk-bridge.so
7fca4d25f000-7fca4d260000 r--p 00000000 08:05 133968                     /usr/lib/x86_64-linux-gnu/gtk-2.0/modules/libatk-bridge.so
7fca4d260000-7fca4d261000 rw-p 00001000 08:05 133968                     /usr/lib/x86_64-linux-gnu/gtk-2.0/modules/libatk-bridge.so
7fca4d261000-7fca4d268000 r-xp 00000000 08:05 2228785                    /usr/lib/x86_64-linux-gnu/libgailutil.so.18.0.1
7fca4d268000-7fca4d467000 ---p 00007000 08:05 2228785                    /usr/lib/x86_64-linux-gnu/libgailutil.so.18.0.1
7fca4d467000-7fca4d468000 r--p 00006000 08:05 2228785                    /usr/lib/x86_64-linux-gnu/libgailutil.so.18.0.1
7fca4d468000-7fca4d469000 rw-p 00007000 08:05 2228785                    /usr/lib/x86_64-linux-gnu/libgailutil.so.18.0.1
7fca4d469000-7fca4d4b7000 r-xp 00000000 08:05 132695                     /usr/lib/x86_64-linux-gnu/gtk-2.0/modules/libgail.so
7fca4d4b7000-7fca4d6b6000 ---p 0004e000 08:05 132695                     /usr/lib/x86_64-linux-gnu/gtk-2.0/modules/libgail.so
7fca4d6b6000-7fca4d6b7000 r--p 0004d000 08:05 132695                     /usr/lib/x86_64-linux-gnu/gtk-2.0/modules/libgail.so
7fca4d6b7000-7fca4d6b9000 rw-p 0004e000 08:05 132695                     /usr/lib/x86_64-linux-gnu/gtk-2.0/modules/libgail.so
7fca4d6b9000-7fca4d6ca000 r-xp 00000000 08:05 132122                     /usr/lib/x86_64-linux-gnu/gtk-2.0/modules/liboverlay-scrollbar.so
7fca4d6ca000-7fca4d8ca000 ---p 00011000 08:05 132122                     /usr/lib/x86_64-linux-gnu/gtk-2.0/modules/liboverlay-scrollbar.so
7fca4d8ca000-7fca4d8cb000 r--p 00011000 08:05 132122                     /usr/lib/x86_64-linux-gnu/gtk-2.0/modules/liboverlay-scrollbar.so
7fca4d8cb000-7fca4d8cc000 rw-p 00012000 08:05 132122                     /usr/lib/x86_64-linux-gnu/gtk-2.0/modules/liboverlay-scrollbar.so
7fca4d8cc000-7fca4d8f5000 r-xp 00000000 08:05 2243370                    /usr/lib/jvm/java-8-oracle/jre/lib/amd64/libglass.so
7fca4d8f5000-7fca4daf4000 ---p 00029000 08:05 2243370                    /usr/lib/jvm/java-8-oracle/jre/lib/amd64/libglass.so
7fca4daf4000-7fca4daf7000 rw-p 00028000 08:05 2243370                    /usr/lib/jvm/java-8-oracle/jre/lib/amd64/libglass.so
7fca4daf7000-7fca4db2e000 r-xp 00000000 08:05 2240033                    /usr/lib/x86_64-linux-gnu/libtxc_dxtn_s2tc.so.0.0.0
7fca4db2e000-7fca4dd2d000 ---p 00037000 08:05 2240033                    /usr/lib/x86_64-linux-gnu/libtxc_dxtn_s2tc.so.0.0.0
7fca4dd2d000-7fca4dd2e000 r--p 00036000 08:05 2240033                    /usr/lib/x86_64-linux-gnu/libtxc_dxtn_s2tc.so.0.0.0
7fca4dd2e000-7fca4dd2f000 rw-p 00037000 08:05 2240033                    /usr/lib/x86_64-linux-gnu/libtxc_dxtn_s2tc.so.0.0.0
7fca4dd2f000-7fca4dd37000 r-xp 00000000 08:05 2239767                    /usr/lib/x86_64-linux-gnu/libpciaccess.so.0.11.1
7fca4dd37000-7fca4df37000 ---p 00008000 08:05 2239767                    /usr/lib/x86_64-linux-gnu/libpciaccess.so.0.11.1
7fca4df37000-7fca4df38000 r--p 00008000 08:05 2239767                    /usr/lib/x86_64-linux-gnu/libpciaccess.so.0.11.1
7fca4df38000-7fca4df39000 rw-p 00009000 08:05 2239767                    /usr/lib/x86_64-linux-gnu/libpciaccess.so.0.11.1
7fca4df39000-7fca4df4b000 r-xp 00000000 08:05 398660                     /lib/x86_64-linux-gnu/libgpg-error.so.0.19.1
7fca4df4b000-7fca4e14b000 ---p 00012000 08:05 398660                     /lib/x86_64-linux-gnu/libgpg-error.so.0.19.1
7fca4e14b000-7fca4e14c000 r--p 00012000 08:05 398660                     /lib/x86_64-linux-gnu/libgpg-error.so.0.19.1
7fca4e14c000-7fca4e14d000 rw-p 00013000 08:05 398660                     /lib/x86_64-linux-gnu/libgpg-error.so.0.19.1
7fca4e14d000-7fca4e158000 r-xp 00000000 08:05 2239069                    /usr/lib/x86_64-linux-gnu/libdrm_radeon.so.1.0.1
7fca4e158000-7fca4e357000 ---p 0000b000 08:05 2239069                    /usr/lib/x86_64-linux-gnu/libdrm_radeon.so.1.0.1
7fca4e357000-7fca4e358000 r--p 0000a000 08:05 2239069                    /usr/lib/x86_64-linux-gnu/libdrm_radeon.so.1.0.1
7fca4e358000-7fca4e359000 rw-p 0000b000 08:05 2239069                    /usr/lib/x86_64-linux-gnu/libdrm_radeon.so.1.0.1
7fca4e359000-7fca4e360000 r-xp 00000000 08:05 2239067                    /usr/lib/x86_64-linux-gnu/libdrm_nouveau.so.2.0.0
7fca4e360000-7fca4e55f000 ---p 00007000 08:05 2239067                    /usr/lib/x86_64-linux-gnu/libdrm_nouveau.so.2.0.0
7fca4e55f000-7fca4e560000 r--p 00006000 08:05 2239067                    /usr/lib/x86_64-linux-gnu/libdrm_nouveau.so.2.0.0
7fca4e560000-7fca4e561000 rw-p 00007000 08:05 2239067                    /usr/lib/x86_64-linux-gnu/libdrm_nouveau.so.2.0.0
7fca4e561000-7fca4e581000 r-xp 00000000 08:05 2239065                    /usr/lib/x86_64-linux-gnu/libdrm_intel.so.1.0.0
7fca4e581000-7fca4e780000 ---p 00020000 08:05 2239065                    /usr/lib/x86_64-linux-gnu/libdrm_intel.so.1.0.0
7fca4e780000-7fca4e781000 r--p 0001f000 08:05 2239065                    /usr/lib/x86_64-linux-gnu/libdrm_intel.so.1.0.0
7fca4e781000-7fca4e782000 rw-p 00020000 08:05 2239065                    /usr/lib/x86_64-linux-gnu/libdrm_intel.so.1.0.0
7fca4e782000-7fca4e889000 r-xp 00000000 08:05 398656                     /lib/x86_64-linux-gnu/libgcrypt.so.20.1.2
7fca4e889000-7fca4ea88000 ---p 00107000 08:05 398656                     /lib/x86_64-linux-gnu/libgcrypt.so.20.1.2
7fca4ea88000-7fca4ea8a000 r--p 00106000 08:05 398656                     /lib/x86_64-linux-gnu/libgcrypt.so.20.1.2
7fca4ea8a000-7fca4ea91000 rw-p 00108000 08:05 398656                     /lib/x86_64-linux-gnu/libgcrypt.so.20.1.2
7fca4ea91000-7fca4f134000 r-xp 00000000 08:05 133427                     /usr/lib/x86_64-linux-gnu/dri/i965_dri.so
7fca4f134000-7fca4f333000 ---p 006a3000 08:05 133427                     /usr/lib/x86_64-linux-gnu/dri/i965_dri.so
7fca4f333000-7fca4f372000 r--p 006a2000 08:05 133427                     /usr/lib/x86_64-linux-gnu/dri/i965_dri.so
7fca4f372000-7fca4f37a000 rw-p 006e1000 08:05 133427                     /usr/lib/x86_64-linux-gnu/dri/i965_dri.so
7fca4f37a000-7fca4f382000 rw-p 00000000 00:00 0 
7fca4f382000-7fca4f386000 r-xp 00000000 08:05 398105                     /lib/x86_64-linux-gnu/libuuid.so.1.3.0
7fca4f386000-7fca4f585000 ---p 00004000 08:05 398105                     /lib/x86_64-linux-gnu/libuuid.so.1.3.0
7fca4f585000-7fca4f586000 r--p 00003000 08:05 398105                     /lib/x86_64-linux-gnu/libuuid.so.1.3.0
7fca4f586000-7fca4f587000 rw-p 00004000 08:05 398105                     /lib/x86_64-linux-gnu/libuuid.so.1.3.0
7fca4f587000-7fca4f58d000 r-xp 00000000 08:05 2239010                    /usr/lib/x86_64-linux-gnu/libdatrie.so.1.3.3
7fca4f58d000-7fca4f78d000 ---p 00006000 08:05 2239010                    /usr/lib/x86_64-linux-gnu/libdatrie.so.1.3.3
7fca4f78d000-7fca4f78e000 r--p 00006000 08:05 2239010                    /usr/lib/x86_64-linux-gnu/libdatrie.so.1.3.3
7fca4f78e000-7fca4f78f000 rw-p 00007000 08:05 2239010                    /usr/lib/x86_64-linux-gnu/libdatrie.so.1.3.3
7fca4f78f000-7fca4f794000 r-xp 00000000 08:05 2238755                    /usr/lib/x86_64-linux-gnu/libXdmcp.so.6.0.0
7fca4f794000-7fca4f993000 ---p 00005000 08:05 2238755                    /usr/lib/x86_64-linux-gnu/libXdmcp.so.6.0.0
7fca4f993000-7fca4f994000 r--p 00004000 08:05 2238755                    /usr/lib/x86_64-linux-gnu/libXdmcp.so.6.0.0
7fca4f994000-7fca4f995000 rw-p 00005000 08:05 2238755                    /usr/lib/x86_64-linux-gnu/libXdmcp.so.6.0.0
7fca4f995000-7fca4f997000 r-xp 00000000 08:05 2238744                    /usr/lib/x86_64-linux-gnu/libXau.so.6.0.0
7fca4f997000-7fca4fb97000 ---p 00002000 08:05 2238744                    /usr/lib/x86_64-linux-gnu/libXau.so.6.0.0
7fca4fb97000-7fca4fb98000 r--p 00002000 08:05 2238744                    /usr/lib/x86_64-linux-gnu/libXau.so.6.0.0
7fca4fb98000-7fca4fb99000 rw-p 00003000 08:05 2238744                    /usr/lib/x86_64-linux-gnu/libXau.so.6.0.0
7fca4fb99000-7fca4fbbc000 r-xp 00000000 08:05 2239322                    /usr/lib/x86_64-linux-gnu/libgraphite2.so.3.0.1
7fca4fbbc000-7fca4fdbb000 ---p 00023000 08:05 2239322                    /usr/lib/x86_64-linux-gnu/libgraphite2.so.3.0.1
7fca4fdbb000-7fca4fdbd000 r--p 00022000 08:05 2239322                    /usr/lib/x86_64-linux-gnu/libgraphite2.so.3.0.1
7fca4fdbd000-7fca4fdbe000 rw-p 00024000 08:05 2239322                    /usr/lib/x86_64-linux-gnu/libgraphite2.so.3.0.1
7fca4fdbe000-7fca4fdfb000 r-xp 00000000 08:05 398114                     /lib/x86_64-linux-gnu/libblkid.so.1.1.0
7fca4fdfb000-7fca4fffa000 ---p 0003d000 08:05 398114                     /lib/x86_64-linux-gnu/libblkid.so.1.1.0
7fca4fffa000-7fca4fffe000 r--p 0003c000 08:05 398114                     /lib/x86_64-linux-gnu/libblkid.so.1.1.0
7fca4fffe000-7fca4ffff000 rw-p 00040000 08:05 398114                     /lib/x86_64-linux-gnu/libblkid.so.1.1.0
7fca4ffff000-7fca50000000 rw-p 00000000 00:00 0 
7fca50000000-7fca51ea4000 rw-p 00000000 00:00 0 
7fca51ea4000-7fca54000000 ---p 00000000 00:00 0 
7fca54004000-7fca54005000 rw-s 00000000 00:05 921050                     /drm mm object (deleted)
7fca54005000-7fca54006000 rw-s 00000000 00:05 921049                     /drm mm object (deleted)
7fca54007000-7fca54017000 rw-s 00000000 00:05 920998                     /drm mm object (deleted)
7fca54017000-7fca5402a000 r--s 00345000 08:05 2243549                    /usr/lib/jvm/java-8-oracle/jre/lib/resources.jar
7fca5402a000-7fca54078000 r--p 00000000 08:05 2243420                    /usr/lib/jvm/java-8-oracle/jre/lib/fonts/LucidaSansDemiBold.ttf
7fca54078000-7fca54086000 r-xp 00000000 08:05 2239061                    /usr/lib/x86_64-linux-gnu/libdrm.so.2.4.0
7fca54086000-7fca54285000 ---p 0000e000 08:05 2239061                    /usr/lib/x86_64-linux-gnu/libdrm.so.2.4.0
7fca54285000-7fca54286000 r--p 0000d000 08:05 2239061                    /usr/lib/x86_64-linux-gnu/libdrm.so.2.4.0
7fca54286000-7fca54287000 rw-p 0000e000 08:05 2239061                    /usr/lib/x86_64-linux-gnu/libdrm.so.2.4.0
7fca54287000-7fca5428b000 r-xp 00000000 08:05 2240244                    /usr/lib/x86_64-linux-gnu/libxcb-dri2.so.0.0.0
7fca5428b000-7fca5448a000 ---p 00004000 08:05 2240244                    /usr/lib/x86_64-linux-gnu/libxcb-dri2.so.0.0.0
7fca5448a000-7fca5448b000 r--p 00003000 08:05 2240244                    /usr/lib/x86_64-linux-gnu/libxcb-dri2.so.0.0.0
7fca5448b000-7fca5448c000 rw-p 00004000 08:05 2240244                    /usr/lib/x86_64-linux-gnu/libxcb-dri2.so.0.0.0
7fca5448c000-7fca544a3000 r-xp 00000000 08:05 2240248                    /usr/lib/x86_64-linux-gnu/libxcb-glx.so.0.0.0
7fca544a3000-7fca546a2000 ---p 00017000 08:05 2240248                    /usr/lib/x86_64-linux-gnu/libxcb-glx.so.0.0.0
7fca546a2000-7fca546a4000 r--p 00016000 08:05 2240248                    /usr/lib/x86_64-linux-gnu/libxcb-glx.so.0.0.0
7fca546a4000-7fca546a5000 rw-p 00018000 08:05 2240248                    /usr/lib/x86_64-linux-gnu/libxcb-glx.so.0.0.0
7fca546a5000-7fca546a6000 r-xp 00000000 08:05 2238738                    /usr/lib/x86_64-linux-gnu/libX11-xcb.so.1.0.0
7fca546a6000-7fca548a5000 ---p 00001000 08:05 2238738                    /usr/lib/x86_64-linux-gnu/libX11-xcb.so.1.0.0
7fca548a5000-7fca548a6000 r--p 00000000 08:05 2238738                    /usr/lib/x86_64-linux-gnu/libX11-xcb.so.1.0.0
7fca548a6000-7fca548a7000 rw-p 00001000 08:05 2238738                    /usr/lib/x86_64-linux-gnu/libX11-xcb.so.1.0.0
7fca548a7000-7fca548d0000 r-xp 00000000 08:05 2231673                    /usr/lib/x86_64-linux-gnu/libglapi.so.0.0.0
7fca548d0000-7fca54acf000 ---p 00029000 08:05 2231673                    /usr/lib/x86_64-linux-gnu/libglapi.so.0.0.0
7fca54acf000-7fca54ad3000 r--p 00028000 08:05 2231673                    /usr/lib/x86_64-linux-gnu/libglapi.so.0.0.0
7fca54ad3000-7fca54ad4000 rw-p 0002c000 08:05 2231673                    /usr/lib/x86_64-linux-gnu/libglapi.so.0.0.0
7fca54ad4000-7fca54ad5000 rw-p 00000000 00:00 0 
7fca54ad5000-7fca54ad6000 r-xp 00000000 08:05 2240290                    /usr/lib/x86_64-linux-gnu/libxshmfence.so.1.0.0
7fca54ad6000-7fca54cd6000 ---p 00001000 08:05 2240290                    /usr/lib/x86_64-linux-gnu/libxshmfence.so.1.0.0
7fca54cd6000-7fca54cd7000 r--p 00001000 08:05 2240290                    /usr/lib/x86_64-linux-gnu/libxshmfence.so.1.0.0
7fca54cd7000-7fca54cd8000 rw-p 00002000 08:05 2240290                    /usr/lib/x86_64-linux-gnu/libxshmfence.so.1.0.0
7fca54cd8000-7fca54cdd000 r-xp 00000000 08:05 2240268                    /usr/lib/x86_64-linux-gnu/libxcb-sync.so.1.0.0
7fca54cdd000-7fca54edd000 ---p 00005000 08:05 2240268                    /usr/lib/x86_64-linux-gnu/libxcb-sync.so.1.0.0
7fca54edd000-7fca54ede000 r--p 00005000 08:05 2240268                    /usr/lib/x86_64-linux-gnu/libxcb-sync.so.1.0.0
7fca54ede000-7fca54edf000 rw-p 00006000 08:05 2240268                    /usr/lib/x86_64-linux-gnu/libxcb-sync.so.1.0.0
7fca54edf000-7fca54ee1000 r-xp 00000000 08:05 2240256                    /usr/lib/x86_64-linux-gnu/libxcb-present.so.0.0.0
7fca54ee1000-7fca550e0000 ---p 00002000 08:05 2240256                    /usr/lib/x86_64-linux-gnu/libxcb-present.so.0.0.0
7fca550e0000-7fca550e1000 r--p 00001000 08:05 2240256                    /usr/lib/x86_64-linux-gnu/libxcb-present.so.0.0.0
7fca550e1000-7fca550e2000 rw-p 00002000 08:05 2240256                    /usr/lib/x86_64-linux-gnu/libxcb-present.so.0.0.0
7fca550e2000-7fca550e4000 r-xp 00000000 08:05 2240246                    /usr/lib/x86_64-linux-gnu/libxcb-dri3.so.0.0.0
7fca550e4000-7fca552e3000 ---p 00002000 08:05 2240246                    /usr/lib/x86_64-linux-gnu/libxcb-dri3.so.0.0.0
7fca552e3000-7fca552e4000 r--p 00001000 08:05 2240246                    /usr/lib/x86_64-linux-gnu/libxcb-dri3.so.0.0.0
7fca552e4000-7fca552e5000 rw-p 00002000 08:05 2240246                    /usr/lib/x86_64-linux-gnu/libxcb-dri3.so.0.0.0
7fca552e5000-7fca55357000 r-xp 00000000 08:05 398742                     /lib/x86_64-linux-gnu/libpcre.so.3.13.3
7fca55357000-7fca55556000 ---p 00072000 08:05 398742                     /lib/x86_64-linux-gnu/libpcre.so.3.13.3
7fca55556000-7fca55557000 r--p 00071000 08:05 398742                     /lib/x86_64-linux-gnu/libpcre.so.3.13.3
7fca55557000-7fca55558000 rw-p 00072000 08:05 398742                     /lib/x86_64-linux-gnu/libpcre.so.3.13.3
7fca55558000-7fca5555f000 r-xp 00000000 08:05 2239141                    /usr/lib/x86_64-linux-gnu/libffi.so.6.0.4
7fca5555f000-7fca5575e000 ---p 00007000 08:05 2239141                    /usr/lib/x86_64-linux-gnu/libffi.so.6.0.4
7fca5575e000-7fca5575f000 r--p 00006000 08:05 2239141                    /usr/lib/x86_64-linux-gnu/libffi.so.6.0.4
7fca5575f000-7fca55760000 rw-p 00007000 08:05 2239141                    /usr/lib/x86_64-linux-gnu/libffi.so.6.0.4
7fca55760000-7fca55787000 r-xp 00000000 08:05 398647                     /lib/x86_64-linux-gnu/libexpat.so.1.6.2
7fca55787000-7fca55987000 ---p 00027000 08:05 398647                     /lib/x86_64-linux-gnu/libexpat.so.1.6.2
7fca55987000-7fca55989000 r--p 00027000 08:05 398647                     /lib/x86_64-linux-gnu/libexpat.so.1.6.2
7fca55989000-7fca5598a000 rw-p 00029000 08:05 398647                     /lib/x86_64-linux-gnu/libexpat.so.1.6.2
7fca5598a000-7fca55992000 r-xp 00000000 08:05 2240000                    /usr/lib/x86_64-linux-gnu/libthai.so.0.3.0
7fca55992000-7fca55b91000 ---p 00008000 08:05 2240000                    /usr/lib/x86_64-linux-gnu/libthai.so.0.3.0
7fca55b91000-7fca55b92000 r--p 00007000 08:05 2240000                    /usr/lib/x86_64-linux-gnu/libthai.so.0.3.0
7fca55b92000-7fca55b93000 rw-p 00008000 08:05 2240000                    /usr/lib/x86_64-linux-gnu/libthai.so.0.3.0
7fca55b93000-7fca55bb4000 r-xp 00000000 08:05 2240278                    /usr/lib/x86_64-linux-gnu/libxcb.so.1.1.0
7fca55bb4000-7fca55db3000 ---p 00021000 08:05 2240278                    /usr/lib/x86_64-linux-gnu/libxcb.so.1.1.0
7fca55db3000-7fca55db4000 r--p 00020000 08:05 2240278                    /usr/lib/x86_64-linux-gnu/libxcb.so.1.1.0
7fca55db4000-7fca55db5000 rw-p 00021000 08:05 2240278                    /usr/lib/x86_64-linux-gnu/libxcb.so.1.1.0
7fca55db5000-7fca55dbd000 r-xp 00000000 08:05 2240262                    /usr/lib/x86_64-linux-gnu/libxcb-render.so.0.0.0
7fca55dbd000-7fca55fbd000 ---p 00008000 08:05 2240262                    /usr/lib/x86_64-linux-gnu/libxcb-render.so.0.0.0
7fca55fbd000-7fca55fbe000 r--p 00008000 08:05 2240262                    /usr/lib/x86_64-linux-gnu/libxcb-render.so.0.0.0
7fca55fbe000-7fca55fbf000 rw-p 00009000 08:05 2240262                    /usr/lib/x86_64-linux-gnu/libxcb-render.so.0.0.0
7fca55fbf000-7fca55fc1000 r-xp 00000000 08:05 2240266                    /usr/lib/x86_64-linux-gnu/libxcb-shm.so.0.0.0
7fca55fc1000-7fca561c1000 ---p 00002000 08:05 2240266                    /usr/lib/x86_64-linux-gnu/libxcb-shm.so.0.0.0
7fca561c1000-7fca561c2000 r--p 00002000 08:05 2240266                    /usr/lib/x86_64-linux-gnu/libxcb-shm.so.0.0.0
7fca561c2000-7fca561c3000 rw-p 00003000 08:05 2240266                    /usr/lib/x86_64-linux-gnu/libxcb-shm.so.0.0.0
7fca561c3000-7fca561f4000 r-xp 00000000 08:05 2239791                    /usr/lib/x86_64-linux-gnu/libpng16.so.16.25.0
7fca561f4000-7fca563f3000 ---p 00031000 08:05 2239791                    /usr/lib/x86_64-linux-gnu/libpng16.so.16.25.0
7fca563f3000-7fca563f4000 r--p 00030000 08:05 2239791                    /usr/lib/x86_64-linux-gnu/libpng16.so.16.25.0
7fca563f4000-7fca563f5000 rw-p 00031000 08:05 2239791                    /usr/lib/x86_64-linux-gnu/libpng16.so.16.25.0
7fca563f5000-7fca56494000 r-xp 00000000 08:05 2239783                    /usr/lib/x86_64-linux-gnu/libpixman-1.so.0.33.6
7fca56494000-7fca56694000 ---p 0009f000 08:05 2239783                    /usr/lib/x86_64-linux-gnu/libpixman-1.so.0.33.6
7fca56694000-7fca5669c000 r--p 0009f000 08:05 2239783                    /usr/lib/x86_64-linux-gnu/libpixman-1.so.0.33.6
7fca5669c000-7fca5669d000 rw-p 000a7000 08:05 2239783                    /usr/lib/x86_64-linux-gnu/libpixman-1.so.0.33.6
7fca5669d000-7fca5671b000 r-xp 00000000 08:05 2239412                    /usr/lib/x86_64-linux-gnu/libharfbuzz.so.0.10200.7
7fca5671b000-7fca5691b000 ---p 0007e000 08:05 2239412                    /usr/lib/x86_64-linux-gnu/libharfbuzz.so.0.10200.7
7fca5691b000-7fca5691c000 r--p 0007e000 08:05 2239412                    /usr/lib/x86_64-linux-gnu/libharfbuzz.so.0.10200.7
7fca5691c000-7fca5691d000 rw-p 0007f000 08:05 2239412                    /usr/lib/x86_64-linux-gnu/libharfbuzz.so.0.10200.7
7fca5691d000-7fca56963000 r-xp 00000000 08:05 398122                     /lib/x86_64-linux-gnu/libmount.so.1.1.0
7fca56963000-7fca56b62000 ---p 00046000 08:05 398122                     /lib/x86_64-linux-gnu/libmount.so.1.1.0
7fca56b62000-7fca56b63000 r--p 00045000 08:05 398122                     /lib/x86_64-linux-gnu/libmount.so.1.1.0
7fca56b63000-7fca56b64000 rw-p 00046000 08:05 398122                     /lib/x86_64-linux-gnu/libmount.so.1.1.0
7fca56b64000-7fca56b65000 rw-p 00000000 00:00 0 
7fca56b65000-7fca56b7c000 r-xp 00000000 08:05 409762                     /lib/x86_64-linux-gnu/libresolv-2.24.so
7fca56b7c000-7fca56d7c000 ---p 00017000 08:05 409762                     /lib/x86_64-linux-gnu/libresolv-2.24.so
7fca56d7c000-7fca56d7d000 r--p 00017000 08:05 409762                     /lib/x86_64-linux-gnu/libresolv-2.24.so
7fca56d7d000-7fca56d7e000 rw-p 00018000 08:05 409762                     /lib/x86_64-linux-gnu/libresolv-2.24.so
7fca56d7e000-7fca56d80000 rw-p 00000000 00:00 0 
7fca56d80000-7fca56da3000 r-xp 00000000 08:05 398769                     /lib/x86_64-linux-gnu/libselinux.so.1
7fca56da3000-7fca56fa2000 ---p 00023000 08:05 398769                     /lib/x86_64-linux-gnu/libselinux.so.1
7fca56fa2000-7fca56fa3000 r--p 00022000 08:05 398769                     /lib/x86_64-linux-gnu/libselinux.so.1
7fca56fa3000-7fca56fa4000 rw-p 00023000 08:05 398769                     /lib/x86_64-linux-gnu/libselinux.so.1
7fca56fa4000-7fca56fa6000 rw-p 00000000 00:00 0 
7fca56fa6000-7fca56fbf000 r-xp 00000000 08:05 398798                     /lib/x86_64-linux-gnu/libz.so.1.2.8
7fca56fbf000-7fca571be000 ---p 00019000 08:05 398798                     /lib/x86_64-linux-gnu/libz.so.1.2.8
7fca571be000-7fca571bf000 r--p 00018000 08:05 398798                     /lib/x86_64-linux-gnu/libz.so.1.2.8
7fca571bf000-7fca571c0000 rw-p 00019000 08:05 398798                     /lib/x86_64-linux-gnu/libz.so.1.2.8
7fca571c0000-7fca571d1000 r-xp 00000000 08:05 2238757                    /usr/lib/x86_64-linux-gnu/libXext.so.6.4.0
7fca571d1000-7fca573d0000 ---p 00011000 08:05 2238757                    /usr/lib/x86_64-linux-gnu/libXext.so.6.4.0
7fca573d0000-7fca573d1000 r--p 00010000 08:05 2238757                    /usr/lib/x86_64-linux-gnu/libXext.so.6.4.0
7fca573d1000-7fca573d2000 rw-p 00011000 08:05 2238757                    /usr/lib/x86_64-linux-gnu/libXext.so.6.4.0
7fca573d2000-7fca573d4000 r-xp 00000000 08:05 2238753                    /usr/lib/x86_64-linux-gnu/libXdamage.so.1.1.0
7fca573d4000-7fca575d3000 ---p 00002000 08:05 2238753                    /usr/lib/x86_64-linux-gnu/libXdamage.so.1.1.0
7fca575d3000-7fca575d4000 r--p 00001000 08:05 2238753                    /usr/lib/x86_64-linux-gnu/libXdamage.so.1.1.0
7fca575d4000-7fca575d5000 rw-p 00002000 08:05 2238753                    /usr/lib/x86_64-linux-gnu/libXdamage.so.1.1.0
7fca575d5000-7fca575d7000 r-xp 00000000 08:05 2238749                    /usr/lib/x86_64-linux-gnu/libXcomposite.so.1.0.0
7fca575d7000-7fca577d6000 ---p 00002000 08:05 2238749                    /usr/lib/x86_64-linux-gnu/libXcomposite.so.1.0.0
7fca577d6000-7fca577d7000 r--p 00001000 08:05 2238749                    /usr/lib/x86_64-linux-gnu/libXcomposite.so.1.0.0
7fca577d7000-7fca577d8000 rw-p 00002000 08:05 2238749                    /usr/lib/x86_64-linux-gnu/libXcomposite.so.1.0.0
7fca577d8000-7fca577e1000 r-xp 00000000 08:05 2238751                    /usr/lib/x86_64-linux-gnu/libXcursor.so.1.0.2
7fca577e1000-7fca579e0000 ---p 00009000 08:05 2238751                    /usr/lib/x86_64-linux-gnu/libXcursor.so.1.0.2
7fca579e0000-7fca579e1000 r--p 00008000 08:05 2238751                    /usr/lib/x86_64-linux-gnu/libXcursor.so.1.0.2
7fca579e1000-7fca579e2000 rw-p 00009000 08:05 2238751                    /usr/lib/x86_64-linux-gnu/libXcursor.so.1.0.2
7fca579e2000-7fca579ec000 r-xp 00000000 08:05 2238775                    /usr/lib/x86_64-linux-gnu/libXrandr.so.2.2.0
7fca579ec000-7fca57beb000 ---p 0000a000 08:05 2238775                    /usr/lib/x86_64-linux-gnu/libXrandr.so.2.2.0
7fca57beb000-7fca57bec000 r--p 00009000 08:05 2238775                    /usr/lib/x86_64-linux-gnu/libXrandr.so.2.2.0
7fca57bec000-7fca57bed000 rw-p 0000a000 08:05 2238775                    /usr/lib/x86_64-linux-gnu/libXrandr.so.2.2.0
7fca57bed000-7fca57bfc000 r-xp 00000000 08:05 2238765                    /usr/lib/x86_64-linux-gnu/libXi.so.6.1.0
7fca57bfc000-7fca57dfb000 ---p 0000f000 08:05 2238765                    /usr/lib/x86_64-linux-gnu/libXi.so.6.1.0
7fca57dfb000-7fca57dfc000 r--p 0000e000 08:05 2238765                    /usr/lib/x86_64-linux-gnu/libXi.so.6.1.0
7fca57dfc000-7fca57dfd000 rw-p 0000f000 08:05 2238765                    /usr/lib/x86_64-linux-gnu/libXi.so.6.1.0
7fca57dfd000-7fca57dff000 r-xp 00000000 08:05 2238767                    /usr/lib/x86_64-linux-gnu/libXinerama.so.1.0.0
7fca57dff000-7fca57ffe000 ---p 00002000 08:05 2238767                    /usr/lib/x86_64-linux-gnu/libXinerama.so.1.0.0
7fca57ffe000-7fca57fff000 r--p 00001000 08:05 2238767                    /usr/lib/x86_64-linux-gnu/libXinerama.so.1.0.0
7fca57fff000-7fca58000000 rw-p 00002000 08:05 2238767                    /usr/lib/x86_64-linux-gnu/libXinerama.so.1.0.0
7fca58000000-7fca580f6000 rw-p 00000000 00:00 0 
7fca580f6000-7fca5c000000 ---p 00000000 00:00 0 
7fca5c000000-7fca5c297000 rw-p 00000000 00:00 0 
7fca5c297000-7fca60000000 ---p 00000000 00:00 0 
7fca60000000-7fca60021000 rw-p 00000000 00:00 0 
7fca60021000-7fca64000000 ---p 00000000 00:00 0 
7fca64000000-7fca64021000 rw-p 00000000 00:00 0 
7fca64021000-7fca68000000 ---p 00000000 00:00 0 
7fca68000000-7fca68074000 rw-p 00000000 00:00 0 
7fca68074000-7fca6c000000 ---p 00000000 00:00 0 
7fca6c000000-7fca6c23e000 rw-p 00000000 00:00 0 
7fca6c23e000-7fca70000000 ---p 00000000 00:00 0 
7fca70000000-7fca70021000 rw-p 00000000 00:00 0 
7fca70021000-7fca74000000 ---p 00000000 00:00 0 
7fca74000000-7fca7416f000 rw-p 00000000 00:00 0 
7fca7416f000-7fca78000000 ---p 00000000 00:00 0 
7fca78000000-7fca78021000 rw-p 00000000 00:00 0 
7fca78021000-7fca7c000000 ---p 00000000 00:00 0 
7fca7c000000-7fca7c021000 rw-p 00000000 00:00 0 
7fca7c021000-7fca80000000 ---p 00000000 00:00 0 
7fca80000000-7fca80021000 rw-p 00000000 00:00 0 
7fca80021000-7fca84000000 ---p 00000000 00:00 0 
7fca84000000-7fca84021000 rw-p 00000000 00:00 0 
7fca84021000-7fca88000000 ---p 00000000 00:00 0 
7fca88000000-7fca88021000 rw-p 00000000 00:00 0 
7fca88021000-7fca8c000000 ---p 00000000 00:00 0 
7fca8c000000-7fca8c006000 rw-s 00000000 00:05 921028                     /drm mm object (deleted)
7fca8c006000-7fca8c00e000 rw-s 00000000 00:05 920999                     /drm mm object (deleted)
7fca8c00e000-7fca8c048000 r--p 00000000 08:05 2243415                    /usr/lib/jvm/java-8-oracle/jre/lib/fonts/LucidaTypewriterBold.ttf
7fca8c048000-7fca8c04b000 ---p 00000000 00:00 0 
7fca8c04b000-7fca8c149000 rw-p 00000000 00:00 0 
7fca8c149000-7fca8c1cb000 r-xp 00000000 08:05 398147                     /lib/x86_64-linux-gnu/libsystemd.so.0.16.0
7fca8c1cb000-7fca8c1ce000 r--p 00081000 08:05 398147                     /lib/x86_64-linux-gnu/libsystemd.so.0.16.0
7fca8c1ce000-7fca8c1cf000 rw-p 00084000 08:05 398147                     /lib/x86_64-linux-gnu/libsystemd.so.0.16.0
7fca8c1cf000-7fca8c1d0000 rw-p 00000000 00:00 0 
7fca8c1d0000-7fca8c1d9000 r-xp 00000000 08:05 2238777                    /usr/lib/x86_64-linux-gnu/libXrender.so.1.3.0
7fca8c1d9000-7fca8c3d8000 ---p 00009000 08:05 2238777                    /usr/lib/x86_64-linux-gnu/libXrender.so.1.3.0
7fca8c3d8000-7fca8c3d9000 r--p 00008000 08:05 2238777                    /usr/lib/x86_64-linux-gnu/libXrender.so.1.3.0
7fca8c3d9000-7fca8c3da000 rw-p 00009000 08:05 2238777                    /usr/lib/x86_64-linux-gnu/libXrender.so.1.3.0
7fca8c3da000-7fca8c3df000 r-xp 00000000 08:05 2238759                    /usr/lib/x86_64-linux-gnu/libXfixes.so.3.1.0
7fca8c3df000-7fca8c5de000 ---p 00005000 08:05 2238759                    /usr/lib/x86_64-linux-gnu/libXfixes.so.3.1.0
7fca8c5de000-7fca8c5df000 r--p 00004000 08:05 2238759                    /usr/lib/x86_64-linux-gnu/libXfixes.so.3.1.0
7fca8c5df000-7fca8c5e0000 rw-p 00005000 08:05 2238759                    /usr/lib/x86_64-linux-gnu/libXfixes.so.3.1.0
7fca8c5e0000-7fca8c5f6000 r-xp 00000000 08:05 398654                     /lib/x86_64-linux-gnu/libgcc_s.so.1
7fca8c5f6000-7fca8c7f5000 ---p 00016000 08:05 398654                     /lib/x86_64-linux-gnu/libgcc_s.so.1
7fca8c7f5000-7fca8c7f6000 r--p 00015000 08:05 398654                     /lib/x86_64-linux-gnu/libgcc_s.so.1
7fca8c7f6000-7fca8c7f7000 rw-p 00016000 08:05 398654                     /lib/x86_64-linux-gnu/libgcc_s.so.1
7fca8c7f7000-7fca8c96f000 r-xp 00000000 08:05 2239972                    /usr/lib/x86_64-linux-gnu/libstdc++.so.6.0.22
7fca8c96f000-7fca8cb6f000 ---p 00178000 08:05 2239972                    /usr/lib/x86_64-linux-gnu/libstdc++.so.6.0.22
7fca8cb6f000-7fca8cb79000 r--p 00178000 08:05 2239972                    /usr/lib/x86_64-linux-gnu/libstdc++.so.6.0.22
7fca8cb79000-7fca8cb7b000 rw-p 00182000 08:05 2239972                    /usr/lib/x86_64-linux-gnu/libstdc++.so.6.0.22
7fca8cb7b000-7fca8cb7f000 rw-p 00000000 00:00 0 
7fca8cb7f000-7fca8cbef000 r-xp 00000000 08:05 133030                     /usr/lib/x86_64-linux-gnu/mesa/libGL.so.1.2.0
7fca8cbef000-7fca8cdee000 ---p 00070000 08:05 133030                     /usr/lib/x86_64-linux-gnu/mesa/libGL.so.1.2.0
7fca8cdee000-7fca8cdf1000 r--p 0006f000 08:05 133030                     /usr/lib/x86_64-linux-gnu/mesa/libGL.so.1.2.0
7fca8cdf1000-7fca8cdf2000 rw-p 00072000 08:05 133030                     /usr/lib/x86_64-linux-gnu/mesa/libGL.so.1.2.0
7fca8cdf2000-7fca8cdf3000 rw-p 00000000 00:00 0 
7fca8cdf3000-7fca8cdf8000 r-xp 00000000 08:05 2238793                    /usr/lib/x86_64-linux-gnu/libXxf86vm.so.1.0.0
7fca8cdf8000-7fca8cff7000 ---p 00005000 08:05 2238793                    /usr/lib/x86_64-linux-gnu/libXxf86vm.so.1.0.0
7fca8cff7000-7fca8cff8000 r--p 00004000 08:05 2238793                    /usr/lib/x86_64-linux-gnu/libXxf86vm.so.1.0.0
7fca8cff8000-7fca8cff9000 rw-p 00005000 08:05 2238793                    /usr/lib/x86_64-linux-gnu/libXxf86vm.so.1.0.0
7fca8cff9000-7fca8d12e000 r-xp 00000000 08:05 2238740                    /usr/lib/x86_64-linux-gnu/libX11.so.6.3.0
7fca8d12e000-7fca8d32d000 ---p 00135000 08:05 2238740                    /usr/lib/x86_64-linux-gnu/libX11.so.6.3.0
7fca8d32d000-7fca8d32e000 r--p 00134000 08:05 2238740                    /usr/lib/x86_64-linux-gnu/libX11.so.6.3.0
7fca8d32e000-7fca8d332000 rw-p 00135000 08:05 2238740                    /usr/lib/x86_64-linux-gnu/libX11.so.6.3.0
7fca8d332000-7fca8d337000 r-xp 00000000 08:05 2238783                    /usr/lib/x86_64-linux-gnu/libXtst.so.6.1.0
7fca8d337000-7fca8d536000 ---p 00005000 08:05 2238783                    /usr/lib/x86_64-linux-gnu/libXtst.so.6.1.0
7fca8d536000-7fca8d537000 r--p 00004000 08:05 2238783                    /usr/lib/x86_64-linux-gnu/libXtst.so.6.1.0
7fca8d537000-7fca8d538000 rw-p 00005000 08:05 2238783                    /usr/lib/x86_64-linux-gnu/libXtst.so.6.1.0
7fca8d538000-7fca8d64a000 r-xp 00000000 08:05 399763                     /lib/x86_64-linux-gnu/libglib-2.0.so.0.5000.2
7fca8d64a000-7fca8d849000 ---p 00112000 08:05 399763                     /lib/x86_64-linux-gnu/libglib-2.0.so.0.5000.2
7fca8d849000-7fca8d84a000 r--p 00111000 08:05 399763                     /lib/x86_64-linux-gnu/libglib-2.0.so.0.5000.2
7fca8d84a000-7fca8d84b000 rw-p 00112000 08:05 399763                     /lib/x86_64-linux-gnu/libglib-2.0.so.0.5000.2
7fca8d84b000-7fca8d84c000 rw-p 00000000 00:00 0 
7fca8d84c000-7fca8d84d000 r-xp 00000000 08:05 2228686                    /usr/lib/x86_64-linux-gnu/libgthread-2.0.so.0.5000.2
7fca8d84d000-7fca8da4c000 ---p 00001000 08:05 2228686                    /usr/lib/x86_64-linux-gnu/libgthread-2.0.so.0.5000.2
7fca8da4c000-7fca8da4d000 r--p 00000000 08:05 2228686                    /usr/lib/x86_64-linux-gnu/libgthread-2.0.so.0.5000.2
7fca8da4d000-7fca8da4e000 rw-p 00001000 08:05 2228686                    /usr/lib/x86_64-linux-gnu/libgthread-2.0.so.0.5000.2
7fca8da4e000-7fca8da51000 r-xp 00000000 08:05 2228661                    /usr/lib/x86_64-linux-gnu/libgmodule-2.0.so.0.5000.2
7fca8da51000-7fca8dc50000 ---p 00003000 08:05 2228661                    /usr/lib/x86_64-linux-gnu/libgmodule-2.0.so.0.5000.2
7fca8dc50000-7fca8dc51000 r--p 00002000 08:05 2228661                    /usr/lib/x86_64-linux-gnu/libgmodule-2.0.so.0.5000.2
7fca8dc51000-7fca8dc52000 rw-p 00003000 08:05 2228661                    /usr/lib/x86_64-linux-gnu/libgmodule-2.0.so.0.5000.2
7fca8dc52000-7fca8dca4000 r-xp 00000000 08:05 2228683                    /usr/lib/x86_64-linux-gnu/libgobject-2.0.so.0.5000.2
7fca8dca4000-7fca8dea3000 ---p 00052000 08:05 2228683                    /usr/lib/x86_64-linux-gnu/libgobject-2.0.so.0.5000.2
7fca8dea3000-7fca8dea4000 r--p 00051000 08:05 2228683                    /usr/lib/x86_64-linux-gnu/libgobject-2.0.so.0.5000.2
7fca8dea4000-7fca8dea5000 rw-p 00052000 08:05 2228683                    /usr/lib/x86_64-linux-gnu/libgobject-2.0.so.0.5000.2
7fca8dea5000-7fca8dee2000 r-xp 00000000 08:05 2239159                    /usr/lib/x86_64-linux-gnu/libfontconfig.so.1.9.0
7fca8dee2000-7fca8e0e1000 ---p 0003d000 08:05 2239159                    /usr/lib/x86_64-linux-gnu/libfontconfig.so.1.9.0
7fca8e0e1000-7fca8e0e3000 r--p 0003c000 08:05 2239159                    /usr/lib/x86_64-linux-gnu/libfontconfig.so.1.9.0
7fca8e0e3000-7fca8e0e8000 rw-p 0003e000 08:05 2239159                    /usr/lib/x86_64-linux-gnu/libfontconfig.so.1.9.0
7fca8e0e8000-7fca8e18f000 r-xp 00000000 08:05 2229706                    /usr/lib/x86_64-linux-gnu/libfreetype.so.6.12.3
7fca8e18f000-7fca8e38e000 ---p 000a7000 08:05 2229706                    /usr/lib/x86_64-linux-gnu/libfreetype.so.6.12.3
7fca8e38e000-7fca8e394000 r--p 000a6000 08:05 2229706                    /usr/lib/x86_64-linux-gnu/libfreetype.so.6.12.3
7fca8e394000-7fca8e395000 rw-p 000ac000 08:05 2229706                    /usr/lib/x86_64-linux-gnu/libfreetype.so.6.12.3
7fca8e395000-7fca8e3de000 r-xp 00000000 08:05 2239751                    /usr/lib/x86_64-linux-gnu/libpango-1.0.so.0.4000.1
7fca8e3de000-7fca8e5de000 ---p 00049000 08:05 2239751                    /usr/lib/x86_64-linux-gnu/libpango-1.0.so.0.4000.1
7fca8e5de000-7fca8e5e0000 r--p 00049000 08:05 2239751                    /usr/lib/x86_64-linux-gnu/libpango-1.0.so.0.4000.1
7fca8e5e0000-7fca8e5e1000 rw-p 0004b000 08:05 2239751                    /usr/lib/x86_64-linux-gnu/libpango-1.0.so.0.4000.1
7fca8e5e1000-7fca8e6ef000 r-xp 00000000 08:05 2238910                    /usr/lib/x86_64-linux-gnu/libcairo.so.2.11400.6
7fca8e6ef000-7fca8e8ee000 ---p 0010e000 08:05 2238910                    /usr/lib/x86_64-linux-gnu/libcairo.so.2.11400.6
7fca8e8ee000-7fca8e8f1000 r--p 0010d000 08:05 2238910                    /usr/lib/x86_64-linux-gnu/libcairo.so.2.11400.6
7fca8e8f1000-7fca8e8f2000 rw-p 00110000 08:05 2238910                    /usr/lib/x86_64-linux-gnu/libcairo.so.2.11400.6
7fca8e8f2000-7fca8e8f4000 rw-p 00000000 00:00 0 
7fca8e8f4000-7fca8e900000 r-xp 00000000 08:05 2239753                    /usr/lib/x86_64-linux-gnu/libpangocairo-1.0.so.0.4000.1
7fca8e900000-7fca8eaff000 ---p 0000c000 08:05 2239753                    /usr/lib/x86_64-linux-gnu/libpangocairo-1.0.so.0.4000.1
7fca8eaff000-7fca8eb00000 r--p 0000b000 08:05 2239753                    /usr/lib/x86_64-linux-gnu/libpangocairo-1.0.so.0.4000.1
7fca8eb00000-7fca8eb01000 rw-p 0000c000 08:05 2239753                    /usr/lib/x86_64-linux-gnu/libpangocairo-1.0.so.0.4000.1
7fca8eb01000-7fca8eb22000 r-xp 00000000 08:05 2239234                    /usr/lib/x86_64-linux-gnu/libgdk_pixbuf-2.0.so.0.3400.0
7fca8eb22000-7fca8ed21000 ---p 00021000 08:05 2239234                    /usr/lib/x86_64-linux-gnu/libgdk_pixbuf-2.0.so.0.3400.0
7fca8ed21000-7fca8ed22000 r--p 00020000 08:05 2239234                    /usr/lib/x86_64-linux-gnu/libgdk_pixbuf-2.0.so.0.3400.0
7fca8ed22000-7fca8ed23000 rw-p 00021000 08:05 2239234                    /usr/lib/x86_64-linux-gnu/libgdk_pixbuf-2.0.so.0.3400.0
7fca8ed23000-7fca8ed37000 r-xp 00000000 08:05 2239755                    /usr/lib/x86_64-linux-gnu/libpangoft2-1.0.so.0.4000.1
7fca8ed37000-7fca8ef37000 ---p 00014000 08:05 2239755                    /usr/lib/x86_64-linux-gnu/libpangoft2-1.0.so.0.4000.1
7fca8ef37000-7fca8ef38000 r--p 00014000 08:05 2239755                    /usr/lib/x86_64-linux-gnu/libpangoft2-1.0.so.0.4000.1
7fca8ef38000-7fca8ef39000 rw-p 00015000 08:05 2239755                    /usr/lib/x86_64-linux-gnu/libpangoft2-1.0.so.0.4000.1
7fca8ef39000-7fca8f0c6000 r-xp 00000000 08:05 2228637                    /usr/lib/x86_64-linux-gnu/libgio-2.0.so.0.5000.2
7fca8f0c6000-7fca8f2c5000 ---p 0018d000 08:05 2228637                    /usr/lib/x86_64-linux-gnu/libgio-2.0.so.0.5000.2
7fca8f2c5000-7fca8f2ca000 r--p 0018c000 08:05 2228637                    /usr/lib/x86_64-linux-gnu/libgio-2.0.so.0.5000.2
7fca8f2ca000-7fca8f2cd000 rw-p 00191000 08:05 2228637                    /usr/lib/x86_64-linux-gnu/libgio-2.0.so.0.5000.2
7fca8f2cd000-7fca8f2ce000 rw-p 00000000 00:00 0 
7fca8f2ce000-7fca8f2f0000 r-xp 00000000 08:05 2238844                    /usr/lib/x86_64-linux-gnu/libatk-1.0.so.0.22009.1
7fca8f2f0000-7fca8f4ef000 ---p 00022000 08:05 2238844                    /usr/lib/x86_64-linux-gnu/libatk-1.0.so.0.22009.1
7fca8f4ef000-7fca8f4f2000 r--p 00021000 08:05 2238844                    /usr/lib/x86_64-linux-gnu/libatk-1.0.so.0.22009.1
7fca8f4f2000-7fca8f4f3000 rw-p 00024000 08:05 2238844                    /usr/lib/x86_64-linux-gnu/libatk-1.0.so.0.22009.1
7fca8f4f3000-7fca8f5a3000 r-xp 00000000 08:05 2234326                    /usr/lib/x86_64-linux-gnu/libgdk-x11-2.0.so.0.2400.30
7fca8f5a3000-7fca8f7a2000 ---p 000b0000 08:05 2234326                    /usr/lib/x86_64-linux-gnu/libgdk-x11-2.0.so.0.2400.30
7fca8f7a2000-7fca8f7a6000 r--p 000af000 08:05 2234326                    /usr/lib/x86_64-linux-gnu/libgdk-x11-2.0.so.0.2400.30
7fca8f7a6000-7fca8f7a8000 rw-p 000b3000 08:05 2234326                    /usr/lib/x86_64-linux-gnu/libgdk-x11-2.0.so.0.2400.30
7fca8f7a8000-7fca8fbe6000 r-xp 00000000 08:05 2234327                    /usr/lib/x86_64-linux-gnu/libgtk-x11-2.0.so.0.2400.30
7fca8fbe6000-7fca8fde6000 ---p 0043e000 08:05 2234327                    /usr/lib/x86_64-linux-gnu/libgtk-x11-2.0.so.0.2400.30
7fca8fde6000-7fca8fded000 r--p 0043e000 08:05 2234327                    /usr/lib/x86_64-linux-gnu/libgtk-x11-2.0.so.0.2400.30
7fca8fded000-7fca8fdf1000 rw-p 00445000 08:05 2234327                    /usr/lib/x86_64-linux-gnu/libgtk-x11-2.0.so.0.2400.30
7fca8fdf1000-7fca8fdf4000 rw-p 00000000 00:00 0 
7fca8fdf4000-7fca8fe00000 r-xp 00000000 08:05 2243337                    /usr/lib/jvm/java-8-oracle/jre/lib/amd64/libprism_es2.so
7fca8fe00000-7fca8ffff000 ---p 0000c000 08:05 2243337                    /usr/lib/jvm/java-8-oracle/jre/lib/amd64/libprism_es2.so
7fca8ffff000-7fca90000000 rw-p 0000b000 08:05 2243337                    /usr/lib/jvm/java-8-oracle/jre/lib/amd64/libprism_es2.so
7fca90000000-7fca90021000 rw-p 00000000 00:00 0 
7fca90021000-7fca94000000 ---p 00000000 00:00 0 
7fca94000000-7fca94002000 rw-s 104fef000 00:06 391                       /dev/dri/card0
7fca94002000-7fca9400e000 rw-s 00000000 00:05 919969                     /drm mm object (deleted)
7fca9400e000-7fca94021000 r--p 00000000 08:05 2243414                    /usr/lib/jvm/java-8-oracle/jre/lib/fonts/LucidaBrightDemiBold.ttf
7fca94021000-7fca94035000 r--p 00000000 08:05 2243417                    /usr/lib/jvm/java-8-oracle/jre/lib/fonts/LucidaBrightItalic.ttf
7fca94035000-7fca94048000 r--p 00000000 08:05 2243421                    /usr/lib/jvm/java-8-oracle/jre/lib/fonts/LucidaBrightDemiItalic.ttf
7fca94048000-7fca9404d000 r--s 00084000 08:05 2243424                    /usr/lib/jvm/java-8-oracle/jre/lib/jfr.jar
7fca9404d000-7fca94058000 r--s 00000000 08:05 279298                     /var/cache/fontconfig/945677eb7aeaf62f1d50efc3fb3ec7d8-le64.cache-6
7fca94058000-7fca9405e000 r--s 00000000 08:05 279279                     /var/cache/fontconfig/2cd17615ca594fa2959ae173292e504c-le64.cache-6
7fca9405e000-7fca9405f000 r--s 00000000 08:05 279276                     /var/cache/fontconfig/0d8c3b2ac0904cb8a57a757ad11a4a08-le64.cache-6
7fca9405f000-7fca94074000 r--s 00000000 08:05 279272                     /var/cache/fontconfig/04aabc0a78ac019cf9454389977116d2-le64.cache-6
7fca94074000-7fca94075000 r--s 00000000 08:05 279278                     /var/cache/fontconfig/1ac9eb803944fde146138c791f5cc56a-le64.cache-6
7fca94075000-7fca94079000 r--s 00000000 08:05 279283                     /var/cache/fontconfig/385c0604a188198f04d133e54aba7fe7-le64.cache-6
7fca94079000-7fca9407a000 r--s 00000000 08:05 279311                     /var/cache/fontconfig/dc05db6664285cc2f12bf69c139ae4c3-le64.cache-6
7fca9407a000-7fca9407d000 r--s 00000000 08:05 279294                     /var/cache/fontconfig/767a8244fc0220cfb567a839d0392e0b-le64.cache-6
7fca9407d000-7fca9407e000 r--s 00000000 08:05 276021                     /var/cache/fontconfig/4794a0821666d79190d59a36cb4f44b5-le64.cache-6
7fca9407e000-7fca94081000 ---p 00000000 00:00 0 
7fca94081000-7fca9417f000 rw-p 00000000 00:00 0 
7fca9417f000-7fca94182000 ---p 00000000 00:00 0 
7fca94182000-7fca98000000 rw-p 00000000 00:00 0 
7fca98000000-7fca98021000 rw-p 00000000 00:00 0 
7fca98021000-7fca9c000000 ---p 00000000 00:00 0 
7fca9c000000-7fca9c001000 r--s 00000000 08:05 279274                     /var/cache/fontconfig/0bd3dc0958fa2205aaaa8ebb13e2872b-le64.cache-6
7fca9c001000-7fca9c006000 r--s 00000000 08:05 279297                     /var/cache/fontconfig/8801497958630a81b71ace7c5f9b32a8-le64.cache-6
7fca9c006000-7fca9c007000 r--s 00000000 08:05 279304                     /var/cache/fontconfig/bab58bb527bb656aaa9f116d68a48d89-le64.cache-6
7fca9c007000-7fca9c00d000 r--s 00000000 08:05 279280                     /var/cache/fontconfig/3047814df9a2f067bd2d96a2b9c36e5a-le64.cache-6
7fca9c00d000-7fca9c00e000 r--s 00000000 08:05 279288                     /var/cache/fontconfig/56cf4f4769d0f4abc89a4895d7bd3ae1-le64.cache-6
7fca9c00e000-7fca9c00f000 r--s 00000000 08:05 279303                     /var/cache/fontconfig/b9d506c9ac06c20b433354fa67a72993-le64.cache-6
7fca9c00f000-7fca9c015000 r--s 00000000 08:05 279302                     /var/cache/fontconfig/b47c4e1ecd0709278f4910c18777a504-le64.cache-6
7fca9c015000-7fca9c028000 r--s 00000000 08:05 279308                     /var/cache/fontconfig/d52a8644073d54c13679302ca1180695-le64.cache-6
7fca9c028000-7fca9c029000 r--s 00000000 08:05 279287                     /var/cache/fontconfig/551ecf3b0e8b0bca0f25c0944f561853-le64.cache-6
7fca9c029000-7fca9c02a000 r--s 00000000 08:05 279284                     /var/cache/fontconfig/3f7329c5293ffd510edef78f73874cfd-le64.cache-6
7fca9c02a000-7fca9c02e000 r--s 00000000 08:05 279309                     /var/cache/fontconfig/d589a48862398ed80a3d6066f4f56f4c-le64.cache-6
7fca9c02e000-7fca9c02f000 r--s 00000000 08:05 279281                     /var/cache/fontconfig/30829fa25452a46451e813d634d7f916-le64.cache-6
7fca9c02f000-7fca9c07a000 r--p 00000000 08:05 919055                     /usr/share/glib-2.0/schemas/gschemas.compiled
7fca9c07a000-7fca9c098000 r-xp 00000000 08:05 398393                     /lib/x86_64-linux-gnu/libudev.so.1.6.5
7fca9c098000-7fca9c099000 ---p 0001e000 08:05 398393                     /lib/x86_64-linux-gnu/libudev.so.1.6.5
7fca9c099000-7fca9c09a000 r--p 0001e000 08:05 398393                     /lib/x86_64-linux-gnu/libudev.so.1.6.5
7fca9c09a000-7fca9c09b000 rw-p 0001f000 08:05 398393                     /lib/x86_64-linux-gnu/libudev.so.1.6.5
7fca9c09b000-7fca9c09e000 ---p 00000000 00:00 0 
7fca9c09e000-7fca9c19c000 rw-p 00000000 00:00 0 
7fca9c19c000-7fca9c19d000 ---p 00000000 00:00 0 
7fca9c19d000-7fca9c29d000 rw-p 00000000 00:00 0 
7fca9c29d000-7fca9c2a0000 ---p 00000000 00:00 0 
7fca9c2a0000-7fca9c39e000 rw-p 00000000 00:00 0 
7fca9c39e000-7fca9c3a1000 ---p 00000000 00:00 0 
7fca9c3a1000-7fca9c49f000 rw-p 00000000 00:00 0 
7fca9c49f000-7fca9c4a2000 ---p 00000000 00:00 0 
7fca9c4a2000-7fca9c5a0000 rw-p 00000000 00:00 0 
7fca9c5a0000-7fca9c5a3000 ---p 00000000 00:00 0 
7fca9c5a3000-7fca9c6a1000 rw-p 00000000 00:00 0 
7fca9c6a1000-7fca9c6a4000 ---p 00000000 00:00 0 
7fca9c6a4000-7fca9c7a2000 rw-p 00000000 00:00 0 
7fca9c7a2000-7fca9cbfc000 r--p 00000000 08:05 2229872                    /usr/lib/locale/locale-archive
7fca9cbfc000-7fca9cbff000 ---p 00000000 00:00 0 
7fca9cbff000-7fca9ccfd000 rw-p 00000000 00:00 0 
7fca9ccfd000-7fca9cd00000 ---p 00000000 00:00 0 
7fca9cd00000-7fca9cdfe000 rw-p 00000000 00:00 0 
7fca9cdfe000-7fca9cdff000 ---p 00000000 00:00 0 
7fca9cdff000-7fca9d000000 rw-p 00000000 00:00 0 
7fca9d000000-7fca9d3f0000 rwxp 00000000 00:00 0 
7fca9d3f0000-7fcaac000000 ---p 00000000 00:00 0 
7fcaac000000-7fcaac0da000 rw-p 00000000 00:00 0 
7fcaac0da000-7fcab0000000 ---p 00000000 00:00 0 
7fcab0000000-7fcab0003000 r--s 00000000 08:05 279293                     /var/cache/fontconfig/75114ca45c98e8a441da0ff356701271-le64.cache-6
7fcab0003000-7fcab000e000 r--s 00000000 08:05 279296                     /var/cache/fontconfig/83bf95040141907cd45bb53cf7c1c148-le64.cache-6
7fcab000e000-7fcab0020000 r--s 00000000 08:05 279300                     /var/cache/fontconfig/9b89f8e3dae116d678bbf48e5f21f69b-le64.cache-6
7fcab0020000-7fcab002d000 r--s 00000000 08:05 282756                     /var/cache/fontconfig/e13b20fdb08344e0e664864cc2ede53d-le64.cache-6
7fcab002d000-7fcab0035000 rw-s 00000000 00:05 919968                     /drm mm object (deleted)
7fcab0035000-7fcab00ca000 r--s 01109000 08:05 2243401                    /usr/lib/jvm/java-8-oracle/jre/lib/ext/jfxrt.jar
7fcab00ca000-7fcab0fab000 rw-p 00000000 00:00 0 
7fcab0fab000-7fcab1184000 r--s 03d3e000 08:05 2243317                    /usr/lib/jvm/java-8-oracle/jre/lib/rt.jar
7fcab1184000-7fcab1dd2000 rw-p 00000000 00:00 0 
7fcab1dd2000-7fcab1dd3000 ---p 00000000 00:00 0 
7fcab1dd3000-7fcab1ed3000 rw-p 00000000 00:00 0 
7fcab1ed3000-7fcab1ed4000 ---p 00000000 00:00 0 
7fcab1ed4000-7fcab1fd4000 rw-p 00000000 00:00 0 
7fcab1fd4000-7fcab1fd5000 ---p 00000000 00:00 0 
7fcab1fd5000-7fcab20d5000 rw-p 00000000 00:00 0 
7fcab20d5000-7fcab20d6000 ---p 00000000 00:00 0 
7fcab20d6000-7fcab2200000 rw-p 00000000 00:00 0 
7fcab2200000-7fcab2466000 ---p 00000000 00:00 0 
7fcab2466000-7fcab2490000 rw-p 00000000 00:00 0 
7fcab2490000-7fcab26f6000 ---p 00000000 00:00 0 
7fcab26f6000-7fcab270b000 rw-p 00000000 00:00 0 
7fcab270b000-7fcab283e000 ---p 00000000 00:00 0 
7fcab283e000-7fcab284f000 rw-p 00000000 00:00 0 
7fcab284f000-7fcab2bff000 ---p 00000000 00:00 0 
7fcab2bff000-7fcab2c19000 r-xp 00000000 08:05 2243348                    /usr/lib/jvm/java-8-oracle/jre/lib/amd64/libzip.so
7fcab2c19000-7fcab2e19000 ---p 0001a000 08:05 2243348                    /usr/lib/jvm/java-8-oracle/jre/lib/amd64/libzip.so
7fcab2e19000-7fcab2e1a000 rw-p 0001a000 08:05 2243348                    /usr/lib/jvm/java-8-oracle/jre/lib/amd64/libzip.so
7fcab2e1a000-7fcab2e25000 r-xp 00000000 08:05 409756                     /lib/x86_64-linux-gnu/libnss_files-2.24.so
7fcab2e25000-7fcab3024000 ---p 0000b000 08:05 409756                     /lib/x86_64-linux-gnu/libnss_files-2.24.so
7fcab3024000-7fcab3025000 r--p 0000a000 08:05 409756                     /lib/x86_64-linux-gnu/libnss_files-2.24.so
7fcab3025000-7fcab3026000 rw-p 0000b000 08:05 409756                     /lib/x86_64-linux-gnu/libnss_files-2.24.so
7fcab3026000-7fcab302c000 rw-p 00000000 00:00 0 
7fcab302c000-7fcab3037000 r-xp 00000000 08:05 409758                     /lib/x86_64-linux-gnu/libnss_nis-2.24.so
7fcab3037000-7fcab3236000 ---p 0000b000 08:05 409758                     /lib/x86_64-linux-gnu/libnss_nis-2.24.so
7fcab3236000-7fcab3237000 r--p 0000a000 08:05 409758                     /lib/x86_64-linux-gnu/libnss_nis-2.24.so
7fcab3237000-7fcab3238000 rw-p 0000b000 08:05 409758                     /lib/x86_64-linux-gnu/libnss_nis-2.24.so
7fcab3238000-7fcab324e000 r-xp 00000000 08:05 409753                     /lib/x86_64-linux-gnu/libnsl-2.24.so
7fcab324e000-7fcab344d000 ---p 00016000 08:05 409753                     /lib/x86_64-linux-gnu/libnsl-2.24.so
7fcab344d000-7fcab344e000 r--p 00015000 08:05 409753                     /lib/x86_64-linux-gnu/libnsl-2.24.so
7fcab344e000-7fcab344f000 rw-p 00016000 08:05 409753                     /lib/x86_64-linux-gnu/libnsl-2.24.so
7fcab344f000-7fcab3451000 rw-p 00000000 00:00 0 
7fcab3451000-7fcab3459000 r-xp 00000000 08:05 409754                     /lib/x86_64-linux-gnu/libnss_compat-2.24.so
7fcab3459000-7fcab3658000 ---p 00008000 08:05 409754                     /lib/x86_64-linux-gnu/libnss_compat-2.24.so
7fcab3658000-7fcab3659000 r--p 00007000 08:05 409754                     /lib/x86_64-linux-gnu/libnss_compat-2.24.so
7fcab3659000-7fcab365a000 rw-p 00008000 08:05 409754                     /lib/x86_64-linux-gnu/libnss_compat-2.24.so
7fcab365a000-7fcab3685000 r-xp 00000000 08:05 2243375                    /usr/lib/jvm/java-8-oracle/jre/lib/amd64/libjava.so
7fcab3685000-7fcab3884000 ---p 0002b000 08:05 2243375                    /usr/lib/jvm/java-8-oracle/jre/lib/amd64/libjava.so
7fcab3884000-7fcab3886000 rw-p 0002a000 08:05 2243375                    /usr/lib/jvm/java-8-oracle/jre/lib/amd64/libjava.so
7fcab3886000-7fcab3893000 r-xp 00000000 08:05 2243326                    /usr/lib/jvm/java-8-oracle/jre/lib/amd64/libverify.so
7fcab3893000-7fcab3a92000 ---p 0000d000 08:05 2243326                    /usr/lib/jvm/java-8-oracle/jre/lib/amd64/libverify.so
7fcab3a92000-7fcab3a94000 rw-p 0000c000 08:05 2243326                    /usr/lib/jvm/java-8-oracle/jre/lib/amd64/libverify.so
7fcab3a94000-7fcab3a9b000 r-xp 00000000 08:05 409763                     /lib/x86_64-linux-gnu/librt-2.24.so
7fcab3a9b000-7fcab3c9a000 ---p 00007000 08:05 409763                     /lib/x86_64-linux-gnu/librt-2.24.so
7fcab3c9a000-7fcab3c9b000 r--p 00006000 08:05 409763                     /lib/x86_64-linux-gnu/librt-2.24.so
7fcab3c9b000-7fcab3c9c000 rw-p 00007000 08:05 409763                     /lib/x86_64-linux-gnu/librt-2.24.so
7fcab3c9c000-7fcab3da4000 r-xp 00000000 08:05 409750                     /lib/x86_64-linux-gnu/libm-2.24.so
7fcab3da4000-7fcab3fa3000 ---p 00108000 08:05 409750                     /lib/x86_64-linux-gnu/libm-2.24.so
7fcab3fa3000-7fcab3fa4000 r--p 00107000 08:05 409750                     /lib/x86_64-linux-gnu/libm-2.24.so
7fcab3fa4000-7fcab3fa5000 rw-p 00108000 08:05 409750                     /lib/x86_64-linux-gnu/libm-2.24.so
7fcab3fa5000-7fcab4c73000 r-xp 00000000 08:05 2243379                    /usr/lib/jvm/java-8-oracle/jre/lib/amd64/server/libjvm.so
7fcab4c73000-7fcab4e73000 ---p 00cce000 08:05 2243379                    /usr/lib/jvm/java-8-oracle/jre/lib/amd64/server/libjvm.so
7fcab4e73000-7fcab4f4c000 rw-p 00cce000 08:05 2243379                    /usr/lib/jvm/java-8-oracle/jre/lib/amd64/server/libjvm.so
7fcab4f4c000-7fcab4f97000 rw-p 00000000 00:00 0 
7fcab4f97000-7fcab5154000 r-xp 00000000 08:05 409746                     /lib/x86_64-linux-gnu/libc-2.24.so
7fcab5154000-7fcab5354000 ---p 001bd000 08:05 409746                     /lib/x86_64-linux-gnu/libc-2.24.so
7fcab5354000-7fcab5358000 r--p 001bd000 08:05 409746                     /lib/x86_64-linux-gnu/libc-2.24.so
7fcab5358000-7fcab535a000 rw-p 001c1000 08:05 409746                     /lib/x86_64-linux-gnu/libc-2.24.so
7fcab535a000-7fcab535e000 rw-p 00000000 00:00 0 
7fcab535e000-7fcab5361000 r-xp 00000000 08:05 409749                     /lib/x86_64-linux-gnu/libdl-2.24.so
7fcab5361000-7fcab5560000 ---p 00003000 08:05 409749                     /lib/x86_64-linux-gnu/libdl-2.24.so
7fcab5560000-7fcab5561000 r--p 00002000 08:05 409749                     /lib/x86_64-linux-gnu/libdl-2.24.so
7fcab5561000-7fcab5562000 rw-p 00003000 08:05 409749                     /lib/x86_64-linux-gnu/libdl-2.24.so
7fcab5562000-7fcab5577000 r-xp 00000000 08:05 2242460                    /usr/lib/jvm/java-8-oracle/lib/amd64/jli/libjli.so
7fcab5577000-7fcab5777000 ---p 00015000 08:05 2242460                    /usr/lib/jvm/java-8-oracle/lib/amd64/jli/libjli.so
7fcab5777000-7fcab5778000 rw-p 00015000 08:05 2242460                    /usr/lib/jvm/java-8-oracle/lib/amd64/jli/libjli.so
7fcab5778000-7fcab5790000 r-xp 00000000 08:05 409761                     /lib/x86_64-linux-gnu/libpthread-2.24.so
7fcab5790000-7fcab5990000 ---p 00018000 08:05 409761                     /lib/x86_64-linux-gnu/libpthread-2.24.so
7fcab5990000-7fcab5991000 r--p 00018000 08:05 409761                     /lib/x86_64-linux-gnu/libpthread-2.24.so
7fcab5991000-7fcab5992000 rw-p 00019000 08:05 409761                     /lib/x86_64-linux-gnu/libpthread-2.24.so
7fcab5992000-7fcab5996000 rw-p 00000000 00:00 0 
7fcab5996000-7fcab59bb000 r-xp 00000000 08:05 409742                     /lib/x86_64-linux-gnu/ld-2.24.so
7fcab59bb000-7fcab59bc000 r--s 00000000 08:05 279275                     /var/cache/fontconfig/0c9eb80ebd1c36541ebe2852d3bb0c49-le64.cache-6
7fcab59bc000-7fcab59c0000 r--s 00000000 08:05 276027                     /var/cache/fontconfig/7ef2298fde41cc6eeb7af42e48b7d293-le64.cache-6
7fcab59c0000-7fcab59c8000 rw-s 00000000 00:05 919956                     /drm mm object (deleted)
7fcab59c8000-7fcab59cd000 r--p 00000000 08:05 549689                     /home/daan/.config/dconf/user
7fcab59cd000-7fcab5a98000 rw-p 00000000 00:00 0 
7fcab5a98000-7fcab5a9b000 ---p 00000000 00:00 0 
7fcab5a9b000-7fcab5b9b000 rw-p 00000000 00:00 0 
7fcab5b9b000-7fcab5b9c000 rw-s 00000000 00:05 919958                     /drm mm object (deleted)
7fcab5b9c000-7fcab5b9d000 rw-s 100df3000 00:06 391                       /dev/dri/card0
7fcab5b9d000-7fcab5b9e000 r--s 00000000 00:2f 57                         /run/user/1000/dconf/user
7fcab5b9e000-7fcab5ba6000 rw-s 00000000 00:05 919938                     /drm mm object (deleted)
7fcab5ba6000-7fcab5bad000 r--s 00000000 08:05 148080                     /usr/lib/x86_64-linux-gnu/gconv/gconv-modules.cache
7fcab5bad000-7fcab5bb5000 rw-s 00000000 08:05 1578790                    /tmp/hsperfdata_daan/1585
7fcab5bb5000-7fcab5bb6000 rw-p 00000000 00:00 0 
7fcab5bb6000-7fcab5bb7000 r--p 00000000 00:00 0 
7fcab5bb7000-7fcab5bba000 rw-p 00000000 00:00 0 
7fcab5bba000-7fcab5bbb000 r--p 00024000 08:05 409742                     /lib/x86_64-linux-gnu/ld-2.24.so
7fcab5bbb000-7fcab5bbc000 rw-p 00025000 08:05 409742                     /lib/x86_64-linux-gnu/ld-2.24.so
7fcab5bbc000-7fcab5bbd000 rw-p 00000000 00:00 0 
7ffc44e65000-7ffc44e86000 rw-p 00000000 00:00 0                          [stack]
7ffc44fdb000-7ffc44fdd000 r--p 00000000 00:00 0                          [vvar]
7ffc44fdd000-7ffc44fdf000 r-xp 00000000 00:00 0                          [vdso]
ffffffffff600000-ffffffffff601000 r-xp 00000000 00:00 0                  [vsyscall]

VM Arguments:
jvm_args: -Dfile.encoding=UTF-8 
java_command: userinterface.GUIHandler
java_class_path (initial): /home/daan/git/IntegrationProject/IntegrationProject/bin
Launcher Type: SUN_STANDARD

Environment Variables:
JAVA_HOME=/usr/lib/jvm/java-8-oracle
PATH=/home/daan/bin:/home/daan/.local/bin:/usr/local/sbin:/usr/local/bin:/usr/sbin:/usr/bin:/sbin:/bin:/usr/games:/usr/local/games:/snap/bin:/usr/lib/jvm/java-8-oracle/bin:/usr/lib/jvm/java-8-oracle/db/bin:/usr/lib/jvm/java-8-oracle/jre/bin
SHELL=/bin/bash
DISPLAY=:0

Signal Handlers:
SIGSEGV: [libjvm.so+0xac78c0], sa_mask[0]=11111111011111111101111111111110, sa_flags=SA_RESTART|SA_SIGINFO
SIGBUS: [libjvm.so+0xac78c0], sa_mask[0]=11111111011111111101111111111110, sa_flags=SA_RESTART|SA_SIGINFO
SIGFPE: [libjvm.so+0x920ac0], sa_mask[0]=11111111011111111101111111111110, sa_flags=SA_RESTART|SA_SIGINFO
SIGPIPE: SIG_IGN, sa_mask[0]=00000000000010000000000000000000, sa_flags=SA_RESTART
SIGXFSZ: [libjvm.so+0x920ac0], sa_mask[0]=11111111011111111101111111111110, sa_flags=SA_RESTART|SA_SIGINFO
SIGILL: [libjvm.so+0x920ac0], sa_mask[0]=11111111011111111101111111111110, sa_flags=SA_RESTART|SA_SIGINFO
SIGUSR1: SIG_DFL, sa_mask[0]=00000000000000000000000000000000, sa_flags=none
SIGUSR2: [libjvm.so+0x922300], sa_mask[0]=00100000000000000000000000000000, sa_flags=SA_RESTART|SA_SIGINFO
SIGHUP: [libjvm.so+0x923700], sa_mask[0]=11111111011111111101111111111110, sa_flags=SA_RESTART|SA_SIGINFO
SIGINT: [libjvm.so+0x923700], sa_mask[0]=11111111011111111101111111111110, sa_flags=SA_RESTART|SA_SIGINFO
SIGTERM: [libjvm.so+0x923700], sa_mask[0]=11111111011111111101111111111110, sa_flags=SA_RESTART|SA_SIGINFO
SIGQUIT: [libjvm.so+0x923700], sa_mask[0]=11111111011111111101111111111110, sa_flags=SA_RESTART|SA_SIGINFO


---------------  S Y S T E M  ---------------

OS:DISTRIB_ID=Ubuntu
DISTRIB_RELEASE=16.10
DISTRIB_CODENAME=yakkety
DISTRIB_DESCRIPTION="Ubuntu 16.10"

uname:Linux 4.8.0-46-generic #49-Ubuntu SMP Fri Mar 31 13:57:14 UTC 2017 x86_64
libc:glibc 2.24 NPTL 2.24 
rlimit: STACK 8192k, CORE 0k, NPROC 30976, NOFILE 4096, AS infinity
load average:0,86 0,80 0,75

/proc/meminfo:
MemTotal:        8054864 kB
MemFree:         1857036 kB
MemAvailable:    3549060 kB
Buffers:          190120 kB
Cached:          2306368 kB
SwapCached:            0 kB
Active:          4178248 kB
Inactive:        1696012 kB
Active(anon):    3379068 kB
Inactive(anon):   652812 kB
Active(file):     799180 kB
Inactive(file):  1043200 kB
Unevictable:         128 kB
Mlocked:             128 kB
SwapTotal:       8268796 kB
SwapFree:        8268796 kB
Dirty:               236 kB
Writeback:             0 kB
AnonPages:       3335664 kB
Mapped:           594892 kB
Shmem:            654112 kB
Slab:             194404 kB
SReclaimable:     138344 kB
SUnreclaim:        56060 kB
KernelStack:       12096 kB
PageTables:        51024 kB
NFS_Unstable:          0 kB
Bounce:                0 kB
WritebackTmp:          0 kB
CommitLimit:    12296228 kB
Committed_AS:    7897988 kB
VmallocTotal:   34359738367 kB
VmallocUsed:           0 kB
VmallocChunk:          0 kB
HardwareCorrupted:     0 kB
AnonHugePages:   2252800 kB
ShmemHugePages:        0 kB
ShmemPmdMapped:        0 kB
CmaTotal:              0 kB
CmaFree:               0 kB
HugePages_Total:       0
HugePages_Free:        0
HugePages_Rsvd:        0
HugePages_Surp:        0
Hugepagesize:       2048 kB
DirectMap4k:      241232 kB
DirectMap2M:     8028160 kB
DirectMap1G:           0 kB


CPU:total 4 (2 cores per cpu, 2 threads per core) family 6 model 78 stepping 3, cmov, cx8, fxsr, mmx, sse, sse2, sse3, ssse3, sse4.1, sse4.2, popcnt, avx, avx2, aes, clmul, erms, 3dnowpref, lzcnt, ht, tsc, tscinvbit, bmi1, bmi2, adx

/proc/cpuinfo:
processor	: 0
vendor_id	: GenuineIntel
cpu family	: 6
model		: 78
model name	: Intel(R) Core(TM) i5-6200U CPU @ 2.30GHz
stepping	: 3
microcode	: 0x9e
cpu MHz		: 2700.146
cache size	: 3072 KB
physical id	: 0
siblings	: 4
core id		: 0
cpu cores	: 2
apicid		: 0
initial apicid	: 0
fpu		: yes
fpu_exception	: yes
cpuid level	: 22
wp		: yes
flags		: fpu vme de pse tsc msr pae mce cx8 apic sep mtrr pge mca cmov pat pse36 clflush dts acpi mmx fxsr sse sse2 ss ht tm pbe syscall nx pdpe1gb rdtscp lm constant_tsc art arch_perfmon pebs bts rep_good nopl xtopology nonstop_tsc aperfmperf eagerfpu pni pclmulqdq dtes64 monitor ds_cpl vmx est tm2 ssse3 sdbg fma cx16 xtpr pdcm pcid sse4_1 sse4_2 x2apic movbe popcnt tsc_deadline_timer aes xsave avx f16c rdrand lahf_lm abm 3dnowprefetch epb intel_pt tpr_shadow vnmi flexpriority ept vpid fsgsbase tsc_adjust bmi1 avx2 smep bmi2 erms invpcid mpx rdseed adx smap clflushopt xsaveopt xsavec xgetbv1 xsaves dtherm ida arat pln pts hwp hwp_notify hwp_act_window hwp_epp
bugs		:
bogomips	: 4800.00
clflush size	: 64
cache_alignment	: 64
address sizes	: 39 bits physical, 48 bits virtual
power management:

processor	: 1
vendor_id	: GenuineIntel
cpu family	: 6
model		: 78
model name	: Intel(R) Core(TM) i5-6200U CPU @ 2.30GHz
stepping	: 3
microcode	: 0x9e
cpu MHz		: 2700.585
cache size	: 3072 KB
physical id	: 0
siblings	: 4
core id		: 1
cpu cores	: 2
apicid		: 2
initial apicid	: 2
fpu		: yes
fpu_exception	: yes
cpuid level	: 22
wp		: yes
flags		: fpu vme de pse tsc msr pae mce cx8 apic sep mtrr pge mca cmov pat pse36 clflush dts acpi mmx fxsr sse sse2 ss ht tm pbe syscall nx pdpe1gb rdtscp lm constant_tsc art arch_perfmon pebs bts rep_good nopl xtopology nonstop_tsc aperfmperf eagerfpu pni pclmulqdq dtes64 monitor ds_cpl vmx est tm2 ssse3 sdbg fma cx16 xtpr pdcm pcid sse4_1 sse4_2 x2apic movbe popcnt tsc_deadline_timer aes xsave avx f16c rdrand lahf_lm abm 3dnowprefetch epb intel_pt tpr_shadow vnmi flexpriority ept vpid fsgsbase tsc_adjust bmi1 avx2 smep bmi2 erms invpcid mpx rdseed adx smap clflushopt xsaveopt xsavec xgetbv1 xsaves dtherm ida arat pln pts hwp hwp_notify hwp_act_window hwp_epp
bugs		:
bogomips	: 4800.00
clflush size	: 64
cache_alignment	: 64
address sizes	: 39 bits physical, 48 bits virtual
power management:

processor	: 2
vendor_id	: GenuineIntel
cpu family	: 6
model		: 78
model name	: Intel(R) Core(TM) i5-6200U CPU @ 2.30GHz
stepping	: 3
microcode	: 0x9e
cpu MHz		: 2700.732
cache size	: 3072 KB
physical id	: 0
siblings	: 4
core id		: 0
cpu cores	: 2
apicid		: 1
initial apicid	: 1
fpu		: yes
fpu_exception	: yes
cpuid level	: 22
wp		: yes
flags		: fpu vme de pse tsc msr pae mce cx8 apic sep mtrr pge mca cmov pat pse36 clflush dts acpi mmx fxsr sse sse2 ss ht tm pbe syscall nx pdpe1gb rdtscp lm constant_tsc art arch_perfmon pebs bts rep_good nopl xtopology nonstop_tsc aperfmperf eagerfpu pni pclmulqdq dtes64 monitor ds_cpl vmx est tm2 ssse3 sdbg fma cx16 xtpr pdcm pcid sse4_1 sse4_2 x2apic movbe popcnt tsc_deadline_timer aes xsave avx f16c rdrand lahf_lm abm 3dnowprefetch epb intel_pt tpr_shadow vnmi flexpriority ept vpid fsgsbase tsc_adjust bmi1 avx2 smep bmi2 erms invpcid mpx rdseed adx smap clflushopt xsaveopt xsavec xgetbv1 xsaves dtherm ida arat pln pts hwp hwp_notify hwp_act_window hwp_epp
bugs		:
bogomips	: 4800.00
clflush size	: 64
cache_alignment	: 64
address sizes	: 39 bits physical, 48 bits virtual
power management:

processor	: 3
vendor_id	: GenuineIntel
cpu family	: 6
model		: 78
model name	: Intel(R) Core(TM) i5-6200U CPU @ 2.30GHz
stepping	: 3
microcode	: 0x9e
cpu MHz		: 2700.878
cache size	: 3072 KB
physical id	: 0
siblings	: 4
core id		: 1
cpu cores	: 2
apicid		: 3
initial apicid	: 3
fpu		: yes
fpu_exception	: yes
cpuid level	: 22
wp		: yes
flags		: fpu vme de pse tsc msr pae mce cx8 apic sep mtrr pge mca cmov pat pse36 clflush dts acpi mmx fxsr sse sse2 ss ht tm pbe syscall nx pdpe1gb rdtscp lm constant_tsc art arch_perfmon pebs bts rep_good nopl xtopology nonstop_tsc aperfmperf eagerfpu pni pclmulqdq dtes64 monitor ds_cpl vmx est tm2 ssse3 sdbg fma cx16 xtpr pdcm pcid sse4_1 sse4_2 x2apic movbe popcnt tsc_deadline_timer aes xsave avx f16c rdrand lahf_lm abm 3dnowprefetch epb intel_pt tpr_shadow vnmi flexpriority ept vpid fsgsbase tsc_adjust bmi1 avx2 smep bmi2 erms invpcid mpx rdseed adx smap clflushopt xsaveopt xsavec xgetbv1 xsaves dtherm ida arat pln pts hwp hwp_notify hwp_act_window hwp_epp
bugs		:
bogomips	: 4800.00
clflush size	: 64
cache_alignment	: 64
address sizes	: 39 bits physical, 48 bits virtual
power management:



Memory: 4k page, physical 8054864k(1857036k free), swap 8268796k(8268796k free)

vm_info: Java HotSpot(TM) 64-Bit Server VM (25.121-b13) for linux-amd64 JRE (1.8.0_121-b13), built on Dec 12 2016 16:36:53 by "java_re" with gcc 4.3.0 20080428 (Red Hat 4.3.0-8)

time: Mon Apr 10 20:23:17 2017
elapsed time: 3 seconds (0d 0h 0m 3s)

