#
# A fatal error has been detected by the Java Runtime Environment:
#
#  SIGSEGV (0xb) at pc=0x00007fdb4e1d51fa, pid=28531, tid=0x00007fdae42cc700
#
# JRE version: Java(TM) SE Runtime Environment (8.0_121-b13) (build 1.8.0_121-b13)
# Java VM: Java HotSpot(TM) 64-Bit Server VM (25.121-b13 mixed mode linux-amd64 compressed oops)
# Problematic frame:
# V  [libjvm.so+0x6d31fa]  jni_invoke_nonstatic(JNIEnv_*, JavaValue*, _jobject*, JNICallType, _jmethodID*, JNI_ArgumentPusher*, Thread*)+0x93a
#
# Failed to write core dump. Core dumps have been disabled. To enable core dumping, try "ulimit -c unlimited" before starting Java again
#
# If you would like to submit a bug report, please visit:
#   http://bugreport.java.com/bugreport/crash.jsp
#

---------------  T H R E A D  ---------------

Current thread (0x00007fdaf8104000):  JavaThread "JavaFX Application Thread" [_thread_in_vm, id=28557, stack(0x00007fdae41cc000,0x00007fdae42cd000)]

siginfo: si_signo: 11 (SIGSEGV), si_code: 1 (SEGV_MAPERR), si_addr: 0x0000000000004018

Registers:
RAX=0x000000000000003b, RBX=0x0000000000000005, RCX=0x0000000000000003, RDX=0x0000000000003c88
RSP=0x00007fdae42cb120, RBP=0x00007fdae42cb2a0, RSI=0x00000001000aac30, RDI=0x00007fdaf81041f8
R8 =0x000000000000003b, R9 =0x00007fdae42cb2d0, R10=0x00007fdac8000a48, R11=0x00007fdae42cac80
R12=0x00007fdac821a870, R13=0x00007fdaf804c918, R14=0x0000000000000000, R15=0x00007fdaf81038f8
RIP=0x00007fdb4e1d51fa, EFLAGS=0x0000000000010206, CSGSFS=0x002b000000000033, ERR=0x0000000000000004
  TRAPNO=0x000000000000000e

Top of Stack: (sp=0x00007fdae42cb120)
0x00007fdae42cb120:   00007fdae42cb820 00007fdae42cb440
0x00007fdae42cb130:   00007fdae42cb180 00007fdae42cb200
0x00007fdae42cb140:   00007fdae42cb2d0 00007fdae42cb330
0x00007fdae42cb150:   00007fdaf81041f8 00007fdb4e1f4400
0x00007fdae42cb160:   00007fdb10011a60 00007fdb10011a70
0x00007fdae42cb170:   00007fdb10011e48 00000000000003d8
0x00007fdae42cb180:   0000000000000000 00000000d8207858
0x00007fdae42cb190:   00007fdb0000006f 00007fda0000000a
0x00007fdae42cb1a0:   00000000d8b4f3a8 0000000000000000
0x00007fdae42cb1b0:   0000000000000000 0000000000000000
0x00007fdae42cb1c0:   00007fdb23d4c688 0000000100000100
0x00007fdae42cb1d0:   0000000000000000 00007fdae42cb188
0x00007fdae42cb1e0:   00007fdae42cb1c9 0000000800000005
0x00007fdae42cb1f0:   0000000000000000 00007fdaf81039d0
0x00007fdae42cb200:   00007fdb4ea62510 00007fdb4f550720
0x00007fdae42cb210:   00000000f8103860 00007fdaf8104000
0x00007fdae42cb220:   0000000000000000 00007fdb4e1d4ccb
0x00007fdae42cb230:   00007fdb23d5b768 00007fdaf8104000
0x00007fdae42cb240:   00007fdb23d5b768 00007fdaf8104000
0x00007fdae42cb250:   00007fdae42cb3e0 00007fdb23d5b768
0x00007fdae42cb260:   00007fdb23d5b768 00007fdb23d5b768
0x00007fdae42cb270:   00007fdb10011a60 00007fdae42cb2d0
0x00007fdae42cb280:   00007fdaf8104000 00007fdae42cb310
0x00007fdae42cb290:   00007fdaf804c918 00007fdaf81041f8
0x00007fdae42cb2a0:   00007fdae42cb390 00007fdb4e1d909f
0x00007fdae42cb2b0:   00007fdaf8104000 00007fdb2117fff4
0x00007fdae42cb2c0:   00007fdae42cb3a8 00007fdac8000078
0x00007fdae42cb2d0:   00007fdb4ea63170 00007fdb4f550720
0x00007fdae42cb2e0:   00000000e42cb350 d9b9210000000063
0x00007fdae42cb2f0:   0000000000000000 0000003000000018
0x00007fdae42cb300:   00007fdae42cb480 00007fdae42cb3c0
0x00007fdae42cb310:   00007fdaf8104000 0000000000000000 

Instructions: (pc=0x00007fdb4e1d51fa)
0x00007fdb4e1d51da:   f8 fe 0f 84 72 f7 ff ff 48 8b 05 67 19 8a 00 80
0x00007fdb4e1d51ea:   38 00 0f 85 ed 00 00 00 49 8b 54 24 08 49 63 c0
0x00007fdb4e1d51fa:   4c 8b ac c2 b8 01 00 00 e9 50 f7 ff ff 66 0f 1f
0x00007fdb4e1d520a:   84 00 00 00 00 00 e8 4b b9 1d 00 89 c0 48 8d 14 

Register to memory mapping:

RAX=0x000000000000003b is an unknown value
RBX=0x0000000000000005 is an unknown value
RCX=0x0000000000000003 is an unknown value
RDX=0x0000000000003c88 is an unknown value
RSP=0x00007fdae42cb120 is pointing into the stack for thread: 0x00007fdaf8104000
RBP=0x00007fdae42cb2a0 is pointing into the stack for thread: 0x00007fdaf8104000
RSI=0x00000001000aac30 is pointing into metadata
RDI=0x00007fdaf81041f8 is an unknown value
R8 =0x000000000000003b is an unknown value
R9 =0x00007fdae42cb2d0 is pointing into the stack for thread: 0x00007fdaf8104000
R10=0x00007fdac8000a48 is an unknown value
R11=0x00007fdae42cac80 is pointing into the stack for thread: 0x00007fdaf8104000
R12=0x00007fdac821a870 is an unknown value
R13=0x00007fdaf804c918 is an unknown value
R14=0x0000000000000000 is an unknown value
R15=0x00007fdaf81038f8 is an unknown value


Stack: [0x00007fdae41cc000,0x00007fdae42cd000],  sp=0x00007fdae42cb120,  free space=1020k
Native frames: (J=compiled Java code, j=interpreted, Vv=VM code, C=native code)
V  [libjvm.so+0x6d31fa]  jni_invoke_nonstatic(JNIEnv_*, JavaValue*, _jobject*, JNICallType, _jmethodID*, JNI_ArgumentPusher*, Thread*)+0x93a
V  [libjvm.so+0x6d709f]  jni_CallVoidMethodV+0x10f
C  [libglass.so+0x13e51]  JNIEnv_::CallVoidMethod(_jobject*, _jmethodID*, ...)+0x81
C  [libglass.so+0x1876f]  WindowContextBase::process_key(_GdkEventKey*)+0x20f
C  [libglass.so+0x15fe0]  WindowContextBase::im_filter_keypress(_GdkEventKey*)+0x1c0
C  [libglass.so+0x20a3c]  process_events(_GdkEvent*, void*)+0x22c
C  [libgdk-x11-2.0.so.0+0x5acdc]

Java frames: (J=compiled Java code, j=interpreted, Vv=VM code)
j  com.sun.glass.ui.gtk.GtkApplication._runLoop(Ljava/lang/Runnable;Z)V+0
j  com.sun.glass.ui.gtk.GtkApplication.lambda$null$49(Ljava/lang/Runnable;Z)V+7
j  com.sun.glass.ui.gtk.GtkApplication$$Lambda$43.run()V+12
j  java.lang.Thread.run()V+11
v  ~StubRoutines::call_stub

---------------  P R O C E S S  ---------------

Java Threads: ( => current thread )
  0x00007fdb4811f800 JavaThread "Thread-5" [_thread_blocked, id=28564, stack(0x00007fdaddbfd000,0x00007fdaddcfe000)]
  0x00007fdb4811a800 JavaThread "Thread-4" [_thread_in_native, id=28563, stack(0x00007fdaddcfe000,0x00007fdadddff000)]
  0x00007fdac819f000 JavaThread "Prism Font Disposer" daemon [_thread_blocked, id=28561, stack(0x00007fdade638000,0x00007fdade739000)]
=>0x00007fdaf8104000 JavaThread "JavaFX Application Thread" [_thread_in_vm, id=28557, stack(0x00007fdae41cc000,0x00007fdae42cd000)]
  0x00007fdaf80c7800 JavaThread "Thread-3" daemon [_thread_blocked, id=28556, stack(0x00007fdb20053000,0x00007fdb20154000)]
  0x00007fdaf803f800 JavaThread "QuantumRenderer-0" daemon [_thread_blocked, id=28552, stack(0x00007fdb21bfa000,0x00007fdb21cfb000)]
  0x00007fdaf4072800 JavaThread "JavaFX-Launcher" [_thread_blocked, id=28551, stack(0x00007fdb21cfb000,0x00007fdb21dfc000)]
  0x00007fdb48140000 JavaThread "Thread-0" [_thread_blocked, id=28550, stack(0x00007fdb21dfc000,0x00007fdb21efd000)]
  0x00007fdb480c1800 JavaThread "Service Thread" daemon [_thread_blocked, id=28548, stack(0x00007fdb22093000,0x00007fdb22194000)]
  0x00007fdb480be000 JavaThread "C1 CompilerThread2" daemon [_thread_blocked, id=28547, stack(0x00007fdb22194000,0x00007fdb22295000)]
  0x00007fdb480bc800 JavaThread "C2 CompilerThread1" daemon [_thread_blocked, id=28546, stack(0x00007fdb22295000,0x00007fdb22396000)]
  0x00007fdb480b9800 JavaThread "C2 CompilerThread0" daemon [_thread_in_native, id=28545, stack(0x00007fdb22396000,0x00007fdb22497000)]
  0x00007fdb480b8000 JavaThread "Signal Dispatcher" daemon [_thread_blocked, id=28544, stack(0x00007fdb22497000,0x00007fdb22598000)]
  0x00007fdb48084000 JavaThread "Finalizer" daemon [_thread_blocked, id=28543, stack(0x00007fdb229f2000,0x00007fdb22af3000)]
  0x00007fdb4807f800 JavaThread "Reference Handler" daemon [_thread_blocked, id=28542, stack(0x00007fdb22af3000,0x00007fdb22bf4000)]
  0x00007fdb48009800 JavaThread "main" [_thread_blocked, id=28534, stack(0x00007fdb4f5f4000,0x00007fdb4f6f5000)]

Other Threads:
  0x00007fdb48077800 VMThread [stack: 0x00007fdb22bf4000,0x00007fdb22cf5000] [id=28541]
  0x00007fdb480c4000 WatcherThread [stack: 0x00007fdb21f92000,0x00007fdb22093000] [id=28549]

VM state:not at safepoint (normal execution)

VM Mutex/Monitor currently owned by a thread: None

Heap:
 PSYoungGen      total 36864K, used 5935K [0x00000000d7000000, 0x00000000d9900000, 0x0000000100000000)
  eden space 31744K, 2% used [0x00000000d7000000,0x00000000d70cf348,0x00000000d8f00000)
  from space 5120K, 99% used [0x00000000d8f00000,0x00000000d93fcac8,0x00000000d9400000)
  to   space 5120K, 0% used [0x00000000d9400000,0x00000000d9400000,0x00000000d9900000)
 ParOldGen       total 84992K, used 128K [0x0000000085000000, 0x000000008a300000, 0x00000000d7000000)
  object space 84992K, 0% used [0x0000000085000000,0x0000000085020000,0x000000008a300000)
 Metaspace       used 14695K, capacity 15538K, committed 15744K, reserved 1062912K
  class space    used 2207K, capacity 2418K, committed 2432K, reserved 1048576K

Card table byte_map: [0x00007fdb38c27000,0x00007fdb39000000] byte_map_base: 0x00007fdb387ff000

Marking Bits: (ParMarkBitMap*) 0x00007fdb4eac6c80
 Begin Bits: [0x00007fdb28280000, 0x00007fdb2a140000)
 End Bits:   [0x00007fdb2a140000, 0x00007fdb2c000000)

Polling page: 0x00007fdb4f713000

CodeCache: size=245760Kb used=3931Kb max_used=3931Kb free=241828Kb
 bounds [0x00007fdb39000000, 0x00007fdb393e0000, 0x00007fdb48000000]
 total_blobs=1778 nmethods=1153 adapters=538
 compilation: enabled

Compilation events (10 events):
Event: 2,213 Thread 0x00007fdb480be000 nmethod 1144 0x00007fdb393d2e90 code [0x00007fdb393d2fe0, 0x00007fdb393d30f0]
Event: 2,213 Thread 0x00007fdb480be000 1145       1       com.sun.javafx.geom.transform.BaseTransform::getMyy (2 bytes)
Event: 2,213 Thread 0x00007fdb480be000 nmethod 1145 0x00007fdb393d2b90 code [0x00007fdb393d2d00, 0x00007fdb393d2e10]
Event: 2,213 Thread 0x00007fdb480bc800 1141       4       com.sun.javafx.collections.ObservableListWrapper::get (11 bytes)
Event: 2,214 Thread 0x00007fdb480bc800 nmethod 1141 0x00007fdb393d27d0 code [0x00007fdb393d2920, 0x00007fdb393d2a18]
Event: 2,214 Thread 0x00007fdb480bc800 1148       4       java.lang.Math::ceil (5 bytes)
Event: 2,216 Thread 0x00007fdb480bc800 nmethod 1148 0x00007fdb393d73d0 code [0x00007fdb393d7540, 0x00007fdb393d7678]
Event: 2,216 Thread 0x00007fdb480be000 1147       3       javafx.scene.Parent::setChildDirty (74 bytes)
Event: 2,216 Thread 0x00007fdb480be000 nmethod 1147 0x00007fdb393d6710 code [0x00007fdb393d68e0, 0x00007fdb393d7038]
Event: 2,216 Thread 0x00007fdb480be000 1153       3       javafx.scene.Node::impl_markDirty (27 bytes)

GC Heap History (2 events):
Event: 2,194 GC heap before
{Heap before GC invocations=1 (full 0):
 PSYoungGen      total 36864K, used 31744K [0x00000000d7000000, 0x00000000d9900000, 0x0000000100000000)
  eden space 31744K, 100% used [0x00000000d7000000,0x00000000d8f00000,0x00000000d8f00000)
  from space 5120K, 0% used [0x00000000d9400000,0x00000000d9400000,0x00000000d9900000)
  to   space 5120K, 0% used [0x00000000d8f00000,0x00000000d8f00000,0x00000000d9400000)
 ParOldGen       total 84992K, used 0K [0x0000000085000000, 0x000000008a300000, 0x00000000d7000000)
  object space 84992K, 0% used [0x0000000085000000,0x0000000085000000,0x000000008a300000)
 Metaspace       used 14663K, capacity 15474K, committed 15488K, reserved 1062912K
  class space    used 2207K, capacity 2418K, committed 2432K, reserved 1048576K
Event: 2,201 GC heap after
Heap after GC invocations=1 (full 0):
 PSYoungGen      total 36864K, used 5106K [0x00000000d7000000, 0x00000000d9900000, 0x0000000100000000)
  eden space 31744K, 0% used [0x00000000d7000000,0x00000000d7000000,0x00000000d8f00000)
  from space 5120K, 99% used [0x00000000d8f00000,0x00000000d93fcac8,0x00000000d9400000)
  to   space 5120K, 0% used [0x00000000d9400000,0x00000000d9400000,0x00000000d9900000)
 ParOldGen       total 84992K, used 128K [0x0000000085000000, 0x000000008a300000, 0x00000000d7000000)
  object space 84992K, 0% used [0x0000000085000000,0x0000000085020000,0x000000008a300000)
 Metaspace       used 14663K, capacity 15474K, committed 15488K, reserved 1062912K
  class space    used 2207K, capacity 2418K, committed 2432K, reserved 1048576K
}

Deoptimization events (10 events):
Event: 1,125 Thread 0x00007fdaf8104000 Uncommon trap: reason=class_check action=maybe_recompile pc=0x00007fdb39222974 method=java.io.DataInputStream.readShort()S @ 4
Event: 1,126 Thread 0x00007fdaf8104000 Uncommon trap: reason=class_check action=maybe_recompile pc=0x00007fdb39222974 method=java.io.DataInputStream.readShort()S @ 4
Event: 1,126 Thread 0x00007fdaf8104000 Uncommon trap: reason=class_check action=maybe_recompile pc=0x00007fdb39222974 method=java.io.DataInputStream.readShort()S @ 4
Event: 1,132 Thread 0x00007fdaf8104000 Uncommon trap: reason=class_check action=maybe_recompile pc=0x00007fdb39117438 method=java.lang.String.equals(Ljava/lang/Object;)Z @ 8
Event: 1,132 Thread 0x00007fdaf8104000 Uncommon trap: reason=class_check action=maybe_recompile pc=0x00007fdb39117438 method=java.lang.String.equals(Ljava/lang/Object;)Z @ 8
Event: 1,132 Thread 0x00007fdaf8104000 Uncommon trap: reason=class_check action=maybe_recompile pc=0x00007fdb39117438 method=java.lang.String.equals(Ljava/lang/Object;)Z @ 8
Event: 1,200 Thread 0x00007fdaf8104000 Uncommon trap: reason=class_check action=maybe_recompile pc=0x00007fdb39117438 method=java.lang.String.equals(Ljava/lang/Object;)Z @ 8
Event: 1,277 Thread 0x00007fdaf8104000 Uncommon trap: reason=unstable_if action=reinterpret pc=0x00007fdb3927a468 method=sun.net.www.ParseUtil.encodePath(Ljava/lang/String;Z)Ljava/lang/String; @ 109
Event: 1,487 Thread 0x00007fdaf8104000 Uncommon trap: reason=unstable_if action=reinterpret pc=0x00007fdb392a7964 method=jdk.internal.org.objectweb.asm.Type.getArgumentsAndReturnSizes(Ljava/lang/String;)I @ 47
Event: 2,127 Thread 0x00007fdaf8104000 Uncommon trap: reason=unstable_if action=reinterpret pc=0x00007fdb391c5324 method=java.lang.String.indexOf([CII[CIII)I @ 3

Internal exceptions (10 events):
Event: 0,141 Thread 0x00007fdb48140000 Exception <a 'java/lang/NoSuchFieldError': method resolution failed> (0x00000000d7322580) thrown at [/HUDSON3/workspace/8-2-build-linux-amd64/jdk8u121/8372/hotspot/src/share/vm/prims/methodHandles.cpp, line 1146]
Event: 0,168 Thread 0x00007fdaf4072800 Exception <a 'java/security/PrivilegedActionException'> (0x00000000d73f93b8) thrown at [/HUDSON3/workspace/8-2-build-linux-amd64/jdk8u121/8372/hotspot/src/share/vm/prims/jvm.cpp, line 1390]
Event: 0,168 Thread 0x00007fdaf4072800 Exception <a 'java/security/PrivilegedActionException'> (0x00000000d73f95c8) thrown at [/HUDSON3/workspace/8-2-build-linux-amd64/jdk8u121/8372/hotspot/src/share/vm/prims/jvm.cpp, line 1390]
Event: 0,168 Thread 0x00007fdaf4072800 Exception <a 'java/security/PrivilegedActionException'> (0x00000000d73fba30) thrown at [/HUDSON3/workspace/8-2-build-linux-amd64/jdk8u121/8372/hotspot/src/share/vm/prims/jvm.cpp, line 1390]
Event: 0,168 Thread 0x00007fdaf4072800 Exception <a 'java/security/PrivilegedActionException'> (0x00000000d73fbc40) thrown at [/HUDSON3/workspace/8-2-build-linux-amd64/jdk8u121/8372/hotspot/src/share/vm/prims/jvm.cpp, line 1390]
Event: 0,168 Thread 0x00007fdaf4072800 Exception <a 'java/lang/NullPointerException'> (0x00000000d73fc218) thrown at [/HUDSON3/workspace/8-2-build-linux-amd64/jdk8u121/8372/hotspot/src/share/vm/interpreter/linkResolver.cpp, line 1178]
Event: 0,393 Thread 0x00007fdaf8104000 Exception <a 'java/lang/NullPointerException'> (0x00000000d7afb988) thrown at [/HUDSON3/workspace/8-2-build-linux-amd64/jdk8u121/8372/hotspot/src/share/vm/interpreter/linkResolver.cpp, line 1178]
Event: 0,393 Thread 0x00007fdaf8104000 Exception <a 'java/lang/NullPointerException'> (0x00000000d7afb988) thrown at [/HUDSON3/workspace/8-2-build-linux-amd64/jdk8u121/8372/hotspot/src/share/vm/prims/jvm.cpp, line 1394]
Event: 0,557 Thread 0x00007fdaf8104000 Implicit null exception at 0x00007fdb392343b5 to 0x00007fdb39234599
Event: 2,096 Thread 0x00007fdaf8104000 Exception <a 'java/io/FileNotFoundException'> (0x00000000d8b62620) thrown at [/HUDSON3/workspace/8-2-build-linux-amd64/jdk8u121/8372/hotspot/src/share/vm/prims/jni.cpp, line 709]

Events (10 events):
Event: 2,171 loading class com/sun/javafx/effect/EffectDirtyBits
Event: 2,171 loading class com/sun/javafx/effect/EffectDirtyBits done
Event: 2,172 loading class javafx/scene/shape/SVGPath$1
Event: 2,172 loading class javafx/scene/shape/SVGPath$1 done
Event: 2,172 loading class javafx/scene/shape/SVGPath$2
Event: 2,172 loading class javafx/scene/shape/SVGPath$2 done
Event: 2,172 loading class com/sun/javafx/sg/prism/NGSVGPath
Event: 2,172 loading class com/sun/javafx/sg/prism/NGSVGPath done
Event: 2,194 Executing VM operation: ParallelGCFailedAllocation
Event: 2,201 Executing VM operation: ParallelGCFailedAllocation done


Dynamic libraries:
00400000-00401000 r-xp 00000000 08:05 2243241                            /usr/lib/jvm/java-8-oracle/bin/java
00600000-00601000 rw-p 00000000 08:05 2243241                            /usr/lib/jvm/java-8-oracle/bin/java
01895000-018b6000 rw-p 00000000 00:00 0                                  [heap]
85000000-8a300000 rw-p 00000000 00:00 0 
8a300000-d7000000 ---p 00000000 00:00 0 
d7000000-d9900000 rw-p 00000000 00:00 0 
d9900000-100000000 ---p 00000000 00:00 0 
100000000-100260000 rw-p 00000000 00:00 0 
100260000-140000000 ---p 00000000 00:00 0 
7fdac0000000-7fdac0021000 rw-p 00000000 00:00 0 
7fdac0021000-7fdac4000000 ---p 00000000 00:00 0 
7fdac4000000-7fdac4021000 rw-p 00000000 00:00 0 
7fdac4021000-7fdac8000000 ---p 00000000 00:00 0 
7fdac8000000-7fdac84d0000 rw-p 00000000 00:00 0 
7fdac84d0000-7fdacc000000 ---p 00000000 00:00 0 
7fdacc000000-7fdacc021000 rw-p 00000000 00:00 0 
7fdacc021000-7fdad0000000 ---p 00000000 00:00 0 
7fdad0000000-7fdad0022000 rw-p 00000000 00:00 0 
7fdad0022000-7fdad4000000 ---p 00000000 00:00 0 
7fdad4000000-7fdad4021000 rw-p 00000000 00:00 0 
7fdad4021000-7fdad8000000 ---p 00000000 00:00 0 
7fdad8000000-7fdad8021000 rw-p 00000000 00:00 0 
7fdad8021000-7fdadc000000 ---p 00000000 00:00 0 
7fdadd9fd000-7fdaddafd000 rw-p 00000000 00:00 0 
7fdaddafd000-7fdaddbfd000 ---p 00000000 00:00 0 
7fdaddbfd000-7fdaddc00000 ---p 00000000 00:00 0 
7fdaddc00000-7fdaddcfe000 rw-p 00000000 00:00 0 
7fdaddcfe000-7fdaddd01000 ---p 00000000 00:00 0 
7fdaddd01000-7fdadddff000 rw-p 00000000 00:00 0 
7fdadddff000-7fdadde15000 r-xp 00000000 08:05 2243325                    /usr/lib/jvm/java-8-oracle/jre/lib/amd64/libnet.so
7fdadde15000-7fdade015000 ---p 00016000 08:05 2243325                    /usr/lib/jvm/java-8-oracle/jre/lib/amd64/libnet.so
7fdade015000-7fdade016000 rw-p 00016000 08:05 2243325                    /usr/lib/jvm/java-8-oracle/jre/lib/amd64/libnet.so
7fdade016000-7fdade01e000 rw-s 00000000 00:05 847970                     /drm mm object (deleted)
7fdade01e000-7fdade07e000 rw-s 00000000 00:05 846382                     /drm mm object (deleted)
7fdade07e000-7fdade08c000 rw-s 00000000 00:05 846381                     /drm mm object (deleted)
7fdade08c000-7fdade24c000 rw-s 101953000 00:06 391                       /dev/dri/card0
7fdade24c000-7fdade40c000 rw-s 00000000 00:05 846374                     /drm mm object (deleted)
7fdade40c000-7fdade41c000 rw-s 00000000 00:05 846378                     /drm mm object (deleted)
7fdade41c000-7fdade42c000 rw-s 00000000 00:05 846376                     /drm mm object (deleted)
7fdade42c000-7fdade438000 rw-s 00000000 00:05 847281                     /drm mm object (deleted)
7fdade438000-7fdade638000 rw-p 00000000 00:00 0 
7fdade638000-7fdade63b000 ---p 00000000 00:00 0 
7fdade63b000-7fdade739000 rw-p 00000000 00:00 0 
7fdade739000-7fdade7f2000 r--p 00000000 08:05 918436                     /usr/share/fonts/truetype/dejavu/DejaVuSans.ttf
7fdade7f2000-7fdade7f6000 r-xp 00000000 08:05 2243362                    /usr/lib/jvm/java-8-oracle/jre/lib/amd64/libjavafx_font_pango.so
7fdade7f6000-7fdade9f5000 ---p 00004000 08:05 2243362                    /usr/lib/jvm/java-8-oracle/jre/lib/amd64/libjavafx_font_pango.so
7fdade9f5000-7fdade9f6000 rw-p 00003000 08:05 2243362                    /usr/lib/jvm/java-8-oracle/jre/lib/amd64/libjavafx_font_pango.so
7fdade9f6000-7fdadebf6000 rw-p 00000000 00:00 0 
7fdadebf6000-7fdadebfb000 r-xp 00000000 08:05 2243358                    /usr/lib/jvm/java-8-oracle/jre/lib/amd64/libjavafx_font_freetype.so
7fdadebfb000-7fdadedfa000 ---p 00005000 08:05 2243358                    /usr/lib/jvm/java-8-oracle/jre/lib/amd64/libjavafx_font_freetype.so
7fdadedfa000-7fdadedfb000 rw-p 00004000 08:05 2243358                    /usr/lib/jvm/java-8-oracle/jre/lib/amd64/libjavafx_font_freetype.so
7fdadedfb000-7fdadedfe000 r-xp 00000000 08:05 2243320                    /usr/lib/jvm/java-8-oracle/jre/lib/amd64/libjavafx_font.so
7fdadedfe000-7fdadeffd000 ---p 00003000 08:05 2243320                    /usr/lib/jvm/java-8-oracle/jre/lib/amd64/libjavafx_font.so
7fdadeffd000-7fdadeffe000 rw-p 00002000 08:05 2243320                    /usr/lib/jvm/java-8-oracle/jre/lib/amd64/libjavafx_font.so
7fdadeffe000-7fdadefff000 ---p 00000000 00:00 0 
7fdadefff000-7fdadf7ff000 rw-p 00000000 00:00 0 
7fdadf7ff000-7fdadf800000 ---p 00000000 00:00 0 
7fdadf800000-7fdae0000000 rw-p 00000000 00:00 0 
7fdae0000000-7fdae0021000 rw-p 00000000 00:00 0 
7fdae0021000-7fdae4000000 ---p 00000000 00:00 0 
7fdae4001000-7fdae4009000 rw-s 00000000 00:05 846377                     /drm mm object (deleted)
7fdae4009000-7fdae401c000 r--s 00345000 08:05 2243549                    /usr/lib/jvm/java-8-oracle/jre/lib/resources.jar
7fdae401c000-7fdae4058000 r--p 00000000 08:05 2243419                    /usr/lib/jvm/java-8-oracle/jre/lib/fonts/LucidaTypewriterRegular.ttf
7fdae4058000-7fdae406b000 r--p 00000000 08:05 2243414                    /usr/lib/jvm/java-8-oracle/jre/lib/fonts/LucidaBrightDemiBold.ttf
7fdae406b000-7fdae40a5000 r--p 00000000 08:05 2243415                    /usr/lib/jvm/java-8-oracle/jre/lib/fonts/LucidaTypewriterBold.ttf
7fdae40a5000-7fdae40fa000 r--p 00000000 08:05 2243416                    /usr/lib/jvm/java-8-oracle/jre/lib/fonts/LucidaBrightRegular.ttf
7fdae40fa000-7fdae41a5000 r--p 00000000 08:05 2243413                    /usr/lib/jvm/java-8-oracle/jre/lib/fonts/LucidaSansRegular.ttf
7fdae41a5000-7fdae41b9000 r--p 00000000 08:05 2243417                    /usr/lib/jvm/java-8-oracle/jre/lib/fonts/LucidaBrightItalic.ttf
7fdae41b9000-7fdae41cc000 r--p 00000000 08:05 2243421                    /usr/lib/jvm/java-8-oracle/jre/lib/fonts/LucidaBrightDemiItalic.ttf
7fdae41cc000-7fdae41cf000 ---p 00000000 00:00 0 
7fdae41cf000-7fdae42cd000 rw-p 00000000 00:00 0 
7fdae42cd000-7fdae42ce000 ---p 00000000 00:00 0 
7fdae42ce000-7fdae4ace000 rw-p 00000000 00:00 0 
7fdae4ace000-7fdae4ada000 r-xp 00000000 08:05 133762                     /usr/lib/x86_64-linux-gnu/gio/modules/libdconfsettings.so
7fdae4ada000-7fdae4cd9000 ---p 0000c000 08:05 133762                     /usr/lib/x86_64-linux-gnu/gio/modules/libdconfsettings.so
7fdae4cd9000-7fdae4cda000 r--p 0000b000 08:05 133762                     /usr/lib/x86_64-linux-gnu/gio/modules/libdconfsettings.so
7fdae4cda000-7fdae4cdb000 rw-p 0000c000 08:05 133762                     /usr/lib/x86_64-linux-gnu/gio/modules/libdconfsettings.so
7fdae4cdb000-7fdae4ce2000 r-xp 00000000 08:05 2239720                    /usr/lib/x86_64-linux-gnu/libogg.so.0.8.2
7fdae4ce2000-7fdae4ee2000 ---p 00007000 08:05 2239720                    /usr/lib/x86_64-linux-gnu/libogg.so.0.8.2
7fdae4ee2000-7fdae4ee3000 r--p 00007000 08:05 2239720                    /usr/lib/x86_64-linux-gnu/libogg.so.0.8.2
7fdae4ee3000-7fdae4ee4000 rw-p 00008000 08:05 2239720                    /usr/lib/x86_64-linux-gnu/libogg.so.0.8.2
7fdae4ee4000-7fdae4f0e000 r-xp 00000000 08:05 2240153                    /usr/lib/x86_64-linux-gnu/libvorbis.so.0.4.8
7fdae4f0e000-7fdae510e000 ---p 0002a000 08:05 2240153                    /usr/lib/x86_64-linux-gnu/libvorbis.so.0.4.8
7fdae510e000-7fdae510f000 r--p 0002a000 08:05 2240153                    /usr/lib/x86_64-linux-gnu/libvorbis.so.0.4.8
7fdae510f000-7fdae5110000 rw-p 0002b000 08:05 2240153                    /usr/lib/x86_64-linux-gnu/libvorbis.so.0.4.8
7fdae5110000-7fdae5118000 r-xp 00000000 08:05 2239564                    /usr/lib/x86_64-linux-gnu/libltdl.so.7.3.1
7fdae5118000-7fdae5318000 ---p 00008000 08:05 2239564                    /usr/lib/x86_64-linux-gnu/libltdl.so.7.3.1
7fdae5318000-7fdae5319000 r--p 00008000 08:05 2239564                    /usr/lib/x86_64-linux-gnu/libltdl.so.7.3.1
7fdae5319000-7fdae531a000 rw-p 00009000 08:05 2239564                    /usr/lib/x86_64-linux-gnu/libltdl.so.7.3.1
7fdae531a000-7fdae532e000 r-xp 00000000 08:05 2239986                    /usr/lib/x86_64-linux-gnu/libtdb.so.1.3.9
7fdae532e000-7fdae552d000 ---p 00014000 08:05 2239986                    /usr/lib/x86_64-linux-gnu/libtdb.so.1.3.9
7fdae552d000-7fdae552e000 r--p 00013000 08:05 2239986                    /usr/lib/x86_64-linux-gnu/libtdb.so.1.3.9
7fdae552e000-7fdae552f000 rw-p 00014000 08:05 2239986                    /usr/lib/x86_64-linux-gnu/libtdb.so.1.3.9
7fdae552f000-7fdae5536000 r-xp 00000000 08:05 2240157                    /usr/lib/x86_64-linux-gnu/libvorbisfile.so.3.3.7
7fdae5536000-7fdae5736000 ---p 00007000 08:05 2240157                    /usr/lib/x86_64-linux-gnu/libvorbisfile.so.3.3.7
7fdae5736000-7fdae5737000 r--p 00007000 08:05 2240157                    /usr/lib/x86_64-linux-gnu/libvorbisfile.so.3.3.7
7fdae5737000-7fdae5738000 rw-p 00008000 08:05 2240157                    /usr/lib/x86_64-linux-gnu/libvorbisfile.so.3.3.7
7fdae5738000-7fdae5748000 r-xp 00000000 08:05 2238920                    /usr/lib/x86_64-linux-gnu/libcanberra.so.0.2.5
7fdae5748000-7fdae5948000 ---p 00010000 08:05 2238920                    /usr/lib/x86_64-linux-gnu/libcanberra.so.0.2.5
7fdae5948000-7fdae5949000 r--p 00010000 08:05 2238920                    /usr/lib/x86_64-linux-gnu/libcanberra.so.0.2.5
7fdae5949000-7fdae594a000 rw-p 00011000 08:05 2238920                    /usr/lib/x86_64-linux-gnu/libcanberra.so.0.2.5
7fdae594a000-7fdae594e000 r-xp 00000000 08:05 2238916                    /usr/lib/x86_64-linux-gnu/libcanberra-gtk.so.0.1.9
7fdae594e000-7fdae5b4d000 ---p 00004000 08:05 2238916                    /usr/lib/x86_64-linux-gnu/libcanberra-gtk.so.0.1.9
7fdae5b4d000-7fdae5b4e000 r--p 00003000 08:05 2238916                    /usr/lib/x86_64-linux-gnu/libcanberra-gtk.so.0.1.9
7fdae5b4e000-7fdae5b4f000 rw-p 00004000 08:05 2238916                    /usr/lib/x86_64-linux-gnu/libcanberra-gtk.so.0.1.9
7fdae5b4f000-7fdae5b54000 r-xp 00000000 08:05 133969                     /usr/lib/x86_64-linux-gnu/gtk-2.0/modules/libcanberra-gtk-module.so
7fdae5b54000-7fdae5d53000 ---p 00005000 08:05 133969                     /usr/lib/x86_64-linux-gnu/gtk-2.0/modules/libcanberra-gtk-module.so
7fdae5d53000-7fdae5d54000 r--p 00004000 08:05 133969                     /usr/lib/x86_64-linux-gnu/gtk-2.0/modules/libcanberra-gtk-module.so
7fdae5d54000-7fdae5d55000 rw-p 00005000 08:05 133969                     /usr/lib/x86_64-linux-gnu/gtk-2.0/modules/libcanberra-gtk-module.so
7fdae5d55000-7fdae5d85000 r-xp 00000000 08:05 133951                     /usr/lib/x86_64-linux-gnu/gtk-2.0/2.10.0/engines/libmurrine.so
7fdae5d85000-7fdae5f85000 ---p 00030000 08:05 133951                     /usr/lib/x86_64-linux-gnu/gtk-2.0/2.10.0/engines/libmurrine.so
7fdae5f85000-7fdae5f86000 r--p 00030000 08:05 133951                     /usr/lib/x86_64-linux-gnu/gtk-2.0/2.10.0/engines/libmurrine.so
7fdae5f86000-7fdae5f87000 rw-p 00031000 08:05 133951                     /usr/lib/x86_64-linux-gnu/gtk-2.0/2.10.0/engines/libmurrine.so
7fdae5f87000-7fdae5f97000 r-xp 00000000 08:05 2240079                    /usr/lib/x86_64-linux-gnu/libunity-gtk2-parser.so.0.0.0
7fdae5f97000-7fdae6197000 ---p 00010000 08:05 2240079                    /usr/lib/x86_64-linux-gnu/libunity-gtk2-parser.so.0.0.0
7fdae6197000-7fdae6198000 r--p 00010000 08:05 2240079                    /usr/lib/x86_64-linux-gnu/libunity-gtk2-parser.so.0.0.0
7fdae6198000-7fdae6199000 rw-p 00011000 08:05 2240079                    /usr/lib/x86_64-linux-gnu/libunity-gtk2-parser.so.0.0.0
7fdae6199000-7fdae619e000 r-xp 00000000 08:05 133973                     /usr/lib/x86_64-linux-gnu/gtk-2.0/modules/libunity-gtk-module.so
7fdae619e000-7fdae639d000 ---p 00005000 08:05 133973                     /usr/lib/x86_64-linux-gnu/gtk-2.0/modules/libunity-gtk-module.so
7fdae639d000-7fdae639e000 r--p 00004000 08:05 133973                     /usr/lib/x86_64-linux-gnu/gtk-2.0/modules/libunity-gtk-module.so
7fdae639e000-7fdae639f000 rw-p 00005000 08:05 133973                     /usr/lib/x86_64-linux-gnu/gtk-2.0/modules/libunity-gtk-module.so
7fdae639f000-7fdae63c1000 r-xp 00000000 08:05 398679                     /lib/x86_64-linux-gnu/liblzma.so.5.0.0
7fdae63c1000-7fdae65c0000 ---p 00022000 08:05 398679                     /lib/x86_64-linux-gnu/liblzma.so.5.0.0
7fdae65c0000-7fdae65c1000 r--p 00021000 08:05 398679                     /lib/x86_64-linux-gnu/liblzma.so.5.0.0
7fdae65c1000-7fdae65c2000 rw-p 00022000 08:05 398679                     /lib/x86_64-linux-gnu/liblzma.so.5.0.0
7fdae65c2000-7fdae660c000 r-xp 00000000 08:05 399570                     /lib/x86_64-linux-gnu/libdbus-1.so.3.14.7
7fdae660c000-7fdae680c000 ---p 0004a000 08:05 399570                     /lib/x86_64-linux-gnu/libdbus-1.so.3.14.7
7fdae680c000-7fdae680d000 r--p 0004a000 08:05 399570                     /lib/x86_64-linux-gnu/libdbus-1.so.3.14.7
7fdae680d000-7fdae680e000 rw-p 0004b000 08:05 399570                     /lib/x86_64-linux-gnu/libdbus-1.so.3.14.7
7fdae680e000-7fdae683a000 r-xp 00000000 08:05 2238852                    /usr/lib/x86_64-linux-gnu/libatspi.so.0.0.1
7fdae683a000-7fdae6a39000 ---p 0002c000 08:05 2238852                    /usr/lib/x86_64-linux-gnu/libatspi.so.0.0.1
7fdae6a39000-7fdae6a3c000 r--p 0002b000 08:05 2238852                    /usr/lib/x86_64-linux-gnu/libatspi.so.0.0.1
7fdae6a3c000-7fdae6a3d000 rw-p 0002e000 08:05 2238852                    /usr/lib/x86_64-linux-gnu/libatspi.so.0.0.1
7fdae6a3d000-7fdae6a6a000 r-xp 00000000 08:05 2238846                    /usr/lib/x86_64-linux-gnu/libatk-bridge-2.0.so.0.0.0
7fdae6a6a000-7fdae6c69000 ---p 0002d000 08:05 2238846                    /usr/lib/x86_64-linux-gnu/libatk-bridge-2.0.so.0.0.0
7fdae6c69000-7fdae6c6a000 r--p 0002c000 08:05 2238846                    /usr/lib/x86_64-linux-gnu/libatk-bridge-2.0.so.0.0.0
7fdae6c6a000-7fdae6c6c000 rw-p 0002d000 08:05 2238846                    /usr/lib/x86_64-linux-gnu/libatk-bridge-2.0.so.0.0.0
7fdae6c6c000-7fdae6c6d000 r-xp 00000000 08:05 133968                     /usr/lib/x86_64-linux-gnu/gtk-2.0/modules/libatk-bridge.so
7fdae6c6d000-7fdae6e6c000 ---p 00001000 08:05 133968                     /usr/lib/x86_64-linux-gnu/gtk-2.0/modules/libatk-bridge.so
7fdae6e6c000-7fdae6e6d000 r--p 00000000 08:05 133968                     /usr/lib/x86_64-linux-gnu/gtk-2.0/modules/libatk-bridge.so
7fdae6e6d000-7fdae6e6e000 rw-p 00001000 08:05 133968                     /usr/lib/x86_64-linux-gnu/gtk-2.0/modules/libatk-bridge.so
7fdae6e6e000-7fdae6e75000 r-xp 00000000 08:05 2228785                    /usr/lib/x86_64-linux-gnu/libgailutil.so.18.0.1
7fdae6e75000-7fdae7074000 ---p 00007000 08:05 2228785                    /usr/lib/x86_64-linux-gnu/libgailutil.so.18.0.1
7fdae7074000-7fdae7075000 r--p 00006000 08:05 2228785                    /usr/lib/x86_64-linux-gnu/libgailutil.so.18.0.1
7fdae7075000-7fdae7076000 rw-p 00007000 08:05 2228785                    /usr/lib/x86_64-linux-gnu/libgailutil.so.18.0.1
7fdae7076000-7fdae70c4000 r-xp 00000000 08:05 132695                     /usr/lib/x86_64-linux-gnu/gtk-2.0/modules/libgail.so
7fdae70c4000-7fdae72c3000 ---p 0004e000 08:05 132695                     /usr/lib/x86_64-linux-gnu/gtk-2.0/modules/libgail.so
7fdae72c3000-7fdae72c4000 r--p 0004d000 08:05 132695                     /usr/lib/x86_64-linux-gnu/gtk-2.0/modules/libgail.so
7fdae72c4000-7fdae72c6000 rw-p 0004e000 08:05 132695                     /usr/lib/x86_64-linux-gnu/gtk-2.0/modules/libgail.so
7fdae72c6000-7fdae72d7000 r-xp 00000000 08:05 132122                     /usr/lib/x86_64-linux-gnu/gtk-2.0/modules/liboverlay-scrollbar.so
7fdae72d7000-7fdae74d7000 ---p 00011000 08:05 132122                     /usr/lib/x86_64-linux-gnu/gtk-2.0/modules/liboverlay-scrollbar.so
7fdae74d7000-7fdae74d8000 r--p 00011000 08:05 132122                     /usr/lib/x86_64-linux-gnu/gtk-2.0/modules/liboverlay-scrollbar.so
7fdae74d8000-7fdae74d9000 rw-p 00012000 08:05 132122                     /usr/lib/x86_64-linux-gnu/gtk-2.0/modules/liboverlay-scrollbar.so
7fdae74d9000-7fdae7502000 r-xp 00000000 08:05 2243370                    /usr/lib/jvm/java-8-oracle/jre/lib/amd64/libglass.so
7fdae7502000-7fdae7701000 ---p 00029000 08:05 2243370                    /usr/lib/jvm/java-8-oracle/jre/lib/amd64/libglass.so
7fdae7701000-7fdae7704000 rw-p 00028000 08:05 2243370                    /usr/lib/jvm/java-8-oracle/jre/lib/amd64/libglass.so
7fdae7704000-7fdae773b000 r-xp 00000000 08:05 2240033                    /usr/lib/x86_64-linux-gnu/libtxc_dxtn_s2tc.so.0.0.0
7fdae773b000-7fdae793a000 ---p 00037000 08:05 2240033                    /usr/lib/x86_64-linux-gnu/libtxc_dxtn_s2tc.so.0.0.0
7fdae793a000-7fdae793b000 r--p 00036000 08:05 2240033                    /usr/lib/x86_64-linux-gnu/libtxc_dxtn_s2tc.so.0.0.0
7fdae793b000-7fdae793c000 rw-p 00037000 08:05 2240033                    /usr/lib/x86_64-linux-gnu/libtxc_dxtn_s2tc.so.0.0.0
7fdae793c000-7fdae7944000 r-xp 00000000 08:05 2239767                    /usr/lib/x86_64-linux-gnu/libpciaccess.so.0.11.1
7fdae7944000-7fdae7b44000 ---p 00008000 08:05 2239767                    /usr/lib/x86_64-linux-gnu/libpciaccess.so.0.11.1
7fdae7b44000-7fdae7b45000 r--p 00008000 08:05 2239767                    /usr/lib/x86_64-linux-gnu/libpciaccess.so.0.11.1
7fdae7b45000-7fdae7b46000 rw-p 00009000 08:05 2239767                    /usr/lib/x86_64-linux-gnu/libpciaccess.so.0.11.1
7fdae7b46000-7fdae7b58000 r-xp 00000000 08:05 398660                     /lib/x86_64-linux-gnu/libgpg-error.so.0.19.1
7fdae7b58000-7fdae7d58000 ---p 00012000 08:05 398660                     /lib/x86_64-linux-gnu/libgpg-error.so.0.19.1
7fdae7d58000-7fdae7d59000 r--p 00012000 08:05 398660                     /lib/x86_64-linux-gnu/libgpg-error.so.0.19.1
7fdae7d59000-7fdae7d5a000 rw-p 00013000 08:05 398660                     /lib/x86_64-linux-gnu/libgpg-error.so.0.19.1
7fdae7d5a000-7fdae7d65000 r-xp 00000000 08:05 2239069                    /usr/lib/x86_64-linux-gnu/libdrm_radeon.so.1.0.1
7fdae7d65000-7fdae7f64000 ---p 0000b000 08:05 2239069                    /usr/lib/x86_64-linux-gnu/libdrm_radeon.so.1.0.1
7fdae7f64000-7fdae7f65000 r--p 0000a000 08:05 2239069                    /usr/lib/x86_64-linux-gnu/libdrm_radeon.so.1.0.1
7fdae7f65000-7fdae7f66000 rw-p 0000b000 08:05 2239069                    /usr/lib/x86_64-linux-gnu/libdrm_radeon.so.1.0.1
7fdae7f66000-7fdae7f6d000 r-xp 00000000 08:05 2239067                    /usr/lib/x86_64-linux-gnu/libdrm_nouveau.so.2.0.0
7fdae7f6d000-7fdae816c000 ---p 00007000 08:05 2239067                    /usr/lib/x86_64-linux-gnu/libdrm_nouveau.so.2.0.0
7fdae816c000-7fdae816d000 r--p 00006000 08:05 2239067                    /usr/lib/x86_64-linux-gnu/libdrm_nouveau.so.2.0.0
7fdae816d000-7fdae816e000 rw-p 00007000 08:05 2239067                    /usr/lib/x86_64-linux-gnu/libdrm_nouveau.so.2.0.0
7fdae816e000-7fdae818e000 r-xp 00000000 08:05 2239065                    /usr/lib/x86_64-linux-gnu/libdrm_intel.so.1.0.0
7fdae818e000-7fdae838d000 ---p 00020000 08:05 2239065                    /usr/lib/x86_64-linux-gnu/libdrm_intel.so.1.0.0
7fdae838d000-7fdae838e000 r--p 0001f000 08:05 2239065                    /usr/lib/x86_64-linux-gnu/libdrm_intel.so.1.0.0
7fdae838e000-7fdae838f000 rw-p 00020000 08:05 2239065                    /usr/lib/x86_64-linux-gnu/libdrm_intel.so.1.0.0
7fdae838f000-7fdae8496000 r-xp 00000000 08:05 398656                     /lib/x86_64-linux-gnu/libgcrypt.so.20.1.2
7fdae8496000-7fdae8695000 ---p 00107000 08:05 398656                     /lib/x86_64-linux-gnu/libgcrypt.so.20.1.2
7fdae8695000-7fdae8697000 r--p 00106000 08:05 398656                     /lib/x86_64-linux-gnu/libgcrypt.so.20.1.2
7fdae8697000-7fdae869e000 rw-p 00108000 08:05 398656                     /lib/x86_64-linux-gnu/libgcrypt.so.20.1.2
7fdae869e000-7fdae8d41000 r-xp 00000000 08:05 133427                     /usr/lib/x86_64-linux-gnu/dri/i965_dri.so
7fdae8d41000-7fdae8f40000 ---p 006a3000 08:05 133427                     /usr/lib/x86_64-linux-gnu/dri/i965_dri.so
7fdae8f40000-7fdae8f7f000 r--p 006a2000 08:05 133427                     /usr/lib/x86_64-linux-gnu/dri/i965_dri.so
7fdae8f7f000-7fdae8f87000 rw-p 006e1000 08:05 133427                     /usr/lib/x86_64-linux-gnu/dri/i965_dri.so
7fdae8f87000-7fdae8f8f000 rw-p 00000000 00:00 0 
7fdae8f8f000-7fdae8f93000 r-xp 00000000 08:05 398105                     /lib/x86_64-linux-gnu/libuuid.so.1.3.0
7fdae8f93000-7fdae9192000 ---p 00004000 08:05 398105                     /lib/x86_64-linux-gnu/libuuid.so.1.3.0
7fdae9192000-7fdae9193000 r--p 00003000 08:05 398105                     /lib/x86_64-linux-gnu/libuuid.so.1.3.0
7fdae9193000-7fdae9194000 rw-p 00004000 08:05 398105                     /lib/x86_64-linux-gnu/libuuid.so.1.3.0
7fdae9194000-7fdae919a000 r-xp 00000000 08:05 2239010                    /usr/lib/x86_64-linux-gnu/libdatrie.so.1.3.3
7fdae919a000-7fdae939a000 ---p 00006000 08:05 2239010                    /usr/lib/x86_64-linux-gnu/libdatrie.so.1.3.3
7fdae939a000-7fdae939b000 r--p 00006000 08:05 2239010                    /usr/lib/x86_64-linux-gnu/libdatrie.so.1.3.3
7fdae939b000-7fdae939c000 rw-p 00007000 08:05 2239010                    /usr/lib/x86_64-linux-gnu/libdatrie.so.1.3.3
7fdae939c000-7fdae93a1000 r-xp 00000000 08:05 2238755                    /usr/lib/x86_64-linux-gnu/libXdmcp.so.6.0.0
7fdae93a1000-7fdae95a0000 ---p 00005000 08:05 2238755                    /usr/lib/x86_64-linux-gnu/libXdmcp.so.6.0.0
7fdae95a0000-7fdae95a1000 r--p 00004000 08:05 2238755                    /usr/lib/x86_64-linux-gnu/libXdmcp.so.6.0.0
7fdae95a1000-7fdae95a2000 rw-p 00005000 08:05 2238755                    /usr/lib/x86_64-linux-gnu/libXdmcp.so.6.0.0
7fdae95a2000-7fdae95a4000 r-xp 00000000 08:05 2238744                    /usr/lib/x86_64-linux-gnu/libXau.so.6.0.0
7fdae95a4000-7fdae97a4000 ---p 00002000 08:05 2238744                    /usr/lib/x86_64-linux-gnu/libXau.so.6.0.0
7fdae97a4000-7fdae97a5000 r--p 00002000 08:05 2238744                    /usr/lib/x86_64-linux-gnu/libXau.so.6.0.0
7fdae97a5000-7fdae97a6000 rw-p 00003000 08:05 2238744                    /usr/lib/x86_64-linux-gnu/libXau.so.6.0.0
7fdae97a6000-7fdae97c9000 r-xp 00000000 08:05 2239322                    /usr/lib/x86_64-linux-gnu/libgraphite2.so.3.0.1
7fdae97c9000-7fdae99c8000 ---p 00023000 08:05 2239322                    /usr/lib/x86_64-linux-gnu/libgraphite2.so.3.0.1
7fdae99c8000-7fdae99ca000 r--p 00022000 08:05 2239322                    /usr/lib/x86_64-linux-gnu/libgraphite2.so.3.0.1
7fdae99ca000-7fdae99cb000 rw-p 00024000 08:05 2239322                    /usr/lib/x86_64-linux-gnu/libgraphite2.so.3.0.1
7fdae99cb000-7fdae9a08000 r-xp 00000000 08:05 398114                     /lib/x86_64-linux-gnu/libblkid.so.1.1.0
7fdae9a08000-7fdae9c07000 ---p 0003d000 08:05 398114                     /lib/x86_64-linux-gnu/libblkid.so.1.1.0
7fdae9c07000-7fdae9c0b000 r--p 0003c000 08:05 398114                     /lib/x86_64-linux-gnu/libblkid.so.1.1.0
7fdae9c0b000-7fdae9c0c000 rw-p 00040000 08:05 398114                     /lib/x86_64-linux-gnu/libblkid.so.1.1.0
7fdae9c0c000-7fdae9c0d000 rw-p 00000000 00:00 0 
7fdae9c0d000-7fdae9c1b000 r-xp 00000000 08:05 2239061                    /usr/lib/x86_64-linux-gnu/libdrm.so.2.4.0
7fdae9c1b000-7fdae9e1a000 ---p 0000e000 08:05 2239061                    /usr/lib/x86_64-linux-gnu/libdrm.so.2.4.0
7fdae9e1a000-7fdae9e1b000 r--p 0000d000 08:05 2239061                    /usr/lib/x86_64-linux-gnu/libdrm.so.2.4.0
7fdae9e1b000-7fdae9e1c000 rw-p 0000e000 08:05 2239061                    /usr/lib/x86_64-linux-gnu/libdrm.so.2.4.0
7fdae9e1c000-7fdae9e20000 r-xp 00000000 08:05 2240244                    /usr/lib/x86_64-linux-gnu/libxcb-dri2.so.0.0.0
7fdae9e20000-7fdaea01f000 ---p 00004000 08:05 2240244                    /usr/lib/x86_64-linux-gnu/libxcb-dri2.so.0.0.0
7fdaea01f000-7fdaea020000 r--p 00003000 08:05 2240244                    /usr/lib/x86_64-linux-gnu/libxcb-dri2.so.0.0.0
7fdaea020000-7fdaea021000 rw-p 00004000 08:05 2240244                    /usr/lib/x86_64-linux-gnu/libxcb-dri2.so.0.0.0
7fdaea021000-7fdaea038000 r-xp 00000000 08:05 2240248                    /usr/lib/x86_64-linux-gnu/libxcb-glx.so.0.0.0
7fdaea038000-7fdaea237000 ---p 00017000 08:05 2240248                    /usr/lib/x86_64-linux-gnu/libxcb-glx.so.0.0.0
7fdaea237000-7fdaea239000 r--p 00016000 08:05 2240248                    /usr/lib/x86_64-linux-gnu/libxcb-glx.so.0.0.0
7fdaea239000-7fdaea23a000 rw-p 00018000 08:05 2240248                    /usr/lib/x86_64-linux-gnu/libxcb-glx.so.0.0.0
7fdaea23a000-7fdaea23b000 r-xp 00000000 08:05 2238738                    /usr/lib/x86_64-linux-gnu/libX11-xcb.so.1.0.0
7fdaea23b000-7fdaea43a000 ---p 00001000 08:05 2238738                    /usr/lib/x86_64-linux-gnu/libX11-xcb.so.1.0.0
7fdaea43a000-7fdaea43b000 r--p 00000000 08:05 2238738                    /usr/lib/x86_64-linux-gnu/libX11-xcb.so.1.0.0
7fdaea43b000-7fdaea43c000 rw-p 00001000 08:05 2238738                    /usr/lib/x86_64-linux-gnu/libX11-xcb.so.1.0.0
7fdaea43c000-7fdaea465000 r-xp 00000000 08:05 2231673                    /usr/lib/x86_64-linux-gnu/libglapi.so.0.0.0
7fdaea465000-7fdaea664000 ---p 00029000 08:05 2231673                    /usr/lib/x86_64-linux-gnu/libglapi.so.0.0.0
7fdaea664000-7fdaea668000 r--p 00028000 08:05 2231673                    /usr/lib/x86_64-linux-gnu/libglapi.so.0.0.0
7fdaea668000-7fdaea669000 rw-p 0002c000 08:05 2231673                    /usr/lib/x86_64-linux-gnu/libglapi.so.0.0.0
7fdaea669000-7fdaea66a000 rw-p 00000000 00:00 0 
7fdaea66a000-7fdaea66b000 r-xp 00000000 08:05 2240290                    /usr/lib/x86_64-linux-gnu/libxshmfence.so.1.0.0
7fdaea66b000-7fdaea86b000 ---p 00001000 08:05 2240290                    /usr/lib/x86_64-linux-gnu/libxshmfence.so.1.0.0
7fdaea86b000-7fdaea86c000 r--p 00001000 08:05 2240290                    /usr/lib/x86_64-linux-gnu/libxshmfence.so.1.0.0
7fdaea86c000-7fdaea86d000 rw-p 00002000 08:05 2240290                    /usr/lib/x86_64-linux-gnu/libxshmfence.so.1.0.0
7fdaea86d000-7fdaea872000 r-xp 00000000 08:05 2240268                    /usr/lib/x86_64-linux-gnu/libxcb-sync.so.1.0.0
7fdaea872000-7fdaeaa72000 ---p 00005000 08:05 2240268                    /usr/lib/x86_64-linux-gnu/libxcb-sync.so.1.0.0
7fdaeaa72000-7fdaeaa73000 r--p 00005000 08:05 2240268                    /usr/lib/x86_64-linux-gnu/libxcb-sync.so.1.0.0
7fdaeaa73000-7fdaeaa74000 rw-p 00006000 08:05 2240268                    /usr/lib/x86_64-linux-gnu/libxcb-sync.so.1.0.0
7fdaeaa74000-7fdaeaa76000 r-xp 00000000 08:05 2240256                    /usr/lib/x86_64-linux-gnu/libxcb-present.so.0.0.0
7fdaeaa76000-7fdaeac75000 ---p 00002000 08:05 2240256                    /usr/lib/x86_64-linux-gnu/libxcb-present.so.0.0.0
7fdaeac75000-7fdaeac76000 r--p 00001000 08:05 2240256                    /usr/lib/x86_64-linux-gnu/libxcb-present.so.0.0.0
7fdaeac76000-7fdaeac77000 rw-p 00002000 08:05 2240256                    /usr/lib/x86_64-linux-gnu/libxcb-present.so.0.0.0
7fdaeac77000-7fdaeac79000 r-xp 00000000 08:05 2240246                    /usr/lib/x86_64-linux-gnu/libxcb-dri3.so.0.0.0
7fdaeac79000-7fdaeae78000 ---p 00002000 08:05 2240246                    /usr/lib/x86_64-linux-gnu/libxcb-dri3.so.0.0.0
7fdaeae78000-7fdaeae79000 r--p 00001000 08:05 2240246                    /usr/lib/x86_64-linux-gnu/libxcb-dri3.so.0.0.0
7fdaeae79000-7fdaeae7a000 rw-p 00002000 08:05 2240246                    /usr/lib/x86_64-linux-gnu/libxcb-dri3.so.0.0.0
7fdaeae7a000-7fdaeaeec000 r-xp 00000000 08:05 398742                     /lib/x86_64-linux-gnu/libpcre.so.3.13.3
7fdaeaeec000-7fdaeb0eb000 ---p 00072000 08:05 398742                     /lib/x86_64-linux-gnu/libpcre.so.3.13.3
7fdaeb0eb000-7fdaeb0ec000 r--p 00071000 08:05 398742                     /lib/x86_64-linux-gnu/libpcre.so.3.13.3
7fdaeb0ec000-7fdaeb0ed000 rw-p 00072000 08:05 398742                     /lib/x86_64-linux-gnu/libpcre.so.3.13.3
7fdaeb0ed000-7fdaeb0f4000 r-xp 00000000 08:05 2239141                    /usr/lib/x86_64-linux-gnu/libffi.so.6.0.4
7fdaeb0f4000-7fdaeb2f3000 ---p 00007000 08:05 2239141                    /usr/lib/x86_64-linux-gnu/libffi.so.6.0.4
7fdaeb2f3000-7fdaeb2f4000 r--p 00006000 08:05 2239141                    /usr/lib/x86_64-linux-gnu/libffi.so.6.0.4
7fdaeb2f4000-7fdaeb2f5000 rw-p 00007000 08:05 2239141                    /usr/lib/x86_64-linux-gnu/libffi.so.6.0.4
7fdaeb2f5000-7fdaeb31c000 r-xp 00000000 08:05 398647                     /lib/x86_64-linux-gnu/libexpat.so.1.6.2
7fdaeb31c000-7fdaeb51c000 ---p 00027000 08:05 398647                     /lib/x86_64-linux-gnu/libexpat.so.1.6.2
7fdaeb51c000-7fdaeb51e000 r--p 00027000 08:05 398647                     /lib/x86_64-linux-gnu/libexpat.so.1.6.2
7fdaeb51e000-7fdaeb51f000 rw-p 00029000 08:05 398647                     /lib/x86_64-linux-gnu/libexpat.so.1.6.2
7fdaeb51f000-7fdaeb527000 r-xp 00000000 08:05 2240000                    /usr/lib/x86_64-linux-gnu/libthai.so.0.3.0
7fdaeb527000-7fdaeb726000 ---p 00008000 08:05 2240000                    /usr/lib/x86_64-linux-gnu/libthai.so.0.3.0
7fdaeb726000-7fdaeb727000 r--p 00007000 08:05 2240000                    /usr/lib/x86_64-linux-gnu/libthai.so.0.3.0
7fdaeb727000-7fdaeb728000 rw-p 00008000 08:05 2240000                    /usr/lib/x86_64-linux-gnu/libthai.so.0.3.0
7fdaeb728000-7fdaeb749000 r-xp 00000000 08:05 2240278                    /usr/lib/x86_64-linux-gnu/libxcb.so.1.1.0
7fdaeb749000-7fdaeb948000 ---p 00021000 08:05 2240278                    /usr/lib/x86_64-linux-gnu/libxcb.so.1.1.0
7fdaeb948000-7fdaeb949000 r--p 00020000 08:05 2240278                    /usr/lib/x86_64-linux-gnu/libxcb.so.1.1.0
7fdaeb949000-7fdaeb94a000 rw-p 00021000 08:05 2240278                    /usr/lib/x86_64-linux-gnu/libxcb.so.1.1.0
7fdaeb94a000-7fdaeb952000 r-xp 00000000 08:05 2240262                    /usr/lib/x86_64-linux-gnu/libxcb-render.so.0.0.0
7fdaeb952000-7fdaebb52000 ---p 00008000 08:05 2240262                    /usr/lib/x86_64-linux-gnu/libxcb-render.so.0.0.0
7fdaebb52000-7fdaebb53000 r--p 00008000 08:05 2240262                    /usr/lib/x86_64-linux-gnu/libxcb-render.so.0.0.0
7fdaebb53000-7fdaebb54000 rw-p 00009000 08:05 2240262                    /usr/lib/x86_64-linux-gnu/libxcb-render.so.0.0.0
7fdaebb54000-7fdaebb56000 r-xp 00000000 08:05 2240266                    /usr/lib/x86_64-linux-gnu/libxcb-shm.so.0.0.0
7fdaebb56000-7fdaebd56000 ---p 00002000 08:05 2240266                    /usr/lib/x86_64-linux-gnu/libxcb-shm.so.0.0.0
7fdaebd56000-7fdaebd57000 r--p 00002000 08:05 2240266                    /usr/lib/x86_64-linux-gnu/libxcb-shm.so.0.0.0
7fdaebd57000-7fdaebd58000 rw-p 00003000 08:05 2240266                    /usr/lib/x86_64-linux-gnu/libxcb-shm.so.0.0.0
7fdaebd58000-7fdaebdf7000 r-xp 00000000 08:05 2239783                    /usr/lib/x86_64-linux-gnu/libpixman-1.so.0.33.6
7fdaebdf7000-7fdaebff7000 ---p 0009f000 08:05 2239783                    /usr/lib/x86_64-linux-gnu/libpixman-1.so.0.33.6
7fdaebff7000-7fdaebfff000 r--p 0009f000 08:05 2239783                    /usr/lib/x86_64-linux-gnu/libpixman-1.so.0.33.6
7fdaebfff000-7fdaec000000 rw-p 000a7000 08:05 2239783                    /usr/lib/x86_64-linux-gnu/libpixman-1.so.0.33.6
7fdaec000000-7fdaede88000 rw-p 00000000 00:00 0 
7fdaede88000-7fdaf0000000 ---p 00000000 00:00 0 
7fdaf0003000-7fdaf0007000 r--s 0009a000 08:05 2243269                    /usr/lib/jvm/java-8-oracle/jre/lib/jsse.jar
7fdaf0007000-7fdaf0055000 r--p 00000000 08:05 2243420                    /usr/lib/jvm/java-8-oracle/jre/lib/fonts/LucidaSansDemiBold.ttf
7fdaf0055000-7fdaf005a000 r--s 00084000 08:05 2243424                    /usr/lib/jvm/java-8-oracle/jre/lib/jfr.jar
7fdaf005a000-7fdaf008b000 r-xp 00000000 08:05 2239791                    /usr/lib/x86_64-linux-gnu/libpng16.so.16.25.0
7fdaf008b000-7fdaf028a000 ---p 00031000 08:05 2239791                    /usr/lib/x86_64-linux-gnu/libpng16.so.16.25.0
7fdaf028a000-7fdaf028b000 r--p 00030000 08:05 2239791                    /usr/lib/x86_64-linux-gnu/libpng16.so.16.25.0
7fdaf028b000-7fdaf028c000 rw-p 00031000 08:05 2239791                    /usr/lib/x86_64-linux-gnu/libpng16.so.16.25.0
7fdaf028c000-7fdaf030a000 r-xp 00000000 08:05 2239412                    /usr/lib/x86_64-linux-gnu/libharfbuzz.so.0.10200.7
7fdaf030a000-7fdaf050a000 ---p 0007e000 08:05 2239412                    /usr/lib/x86_64-linux-gnu/libharfbuzz.so.0.10200.7
7fdaf050a000-7fdaf050b000 r--p 0007e000 08:05 2239412                    /usr/lib/x86_64-linux-gnu/libharfbuzz.so.0.10200.7
7fdaf050b000-7fdaf050c000 rw-p 0007f000 08:05 2239412                    /usr/lib/x86_64-linux-gnu/libharfbuzz.so.0.10200.7
7fdaf050c000-7fdaf0552000 r-xp 00000000 08:05 398122                     /lib/x86_64-linux-gnu/libmount.so.1.1.0
7fdaf0552000-7fdaf0751000 ---p 00046000 08:05 398122                     /lib/x86_64-linux-gnu/libmount.so.1.1.0
7fdaf0751000-7fdaf0752000 r--p 00045000 08:05 398122                     /lib/x86_64-linux-gnu/libmount.so.1.1.0
7fdaf0752000-7fdaf0753000 rw-p 00046000 08:05 398122                     /lib/x86_64-linux-gnu/libmount.so.1.1.0
7fdaf0753000-7fdaf0754000 rw-p 00000000 00:00 0 
7fdaf0754000-7fdaf076b000 r-xp 00000000 08:05 409762                     /lib/x86_64-linux-gnu/libresolv-2.24.so
7fdaf076b000-7fdaf096b000 ---p 00017000 08:05 409762                     /lib/x86_64-linux-gnu/libresolv-2.24.so
7fdaf096b000-7fdaf096c000 r--p 00017000 08:05 409762                     /lib/x86_64-linux-gnu/libresolv-2.24.so
7fdaf096c000-7fdaf096d000 rw-p 00018000 08:05 409762                     /lib/x86_64-linux-gnu/libresolv-2.24.so
7fdaf096d000-7fdaf096f000 rw-p 00000000 00:00 0 
7fdaf096f000-7fdaf0992000 r-xp 00000000 08:05 398769                     /lib/x86_64-linux-gnu/libselinux.so.1
7fdaf0992000-7fdaf0b91000 ---p 00023000 08:05 398769                     /lib/x86_64-linux-gnu/libselinux.so.1
7fdaf0b91000-7fdaf0b92000 r--p 00022000 08:05 398769                     /lib/x86_64-linux-gnu/libselinux.so.1
7fdaf0b92000-7fdaf0b93000 rw-p 00023000 08:05 398769                     /lib/x86_64-linux-gnu/libselinux.so.1
7fdaf0b93000-7fdaf0b95000 rw-p 00000000 00:00 0 
7fdaf0b95000-7fdaf0bae000 r-xp 00000000 08:05 398798                     /lib/x86_64-linux-gnu/libz.so.1.2.8
7fdaf0bae000-7fdaf0dad000 ---p 00019000 08:05 398798                     /lib/x86_64-linux-gnu/libz.so.1.2.8
7fdaf0dad000-7fdaf0dae000 r--p 00018000 08:05 398798                     /lib/x86_64-linux-gnu/libz.so.1.2.8
7fdaf0dae000-7fdaf0daf000 rw-p 00019000 08:05 398798                     /lib/x86_64-linux-gnu/libz.so.1.2.8
7fdaf0daf000-7fdaf0dc0000 r-xp 00000000 08:05 2238757                    /usr/lib/x86_64-linux-gnu/libXext.so.6.4.0
7fdaf0dc0000-7fdaf0fbf000 ---p 00011000 08:05 2238757                    /usr/lib/x86_64-linux-gnu/libXext.so.6.4.0
7fdaf0fbf000-7fdaf0fc0000 r--p 00010000 08:05 2238757                    /usr/lib/x86_64-linux-gnu/libXext.so.6.4.0
7fdaf0fc0000-7fdaf0fc1000 rw-p 00011000 08:05 2238757                    /usr/lib/x86_64-linux-gnu/libXext.so.6.4.0
7fdaf0fc1000-7fdaf0fc3000 r-xp 00000000 08:05 2238753                    /usr/lib/x86_64-linux-gnu/libXdamage.so.1.1.0
7fdaf0fc3000-7fdaf11c2000 ---p 00002000 08:05 2238753                    /usr/lib/x86_64-linux-gnu/libXdamage.so.1.1.0
7fdaf11c2000-7fdaf11c3000 r--p 00001000 08:05 2238753                    /usr/lib/x86_64-linux-gnu/libXdamage.so.1.1.0
7fdaf11c3000-7fdaf11c4000 rw-p 00002000 08:05 2238753                    /usr/lib/x86_64-linux-gnu/libXdamage.so.1.1.0
7fdaf11c4000-7fdaf11c6000 r-xp 00000000 08:05 2238749                    /usr/lib/x86_64-linux-gnu/libXcomposite.so.1.0.0
7fdaf11c6000-7fdaf13c5000 ---p 00002000 08:05 2238749                    /usr/lib/x86_64-linux-gnu/libXcomposite.so.1.0.0
7fdaf13c5000-7fdaf13c6000 r--p 00001000 08:05 2238749                    /usr/lib/x86_64-linux-gnu/libXcomposite.so.1.0.0
7fdaf13c6000-7fdaf13c7000 rw-p 00002000 08:05 2238749                    /usr/lib/x86_64-linux-gnu/libXcomposite.so.1.0.0
7fdaf13c7000-7fdaf13d0000 r-xp 00000000 08:05 2238751                    /usr/lib/x86_64-linux-gnu/libXcursor.so.1.0.2
7fdaf13d0000-7fdaf15cf000 ---p 00009000 08:05 2238751                    /usr/lib/x86_64-linux-gnu/libXcursor.so.1.0.2
7fdaf15cf000-7fdaf15d0000 r--p 00008000 08:05 2238751                    /usr/lib/x86_64-linux-gnu/libXcursor.so.1.0.2
7fdaf15d0000-7fdaf15d1000 rw-p 00009000 08:05 2238751                    /usr/lib/x86_64-linux-gnu/libXcursor.so.1.0.2
7fdaf15d1000-7fdaf15db000 r-xp 00000000 08:05 2238775                    /usr/lib/x86_64-linux-gnu/libXrandr.so.2.2.0
7fdaf15db000-7fdaf17da000 ---p 0000a000 08:05 2238775                    /usr/lib/x86_64-linux-gnu/libXrandr.so.2.2.0
7fdaf17da000-7fdaf17db000 r--p 00009000 08:05 2238775                    /usr/lib/x86_64-linux-gnu/libXrandr.so.2.2.0
7fdaf17db000-7fdaf17dc000 rw-p 0000a000 08:05 2238775                    /usr/lib/x86_64-linux-gnu/libXrandr.so.2.2.0
7fdaf17dc000-7fdaf17eb000 r-xp 00000000 08:05 2238765                    /usr/lib/x86_64-linux-gnu/libXi.so.6.1.0
7fdaf17eb000-7fdaf19ea000 ---p 0000f000 08:05 2238765                    /usr/lib/x86_64-linux-gnu/libXi.so.6.1.0
7fdaf19ea000-7fdaf19eb000 r--p 0000e000 08:05 2238765                    /usr/lib/x86_64-linux-gnu/libXi.so.6.1.0
7fdaf19eb000-7fdaf19ec000 rw-p 0000f000 08:05 2238765                    /usr/lib/x86_64-linux-gnu/libXi.so.6.1.0
7fdaf19ec000-7fdaf19ee000 r-xp 00000000 08:05 2238767                    /usr/lib/x86_64-linux-gnu/libXinerama.so.1.0.0
7fdaf19ee000-7fdaf1bed000 ---p 00002000 08:05 2238767                    /usr/lib/x86_64-linux-gnu/libXinerama.so.1.0.0
7fdaf1bed000-7fdaf1bee000 r--p 00001000 08:05 2238767                    /usr/lib/x86_64-linux-gnu/libXinerama.so.1.0.0
7fdaf1bee000-7fdaf1bef000 rw-p 00002000 08:05 2238767                    /usr/lib/x86_64-linux-gnu/libXinerama.so.1.0.0
7fdaf1bef000-7fdaf1bf8000 r-xp 00000000 08:05 2238777                    /usr/lib/x86_64-linux-gnu/libXrender.so.1.3.0
7fdaf1bf8000-7fdaf1df7000 ---p 00009000 08:05 2238777                    /usr/lib/x86_64-linux-gnu/libXrender.so.1.3.0
7fdaf1df7000-7fdaf1df8000 r--p 00008000 08:05 2238777                    /usr/lib/x86_64-linux-gnu/libXrender.so.1.3.0
7fdaf1df8000-7fdaf1df9000 rw-p 00009000 08:05 2238777                    /usr/lib/x86_64-linux-gnu/libXrender.so.1.3.0
7fdaf1df9000-7fdaf1dfe000 r-xp 00000000 08:05 2238759                    /usr/lib/x86_64-linux-gnu/libXfixes.so.3.1.0
7fdaf1dfe000-7fdaf1ffd000 ---p 00005000 08:05 2238759                    /usr/lib/x86_64-linux-gnu/libXfixes.so.3.1.0
7fdaf1ffd000-7fdaf1ffe000 r--p 00004000 08:05 2238759                    /usr/lib/x86_64-linux-gnu/libXfixes.so.3.1.0
7fdaf1ffe000-7fdaf1fff000 rw-p 00005000 08:05 2238759                    /usr/lib/x86_64-linux-gnu/libXfixes.so.3.1.0
7fdaf1fff000-7fdaf2015000 r-xp 00000000 08:05 398654                     /lib/x86_64-linux-gnu/libgcc_s.so.1
7fdaf2015000-7fdaf2214000 ---p 00016000 08:05 398654                     /lib/x86_64-linux-gnu/libgcc_s.so.1
7fdaf2214000-7fdaf2215000 r--p 00015000 08:05 398654                     /lib/x86_64-linux-gnu/libgcc_s.so.1
7fdaf2215000-7fdaf2216000 rw-p 00016000 08:05 398654                     /lib/x86_64-linux-gnu/libgcc_s.so.1
7fdaf2216000-7fdaf238e000 r-xp 00000000 08:05 2239972                    /usr/lib/x86_64-linux-gnu/libstdc++.so.6.0.22
7fdaf238e000-7fdaf258e000 ---p 00178000 08:05 2239972                    /usr/lib/x86_64-linux-gnu/libstdc++.so.6.0.22
7fdaf258e000-7fdaf2598000 r--p 00178000 08:05 2239972                    /usr/lib/x86_64-linux-gnu/libstdc++.so.6.0.22
7fdaf2598000-7fdaf259a000 rw-p 00182000 08:05 2239972                    /usr/lib/x86_64-linux-gnu/libstdc++.so.6.0.22
7fdaf259a000-7fdaf259e000 rw-p 00000000 00:00 0 
7fdaf259e000-7fdaf260e000 r-xp 00000000 08:05 133030                     /usr/lib/x86_64-linux-gnu/mesa/libGL.so.1.2.0
7fdaf260e000-7fdaf280d000 ---p 00070000 08:05 133030                     /usr/lib/x86_64-linux-gnu/mesa/libGL.so.1.2.0
7fdaf280d000-7fdaf2810000 r--p 0006f000 08:05 133030                     /usr/lib/x86_64-linux-gnu/mesa/libGL.so.1.2.0
7fdaf2810000-7fdaf2811000 rw-p 00072000 08:05 133030                     /usr/lib/x86_64-linux-gnu/mesa/libGL.so.1.2.0
7fdaf2811000-7fdaf2812000 rw-p 00000000 00:00 0 
7fdaf2812000-7fdaf2817000 r-xp 00000000 08:05 2238793                    /usr/lib/x86_64-linux-gnu/libXxf86vm.so.1.0.0
7fdaf2817000-7fdaf2a16000 ---p 00005000 08:05 2238793                    /usr/lib/x86_64-linux-gnu/libXxf86vm.so.1.0.0
7fdaf2a16000-7fdaf2a17000 r--p 00004000 08:05 2238793                    /usr/lib/x86_64-linux-gnu/libXxf86vm.so.1.0.0
7fdaf2a17000-7fdaf2a18000 rw-p 00005000 08:05 2238793                    /usr/lib/x86_64-linux-gnu/libXxf86vm.so.1.0.0
7fdaf2a18000-7fdaf2b4d000 r-xp 00000000 08:05 2238740                    /usr/lib/x86_64-linux-gnu/libX11.so.6.3.0
7fdaf2b4d000-7fdaf2d4c000 ---p 00135000 08:05 2238740                    /usr/lib/x86_64-linux-gnu/libX11.so.6.3.0
7fdaf2d4c000-7fdaf2d4d000 r--p 00134000 08:05 2238740                    /usr/lib/x86_64-linux-gnu/libX11.so.6.3.0
7fdaf2d4d000-7fdaf2d51000 rw-p 00135000 08:05 2238740                    /usr/lib/x86_64-linux-gnu/libX11.so.6.3.0
7fdaf2d51000-7fdaf2d56000 r-xp 00000000 08:05 2238783                    /usr/lib/x86_64-linux-gnu/libXtst.so.6.1.0
7fdaf2d56000-7fdaf2f55000 ---p 00005000 08:05 2238783                    /usr/lib/x86_64-linux-gnu/libXtst.so.6.1.0
7fdaf2f55000-7fdaf2f56000 r--p 00004000 08:05 2238783                    /usr/lib/x86_64-linux-gnu/libXtst.so.6.1.0
7fdaf2f56000-7fdaf2f57000 rw-p 00005000 08:05 2238783                    /usr/lib/x86_64-linux-gnu/libXtst.so.6.1.0
7fdaf2f57000-7fdaf3069000 r-xp 00000000 08:05 399763                     /lib/x86_64-linux-gnu/libglib-2.0.so.0.5000.2
7fdaf3069000-7fdaf3268000 ---p 00112000 08:05 399763                     /lib/x86_64-linux-gnu/libglib-2.0.so.0.5000.2
7fdaf3268000-7fdaf3269000 r--p 00111000 08:05 399763                     /lib/x86_64-linux-gnu/libglib-2.0.so.0.5000.2
7fdaf3269000-7fdaf326a000 rw-p 00112000 08:05 399763                     /lib/x86_64-linux-gnu/libglib-2.0.so.0.5000.2
7fdaf326a000-7fdaf326b000 rw-p 00000000 00:00 0 
7fdaf326b000-7fdaf326c000 r-xp 00000000 08:05 2228686                    /usr/lib/x86_64-linux-gnu/libgthread-2.0.so.0.5000.2
7fdaf326c000-7fdaf346b000 ---p 00001000 08:05 2228686                    /usr/lib/x86_64-linux-gnu/libgthread-2.0.so.0.5000.2
7fdaf346b000-7fdaf346c000 r--p 00000000 08:05 2228686                    /usr/lib/x86_64-linux-gnu/libgthread-2.0.so.0.5000.2
7fdaf346c000-7fdaf346d000 rw-p 00001000 08:05 2228686                    /usr/lib/x86_64-linux-gnu/libgthread-2.0.so.0.5000.2
7fdaf346d000-7fdaf3470000 r-xp 00000000 08:05 2228661                    /usr/lib/x86_64-linux-gnu/libgmodule-2.0.so.0.5000.2
7fdaf3470000-7fdaf366f000 ---p 00003000 08:05 2228661                    /usr/lib/x86_64-linux-gnu/libgmodule-2.0.so.0.5000.2
7fdaf366f000-7fdaf3670000 r--p 00002000 08:05 2228661                    /usr/lib/x86_64-linux-gnu/libgmodule-2.0.so.0.5000.2
7fdaf3670000-7fdaf3671000 rw-p 00003000 08:05 2228661                    /usr/lib/x86_64-linux-gnu/libgmodule-2.0.so.0.5000.2
7fdaf3671000-7fdaf36c3000 r-xp 00000000 08:05 2228683                    /usr/lib/x86_64-linux-gnu/libgobject-2.0.so.0.5000.2
7fdaf36c3000-7fdaf38c2000 ---p 00052000 08:05 2228683                    /usr/lib/x86_64-linux-gnu/libgobject-2.0.so.0.5000.2
7fdaf38c2000-7fdaf38c3000 r--p 00051000 08:05 2228683                    /usr/lib/x86_64-linux-gnu/libgobject-2.0.so.0.5000.2
7fdaf38c3000-7fdaf38c4000 rw-p 00052000 08:05 2228683                    /usr/lib/x86_64-linux-gnu/libgobject-2.0.so.0.5000.2
7fdaf38c4000-7fdaf3901000 r-xp 00000000 08:05 2239159                    /usr/lib/x86_64-linux-gnu/libfontconfig.so.1.9.0
7fdaf3901000-7fdaf3b00000 ---p 0003d000 08:05 2239159                    /usr/lib/x86_64-linux-gnu/libfontconfig.so.1.9.0
7fdaf3b00000-7fdaf3b02000 r--p 0003c000 08:05 2239159                    /usr/lib/x86_64-linux-gnu/libfontconfig.so.1.9.0
7fdaf3b02000-7fdaf3b07000 rw-p 0003e000 08:05 2239159                    /usr/lib/x86_64-linux-gnu/libfontconfig.so.1.9.0
7fdaf3b07000-7fdaf3bae000 r-xp 00000000 08:05 2229706                    /usr/lib/x86_64-linux-gnu/libfreetype.so.6.12.3
7fdaf3bae000-7fdaf3dad000 ---p 000a7000 08:05 2229706                    /usr/lib/x86_64-linux-gnu/libfreetype.so.6.12.3
7fdaf3dad000-7fdaf3db3000 r--p 000a6000 08:05 2229706                    /usr/lib/x86_64-linux-gnu/libfreetype.so.6.12.3
7fdaf3db3000-7fdaf3db4000 rw-p 000ac000 08:05 2229706                    /usr/lib/x86_64-linux-gnu/libfreetype.so.6.12.3
7fdaf3db4000-7fdaf3dfd000 r-xp 00000000 08:05 2239751                    /usr/lib/x86_64-linux-gnu/libpango-1.0.so.0.4000.1
7fdaf3dfd000-7fdaf3ffd000 ---p 00049000 08:05 2239751                    /usr/lib/x86_64-linux-gnu/libpango-1.0.so.0.4000.1
7fdaf3ffd000-7fdaf3fff000 r--p 00049000 08:05 2239751                    /usr/lib/x86_64-linux-gnu/libpango-1.0.so.0.4000.1
7fdaf3fff000-7fdaf4000000 rw-p 0004b000 08:05 2239751                    /usr/lib/x86_64-linux-gnu/libpango-1.0.so.0.4000.1
7fdaf4000000-7fdaf4074000 rw-p 00000000 00:00 0 
7fdaf4074000-7fdaf8000000 ---p 00000000 00:00 0 
7fdaf8000000-7fdaf8298000 rw-p 00000000 00:00 0 
7fdaf8298000-7fdafc000000 ---p 00000000 00:00 0 
7fdafc000000-7fdafc021000 rw-p 00000000 00:00 0 
7fdafc021000-7fdb00000000 ---p 00000000 00:00 0 
7fdb00000000-7fdb00021000 rw-p 00000000 00:00 0 
7fdb00021000-7fdb04000000 ---p 00000000 00:00 0 
7fdb04000000-7fdb04077000 rw-p 00000000 00:00 0 
7fdb04077000-7fdb08000000 ---p 00000000 00:00 0 
7fdb08000000-7fdb0823c000 rw-p 00000000 00:00 0 
7fdb0823c000-7fdb0c000000 ---p 00000000 00:00 0 
7fdb0c000000-7fdb0c021000 rw-p 00000000 00:00 0 
7fdb0c021000-7fdb10000000 ---p 00000000 00:00 0 
7fdb10000000-7fdb101b5000 rw-p 00000000 00:00 0 
7fdb101b5000-7fdb14000000 ---p 00000000 00:00 0 
7fdb14000000-7fdb14021000 rw-p 00000000 00:00 0 
7fdb14021000-7fdb18000000 ---p 00000000 00:00 0 
7fdb18000000-7fdb18021000 rw-p 00000000 00:00 0 
7fdb18021000-7fdb1c000000 ---p 00000000 00:00 0 
7fdb1c000000-7fdb1c021000 rw-p 00000000 00:00 0 
7fdb1c021000-7fdb20000000 ---p 00000000 00:00 0 
7fdb20000000-7fdb20001000 rw-s 00000000 00:05 846358                     /drm mm object (deleted)
7fdb20001000-7fdb20003000 rw-s 101b33000 00:06 391                       /dev/dri/card0
7fdb20003000-7fdb2000e000 r--s 00000000 08:05 279298                     /var/cache/fontconfig/945677eb7aeaf62f1d50efc3fb3ec7d8-le64.cache-6
7fdb2000e000-7fdb20014000 r--s 00000000 08:05 279279                     /var/cache/fontconfig/2cd17615ca594fa2959ae173292e504c-le64.cache-6
7fdb20014000-7fdb20015000 r--s 00000000 08:05 279276                     /var/cache/fontconfig/0d8c3b2ac0904cb8a57a757ad11a4a08-le64.cache-6
7fdb20015000-7fdb2002a000 r--s 00000000 08:05 279272                     /var/cache/fontconfig/04aabc0a78ac019cf9454389977116d2-le64.cache-6
7fdb2002a000-7fdb2002b000 r--s 00000000 08:05 279278                     /var/cache/fontconfig/1ac9eb803944fde146138c791f5cc56a-le64.cache-6
7fdb2002b000-7fdb2002f000 r--s 00000000 08:05 279283                     /var/cache/fontconfig/385c0604a188198f04d133e54aba7fe7-le64.cache-6
7fdb2002f000-7fdb20030000 r--s 00000000 08:05 279311                     /var/cache/fontconfig/dc05db6664285cc2f12bf69c139ae4c3-le64.cache-6
7fdb20030000-7fdb20033000 r--s 00000000 08:05 279294                     /var/cache/fontconfig/767a8244fc0220cfb567a839d0392e0b-le64.cache-6
7fdb20033000-7fdb20034000 r--s 00000000 08:05 276021                     /var/cache/fontconfig/4794a0821666d79190d59a36cb4f44b5-le64.cache-6
7fdb20034000-7fdb20035000 r--s 00000000 08:05 279274                     /var/cache/fontconfig/0bd3dc0958fa2205aaaa8ebb13e2872b-le64.cache-6
7fdb20035000-7fdb2003a000 r--s 00000000 08:05 279297                     /var/cache/fontconfig/8801497958630a81b71ace7c5f9b32a8-le64.cache-6
7fdb2003a000-7fdb20040000 r--s 00000000 08:05 279280                     /var/cache/fontconfig/3047814df9a2f067bd2d96a2b9c36e5a-le64.cache-6
7fdb20040000-7fdb20053000 r--s 00000000 08:05 279308                     /var/cache/fontconfig/d52a8644073d54c13679302ca1180695-le64.cache-6
7fdb20053000-7fdb20056000 ---p 00000000 00:00 0 
7fdb20056000-7fdb20154000 rw-p 00000000 00:00 0 
7fdb20154000-7fdb201d6000 r-xp 00000000 08:05 398147                     /lib/x86_64-linux-gnu/libsystemd.so.0.16.0
7fdb201d6000-7fdb201d9000 r--p 00081000 08:05 398147                     /lib/x86_64-linux-gnu/libsystemd.so.0.16.0
7fdb201d9000-7fdb201da000 rw-p 00084000 08:05 398147                     /lib/x86_64-linux-gnu/libsystemd.so.0.16.0
7fdb201da000-7fdb201db000 rw-p 00000000 00:00 0 
7fdb201db000-7fdb202e9000 r-xp 00000000 08:05 2238910                    /usr/lib/x86_64-linux-gnu/libcairo.so.2.11400.6
7fdb202e9000-7fdb204e8000 ---p 0010e000 08:05 2238910                    /usr/lib/x86_64-linux-gnu/libcairo.so.2.11400.6
7fdb204e8000-7fdb204eb000 r--p 0010d000 08:05 2238910                    /usr/lib/x86_64-linux-gnu/libcairo.so.2.11400.6
7fdb204eb000-7fdb204ec000 rw-p 00110000 08:05 2238910                    /usr/lib/x86_64-linux-gnu/libcairo.so.2.11400.6
7fdb204ec000-7fdb204ee000 rw-p 00000000 00:00 0 
7fdb204ee000-7fdb204fa000 r-xp 00000000 08:05 2239753                    /usr/lib/x86_64-linux-gnu/libpangocairo-1.0.so.0.4000.1
7fdb204fa000-7fdb206f9000 ---p 0000c000 08:05 2239753                    /usr/lib/x86_64-linux-gnu/libpangocairo-1.0.so.0.4000.1
7fdb206f9000-7fdb206fa000 r--p 0000b000 08:05 2239753                    /usr/lib/x86_64-linux-gnu/libpangocairo-1.0.so.0.4000.1
7fdb206fa000-7fdb206fb000 rw-p 0000c000 08:05 2239753                    /usr/lib/x86_64-linux-gnu/libpangocairo-1.0.so.0.4000.1
7fdb206fb000-7fdb2071c000 r-xp 00000000 08:05 2239234                    /usr/lib/x86_64-linux-gnu/libgdk_pixbuf-2.0.so.0.3400.0
7fdb2071c000-7fdb2091b000 ---p 00021000 08:05 2239234                    /usr/lib/x86_64-linux-gnu/libgdk_pixbuf-2.0.so.0.3400.0
7fdb2091b000-7fdb2091c000 r--p 00020000 08:05 2239234                    /usr/lib/x86_64-linux-gnu/libgdk_pixbuf-2.0.so.0.3400.0
7fdb2091c000-7fdb2091d000 rw-p 00021000 08:05 2239234                    /usr/lib/x86_64-linux-gnu/libgdk_pixbuf-2.0.so.0.3400.0
7fdb2091d000-7fdb20931000 r-xp 00000000 08:05 2239755                    /usr/lib/x86_64-linux-gnu/libpangoft2-1.0.so.0.4000.1
7fdb20931000-7fdb20b31000 ---p 00014000 08:05 2239755                    /usr/lib/x86_64-linux-gnu/libpangoft2-1.0.so.0.4000.1
7fdb20b31000-7fdb20b32000 r--p 00014000 08:05 2239755                    /usr/lib/x86_64-linux-gnu/libpangoft2-1.0.so.0.4000.1
7fdb20b32000-7fdb20b33000 rw-p 00015000 08:05 2239755                    /usr/lib/x86_64-linux-gnu/libpangoft2-1.0.so.0.4000.1
7fdb20b33000-7fdb20cc0000 r-xp 00000000 08:05 2228637                    /usr/lib/x86_64-linux-gnu/libgio-2.0.so.0.5000.2
7fdb20cc0000-7fdb20ebf000 ---p 0018d000 08:05 2228637                    /usr/lib/x86_64-linux-gnu/libgio-2.0.so.0.5000.2
7fdb20ebf000-7fdb20ec4000 r--p 0018c000 08:05 2228637                    /usr/lib/x86_64-linux-gnu/libgio-2.0.so.0.5000.2
7fdb20ec4000-7fdb20ec7000 rw-p 00191000 08:05 2228637                    /usr/lib/x86_64-linux-gnu/libgio-2.0.so.0.5000.2
7fdb20ec7000-7fdb20ec8000 rw-p 00000000 00:00 0 
7fdb20ec8000-7fdb20eea000 r-xp 00000000 08:05 2238844                    /usr/lib/x86_64-linux-gnu/libatk-1.0.so.0.22009.1
7fdb20eea000-7fdb210e9000 ---p 00022000 08:05 2238844                    /usr/lib/x86_64-linux-gnu/libatk-1.0.so.0.22009.1
7fdb210e9000-7fdb210ec000 r--p 00021000 08:05 2238844                    /usr/lib/x86_64-linux-gnu/libatk-1.0.so.0.22009.1
7fdb210ec000-7fdb210ed000 rw-p 00024000 08:05 2238844                    /usr/lib/x86_64-linux-gnu/libatk-1.0.so.0.22009.1
7fdb210ed000-7fdb2119d000 r-xp 00000000 08:05 2234326                    /usr/lib/x86_64-linux-gnu/libgdk-x11-2.0.so.0.2400.30
7fdb2119d000-7fdb2139c000 ---p 000b0000 08:05 2234326                    /usr/lib/x86_64-linux-gnu/libgdk-x11-2.0.so.0.2400.30
7fdb2139c000-7fdb213a0000 r--p 000af000 08:05 2234326                    /usr/lib/x86_64-linux-gnu/libgdk-x11-2.0.so.0.2400.30
7fdb213a0000-7fdb213a2000 rw-p 000b3000 08:05 2234326                    /usr/lib/x86_64-linux-gnu/libgdk-x11-2.0.so.0.2400.30
7fdb213a2000-7fdb217e0000 r-xp 00000000 08:05 2234327                    /usr/lib/x86_64-linux-gnu/libgtk-x11-2.0.so.0.2400.30
7fdb217e0000-7fdb219e0000 ---p 0043e000 08:05 2234327                    /usr/lib/x86_64-linux-gnu/libgtk-x11-2.0.so.0.2400.30
7fdb219e0000-7fdb219e7000 r--p 0043e000 08:05 2234327                    /usr/lib/x86_64-linux-gnu/libgtk-x11-2.0.so.0.2400.30
7fdb219e7000-7fdb219eb000 rw-p 00445000 08:05 2234327                    /usr/lib/x86_64-linux-gnu/libgtk-x11-2.0.so.0.2400.30
7fdb219eb000-7fdb219ee000 rw-p 00000000 00:00 0 
7fdb219ee000-7fdb219fa000 r-xp 00000000 08:05 2243337                    /usr/lib/jvm/java-8-oracle/jre/lib/amd64/libprism_es2.so
7fdb219fa000-7fdb21bf9000 ---p 0000c000 08:05 2243337                    /usr/lib/jvm/java-8-oracle/jre/lib/amd64/libprism_es2.so
7fdb21bf9000-7fdb21bfa000 rw-p 0000b000 08:05 2243337                    /usr/lib/jvm/java-8-oracle/jre/lib/amd64/libprism_es2.so
7fdb21bfa000-7fdb21bfd000 ---p 00000000 00:00 0 
7fdb21bfd000-7fdb21cfb000 rw-p 00000000 00:00 0 
7fdb21cfb000-7fdb21cfe000 ---p 00000000 00:00 0 
7fdb21cfe000-7fdb21dfc000 rw-p 00000000 00:00 0 
7fdb21dfc000-7fdb21dff000 ---p 00000000 00:00 0 
7fdb21dff000-7fdb21efd000 rw-p 00000000 00:00 0 
7fdb21efd000-7fdb21f92000 r--s 01109000 08:05 2243401                    /usr/lib/jvm/java-8-oracle/jre/lib/ext/jfxrt.jar
7fdb21f92000-7fdb21f93000 ---p 00000000 00:00 0 
7fdb21f93000-7fdb22093000 rw-p 00000000 00:00 0 
7fdb22093000-7fdb22096000 ---p 00000000 00:00 0 
7fdb22096000-7fdb22194000 rw-p 00000000 00:00 0 
7fdb22194000-7fdb22197000 ---p 00000000 00:00 0 
7fdb22197000-7fdb22295000 rw-p 00000000 00:00 0 
7fdb22295000-7fdb22298000 ---p 00000000 00:00 0 
7fdb22298000-7fdb22396000 rw-p 00000000 00:00 0 
7fdb22396000-7fdb22399000 ---p 00000000 00:00 0 
7fdb22399000-7fdb22497000 rw-p 00000000 00:00 0 
7fdb22497000-7fdb2249a000 ---p 00000000 00:00 0 
7fdb2249a000-7fdb22598000 rw-p 00000000 00:00 0 
7fdb22598000-7fdb229f2000 r--p 00000000 08:05 2229872                    /usr/lib/locale/locale-archive
7fdb229f2000-7fdb229f5000 ---p 00000000 00:00 0 
7fdb229f5000-7fdb22af3000 rw-p 00000000 00:00 0 
7fdb22af3000-7fdb22af6000 ---p 00000000 00:00 0 
7fdb22af6000-7fdb22bf4000 rw-p 00000000 00:00 0 
7fdb22bf4000-7fdb22bf5000 ---p 00000000 00:00 0 
7fdb22bf5000-7fdb24000000 rw-p 00000000 00:00 0 
7fdb24000000-7fdb24021000 rw-p 00000000 00:00 0 
7fdb24021000-7fdb28000000 ---p 00000000 00:00 0 
7fdb28000000-7fdb28001000 r--s 00000000 08:05 279304                     /var/cache/fontconfig/bab58bb527bb656aaa9f116d68a48d89-le64.cache-6
7fdb28001000-7fdb28007000 r--s 00000000 08:05 279302                     /var/cache/fontconfig/b47c4e1ecd0709278f4910c18777a504-le64.cache-6
7fdb28007000-7fdb28012000 r--s 00000000 08:05 279296                     /var/cache/fontconfig/83bf95040141907cd45bb53cf7c1c148-le64.cache-6
7fdb28012000-7fdb2805d000 r--p 00000000 08:05 919055                     /usr/share/glib-2.0/schemas/gschemas.compiled
7fdb2805d000-7fdb2807b000 r-xp 00000000 08:05 398393                     /lib/x86_64-linux-gnu/libudev.so.1.6.5
7fdb2807b000-7fdb2807c000 ---p 0001e000 08:05 398393                     /lib/x86_64-linux-gnu/libudev.so.1.6.5
7fdb2807c000-7fdb2807d000 r--p 0001e000 08:05 398393                     /lib/x86_64-linux-gnu/libudev.so.1.6.5
7fdb2807d000-7fdb2807e000 rw-p 0001f000 08:05 398393                     /lib/x86_64-linux-gnu/libudev.so.1.6.5
7fdb2807e000-7fdb2c000000 rw-p 00000000 00:00 0 
7fdb2c000000-7fdb2c021000 rw-p 00000000 00:00 0 
7fdb2c021000-7fdb30000000 ---p 00000000 00:00 0 
7fdb30000000-7fdb30021000 rw-p 00000000 00:00 0 
7fdb30021000-7fdb34000000 ---p 00000000 00:00 0 
7fdb34000000-7fdb34021000 rw-p 00000000 00:00 0 
7fdb34021000-7fdb38000000 ---p 00000000 00:00 0 
7fdb38000000-7fdb38001000 r--s 00000000 08:05 279288                     /var/cache/fontconfig/56cf4f4769d0f4abc89a4895d7bd3ae1-le64.cache-6
7fdb38001000-7fdb38002000 r--s 00000000 08:05 279303                     /var/cache/fontconfig/b9d506c9ac06c20b433354fa67a72993-le64.cache-6
7fdb38002000-7fdb38003000 r--s 00000000 08:05 279287                     /var/cache/fontconfig/551ecf3b0e8b0bca0f25c0944f561853-le64.cache-6
7fdb38003000-7fdb38004000 r--s 00000000 08:05 279284                     /var/cache/fontconfig/3f7329c5293ffd510edef78f73874cfd-le64.cache-6
7fdb38004000-7fdb38008000 r--s 00000000 08:05 279309                     /var/cache/fontconfig/d589a48862398ed80a3d6066f4f56f4c-le64.cache-6
7fdb38008000-7fdb38009000 r--s 00000000 08:05 279281                     /var/cache/fontconfig/30829fa25452a46451e813d634d7f916-le64.cache-6
7fdb38009000-7fdb3801b000 r--s 00000000 08:05 279300                     /var/cache/fontconfig/9b89f8e3dae116d678bbf48e5f21f69b-le64.cache-6
7fdb3801b000-7fdb38028000 r--s 00000000 08:05 282756                     /var/cache/fontconfig/e13b20fdb08344e0e664864cc2ede53d-le64.cache-6
7fdb38028000-7fdb382fd000 rw-p 00000000 00:00 0 
7fdb382fd000-7fdb384d6000 r--s 03d3e000 08:05 2243317                    /usr/lib/jvm/java-8-oracle/jre/lib/rt.jar
7fdb384d6000-7fdb38924000 rw-p 00000000 00:00 0 
7fdb38924000-7fdb38925000 ---p 00000000 00:00 0 
7fdb38925000-7fdb38a25000 rw-p 00000000 00:00 0 
7fdb38a25000-7fdb38a26000 ---p 00000000 00:00 0 
7fdb38a26000-7fdb38b26000 rw-p 00000000 00:00 0 
7fdb38b26000-7fdb38b27000 ---p 00000000 00:00 0 
7fdb38b27000-7fdb38c51000 rw-p 00000000 00:00 0 
7fdb38c51000-7fdb38eb7000 ---p 00000000 00:00 0 
7fdb38eb7000-7fdb38ecc000 rw-p 00000000 00:00 0 
7fdb38ecc000-7fdb38fff000 ---p 00000000 00:00 0 
7fdb38fff000-7fdb39000000 rw-p 00000000 00:00 0 
7fdb39000000-7fdb393e0000 rwxp 00000000 00:00 0 
7fdb393e0000-7fdb48000000 ---p 00000000 00:00 0 
7fdb48000000-7fdb48179000 rw-p 00000000 00:00 0 
7fdb48179000-7fdb4c000000 ---p 00000000 00:00 0 
7fdb4c000000-7fdb4c003000 r--s 00000000 08:05 279293                     /var/cache/fontconfig/75114ca45c98e8a441da0ff356701271-le64.cache-6
7fdb4c003000-7fdb4c00b000 rw-s 00000000 00:05 847280                     /drm mm object (deleted)
7fdb4c00b000-7fdb4c00c000 ---p 00000000 00:00 0 
7fdb4c00c000-7fdb4c136000 rw-p 00000000 00:00 0 
7fdb4c136000-7fdb4c39c000 ---p 00000000 00:00 0 
7fdb4c39c000-7fdb4c3ac000 rw-p 00000000 00:00 0 
7fdb4c3ac000-7fdb4c75c000 ---p 00000000 00:00 0 
7fdb4c75c000-7fdb4c776000 r-xp 00000000 08:05 2243348                    /usr/lib/jvm/java-8-oracle/jre/lib/amd64/libzip.so
7fdb4c776000-7fdb4c976000 ---p 0001a000 08:05 2243348                    /usr/lib/jvm/java-8-oracle/jre/lib/amd64/libzip.so
7fdb4c976000-7fdb4c977000 rw-p 0001a000 08:05 2243348                    /usr/lib/jvm/java-8-oracle/jre/lib/amd64/libzip.so
7fdb4c977000-7fdb4c982000 r-xp 00000000 08:05 409756                     /lib/x86_64-linux-gnu/libnss_files-2.24.so
7fdb4c982000-7fdb4cb81000 ---p 0000b000 08:05 409756                     /lib/x86_64-linux-gnu/libnss_files-2.24.so
7fdb4cb81000-7fdb4cb82000 r--p 0000a000 08:05 409756                     /lib/x86_64-linux-gnu/libnss_files-2.24.so
7fdb4cb82000-7fdb4cb83000 rw-p 0000b000 08:05 409756                     /lib/x86_64-linux-gnu/libnss_files-2.24.so
7fdb4cb83000-7fdb4cb89000 rw-p 00000000 00:00 0 
7fdb4cb89000-7fdb4cb94000 r-xp 00000000 08:05 409758                     /lib/x86_64-linux-gnu/libnss_nis-2.24.so
7fdb4cb94000-7fdb4cd93000 ---p 0000b000 08:05 409758                     /lib/x86_64-linux-gnu/libnss_nis-2.24.so
7fdb4cd93000-7fdb4cd94000 r--p 0000a000 08:05 409758                     /lib/x86_64-linux-gnu/libnss_nis-2.24.so
7fdb4cd94000-7fdb4cd95000 rw-p 0000b000 08:05 409758                     /lib/x86_64-linux-gnu/libnss_nis-2.24.so
7fdb4cd95000-7fdb4cdab000 r-xp 00000000 08:05 409753                     /lib/x86_64-linux-gnu/libnsl-2.24.so
7fdb4cdab000-7fdb4cfaa000 ---p 00016000 08:05 409753                     /lib/x86_64-linux-gnu/libnsl-2.24.so
7fdb4cfaa000-7fdb4cfab000 r--p 00015000 08:05 409753                     /lib/x86_64-linux-gnu/libnsl-2.24.so
7fdb4cfab000-7fdb4cfac000 rw-p 00016000 08:05 409753                     /lib/x86_64-linux-gnu/libnsl-2.24.so
7fdb4cfac000-7fdb4cfae000 rw-p 00000000 00:00 0 
7fdb4cfae000-7fdb4cfb6000 r-xp 00000000 08:05 409754                     /lib/x86_64-linux-gnu/libnss_compat-2.24.so
7fdb4cfb6000-7fdb4d1b5000 ---p 00008000 08:05 409754                     /lib/x86_64-linux-gnu/libnss_compat-2.24.so
7fdb4d1b5000-7fdb4d1b6000 r--p 00007000 08:05 409754                     /lib/x86_64-linux-gnu/libnss_compat-2.24.so
7fdb4d1b6000-7fdb4d1b7000 rw-p 00008000 08:05 409754                     /lib/x86_64-linux-gnu/libnss_compat-2.24.so
7fdb4d1b7000-7fdb4d1e2000 r-xp 00000000 08:05 2243375                    /usr/lib/jvm/java-8-oracle/jre/lib/amd64/libjava.so
7fdb4d1e2000-7fdb4d3e1000 ---p 0002b000 08:05 2243375                    /usr/lib/jvm/java-8-oracle/jre/lib/amd64/libjava.so
7fdb4d3e1000-7fdb4d3e3000 rw-p 0002a000 08:05 2243375                    /usr/lib/jvm/java-8-oracle/jre/lib/amd64/libjava.so
7fdb4d3e3000-7fdb4d3f0000 r-xp 00000000 08:05 2243326                    /usr/lib/jvm/java-8-oracle/jre/lib/amd64/libverify.so
7fdb4d3f0000-7fdb4d5ef000 ---p 0000d000 08:05 2243326                    /usr/lib/jvm/java-8-oracle/jre/lib/amd64/libverify.so
7fdb4d5ef000-7fdb4d5f1000 rw-p 0000c000 08:05 2243326                    /usr/lib/jvm/java-8-oracle/jre/lib/amd64/libverify.so
7fdb4d5f1000-7fdb4d5f8000 r-xp 00000000 08:05 409763                     /lib/x86_64-linux-gnu/librt-2.24.so
7fdb4d5f8000-7fdb4d7f7000 ---p 00007000 08:05 409763                     /lib/x86_64-linux-gnu/librt-2.24.so
7fdb4d7f7000-7fdb4d7f8000 r--p 00006000 08:05 409763                     /lib/x86_64-linux-gnu/librt-2.24.so
7fdb4d7f8000-7fdb4d7f9000 rw-p 00007000 08:05 409763                     /lib/x86_64-linux-gnu/librt-2.24.so
7fdb4d7f9000-7fdb4d901000 r-xp 00000000 08:05 409750                     /lib/x86_64-linux-gnu/libm-2.24.so
7fdb4d901000-7fdb4db00000 ---p 00108000 08:05 409750                     /lib/x86_64-linux-gnu/libm-2.24.so
7fdb4db00000-7fdb4db01000 r--p 00107000 08:05 409750                     /lib/x86_64-linux-gnu/libm-2.24.so
7fdb4db01000-7fdb4db02000 rw-p 00108000 08:05 409750                     /lib/x86_64-linux-gnu/libm-2.24.so
7fdb4db02000-7fdb4e7d0000 r-xp 00000000 08:05 2243379                    /usr/lib/jvm/java-8-oracle/jre/lib/amd64/server/libjvm.so
7fdb4e7d0000-7fdb4e9d0000 ---p 00cce000 08:05 2243379                    /usr/lib/jvm/java-8-oracle/jre/lib/amd64/server/libjvm.so
7fdb4e9d0000-7fdb4eaa9000 rw-p 00cce000 08:05 2243379                    /usr/lib/jvm/java-8-oracle/jre/lib/amd64/server/libjvm.so
7fdb4eaa9000-7fdb4eaf4000 rw-p 00000000 00:00 0 
7fdb4eaf4000-7fdb4ecb1000 r-xp 00000000 08:05 409746                     /lib/x86_64-linux-gnu/libc-2.24.so
7fdb4ecb1000-7fdb4eeb1000 ---p 001bd000 08:05 409746                     /lib/x86_64-linux-gnu/libc-2.24.so
7fdb4eeb1000-7fdb4eeb5000 r--p 001bd000 08:05 409746                     /lib/x86_64-linux-gnu/libc-2.24.so
7fdb4eeb5000-7fdb4eeb7000 rw-p 001c1000 08:05 409746                     /lib/x86_64-linux-gnu/libc-2.24.so
7fdb4eeb7000-7fdb4eebb000 rw-p 00000000 00:00 0 
7fdb4eebb000-7fdb4eebe000 r-xp 00000000 08:05 409749                     /lib/x86_64-linux-gnu/libdl-2.24.so
7fdb4eebe000-7fdb4f0bd000 ---p 00003000 08:05 409749                     /lib/x86_64-linux-gnu/libdl-2.24.so
7fdb4f0bd000-7fdb4f0be000 r--p 00002000 08:05 409749                     /lib/x86_64-linux-gnu/libdl-2.24.so
7fdb4f0be000-7fdb4f0bf000 rw-p 00003000 08:05 409749                     /lib/x86_64-linux-gnu/libdl-2.24.so
7fdb4f0bf000-7fdb4f0d4000 r-xp 00000000 08:05 2242460                    /usr/lib/jvm/java-8-oracle/lib/amd64/jli/libjli.so
7fdb4f0d4000-7fdb4f2d4000 ---p 00015000 08:05 2242460                    /usr/lib/jvm/java-8-oracle/lib/amd64/jli/libjli.so
7fdb4f2d4000-7fdb4f2d5000 rw-p 00015000 08:05 2242460                    /usr/lib/jvm/java-8-oracle/lib/amd64/jli/libjli.so
7fdb4f2d5000-7fdb4f2ed000 r-xp 00000000 08:05 409761                     /lib/x86_64-linux-gnu/libpthread-2.24.so
7fdb4f2ed000-7fdb4f4ed000 ---p 00018000 08:05 409761                     /lib/x86_64-linux-gnu/libpthread-2.24.so
7fdb4f4ed000-7fdb4f4ee000 r--p 00018000 08:05 409761                     /lib/x86_64-linux-gnu/libpthread-2.24.so
7fdb4f4ee000-7fdb4f4ef000 rw-p 00019000 08:05 409761                     /lib/x86_64-linux-gnu/libpthread-2.24.so
7fdb4f4ef000-7fdb4f4f3000 rw-p 00000000 00:00 0 
7fdb4f4f3000-7fdb4f518000 r-xp 00000000 08:05 409742                     /lib/x86_64-linux-gnu/ld-2.24.so
7fdb4f518000-7fdb4f51c000 r--s 00000000 08:05 276027                     /var/cache/fontconfig/7ef2298fde41cc6eeb7af42e48b7d293-le64.cache-6
7fdb4f51c000-7fdb4f524000 rw-s 00000000 00:05 846356                     /drm mm object (deleted)
7fdb4f524000-7fdb4f529000 r--p 00000000 08:05 540152                     /home/daan/.config/dconf/user
7fdb4f529000-7fdb4f5f4000 rw-p 00000000 00:00 0 
7fdb4f5f4000-7fdb4f5f7000 ---p 00000000 00:00 0 
7fdb4f5f7000-7fdb4f6f7000 rw-p 00000000 00:00 0 
7fdb4f6f7000-7fdb4f6f8000 r--s 00000000 08:05 279275                     /var/cache/fontconfig/0c9eb80ebd1c36541ebe2852d3bb0c49-le64.cache-6
7fdb4f6f9000-7fdb4f6fa000 rw-s 101210000 00:06 391                       /dev/dri/card0
7fdb4f6fa000-7fdb4f6fb000 r--s 00000000 00:2f 63                         /run/user/1000/dconf/user
7fdb4f6fb000-7fdb4f703000 rw-s 00000000 00:05 844717                     /drm mm object (deleted)
7fdb4f703000-7fdb4f70a000 r--s 00000000 08:05 148080                     /usr/lib/x86_64-linux-gnu/gconv/gconv-modules.cache
7fdb4f70a000-7fdb4f712000 rw-s 00000000 08:05 1311098                    /tmp/hsperfdata_daan/28531
7fdb4f712000-7fdb4f713000 rw-p 00000000 00:00 0 
7fdb4f713000-7fdb4f714000 r--p 00000000 00:00 0 
7fdb4f714000-7fdb4f717000 rw-p 00000000 00:00 0 
7fdb4f717000-7fdb4f718000 r--p 00024000 08:05 409742                     /lib/x86_64-linux-gnu/ld-2.24.so
7fdb4f718000-7fdb4f719000 rw-p 00025000 08:05 409742                     /lib/x86_64-linux-gnu/ld-2.24.so
7fdb4f719000-7fdb4f71a000 rw-p 00000000 00:00 0 
7fff8c2c5000-7fff8c2e6000 rw-p 00000000 00:00 0                          [stack]
7fff8c34a000-7fff8c34c000 r--p 00000000 00:00 0                          [vvar]
7fff8c34c000-7fff8c34e000 r-xp 00000000 00:00 0                          [vdso]
ffffffffff600000-ffffffffff601000 r-xp 00000000 00:00 0                  [vsyscall]

VM Arguments:
jvm_args: -Dfile.encoding=UTF-8 
java_command: userinterface.GUIHandler
java_class_path (initial): /home/daan/git/IntegrationProject/IntegrationProject/bin:/home/daan/.p2/pool/plugins/org.junit_4.12.0.v201504281640/junit.jar:/home/daan/.p2/pool/plugins/org.hamcrest.core_1.3.0.v201303031735.jar
Launcher Type: SUN_STANDARD

Environment Variables:
JAVA_HOME=/usr/lib/jvm/java-8-oracle
PATH=/home/daan/bin:/home/daan/.local/bin:/usr/local/sbin:/usr/local/bin:/usr/sbin:/usr/bin:/sbin:/bin:/usr/games:/usr/local/games:/snap/bin:/usr/lib/jvm/java-8-oracle/bin:/usr/lib/jvm/java-8-oracle/db/bin:/usr/lib/jvm/java-8-oracle/jre/bin
SHELL=/bin/bash
DISPLAY=:0

Signal Handlers:
SIGSEGV: [libjvm.so+0xac78c0], sa_mask[0]=11111111011111111101111111111110, sa_flags=SA_RESTART|SA_SIGINFO
SIGBUS: [libjvm.so+0xac78c0], sa_mask[0]=11111111011111111101111111111110, sa_flags=SA_RESTART|SA_SIGINFO
SIGFPE: [libjvm.so+0x920ac0], sa_mask[0]=11111111011111111101111111111110, sa_flags=SA_RESTART|SA_SIGINFO
SIGPIPE: SIG_IGN, sa_mask[0]=00000000000010000000000000000000, sa_flags=SA_RESTART
SIGXFSZ: [libjvm.so+0x920ac0], sa_mask[0]=11111111011111111101111111111110, sa_flags=SA_RESTART|SA_SIGINFO
SIGILL: [libjvm.so+0x920ac0], sa_mask[0]=11111111011111111101111111111110, sa_flags=SA_RESTART|SA_SIGINFO
SIGUSR1: SIG_DFL, sa_mask[0]=00000000000000000000000000000000, sa_flags=none
SIGUSR2: [libjvm.so+0x922300], sa_mask[0]=00100000000000000000000000000000, sa_flags=SA_RESTART|SA_SIGINFO
SIGHUP: [libjvm.so+0x923700], sa_mask[0]=11111111011111111101111111111110, sa_flags=SA_RESTART|SA_SIGINFO
SIGINT: [libjvm.so+0x923700], sa_mask[0]=11111111011111111101111111111110, sa_flags=SA_RESTART|SA_SIGINFO
SIGTERM: [libjvm.so+0x923700], sa_mask[0]=11111111011111111101111111111110, sa_flags=SA_RESTART|SA_SIGINFO
SIGQUIT: [libjvm.so+0x923700], sa_mask[0]=11111111011111111101111111111110, sa_flags=SA_RESTART|SA_SIGINFO


---------------  S Y S T E M  ---------------

OS:DISTRIB_ID=Ubuntu
DISTRIB_RELEASE=16.10
DISTRIB_CODENAME=yakkety
DISTRIB_DESCRIPTION="Ubuntu 16.10"

uname:Linux 4.8.0-46-generic #49-Ubuntu SMP Fri Mar 31 13:57:14 UTC 2017 x86_64
libc:glibc 2.24 NPTL 2.24 
rlimit: STACK 8192k, CORE 0k, NPROC 30976, NOFILE 4096, AS infinity
load average:1,28 1,14 0,98

/proc/meminfo:
MemTotal:        8054856 kB
MemFree:         1828536 kB
MemAvailable:    3550368 kB
Buffers:          128136 kB
Cached:          2477756 kB
SwapCached:            0 kB
Active:          4191456 kB
Inactive:        1696180 kB
Active(anon):    3283212 kB
Inactive(anon):   732744 kB
Active(file):     908244 kB
Inactive(file):   963436 kB
Unevictable:         144 kB
Mlocked:             144 kB
SwapTotal:       8268796 kB
SwapFree:        8268796 kB
Dirty:               568 kB
Writeback:             0 kB
AnonPages:       3157152 kB
Mapped:           643396 kB
Shmem:            734216 kB
Slab:             200000 kB
SReclaimable:     139492 kB
SUnreclaim:        60508 kB
KernelStack:       12720 kB
PageTables:        57128 kB
NFS_Unstable:          0 kB
Bounce:                0 kB
WritebackTmp:          0 kB
CommitLimit:    12296224 kB
Committed_AS:    9719516 kB
VmallocTotal:   34359738367 kB
VmallocUsed:           0 kB
VmallocChunk:          0 kB
HardwareCorrupted:     0 kB
AnonHugePages:   1654784 kB
ShmemHugePages:        0 kB
ShmemPmdMapped:        0 kB
CmaTotal:              0 kB
CmaFree:               0 kB
HugePages_Total:       0
HugePages_Free:        0
HugePages_Rsvd:        0
HugePages_Surp:        0
Hugepagesize:       2048 kB
DirectMap4k:      247376 kB
DirectMap2M:     8022016 kB
DirectMap1G:           0 kB


CPU:total 4 (2 cores per cpu, 2 threads per core) family 6 model 78 stepping 3, cmov, cx8, fxsr, mmx, sse, sse2, sse3, ssse3, sse4.1, sse4.2, popcnt, avx, avx2, aes, clmul, erms, 3dnowpref, lzcnt, ht, tsc, tscinvbit, bmi1, bmi2, adx

/proc/cpuinfo:
processor	: 0
vendor_id	: GenuineIntel
cpu family	: 6
model		: 78
model name	: Intel(R) Core(TM) i5-6200U CPU @ 2.30GHz
stepping	: 3
microcode	: 0x9e
cpu MHz		: 2700.000
cache size	: 3072 KB
physical id	: 0
siblings	: 4
core id		: 0
cpu cores	: 2
apicid		: 0
initial apicid	: 0
fpu		: yes
fpu_exception	: yes
cpuid level	: 22
wp		: yes
flags		: fpu vme de pse tsc msr pae mce cx8 apic sep mtrr pge mca cmov pat pse36 clflush dts acpi mmx fxsr sse sse2 ss ht tm pbe syscall nx pdpe1gb rdtscp lm constant_tsc art arch_perfmon pebs bts rep_good nopl xtopology nonstop_tsc aperfmperf eagerfpu pni pclmulqdq dtes64 monitor ds_cpl vmx est tm2 ssse3 sdbg fma cx16 xtpr pdcm pcid sse4_1 sse4_2 x2apic movbe popcnt tsc_deadline_timer aes xsave avx f16c rdrand lahf_lm abm 3dnowprefetch epb intel_pt tpr_shadow vnmi flexpriority ept vpid fsgsbase tsc_adjust bmi1 avx2 smep bmi2 erms invpcid mpx rdseed adx smap clflushopt xsaveopt xsavec xgetbv1 xsaves dtherm ida arat pln pts hwp hwp_notify hwp_act_window hwp_epp
bugs		:
bogomips	: 4800.00
clflush size	: 64
cache_alignment	: 64
address sizes	: 39 bits physical, 48 bits virtual
power management:

processor	: 1
vendor_id	: GenuineIntel
cpu family	: 6
model		: 78
model name	: Intel(R) Core(TM) i5-6200U CPU @ 2.30GHz
stepping	: 3
microcode	: 0x9e
cpu MHz		: 2699.853
cache size	: 3072 KB
physical id	: 0
siblings	: 4
core id		: 1
cpu cores	: 2
apicid		: 2
initial apicid	: 2
fpu		: yes
fpu_exception	: yes
cpuid level	: 22
wp		: yes
flags		: fpu vme de pse tsc msr pae mce cx8 apic sep mtrr pge mca cmov pat pse36 clflush dts acpi mmx fxsr sse sse2 ss ht tm pbe syscall nx pdpe1gb rdtscp lm constant_tsc art arch_perfmon pebs bts rep_good nopl xtopology nonstop_tsc aperfmperf eagerfpu pni pclmulqdq dtes64 monitor ds_cpl vmx est tm2 ssse3 sdbg fma cx16 xtpr pdcm pcid sse4_1 sse4_2 x2apic movbe popcnt tsc_deadline_timer aes xsave avx f16c rdrand lahf_lm abm 3dnowprefetch epb intel_pt tpr_shadow vnmi flexpriority ept vpid fsgsbase tsc_adjust bmi1 avx2 smep bmi2 erms invpcid mpx rdseed adx smap clflushopt xsaveopt xsavec xgetbv1 xsaves dtherm ida arat pln pts hwp hwp_notify hwp_act_window hwp_epp
bugs		:
bogomips	: 4800.00
clflush size	: 64
cache_alignment	: 64
address sizes	: 39 bits physical, 48 bits virtual
power management:

processor	: 2
vendor_id	: GenuineIntel
cpu family	: 6
model		: 78
model name	: Intel(R) Core(TM) i5-6200U CPU @ 2.30GHz
stepping	: 3
microcode	: 0x9e
cpu MHz		: 2700.000
cache size	: 3072 KB
physical id	: 0
siblings	: 4
core id		: 0
cpu cores	: 2
apicid		: 1
initial apicid	: 1
fpu		: yes
fpu_exception	: yes
cpuid level	: 22
wp		: yes
flags		: fpu vme de pse tsc msr pae mce cx8 apic sep mtrr pge mca cmov pat pse36 clflush dts acpi mmx fxsr sse sse2 ss ht tm pbe syscall nx pdpe1gb rdtscp lm constant_tsc art arch_perfmon pebs bts rep_good nopl xtopology nonstop_tsc aperfmperf eagerfpu pni pclmulqdq dtes64 monitor ds_cpl vmx est tm2 ssse3 sdbg fma cx16 xtpr pdcm pcid sse4_1 sse4_2 x2apic movbe popcnt tsc_deadline_timer aes xsave avx f16c rdrand lahf_lm abm 3dnowprefetch epb intel_pt tpr_shadow vnmi flexpriority ept vpid fsgsbase tsc_adjust bmi1 avx2 smep bmi2 erms invpcid mpx rdseed adx smap clflushopt xsaveopt xsavec xgetbv1 xsaves dtherm ida arat pln pts hwp hwp_notify hwp_act_window hwp_epp
bugs		:
bogomips	: 4800.00
clflush size	: 64
cache_alignment	: 64
address sizes	: 39 bits physical, 48 bits virtual
power management:

processor	: 3
vendor_id	: GenuineIntel
cpu family	: 6
model		: 78
model name	: Intel(R) Core(TM) i5-6200U CPU @ 2.30GHz
stepping	: 3
microcode	: 0x9e
cpu MHz		: 2700.000
cache size	: 3072 KB
physical id	: 0
siblings	: 4
core id		: 1
cpu cores	: 2
apicid		: 3
initial apicid	: 3
fpu		: yes
fpu_exception	: yes
cpuid level	: 22
wp		: yes
flags		: fpu vme de pse tsc msr pae mce cx8 apic sep mtrr pge mca cmov pat pse36 clflush dts acpi mmx fxsr sse sse2 ss ht tm pbe syscall nx pdpe1gb rdtscp lm constant_tsc art arch_perfmon pebs bts rep_good nopl xtopology nonstop_tsc aperfmperf eagerfpu pni pclmulqdq dtes64 monitor ds_cpl vmx est tm2 ssse3 sdbg fma cx16 xtpr pdcm pcid sse4_1 sse4_2 x2apic movbe popcnt tsc_deadline_timer aes xsave avx f16c rdrand lahf_lm abm 3dnowprefetch epb intel_pt tpr_shadow vnmi flexpriority ept vpid fsgsbase tsc_adjust bmi1 avx2 smep bmi2 erms invpcid mpx rdseed adx smap clflushopt xsaveopt xsavec xgetbv1 xsaves dtherm ida arat pln pts hwp hwp_notify hwp_act_window hwp_epp
bugs		:
bogomips	: 4800.00
clflush size	: 64
cache_alignment	: 64
address sizes	: 39 bits physical, 48 bits virtual
power management:



Memory: 4k page, physical 8054856k(1828536k free), swap 8268796k(8268796k free)

vm_info: Java HotSpot(TM) 64-Bit Server VM (25.121-b13) for linux-amd64 JRE (1.8.0_121-b13), built on Dec 12 2016 16:36:53 by "java_re" with gcc 4.3.0 20080428 (Red Hat 4.3.0-8)

time: Wed Apr 12 17:22:37 2017
elapsed time: 2 seconds (0d 0h 0m 2s)

