#
# A fatal error has been detected by the Java Runtime Environment:
#
#  SIGSEGV (0xb) at pc=0x00007f9cd9db6c8d, pid=20373, tid=0x00007f9c55221700
#
# JRE version: OpenJDK Runtime Environment (8.0_121-b13) (build 1.8.0_121-8u121-b13-0ubuntu1.16.10.2-b13)
# Java VM: OpenJDK 64-Bit Server VM (25.121-b13 mixed mode linux-amd64 compressed oops)
# Problematic frame:
# V  [libjvm.so+0x67cc8d]  jni_invoke_nonstatic(JNIEnv_*, JavaValue*, _jobject*, JNICallType, _jmethodID*, JNI_ArgumentPusher*, Thread*) [clone .constprop.84]+0x3d
#
# Failed to write core dump. Core dumps have been disabled. To enable core dumping, try "ulimit -c unlimited" before starting Java again
#
# If you would like to submit a bug report, please visit:
#   http://bugreport.java.com/bugreport/crash.jsp
#

---------------  T H R E A D  ---------------

Current thread (0x00007f9c6813e800):  JavaThread "JavaFX Application Thread" [_thread_in_vm, id=20406, stack(0x00007f9c55121000,0x00007f9c55222000)]

siginfo: si_signo: 11 (SIGSEGV), si_code: 1 (SEGV_MAPERR), si_addr: 0x00007f9c00000000

Registers:
RAX=0x0000000000000000, RBX=0x00007f9c6813e800, RCX=0x00007f9c68079d38, RDX=0x00007f9c00000000
RSP=0x00007f9c55220230, RBP=0x00007f9c552203b0, RSI=0x00007f9c552203d0, RDI=0x00007f9c6813e9e0
R8 =0x00007f9c55220400, R9 =0x00007f9c6813e800, R10=0x00007f9c40000aa0, R11=0x00007f9cc518c0a0
R12=0x00007f9c6813e9e0, R13=0x00007f9c6813e800, R14=0x00007f9c55220490, R15=0x00007f9c00000000
RIP=0x00007f9cd9db6c8d, EFLAGS=0x0000000000010206, CSGSFS=0x002b000000000033, ERR=0x0000000000000004
  TRAPNO=0x000000000000000e

Top of Stack: (sp=0x00007f9c55220230)
0x00007f9c55220230:   00007f9c55220340 00007f9cd9d9ddb3
0x00007f9c55220240:   0000000000000000 00007f9c55220280
0x00007f9c55220250:   00007f9c0000000e 00007f9c6813e9e0
0x00007f9c55220260:   00007f9c55220270 00007f9c552203d0
0x00007f9c55220270:   00007f9cc2b01b90 00007f9c6813e800
0x00007f9c55220280:   00007f9cc2b01b90 00007f9c6813e800
0x00007f9c55220290:   00007f9c6813d550 00007f9c7c04e600
0x00007f9c552202a0:   00007f9c7c04e610 00007f9c7c04e9e8
0x00007f9c552202b0:   00000000000003d8 0000000000000000
0x00007f9c552202c0:   00007f9cc2b01b90 00007f9c6813e800
0x00007f9c552202d0:   00000000c2af6030 000000076f62cf28
0x00007f9c552202e0:   0000000000000000 00007f9cc4e0e748
0x00007f9c552202f0:   00007f9cc2b01b90 00007f9c6813e800
0x00007f9c55220300:   0000000000000000 000000076f67c6f8
0x00007f9c55220310:   000000000000006f 00007f9c0000000a
0x00007f9c55220320:   000000077090c0b8 00007f9c00000000
0x00007f9c55220330:   00007f9c55220420 00007f9c552203e0
0x00007f9c55220340:   00007f9c552204d0 0000000100000190
0x00007f9c55220350:   00007f9c680a8000 00007f9c55220308
0x00007f9c55220360:   00007f9c55220349 0000000800000005
0x00007f9c55220370:   00007f9c00000000 db9dfce2d5e1d900
0x00007f9c55220380:   00007f9c55220390 00007f9c6813e800
0x00007f9c55220390:   00007f9c6813e9e0 00007f9c68079d38
0x00007f9c552203a0:   00007f9c55220490 00007f9c00000000
0x00007f9c552203b0:   00007f9c55220480 00007f9cd9dba2ba
0x00007f9c552203c0:   00007f9c7c04e610 00007f9c55220400
0x00007f9c552203d0:   000000000000000e db9dfce200000000
0x00007f9c552203e0:   00007f9c6813e800 0000000000000000
0x00007f9c552203f0:   0000000000000067 db9dfce2d5e1d900
0x00007f9c55220400:   00007f9cda59b5b0 00007f9cdb2c2690
0x00007f9c55220410:   00000000c2af6030 00007f9c00000063
0x00007f9c55220420:   0000000000000000 0000003000000018 

Instructions: (pc=0x00007f9cd9db6c8d)
0x00007f9cd9db6c6d:   ff 48 89 b5 b8 fe ff ff 64 48 8b 04 25 28 00 00
0x00007f9cd9db6c7d:   00 48 89 45 c8 31 c0 48 85 d2 0f 84 3b 03 00 00
0x00007f9cd9db6c8d:   4c 8b 32 4d 85 f6 0f 84 2f 03 00 00 49 8b b9 20
0x00007f9cd9db6c9d:   01 00 00 48 89 cb 4d 89 c4 e8 f5 4c ff ff 4c 89 

Register to memory mapping:

RAX=0x0000000000000000 is an unknown value
RBX=0x00007f9c6813e800 is a thread
RCX=0x00007f9c68079d38 is an unknown value
RDX=0x00007f9c00000000 is an unknown value
RSP=0x00007f9c55220230 is pointing into the stack for thread: 0x00007f9c6813e800
RBP=0x00007f9c552203b0 is pointing into the stack for thread: 0x00007f9c6813e800
RSI=0x00007f9c552203d0 is pointing into the stack for thread: 0x00007f9c6813e800
RDI=0x00007f9c6813e9e0 is an unknown value
R8 =0x00007f9c55220400 is pointing into the stack for thread: 0x00007f9c6813e800
R9 =0x00007f9c6813e800 is a thread
R10=0x00007f9c40000aa0 is an unknown value
R11=0x00007f9cc518c0a0 is at entry_point+32 in (nmethod*)0x00007f9cc518bf10
R12=0x00007f9c6813e9e0 is an unknown value
R13=0x00007f9c6813e800 is a thread
R14=0x00007f9c55220490 is pointing into the stack for thread: 0x00007f9c6813e800
R15=0x00007f9c00000000 is an unknown value


Stack: [0x00007f9c55121000,0x00007f9c55222000],  sp=0x00007f9c55220230,  free space=1020k
Native frames: (J=compiled Java code, j=interpreted, Vv=VM code, C=native code)
V  [libjvm.so+0x67cc8d]  jni_invoke_nonstatic(JNIEnv_*, JavaValue*, _jobject*, JNICallType, _jmethodID*, JNI_ArgumentPusher*, Thread*) [clone .constprop.84]+0x3d
V  [libjvm.so+0x6802ba]  jni_CallVoidMethodV+0x10a
C  [libglass.so+0x11e13]  JNIEnv_::CallVoidMethod(_jobject*, _jmethodID*, ...)+0x93
C  [libglass.so+0x19585]  WindowContextBase::process_key(_GdkEventKey*)+0x215
C  [libglass.so+0x11a80]  WindowContextBase::im_filter_keypress(_GdkEventKey*)+0x1f0
C  [libglass.so+0x1ef0c]
C  [libgdk-x11-2.0.so.0+0x5acdc]

Java frames: (J=compiled Java code, j=interpreted, Vv=VM code)
j  com.sun.glass.ui.gtk.GtkApplication._runLoop(Ljava/lang/Runnable;Z)V+0
j  com.sun.glass.ui.gtk.GtkApplication.lambda$null$5(Ljava/lang/Runnable;Z)V+7
j  com.sun.glass.ui.gtk.GtkApplication$$Lambda$43.run()V+12
j  java.lang.Thread.run()V+11
v  ~StubRoutines::call_stub

---------------  P R O C E S S  ---------------

Java Threads: ( => current thread )
  0x00007f9cd400a000 JavaThread "DestroyJavaVM" [_thread_blocked, id=20378, stack(0x00007f9cdb38d000,0x00007f9cdb48e000)]
  0x00007f9cd4181800 JavaThread "Thread-5" [_thread_blocked, id=20409, stack(0x00007f9c53d5b000,0x00007f9c53e5c000)]
  0x00007f9cd4189000 JavaThread "Thread-4" [_thread_in_native, id=20408, stack(0x00007f9c53e5c000,0x00007f9c53f5d000)]
  0x00007f9c401b3000 JavaThread "Prism Font Disposer" daemon [_thread_blocked, id=20407, stack(0x00007f9c5475d000,0x00007f9c5485e000)]
=>0x00007f9c6813e800 JavaThread "JavaFX Application Thread" [_thread_in_vm, id=20406, stack(0x00007f9c55121000,0x00007f9c55222000)]
  0x00007f9c6813a800 JavaThread "Thread-3" daemon [_thread_blocked, id=20405, stack(0x00007f9c55222000,0x00007f9c55323000)]
  0x00007f9c68049000 JavaThread "QuantumRenderer-0" daemon [_thread_blocked, id=20401, stack(0x00007f9c8b23b000,0x00007f9c8b33c000)]
  0x00007f9c6407f800 JavaThread "JavaFX-Launcher" [_thread_blocked, id=20400, stack(0x00007f9c8b33c000,0x00007f9c8b43d000)]
  0x00007f9cd4177800 JavaThread "Thread-0" [_thread_blocked, id=20398, stack(0x00007f9c8b43d000,0x00007f9c8b53e000)]
  0x00007f9cd40cc800 JavaThread "Service Thread" daemon [_thread_blocked, id=20396, stack(0x00007f9c980dd000,0x00007f9c981de000)]
  0x00007f9cd40bf800 JavaThread "C1 CompilerThread3" daemon [_thread_blocked, id=20395, stack(0x00007f9c981de000,0x00007f9c982df000)]
  0x00007f9cd40bb000 JavaThread "C2 CompilerThread2" daemon [_thread_blocked, id=20394, stack(0x00007f9c982df000,0x00007f9c983e0000)]
  0x00007f9cd40b9000 JavaThread "C2 CompilerThread1" daemon [_thread_blocked, id=20393, stack(0x00007f9cc00a3000,0x00007f9cc01a4000)]
  0x00007f9cd40b6800 JavaThread "C2 CompilerThread0" daemon [_thread_blocked, id=20392, stack(0x00007f9cc01a4000,0x00007f9cc02a5000)]
  0x00007f9cd40b4000 JavaThread "Signal Dispatcher" daemon [_thread_blocked, id=20391, stack(0x00007f9cc02a5000,0x00007f9cc03a6000)]
  0x00007f9cd408b800 JavaThread "Finalizer" daemon [_thread_blocked, id=20390, stack(0x00007f9cc03a6000,0x00007f9cc04a7000)]
  0x00007f9cd4087000 JavaThread "Reference Handler" daemon [_thread_blocked, id=20389, stack(0x00007f9cc04a7000,0x00007f9cc05a8000)]

Other Threads:
  0x00007f9cd407f800 VMThread [stack: 0x00007f9cc05a8000,0x00007f9cc06a9000] [id=20388]
  0x00007f9cd40cf000 WatcherThread [stack: 0x00007f9c8b53e000,0x00007f9c8b63f000] [id=20397]

VM state:not at safepoint (normal execution)

VM Mutex/Monitor currently owned by a thread: None

Heap:
 PSYoungGen      total 74752K, used 64512K [0x000000076d400000, 0x0000000772700000, 0x00000007c0000000)
  eden space 64512K, 100% used [0x000000076d400000,0x0000000771300000,0x0000000771300000)
  from space 10240K, 0% used [0x0000000771d00000,0x0000000771d00000,0x0000000772700000)
  to   space 10240K, 0% used [0x0000000771300000,0x0000000771300000,0x0000000771d00000)
 ParOldGen       total 171008K, used 0K [0x00000006c7c00000, 0x00000006d2300000, 0x000000076d400000)
  object space 171008K, 0% used [0x00000006c7c00000,0x00000006c7c00000,0x00000006d2300000)
 Metaspace       used 15472K, capacity 16340K, committed 16512K, reserved 1062912K
  class space    used 2167K, capacity 2387K, committed 2432K, reserved 1048576K

Card table byte_map: [0x00007f9cc4274000,0x00007f9cc4a37000] byte_map_base: 0x00007f9cc0c36000

Marking Bits: (ParMarkBitMap*) 0x00007f9cda65e220
 Begin Bits: [0x00007f9c983e0000, 0x00007f9c9c1f0000)
 End Bits:   [0x00007f9c9c1f0000, 0x00007f9ca0000000)

Polling page: 0x00007f9cdb4ad000

CodeCache: size=245760Kb used=4370Kb max_used=4373Kb free=241389Kb
 bounds [0x00007f9cc4df7000, 0x00007f9cc5247000, 0x00007f9cd3df7000]
 total_blobs=1987 nmethods=1363 adapters=538
 compilation: enabled

Compilation events (10 events):
Event: 3,396 Thread 0x00007f9cd40bf800 1362       3       sun.util.logging.PlatformLogger$DefaultLoggerProxy::isLoggable (29 bytes)
Event: 3,396 Thread 0x00007f9cd40bf800 nmethod 1362 0x00007f9cc523cd50 code [0x00007f9cc523cee0, 0x00007f9cc523d410]
Event: 3,396 Thread 0x00007f9cd40bf800 1356       3       java.lang.Boolean::<init> (10 bytes)
Event: 3,396 Thread 0x00007f9cd40bf800 nmethod 1356 0x00007f9cc523a3d0 code [0x00007f9cc523a540, 0x00007f9cc523a6f0]
Event: 3,396 Thread 0x00007f9cd40bf800 1358       3       com.sun.javafx.geom.RectBounds::getWidth (10 bytes)
Event: 3,396 Thread 0x00007f9cd40bf800 nmethod 1358 0x00007f9cc523a090 code [0x00007f9cc523a1e0, 0x00007f9cc523a350]
Event: 3,396 Thread 0x00007f9cd40bf800 1363       3       javafx.beans.binding.DoubleExpression::<init> (5 bytes)
Event: 3,396 Thread 0x00007f9cd40bf800 nmethod 1363 0x00007f9cc523c8d0 code [0x00007f9cc523ca40, 0x00007f9cc523cc50]
Event: 3,396 Thread 0x00007f9cd40bf800 1361       1       com.sun.javafx.font.PrismFontFile::getDefaultAAMode (2 bytes)
Event: 3,397 Thread 0x00007f9cd40bf800 nmethod 1361 0x00007f9cc523c610 code [0x00007f9cc523c760, 0x00007f9cc523c870]

GC Heap History (0 events):
No events

Deoptimization events (10 events):
Event: 1,456 Thread 0x00007f9c6813e800 Uncommon trap: reason=unstable_if action=reinterpret pc=0x00007f9cc50ffd4c method=java.lang.CharacterDataLatin1.toUpperCase(I)I @ 12
Event: 3,055 Thread 0x00007f9c68049000 Uncommon trap: reason=unstable_if action=reinterpret pc=0x00007f9cc5197ca0 method=java.lang.StrictMath.floorOrCeil(DDDD)D @ 115
Event: 3,274 Thread 0x00007f9cd400a000 Uncommon trap: reason=class_check action=maybe_recompile pc=0x00007f9cc509064c method=sun.misc.URLClassPath.getLoader(I)Lsun/misc/URLClassPath$Loader; @ 239
Event: 3,277 Thread 0x00007f9cd400a000 Uncommon trap: reason=class_check action=maybe_recompile pc=0x00007f9cc509064c method=sun.misc.URLClassPath.getLoader(I)Lsun/misc/URLClassPath$Loader; @ 239
Event: 3,278 Thread 0x00007f9cd400a000 Uncommon trap: reason=class_check action=maybe_recompile pc=0x00007f9cc509064c method=sun.misc.URLClassPath.getLoader(I)Lsun/misc/URLClassPath$Loader; @ 239
Event: 3,279 Thread 0x00007f9cd400a000 Uncommon trap: reason=class_check action=maybe_recompile pc=0x00007f9cc509cbec method=sun.misc.URLClassPath.getLoader(I)Lsun/misc/URLClassPath$Loader; @ 239
Event: 3,336 Thread 0x00007f9c6813e800 Uncommon trap: reason=unstable_if action=reinterpret pc=0x00007f9cc4fc95e4 method=java.lang.String.indexOf([CII[CIII)I @ 3
Event: 3,338 Thread 0x00007f9c6813e800 Uncommon trap: reason=bimorphic action=maybe_recompile pc=0x00007f9cc5058560 method=java.util.HashMap.getNode(ILjava/lang/Object;)Ljava/util/HashMap$Node; @ 126
Event: 3,338 Thread 0x00007f9c6813e800 Uncommon trap: reason=bimorphic action=maybe_recompile pc=0x00007f9cc5058560 method=java.util.HashMap.getNode(ILjava/lang/Object;)Ljava/util/HashMap$Node; @ 126
Event: 3,393 Thread 0x00007f9c6813e800 Uncommon trap: reason=unstable_if action=reinterpret pc=0x00007f9cc507dc20 method=java.lang.String.startsWith(Ljava/lang/String;I)Z @ 25

Internal exceptions (10 events):
Event: 0,135 Thread 0x00007f9c6407f800 Exception <a 'java/security/PrivilegedActionException'> (0x000000076da6a9c8) thrown at [/build/openjdk-8-AbQ17_/openjdk-8-8u121-b13/src/hotspot/src/share/vm/prims/jvm.cpp, line 1390]
Event: 0,135 Thread 0x00007f9c6407f800 Exception <a 'java/security/PrivilegedActionException'> (0x000000076da6abd8) thrown at [/build/openjdk-8-AbQ17_/openjdk-8-8u121-b13/src/hotspot/src/share/vm/prims/jvm.cpp, line 1390]
Event: 0,136 Thread 0x00007f9c6407f800 Exception <a 'java/security/PrivilegedActionException'> (0x000000076da6b6b0) thrown at [/build/openjdk-8-AbQ17_/openjdk-8-8u121-b13/src/hotspot/src/share/vm/prims/jvm.cpp, line 1390]
Event: 0,136 Thread 0x00007f9c6407f800 Exception <a 'java/security/PrivilegedActionException'> (0x000000076da6b8c0) thrown at [/build/openjdk-8-AbQ17_/openjdk-8-8u121-b13/src/hotspot/src/share/vm/prims/jvm.cpp, line 1390]
Event: 0,136 Thread 0x00007f9c6407f800 Exception <a 'java/lang/NullPointerException'> (0x000000076da6ccf8) thrown at [/build/openjdk-8-AbQ17_/openjdk-8-8u121-b13/src/hotspot/src/share/vm/interpreter/linkResolver.cpp, line 1178]
Event: 0,371 Thread 0x00007f9c6813e800 Exception <a 'java/lang/NullPointerException'> (0x000000076e589288) thrown at [/build/openjdk-8-AbQ17_/openjdk-8-8u121-b13/src/hotspot/src/share/vm/interpreter/linkResolver.cpp, line 1178]
Event: 0,371 Thread 0x00007f9c6813e800 Exception <a 'java/lang/NullPointerException'> (0x000000076e589288) thrown at [/build/openjdk-8-AbQ17_/openjdk-8-8u121-b13/src/hotspot/src/share/vm/prims/jvm.cpp, line 1394]
Event: 0,513 Thread 0x00007f9c6813e800 Implicit null exception at 0x00007f9cc50553d3 to 0x00007f9cc5055715
Event: 1,270 Thread 0x00007f9c6813e800 Implicit null exception at 0x00007f9cc50aec50 to 0x00007f9cc50aef65
Event: 3,308 Thread 0x00007f9c6813e800 Exception <a 'java/io/FileNotFoundException'> (0x0000000770920dd8) thrown at [/build/openjdk-8-AbQ17_/openjdk-8-8u121-b13/src/hotspot/src/share/vm/prims/jni.cpp, line 709]

Events (10 events):
Event: 3,369 loading class com/sun/javafx/effect/EffectDirtyBits done
Event: 3,370 loading class javafx/scene/shape/SVGPath$1
Event: 3,370 loading class javafx/scene/shape/SVGPath$1 done
Event: 3,370 loading class javafx/scene/shape/SVGPath$2
Event: 3,370 loading class javafx/scene/shape/SVGPath$2 done
Event: 3,370 loading class com/sun/javafx/sg/prism/NGSVGPath
Event: 3,371 loading class com/sun/javafx/sg/prism/NGSVGPath done
Event: 3,393 Thread 0x00007f9c6813e800 Uncommon trap: trap_request=0xffffff65 fr.pc=0x00007f9cc507dc20
Event: 3,393 Thread 0x00007f9c6813e800 DEOPT PACKING pc=0x00007f9cc507dc20 sp=0x00007f9c5521d720
Event: 3,393 Thread 0x00007f9c6813e800 DEOPT UNPACKING pc=0x00007f9cc4dfbf69 sp=0x00007f9c5521d6b8 mode 2


Dynamic libraries:
6c7c00000-6d2300000 rw-p 00000000 00:00 0 
6d2300000-76d400000 ---p 00000000 00:00 0 
76d400000-772700000 rw-p 00000000 00:00 0 
772700000-7c0000000 ---p 00000000 00:00 0 
7c0000000-7c0260000 rw-p 00000000 00:00 0 
7c0260000-800000000 ---p 00000000 00:00 0 
5566e8eb1000-5566e8eb2000 r-xp 00000000 103:05 279285                    /usr/lib/jvm/java-8-openjdk-amd64/jre/bin/java
5566e90b1000-5566e90b2000 r--p 00000000 103:05 279285                    /usr/lib/jvm/java-8-openjdk-amd64/jre/bin/java
5566e90b2000-5566e90b3000 rw-p 00001000 103:05 279285                    /usr/lib/jvm/java-8-openjdk-amd64/jre/bin/java
5566eafe3000-5566eb004000 rw-p 00000000 00:00 0                          [heap]
7f9c2c000000-7f9c2c021000 rw-p 00000000 00:00 0 
7f9c2c021000-7f9c30000000 ---p 00000000 00:00 0 
7f9c34000000-7f9c34021000 rw-p 00000000 00:00 0 
7f9c34021000-7f9c38000000 ---p 00000000 00:00 0 
7f9c38000000-7f9c38021000 rw-p 00000000 00:00 0 
7f9c38021000-7f9c3c000000 ---p 00000000 00:00 0 
7f9c3c000000-7f9c3c021000 rw-p 00000000 00:00 0 
7f9c3c021000-7f9c40000000 ---p 00000000 00:00 0 
7f9c40000000-7f9c404f7000 rw-p 00000000 00:00 0 
7f9c404f7000-7f9c44000000 ---p 00000000 00:00 0 
7f9c44000000-7f9c44022000 rw-p 00000000 00:00 0 
7f9c44022000-7f9c48000000 ---p 00000000 00:00 0 
7f9c48000000-7f9c48022000 rw-p 00000000 00:00 0 
7f9c48022000-7f9c4c000000 ---p 00000000 00:00 0 
7f9c4c000000-7f9c4c021000 rw-p 00000000 00:00 0 
7f9c4c021000-7f9c50000000 ---p 00000000 00:00 0 
7f9c51530000-7f9c51531000 ---p 00000000 00:00 0 
7f9c51531000-7f9c51d31000 rw-p 00000000 00:00 0 
7f9c53d5b000-7f9c53d5e000 ---p 00000000 00:00 0 
7f9c53d5e000-7f9c53e5c000 rw-p 00000000 00:00 0 
7f9c53e5c000-7f9c53e5f000 ---p 00000000 00:00 0 
7f9c53e5f000-7f9c53f5d000 rw-p 00000000 00:00 0 
7f9c53f5d000-7f9c53f74000 r-xp 00000000 103:05 279323                    /usr/lib/jvm/java-8-openjdk-amd64/jre/lib/amd64/libnet.so
7f9c53f74000-7f9c54173000 ---p 00017000 103:05 279323                    /usr/lib/jvm/java-8-openjdk-amd64/jre/lib/amd64/libnet.so
7f9c54173000-7f9c54174000 r--p 00016000 103:05 279323                    /usr/lib/jvm/java-8-openjdk-amd64/jre/lib/amd64/libnet.so
7f9c54174000-7f9c54175000 rw-p 00017000 103:05 279323                    /usr/lib/jvm/java-8-openjdk-amd64/jre/lib/amd64/libnet.so
7f9c54175000-7f9c5417d000 rw-s 00000000 00:05 1964494                    /drm mm object (deleted)
7f9c5417d000-7f9c5433d000 rw-s 10ab9e000 00:06 398                       /dev/dri/card1
7f9c5433d000-7f9c5439d000 rw-s 00000000 00:05 1966491                    /drm mm object (deleted)
7f9c5439d000-7f9c5455d000 rw-p 00000000 00:00 0 
7f9c5455d000-7f9c5459d000 ---p 00000000 00:00 0 
7f9c5459d000-7f9c5475d000 rw-s 00000000 00:05 1966478                    /drm mm object (deleted)
7f9c5475d000-7f9c54760000 ---p 00000000 00:00 0 
7f9c54760000-7f9c5485e000 rw-p 00000000 00:00 0 
7f9c5485e000-7f9c54917000 r--p 00000000 103:05 268258                    /usr/share/fonts/truetype/dejavu/DejaVuSans.ttf
7f9c54917000-7f9c54b17000 rw-p 00000000 00:00 0 
7f9c54b17000-7f9c54b1c000 r-xp 00000000 103:05 279198                    /usr/lib/jvm/java-8-openjdk-amd64/jre/lib/amd64/libjavafx_font_freetype.so
7f9c54b1c000-7f9c54d1b000 ---p 00005000 103:05 279198                    /usr/lib/jvm/java-8-openjdk-amd64/jre/lib/amd64/libjavafx_font_freetype.so
7f9c54d1b000-7f9c54d1c000 r--p 00004000 103:05 279198                    /usr/lib/jvm/java-8-openjdk-amd64/jre/lib/amd64/libjavafx_font_freetype.so
7f9c54d1c000-7f9c54d1d000 rw-p 00005000 103:05 279198                    /usr/lib/jvm/java-8-openjdk-amd64/jre/lib/amd64/libjavafx_font_freetype.so
7f9c54d1d000-7f9c54d20000 r-xp 00000000 103:05 279197                    /usr/lib/jvm/java-8-openjdk-amd64/jre/lib/amd64/libjavafx_font.so
7f9c54d20000-7f9c54f1f000 ---p 00003000 103:05 279197                    /usr/lib/jvm/java-8-openjdk-amd64/jre/lib/amd64/libjavafx_font.so
7f9c54f1f000-7f9c54f20000 r--p 00002000 103:05 279197                    /usr/lib/jvm/java-8-openjdk-amd64/jre/lib/amd64/libjavafx_font.so
7f9c54f20000-7f9c54f21000 rw-p 00003000 103:05 279197                    /usr/lib/jvm/java-8-openjdk-amd64/jre/lib/amd64/libjavafx_font.so
7f9c54f21000-7f9c55121000 rw-p 00000000 00:00 0 
7f9c55121000-7f9c55124000 ---p 00000000 00:00 0 
7f9c55124000-7f9c55222000 rw-p 00000000 00:00 0 
7f9c55222000-7f9c55225000 ---p 00000000 00:00 0 
7f9c55225000-7f9c55323000 rw-p 00000000 00:00 0 
7f9c55323000-7f9c55324000 ---p 00000000 00:00 0 
7f9c55324000-7f9c55b24000 rw-p 00000000 00:00 0 
7f9c55b24000-7f9c55b30000 r-xp 00000000 103:05 137877                    /usr/lib/x86_64-linux-gnu/gio/modules/libdconfsettings.so
7f9c55b30000-7f9c55d2f000 ---p 0000c000 103:05 137877                    /usr/lib/x86_64-linux-gnu/gio/modules/libdconfsettings.so
7f9c55d2f000-7f9c55d30000 r--p 0000b000 103:05 137877                    /usr/lib/x86_64-linux-gnu/gio/modules/libdconfsettings.so
7f9c55d30000-7f9c55d31000 rw-p 0000c000 103:05 137877                    /usr/lib/x86_64-linux-gnu/gio/modules/libdconfsettings.so
7f9c55d31000-7f9c55d32000 ---p 00000000 00:00 0 
7f9c55d32000-7f9c56532000 rw-p 00000000 00:00 0 
7f9c56532000-7f9c5654b000 r-xp 00000000 103:05 137881                    /usr/lib/x86_64-linux-gnu/gio/modules/libgioremote-volume-monitor.so
7f9c5654b000-7f9c5674b000 ---p 00019000 103:05 137881                    /usr/lib/x86_64-linux-gnu/gio/modules/libgioremote-volume-monitor.so
7f9c5674b000-7f9c5674e000 r--p 00019000 103:05 137881                    /usr/lib/x86_64-linux-gnu/gio/modules/libgioremote-volume-monitor.so
7f9c5674e000-7f9c5674f000 rw-p 0001c000 103:05 137881                    /usr/lib/x86_64-linux-gnu/gio/modules/libgioremote-volume-monitor.so
7f9c5674f000-7f9c56785000 r-xp 00000000 103:05 138390                    /usr/lib/x86_64-linux-gnu/gvfs/libgvfscommon.so
7f9c56785000-7f9c56985000 ---p 00036000 103:05 138390                    /usr/lib/x86_64-linux-gnu/gvfs/libgvfscommon.so
7f9c56985000-7f9c5698a000 r--p 00036000 103:05 138390                    /usr/lib/x86_64-linux-gnu/gvfs/libgvfscommon.so
7f9c5698a000-7f9c5698b000 rw-p 0003b000 103:05 138390                    /usr/lib/x86_64-linux-gnu/gvfs/libgvfscommon.so
7f9c5698b000-7f9c569bb000 r-xp 00000000 103:05 137882                    /usr/lib/x86_64-linux-gnu/gio/modules/libgvfsdbus.so
7f9c569bb000-7f9c56bba000 ---p 00030000 103:05 137882                    /usr/lib/x86_64-linux-gnu/gio/modules/libgvfsdbus.so
7f9c56bba000-7f9c56bbb000 r--p 0002f000 103:05 137882                    /usr/lib/x86_64-linux-gnu/gio/modules/libgvfsdbus.so
7f9c56bbb000-7f9c56bbc000 rw-p 00030000 103:05 137882                    /usr/lib/x86_64-linux-gnu/gio/modules/libgvfsdbus.so
7f9c56bbc000-7f9c56bbd000 rw-p 00000000 00:00 0 
7f9c56bbd000-7f9c56bc4000 r-xp 00000000 103:05 1061780                   /usr/lib/x86_64-linux-gnu/libogg.so.0.8.2
7f9c56bc4000-7f9c56dc4000 ---p 00007000 103:05 1061780                   /usr/lib/x86_64-linux-gnu/libogg.so.0.8.2
7f9c56dc4000-7f9c56dc5000 r--p 00007000 103:05 1061780                   /usr/lib/x86_64-linux-gnu/libogg.so.0.8.2
7f9c56dc5000-7f9c56dc6000 rw-p 00008000 103:05 1061780                   /usr/lib/x86_64-linux-gnu/libogg.so.0.8.2
7f9c56dc6000-7f9c56df0000 r-xp 00000000 103:05 1062213                   /usr/lib/x86_64-linux-gnu/libvorbis.so.0.4.8
7f9c56df0000-7f9c56ff0000 ---p 0002a000 103:05 1062213                   /usr/lib/x86_64-linux-gnu/libvorbis.so.0.4.8
7f9c56ff0000-7f9c56ff1000 r--p 0002a000 103:05 1062213                   /usr/lib/x86_64-linux-gnu/libvorbis.so.0.4.8
7f9c56ff1000-7f9c56ff2000 rw-p 0002b000 103:05 1062213                   /usr/lib/x86_64-linux-gnu/libvorbis.so.0.4.8
7f9c56ff2000-7f9c56ffa000 r-xp 00000000 103:05 1061624                   /usr/lib/x86_64-linux-gnu/libltdl.so.7.3.1
7f9c56ffa000-7f9c571fa000 ---p 00008000 103:05 1061624                   /usr/lib/x86_64-linux-gnu/libltdl.so.7.3.1
7f9c571fa000-7f9c571fb000 r--p 00008000 103:05 1061624                   /usr/lib/x86_64-linux-gnu/libltdl.so.7.3.1
7f9c571fb000-7f9c571fc000 rw-p 00009000 103:05 1061624                   /usr/lib/x86_64-linux-gnu/libltdl.so.7.3.1
7f9c571fc000-7f9c57210000 r-xp 00000000 103:05 1062046                   /usr/lib/x86_64-linux-gnu/libtdb.so.1.3.9
7f9c57210000-7f9c5740f000 ---p 00014000 103:05 1062046                   /usr/lib/x86_64-linux-gnu/libtdb.so.1.3.9
7f9c5740f000-7f9c57410000 r--p 00013000 103:05 1062046                   /usr/lib/x86_64-linux-gnu/libtdb.so.1.3.9
7f9c57410000-7f9c57411000 rw-p 00014000 103:05 1062046                   /usr/lib/x86_64-linux-gnu/libtdb.so.1.3.9
7f9c57411000-7f9c57418000 r-xp 00000000 103:05 1062217                   /usr/lib/x86_64-linux-gnu/libvorbisfile.so.3.3.7
7f9c57418000-7f9c57618000 ---p 00007000 103:05 1062217                   /usr/lib/x86_64-linux-gnu/libvorbisfile.so.3.3.7
7f9c57618000-7f9c57619000 r--p 00007000 103:05 1062217                   /usr/lib/x86_64-linux-gnu/libvorbisfile.so.3.3.7
7f9c57619000-7f9c5761a000 rw-p 00008000 103:05 1062217                   /usr/lib/x86_64-linux-gnu/libvorbisfile.so.3.3.7
7f9c5761a000-7f9c5762a000 r-xp 00000000 103:05 1060980                   /usr/lib/x86_64-linux-gnu/libcanberra.so.0.2.5
7f9c5762a000-7f9c5782a000 ---p 00010000 103:05 1060980                   /usr/lib/x86_64-linux-gnu/libcanberra.so.0.2.5
7f9c5782a000-7f9c5782b000 r--p 00010000 103:05 1060980                   /usr/lib/x86_64-linux-gnu/libcanberra.so.0.2.5
7f9c5782b000-7f9c5782c000 rw-p 00011000 103:05 1060980                   /usr/lib/x86_64-linux-gnu/libcanberra.so.0.2.5
7f9c5782c000-7f9c57830000 r-xp 00000000 103:05 1060976                   /usr/lib/x86_64-linux-gnu/libcanberra-gtk.so.0.1.9
7f9c57830000-7f9c57a2f000 ---p 00004000 103:05 1060976                   /usr/lib/x86_64-linux-gnu/libcanberra-gtk.so.0.1.9
7f9c57a2f000-7f9c57a30000 r--p 00003000 103:05 1060976                   /usr/lib/x86_64-linux-gnu/libcanberra-gtk.so.0.1.9
7f9c57a30000-7f9c57a31000 rw-p 00004000 103:05 1060976                   /usr/lib/x86_64-linux-gnu/libcanberra-gtk.so.0.1.9
7f9c57a31000-7f9c57a36000 r-xp 00000000 103:05 138084                    /usr/lib/x86_64-linux-gnu/gtk-2.0/modules/libcanberra-gtk-module.so
7f9c57a36000-7f9c57c35000 ---p 00005000 103:05 138084                    /usr/lib/x86_64-linux-gnu/gtk-2.0/modules/libcanberra-gtk-module.so
7f9c57c35000-7f9c57c36000 r--p 00004000 103:05 138084                    /usr/lib/x86_64-linux-gnu/gtk-2.0/modules/libcanberra-gtk-module.so
7f9c57c36000-7f9c57c37000 rw-p 00005000 103:05 138084                    /usr/lib/x86_64-linux-gnu/gtk-2.0/modules/libcanberra-gtk-module.so
7f9c57c37000-7f9c57c67000 r-xp 00000000 103:05 138066                    /usr/lib/x86_64-linux-gnu/gtk-2.0/2.10.0/engines/libmurrine.so
7f9c57c67000-7f9c57e67000 ---p 00030000 103:05 138066                    /usr/lib/x86_64-linux-gnu/gtk-2.0/2.10.0/engines/libmurrine.so
7f9c57e67000-7f9c57e68000 r--p 00030000 103:05 138066                    /usr/lib/x86_64-linux-gnu/gtk-2.0/2.10.0/engines/libmurrine.so
7f9c57e68000-7f9c57e69000 rw-p 00031000 103:05 138066                    /usr/lib/x86_64-linux-gnu/gtk-2.0/2.10.0/engines/libmurrine.so
7f9c57e69000-7f9c57e79000 r-xp 00000000 103:05 1062139                   /usr/lib/x86_64-linux-gnu/libunity-gtk2-parser.so.0.0.0
7f9c57e79000-7f9c58079000 ---p 00010000 103:05 1062139                   /usr/lib/x86_64-linux-gnu/libunity-gtk2-parser.so.0.0.0
7f9c58079000-7f9c5807a000 r--p 00010000 103:05 1062139                   /usr/lib/x86_64-linux-gnu/libunity-gtk2-parser.so.0.0.0
7f9c5807a000-7f9c5807b000 rw-p 00011000 103:05 1062139                   /usr/lib/x86_64-linux-gnu/libunity-gtk2-parser.so.0.0.0
7f9c5807b000-7f9c58080000 r-xp 00000000 103:05 138088                    /usr/lib/x86_64-linux-gnu/gtk-2.0/modules/libunity-gtk-module.so
7f9c58080000-7f9c5827f000 ---p 00005000 103:05 138088                    /usr/lib/x86_64-linux-gnu/gtk-2.0/modules/libunity-gtk-module.so
7f9c5827f000-7f9c58280000 r--p 00004000 103:05 138088                    /usr/lib/x86_64-linux-gnu/gtk-2.0/modules/libunity-gtk-module.so
7f9c58280000-7f9c58281000 rw-p 00005000 103:05 138088                    /usr/lib/x86_64-linux-gnu/gtk-2.0/modules/libunity-gtk-module.so
7f9c58281000-7f9c582a3000 r-xp 00000000 103:05 136952                    /lib/x86_64-linux-gnu/liblzma.so.5.0.0
7f9c582a3000-7f9c584a2000 ---p 00022000 103:05 136952                    /lib/x86_64-linux-gnu/liblzma.so.5.0.0
7f9c584a2000-7f9c584a3000 r--p 00021000 103:05 136952                    /lib/x86_64-linux-gnu/liblzma.so.5.0.0
7f9c584a3000-7f9c584a4000 rw-p 00022000 103:05 136952                    /lib/x86_64-linux-gnu/liblzma.so.5.0.0
7f9c584a4000-7f9c58526000 r-xp 00000000 103:05 137052                    /lib/x86_64-linux-gnu/libsystemd.so.0.16.0
7f9c58526000-7f9c58529000 r--p 00081000 103:05 137052                    /lib/x86_64-linux-gnu/libsystemd.so.0.16.0
7f9c58529000-7f9c5852a000 rw-p 00084000 103:05 137052                    /lib/x86_64-linux-gnu/libsystemd.so.0.16.0
7f9c5852a000-7f9c5852b000 rw-p 00000000 00:00 0 
7f9c5852b000-7f9c58575000 r-xp 00000000 103:05 138779                    /lib/x86_64-linux-gnu/libdbus-1.so.3.14.7
7f9c58575000-7f9c58775000 ---p 0004a000 103:05 138779                    /lib/x86_64-linux-gnu/libdbus-1.so.3.14.7
7f9c58775000-7f9c58776000 r--p 0004a000 103:05 138779                    /lib/x86_64-linux-gnu/libdbus-1.so.3.14.7
7f9c58776000-7f9c58777000 rw-p 0004b000 103:05 138779                    /lib/x86_64-linux-gnu/libdbus-1.so.3.14.7
7f9c58777000-7f9c587a3000 r-xp 00000000 103:05 1060912                   /usr/lib/x86_64-linux-gnu/libatspi.so.0.0.1
7f9c587a3000-7f9c589a2000 ---p 0002c000 103:05 1060912                   /usr/lib/x86_64-linux-gnu/libatspi.so.0.0.1
7f9c589a2000-7f9c589a5000 r--p 0002b000 103:05 1060912                   /usr/lib/x86_64-linux-gnu/libatspi.so.0.0.1
7f9c589a5000-7f9c589a6000 rw-p 0002e000 103:05 1060912                   /usr/lib/x86_64-linux-gnu/libatspi.so.0.0.1
7f9c589a6000-7f9c589d3000 r-xp 00000000 103:05 1060906                   /usr/lib/x86_64-linux-gnu/libatk-bridge-2.0.so.0.0.0
7f9c589d3000-7f9c58bd2000 ---p 0002d000 103:05 1060906                   /usr/lib/x86_64-linux-gnu/libatk-bridge-2.0.so.0.0.0
7f9c58bd2000-7f9c58bd3000 r--p 0002c000 103:05 1060906                   /usr/lib/x86_64-linux-gnu/libatk-bridge-2.0.so.0.0.0
7f9c58bd3000-7f9c58bd5000 rw-p 0002d000 103:05 1060906                   /usr/lib/x86_64-linux-gnu/libatk-bridge-2.0.so.0.0.0
7f9c58bd5000-7f9c58bd6000 r-xp 00000000 103:05 138083                    /usr/lib/x86_64-linux-gnu/gtk-2.0/modules/libatk-bridge.so
7f9c58bd6000-7f9c58dd5000 ---p 00001000 103:05 138083                    /usr/lib/x86_64-linux-gnu/gtk-2.0/modules/libatk-bridge.so
7f9c58dd5000-7f9c58dd6000 r--p 00000000 103:05 138083                    /usr/lib/x86_64-linux-gnu/gtk-2.0/modules/libatk-bridge.so
7f9c58dd6000-7f9c58dd7000 rw-p 00001000 103:05 138083                    /usr/lib/x86_64-linux-gnu/gtk-2.0/modules/libatk-bridge.so
7f9c58dd7000-7f9c58dde000 r-xp 00000000 103:05 1061264                   /usr/lib/x86_64-linux-gnu/libgailutil.so.18.0.1
7f9c58dde000-7f9c58fdd000 ---p 00007000 103:05 1061264                   /usr/lib/x86_64-linux-gnu/libgailutil.so.18.0.1
7f9c58fdd000-7f9c58fde000 r--p 00006000 103:05 1061264                   /usr/lib/x86_64-linux-gnu/libgailutil.so.18.0.1
7f9c58fde000-7f9c58fdf000 rw-p 00007000 103:05 1061264                   /usr/lib/x86_64-linux-gnu/libgailutil.so.18.0.1
7f9c58fdf000-7f9c5902d000 r-xp 00000000 103:05 138086                    /usr/lib/x86_64-linux-gnu/gtk-2.0/modules/libgail.so
7f9c5902d000-7f9c5922c000 ---p 0004e000 103:05 138086                    /usr/lib/x86_64-linux-gnu/gtk-2.0/modules/libgail.so
7f9c5922c000-7f9c5922d000 r--p 0004d000 103:05 138086                    /usr/lib/x86_64-linux-gnu/gtk-2.0/modules/libgail.so
7f9c5922d000-7f9c5922f000 rw-p 0004e000 103:05 138086                    /usr/lib/x86_64-linux-gnu/gtk-2.0/modules/libgail.so
7f9c5922f000-7f9c59240000 r-xp 00000000 103:05 138087                    /usr/lib/x86_64-linux-gnu/gtk-2.0/modules/liboverlay-scrollbar.so
7f9c59240000-7f9c59440000 ---p 00011000 103:05 138087                    /usr/lib/x86_64-linux-gnu/gtk-2.0/modules/liboverlay-scrollbar.so
7f9c59440000-7f9c59441000 r--p 00011000 103:05 138087                    /usr/lib/x86_64-linux-gnu/gtk-2.0/modules/liboverlay-scrollbar.so
7f9c59441000-7f9c59442000 rw-p 00012000 103:05 138087                    /usr/lib/x86_64-linux-gnu/gtk-2.0/modules/liboverlay-scrollbar.so
7f9c59442000-7f9c59446000 r-xp 00000000 103:05 137066                    /lib/x86_64-linux-gnu/libuuid.so.1.3.0
7f9c59446000-7f9c59645000 ---p 00004000 103:05 137066                    /lib/x86_64-linux-gnu/libuuid.so.1.3.0
7f9c59645000-7f9c59646000 r--p 00003000 103:05 137066                    /lib/x86_64-linux-gnu/libuuid.so.1.3.0
7f9c59646000-7f9c59647000 rw-p 00004000 103:05 137066                    /lib/x86_64-linux-gnu/libuuid.so.1.3.0
7f9c59647000-7f9c5964d000 r-xp 00000000 103:05 1061070                   /usr/lib/x86_64-linux-gnu/libdatrie.so.1.3.3
7f9c5964d000-7f9c5984d000 ---p 00006000 103:05 1061070                   /usr/lib/x86_64-linux-gnu/libdatrie.so.1.3.3
7f9c5984d000-7f9c5984e000 r--p 00006000 103:05 1061070                   /usr/lib/x86_64-linux-gnu/libdatrie.so.1.3.3
7f9c5984e000-7f9c5984f000 rw-p 00007000 103:05 1061070                   /usr/lib/x86_64-linux-gnu/libdatrie.so.1.3.3
7f9c5984f000-7f9c59872000 r-xp 00000000 103:05 1061382                   /usr/lib/x86_64-linux-gnu/libgraphite2.so.3.0.1
7f9c59872000-7f9c59a71000 ---p 00023000 103:05 1061382                   /usr/lib/x86_64-linux-gnu/libgraphite2.so.3.0.1
7f9c59a71000-7f9c59a73000 r--p 00022000 103:05 1061382                   /usr/lib/x86_64-linux-gnu/libgraphite2.so.3.0.1
7f9c59a73000-7f9c59a74000 rw-p 00024000 103:05 1061382                   /usr/lib/x86_64-linux-gnu/libgraphite2.so.3.0.1
7f9c59a74000-7f9c59ab1000 r-xp 00000000 103:05 136879                    /lib/x86_64-linux-gnu/libblkid.so.1.1.0
7f9c59ab1000-7f9c59cb0000 ---p 0003d000 103:05 136879                    /lib/x86_64-linux-gnu/libblkid.so.1.1.0
7f9c59cb0000-7f9c59cb4000 r--p 0003c000 103:05 136879                    /lib/x86_64-linux-gnu/libblkid.so.1.1.0
7f9c59cb4000-7f9c59cb5000 rw-p 00040000 103:05 136879                    /lib/x86_64-linux-gnu/libblkid.so.1.1.0
7f9c59cb5000-7f9c59cb6000 rw-p 00000000 00:00 0 
7f9c59cb6000-7f9c59cbe000 r-xp 00000000 103:05 1062060                   /usr/lib/x86_64-linux-gnu/libthai.so.0.3.0
7f9c59cbe000-7f9c59ebd000 ---p 00008000 103:05 1062060                   /usr/lib/x86_64-linux-gnu/libthai.so.0.3.0
7f9c59ebd000-7f9c59ebe000 r--p 00007000 103:05 1062060                   /usr/lib/x86_64-linux-gnu/libthai.so.0.3.0
7f9c59ebe000-7f9c59ebf000 rw-p 00008000 103:05 1062060                   /usr/lib/x86_64-linux-gnu/libthai.so.0.3.0
7f9c59ebf000-7f9c59f3d000 r-xp 00000000 103:05 1061472                   /usr/lib/x86_64-linux-gnu/libharfbuzz.so.0.10200.7
7f9c59f3d000-7f9c5a13d000 ---p 0007e000 103:05 1061472                   /usr/lib/x86_64-linux-gnu/libharfbuzz.so.0.10200.7
7f9c5a13d000-7f9c5a13e000 r--p 0007e000 103:05 1061472                   /usr/lib/x86_64-linux-gnu/libharfbuzz.so.0.10200.7
7f9c5a13e000-7f9c5a13f000 rw-p 0007f000 103:05 1061472                   /usr/lib/x86_64-linux-gnu/libharfbuzz.so.0.10200.7
7f9c5a13f000-7f9c5a1b1000 r-xp 00000000 103:05 137015                    /lib/x86_64-linux-gnu/libpcre.so.3.13.3
7f9c5a1b1000-7f9c5a3b0000 ---p 00072000 103:05 137015                    /lib/x86_64-linux-gnu/libpcre.so.3.13.3
7f9c5a3b0000-7f9c5a3b1000 r--p 00071000 103:05 137015                    /lib/x86_64-linux-gnu/libpcre.so.3.13.3
7f9c5a3b1000-7f9c5a3b2000 rw-p 00072000 103:05 137015                    /lib/x86_64-linux-gnu/libpcre.so.3.13.3
7f9c5a3b2000-7f9c5a3b9000 r-xp 00000000 103:05 1061201                   /usr/lib/x86_64-linux-gnu/libffi.so.6.0.4
7f9c5a3b9000-7f9c5a5b8000 ---p 00007000 103:05 1061201                   /usr/lib/x86_64-linux-gnu/libffi.so.6.0.4
7f9c5a5b8000-7f9c5a5b9000 r--p 00006000 103:05 1061201                   /usr/lib/x86_64-linux-gnu/libffi.so.6.0.4
7f9c5a5b9000-7f9c5a5ba000 rw-p 00007000 103:05 1061201                   /usr/lib/x86_64-linux-gnu/libffi.so.6.0.4
7f9c5a5ba000-7f9c5a600000 r-xp 00000000 103:05 136961                    /lib/x86_64-linux-gnu/libmount.so.1.1.0
7f9c5a600000-7f9c5a7ff000 ---p 00046000 103:05 136961                    /lib/x86_64-linux-gnu/libmount.so.1.1.0
7f9c5a7ff000-7f9c5a800000 r--p 00045000 103:05 136961                    /lib/x86_64-linux-gnu/libmount.so.1.1.0
7f9c5a800000-7f9c5a801000 rw-p 00046000 103:05 136961                    /lib/x86_64-linux-gnu/libmount.so.1.1.0
7f9c5a801000-7f9c5a802000 rw-p 00000000 00:00 0 
7f9c5a802000-7f9c5a819000 r-xp 00000000 103:05 149410                    /lib/x86_64-linux-gnu/libresolv-2.24.so
7f9c5a819000-7f9c5aa19000 ---p 00017000 103:05 149410                    /lib/x86_64-linux-gnu/libresolv-2.24.so
7f9c5aa19000-7f9c5aa1a000 r--p 00017000 103:05 149410                    /lib/x86_64-linux-gnu/libresolv-2.24.so
7f9c5aa1a000-7f9c5aa1b000 rw-p 00018000 103:05 149410                    /lib/x86_64-linux-gnu/libresolv-2.24.so
7f9c5aa1b000-7f9c5aa1d000 rw-p 00000000 00:00 0 
7f9c5aa1d000-7f9c5aa40000 r-xp 00000000 103:05 137042                    /lib/x86_64-linux-gnu/libselinux.so.1
7f9c5aa40000-7f9c5ac3f000 ---p 00023000 103:05 137042                    /lib/x86_64-linux-gnu/libselinux.so.1
7f9c5ac3f000-7f9c5ac40000 r--p 00022000 103:05 137042                    /lib/x86_64-linux-gnu/libselinux.so.1
7f9c5ac40000-7f9c5ac41000 rw-p 00023000 103:05 137042                    /lib/x86_64-linux-gnu/libselinux.so.1
7f9c5ac41000-7f9c5ac43000 rw-p 00000000 00:00 0 
7f9c5ac43000-7f9c5ac4b000 r-xp 00000000 103:05 1062322                   /usr/lib/x86_64-linux-gnu/libxcb-render.so.0.0.0
7f9c5ac4b000-7f9c5ae4b000 ---p 00008000 103:05 1062322                   /usr/lib/x86_64-linux-gnu/libxcb-render.so.0.0.0
7f9c5ae4b000-7f9c5ae4c000 r--p 00008000 103:05 1062322                   /usr/lib/x86_64-linux-gnu/libxcb-render.so.0.0.0
7f9c5ae4c000-7f9c5ae4d000 rw-p 00009000 103:05 1062322                   /usr/lib/x86_64-linux-gnu/libxcb-render.so.0.0.0
7f9c5ae4d000-7f9c5ae4f000 r-xp 00000000 103:05 1062326                   /usr/lib/x86_64-linux-gnu/libxcb-shm.so.0.0.0
7f9c5ae4f000-7f9c5b04f000 ---p 00002000 103:05 1062326                   /usr/lib/x86_64-linux-gnu/libxcb-shm.so.0.0.0
7f9c5b04f000-7f9c5b050000 r--p 00002000 103:05 1062326                   /usr/lib/x86_64-linux-gnu/libxcb-shm.so.0.0.0
7f9c5b050000-7f9c5b051000 rw-p 00003000 103:05 1062326                   /usr/lib/x86_64-linux-gnu/libxcb-shm.so.0.0.0
7f9c5b051000-7f9c5b082000 r-xp 00000000 103:05 1061851                   /usr/lib/x86_64-linux-gnu/libpng16.so.16.25.0
7f9c5b082000-7f9c5b281000 ---p 00031000 103:05 1061851                   /usr/lib/x86_64-linux-gnu/libpng16.so.16.25.0
7f9c5b281000-7f9c5b282000 r--p 00030000 103:05 1061851                   /usr/lib/x86_64-linux-gnu/libpng16.so.16.25.0
7f9c5b282000-7f9c5b283000 rw-p 00031000 103:05 1061851                   /usr/lib/x86_64-linux-gnu/libpng16.so.16.25.0
7f9c5b283000-7f9c5b32a000 r-xp 00000000 103:05 1048730                   /usr/lib/x86_64-linux-gnu/libfreetype.so.6.12.3
7f9c5b32a000-7f9c5b529000 ---p 000a7000 103:05 1048730                   /usr/lib/x86_64-linux-gnu/libfreetype.so.6.12.3
7f9c5b529000-7f9c5b52f000 r--p 000a6000 103:05 1048730                   /usr/lib/x86_64-linux-gnu/libfreetype.so.6.12.3
7f9c5b52f000-7f9c5b530000 rw-p 000ac000 103:05 1048730                   /usr/lib/x86_64-linux-gnu/libfreetype.so.6.12.3
7f9c5b530000-7f9c5b5cf000 r-xp 00000000 103:05 1061843                   /usr/lib/x86_64-linux-gnu/libpixman-1.so.0.33.6
7f9c5b5cf000-7f9c5b7cf000 ---p 0009f000 103:05 1061843                   /usr/lib/x86_64-linux-gnu/libpixman-1.so.0.33.6
7f9c5b7cf000-7f9c5b7d7000 r--p 0009f000 103:05 1061843                   /usr/lib/x86_64-linux-gnu/libpixman-1.so.0.33.6
7f9c5b7d7000-7f9c5b7d8000 rw-p 000a7000 103:05 1061843                   /usr/lib/x86_64-linux-gnu/libpixman-1.so.0.33.6
7f9c5b7d8000-7f9c5b7da000 r-xp 00000000 103:05 1060809                   /usr/lib/x86_64-linux-gnu/libXcomposite.so.1.0.0
7f9c5b7da000-7f9c5b9d9000 ---p 00002000 103:05 1060809                   /usr/lib/x86_64-linux-gnu/libXcomposite.so.1.0.0
7f9c5b9d9000-7f9c5b9da000 r--p 00001000 103:05 1060809                   /usr/lib/x86_64-linux-gnu/libXcomposite.so.1.0.0
7f9c5b9da000-7f9c5b9db000 rw-p 00002000 103:05 1060809                   /usr/lib/x86_64-linux-gnu/libXcomposite.so.1.0.0
7f9c5b9db000-7f9c5b9e4000 r-xp 00000000 103:05 1060811                   /usr/lib/x86_64-linux-gnu/libXcursor.so.1.0.2
7f9c5b9e4000-7f9c5bbe3000 ---p 00009000 103:05 1060811                   /usr/lib/x86_64-linux-gnu/libXcursor.so.1.0.2
7f9c5bbe3000-7f9c5bbe4000 r--p 00008000 103:05 1060811                   /usr/lib/x86_64-linux-gnu/libXcursor.so.1.0.2
7f9c5bbe4000-7f9c5bbe5000 rw-p 00009000 103:05 1060811                   /usr/lib/x86_64-linux-gnu/libXcursor.so.1.0.2
7f9c5bbe5000-7f9c5bbef000 r-xp 00000000 103:05 1060835                   /usr/lib/x86_64-linux-gnu/libXrandr.so.2.2.0
7f9c5bbef000-7f9c5bdee000 ---p 0000a000 103:05 1060835                   /usr/lib/x86_64-linux-gnu/libXrandr.so.2.2.0
7f9c5bdee000-7f9c5bdef000 r--p 00009000 103:05 1060835                   /usr/lib/x86_64-linux-gnu/libXrandr.so.2.2.0
7f9c5bdef000-7f9c5bdf0000 rw-p 0000a000 103:05 1060835                   /usr/lib/x86_64-linux-gnu/libXrandr.so.2.2.0
7f9c5bdf0000-7f9c5bdff000 r-xp 00000000 103:05 1060825                   /usr/lib/x86_64-linux-gnu/libXi.so.6.1.0
7f9c5bdff000-7f9c5bffe000 ---p 0000f000 103:05 1060825                   /usr/lib/x86_64-linux-gnu/libXi.so.6.1.0
7f9c5bffe000-7f9c5bfff000 r--p 0000e000 103:05 1060825                   /usr/lib/x86_64-linux-gnu/libXi.so.6.1.0
7f9c5bfff000-7f9c5c000000 rw-p 0000f000 103:05 1060825                   /usr/lib/x86_64-linux-gnu/libXi.so.6.1.0
7f9c5c000000-7f9c5de73000 rw-p 00000000 00:00 0 
7f9c5de73000-7f9c60000000 ---p 00000000 00:00 0 
7f9c60002000-7f9c60012000 rw-s 00000000 00:05 1966493                    /drm mm object (deleted)
7f9c60012000-7f9c60020000 rw-s 00000000 00:05 1966490                    /drm mm object (deleted)
7f9c60020000-7f9c60028000 rw-s 00000000 00:05 1966484                    /drm mm object (deleted)
7f9c60028000-7f9c60038000 rw-s 00000000 00:05 1966480                    /drm mm object (deleted)
7f9c60038000-7f9c60044000 rw-s 00000000 00:05 1967152                    /drm mm object (deleted)
7f9c60044000-7f9c60057000 r--s 00346000 103:05 279373                    /usr/lib/jvm/java-8-openjdk-amd64/jre/lib/resources.jar
7f9c60057000-7f9c60062000 r--s 00000000 103:05 1076668                   /var/cache/fontconfig/945677eb7aeaf62f1d50efc3fb3ec7d8-le64.cache-6
7f9c60062000-7f9c60064000 r-xp 00000000 103:05 1060827                   /usr/lib/x86_64-linux-gnu/libXinerama.so.1.0.0
7f9c60064000-7f9c60263000 ---p 00002000 103:05 1060827                   /usr/lib/x86_64-linux-gnu/libXinerama.so.1.0.0
7f9c60263000-7f9c60264000 r--p 00001000 103:05 1060827                   /usr/lib/x86_64-linux-gnu/libXinerama.so.1.0.0
7f9c60264000-7f9c60265000 rw-p 00002000 103:05 1060827                   /usr/lib/x86_64-linux-gnu/libXinerama.so.1.0.0
7f9c60265000-7f9c6026e000 r-xp 00000000 103:05 1060837                   /usr/lib/x86_64-linux-gnu/libXrender.so.1.3.0
7f9c6026e000-7f9c6046d000 ---p 00009000 103:05 1060837                   /usr/lib/x86_64-linux-gnu/libXrender.so.1.3.0
7f9c6046d000-7f9c6046e000 r--p 00008000 103:05 1060837                   /usr/lib/x86_64-linux-gnu/libXrender.so.1.3.0
7f9c6046e000-7f9c6046f000 rw-p 00009000 103:05 1060837                   /usr/lib/x86_64-linux-gnu/libXrender.so.1.3.0
7f9c6046f000-7f9c604ac000 r-xp 00000000 103:05 1061219                   /usr/lib/x86_64-linux-gnu/libfontconfig.so.1.9.0
7f9c604ac000-7f9c606ab000 ---p 0003d000 103:05 1061219                   /usr/lib/x86_64-linux-gnu/libfontconfig.so.1.9.0
7f9c606ab000-7f9c606ad000 r--p 0003c000 103:05 1061219                   /usr/lib/x86_64-linux-gnu/libfontconfig.so.1.9.0
7f9c606ad000-7f9c606b2000 rw-p 0003e000 103:05 1061219                   /usr/lib/x86_64-linux-gnu/libfontconfig.so.1.9.0
7f9c606b2000-7f9c606fb000 r-xp 00000000 103:05 1061811                   /usr/lib/x86_64-linux-gnu/libpango-1.0.so.0.4000.1
7f9c606fb000-7f9c608fb000 ---p 00049000 103:05 1061811                   /usr/lib/x86_64-linux-gnu/libpango-1.0.so.0.4000.1
7f9c608fb000-7f9c608fd000 r--p 00049000 103:05 1061811                   /usr/lib/x86_64-linux-gnu/libpango-1.0.so.0.4000.1
7f9c608fd000-7f9c608fe000 rw-p 0004b000 103:05 1061811                   /usr/lib/x86_64-linux-gnu/libpango-1.0.so.0.4000.1
7f9c608fe000-7f9c60912000 r-xp 00000000 103:05 1061815                   /usr/lib/x86_64-linux-gnu/libpangoft2-1.0.so.0.4000.1
7f9c60912000-7f9c60b12000 ---p 00014000 103:05 1061815                   /usr/lib/x86_64-linux-gnu/libpangoft2-1.0.so.0.4000.1
7f9c60b12000-7f9c60b13000 r--p 00014000 103:05 1061815                   /usr/lib/x86_64-linux-gnu/libpangoft2-1.0.so.0.4000.1
7f9c60b13000-7f9c60b14000 rw-p 00015000 103:05 1061815                   /usr/lib/x86_64-linux-gnu/libpangoft2-1.0.so.0.4000.1
7f9c60b14000-7f9c60b36000 r-xp 00000000 103:05 1060904                   /usr/lib/x86_64-linux-gnu/libatk-1.0.so.0.22009.1
7f9c60b36000-7f9c60d35000 ---p 00022000 103:05 1060904                   /usr/lib/x86_64-linux-gnu/libatk-1.0.so.0.22009.1
7f9c60d35000-7f9c60d38000 r--p 00021000 103:05 1060904                   /usr/lib/x86_64-linux-gnu/libatk-1.0.so.0.22009.1
7f9c60d38000-7f9c60d39000 rw-p 00024000 103:05 1060904                   /usr/lib/x86_64-linux-gnu/libatk-1.0.so.0.22009.1
7f9c60d39000-7f9c60d45000 r-xp 00000000 103:05 1061813                   /usr/lib/x86_64-linux-gnu/libpangocairo-1.0.so.0.4000.1
7f9c60d45000-7f9c60f44000 ---p 0000c000 103:05 1061813                   /usr/lib/x86_64-linux-gnu/libpangocairo-1.0.so.0.4000.1
7f9c60f44000-7f9c60f45000 r--p 0000b000 103:05 1061813                   /usr/lib/x86_64-linux-gnu/libpangocairo-1.0.so.0.4000.1
7f9c60f45000-7f9c60f46000 rw-p 0000c000 103:05 1061813                   /usr/lib/x86_64-linux-gnu/libpangocairo-1.0.so.0.4000.1
7f9c60f46000-7f9c60f49000 r-xp 00000000 103:05 1061340                   /usr/lib/x86_64-linux-gnu/libgmodule-2.0.so.0.5000.0
7f9c60f49000-7f9c61148000 ---p 00003000 103:05 1061340                   /usr/lib/x86_64-linux-gnu/libgmodule-2.0.so.0.5000.0
7f9c61148000-7f9c61149000 r--p 00002000 103:05 1061340                   /usr/lib/x86_64-linux-gnu/libgmodule-2.0.so.0.5000.0
7f9c61149000-7f9c6114a000 rw-p 00003000 103:05 1061340                   /usr/lib/x86_64-linux-gnu/libgmodule-2.0.so.0.5000.0
7f9c6114a000-7f9c6114f000 r-xp 00000000 103:05 1060843                   /usr/lib/x86_64-linux-gnu/libXtst.so.6.1.0
7f9c6114f000-7f9c6134e000 ---p 00005000 103:05 1060843                   /usr/lib/x86_64-linux-gnu/libXtst.so.6.1.0
7f9c6134e000-7f9c6134f000 r--p 00004000 103:05 1060843                   /usr/lib/x86_64-linux-gnu/libXtst.so.6.1.0
7f9c6134f000-7f9c61350000 rw-p 00005000 103:05 1060843                   /usr/lib/x86_64-linux-gnu/libXtst.so.6.1.0
7f9c61350000-7f9c61460000 r-xp 00000000 103:05 136931                    /lib/x86_64-linux-gnu/libglib-2.0.so.0.5000.0
7f9c61460000-7f9c61660000 ---p 00110000 103:05 136931                    /lib/x86_64-linux-gnu/libglib-2.0.so.0.5000.0
7f9c61660000-7f9c61661000 r--p 00110000 103:05 136931                    /lib/x86_64-linux-gnu/libglib-2.0.so.0.5000.0
7f9c61661000-7f9c61662000 rw-p 00111000 103:05 136931                    /lib/x86_64-linux-gnu/libglib-2.0.so.0.5000.0
7f9c61662000-7f9c61663000 rw-p 00000000 00:00 0 
7f9c61663000-7f9c61664000 r-xp 00000000 103:05 1061437                   /usr/lib/x86_64-linux-gnu/libgthread-2.0.so.0.5000.0
7f9c61664000-7f9c61863000 ---p 00001000 103:05 1061437                   /usr/lib/x86_64-linux-gnu/libgthread-2.0.so.0.5000.0
7f9c61863000-7f9c61864000 r--p 00000000 103:05 1061437                   /usr/lib/x86_64-linux-gnu/libgthread-2.0.so.0.5000.0
7f9c61864000-7f9c61865000 rw-p 00001000 103:05 1061437                   /usr/lib/x86_64-linux-gnu/libgthread-2.0.so.0.5000.0
7f9c61865000-7f9c618b7000 r-xp 00000000 103:05 1061362                   /usr/lib/x86_64-linux-gnu/libgobject-2.0.so.0.5000.0
7f9c618b7000-7f9c61ab6000 ---p 00052000 103:05 1061362                   /usr/lib/x86_64-linux-gnu/libgobject-2.0.so.0.5000.0
7f9c61ab6000-7f9c61ab7000 r--p 00051000 103:05 1061362                   /usr/lib/x86_64-linux-gnu/libgobject-2.0.so.0.5000.0
7f9c61ab7000-7f9c61ab8000 rw-p 00052000 103:05 1061362                   /usr/lib/x86_64-linux-gnu/libgobject-2.0.so.0.5000.0
7f9c61ab8000-7f9c61c45000 r-xp 00000000 103:05 1061324                   /usr/lib/x86_64-linux-gnu/libgio-2.0.so.0.5000.0
7f9c61c45000-7f9c61e44000 ---p 0018d000 103:05 1061324                   /usr/lib/x86_64-linux-gnu/libgio-2.0.so.0.5000.0
7f9c61e44000-7f9c61e49000 r--p 0018c000 103:05 1061324                   /usr/lib/x86_64-linux-gnu/libgio-2.0.so.0.5000.0
7f9c61e49000-7f9c61e4c000 rw-p 00191000 103:05 1061324                   /usr/lib/x86_64-linux-gnu/libgio-2.0.so.0.5000.0
7f9c61e4c000-7f9c61e4d000 rw-p 00000000 00:00 0 
7f9c61e4d000-7f9c61e6e000 r-xp 00000000 103:05 1061294                   /usr/lib/x86_64-linux-gnu/libgdk_pixbuf-2.0.so.0.3400.0
7f9c61e6e000-7f9c6206d000 ---p 00021000 103:05 1061294                   /usr/lib/x86_64-linux-gnu/libgdk_pixbuf-2.0.so.0.3400.0
7f9c6206d000-7f9c6206e000 r--p 00020000 103:05 1061294                   /usr/lib/x86_64-linux-gnu/libgdk_pixbuf-2.0.so.0.3400.0
7f9c6206e000-7f9c6206f000 rw-p 00021000 103:05 1061294                   /usr/lib/x86_64-linux-gnu/libgdk_pixbuf-2.0.so.0.3400.0
7f9c6206f000-7f9c6217d000 r-xp 00000000 103:05 1060970                   /usr/lib/x86_64-linux-gnu/libcairo.so.2.11400.6
7f9c6217d000-7f9c6237c000 ---p 0010e000 103:05 1060970                   /usr/lib/x86_64-linux-gnu/libcairo.so.2.11400.6
7f9c6237c000-7f9c6237f000 r--p 0010d000 103:05 1060970                   /usr/lib/x86_64-linux-gnu/libcairo.so.2.11400.6
7f9c6237f000-7f9c62380000 rw-p 00110000 103:05 1060970                   /usr/lib/x86_64-linux-gnu/libcairo.so.2.11400.6
7f9c62380000-7f9c62382000 rw-p 00000000 00:00 0 
7f9c62382000-7f9c62432000 r-xp 00000000 103:05 1061292                   /usr/lib/x86_64-linux-gnu/libgdk-x11-2.0.so.0.2400.30
7f9c62432000-7f9c62631000 ---p 000b0000 103:05 1061292                   /usr/lib/x86_64-linux-gnu/libgdk-x11-2.0.so.0.2400.30
7f9c62631000-7f9c62635000 r--p 000af000 103:05 1061292                   /usr/lib/x86_64-linux-gnu/libgdk-x11-2.0.so.0.2400.30
7f9c62635000-7f9c62637000 rw-p 000b3000 103:05 1061292                   /usr/lib/x86_64-linux-gnu/libgdk-x11-2.0.so.0.2400.30
7f9c62637000-7f9c62a75000 r-xp 00000000 103:05 1061441                   /usr/lib/x86_64-linux-gnu/libgtk-x11-2.0.so.0.2400.30
7f9c62a75000-7f9c62c75000 ---p 0043e000 103:05 1061441                   /usr/lib/x86_64-linux-gnu/libgtk-x11-2.0.so.0.2400.30
7f9c62c75000-7f9c62c7c000 r--p 0043e000 103:05 1061441                   /usr/lib/x86_64-linux-gnu/libgtk-x11-2.0.so.0.2400.30
7f9c62c7c000-7f9c62c80000 rw-p 00445000 103:05 1061441                   /usr/lib/x86_64-linux-gnu/libgtk-x11-2.0.so.0.2400.30
7f9c62c80000-7f9c62c83000 rw-p 00000000 00:00 0 
7f9c62c83000-7f9c62cab000 r-xp 00000000 103:05 279195                    /usr/lib/jvm/java-8-openjdk-amd64/jre/lib/amd64/libglass.so
7f9c62cab000-7f9c62eab000 ---p 00028000 103:05 279195                    /usr/lib/jvm/java-8-openjdk-amd64/jre/lib/amd64/libglass.so
7f9c62eab000-7f9c62eac000 r--p 00028000 103:05 279195                    /usr/lib/jvm/java-8-openjdk-amd64/jre/lib/amd64/libglass.so
7f9c62eac000-7f9c62ead000 rw-p 00029000 103:05 279195                    /usr/lib/jvm/java-8-openjdk-amd64/jre/lib/amd64/libglass.so
7f9c62ead000-7f9c62ee4000 r-xp 00000000 103:05 1062093                   /usr/lib/x86_64-linux-gnu/libtxc_dxtn_s2tc.so.0.0.0
7f9c62ee4000-7f9c630e3000 ---p 00037000 103:05 1062093                   /usr/lib/x86_64-linux-gnu/libtxc_dxtn_s2tc.so.0.0.0
7f9c630e3000-7f9c630e4000 r--p 00036000 103:05 1062093                   /usr/lib/x86_64-linux-gnu/libtxc_dxtn_s2tc.so.0.0.0
7f9c630e4000-7f9c630e5000 rw-p 00037000 103:05 1062093                   /usr/lib/x86_64-linux-gnu/libtxc_dxtn_s2tc.so.0.0.0
7f9c630e5000-7f9c630ed000 r-xp 00000000 103:05 1061827                   /usr/lib/x86_64-linux-gnu/libpciaccess.so.0.11.1
7f9c630ed000-7f9c632ed000 ---p 00008000 103:05 1061827                   /usr/lib/x86_64-linux-gnu/libpciaccess.so.0.11.1
7f9c632ed000-7f9c632ee000 r--p 00008000 103:05 1061827                   /usr/lib/x86_64-linux-gnu/libpciaccess.so.0.11.1
7f9c632ee000-7f9c632ef000 rw-p 00009000 103:05 1061827                   /usr/lib/x86_64-linux-gnu/libpciaccess.so.0.11.1
7f9c632ef000-7f9c63301000 r-xp 00000000 103:05 136933                    /lib/x86_64-linux-gnu/libgpg-error.so.0.19.1
7f9c63301000-7f9c63501000 ---p 00012000 103:05 136933                    /lib/x86_64-linux-gnu/libgpg-error.so.0.19.1
7f9c63501000-7f9c63502000 r--p 00012000 103:05 136933                    /lib/x86_64-linux-gnu/libgpg-error.so.0.19.1
7f9c63502000-7f9c63503000 rw-p 00013000 103:05 136933                    /lib/x86_64-linux-gnu/libgpg-error.so.0.19.1
7f9c63503000-7f9c6350e000 r-xp 00000000 103:05 1061129                   /usr/lib/x86_64-linux-gnu/libdrm_radeon.so.1.0.1
7f9c6350e000-7f9c6370d000 ---p 0000b000 103:05 1061129                   /usr/lib/x86_64-linux-gnu/libdrm_radeon.so.1.0.1
7f9c6370d000-7f9c6370e000 r--p 0000a000 103:05 1061129                   /usr/lib/x86_64-linux-gnu/libdrm_radeon.so.1.0.1
7f9c6370e000-7f9c6370f000 rw-p 0000b000 103:05 1061129                   /usr/lib/x86_64-linux-gnu/libdrm_radeon.so.1.0.1
7f9c6370f000-7f9c63db2000 r-xp 00000000 103:05 8121                      /usr/lib/x86_64-linux-gnu/dri/i965_dri.so
7f9c63db2000-7f9c63fb1000 ---p 006a3000 103:05 8121                      /usr/lib/x86_64-linux-gnu/dri/i965_dri.so
7f9c63fb1000-7f9c63ff0000 r--p 006a2000 103:05 8121                      /usr/lib/x86_64-linux-gnu/dri/i965_dri.so
7f9c63ff0000-7f9c63ff8000 rw-p 006e1000 103:05 8121                      /usr/lib/x86_64-linux-gnu/dri/i965_dri.so
7f9c63ff8000-7f9c64000000 rw-p 00000000 00:00 0 
7f9c64000000-7f9c64083000 rw-p 00000000 00:00 0 
7f9c64083000-7f9c68000000 ---p 00000000 00:00 0 
7f9c68000000-7f9c682a2000 rw-p 00000000 00:00 0 
7f9c682a2000-7f9c6c000000 ---p 00000000 00:00 0 
7f9c6c000000-7f9c6c021000 rw-p 00000000 00:00 0 
7f9c6c021000-7f9c70000000 ---p 00000000 00:00 0 
7f9c70000000-7f9c70021000 rw-p 00000000 00:00 0 
7f9c70021000-7f9c74000000 ---p 00000000 00:00 0 
7f9c74000000-7f9c74181000 rw-p 00000000 00:00 0 
7f9c74181000-7f9c78000000 ---p 00000000 00:00 0 
7f9c78000000-7f9c7825a000 rw-p 00000000 00:00 0 
7f9c7825a000-7f9c7c000000 ---p 00000000 00:00 0 
7f9c7c000000-7f9c7c14f000 rw-p 00000000 00:00 0 
7f9c7c14f000-7f9c80000000 ---p 00000000 00:00 0 
7f9c80000000-7f9c8012c000 rw-p 00000000 00:00 0 
7f9c8012c000-7f9c84000000 ---p 00000000 00:00 0 
7f9c84000000-7f9c84021000 rw-p 00000000 00:00 0 
7f9c84021000-7f9c88000000 ---p 00000000 00:00 0 
7f9c88001000-7f9c88005000 r--s 0009a000 103:05 279368                    /usr/lib/jvm/java-8-openjdk-amd64/jre/lib/jsse.jar
7f9c88005000-7f9c8801a000 r--s 00000000 103:05 1076642                   /var/cache/fontconfig/04aabc0a78ac019cf9454389977116d2-le64.cache-6
7f9c8801a000-7f9c88065000 r--p 00000000 103:05 526830                    /usr/share/glib-2.0/schemas/gschemas.compiled
7f9c88065000-7f9c8806c000 r-xp 00000000 103:05 1061127                   /usr/lib/x86_64-linux-gnu/libdrm_nouveau.so.2.0.0
7f9c8806c000-7f9c8826b000 ---p 00007000 103:05 1061127                   /usr/lib/x86_64-linux-gnu/libdrm_nouveau.so.2.0.0
7f9c8826b000-7f9c8826c000 r--p 00006000 103:05 1061127                   /usr/lib/x86_64-linux-gnu/libdrm_nouveau.so.2.0.0
7f9c8826c000-7f9c8826d000 rw-p 00007000 103:05 1061127                   /usr/lib/x86_64-linux-gnu/libdrm_nouveau.so.2.0.0
7f9c8826d000-7f9c8828d000 r-xp 00000000 103:05 1061125                   /usr/lib/x86_64-linux-gnu/libdrm_intel.so.1.0.0
7f9c8828d000-7f9c8848c000 ---p 00020000 103:05 1061125                   /usr/lib/x86_64-linux-gnu/libdrm_intel.so.1.0.0
7f9c8848c000-7f9c8848d000 r--p 0001f000 103:05 1061125                   /usr/lib/x86_64-linux-gnu/libdrm_intel.so.1.0.0
7f9c8848d000-7f9c8848e000 rw-p 00020000 103:05 1061125                   /usr/lib/x86_64-linux-gnu/libdrm_intel.so.1.0.0
7f9c8848e000-7f9c88595000 r-xp 00000000 103:05 136929                    /lib/x86_64-linux-gnu/libgcrypt.so.20.1.2
7f9c88595000-7f9c88794000 ---p 00107000 103:05 136929                    /lib/x86_64-linux-gnu/libgcrypt.so.20.1.2
7f9c88794000-7f9c88796000 r--p 00106000 103:05 136929                    /lib/x86_64-linux-gnu/libgcrypt.so.20.1.2
7f9c88796000-7f9c8879d000 rw-p 00108000 103:05 136929                    /lib/x86_64-linux-gnu/libgcrypt.so.20.1.2
7f9c8879d000-7f9c887a2000 r-xp 00000000 103:05 1060815                   /usr/lib/x86_64-linux-gnu/libXdmcp.so.6.0.0
7f9c887a2000-7f9c889a1000 ---p 00005000 103:05 1060815                   /usr/lib/x86_64-linux-gnu/libXdmcp.so.6.0.0
7f9c889a1000-7f9c889a2000 r--p 00004000 103:05 1060815                   /usr/lib/x86_64-linux-gnu/libXdmcp.so.6.0.0
7f9c889a2000-7f9c889a3000 rw-p 00005000 103:05 1060815                   /usr/lib/x86_64-linux-gnu/libXdmcp.so.6.0.0
7f9c889a3000-7f9c889a5000 r-xp 00000000 103:05 1060804                   /usr/lib/x86_64-linux-gnu/libXau.so.6.0.0
7f9c889a5000-7f9c88ba5000 ---p 00002000 103:05 1060804                   /usr/lib/x86_64-linux-gnu/libXau.so.6.0.0
7f9c88ba5000-7f9c88ba6000 r--p 00002000 103:05 1060804                   /usr/lib/x86_64-linux-gnu/libXau.so.6.0.0
7f9c88ba6000-7f9c88ba7000 rw-p 00003000 103:05 1060804                   /usr/lib/x86_64-linux-gnu/libXau.so.6.0.0
7f9c88ba7000-7f9c88bb5000 r-xp 00000000 103:05 1061121                   /usr/lib/x86_64-linux-gnu/libdrm.so.2.4.0
7f9c88bb5000-7f9c88db4000 ---p 0000e000 103:05 1061121                   /usr/lib/x86_64-linux-gnu/libdrm.so.2.4.0
7f9c88db4000-7f9c88db5000 r--p 0000d000 103:05 1061121                   /usr/lib/x86_64-linux-gnu/libdrm.so.2.4.0
7f9c88db5000-7f9c88db6000 rw-p 0000e000 103:05 1061121                   /usr/lib/x86_64-linux-gnu/libdrm.so.2.4.0
7f9c88db6000-7f9c88dbb000 r-xp 00000000 103:05 1060853                   /usr/lib/x86_64-linux-gnu/libXxf86vm.so.1.0.0
7f9c88dbb000-7f9c88fba000 ---p 00005000 103:05 1060853                   /usr/lib/x86_64-linux-gnu/libXxf86vm.so.1.0.0
7f9c88fba000-7f9c88fbb000 r--p 00004000 103:05 1060853                   /usr/lib/x86_64-linux-gnu/libXxf86vm.so.1.0.0
7f9c88fbb000-7f9c88fbc000 rw-p 00005000 103:05 1060853                   /usr/lib/x86_64-linux-gnu/libXxf86vm.so.1.0.0
7f9c88fbc000-7f9c88fc0000 r-xp 00000000 103:05 1062304                   /usr/lib/x86_64-linux-gnu/libxcb-dri2.so.0.0.0
7f9c88fc0000-7f9c891bf000 ---p 00004000 103:05 1062304                   /usr/lib/x86_64-linux-gnu/libxcb-dri2.so.0.0.0
7f9c891bf000-7f9c891c0000 r--p 00003000 103:05 1062304                   /usr/lib/x86_64-linux-gnu/libxcb-dri2.so.0.0.0
7f9c891c0000-7f9c891c1000 rw-p 00004000 103:05 1062304                   /usr/lib/x86_64-linux-gnu/libxcb-dri2.so.0.0.0
7f9c891c1000-7f9c891d8000 r-xp 00000000 103:05 1062308                   /usr/lib/x86_64-linux-gnu/libxcb-glx.so.0.0.0
7f9c891d8000-7f9c893d7000 ---p 00017000 103:05 1062308                   /usr/lib/x86_64-linux-gnu/libxcb-glx.so.0.0.0
7f9c893d7000-7f9c893d9000 r--p 00016000 103:05 1062308                   /usr/lib/x86_64-linux-gnu/libxcb-glx.so.0.0.0
7f9c893d9000-7f9c893da000 rw-p 00018000 103:05 1062308                   /usr/lib/x86_64-linux-gnu/libxcb-glx.so.0.0.0
7f9c893da000-7f9c893db000 r-xp 00000000 103:05 1060798                   /usr/lib/x86_64-linux-gnu/libX11-xcb.so.1.0.0
7f9c893db000-7f9c895da000 ---p 00001000 103:05 1060798                   /usr/lib/x86_64-linux-gnu/libX11-xcb.so.1.0.0
7f9c895da000-7f9c895db000 r--p 00000000 103:05 1060798                   /usr/lib/x86_64-linux-gnu/libX11-xcb.so.1.0.0
7f9c895db000-7f9c895dc000 rw-p 00001000 103:05 1060798                   /usr/lib/x86_64-linux-gnu/libX11-xcb.so.1.0.0
7f9c895dc000-7f9c895e1000 r-xp 00000000 103:05 1060819                   /usr/lib/x86_64-linux-gnu/libXfixes.so.3.1.0
7f9c895e1000-7f9c897e0000 ---p 00005000 103:05 1060819                   /usr/lib/x86_64-linux-gnu/libXfixes.so.3.1.0
7f9c897e0000-7f9c897e1000 r--p 00004000 103:05 1060819                   /usr/lib/x86_64-linux-gnu/libXfixes.so.3.1.0
7f9c897e1000-7f9c897e2000 rw-p 00005000 103:05 1060819                   /usr/lib/x86_64-linux-gnu/libXfixes.so.3.1.0
7f9c897e2000-7f9c897e4000 r-xp 00000000 103:05 1060813                   /usr/lib/x86_64-linux-gnu/libXdamage.so.1.1.0
7f9c897e4000-7f9c899e3000 ---p 00002000 103:05 1060813                   /usr/lib/x86_64-linux-gnu/libXdamage.so.1.1.0
7f9c899e3000-7f9c899e4000 r--p 00001000 103:05 1060813                   /usr/lib/x86_64-linux-gnu/libXdamage.so.1.1.0
7f9c899e4000-7f9c899e5000 rw-p 00002000 103:05 1060813                   /usr/lib/x86_64-linux-gnu/libXdamage.so.1.1.0
7f9c899e5000-7f9c899f6000 r-xp 00000000 103:05 1060817                   /usr/lib/x86_64-linux-gnu/libXext.so.6.4.0
7f9c899f6000-7f9c89bf5000 ---p 00011000 103:05 1060817                   /usr/lib/x86_64-linux-gnu/libXext.so.6.4.0
7f9c89bf5000-7f9c89bf6000 r--p 00010000 103:05 1060817                   /usr/lib/x86_64-linux-gnu/libXext.so.6.4.0
7f9c89bf6000-7f9c89bf7000 rw-p 00011000 103:05 1060817                   /usr/lib/x86_64-linux-gnu/libXext.so.6.4.0
7f9c89bf7000-7f9c89c20000 r-xp 00000000 103:05 1052288                   /usr/lib/x86_64-linux-gnu/libglapi.so.0.0.0
7f9c89c20000-7f9c89e1f000 ---p 00029000 103:05 1052288                   /usr/lib/x86_64-linux-gnu/libglapi.so.0.0.0
7f9c89e1f000-7f9c89e23000 r--p 00028000 103:05 1052288                   /usr/lib/x86_64-linux-gnu/libglapi.so.0.0.0
7f9c89e23000-7f9c89e24000 rw-p 0002c000 103:05 1052288                   /usr/lib/x86_64-linux-gnu/libglapi.so.0.0.0
7f9c89e24000-7f9c89e25000 rw-p 00000000 00:00 0 
7f9c89e25000-7f9c89e26000 r-xp 00000000 103:05 1062350                   /usr/lib/x86_64-linux-gnu/libxshmfence.so.1.0.0
7f9c89e26000-7f9c8a026000 ---p 00001000 103:05 1062350                   /usr/lib/x86_64-linux-gnu/libxshmfence.so.1.0.0
7f9c8a026000-7f9c8a027000 r--p 00001000 103:05 1062350                   /usr/lib/x86_64-linux-gnu/libxshmfence.so.1.0.0
7f9c8a027000-7f9c8a028000 rw-p 00002000 103:05 1062350                   /usr/lib/x86_64-linux-gnu/libxshmfence.so.1.0.0
7f9c8a028000-7f9c8a02d000 r-xp 00000000 103:05 1062328                   /usr/lib/x86_64-linux-gnu/libxcb-sync.so.1.0.0
7f9c8a02d000-7f9c8a22d000 ---p 00005000 103:05 1062328                   /usr/lib/x86_64-linux-gnu/libxcb-sync.so.1.0.0
7f9c8a22d000-7f9c8a22e000 r--p 00005000 103:05 1062328                   /usr/lib/x86_64-linux-gnu/libxcb-sync.so.1.0.0
7f9c8a22e000-7f9c8a22f000 rw-p 00006000 103:05 1062328                   /usr/lib/x86_64-linux-gnu/libxcb-sync.so.1.0.0
7f9c8a22f000-7f9c8a231000 r-xp 00000000 103:05 1062316                   /usr/lib/x86_64-linux-gnu/libxcb-present.so.0.0.0
7f9c8a231000-7f9c8a430000 ---p 00002000 103:05 1062316                   /usr/lib/x86_64-linux-gnu/libxcb-present.so.0.0.0
7f9c8a430000-7f9c8a431000 r--p 00001000 103:05 1062316                   /usr/lib/x86_64-linux-gnu/libxcb-present.so.0.0.0
7f9c8a431000-7f9c8a432000 rw-p 00002000 103:05 1062316                   /usr/lib/x86_64-linux-gnu/libxcb-present.so.0.0.0
7f9c8a432000-7f9c8a434000 r-xp 00000000 103:05 1062306                   /usr/lib/x86_64-linux-gnu/libxcb-dri3.so.0.0.0
7f9c8a434000-7f9c8a633000 ---p 00002000 103:05 1062306                   /usr/lib/x86_64-linux-gnu/libxcb-dri3.so.0.0.0
7f9c8a633000-7f9c8a634000 r--p 00001000 103:05 1062306                   /usr/lib/x86_64-linux-gnu/libxcb-dri3.so.0.0.0
7f9c8a634000-7f9c8a635000 rw-p 00002000 103:05 1062306                   /usr/lib/x86_64-linux-gnu/libxcb-dri3.so.0.0.0
7f9c8a635000-7f9c8a65c000 r-xp 00000000 103:05 136920                    /lib/x86_64-linux-gnu/libexpat.so.1.6.2
7f9c8a65c000-7f9c8a85c000 ---p 00027000 103:05 136920                    /lib/x86_64-linux-gnu/libexpat.so.1.6.2
7f9c8a85c000-7f9c8a85e000 r--p 00027000 103:05 136920                    /lib/x86_64-linux-gnu/libexpat.so.1.6.2
7f9c8a85e000-7f9c8a85f000 rw-p 00029000 103:05 136920                    /lib/x86_64-linux-gnu/libexpat.so.1.6.2
7f9c8a85f000-7f9c8a880000 r-xp 00000000 103:05 1062338                   /usr/lib/x86_64-linux-gnu/libxcb.so.1.1.0
7f9c8a880000-7f9c8aa7f000 ---p 00021000 103:05 1062338                   /usr/lib/x86_64-linux-gnu/libxcb.so.1.1.0
7f9c8aa7f000-7f9c8aa80000 r--p 00020000 103:05 1062338                   /usr/lib/x86_64-linux-gnu/libxcb.so.1.1.0
7f9c8aa80000-7f9c8aa81000 rw-p 00021000 103:05 1062338                   /usr/lib/x86_64-linux-gnu/libxcb.so.1.1.0
7f9c8aa81000-7f9c8aaf1000 r-xp 00000000 103:05 137678                    /usr/lib/x86_64-linux-gnu/mesa/libGL.so.1.2.0
7f9c8aaf1000-7f9c8acf0000 ---p 00070000 103:05 137678                    /usr/lib/x86_64-linux-gnu/mesa/libGL.so.1.2.0
7f9c8acf0000-7f9c8acf3000 r--p 0006f000 103:05 137678                    /usr/lib/x86_64-linux-gnu/mesa/libGL.so.1.2.0
7f9c8acf3000-7f9c8acf4000 rw-p 00072000 103:05 137678                    /usr/lib/x86_64-linux-gnu/mesa/libGL.so.1.2.0
7f9c8acf4000-7f9c8acf5000 rw-p 00000000 00:00 0 
7f9c8acf5000-7f9c8ae2a000 r-xp 00000000 103:05 1060800                   /usr/lib/x86_64-linux-gnu/libX11.so.6.3.0
7f9c8ae2a000-7f9c8b029000 ---p 00135000 103:05 1060800                   /usr/lib/x86_64-linux-gnu/libX11.so.6.3.0
7f9c8b029000-7f9c8b02a000 r--p 00134000 103:05 1060800                   /usr/lib/x86_64-linux-gnu/libX11.so.6.3.0
7f9c8b02a000-7f9c8b02e000 rw-p 00135000 103:05 1060800                   /usr/lib/x86_64-linux-gnu/libX11.so.6.3.0
7f9c8b02e000-7f9c8b03a000 r-xp 00000000 103:05 279204                    /usr/lib/jvm/java-8-openjdk-amd64/jre/lib/amd64/libprism_es2.so
7f9c8b03a000-7f9c8b239000 ---p 0000c000 103:05 279204                    /usr/lib/jvm/java-8-openjdk-amd64/jre/lib/amd64/libprism_es2.so
7f9c8b239000-7f9c8b23a000 r--p 0000b000 103:05 279204                    /usr/lib/jvm/java-8-openjdk-amd64/jre/lib/amd64/libprism_es2.so
7f9c8b23a000-7f9c8b23b000 rw-p 0000c000 103:05 279204                    /usr/lib/jvm/java-8-openjdk-amd64/jre/lib/amd64/libprism_es2.so
7f9c8b23b000-7f9c8b23e000 ---p 00000000 00:00 0 
7f9c8b23e000-7f9c8b33c000 rw-p 00000000 00:00 0 
7f9c8b33c000-7f9c8b33f000 ---p 00000000 00:00 0 
7f9c8b33f000-7f9c8b43d000 rw-p 00000000 00:00 0 
7f9c8b43d000-7f9c8b440000 ---p 00000000 00:00 0 
7f9c8b440000-7f9c8b53e000 rw-p 00000000 00:00 0 
7f9c8b53e000-7f9c8b53f000 ---p 00000000 00:00 0 
7f9c8b53f000-7f9c8b63f000 rw-p 00000000 00:00 0 
7f9c8b63f000-7f9c8c000000 r--p 00000000 103:05 1058289                   /usr/lib/locale/locale-archive
7f9c8c000000-7f9c8c021000 rw-p 00000000 00:00 0 
7f9c8c021000-7f9c90000000 ---p 00000000 00:00 0 
7f9c90000000-7f9c90021000 rw-p 00000000 00:00 0 
7f9c90021000-7f9c94000000 ---p 00000000 00:00 0 
7f9c94000000-7f9c94021000 rw-p 00000000 00:00 0 
7f9c94021000-7f9c98000000 ---p 00000000 00:00 0 
7f9c98001000-7f9c98002000 rw-s 00000000 00:05 1966479                    /drm mm object (deleted)
7f9c98002000-7f9c98003000 rw-s 00000000 00:05 1967182                    /drm mm object (deleted)
7f9c98003000-7f9c98004000 rw-s 00000000 00:05 1964375                    /drm mm object (deleted)
7f9c98004000-7f9c98006000 rw-s 10a787000 00:06 398                       /dev/dri/card1
7f9c98006000-7f9c9800c000 r--s 00000000 103:05 1076649                   /var/cache/fontconfig/2cd17615ca594fa2959ae173292e504c-le64.cache-6
7f9c9800c000-7f9c9800d000 r--s 00000000 103:05 1076646                   /var/cache/fontconfig/0d8c3b2ac0904cb8a57a757ad11a4a08-le64.cache-6
7f9c9800d000-7f9c9800e000 r--s 00000000 103:05 1076648                   /var/cache/fontconfig/1ac9eb803944fde146138c791f5cc56a-le64.cache-6
7f9c9800e000-7f9c98012000 r--s 00000000 103:05 1076653                   /var/cache/fontconfig/385c0604a188198f04d133e54aba7fe7-le64.cache-6
7f9c98012000-7f9c98013000 r--s 00000000 103:05 1076681                   /var/cache/fontconfig/dc05db6664285cc2f12bf69c139ae4c3-le64.cache-6
7f9c98013000-7f9c98016000 r--s 00000000 103:05 1076664                   /var/cache/fontconfig/767a8244fc0220cfb567a839d0392e0b-le64.cache-6
7f9c98016000-7f9c98017000 r--s 00000000 103:05 1076655                   /var/cache/fontconfig/4794a0821666d79190d59a36cb4f44b5-le64.cache-6
7f9c98017000-7f9c9801c000 r--s 00000000 103:05 1076667                   /var/cache/fontconfig/8801497958630a81b71ace7c5f9b32a8-le64.cache-6
7f9c9801c000-7f9c98022000 r--s 00000000 103:05 1076650                   /var/cache/fontconfig/3047814df9a2f067bd2d96a2b9c36e5a-le64.cache-6
7f9c98022000-7f9c98028000 r--s 00000000 103:05 1076672                   /var/cache/fontconfig/b47c4e1ecd0709278f4910c18777a504-le64.cache-6
7f9c98028000-7f9c9803b000 r--s 00000000 103:05 1076678                   /var/cache/fontconfig/d52a8644073d54c13679302ca1180695-le64.cache-6
7f9c9803b000-7f9c98047000 r--s 00000000 103:05 1078096                   /var/cache/fontconfig/d589a48862398ed80a3d6066f4f56f4c-le64.cache-6
7f9c98047000-7f9c980dd000 r--s 008d6000 103:05 279517                    /usr/share/java/openjfx/jre/lib/ext/jfxrt.jar
7f9c980dd000-7f9c980e0000 ---p 00000000 00:00 0 
7f9c980e0000-7f9c981de000 rw-p 00000000 00:00 0 
7f9c981de000-7f9c981e1000 ---p 00000000 00:00 0 
7f9c981e1000-7f9c982df000 rw-p 00000000 00:00 0 
7f9c982df000-7f9c982e2000 ---p 00000000 00:00 0 
7f9c982e2000-7f9ca0000000 rw-p 00000000 00:00 0 
7f9ca0000000-7f9ca0021000 rw-p 00000000 00:00 0 
7f9ca0021000-7f9ca4000000 ---p 00000000 00:00 0 
7f9ca4000000-7f9ca4021000 rw-p 00000000 00:00 0 
7f9ca4021000-7f9ca8000000 ---p 00000000 00:00 0 
7f9ca8000000-7f9ca8021000 rw-p 00000000 00:00 0 
7f9ca8021000-7f9cac000000 ---p 00000000 00:00 0 
7f9cac000000-7f9cac021000 rw-p 00000000 00:00 0 
7f9cac021000-7f9cb0000000 ---p 00000000 00:00 0 
7f9cb0000000-7f9cb0021000 rw-p 00000000 00:00 0 
7f9cb0021000-7f9cb4000000 ---p 00000000 00:00 0 
7f9cb4000000-7f9cb4021000 rw-p 00000000 00:00 0 
7f9cb4021000-7f9cb8000000 ---p 00000000 00:00 0 
7f9cb8000000-7f9cb8021000 rw-p 00000000 00:00 0 
7f9cb8021000-7f9cbc000000 ---p 00000000 00:00 0 
7f9cbc000000-7f9cbc021000 rw-p 00000000 00:00 0 
7f9cbc021000-7f9cc0000000 ---p 00000000 00:00 0 
7f9cc0000000-7f9cc0001000 r--s 00000000 103:05 1076644                   /var/cache/fontconfig/0bd3dc0958fa2205aaaa8ebb13e2872b-le64.cache-6
7f9cc0001000-7f9cc0002000 r--s 00000000 103:05 1076674                   /var/cache/fontconfig/bab58bb527bb656aaa9f116d68a48d89-le64.cache-6
7f9cc0002000-7f9cc0003000 r--s 00000000 103:05 1076658                   /var/cache/fontconfig/56cf4f4769d0f4abc89a4895d7bd3ae1-le64.cache-6
7f9cc0003000-7f9cc0004000 r--s 00000000 103:05 1076673                   /var/cache/fontconfig/b9d506c9ac06c20b433354fa67a72993-le64.cache-6
7f9cc0004000-7f9cc0005000 r--s 00000000 103:05 1076657                   /var/cache/fontconfig/551ecf3b0e8b0bca0f25c0944f561853-le64.cache-6
7f9cc0005000-7f9cc0006000 r--s 00000000 103:05 1076654                   /var/cache/fontconfig/3f7329c5293ffd510edef78f73874cfd-le64.cache-6
7f9cc0006000-7f9cc0007000 r--s 00000000 103:05 1076651                   /var/cache/fontconfig/30829fa25452a46451e813d634d7f916-le64.cache-6
7f9cc0007000-7f9cc0008000 r--s 00000000 103:05 1076645                   /var/cache/fontconfig/0c9eb80ebd1c36541ebe2852d3bb0c49-le64.cache-6
7f9cc0008000-7f9cc000b000 r--s 00000000 103:05 1076663                   /var/cache/fontconfig/75114ca45c98e8a441da0ff356701271-le64.cache-6
7f9cc000b000-7f9cc0016000 r--s 00000000 103:05 1076666                   /var/cache/fontconfig/83bf95040141907cd45bb53cf7c1c148-le64.cache-6
7f9cc0016000-7f9cc0028000 r--s 00000000 103:05 1076670                   /var/cache/fontconfig/9b89f8e3dae116d678bbf48e5f21f69b-le64.cache-6
7f9cc0028000-7f9cc0030000 rw-s 00000000 00:05 1967151                    /drm mm object (deleted)
7f9cc0030000-7f9cc004e000 r-xp 00000000 103:05 136726                    /lib/x86_64-linux-gnu/libudev.so.1.6.5
7f9cc004e000-7f9cc004f000 ---p 0001e000 103:05 136726                    /lib/x86_64-linux-gnu/libudev.so.1.6.5
7f9cc004f000-7f9cc0050000 r--p 0001e000 103:05 136726                    /lib/x86_64-linux-gnu/libudev.so.1.6.5
7f9cc0050000-7f9cc0051000 rw-p 0001f000 103:05 136726                    /lib/x86_64-linux-gnu/libudev.so.1.6.5
7f9cc0051000-7f9cc0054000 r--s 00000000 103:05 1076682                   /var/cache/fontconfig/e13b20fdb08344e0e664864cc2ede53d-le64.cache-6
7f9cc0054000-7f9cc0058000 r--s 00000000 103:05 1048703                   /var/cache/fontconfig/7ef2298fde41cc6eeb7af42e48b7d293-le64.cache-6
7f9cc0058000-7f9cc0060000 rw-s 00000000 00:05 1964373                    /drm mm object (deleted)
7f9cc0060000-7f9cc0065000 r--p 00000000 103:05 796265                    /home/justin/.config/dconf/user
7f9cc0065000-7f9cc006d000 rw-s 00000000 00:05 1957430                    /drm mm object (deleted)
7f9cc006d000-7f9cc0088000 r--s 001d6000 103:05 279350                    /usr/lib/jvm/java-8-openjdk-amd64/jre/lib/ext/nashorn.jar
7f9cc0088000-7f9cc00a3000 r--s 00394000 103:05 279345                    /usr/lib/jvm/java-8-openjdk-amd64/jre/lib/ext/cldrdata.jar
7f9cc00a3000-7f9cc00a6000 ---p 00000000 00:00 0 
7f9cc00a6000-7f9cc01a4000 rw-p 00000000 00:00 0 
7f9cc01a4000-7f9cc01a7000 ---p 00000000 00:00 0 
7f9cc01a7000-7f9cc02a5000 rw-p 00000000 00:00 0 
7f9cc02a5000-7f9cc02a8000 ---p 00000000 00:00 0 
7f9cc02a8000-7f9cc03a6000 rw-p 00000000 00:00 0 
7f9cc03a6000-7f9cc03a9000 ---p 00000000 00:00 0 
7f9cc03a9000-7f9cc04a7000 rw-p 00000000 00:00 0 
7f9cc04a7000-7f9cc04aa000 ---p 00000000 00:00 0 
7f9cc04aa000-7f9cc05a8000 rw-p 00000000 00:00 0 
7f9cc05a8000-7f9cc05a9000 ---p 00000000 00:00 0 
7f9cc05a9000-7f9cc233a000 rw-p 00000000 00:00 0 
7f9cc233a000-7f9cc2508000 r--s 03c06000 103:05 279374                    /usr/lib/jvm/java-8-openjdk-amd64/jre/lib/rt.jar
7f9cc2508000-7f9cc3540000 rw-p 00000000 00:00 0 
7f9cc3540000-7f9cc3541000 ---p 00000000 00:00 0 
7f9cc3541000-7f9cc3641000 rw-p 00000000 00:00 0 
7f9cc3641000-7f9cc3642000 ---p 00000000 00:00 0 
7f9cc3642000-7f9cc3742000 rw-p 00000000 00:00 0 
7f9cc3742000-7f9cc3743000 ---p 00000000 00:00 0 
7f9cc3743000-7f9cc3843000 rw-p 00000000 00:00 0 
7f9cc3843000-7f9cc3844000 ---p 00000000 00:00 0 
7f9cc3844000-7f9cc3944000 rw-p 00000000 00:00 0 
7f9cc3944000-7f9cc3945000 ---p 00000000 00:00 0 
7f9cc3945000-7f9cc3a45000 rw-p 00000000 00:00 0 
7f9cc3a45000-7f9cc3a46000 ---p 00000000 00:00 0 
7f9cc3a46000-7f9cc3b46000 rw-p 00000000 00:00 0 
7f9cc3b46000-7f9cc3b47000 ---p 00000000 00:00 0 
7f9cc3b47000-7f9cc3c47000 rw-p 00000000 00:00 0 
7f9cc3c47000-7f9cc3c48000 ---p 00000000 00:00 0 
7f9cc3c48000-7f9cc3d9c000 rw-p 00000000 00:00 0 
7f9cc3d9c000-7f9cc4274000 ---p 00000000 00:00 0 
7f9cc4274000-7f9cc42c8000 rw-p 00000000 00:00 0 
7f9cc42c8000-7f9cc47a0000 ---p 00000000 00:00 0 
7f9cc47a0000-7f9cc47ca000 rw-p 00000000 00:00 0 
7f9cc47ca000-7f9cc4a36000 ---p 00000000 00:00 0 
7f9cc4a36000-7f9cc4a49000 rw-p 00000000 00:00 0 
7f9cc4a49000-7f9cc4df7000 ---p 00000000 00:00 0 
7f9cc4df7000-7f9cc5247000 rwxp 00000000 00:00 0 
7f9cc5247000-7f9cd3df7000 ---p 00000000 00:00 0 
7f9cd3df7000-7f9cd3dff000 r-xp 00000000 103:05 279331                    /usr/lib/jvm/java-8-openjdk-amd64/jre/lib/amd64/libzip.so
7f9cd3dff000-7f9cd3ffe000 ---p 00008000 103:05 279331                    /usr/lib/jvm/java-8-openjdk-amd64/jre/lib/amd64/libzip.so
7f9cd3ffe000-7f9cd3fff000 r--p 00007000 103:05 279331                    /usr/lib/jvm/java-8-openjdk-amd64/jre/lib/amd64/libzip.so
7f9cd3fff000-7f9cd4000000 rw-p 00008000 103:05 279331                    /usr/lib/jvm/java-8-openjdk-amd64/jre/lib/amd64/libzip.so
7f9cd4000000-7f9cd41e6000 rw-p 00000000 00:00 0 
7f9cd41e6000-7f9cd8000000 ---p 00000000 00:00 0 
7f9cd8001000-7f9cd8002000 rw-s 10ab9d000 00:06 398                       /dev/dri/card1
7f9cd8002000-7f9cd8003000 r--s 00000000 00:30 54                         /run/user/1000/dconf/user
7f9cd8003000-7f9cd800a000 r--s 00000000 103:05 154219                    /usr/lib/x86_64-linux-gnu/gconv/gconv-modules.cache
7f9cd800a000-7f9cd8015000 r-xp 00000000 103:05 149387                    /lib/x86_64-linux-gnu/libnss_files-2.24.so
7f9cd8015000-7f9cd8214000 ---p 0000b000 103:05 149387                    /lib/x86_64-linux-gnu/libnss_files-2.24.so
7f9cd8214000-7f9cd8215000 r--p 0000a000 103:05 149387                    /lib/x86_64-linux-gnu/libnss_files-2.24.so
7f9cd8215000-7f9cd8216000 rw-p 0000b000 103:05 149387                    /lib/x86_64-linux-gnu/libnss_files-2.24.so
7f9cd8216000-7f9cd821c000 rw-p 00000000 00:00 0 
7f9cd821c000-7f9cd8227000 r-xp 00000000 103:05 149392                    /lib/x86_64-linux-gnu/libnss_nis-2.24.so
7f9cd8227000-7f9cd8426000 ---p 0000b000 103:05 149392                    /lib/x86_64-linux-gnu/libnss_nis-2.24.so
7f9cd8426000-7f9cd8427000 r--p 0000a000 103:05 149392                    /lib/x86_64-linux-gnu/libnss_nis-2.24.so
7f9cd8427000-7f9cd8428000 rw-p 0000b000 103:05 149392                    /lib/x86_64-linux-gnu/libnss_nis-2.24.so
7f9cd8428000-7f9cd843e000 r-xp 00000000 103:05 149279                    /lib/x86_64-linux-gnu/libnsl-2.24.so
7f9cd843e000-7f9cd863d000 ---p 00016000 103:05 149279                    /lib/x86_64-linux-gnu/libnsl-2.24.so
7f9cd863d000-7f9cd863e000 r--p 00015000 103:05 149279                    /lib/x86_64-linux-gnu/libnsl-2.24.so
7f9cd863e000-7f9cd863f000 rw-p 00016000 103:05 149279                    /lib/x86_64-linux-gnu/libnsl-2.24.so
7f9cd863f000-7f9cd8641000 rw-p 00000000 00:00 0 
7f9cd8641000-7f9cd8649000 r-xp 00000000 103:05 149380                    /lib/x86_64-linux-gnu/libnss_compat-2.24.so
7f9cd8649000-7f9cd8848000 ---p 00008000 103:05 149380                    /lib/x86_64-linux-gnu/libnss_compat-2.24.so
7f9cd8848000-7f9cd8849000 r--p 00007000 103:05 149380                    /lib/x86_64-linux-gnu/libnss_compat-2.24.so
7f9cd8849000-7f9cd884a000 rw-p 00008000 103:05 149380                    /lib/x86_64-linux-gnu/libnss_compat-2.24.so
7f9cd884a000-7f9cd8877000 r-xp 00000000 103:05 279312                    /usr/lib/jvm/java-8-openjdk-amd64/jre/lib/amd64/libjava.so
7f9cd8877000-7f9cd8a76000 ---p 0002d000 103:05 279312                    /usr/lib/jvm/java-8-openjdk-amd64/jre/lib/amd64/libjava.so
7f9cd8a76000-7f9cd8a77000 r--p 0002c000 103:05 279312                    /usr/lib/jvm/java-8-openjdk-amd64/jre/lib/amd64/libjava.so
7f9cd8a77000-7f9cd8a79000 rw-p 0002d000 103:05 279312                    /usr/lib/jvm/java-8-openjdk-amd64/jre/lib/amd64/libjava.so
7f9cd8a79000-7f9cd8a88000 r-xp 00000000 103:05 279330                    /usr/lib/jvm/java-8-openjdk-amd64/jre/lib/amd64/libverify.so
7f9cd8a88000-7f9cd8c87000 ---p 0000f000 103:05 279330                    /usr/lib/jvm/java-8-openjdk-amd64/jre/lib/amd64/libverify.so
7f9cd8c87000-7f9cd8c89000 r--p 0000e000 103:05 279330                    /usr/lib/jvm/java-8-openjdk-amd64/jre/lib/amd64/libverify.so
7f9cd8c89000-7f9cd8c8a000 rw-p 00010000 103:05 279330                    /usr/lib/jvm/java-8-openjdk-amd64/jre/lib/amd64/libverify.so
7f9cd8c8a000-7f9cd8c91000 r-xp 00000000 103:05 149411                    /lib/x86_64-linux-gnu/librt-2.24.so
7f9cd8c91000-7f9cd8e90000 ---p 00007000 103:05 149411                    /lib/x86_64-linux-gnu/librt-2.24.so
7f9cd8e90000-7f9cd8e91000 r--p 00006000 103:05 149411                    /lib/x86_64-linux-gnu/librt-2.24.so
7f9cd8e91000-7f9cd8e92000 rw-p 00007000 103:05 149411                    /lib/x86_64-linux-gnu/librt-2.24.so
7f9cd8e92000-7f9cd8ea8000 r-xp 00000000 103:05 136927                    /lib/x86_64-linux-gnu/libgcc_s.so.1
7f9cd8ea8000-7f9cd90a7000 ---p 00016000 103:05 136927                    /lib/x86_64-linux-gnu/libgcc_s.so.1
7f9cd90a7000-7f9cd90a8000 r--p 00015000 103:05 136927                    /lib/x86_64-linux-gnu/libgcc_s.so.1
7f9cd90a8000-7f9cd90a9000 rw-p 00016000 103:05 136927                    /lib/x86_64-linux-gnu/libgcc_s.so.1
7f9cd90a9000-7f9cd91b1000 r-xp 00000000 103:05 148713                    /lib/x86_64-linux-gnu/libm-2.24.so
7f9cd91b1000-7f9cd93b0000 ---p 00108000 103:05 148713                    /lib/x86_64-linux-gnu/libm-2.24.so
7f9cd93b0000-7f9cd93b1000 r--p 00107000 103:05 148713                    /lib/x86_64-linux-gnu/libm-2.24.so
7f9cd93b1000-7f9cd93b2000 rw-p 00108000 103:05 148713                    /lib/x86_64-linux-gnu/libm-2.24.so
7f9cd93b2000-7f9cd952a000 r-xp 00000000 103:05 1062032                   /usr/lib/x86_64-linux-gnu/libstdc++.so.6.0.22
7f9cd952a000-7f9cd972a000 ---p 00178000 103:05 1062032                   /usr/lib/x86_64-linux-gnu/libstdc++.so.6.0.22
7f9cd972a000-7f9cd9734000 r--p 00178000 103:05 1062032                   /usr/lib/x86_64-linux-gnu/libstdc++.so.6.0.22
7f9cd9734000-7f9cd9736000 rw-p 00182000 103:05 1062032                   /usr/lib/x86_64-linux-gnu/libstdc++.so.6.0.22
7f9cd9736000-7f9cd973a000 rw-p 00000000 00:00 0 
7f9cd973a000-7f9cda38f000 r-xp 00000000 103:05 279334                    /usr/lib/jvm/java-8-openjdk-amd64/jre/lib/amd64/server/libjvm.so
7f9cda38f000-7f9cda58f000 ---p 00c55000 103:05 279334                    /usr/lib/jvm/java-8-openjdk-amd64/jre/lib/amd64/server/libjvm.so
7f9cda58f000-7f9cda622000 r--p 00c55000 103:05 279334                    /usr/lib/jvm/java-8-openjdk-amd64/jre/lib/amd64/server/libjvm.so
7f9cda622000-7f9cda64b000 rw-p 00ce8000 103:05 279334                    /usr/lib/jvm/java-8-openjdk-amd64/jre/lib/amd64/server/libjvm.so
7f9cda64b000-7f9cda67b000 rw-p 00000000 00:00 0 
7f9cda67b000-7f9cda693000 r-xp 00000000 103:05 149403                    /lib/x86_64-linux-gnu/libpthread-2.24.so
7f9cda693000-7f9cda893000 ---p 00018000 103:05 149403                    /lib/x86_64-linux-gnu/libpthread-2.24.so
7f9cda893000-7f9cda894000 r--p 00018000 103:05 149403                    /lib/x86_64-linux-gnu/libpthread-2.24.so
7f9cda894000-7f9cda895000 rw-p 00019000 103:05 149403                    /lib/x86_64-linux-gnu/libpthread-2.24.so
7f9cda895000-7f9cda899000 rw-p 00000000 00:00 0 
7f9cda899000-7f9cda89c000 r-xp 00000000 103:05 148709                    /lib/x86_64-linux-gnu/libdl-2.24.so
7f9cda89c000-7f9cdaa9b000 ---p 00003000 103:05 148709                    /lib/x86_64-linux-gnu/libdl-2.24.so
7f9cdaa9b000-7f9cdaa9c000 r--p 00002000 103:05 148709                    /lib/x86_64-linux-gnu/libdl-2.24.so
7f9cdaa9c000-7f9cdaa9d000 rw-p 00003000 103:05 148709                    /lib/x86_64-linux-gnu/libdl-2.24.so
7f9cdaa9d000-7f9cdaab6000 r-xp 00000000 103:05 137071                    /lib/x86_64-linux-gnu/libz.so.1.2.8
7f9cdaab6000-7f9cdacb5000 ---p 00019000 103:05 137071                    /lib/x86_64-linux-gnu/libz.so.1.2.8
7f9cdacb5000-7f9cdacb6000 r--p 00018000 103:05 137071                    /lib/x86_64-linux-gnu/libz.so.1.2.8
7f9cdacb6000-7f9cdacb7000 rw-p 00019000 103:05 137071                    /lib/x86_64-linux-gnu/libz.so.1.2.8
7f9cdacb7000-7f9cdae74000 r-xp 00000000 103:05 148700                    /lib/x86_64-linux-gnu/libc-2.24.so
7f9cdae74000-7f9cdb074000 ---p 001bd000 103:05 148700                    /lib/x86_64-linux-gnu/libc-2.24.so
7f9cdb074000-7f9cdb078000 r--p 001bd000 103:05 148700                    /lib/x86_64-linux-gnu/libc-2.24.so
7f9cdb078000-7f9cdb07a000 rw-p 001c1000 103:05 148700                    /lib/x86_64-linux-gnu/libc-2.24.so
7f9cdb07a000-7f9cdb07e000 rw-p 00000000 00:00 0 
7f9cdb07e000-7f9cdb08b000 r-xp 00000000 103:05 279298                    /usr/lib/jvm/java-8-openjdk-amd64/jre/lib/amd64/jli/libjli.so
7f9cdb08b000-7f9cdb28b000 ---p 0000d000 103:05 279298                    /usr/lib/jvm/java-8-openjdk-amd64/jre/lib/amd64/jli/libjli.so
7f9cdb28b000-7f9cdb28c000 r--p 0000d000 103:05 279298                    /usr/lib/jvm/java-8-openjdk-amd64/jre/lib/amd64/jli/libjli.so
7f9cdb28c000-7f9cdb28d000 rw-p 0000e000 103:05 279298                    /usr/lib/jvm/java-8-openjdk-amd64/jre/lib/amd64/jli/libjli.so
7f9cdb28d000-7f9cdb2b2000 r-xp 00000000 103:05 148690                    /lib/x86_64-linux-gnu/ld-2.24.so
7f9cdb2b2000-7f9cdb2bc000 r--s 00116000 103:05 279349                    /usr/lib/jvm/java-8-openjdk-amd64/jre/lib/ext/localedata.jar
7f9cdb2bc000-7f9cdb38d000 rw-p 00000000 00:00 0 
7f9cdb38d000-7f9cdb390000 ---p 00000000 00:00 0 
7f9cdb390000-7f9cdb492000 rw-p 00000000 00:00 0 
7f9cdb492000-7f9cdb494000 r--s 00008000 103:05 279351                    /usr/lib/jvm/java-8-openjdk-amd64/jre/lib/ext/sunec.jar
7f9cdb494000-7f9cdb495000 r--s 0000a000 103:05 279348                    /usr/lib/jvm/java-8-openjdk-amd64/jre/lib/ext/jaccess.jar
7f9cdb495000-7f9cdb496000 r--s 00010000 103:05 279354                    /usr/lib/jvm/java-8-openjdk-amd64/jre/lib/ext/zipfs.jar
7f9cdb496000-7f9cdb49b000 r--s 0003b000 103:05 279352                    /usr/lib/jvm/java-8-openjdk-amd64/jre/lib/ext/sunjce_provider.jar
7f9cdb49b000-7f9cdb49f000 r--s 00037000 103:05 279353                    /usr/lib/jvm/java-8-openjdk-amd64/jre/lib/ext/sunpkcs11.jar
7f9cdb49f000-7f9cdb4a2000 r--s 0000f000 103:05 279347                    /usr/lib/jvm/java-8-openjdk-amd64/jre/lib/ext/icedtea-sound.jar
7f9cdb4a2000-7f9cdb4a4000 r--s 00001000 103:05 279346                    /usr/lib/jvm/java-8-openjdk-amd64/jre/lib/ext/dnsns.jar
7f9cdb4a4000-7f9cdb4ac000 rw-s 00000000 103:05 423122                    /tmp/hsperfdata_justin/20373
7f9cdb4ac000-7f9cdb4ad000 rw-p 00000000 00:00 0 
7f9cdb4ad000-7f9cdb4ae000 r--p 00000000 00:00 0 
7f9cdb4ae000-7f9cdb4b1000 rw-p 00000000 00:00 0 
7f9cdb4b1000-7f9cdb4b2000 r--p 00024000 103:05 148690                    /lib/x86_64-linux-gnu/ld-2.24.so
7f9cdb4b2000-7f9cdb4b3000 rw-p 00025000 103:05 148690                    /lib/x86_64-linux-gnu/ld-2.24.so
7f9cdb4b3000-7f9cdb4b4000 rw-p 00000000 00:00 0 
7ffe74eac000-7ffe74ecd000 rw-p 00000000 00:00 0                          [stack]
7ffe74faf000-7ffe74fb1000 r--p 00000000 00:00 0                          [vvar]
7ffe74fb1000-7ffe74fb3000 r-xp 00000000 00:00 0                          [vdso]
ffffffffff600000-ffffffffff601000 r-xp 00000000 00:00 0                  [vsyscall]

VM Arguments:
jvm_args: -Dfile.encoding=UTF-8 
java_command: application.Main
java_class_path (initial): /home/justin/git/IntegrationProject/IntegrationProject/bin:/home/justin/.p2/pool/plugins/org.junit_4.12.0.v201504281640/junit.jar:/home/justin/.p2/pool/plugins/org.hamcrest.core_1.3.0.v201303031735.jar
Launcher Type: SUN_STANDARD

Environment Variables:
PATH=/home/justin/bin:/home/justin/.local/bin:/usr/local/sbin:/usr/local/bin:/usr/sbin:/usr/bin:/sbin:/bin:/usr/games:/usr/local/games:/snap/bin
SHELL=/bin/bash
DISPLAY=:0

Signal Handlers:
SIGSEGV: [libjvm.so+0xa6c900], sa_mask[0]=11111111011111111101111111111110, sa_flags=SA_RESTART|SA_SIGINFO
SIGBUS: [libjvm.so+0xa6c900], sa_mask[0]=11111111011111111101111111111110, sa_flags=SA_RESTART|SA_SIGINFO
SIGFPE: [libjvm.so+0x8b6400], sa_mask[0]=11111111011111111101111111111110, sa_flags=SA_RESTART|SA_SIGINFO
SIGPIPE: SIG_IGN, sa_mask[0]=00000000000010000000000000000000, sa_flags=SA_RESTART
SIGXFSZ: [libjvm.so+0x8b6400], sa_mask[0]=11111111011111111101111111111110, sa_flags=SA_RESTART|SA_SIGINFO
SIGILL: [libjvm.so+0x8b6400], sa_mask[0]=11111111011111111101111111111110, sa_flags=SA_RESTART|SA_SIGINFO
SIGUSR1: SIG_DFL, sa_mask[0]=00000000000000000000000000000000, sa_flags=none
SIGUSR2: [libjvm.so+0x8b62b0], sa_mask[0]=00100000000000000000000000000000, sa_flags=SA_RESTART|SA_SIGINFO
SIGHUP: [libjvm.so+0x8b6760], sa_mask[0]=11111111011111111101111111111110, sa_flags=SA_RESTART|SA_SIGINFO
SIGINT: [libjvm.so+0x8b6760], sa_mask[0]=11111111011111111101111111111110, sa_flags=SA_RESTART|SA_SIGINFO
SIGTERM: [libjvm.so+0x8b6760], sa_mask[0]=11111111011111111101111111111110, sa_flags=SA_RESTART|SA_SIGINFO
SIGQUIT: [libjvm.so+0x8b6760], sa_mask[0]=11111111011111111101111111111110, sa_flags=SA_RESTART|SA_SIGINFO


---------------  S Y S T E M  ---------------

OS:DISTRIB_ID=Ubuntu
DISTRIB_RELEASE=16.10
DISTRIB_CODENAME=yakkety
DISTRIB_DESCRIPTION="Ubuntu 16.10"

uname:Linux 4.8.0-46-generic #49-Ubuntu SMP Fri Mar 31 13:57:14 UTC 2017 x86_64
libc:glibc 2.24 NPTL 2.24 
rlimit: STACK 8192k, CORE 0k, NPROC 63036, NOFILE 4096, AS infinity
load average:1,22 1,14 0,97

/proc/meminfo:
MemTotal:       16264244 kB
MemFree:         5820540 kB
MemAvailable:    8294480 kB
Buffers:          299032 kB
Cached:          3383196 kB
SwapCached:            0 kB
Active:          7477948 kB
Inactive:        2475060 kB
Active(anon):    6272148 kB
Inactive(anon):  1080724 kB
Active(file):    1205800 kB
Inactive(file):  1394336 kB
Unevictable:          48 kB
Mlocked:              48 kB
SwapTotal:             0 kB
SwapFree:              0 kB
Dirty:                32 kB
Writeback:             0 kB
AnonPages:       6094412 kB
Mapped:           998092 kB
Shmem:           1082096 kB
Slab:             295880 kB
SReclaimable:     218168 kB
SUnreclaim:        77712 kB
KernelStack:       13024 kB
PageTables:        61164 kB
NFS_Unstable:          0 kB
Bounce:                0 kB
WritebackTmp:          0 kB
CommitLimit:     8132120 kB
Committed_AS:   10173680 kB
VmallocTotal:   34359738367 kB
VmallocUsed:           0 kB
VmallocChunk:          0 kB
HardwareCorrupted:     0 kB
AnonHugePages:   4102144 kB
ShmemHugePages:        0 kB
ShmemPmdMapped:        0 kB
CmaTotal:              0 kB
CmaFree:               0 kB
HugePages_Total:       0
HugePages_Free:        0
HugePages_Rsvd:        0
HugePages_Surp:        0
Hugepagesize:       2048 kB
DirectMap4k:      258612 kB
DirectMap2M:    10057728 kB
DirectMap1G:     7340032 kB


CPU:total 8 (4 cores per cpu, 2 threads per core) family 6 model 94 stepping 3, cmov, cx8, fxsr, mmx, sse, sse2, sse3, ssse3, sse4.1, sse4.2, popcnt, avx, avx2, aes, clmul, erms, rtm, 3dnowpref, lzcnt, ht, tsc, tscinvbit, bmi1, bmi2, adx

/proc/cpuinfo:
processor	: 0
vendor_id	: GenuineIntel
cpu family	: 6
model		: 94
model name	: Intel(R) Core(TM) i7-6700HQ CPU @ 2.60GHz
stepping	: 3
microcode	: 0x9e
cpu MHz		: 2699.975
cache size	: 6144 KB
physical id	: 0
siblings	: 8
core id		: 0
cpu cores	: 4
apicid		: 0
initial apicid	: 0
fpu		: yes
fpu_exception	: yes
cpuid level	: 22
wp		: yes
flags		: fpu vme de pse tsc msr pae mce cx8 apic sep mtrr pge mca cmov pat pse36 clflush dts acpi mmx fxsr sse sse2 ss ht tm pbe syscall nx pdpe1gb rdtscp lm constant_tsc art arch_perfmon pebs bts rep_good nopl xtopology nonstop_tsc aperfmperf eagerfpu pni pclmulqdq dtes64 monitor ds_cpl vmx est tm2 ssse3 sdbg fma cx16 xtpr pdcm pcid sse4_1 sse4_2 x2apic movbe popcnt tsc_deadline_timer aes xsave avx f16c rdrand lahf_lm abm 3dnowprefetch epb intel_pt tpr_shadow vnmi flexpriority ept vpid fsgsbase tsc_adjust bmi1 hle avx2 smep bmi2 erms invpcid rtm mpx rdseed adx smap clflushopt xsaveopt xsavec xgetbv1 xsaves dtherm ida arat pln pts hwp hwp_notify hwp_act_window hwp_epp
bugs		:
bogomips	: 5184.00
clflush size	: 64
cache_alignment	: 64
address sizes	: 39 bits physical, 48 bits virtual
power management:

processor	: 1
vendor_id	: GenuineIntel
cpu family	: 6
model		: 94
model name	: Intel(R) Core(TM) i7-6700HQ CPU @ 2.60GHz
stepping	: 3
microcode	: 0x9e
cpu MHz		: 2699.975
cache size	: 6144 KB
physical id	: 0
siblings	: 8
core id		: 1
cpu cores	: 4
apicid		: 2
initial apicid	: 2
fpu		: yes
fpu_exception	: yes
cpuid level	: 22
wp		: yes
flags		: fpu vme de pse tsc msr pae mce cx8 apic sep mtrr pge mca cmov pat pse36 clflush dts acpi mmx fxsr sse sse2 ss ht tm pbe syscall nx pdpe1gb rdtscp lm constant_tsc art arch_perfmon pebs bts rep_good nopl xtopology nonstop_tsc aperfmperf eagerfpu pni pclmulqdq dtes64 monitor ds_cpl vmx est tm2 ssse3 sdbg fma cx16 xtpr pdcm pcid sse4_1 sse4_2 x2apic movbe popcnt tsc_deadline_timer aes xsave avx f16c rdrand lahf_lm abm 3dnowprefetch epb intel_pt tpr_shadow vnmi flexpriority ept vpid fsgsbase tsc_adjust bmi1 hle avx2 smep bmi2 erms invpcid rtm mpx rdseed adx smap clflushopt xsaveopt xsavec xgetbv1 xsaves dtherm ida arat pln pts hwp hwp_notify hwp_act_window hwp_epp
bugs		:
bogomips	: 5184.00
clflush size	: 64
cache_alignment	: 64
address sizes	: 39 bits physical, 48 bits virtual
power management:

processor	: 2
vendor_id	: GenuineIntel
cpu family	: 6
model		: 94
model name	: Intel(R) Core(TM) i7-6700HQ CPU @ 2.60GHz
stepping	: 3
microcode	: 0x9e
cpu MHz		: 2699.975
cache size	: 6144 KB
physical id	: 0
siblings	: 8
core id		: 2
cpu cores	: 4
apicid		: 4
initial apicid	: 4
fpu		: yes
fpu_exception	: yes
cpuid level	: 22
wp		: yes
flags		: fpu vme de pse tsc msr pae mce cx8 apic sep mtrr pge mca cmov pat pse36 clflush dts acpi mmx fxsr sse sse2 ss ht tm pbe syscall nx pdpe1gb rdtscp lm constant_tsc art arch_perfmon pebs bts rep_good nopl xtopology nonstop_tsc aperfmperf eagerfpu pni pclmulqdq dtes64 monitor ds_cpl vmx est tm2 ssse3 sdbg fma cx16 xtpr pdcm pcid sse4_1 sse4_2 x2apic movbe popcnt tsc_deadline_timer aes xsave avx f16c rdrand lahf_lm abm 3dnowprefetch epb intel_pt tpr_shadow vnmi flexpriority ept vpid fsgsbase tsc_adjust bmi1 hle avx2 smep bmi2 erms invpcid rtm mpx rdseed adx smap clflushopt xsaveopt xsavec xgetbv1 xsaves dtherm ida arat pln pts hwp hwp_notify hwp_act_window hwp_epp
bugs		:
bogomips	: 5184.00
clflush size	: 64
cache_alignment	: 64
address sizes	: 39 bits physical, 48 bits virtual
power management:

processor	: 3
vendor_id	: GenuineIntel
cpu family	: 6
model		: 94
model name	: Intel(R) Core(TM) i7-6700HQ CPU @ 2.60GHz
stepping	: 3
microcode	: 0x9e
cpu MHz		: 2699.975
cache size	: 6144 KB
physical id	: 0
siblings	: 8
core id		: 3
cpu cores	: 4
apicid		: 6
initial apicid	: 6
fpu		: yes
fpu_exception	: yes
cpuid level	: 22
wp		: yes
flags		: fpu vme de pse tsc msr pae mce cx8 apic sep mtrr pge mca cmov pat pse36 clflush dts acpi mmx fxsr sse sse2 ss ht tm pbe syscall nx pdpe1gb rdtscp lm constant_tsc art arch_perfmon pebs bts rep_good nopl xtopology nonstop_tsc aperfmperf eagerfpu pni pclmulqdq dtes64 monitor ds_cpl vmx est tm2 ssse3 sdbg fma cx16 xtpr pdcm pcid sse4_1 sse4_2 x2apic movbe popcnt tsc_deadline_timer aes xsave avx f16c rdrand lahf_lm abm 3dnowprefetch epb intel_pt tpr_shadow vnmi flexpriority ept vpid fsgsbase tsc_adjust bmi1 hle avx2 smep bmi2 erms invpcid rtm mpx rdseed adx smap clflushopt xsaveopt xsavec xgetbv1 xsaves dtherm ida arat pln pts hwp hwp_notify hwp_act_window hwp_epp
bugs		:
bogomips	: 5184.00
clflush size	: 64
cache_alignment	: 64
address sizes	: 39 bits physical, 48 bits virtual
power management:

processor	: 4
vendor_id	: GenuineIntel
cpu family	: 6
model		: 94
model name	: Intel(R) Core(TM) i7-6700HQ CPU @ 2.60GHz
stepping	: 3
microcode	: 0x9e
cpu MHz		: 2699.975
cache size	: 6144 KB
physical id	: 0
siblings	: 8
core id		: 0
cpu cores	: 4
apicid		: 1
initial apicid	: 1
fpu		: yes
fpu_exception	: yes
cpuid level	: 22
wp		: yes
flags		: fpu vme de pse tsc msr pae mce cx8 apic sep mtrr pge mca cmov pat pse36 clflush dts acpi mmx fxsr sse sse2 ss ht tm pbe syscall nx pdpe1gb rdtscp lm constant_tsc art arch_perfmon pebs bts rep_good nopl xtopology nonstop_tsc aperfmperf eagerfpu pni pclmulqdq dtes64 monitor ds_cpl vmx est tm2 ssse3 sdbg fma cx16 xtpr pdcm pcid sse4_1 sse4_2 x2apic movbe popcnt tsc_deadline_timer aes xsave avx f16c rdrand lahf_lm abm 3dnowprefetch epb intel_pt tpr_shadow vnmi flexpriority ept vpid fsgsbase tsc_adjust bmi1 hle avx2 smep bmi2 erms invpcid rtm mpx rdseed adx smap clflushopt xsaveopt xsavec xgetbv1 xsaves dtherm ida arat pln pts hwp hwp_notify hwp_act_window hwp_epp
bugs		:
bogomips	: 5184.00
clflush size	: 64
cache_alignment	: 64
address sizes	: 39 bits physical, 48 bits virtual
power management:

processor	: 5
vendor_id	: GenuineIntel
cpu family	: 6
model		: 94
model name	: Intel(R) Core(TM) i7-6700HQ CPU @ 2.60GHz
stepping	: 3
microcode	: 0x9e
cpu MHz		: 2699.975
cache size	: 6144 KB
physical id	: 0
siblings	: 8
core id		: 1
cpu cores	: 4
apicid		: 3
initial apicid	: 3
fpu		: yes
fpu_exception	: yes
cpuid level	: 22
wp		: yes
flags		: fpu vme de pse tsc msr pae mce cx8 apic sep mtrr pge mca cmov pat pse36 clflush dts acpi mmx fxsr sse sse2 ss ht tm pbe syscall nx pdpe1gb rdtscp lm constant_tsc art arch_perfmon pebs bts rep_good nopl xtopology nonstop_tsc aperfmperf eagerfpu pni pclmulqdq dtes64 monitor ds_cpl vmx est tm2 ssse3 sdbg fma cx16 xtpr pdcm pcid sse4_1 sse4_2 x2apic movbe popcnt tsc_deadline_timer aes xsave avx f16c rdrand lahf_lm abm 3dnowprefetch epb intel_pt tpr_shadow vnmi flexpriority ept vpid fsgsbase tsc_adjust bmi1 hle avx2 smep bmi2 erms invpcid rtm mpx rdseed adx smap clflushopt xsaveopt xsavec xgetbv1 xsaves dtherm ida arat pln pts hwp hwp_notify hwp_act_window hwp_epp
bugs		:
bogomips	: 5184.00
clflush size	: 64
cache_alignment	: 64
address sizes	: 39 bits physical, 48 bits virtual
power management:

processor	: 6
vendor_id	: GenuineIntel
cpu family	: 6
model		: 94
model name	: Intel(R) Core(TM) i7-6700HQ CPU @ 2.60GHz
stepping	: 3
microcode	: 0x9e
cpu MHz		: 2699.975
cache size	: 6144 KB
physical id	: 0
siblings	: 8
core id		: 2
cpu cores	: 4
apicid		: 5
initial apicid	: 5
fpu		: yes
fpu_exception	: yes
cpuid level	: 22
wp		: yes
flags		: fpu vme de pse tsc msr pae mce cx8 apic sep mtrr pge mca cmov pat pse36 clflush dts acpi mmx fxsr sse sse2 ss ht tm pbe syscall nx pdpe1gb rdtscp lm constant_tsc art arch_perfmon pebs bts rep_good nopl xtopology nonstop_tsc aperfmperf eagerfpu pni pclmulqdq dtes64 monitor ds_cpl vmx est tm2 ssse3 sdbg fma cx16 xtpr pdcm pcid sse4_1 sse4_2 x2apic movbe popcnt tsc_deadline_timer aes xsave avx f16c rdrand lahf_lm abm 3dnowprefetch epb intel_pt tpr_shadow vnmi flexpriority ept vpid fsgsbase tsc_adjust bmi1 hle avx2 smep bmi2 erms invpcid rtm mpx rdseed adx smap clflushopt xsaveopt xsavec xgetbv1 xsaves dtherm ida arat pln pts hwp hwp_notify hwp_act_window hwp_epp
bugs		:
bogomips	: 5184.00
clflush size	: 64
cache_alignment	: 64
address sizes	: 39 bits physical, 48 bits virtual
power management:

processor	: 7
vendor_id	: GenuineIntel
cpu family	: 6
model		: 94
model name	: Intel(R) Core(TM) i7-6700HQ CPU @ 2.60GHz
stepping	: 3
microcode	: 0x9e
cpu MHz		: 2699.975
cache size	: 6144 KB
physical id	: 0
siblings	: 8
core id		: 3
cpu cores	: 4
apicid		: 7
initial apicid	: 7
fpu		: yes
fpu_exception	: yes
cpuid level	: 22
wp		: yes
flags		: fpu vme de pse tsc msr pae mce cx8 apic sep mtrr pge mca cmov pat pse36 clflush dts acpi mmx fxsr sse sse2 ss ht tm pbe syscall nx pdpe1gb rdtscp lm constant_tsc art arch_perfmon pebs bts rep_good nopl xtopology nonstop_tsc aperfmperf eagerfpu pni pclmulqdq dtes64 monitor ds_cpl vmx est tm2 ssse3 sdbg fma cx16 xtpr pdcm pcid sse4_1 sse4_2 x2apic movbe popcnt tsc_deadline_timer aes xsave avx f16c rdrand lahf_lm abm 3dnowprefetch epb intel_pt tpr_shadow vnmi flexpriority ept vpid fsgsbase tsc_adjust bmi1 hle avx2 smep bmi2 erms invpcid rtm mpx rdseed adx smap clflushopt xsaveopt xsavec xgetbv1 xsaves dtherm ida arat pln pts hwp hwp_notify hwp_act_window hwp_epp
bugs		:
bogomips	: 5184.00
clflush size	: 64
cache_alignment	: 64
address sizes	: 39 bits physical, 48 bits virtual
power management:



Memory: 4k page, physical 16264244k(5820540k free), swap 0k(0k free)

vm_info: OpenJDK 64-Bit Server VM (25.121-b13) for linux-amd64 JRE (1.8.0_121-8u121-b13-0ubuntu1.16.10.2-b13), built on Jan 23 2017 11:22:24 by "buildd" with gcc 6.2.0 20161005

time: Thu Apr 13 10:32:17 2017
elapsed time: 3 seconds (0d 0h 0m 3s)

