#
# A fatal error has been detected by the Java Runtime Environment:
#
#  SIGSEGV (0xb) at pc=0x00007fc049e42c8d, pid=10965, tid=0x00007fbfc4aa7700
#
# JRE version: OpenJDK Runtime Environment (8.0_121-b13) (build 1.8.0_121-8u121-b13-0ubuntu1.16.10.2-b13)
# Java VM: OpenJDK 64-Bit Server VM (25.121-b13 mixed mode linux-amd64 compressed oops)
# Problematic frame:
# V  [libjvm.so+0x67cc8d]  jni_invoke_nonstatic(JNIEnv_*, JavaValue*, _jobject*, JNICallType, _jmethodID*, JNI_ArgumentPusher*, Thread*) [clone .constprop.84]+0x3d
#
# Failed to write core dump. Core dumps have been disabled. To enable core dumping, try "ulimit -c unlimited" before starting Java again
#
# If you would like to submit a bug report, please visit:
#   http://bugreport.java.com/bugreport/crash.jsp
#

---------------  T H R E A D  ---------------

Current thread (0x00007fbfd813d000):  JavaThread "JavaFX Application Thread" [_thread_in_vm, id=10996, stack(0x00007fbfc49a7000,0x00007fbfc4aa8000)]

siginfo: si_signo: 11 (SIGSEGV), si_code: 1 (SEGV_MAPERR), si_addr: 0x00007fbf00000000

Registers:
RAX=0x0000000000000000, RBX=0x00007fbfd813d000, RCX=0x00007fbfd80788e8, RDX=0x00007fbf00000000
RSP=0x00007fbfc4aa6230, RBP=0x00007fbfc4aa63b0, RSI=0x00007fbfc4aa63d0, RDI=0x00007fbfd813d1e0
R8 =0x00007fbfc4aa6400, R9 =0x00007fbfd813d000, R10=0x00007fbfb4000a80, R11=0x00007fbfc4aa5de0
R12=0x00007fbfd813d1e0, R13=0x00007fbfd813d000, R14=0x00007fbfc4aa6490, R15=0x00007fbf00000000
RIP=0x00007fc049e42c8d, EFLAGS=0x0000000000010206, CSGSFS=0x002b000000000033, ERR=0x0000000000000004
  TRAPNO=0x000000000000000e

Top of Stack: (sp=0x00007fbfc4aa6230)
0x00007fbfc4aa6230:   00007fbfc4aa6340 00007fc049e29db3
0x00007fbfc4aa6240:   0000000000000000 00007fbfc4aa6280
0x00007fbfc4aa6250:   00007fc00000000e 00007fbfd813d1e0
0x00007fbfc4aa6260:   00007fbfc4aa6270 00007fbfc4aa63d0
0x00007fbfc4aa6270:   00007fc032b01b90 00007fbfd813d000
0x00007fbfc4aa6280:   00007fc032b01b90 00007fbfd813d000
0x00007fbfc4aa6290:   00007fbfd813b660 00007fbfec011670
0x00007fbfc4aa62a0:   00007fbfec011680 00007fbfec011a58
0x00007fbfc4aa62b0:   00000000000003d8 0000000000000000
0x00007fbfc4aa62c0:   00007fc032b01b90 00007fbfd813d000
0x00007fbfc4aa62d0:   0000000032af6030 000000076f62ceb0
0x00007fbfc4aa62e0:   0000000000000000 00007fc034e0e748
0x00007fbfc4aa62f0:   00007fc032b01b90 00007fbfd813d000
0x00007fbfc4aa6300:   0000000000000000 000000076f67c680
0x00007fbfc4aa6310:   000000000000006f 00007fbf0000000a
0x00007fbfc4aa6320:   00000007708fda28 00007fbf00000000
0x00007fbfc4aa6330:   00007fbfc4aa6420 00007fbfc4aa63e0
0x00007fbfc4aa6340:   00007fbfc4aa64d0 0000000100000190
0x00007fbfc4aa6350:   00007fbfd80a6000 00007fbfc4aa6308
0x00007fbfc4aa6360:   00007fbfc4aa6349 0000000800000005
0x00007fbfc4aa6370:   00007fc000000000 4b61a6176605b800
0x00007fbfc4aa6380:   00007fbfc4aa6390 00007fbfd813d000
0x00007fbfc4aa6390:   00007fbfd813d1e0 00007fbfd80788e8
0x00007fbfc4aa63a0:   00007fbfc4aa6490 00007fbf00000000
0x00007fbfc4aa63b0:   00007fbfc4aa6480 00007fc049e462ba
0x00007fbfc4aa63c0:   00007fbfec011680 00007fbfc4aa6400
0x00007fbfc4aa63d0:   000000000000000e 4b61a61700000000
0x00007fbfc4aa63e0:   00007fbfd813d000 0000000000000000
0x00007fbfc4aa63f0:   0000000000000067 4b61a6176605b800
0x00007fbfc4aa6400:   00007fc04a6275b0 00007fc04b34e690
0x00007fbfc4aa6410:   0000000032af6030 00007fbf00000063
0x00007fbfc4aa6420:   0000000000000000 0000003000000018 

Instructions: (pc=0x00007fc049e42c8d)
0x00007fc049e42c6d:   ff 48 89 b5 b8 fe ff ff 64 48 8b 04 25 28 00 00
0x00007fc049e42c7d:   00 48 89 45 c8 31 c0 48 85 d2 0f 84 3b 03 00 00
0x00007fc049e42c8d:   4c 8b 32 4d 85 f6 0f 84 2f 03 00 00 49 8b b9 20
0x00007fc049e42c9d:   01 00 00 48 89 cb 4d 89 c4 e8 f5 4c ff ff 4c 89 

Register to memory mapping:

RAX=0x0000000000000000 is an unknown value
RBX=0x00007fbfd813d000 is a thread
RCX=0x00007fbfd80788e8 is an unknown value
RDX=0x00007fbf00000000 is an unknown value
RSP=0x00007fbfc4aa6230 is pointing into the stack for thread: 0x00007fbfd813d000
RBP=0x00007fbfc4aa63b0 is pointing into the stack for thread: 0x00007fbfd813d000
RSI=0x00007fbfc4aa63d0 is pointing into the stack for thread: 0x00007fbfd813d000
RDI=0x00007fbfd813d1e0 is an unknown value
R8 =0x00007fbfc4aa6400 is pointing into the stack for thread: 0x00007fbfd813d000
R9 =0x00007fbfd813d000 is a thread
R10=0x00007fbfb4000a80 is an unknown value
R11=0x00007fbfc4aa5de0 is pointing into the stack for thread: 0x00007fbfd813d000
R12=0x00007fbfd813d1e0 is an unknown value
R13=0x00007fbfd813d000 is a thread
R14=0x00007fbfc4aa6490 is pointing into the stack for thread: 0x00007fbfd813d000
R15=0x00007fbf00000000 is an unknown value


Stack: [0x00007fbfc49a7000,0x00007fbfc4aa8000],  sp=0x00007fbfc4aa6230,  free space=1020k
Native frames: (J=compiled Java code, j=interpreted, Vv=VM code, C=native code)
V  [libjvm.so+0x67cc8d]  jni_invoke_nonstatic(JNIEnv_*, JavaValue*, _jobject*, JNICallType, _jmethodID*, JNI_ArgumentPusher*, Thread*) [clone .constprop.84]+0x3d
V  [libjvm.so+0x6802ba]  jni_CallVoidMethodV+0x10a
C  [libglass.so+0x11e13]  JNIEnv_::CallVoidMethod(_jobject*, _jmethodID*, ...)+0x93
C  [libglass.so+0x19585]  WindowContextBase::process_key(_GdkEventKey*)+0x215
C  [libglass.so+0x11a80]  WindowContextBase::im_filter_keypress(_GdkEventKey*)+0x1f0
C  [libglass.so+0x1ef0c]
C  [libgdk-x11-2.0.so.0+0x5acdc]

Java frames: (J=compiled Java code, j=interpreted, Vv=VM code)
j  com.sun.glass.ui.gtk.GtkApplication._runLoop(Ljava/lang/Runnable;Z)V+0
j  com.sun.glass.ui.gtk.GtkApplication.lambda$null$5(Ljava/lang/Runnable;Z)V+7
j  com.sun.glass.ui.gtk.GtkApplication$$Lambda$43.run()V+12
j  java.lang.Thread.run()V+11
v  ~StubRoutines::call_stub

---------------  P R O C E S S  ---------------

Java Threads: ( => current thread )
  0x00007fc04400a000 JavaThread "DestroyJavaVM" [_thread_blocked, id=10970, stack(0x00007fc04b419000,0x00007fc04b51a000)]
  0x00007fc044192000 JavaThread "Thread-5" [_thread_blocked, id=10999, stack(0x00007fbfaf565000,0x00007fbfaf666000)]
  0x00007fc044199800 JavaThread "Thread-4" [_thread_in_native, id=10998, stack(0x00007fbfaf666000,0x00007fbfaf767000)]
  0x00007fbfb4197800 JavaThread "Prism Font Disposer" daemon [_thread_blocked, id=10997, stack(0x00007fbfafeff000,0x00007fbfb0000000)]
=>0x00007fbfd813d000 JavaThread "JavaFX Application Thread" [_thread_in_vm, id=10996, stack(0x00007fbfc49a7000,0x00007fbfc4aa8000)]
  0x00007fbfd8138800 JavaThread "Thread-3" daemon [_thread_blocked, id=10995, stack(0x00007fbfc4aa8000,0x00007fbfc4ba9000)]
  0x00007fbfd8049000 JavaThread "QuantumRenderer-0" daemon [_thread_blocked, id=10991, stack(0x00007fbfff33c000,0x00007fbfff43d000)]
  0x00007fbfd407f800 JavaThread "JavaFX-Launcher" [_thread_blocked, id=10990, stack(0x00007fbfff43d000,0x00007fbfff53e000)]
  0x00007fc044187800 JavaThread "Thread-0" [_thread_blocked, id=10989, stack(0x00007fbfff53e000,0x00007fbfff63f000)]
  0x00007fc0440cc800 JavaThread "Service Thread" daemon [_thread_blocked, id=10987, stack(0x00007fc00c1de000,0x00007fc00c2df000)]
  0x00007fc0440bf800 JavaThread "C1 CompilerThread3" daemon [_thread_blocked, id=10986, stack(0x00007fc00c2df000,0x00007fc00c3e0000)]
  0x00007fc0440bb000 JavaThread "C2 CompilerThread2" daemon [_thread_blocked, id=10985, stack(0x00007fc030018000,0x00007fc030119000)]
  0x00007fc0440b9800 JavaThread "C2 CompilerThread1" daemon [_thread_blocked, id=10984, stack(0x00007fc030119000,0x00007fc03021a000)]
  0x00007fc0440b6800 JavaThread "C2 CompilerThread0" daemon [_thread_blocked, id=10983, stack(0x00007fc03021a000,0x00007fc03031b000)]
  0x00007fc0440b4800 JavaThread "Signal Dispatcher" daemon [_thread_blocked, id=10982, stack(0x00007fc03031b000,0x00007fc03041c000)]
  0x00007fc04408b800 JavaThread "Finalizer" daemon [_thread_blocked, id=10981, stack(0x00007fc03041c000,0x00007fc03051d000)]
  0x00007fc044087000 JavaThread "Reference Handler" daemon [_thread_blocked, id=10980, stack(0x00007fc03051d000,0x00007fc03061e000)]

Other Threads:
  0x00007fc04407f800 VMThread [stack: 0x00007fc03061e000,0x00007fc03071f000] [id=10979]
  0x00007fc0440cf000 WatcherThread [stack: 0x00007fc00c0dd000,0x00007fc00c1de000] [id=10988]

VM state:not at safepoint (normal execution)

VM Mutex/Monitor currently owned by a thread: None

Heap:
 PSYoungGen      total 74752K, used 63768K [0x000000076d400000, 0x0000000772700000, 0x00000007c0000000)
  eden space 64512K, 98% used [0x000000076d400000,0x00000007712462e8,0x0000000771300000)
  from space 10240K, 0% used [0x0000000771d00000,0x0000000771d00000,0x0000000772700000)
  to   space 10240K, 0% used [0x0000000771300000,0x0000000771300000,0x0000000771d00000)
 ParOldGen       total 171008K, used 0K [0x00000006c7c00000, 0x00000006d2300000, 0x000000076d400000)
  object space 171008K, 0% used [0x00000006c7c00000,0x00000006c7c00000,0x00000006d2300000)
 Metaspace       used 15448K, capacity 16276K, committed 16512K, reserved 1062912K
  class space    used 2168K, capacity 2387K, committed 2432K, reserved 1048576K

Card table byte_map: [0x00007fc034274000,0x00007fc034a37000] byte_map_base: 0x00007fc030c36000

Marking Bits: (ParMarkBitMap*) 0x00007fc04a6ea220
 Begin Bits: [0x00007fc00c3e0000, 0x00007fc0101f0000)
 End Bits:   [0x00007fc0101f0000, 0x00007fc014000000)

Polling page: 0x00007fc04b539000

CodeCache: size=245760Kb used=4330Kb max_used=4330Kb free=241429Kb
 bounds [0x00007fc034df7000, 0x00007fc035237000, 0x00007fc043df7000]
 total_blobs=1899 nmethods=1275 adapters=538
 compilation: enabled

Compilation events (10 events):
Event: 2,440 Thread 0x00007fc0440bf800 1269       3       javafx.beans.property.DoublePropertyBase::set (111 bytes)
Event: 2,441 Thread 0x00007fc0440b6800 nmethod 1257 0x00007fc035232450 code [0x00007fc035232600, 0x00007fc035232b38]
Event: 2,441 Thread 0x00007fc0440bf800 nmethod 1269 0x00007fc03522fed0 code [0x00007fc0352301e0, 0x00007fc035231ab8]
Event: 2,441 Thread 0x00007fc0440bf800 1268       3       javafx.beans.property.DoubleProperty::<init> (5 bytes)
Event: 2,441 Thread 0x00007fc0440bf800 nmethod 1268 0x00007fc03522a510 code [0x00007fc03522a6a0, 0x00007fc03522a970]
Event: 2,441 Thread 0x00007fc0440bf800 1267       3       javafx.scene.layout.Region::getPadding (11 bytes)
Event: 2,442 Thread 0x00007fc0440bf800 nmethod 1267 0x00007fc03522f990 code [0x00007fc03522fb00, 0x00007fc03522fe08]
Event: 2,442 Thread 0x00007fc0440bf800 1271       3       javafx.scene.Node$LazyBoundsProperty::get (5 bytes)
Event: 2,442 Thread 0x00007fc0440bf800 nmethod 1271 0x00007fc03522f310 code [0x00007fc03522f480, 0x00007fc03522f7e8]
Event: 2,442 Thread 0x00007fc0440bf800 1272       3       javafx.scene.Node$LazyBoundsProperty::get (25 bytes)

GC Heap History (0 events):
No events

Deoptimization events (10 events):
Event: 1,228 Thread 0x00007fbfd813d000 Uncommon trap: reason=unstable_if action=reinterpret pc=0x00007fc035093594 method=sun.net.www.ParseUtil.encodePath(Ljava/lang/String;Z)Ljava/lang/String; @ 109
Event: 1,234 Thread 0x00007fbfd813d000 Uncommon trap: reason=unstable_if action=reinterpret pc=0x00007fc0350afff0 method=sun.misc.URLClassPath$JarLoader.ensureOpen()V @ 4
Event: 1,284 Thread 0x00007fbfd813d000 Uncommon trap: reason=unstable_if action=reinterpret pc=0x00007fc03510f8b4 method=jdk.internal.org.objectweb.asm.Type.getArgumentsAndReturnSizes(Ljava/lang/String;)I @ 47
Event: 2,277 Thread 0x00007fc04400a000 Uncommon trap: reason=class_check action=maybe_recompile pc=0x00007fc03509fdcc method=sun.misc.URLClassPath.getLoader(I)Lsun/misc/URLClassPath$Loader; @ 239
Event: 2,281 Thread 0x00007fc04400a000 Uncommon trap: reason=class_check action=maybe_recompile pc=0x00007fc03509fdcc method=sun.misc.URLClassPath.getLoader(I)Lsun/misc/URLClassPath$Loader; @ 239
Event: 2,281 Thread 0x00007fc04400a000 Uncommon trap: reason=class_check action=maybe_recompile pc=0x00007fc03509fdcc method=sun.misc.URLClassPath.getLoader(I)Lsun/misc/URLClassPath$Loader; @ 239
Event: 2,282 Thread 0x00007fc04400a000 Uncommon trap: reason=class_check action=maybe_recompile pc=0x00007fc03509ce6c method=sun.misc.URLClassPath.getLoader(I)Lsun/misc/URLClassPath$Loader; @ 239
Event: 2,347 Thread 0x00007fbfd813d000 Uncommon trap: reason=unstable_if action=reinterpret pc=0x00007fc0351ab234 method=java.lang.StrictMath.floorOrCeil(DDDD)D @ 38
Event: 2,375 Thread 0x00007fbfd813d000 Uncommon trap: reason=unstable_if action=reinterpret pc=0x00007fc034fcd7a4 method=java.lang.String.indexOf([CII[CIII)I @ 3
Event: 2,439 Thread 0x00007fbfd813d000 Uncommon trap: reason=unstable_if action=reinterpret pc=0x00007fc035082b54 method=java.lang.String.startsWith(Ljava/lang/String;I)Z @ 25

Internal exceptions (10 events):
Event: 0,134 Thread 0x00007fbfd407f800 Exception <a 'java/security/PrivilegedActionException'> (0x000000076da6a958) thrown at [/build/openjdk-8-AbQ17_/openjdk-8-8u121-b13/src/hotspot/src/share/vm/prims/jvm.cpp, line 1390]
Event: 0,134 Thread 0x00007fbfd407f800 Exception <a 'java/security/PrivilegedActionException'> (0x000000076da6ab68) thrown at [/build/openjdk-8-AbQ17_/openjdk-8-8u121-b13/src/hotspot/src/share/vm/prims/jvm.cpp, line 1390]
Event: 0,134 Thread 0x00007fbfd407f800 Exception <a 'java/security/PrivilegedActionException'> (0x000000076da6b640) thrown at [/build/openjdk-8-AbQ17_/openjdk-8-8u121-b13/src/hotspot/src/share/vm/prims/jvm.cpp, line 1390]
Event: 0,134 Thread 0x00007fbfd407f800 Exception <a 'java/security/PrivilegedActionException'> (0x000000076da6b850) thrown at [/build/openjdk-8-AbQ17_/openjdk-8-8u121-b13/src/hotspot/src/share/vm/prims/jvm.cpp, line 1390]
Event: 0,134 Thread 0x00007fbfd407f800 Exception <a 'java/lang/NullPointerException'> (0x000000076da6cc88) thrown at [/build/openjdk-8-AbQ17_/openjdk-8-8u121-b13/src/hotspot/src/share/vm/interpreter/linkResolver.cpp, line 1178]
Event: 0,336 Thread 0x00007fbfd813d000 Exception <a 'java/lang/NullPointerException'> (0x000000076e588f20) thrown at [/build/openjdk-8-AbQ17_/openjdk-8-8u121-b13/src/hotspot/src/share/vm/interpreter/linkResolver.cpp, line 1178]
Event: 0,336 Thread 0x00007fbfd813d000 Exception <a 'java/lang/NullPointerException'> (0x000000076e588f20) thrown at [/build/openjdk-8-AbQ17_/openjdk-8-8u121-b13/src/hotspot/src/share/vm/prims/jvm.cpp, line 1394]
Event: 0,462 Thread 0x00007fbfd813d000 Implicit null exception at 0x00007fc03505a095 to 0x00007fc03505a46d
Event: 1,234 Thread 0x00007fbfd813d000 Implicit null exception at 0x00007fc0350afcd0 to 0x00007fc0350affe5
Event: 2,348 Thread 0x00007fbfd813d000 Exception <a 'java/io/FileNotFoundException'> (0x0000000770912730) thrown at [/build/openjdk-8-AbQ17_/openjdk-8-8u121-b13/src/hotspot/src/share/vm/prims/jni.cpp, line 709]

Events (10 events):
Event: 2,412 loading class com/sun/javafx/effect/EffectDirtyBits done
Event: 2,413 loading class javafx/scene/shape/SVGPath$1
Event: 2,413 loading class javafx/scene/shape/SVGPath$1 done
Event: 2,413 loading class javafx/scene/shape/SVGPath$2
Event: 2,413 loading class javafx/scene/shape/SVGPath$2 done
Event: 2,413 loading class com/sun/javafx/sg/prism/NGSVGPath
Event: 2,413 loading class com/sun/javafx/sg/prism/NGSVGPath done
Event: 2,439 Thread 0x00007fbfd813d000 Uncommon trap: trap_request=0xffffff65 fr.pc=0x00007fc035082b54
Event: 2,439 Thread 0x00007fbfd813d000 DEOPT PACKING pc=0x00007fc035082b54 sp=0x00007fbfc4aa3710
Event: 2,439 Thread 0x00007fbfd813d000 DEOPT UNPACKING pc=0x00007fc034dfbf69 sp=0x00007fbfc4aa36a8 mode 2


Dynamic libraries:
6c7c00000-6d2300000 rw-p 00000000 00:00 0 
6d2300000-76d400000 ---p 00000000 00:00 0 
76d400000-772700000 rw-p 00000000 00:00 0 
772700000-7c0000000 ---p 00000000 00:00 0 
7c0000000-7c0260000 rw-p 00000000 00:00 0 
7c0260000-800000000 ---p 00000000 00:00 0 
564116cba000-564116cbb000 r-xp 00000000 103:05 279285                    /usr/lib/jvm/java-8-openjdk-amd64/jre/bin/java
564116eba000-564116ebb000 r--p 00000000 103:05 279285                    /usr/lib/jvm/java-8-openjdk-amd64/jre/bin/java
564116ebb000-564116ebc000 rw-p 00001000 103:05 279285                    /usr/lib/jvm/java-8-openjdk-amd64/jre/bin/java
5641175da000-5641175fb000 rw-p 00000000 00:00 0                          [heap]
7fbfa0000000-7fbfa0021000 rw-p 00000000 00:00 0 
7fbfa0021000-7fbfa4000000 ---p 00000000 00:00 0 
7fbfa4000000-7fbfa4021000 rw-p 00000000 00:00 0 
7fbfa4021000-7fbfa8000000 ---p 00000000 00:00 0 
7fbfa8000000-7fbfa8021000 rw-p 00000000 00:00 0 
7fbfa8021000-7fbfac000000 ---p 00000000 00:00 0 
7fbfaf565000-7fbfaf568000 ---p 00000000 00:00 0 
7fbfaf568000-7fbfaf666000 rw-p 00000000 00:00 0 
7fbfaf666000-7fbfaf669000 ---p 00000000 00:00 0 
7fbfaf669000-7fbfaf767000 rw-p 00000000 00:00 0 
7fbfaf767000-7fbfaf77e000 r-xp 00000000 103:05 279323                    /usr/lib/jvm/java-8-openjdk-amd64/jre/lib/amd64/libnet.so
7fbfaf77e000-7fbfaf97d000 ---p 00017000 103:05 279323                    /usr/lib/jvm/java-8-openjdk-amd64/jre/lib/amd64/libnet.so
7fbfaf97d000-7fbfaf97e000 r--p 00016000 103:05 279323                    /usr/lib/jvm/java-8-openjdk-amd64/jre/lib/amd64/libnet.so
7fbfaf97e000-7fbfaf97f000 rw-p 00017000 103:05 279323                    /usr/lib/jvm/java-8-openjdk-amd64/jre/lib/amd64/libnet.so
7fbfaf97f000-7fbfafb3f000 rw-s 1051c5000 00:06 415                       /dev/dri/card1
7fbfafb3f000-7fbfafcff000 rw-s 00000000 00:05 273811                     /drm mm object (deleted)
7fbfafcff000-7fbfafebf000 rw-p 00000000 00:00 0 
7fbfafebf000-7fbfafeff000 ---p 00000000 00:00 0 
7fbfafeff000-7fbfaff02000 ---p 00000000 00:00 0 
7fbfaff02000-7fbfb0000000 rw-p 00000000 00:00 0 
7fbfb0000000-7fbfb0021000 rw-p 00000000 00:00 0 
7fbfb0021000-7fbfb4000000 ---p 00000000 00:00 0 
7fbfb4000000-7fbfb44de000 rw-p 00000000 00:00 0 
7fbfb44de000-7fbfb8000000 ---p 00000000 00:00 0 
7fbfb8000000-7fbfb8022000 rw-p 00000000 00:00 0 
7fbfb8022000-7fbfbc000000 ---p 00000000 00:00 0 
7fbfbc000000-7fbfbc022000 rw-p 00000000 00:00 0 
7fbfbc022000-7fbfc0000000 ---p 00000000 00:00 0 
7fbfc0000000-7fbfc0021000 rw-p 00000000 00:00 0 
7fbfc0021000-7fbfc4000000 ---p 00000000 00:00 0 
7fbfc4084000-7fbfc40e4000 rw-s 00000000 00:05 273819                     /drm mm object (deleted)
7fbfc40e4000-7fbfc419d000 r--p 00000000 103:05 268258                    /usr/share/fonts/truetype/dejavu/DejaVuSans.ttf
7fbfc419d000-7fbfc439d000 rw-p 00000000 00:00 0 
7fbfc439d000-7fbfc43a2000 r-xp 00000000 103:05 279198                    /usr/lib/jvm/java-8-openjdk-amd64/jre/lib/amd64/libjavafx_font_freetype.so
7fbfc43a2000-7fbfc45a1000 ---p 00005000 103:05 279198                    /usr/lib/jvm/java-8-openjdk-amd64/jre/lib/amd64/libjavafx_font_freetype.so
7fbfc45a1000-7fbfc45a2000 r--p 00004000 103:05 279198                    /usr/lib/jvm/java-8-openjdk-amd64/jre/lib/amd64/libjavafx_font_freetype.so
7fbfc45a2000-7fbfc45a3000 rw-p 00005000 103:05 279198                    /usr/lib/jvm/java-8-openjdk-amd64/jre/lib/amd64/libjavafx_font_freetype.so
7fbfc45a3000-7fbfc45a6000 r-xp 00000000 103:05 279197                    /usr/lib/jvm/java-8-openjdk-amd64/jre/lib/amd64/libjavafx_font.so
7fbfc45a6000-7fbfc47a5000 ---p 00003000 103:05 279197                    /usr/lib/jvm/java-8-openjdk-amd64/jre/lib/amd64/libjavafx_font.so
7fbfc47a5000-7fbfc47a6000 r--p 00002000 103:05 279197                    /usr/lib/jvm/java-8-openjdk-amd64/jre/lib/amd64/libjavafx_font.so
7fbfc47a6000-7fbfc47a7000 rw-p 00003000 103:05 279197                    /usr/lib/jvm/java-8-openjdk-amd64/jre/lib/amd64/libjavafx_font.so
7fbfc47a7000-7fbfc49a7000 rw-p 00000000 00:00 0 
7fbfc49a7000-7fbfc49aa000 ---p 00000000 00:00 0 
7fbfc49aa000-7fbfc4aa8000 rw-p 00000000 00:00 0 
7fbfc4aa8000-7fbfc4aab000 ---p 00000000 00:00 0 
7fbfc4aab000-7fbfc4ba9000 rw-p 00000000 00:00 0 
7fbfc4ba9000-7fbfc4baa000 ---p 00000000 00:00 0 
7fbfc4baa000-7fbfc53aa000 rw-p 00000000 00:00 0 
7fbfc53aa000-7fbfc53b6000 r-xp 00000000 103:05 137877                    /usr/lib/x86_64-linux-gnu/gio/modules/libdconfsettings.so
7fbfc53b6000-7fbfc55b5000 ---p 0000c000 103:05 137877                    /usr/lib/x86_64-linux-gnu/gio/modules/libdconfsettings.so
7fbfc55b5000-7fbfc55b6000 r--p 0000b000 103:05 137877                    /usr/lib/x86_64-linux-gnu/gio/modules/libdconfsettings.so
7fbfc55b6000-7fbfc55b7000 rw-p 0000c000 103:05 137877                    /usr/lib/x86_64-linux-gnu/gio/modules/libdconfsettings.so
7fbfc55b7000-7fbfc55b8000 ---p 00000000 00:00 0 
7fbfc55b8000-7fbfc5db8000 rw-p 00000000 00:00 0 
7fbfc5db8000-7fbfc5db9000 ---p 00000000 00:00 0 
7fbfc5db9000-7fbfc65b9000 rw-p 00000000 00:00 0 
7fbfc65b9000-7fbfc65d2000 r-xp 00000000 103:05 137881                    /usr/lib/x86_64-linux-gnu/gio/modules/libgioremote-volume-monitor.so
7fbfc65d2000-7fbfc67d2000 ---p 00019000 103:05 137881                    /usr/lib/x86_64-linux-gnu/gio/modules/libgioremote-volume-monitor.so
7fbfc67d2000-7fbfc67d5000 r--p 00019000 103:05 137881                    /usr/lib/x86_64-linux-gnu/gio/modules/libgioremote-volume-monitor.so
7fbfc67d5000-7fbfc67d6000 rw-p 0001c000 103:05 137881                    /usr/lib/x86_64-linux-gnu/gio/modules/libgioremote-volume-monitor.so
7fbfc67d6000-7fbfc680c000 r-xp 00000000 103:05 138390                    /usr/lib/x86_64-linux-gnu/gvfs/libgvfscommon.so
7fbfc680c000-7fbfc6a0c000 ---p 00036000 103:05 138390                    /usr/lib/x86_64-linux-gnu/gvfs/libgvfscommon.so
7fbfc6a0c000-7fbfc6a11000 r--p 00036000 103:05 138390                    /usr/lib/x86_64-linux-gnu/gvfs/libgvfscommon.so
7fbfc6a11000-7fbfc6a12000 rw-p 0003b000 103:05 138390                    /usr/lib/x86_64-linux-gnu/gvfs/libgvfscommon.so
7fbfc6a12000-7fbfc6a42000 r-xp 00000000 103:05 137882                    /usr/lib/x86_64-linux-gnu/gio/modules/libgvfsdbus.so
7fbfc6a42000-7fbfc6c41000 ---p 00030000 103:05 137882                    /usr/lib/x86_64-linux-gnu/gio/modules/libgvfsdbus.so
7fbfc6c41000-7fbfc6c42000 r--p 0002f000 103:05 137882                    /usr/lib/x86_64-linux-gnu/gio/modules/libgvfsdbus.so
7fbfc6c42000-7fbfc6c43000 rw-p 00030000 103:05 137882                    /usr/lib/x86_64-linux-gnu/gio/modules/libgvfsdbus.so
7fbfc6c43000-7fbfc6c44000 rw-p 00000000 00:00 0 
7fbfc6c44000-7fbfc6c4b000 r-xp 00000000 103:05 1061780                   /usr/lib/x86_64-linux-gnu/libogg.so.0.8.2
7fbfc6c4b000-7fbfc6e4b000 ---p 00007000 103:05 1061780                   /usr/lib/x86_64-linux-gnu/libogg.so.0.8.2
7fbfc6e4b000-7fbfc6e4c000 r--p 00007000 103:05 1061780                   /usr/lib/x86_64-linux-gnu/libogg.so.0.8.2
7fbfc6e4c000-7fbfc6e4d000 rw-p 00008000 103:05 1061780                   /usr/lib/x86_64-linux-gnu/libogg.so.0.8.2
7fbfc6e4d000-7fbfc6e77000 r-xp 00000000 103:05 1062213                   /usr/lib/x86_64-linux-gnu/libvorbis.so.0.4.8
7fbfc6e77000-7fbfc7077000 ---p 0002a000 103:05 1062213                   /usr/lib/x86_64-linux-gnu/libvorbis.so.0.4.8
7fbfc7077000-7fbfc7078000 r--p 0002a000 103:05 1062213                   /usr/lib/x86_64-linux-gnu/libvorbis.so.0.4.8
7fbfc7078000-7fbfc7079000 rw-p 0002b000 103:05 1062213                   /usr/lib/x86_64-linux-gnu/libvorbis.so.0.4.8
7fbfc7079000-7fbfc7081000 r-xp 00000000 103:05 1061624                   /usr/lib/x86_64-linux-gnu/libltdl.so.7.3.1
7fbfc7081000-7fbfc7281000 ---p 00008000 103:05 1061624                   /usr/lib/x86_64-linux-gnu/libltdl.so.7.3.1
7fbfc7281000-7fbfc7282000 r--p 00008000 103:05 1061624                   /usr/lib/x86_64-linux-gnu/libltdl.so.7.3.1
7fbfc7282000-7fbfc7283000 rw-p 00009000 103:05 1061624                   /usr/lib/x86_64-linux-gnu/libltdl.so.7.3.1
7fbfc7283000-7fbfc7297000 r-xp 00000000 103:05 1062046                   /usr/lib/x86_64-linux-gnu/libtdb.so.1.3.9
7fbfc7297000-7fbfc7496000 ---p 00014000 103:05 1062046                   /usr/lib/x86_64-linux-gnu/libtdb.so.1.3.9
7fbfc7496000-7fbfc7497000 r--p 00013000 103:05 1062046                   /usr/lib/x86_64-linux-gnu/libtdb.so.1.3.9
7fbfc7497000-7fbfc7498000 rw-p 00014000 103:05 1062046                   /usr/lib/x86_64-linux-gnu/libtdb.so.1.3.9
7fbfc7498000-7fbfc749f000 r-xp 00000000 103:05 1062217                   /usr/lib/x86_64-linux-gnu/libvorbisfile.so.3.3.7
7fbfc749f000-7fbfc769f000 ---p 00007000 103:05 1062217                   /usr/lib/x86_64-linux-gnu/libvorbisfile.so.3.3.7
7fbfc769f000-7fbfc76a0000 r--p 00007000 103:05 1062217                   /usr/lib/x86_64-linux-gnu/libvorbisfile.so.3.3.7
7fbfc76a0000-7fbfc76a1000 rw-p 00008000 103:05 1062217                   /usr/lib/x86_64-linux-gnu/libvorbisfile.so.3.3.7
7fbfc76a1000-7fbfc76b1000 r-xp 00000000 103:05 1060980                   /usr/lib/x86_64-linux-gnu/libcanberra.so.0.2.5
7fbfc76b1000-7fbfc78b1000 ---p 00010000 103:05 1060980                   /usr/lib/x86_64-linux-gnu/libcanberra.so.0.2.5
7fbfc78b1000-7fbfc78b2000 r--p 00010000 103:05 1060980                   /usr/lib/x86_64-linux-gnu/libcanberra.so.0.2.5
7fbfc78b2000-7fbfc78b3000 rw-p 00011000 103:05 1060980                   /usr/lib/x86_64-linux-gnu/libcanberra.so.0.2.5
7fbfc78b3000-7fbfc78b7000 r-xp 00000000 103:05 1060976                   /usr/lib/x86_64-linux-gnu/libcanberra-gtk.so.0.1.9
7fbfc78b7000-7fbfc7ab6000 ---p 00004000 103:05 1060976                   /usr/lib/x86_64-linux-gnu/libcanberra-gtk.so.0.1.9
7fbfc7ab6000-7fbfc7ab7000 r--p 00003000 103:05 1060976                   /usr/lib/x86_64-linux-gnu/libcanberra-gtk.so.0.1.9
7fbfc7ab7000-7fbfc7ab8000 rw-p 00004000 103:05 1060976                   /usr/lib/x86_64-linux-gnu/libcanberra-gtk.so.0.1.9
7fbfc7ab8000-7fbfc7abd000 r-xp 00000000 103:05 138084                    /usr/lib/x86_64-linux-gnu/gtk-2.0/modules/libcanberra-gtk-module.so
7fbfc7abd000-7fbfc7cbc000 ---p 00005000 103:05 138084                    /usr/lib/x86_64-linux-gnu/gtk-2.0/modules/libcanberra-gtk-module.so
7fbfc7cbc000-7fbfc7cbd000 r--p 00004000 103:05 138084                    /usr/lib/x86_64-linux-gnu/gtk-2.0/modules/libcanberra-gtk-module.so
7fbfc7cbd000-7fbfc7cbe000 rw-p 00005000 103:05 138084                    /usr/lib/x86_64-linux-gnu/gtk-2.0/modules/libcanberra-gtk-module.so
7fbfc7cbe000-7fbfc7cee000 r-xp 00000000 103:05 138066                    /usr/lib/x86_64-linux-gnu/gtk-2.0/2.10.0/engines/libmurrine.so
7fbfc7cee000-7fbfc7eee000 ---p 00030000 103:05 138066                    /usr/lib/x86_64-linux-gnu/gtk-2.0/2.10.0/engines/libmurrine.so
7fbfc7eee000-7fbfc7eef000 r--p 00030000 103:05 138066                    /usr/lib/x86_64-linux-gnu/gtk-2.0/2.10.0/engines/libmurrine.so
7fbfc7eef000-7fbfc7ef0000 rw-p 00031000 103:05 138066                    /usr/lib/x86_64-linux-gnu/gtk-2.0/2.10.0/engines/libmurrine.so
7fbfc7ef0000-7fbfc7f00000 r-xp 00000000 103:05 1062139                   /usr/lib/x86_64-linux-gnu/libunity-gtk2-parser.so.0.0.0
7fbfc7f00000-7fbfc8100000 ---p 00010000 103:05 1062139                   /usr/lib/x86_64-linux-gnu/libunity-gtk2-parser.so.0.0.0
7fbfc8100000-7fbfc8101000 r--p 00010000 103:05 1062139                   /usr/lib/x86_64-linux-gnu/libunity-gtk2-parser.so.0.0.0
7fbfc8101000-7fbfc8102000 rw-p 00011000 103:05 1062139                   /usr/lib/x86_64-linux-gnu/libunity-gtk2-parser.so.0.0.0
7fbfc8102000-7fbfc8107000 r-xp 00000000 103:05 138088                    /usr/lib/x86_64-linux-gnu/gtk-2.0/modules/libunity-gtk-module.so
7fbfc8107000-7fbfc8306000 ---p 00005000 103:05 138088                    /usr/lib/x86_64-linux-gnu/gtk-2.0/modules/libunity-gtk-module.so
7fbfc8306000-7fbfc8307000 r--p 00004000 103:05 138088                    /usr/lib/x86_64-linux-gnu/gtk-2.0/modules/libunity-gtk-module.so
7fbfc8307000-7fbfc8308000 rw-p 00005000 103:05 138088                    /usr/lib/x86_64-linux-gnu/gtk-2.0/modules/libunity-gtk-module.so
7fbfc8308000-7fbfc832a000 r-xp 00000000 103:05 136952                    /lib/x86_64-linux-gnu/liblzma.so.5.0.0
7fbfc832a000-7fbfc8529000 ---p 00022000 103:05 136952                    /lib/x86_64-linux-gnu/liblzma.so.5.0.0
7fbfc8529000-7fbfc852a000 r--p 00021000 103:05 136952                    /lib/x86_64-linux-gnu/liblzma.so.5.0.0
7fbfc852a000-7fbfc852b000 rw-p 00022000 103:05 136952                    /lib/x86_64-linux-gnu/liblzma.so.5.0.0
7fbfc852b000-7fbfc8575000 r-xp 00000000 103:05 138779                    /lib/x86_64-linux-gnu/libdbus-1.so.3.14.7
7fbfc8575000-7fbfc8775000 ---p 0004a000 103:05 138779                    /lib/x86_64-linux-gnu/libdbus-1.so.3.14.7
7fbfc8775000-7fbfc8776000 r--p 0004a000 103:05 138779                    /lib/x86_64-linux-gnu/libdbus-1.so.3.14.7
7fbfc8776000-7fbfc8777000 rw-p 0004b000 103:05 138779                    /lib/x86_64-linux-gnu/libdbus-1.so.3.14.7
7fbfc8777000-7fbfc87a3000 r-xp 00000000 103:05 1060912                   /usr/lib/x86_64-linux-gnu/libatspi.so.0.0.1
7fbfc87a3000-7fbfc89a2000 ---p 0002c000 103:05 1060912                   /usr/lib/x86_64-linux-gnu/libatspi.so.0.0.1
7fbfc89a2000-7fbfc89a5000 r--p 0002b000 103:05 1060912                   /usr/lib/x86_64-linux-gnu/libatspi.so.0.0.1
7fbfc89a5000-7fbfc89a6000 rw-p 0002e000 103:05 1060912                   /usr/lib/x86_64-linux-gnu/libatspi.so.0.0.1
7fbfc89a6000-7fbfc89d3000 r-xp 00000000 103:05 1060906                   /usr/lib/x86_64-linux-gnu/libatk-bridge-2.0.so.0.0.0
7fbfc89d3000-7fbfc8bd2000 ---p 0002d000 103:05 1060906                   /usr/lib/x86_64-linux-gnu/libatk-bridge-2.0.so.0.0.0
7fbfc8bd2000-7fbfc8bd3000 r--p 0002c000 103:05 1060906                   /usr/lib/x86_64-linux-gnu/libatk-bridge-2.0.so.0.0.0
7fbfc8bd3000-7fbfc8bd5000 rw-p 0002d000 103:05 1060906                   /usr/lib/x86_64-linux-gnu/libatk-bridge-2.0.so.0.0.0
7fbfc8bd5000-7fbfc8bd6000 r-xp 00000000 103:05 138083                    /usr/lib/x86_64-linux-gnu/gtk-2.0/modules/libatk-bridge.so
7fbfc8bd6000-7fbfc8dd5000 ---p 00001000 103:05 138083                    /usr/lib/x86_64-linux-gnu/gtk-2.0/modules/libatk-bridge.so
7fbfc8dd5000-7fbfc8dd6000 r--p 00000000 103:05 138083                    /usr/lib/x86_64-linux-gnu/gtk-2.0/modules/libatk-bridge.so
7fbfc8dd6000-7fbfc8dd7000 rw-p 00001000 103:05 138083                    /usr/lib/x86_64-linux-gnu/gtk-2.0/modules/libatk-bridge.so
7fbfc8dd7000-7fbfc8dde000 r-xp 00000000 103:05 1061264                   /usr/lib/x86_64-linux-gnu/libgailutil.so.18.0.1
7fbfc8dde000-7fbfc8fdd000 ---p 00007000 103:05 1061264                   /usr/lib/x86_64-linux-gnu/libgailutil.so.18.0.1
7fbfc8fdd000-7fbfc8fde000 r--p 00006000 103:05 1061264                   /usr/lib/x86_64-linux-gnu/libgailutil.so.18.0.1
7fbfc8fde000-7fbfc8fdf000 rw-p 00007000 103:05 1061264                   /usr/lib/x86_64-linux-gnu/libgailutil.so.18.0.1
7fbfc8fdf000-7fbfc902d000 r-xp 00000000 103:05 138086                    /usr/lib/x86_64-linux-gnu/gtk-2.0/modules/libgail.so
7fbfc902d000-7fbfc922c000 ---p 0004e000 103:05 138086                    /usr/lib/x86_64-linux-gnu/gtk-2.0/modules/libgail.so
7fbfc922c000-7fbfc922d000 r--p 0004d000 103:05 138086                    /usr/lib/x86_64-linux-gnu/gtk-2.0/modules/libgail.so
7fbfc922d000-7fbfc922f000 rw-p 0004e000 103:05 138086                    /usr/lib/x86_64-linux-gnu/gtk-2.0/modules/libgail.so
7fbfc922f000-7fbfc9240000 r-xp 00000000 103:05 138087                    /usr/lib/x86_64-linux-gnu/gtk-2.0/modules/liboverlay-scrollbar.so
7fbfc9240000-7fbfc9440000 ---p 00011000 103:05 138087                    /usr/lib/x86_64-linux-gnu/gtk-2.0/modules/liboverlay-scrollbar.so
7fbfc9440000-7fbfc9441000 r--p 00011000 103:05 138087                    /usr/lib/x86_64-linux-gnu/gtk-2.0/modules/liboverlay-scrollbar.so
7fbfc9441000-7fbfc9442000 rw-p 00012000 103:05 138087                    /usr/lib/x86_64-linux-gnu/gtk-2.0/modules/liboverlay-scrollbar.so
7fbfc9442000-7fbfc9446000 r-xp 00000000 103:05 137066                    /lib/x86_64-linux-gnu/libuuid.so.1.3.0
7fbfc9446000-7fbfc9645000 ---p 00004000 103:05 137066                    /lib/x86_64-linux-gnu/libuuid.so.1.3.0
7fbfc9645000-7fbfc9646000 r--p 00003000 103:05 137066                    /lib/x86_64-linux-gnu/libuuid.so.1.3.0
7fbfc9646000-7fbfc9647000 rw-p 00004000 103:05 137066                    /lib/x86_64-linux-gnu/libuuid.so.1.3.0
7fbfc9647000-7fbfc964d000 r-xp 00000000 103:05 1061070                   /usr/lib/x86_64-linux-gnu/libdatrie.so.1.3.3
7fbfc964d000-7fbfc984d000 ---p 00006000 103:05 1061070                   /usr/lib/x86_64-linux-gnu/libdatrie.so.1.3.3
7fbfc984d000-7fbfc984e000 r--p 00006000 103:05 1061070                   /usr/lib/x86_64-linux-gnu/libdatrie.so.1.3.3
7fbfc984e000-7fbfc984f000 rw-p 00007000 103:05 1061070                   /usr/lib/x86_64-linux-gnu/libdatrie.so.1.3.3
7fbfc984f000-7fbfc9872000 r-xp 00000000 103:05 1061382                   /usr/lib/x86_64-linux-gnu/libgraphite2.so.3.0.1
7fbfc9872000-7fbfc9a71000 ---p 00023000 103:05 1061382                   /usr/lib/x86_64-linux-gnu/libgraphite2.so.3.0.1
7fbfc9a71000-7fbfc9a73000 r--p 00022000 103:05 1061382                   /usr/lib/x86_64-linux-gnu/libgraphite2.so.3.0.1
7fbfc9a73000-7fbfc9a74000 rw-p 00024000 103:05 1061382                   /usr/lib/x86_64-linux-gnu/libgraphite2.so.3.0.1
7fbfc9a74000-7fbfc9ab1000 r-xp 00000000 103:05 136879                    /lib/x86_64-linux-gnu/libblkid.so.1.1.0
7fbfc9ab1000-7fbfc9cb0000 ---p 0003d000 103:05 136879                    /lib/x86_64-linux-gnu/libblkid.so.1.1.0
7fbfc9cb0000-7fbfc9cb4000 r--p 0003c000 103:05 136879                    /lib/x86_64-linux-gnu/libblkid.so.1.1.0
7fbfc9cb4000-7fbfc9cb5000 rw-p 00040000 103:05 136879                    /lib/x86_64-linux-gnu/libblkid.so.1.1.0
7fbfc9cb5000-7fbfc9cb6000 rw-p 00000000 00:00 0 
7fbfc9cb6000-7fbfc9cbe000 r-xp 00000000 103:05 1062060                   /usr/lib/x86_64-linux-gnu/libthai.so.0.3.0
7fbfc9cbe000-7fbfc9ebd000 ---p 00008000 103:05 1062060                   /usr/lib/x86_64-linux-gnu/libthai.so.0.3.0
7fbfc9ebd000-7fbfc9ebe000 r--p 00007000 103:05 1062060                   /usr/lib/x86_64-linux-gnu/libthai.so.0.3.0
7fbfc9ebe000-7fbfc9ebf000 rw-p 00008000 103:05 1062060                   /usr/lib/x86_64-linux-gnu/libthai.so.0.3.0
7fbfc9ebf000-7fbfc9f3d000 r-xp 00000000 103:05 1061472                   /usr/lib/x86_64-linux-gnu/libharfbuzz.so.0.10200.7
7fbfc9f3d000-7fbfca13d000 ---p 0007e000 103:05 1061472                   /usr/lib/x86_64-linux-gnu/libharfbuzz.so.0.10200.7
7fbfca13d000-7fbfca13e000 r--p 0007e000 103:05 1061472                   /usr/lib/x86_64-linux-gnu/libharfbuzz.so.0.10200.7
7fbfca13e000-7fbfca13f000 rw-p 0007f000 103:05 1061472                   /usr/lib/x86_64-linux-gnu/libharfbuzz.so.0.10200.7
7fbfca13f000-7fbfca1b1000 r-xp 00000000 103:05 137015                    /lib/x86_64-linux-gnu/libpcre.so.3.13.3
7fbfca1b1000-7fbfca3b0000 ---p 00072000 103:05 137015                    /lib/x86_64-linux-gnu/libpcre.so.3.13.3
7fbfca3b0000-7fbfca3b1000 r--p 00071000 103:05 137015                    /lib/x86_64-linux-gnu/libpcre.so.3.13.3
7fbfca3b1000-7fbfca3b2000 rw-p 00072000 103:05 137015                    /lib/x86_64-linux-gnu/libpcre.so.3.13.3
7fbfca3b2000-7fbfca3b9000 r-xp 00000000 103:05 1061201                   /usr/lib/x86_64-linux-gnu/libffi.so.6.0.4
7fbfca3b9000-7fbfca5b8000 ---p 00007000 103:05 1061201                   /usr/lib/x86_64-linux-gnu/libffi.so.6.0.4
7fbfca5b8000-7fbfca5b9000 r--p 00006000 103:05 1061201                   /usr/lib/x86_64-linux-gnu/libffi.so.6.0.4
7fbfca5b9000-7fbfca5ba000 rw-p 00007000 103:05 1061201                   /usr/lib/x86_64-linux-gnu/libffi.so.6.0.4
7fbfca5ba000-7fbfca600000 r-xp 00000000 103:05 136961                    /lib/x86_64-linux-gnu/libmount.so.1.1.0
7fbfca600000-7fbfca7ff000 ---p 00046000 103:05 136961                    /lib/x86_64-linux-gnu/libmount.so.1.1.0
7fbfca7ff000-7fbfca800000 r--p 00045000 103:05 136961                    /lib/x86_64-linux-gnu/libmount.so.1.1.0
7fbfca800000-7fbfca801000 rw-p 00046000 103:05 136961                    /lib/x86_64-linux-gnu/libmount.so.1.1.0
7fbfca801000-7fbfca802000 rw-p 00000000 00:00 0 
7fbfca802000-7fbfca819000 r-xp 00000000 103:05 149410                    /lib/x86_64-linux-gnu/libresolv-2.24.so
7fbfca819000-7fbfcaa19000 ---p 00017000 103:05 149410                    /lib/x86_64-linux-gnu/libresolv-2.24.so
7fbfcaa19000-7fbfcaa1a000 r--p 00017000 103:05 149410                    /lib/x86_64-linux-gnu/libresolv-2.24.so
7fbfcaa1a000-7fbfcaa1b000 rw-p 00018000 103:05 149410                    /lib/x86_64-linux-gnu/libresolv-2.24.so
7fbfcaa1b000-7fbfcaa1d000 rw-p 00000000 00:00 0 
7fbfcaa1d000-7fbfcaa40000 r-xp 00000000 103:05 137042                    /lib/x86_64-linux-gnu/libselinux.so.1
7fbfcaa40000-7fbfcac3f000 ---p 00023000 103:05 137042                    /lib/x86_64-linux-gnu/libselinux.so.1
7fbfcac3f000-7fbfcac40000 r--p 00022000 103:05 137042                    /lib/x86_64-linux-gnu/libselinux.so.1
7fbfcac40000-7fbfcac41000 rw-p 00023000 103:05 137042                    /lib/x86_64-linux-gnu/libselinux.so.1
7fbfcac41000-7fbfcac43000 rw-p 00000000 00:00 0 
7fbfcac43000-7fbfcac4b000 r-xp 00000000 103:05 1062322                   /usr/lib/x86_64-linux-gnu/libxcb-render.so.0.0.0
7fbfcac4b000-7fbfcae4b000 ---p 00008000 103:05 1062322                   /usr/lib/x86_64-linux-gnu/libxcb-render.so.0.0.0
7fbfcae4b000-7fbfcae4c000 r--p 00008000 103:05 1062322                   /usr/lib/x86_64-linux-gnu/libxcb-render.so.0.0.0
7fbfcae4c000-7fbfcae4d000 rw-p 00009000 103:05 1062322                   /usr/lib/x86_64-linux-gnu/libxcb-render.so.0.0.0
7fbfcae4d000-7fbfcae4f000 r-xp 00000000 103:05 1062326                   /usr/lib/x86_64-linux-gnu/libxcb-shm.so.0.0.0
7fbfcae4f000-7fbfcb04f000 ---p 00002000 103:05 1062326                   /usr/lib/x86_64-linux-gnu/libxcb-shm.so.0.0.0
7fbfcb04f000-7fbfcb050000 r--p 00002000 103:05 1062326                   /usr/lib/x86_64-linux-gnu/libxcb-shm.so.0.0.0
7fbfcb050000-7fbfcb051000 rw-p 00003000 103:05 1062326                   /usr/lib/x86_64-linux-gnu/libxcb-shm.so.0.0.0
7fbfcb051000-7fbfcb082000 r-xp 00000000 103:05 1061851                   /usr/lib/x86_64-linux-gnu/libpng16.so.16.25.0
7fbfcb082000-7fbfcb281000 ---p 00031000 103:05 1061851                   /usr/lib/x86_64-linux-gnu/libpng16.so.16.25.0
7fbfcb281000-7fbfcb282000 r--p 00030000 103:05 1061851                   /usr/lib/x86_64-linux-gnu/libpng16.so.16.25.0
7fbfcb282000-7fbfcb283000 rw-p 00031000 103:05 1061851                   /usr/lib/x86_64-linux-gnu/libpng16.so.16.25.0
7fbfcb283000-7fbfcb32a000 r-xp 00000000 103:05 1048730                   /usr/lib/x86_64-linux-gnu/libfreetype.so.6.12.3
7fbfcb32a000-7fbfcb529000 ---p 000a7000 103:05 1048730                   /usr/lib/x86_64-linux-gnu/libfreetype.so.6.12.3
7fbfcb529000-7fbfcb52f000 r--p 000a6000 103:05 1048730                   /usr/lib/x86_64-linux-gnu/libfreetype.so.6.12.3
7fbfcb52f000-7fbfcb530000 rw-p 000ac000 103:05 1048730                   /usr/lib/x86_64-linux-gnu/libfreetype.so.6.12.3
7fbfcb530000-7fbfcb5cf000 r-xp 00000000 103:05 1061843                   /usr/lib/x86_64-linux-gnu/libpixman-1.so.0.33.6
7fbfcb5cf000-7fbfcb7cf000 ---p 0009f000 103:05 1061843                   /usr/lib/x86_64-linux-gnu/libpixman-1.so.0.33.6
7fbfcb7cf000-7fbfcb7d7000 r--p 0009f000 103:05 1061843                   /usr/lib/x86_64-linux-gnu/libpixman-1.so.0.33.6
7fbfcb7d7000-7fbfcb7d8000 rw-p 000a7000 103:05 1061843                   /usr/lib/x86_64-linux-gnu/libpixman-1.so.0.33.6
7fbfcb7d8000-7fbfcb7da000 r-xp 00000000 103:05 1060809                   /usr/lib/x86_64-linux-gnu/libXcomposite.so.1.0.0
7fbfcb7da000-7fbfcb9d9000 ---p 00002000 103:05 1060809                   /usr/lib/x86_64-linux-gnu/libXcomposite.so.1.0.0
7fbfcb9d9000-7fbfcb9da000 r--p 00001000 103:05 1060809                   /usr/lib/x86_64-linux-gnu/libXcomposite.so.1.0.0
7fbfcb9da000-7fbfcb9db000 rw-p 00002000 103:05 1060809                   /usr/lib/x86_64-linux-gnu/libXcomposite.so.1.0.0
7fbfcb9db000-7fbfcb9e4000 r-xp 00000000 103:05 1060811                   /usr/lib/x86_64-linux-gnu/libXcursor.so.1.0.2
7fbfcb9e4000-7fbfcbbe3000 ---p 00009000 103:05 1060811                   /usr/lib/x86_64-linux-gnu/libXcursor.so.1.0.2
7fbfcbbe3000-7fbfcbbe4000 r--p 00008000 103:05 1060811                   /usr/lib/x86_64-linux-gnu/libXcursor.so.1.0.2
7fbfcbbe4000-7fbfcbbe5000 rw-p 00009000 103:05 1060811                   /usr/lib/x86_64-linux-gnu/libXcursor.so.1.0.2
7fbfcbbe5000-7fbfcbbef000 r-xp 00000000 103:05 1060835                   /usr/lib/x86_64-linux-gnu/libXrandr.so.2.2.0
7fbfcbbef000-7fbfcbdee000 ---p 0000a000 103:05 1060835                   /usr/lib/x86_64-linux-gnu/libXrandr.so.2.2.0
7fbfcbdee000-7fbfcbdef000 r--p 00009000 103:05 1060835                   /usr/lib/x86_64-linux-gnu/libXrandr.so.2.2.0
7fbfcbdef000-7fbfcbdf0000 rw-p 0000a000 103:05 1060835                   /usr/lib/x86_64-linux-gnu/libXrandr.so.2.2.0
7fbfcbdf0000-7fbfcbdff000 r-xp 00000000 103:05 1060825                   /usr/lib/x86_64-linux-gnu/libXi.so.6.1.0
7fbfcbdff000-7fbfcbffe000 ---p 0000f000 103:05 1060825                   /usr/lib/x86_64-linux-gnu/libXi.so.6.1.0
7fbfcbffe000-7fbfcbfff000 r--p 0000e000 103:05 1060825                   /usr/lib/x86_64-linux-gnu/libXi.so.6.1.0
7fbfcbfff000-7fbfcc000000 rw-p 0000f000 103:05 1060825                   /usr/lib/x86_64-linux-gnu/libXi.so.6.1.0
7fbfcc000000-7fbfcde51000 rw-p 00000000 00:00 0 
7fbfcde51000-7fbfd0000000 ---p 00000000 00:00 0 
7fbfd0009000-7fbfd000d000 r--s 0009a000 103:05 279368                    /usr/lib/jvm/java-8-openjdk-amd64/jre/lib/jsse.jar
7fbfd000d000-7fbfd001b000 rw-s 00000000 00:05 273818                     /drm mm object (deleted)
7fbfd001b000-7fbfd002b000 rw-s 00000000 00:05 273815                     /drm mm object (deleted)
7fbfd002b000-7fbfd0033000 rw-s 00000000 00:05 273814                     /drm mm object (deleted)
7fbfd0033000-7fbfd0043000 rw-s 00000000 00:05 273813                     /drm mm object (deleted)
7fbfd0043000-7fbfd004f000 rw-s 00000000 00:05 269140                     /drm mm object (deleted)
7fbfd004f000-7fbfd0062000 r--s 00346000 103:05 279373                    /usr/lib/jvm/java-8-openjdk-amd64/jre/lib/resources.jar
7fbfd0062000-7fbfd0064000 r-xp 00000000 103:05 1060827                   /usr/lib/x86_64-linux-gnu/libXinerama.so.1.0.0
7fbfd0064000-7fbfd0263000 ---p 00002000 103:05 1060827                   /usr/lib/x86_64-linux-gnu/libXinerama.so.1.0.0
7fbfd0263000-7fbfd0264000 r--p 00001000 103:05 1060827                   /usr/lib/x86_64-linux-gnu/libXinerama.so.1.0.0
7fbfd0264000-7fbfd0265000 rw-p 00002000 103:05 1060827                   /usr/lib/x86_64-linux-gnu/libXinerama.so.1.0.0
7fbfd0265000-7fbfd026e000 r-xp 00000000 103:05 1060837                   /usr/lib/x86_64-linux-gnu/libXrender.so.1.3.0
7fbfd026e000-7fbfd046d000 ---p 00009000 103:05 1060837                   /usr/lib/x86_64-linux-gnu/libXrender.so.1.3.0
7fbfd046d000-7fbfd046e000 r--p 00008000 103:05 1060837                   /usr/lib/x86_64-linux-gnu/libXrender.so.1.3.0
7fbfd046e000-7fbfd046f000 rw-p 00009000 103:05 1060837                   /usr/lib/x86_64-linux-gnu/libXrender.so.1.3.0
7fbfd046f000-7fbfd04ac000 r-xp 00000000 103:05 1061219                   /usr/lib/x86_64-linux-gnu/libfontconfig.so.1.9.0
7fbfd04ac000-7fbfd06ab000 ---p 0003d000 103:05 1061219                   /usr/lib/x86_64-linux-gnu/libfontconfig.so.1.9.0
7fbfd06ab000-7fbfd06ad000 r--p 0003c000 103:05 1061219                   /usr/lib/x86_64-linux-gnu/libfontconfig.so.1.9.0
7fbfd06ad000-7fbfd06b2000 rw-p 0003e000 103:05 1061219                   /usr/lib/x86_64-linux-gnu/libfontconfig.so.1.9.0
7fbfd06b2000-7fbfd06fb000 r-xp 00000000 103:05 1061811                   /usr/lib/x86_64-linux-gnu/libpango-1.0.so.0.4000.1
7fbfd06fb000-7fbfd08fb000 ---p 00049000 103:05 1061811                   /usr/lib/x86_64-linux-gnu/libpango-1.0.so.0.4000.1
7fbfd08fb000-7fbfd08fd000 r--p 00049000 103:05 1061811                   /usr/lib/x86_64-linux-gnu/libpango-1.0.so.0.4000.1
7fbfd08fd000-7fbfd08fe000 rw-p 0004b000 103:05 1061811                   /usr/lib/x86_64-linux-gnu/libpango-1.0.so.0.4000.1
7fbfd08fe000-7fbfd0912000 r-xp 00000000 103:05 1061815                   /usr/lib/x86_64-linux-gnu/libpangoft2-1.0.so.0.4000.1
7fbfd0912000-7fbfd0b12000 ---p 00014000 103:05 1061815                   /usr/lib/x86_64-linux-gnu/libpangoft2-1.0.so.0.4000.1
7fbfd0b12000-7fbfd0b13000 r--p 00014000 103:05 1061815                   /usr/lib/x86_64-linux-gnu/libpangoft2-1.0.so.0.4000.1
7fbfd0b13000-7fbfd0b14000 rw-p 00015000 103:05 1061815                   /usr/lib/x86_64-linux-gnu/libpangoft2-1.0.so.0.4000.1
7fbfd0b14000-7fbfd0b36000 r-xp 00000000 103:05 1060904                   /usr/lib/x86_64-linux-gnu/libatk-1.0.so.0.22009.1
7fbfd0b36000-7fbfd0d35000 ---p 00022000 103:05 1060904                   /usr/lib/x86_64-linux-gnu/libatk-1.0.so.0.22009.1
7fbfd0d35000-7fbfd0d38000 r--p 00021000 103:05 1060904                   /usr/lib/x86_64-linux-gnu/libatk-1.0.so.0.22009.1
7fbfd0d38000-7fbfd0d39000 rw-p 00024000 103:05 1060904                   /usr/lib/x86_64-linux-gnu/libatk-1.0.so.0.22009.1
7fbfd0d39000-7fbfd0d45000 r-xp 00000000 103:05 1061813                   /usr/lib/x86_64-linux-gnu/libpangocairo-1.0.so.0.4000.1
7fbfd0d45000-7fbfd0f44000 ---p 0000c000 103:05 1061813                   /usr/lib/x86_64-linux-gnu/libpangocairo-1.0.so.0.4000.1
7fbfd0f44000-7fbfd0f45000 r--p 0000b000 103:05 1061813                   /usr/lib/x86_64-linux-gnu/libpangocairo-1.0.so.0.4000.1
7fbfd0f45000-7fbfd0f46000 rw-p 0000c000 103:05 1061813                   /usr/lib/x86_64-linux-gnu/libpangocairo-1.0.so.0.4000.1
7fbfd0f46000-7fbfd0f49000 r-xp 00000000 103:05 1061340                   /usr/lib/x86_64-linux-gnu/libgmodule-2.0.so.0.5000.0
7fbfd0f49000-7fbfd1148000 ---p 00003000 103:05 1061340                   /usr/lib/x86_64-linux-gnu/libgmodule-2.0.so.0.5000.0
7fbfd1148000-7fbfd1149000 r--p 00002000 103:05 1061340                   /usr/lib/x86_64-linux-gnu/libgmodule-2.0.so.0.5000.0
7fbfd1149000-7fbfd114a000 rw-p 00003000 103:05 1061340                   /usr/lib/x86_64-linux-gnu/libgmodule-2.0.so.0.5000.0
7fbfd114a000-7fbfd114f000 r-xp 00000000 103:05 1060843                   /usr/lib/x86_64-linux-gnu/libXtst.so.6.1.0
7fbfd114f000-7fbfd134e000 ---p 00005000 103:05 1060843                   /usr/lib/x86_64-linux-gnu/libXtst.so.6.1.0
7fbfd134e000-7fbfd134f000 r--p 00004000 103:05 1060843                   /usr/lib/x86_64-linux-gnu/libXtst.so.6.1.0
7fbfd134f000-7fbfd1350000 rw-p 00005000 103:05 1060843                   /usr/lib/x86_64-linux-gnu/libXtst.so.6.1.0
7fbfd1350000-7fbfd1460000 r-xp 00000000 103:05 136931                    /lib/x86_64-linux-gnu/libglib-2.0.so.0.5000.0
7fbfd1460000-7fbfd1660000 ---p 00110000 103:05 136931                    /lib/x86_64-linux-gnu/libglib-2.0.so.0.5000.0
7fbfd1660000-7fbfd1661000 r--p 00110000 103:05 136931                    /lib/x86_64-linux-gnu/libglib-2.0.so.0.5000.0
7fbfd1661000-7fbfd1662000 rw-p 00111000 103:05 136931                    /lib/x86_64-linux-gnu/libglib-2.0.so.0.5000.0
7fbfd1662000-7fbfd1663000 rw-p 00000000 00:00 0 
7fbfd1663000-7fbfd1664000 r-xp 00000000 103:05 1061437                   /usr/lib/x86_64-linux-gnu/libgthread-2.0.so.0.5000.0
7fbfd1664000-7fbfd1863000 ---p 00001000 103:05 1061437                   /usr/lib/x86_64-linux-gnu/libgthread-2.0.so.0.5000.0
7fbfd1863000-7fbfd1864000 r--p 00000000 103:05 1061437                   /usr/lib/x86_64-linux-gnu/libgthread-2.0.so.0.5000.0
7fbfd1864000-7fbfd1865000 rw-p 00001000 103:05 1061437                   /usr/lib/x86_64-linux-gnu/libgthread-2.0.so.0.5000.0
7fbfd1865000-7fbfd18b7000 r-xp 00000000 103:05 1061362                   /usr/lib/x86_64-linux-gnu/libgobject-2.0.so.0.5000.0
7fbfd18b7000-7fbfd1ab6000 ---p 00052000 103:05 1061362                   /usr/lib/x86_64-linux-gnu/libgobject-2.0.so.0.5000.0
7fbfd1ab6000-7fbfd1ab7000 r--p 00051000 103:05 1061362                   /usr/lib/x86_64-linux-gnu/libgobject-2.0.so.0.5000.0
7fbfd1ab7000-7fbfd1ab8000 rw-p 00052000 103:05 1061362                   /usr/lib/x86_64-linux-gnu/libgobject-2.0.so.0.5000.0
7fbfd1ab8000-7fbfd1c45000 r-xp 00000000 103:05 1061324                   /usr/lib/x86_64-linux-gnu/libgio-2.0.so.0.5000.0
7fbfd1c45000-7fbfd1e44000 ---p 0018d000 103:05 1061324                   /usr/lib/x86_64-linux-gnu/libgio-2.0.so.0.5000.0
7fbfd1e44000-7fbfd1e49000 r--p 0018c000 103:05 1061324                   /usr/lib/x86_64-linux-gnu/libgio-2.0.so.0.5000.0
7fbfd1e49000-7fbfd1e4c000 rw-p 00191000 103:05 1061324                   /usr/lib/x86_64-linux-gnu/libgio-2.0.so.0.5000.0
7fbfd1e4c000-7fbfd1e4d000 rw-p 00000000 00:00 0 
7fbfd1e4d000-7fbfd1e6e000 r-xp 00000000 103:05 1061294                   /usr/lib/x86_64-linux-gnu/libgdk_pixbuf-2.0.so.0.3400.0
7fbfd1e6e000-7fbfd206d000 ---p 00021000 103:05 1061294                   /usr/lib/x86_64-linux-gnu/libgdk_pixbuf-2.0.so.0.3400.0
7fbfd206d000-7fbfd206e000 r--p 00020000 103:05 1061294                   /usr/lib/x86_64-linux-gnu/libgdk_pixbuf-2.0.so.0.3400.0
7fbfd206e000-7fbfd206f000 rw-p 00021000 103:05 1061294                   /usr/lib/x86_64-linux-gnu/libgdk_pixbuf-2.0.so.0.3400.0
7fbfd206f000-7fbfd217d000 r-xp 00000000 103:05 1060970                   /usr/lib/x86_64-linux-gnu/libcairo.so.2.11400.6
7fbfd217d000-7fbfd237c000 ---p 0010e000 103:05 1060970                   /usr/lib/x86_64-linux-gnu/libcairo.so.2.11400.6
7fbfd237c000-7fbfd237f000 r--p 0010d000 103:05 1060970                   /usr/lib/x86_64-linux-gnu/libcairo.so.2.11400.6
7fbfd237f000-7fbfd2380000 rw-p 00110000 103:05 1060970                   /usr/lib/x86_64-linux-gnu/libcairo.so.2.11400.6
7fbfd2380000-7fbfd2382000 rw-p 00000000 00:00 0 
7fbfd2382000-7fbfd2432000 r-xp 00000000 103:05 1061292                   /usr/lib/x86_64-linux-gnu/libgdk-x11-2.0.so.0.2400.30
7fbfd2432000-7fbfd2631000 ---p 000b0000 103:05 1061292                   /usr/lib/x86_64-linux-gnu/libgdk-x11-2.0.so.0.2400.30
7fbfd2631000-7fbfd2635000 r--p 000af000 103:05 1061292                   /usr/lib/x86_64-linux-gnu/libgdk-x11-2.0.so.0.2400.30
7fbfd2635000-7fbfd2637000 rw-p 000b3000 103:05 1061292                   /usr/lib/x86_64-linux-gnu/libgdk-x11-2.0.so.0.2400.30
7fbfd2637000-7fbfd2a75000 r-xp 00000000 103:05 1061441                   /usr/lib/x86_64-linux-gnu/libgtk-x11-2.0.so.0.2400.30
7fbfd2a75000-7fbfd2c75000 ---p 0043e000 103:05 1061441                   /usr/lib/x86_64-linux-gnu/libgtk-x11-2.0.so.0.2400.30
7fbfd2c75000-7fbfd2c7c000 r--p 0043e000 103:05 1061441                   /usr/lib/x86_64-linux-gnu/libgtk-x11-2.0.so.0.2400.30
7fbfd2c7c000-7fbfd2c80000 rw-p 00445000 103:05 1061441                   /usr/lib/x86_64-linux-gnu/libgtk-x11-2.0.so.0.2400.30
7fbfd2c80000-7fbfd2c83000 rw-p 00000000 00:00 0 
7fbfd2c83000-7fbfd2cab000 r-xp 00000000 103:05 279195                    /usr/lib/jvm/java-8-openjdk-amd64/jre/lib/amd64/libglass.so
7fbfd2cab000-7fbfd2eab000 ---p 00028000 103:05 279195                    /usr/lib/jvm/java-8-openjdk-amd64/jre/lib/amd64/libglass.so
7fbfd2eab000-7fbfd2eac000 r--p 00028000 103:05 279195                    /usr/lib/jvm/java-8-openjdk-amd64/jre/lib/amd64/libglass.so
7fbfd2eac000-7fbfd2ead000 rw-p 00029000 103:05 279195                    /usr/lib/jvm/java-8-openjdk-amd64/jre/lib/amd64/libglass.so
7fbfd2ead000-7fbfd2ee4000 r-xp 00000000 103:05 1062093                   /usr/lib/x86_64-linux-gnu/libtxc_dxtn_s2tc.so.0.0.0
7fbfd2ee4000-7fbfd30e3000 ---p 00037000 103:05 1062093                   /usr/lib/x86_64-linux-gnu/libtxc_dxtn_s2tc.so.0.0.0
7fbfd30e3000-7fbfd30e4000 r--p 00036000 103:05 1062093                   /usr/lib/x86_64-linux-gnu/libtxc_dxtn_s2tc.so.0.0.0
7fbfd30e4000-7fbfd30e5000 rw-p 00037000 103:05 1062093                   /usr/lib/x86_64-linux-gnu/libtxc_dxtn_s2tc.so.0.0.0
7fbfd30e5000-7fbfd30ed000 r-xp 00000000 103:05 1061827                   /usr/lib/x86_64-linux-gnu/libpciaccess.so.0.11.1
7fbfd30ed000-7fbfd32ed000 ---p 00008000 103:05 1061827                   /usr/lib/x86_64-linux-gnu/libpciaccess.so.0.11.1
7fbfd32ed000-7fbfd32ee000 r--p 00008000 103:05 1061827                   /usr/lib/x86_64-linux-gnu/libpciaccess.so.0.11.1
7fbfd32ee000-7fbfd32ef000 rw-p 00009000 103:05 1061827                   /usr/lib/x86_64-linux-gnu/libpciaccess.so.0.11.1
7fbfd32ef000-7fbfd3301000 r-xp 00000000 103:05 136933                    /lib/x86_64-linux-gnu/libgpg-error.so.0.19.1
7fbfd3301000-7fbfd3501000 ---p 00012000 103:05 136933                    /lib/x86_64-linux-gnu/libgpg-error.so.0.19.1
7fbfd3501000-7fbfd3502000 r--p 00012000 103:05 136933                    /lib/x86_64-linux-gnu/libgpg-error.so.0.19.1
7fbfd3502000-7fbfd3503000 rw-p 00013000 103:05 136933                    /lib/x86_64-linux-gnu/libgpg-error.so.0.19.1
7fbfd3503000-7fbfd350e000 r-xp 00000000 103:05 1061129                   /usr/lib/x86_64-linux-gnu/libdrm_radeon.so.1.0.1
7fbfd350e000-7fbfd370d000 ---p 0000b000 103:05 1061129                   /usr/lib/x86_64-linux-gnu/libdrm_radeon.so.1.0.1
7fbfd370d000-7fbfd370e000 r--p 0000a000 103:05 1061129                   /usr/lib/x86_64-linux-gnu/libdrm_radeon.so.1.0.1
7fbfd370e000-7fbfd370f000 rw-p 0000b000 103:05 1061129                   /usr/lib/x86_64-linux-gnu/libdrm_radeon.so.1.0.1
7fbfd370f000-7fbfd3db2000 r-xp 00000000 103:05 8121                      /usr/lib/x86_64-linux-gnu/dri/i965_dri.so
7fbfd3db2000-7fbfd3fb1000 ---p 006a3000 103:05 8121                      /usr/lib/x86_64-linux-gnu/dri/i965_dri.so
7fbfd3fb1000-7fbfd3ff0000 r--p 006a2000 103:05 8121                      /usr/lib/x86_64-linux-gnu/dri/i965_dri.so
7fbfd3ff0000-7fbfd3ff8000 rw-p 006e1000 103:05 8121                      /usr/lib/x86_64-linux-gnu/dri/i965_dri.so
7fbfd3ff8000-7fbfd4000000 rw-p 00000000 00:00 0 
7fbfd4000000-7fbfd4083000 rw-p 00000000 00:00 0 
7fbfd4083000-7fbfd8000000 ---p 00000000 00:00 0 
7fbfd8000000-7fbfd827d000 rw-p 00000000 00:00 0 
7fbfd827d000-7fbfdc000000 ---p 00000000 00:00 0 
7fbfdc000000-7fbfdc021000 rw-p 00000000 00:00 0 
7fbfdc021000-7fbfe0000000 ---p 00000000 00:00 0 
7fbfe0000000-7fbfe0021000 rw-p 00000000 00:00 0 
7fbfe0021000-7fbfe4000000 ---p 00000000 00:00 0 
7fbfe4000000-7fbfe420b000 rw-p 00000000 00:00 0 
7fbfe420b000-7fbfe8000000 ---p 00000000 00:00 0 
7fbfe8000000-7fbfe8272000 rw-p 00000000 00:00 0 
7fbfe8272000-7fbfec000000 ---p 00000000 00:00 0 
7fbfec000000-7fbfec120000 rw-p 00000000 00:00 0 
7fbfec120000-7fbff0000000 ---p 00000000 00:00 0 
7fbff0000000-7fbff0140000 rw-p 00000000 00:00 0 
7fbff0140000-7fbff4000000 ---p 00000000 00:00 0 
7fbff4000000-7fbff4021000 rw-p 00000000 00:00 0 
7fbff4021000-7fbff8000000 ---p 00000000 00:00 0 
7fbff8000000-7fbff8021000 rw-p 00000000 00:00 0 
7fbff8021000-7fbffc000000 ---p 00000000 00:00 0 
7fbffc003000-7fbffc005000 rw-s 10544b000 00:06 415                       /dev/dri/card1
7fbffc005000-7fbffc010000 r--s 00000000 103:05 1076668                   /var/cache/fontconfig/945677eb7aeaf62f1d50efc3fb3ec7d8-le64.cache-6
7fbffc010000-7fbffc016000 r--s 00000000 103:05 1076649                   /var/cache/fontconfig/2cd17615ca594fa2959ae173292e504c-le64.cache-6
7fbffc016000-7fbffc017000 r--s 00000000 103:05 1076646                   /var/cache/fontconfig/0d8c3b2ac0904cb8a57a757ad11a4a08-le64.cache-6
7fbffc017000-7fbffc02c000 r--s 00000000 103:05 1076642                   /var/cache/fontconfig/04aabc0a78ac019cf9454389977116d2-le64.cache-6
7fbffc02c000-7fbffc02d000 r--s 00000000 103:05 1076648                   /var/cache/fontconfig/1ac9eb803944fde146138c791f5cc56a-le64.cache-6
7fbffc02d000-7fbffc031000 r--s 00000000 103:05 1076653                   /var/cache/fontconfig/385c0604a188198f04d133e54aba7fe7-le64.cache-6
7fbffc031000-7fbffc032000 r--s 00000000 103:05 1076681                   /var/cache/fontconfig/dc05db6664285cc2f12bf69c139ae4c3-le64.cache-6
7fbffc032000-7fbffc035000 r--s 00000000 103:05 1076664                   /var/cache/fontconfig/767a8244fc0220cfb567a839d0392e0b-le64.cache-6
7fbffc035000-7fbffc036000 r--s 00000000 103:05 1076655                   /var/cache/fontconfig/4794a0821666d79190d59a36cb4f44b5-le64.cache-6
7fbffc036000-7fbffc037000 r--s 00000000 103:05 1076644                   /var/cache/fontconfig/0bd3dc0958fa2205aaaa8ebb13e2872b-le64.cache-6
7fbffc037000-7fbffc03c000 r--s 00000000 103:05 1076667                   /var/cache/fontconfig/8801497958630a81b71ace7c5f9b32a8-le64.cache-6
7fbffc03c000-7fbffc03d000 r--s 00000000 103:05 1076674                   /var/cache/fontconfig/bab58bb527bb656aaa9f116d68a48d89-le64.cache-6
7fbffc03d000-7fbffc043000 r--s 00000000 103:05 1076650                   /var/cache/fontconfig/3047814df9a2f067bd2d96a2b9c36e5a-le64.cache-6
7fbffc043000-7fbffc049000 r--s 00000000 103:05 1076672                   /var/cache/fontconfig/b47c4e1ecd0709278f4910c18777a504-le64.cache-6
7fbffc049000-7fbffc05c000 r--s 00000000 103:05 1076678                   /var/cache/fontconfig/d52a8644073d54c13679302ca1180695-le64.cache-6
7fbffc05c000-7fbffc068000 r--s 00000000 103:05 1078096                   /var/cache/fontconfig/d589a48862398ed80a3d6066f4f56f4c-le64.cache-6
7fbffc068000-7fbffc073000 r--s 00000000 103:05 1076666                   /var/cache/fontconfig/83bf95040141907cd45bb53cf7c1c148-le64.cache-6
7fbffc073000-7fbffc0be000 r--p 00000000 103:05 526830                    /usr/share/glib-2.0/schemas/gschemas.compiled
7fbffc0be000-7fbffc140000 r-xp 00000000 103:05 137052                    /lib/x86_64-linux-gnu/libsystemd.so.0.16.0
7fbffc140000-7fbffc143000 r--p 00081000 103:05 137052                    /lib/x86_64-linux-gnu/libsystemd.so.0.16.0
7fbffc143000-7fbffc144000 rw-p 00084000 103:05 137052                    /lib/x86_64-linux-gnu/libsystemd.so.0.16.0
7fbffc144000-7fbffc145000 rw-p 00000000 00:00 0 
7fbffc145000-7fbffc14c000 r-xp 00000000 103:05 1061127                   /usr/lib/x86_64-linux-gnu/libdrm_nouveau.so.2.0.0
7fbffc14c000-7fbffc34b000 ---p 00007000 103:05 1061127                   /usr/lib/x86_64-linux-gnu/libdrm_nouveau.so.2.0.0
7fbffc34b000-7fbffc34c000 r--p 00006000 103:05 1061127                   /usr/lib/x86_64-linux-gnu/libdrm_nouveau.so.2.0.0
7fbffc34c000-7fbffc34d000 rw-p 00007000 103:05 1061127                   /usr/lib/x86_64-linux-gnu/libdrm_nouveau.so.2.0.0
7fbffc34d000-7fbffc36d000 r-xp 00000000 103:05 1061125                   /usr/lib/x86_64-linux-gnu/libdrm_intel.so.1.0.0
7fbffc36d000-7fbffc56c000 ---p 00020000 103:05 1061125                   /usr/lib/x86_64-linux-gnu/libdrm_intel.so.1.0.0
7fbffc56c000-7fbffc56d000 r--p 0001f000 103:05 1061125                   /usr/lib/x86_64-linux-gnu/libdrm_intel.so.1.0.0
7fbffc56d000-7fbffc56e000 rw-p 00020000 103:05 1061125                   /usr/lib/x86_64-linux-gnu/libdrm_intel.so.1.0.0
7fbffc56e000-7fbffc675000 r-xp 00000000 103:05 136929                    /lib/x86_64-linux-gnu/libgcrypt.so.20.1.2
7fbffc675000-7fbffc874000 ---p 00107000 103:05 136929                    /lib/x86_64-linux-gnu/libgcrypt.so.20.1.2
7fbffc874000-7fbffc876000 r--p 00106000 103:05 136929                    /lib/x86_64-linux-gnu/libgcrypt.so.20.1.2
7fbffc876000-7fbffc87d000 rw-p 00108000 103:05 136929                    /lib/x86_64-linux-gnu/libgcrypt.so.20.1.2
7fbffc87d000-7fbffc89b000 r-xp 00000000 103:05 136726                    /lib/x86_64-linux-gnu/libudev.so.1.6.5
7fbffc89b000-7fbffc89c000 ---p 0001e000 103:05 136726                    /lib/x86_64-linux-gnu/libudev.so.1.6.5
7fbffc89c000-7fbffc89d000 r--p 0001e000 103:05 136726                    /lib/x86_64-linux-gnu/libudev.so.1.6.5
7fbffc89d000-7fbffc89e000 rw-p 0001f000 103:05 136726                    /lib/x86_64-linux-gnu/libudev.so.1.6.5
7fbffc89e000-7fbffc8a3000 r-xp 00000000 103:05 1060815                   /usr/lib/x86_64-linux-gnu/libXdmcp.so.6.0.0
7fbffc8a3000-7fbffcaa2000 ---p 00005000 103:05 1060815                   /usr/lib/x86_64-linux-gnu/libXdmcp.so.6.0.0
7fbffcaa2000-7fbffcaa3000 r--p 00004000 103:05 1060815                   /usr/lib/x86_64-linux-gnu/libXdmcp.so.6.0.0
7fbffcaa3000-7fbffcaa4000 rw-p 00005000 103:05 1060815                   /usr/lib/x86_64-linux-gnu/libXdmcp.so.6.0.0
7fbffcaa4000-7fbffcaa6000 r-xp 00000000 103:05 1060804                   /usr/lib/x86_64-linux-gnu/libXau.so.6.0.0
7fbffcaa6000-7fbffcca6000 ---p 00002000 103:05 1060804                   /usr/lib/x86_64-linux-gnu/libXau.so.6.0.0
7fbffcca6000-7fbffcca7000 r--p 00002000 103:05 1060804                   /usr/lib/x86_64-linux-gnu/libXau.so.6.0.0
7fbffcca7000-7fbffcca8000 rw-p 00003000 103:05 1060804                   /usr/lib/x86_64-linux-gnu/libXau.so.6.0.0
7fbffcca8000-7fbffccb6000 r-xp 00000000 103:05 1061121                   /usr/lib/x86_64-linux-gnu/libdrm.so.2.4.0
7fbffccb6000-7fbffceb5000 ---p 0000e000 103:05 1061121                   /usr/lib/x86_64-linux-gnu/libdrm.so.2.4.0
7fbffceb5000-7fbffceb6000 r--p 0000d000 103:05 1061121                   /usr/lib/x86_64-linux-gnu/libdrm.so.2.4.0
7fbffceb6000-7fbffceb7000 rw-p 0000e000 103:05 1061121                   /usr/lib/x86_64-linux-gnu/libdrm.so.2.4.0
7fbffceb7000-7fbffcebc000 r-xp 00000000 103:05 1060853                   /usr/lib/x86_64-linux-gnu/libXxf86vm.so.1.0.0
7fbffcebc000-7fbffd0bb000 ---p 00005000 103:05 1060853                   /usr/lib/x86_64-linux-gnu/libXxf86vm.so.1.0.0
7fbffd0bb000-7fbffd0bc000 r--p 00004000 103:05 1060853                   /usr/lib/x86_64-linux-gnu/libXxf86vm.so.1.0.0
7fbffd0bc000-7fbffd0bd000 rw-p 00005000 103:05 1060853                   /usr/lib/x86_64-linux-gnu/libXxf86vm.so.1.0.0
7fbffd0bd000-7fbffd0c1000 r-xp 00000000 103:05 1062304                   /usr/lib/x86_64-linux-gnu/libxcb-dri2.so.0.0.0
7fbffd0c1000-7fbffd2c0000 ---p 00004000 103:05 1062304                   /usr/lib/x86_64-linux-gnu/libxcb-dri2.so.0.0.0
7fbffd2c0000-7fbffd2c1000 r--p 00003000 103:05 1062304                   /usr/lib/x86_64-linux-gnu/libxcb-dri2.so.0.0.0
7fbffd2c1000-7fbffd2c2000 rw-p 00004000 103:05 1062304                   /usr/lib/x86_64-linux-gnu/libxcb-dri2.so.0.0.0
7fbffd2c2000-7fbffd2d9000 r-xp 00000000 103:05 1062308                   /usr/lib/x86_64-linux-gnu/libxcb-glx.so.0.0.0
7fbffd2d9000-7fbffd4d8000 ---p 00017000 103:05 1062308                   /usr/lib/x86_64-linux-gnu/libxcb-glx.so.0.0.0
7fbffd4d8000-7fbffd4da000 r--p 00016000 103:05 1062308                   /usr/lib/x86_64-linux-gnu/libxcb-glx.so.0.0.0
7fbffd4da000-7fbffd4db000 rw-p 00018000 103:05 1062308                   /usr/lib/x86_64-linux-gnu/libxcb-glx.so.0.0.0
7fbffd4db000-7fbffd4dc000 r-xp 00000000 103:05 1060798                   /usr/lib/x86_64-linux-gnu/libX11-xcb.so.1.0.0
7fbffd4dc000-7fbffd6db000 ---p 00001000 103:05 1060798                   /usr/lib/x86_64-linux-gnu/libX11-xcb.so.1.0.0
7fbffd6db000-7fbffd6dc000 r--p 00000000 103:05 1060798                   /usr/lib/x86_64-linux-gnu/libX11-xcb.so.1.0.0
7fbffd6dc000-7fbffd6dd000 rw-p 00001000 103:05 1060798                   /usr/lib/x86_64-linux-gnu/libX11-xcb.so.1.0.0
7fbffd6dd000-7fbffd6e2000 r-xp 00000000 103:05 1060819                   /usr/lib/x86_64-linux-gnu/libXfixes.so.3.1.0
7fbffd6e2000-7fbffd8e1000 ---p 00005000 103:05 1060819                   /usr/lib/x86_64-linux-gnu/libXfixes.so.3.1.0
7fbffd8e1000-7fbffd8e2000 r--p 00004000 103:05 1060819                   /usr/lib/x86_64-linux-gnu/libXfixes.so.3.1.0
7fbffd8e2000-7fbffd8e3000 rw-p 00005000 103:05 1060819                   /usr/lib/x86_64-linux-gnu/libXfixes.so.3.1.0
7fbffd8e3000-7fbffd8e5000 r-xp 00000000 103:05 1060813                   /usr/lib/x86_64-linux-gnu/libXdamage.so.1.1.0
7fbffd8e5000-7fbffdae4000 ---p 00002000 103:05 1060813                   /usr/lib/x86_64-linux-gnu/libXdamage.so.1.1.0
7fbffdae4000-7fbffdae5000 r--p 00001000 103:05 1060813                   /usr/lib/x86_64-linux-gnu/libXdamage.so.1.1.0
7fbffdae5000-7fbffdae6000 rw-p 00002000 103:05 1060813                   /usr/lib/x86_64-linux-gnu/libXdamage.so.1.1.0
7fbffdae6000-7fbffdaf7000 r-xp 00000000 103:05 1060817                   /usr/lib/x86_64-linux-gnu/libXext.so.6.4.0
7fbffdaf7000-7fbffdcf6000 ---p 00011000 103:05 1060817                   /usr/lib/x86_64-linux-gnu/libXext.so.6.4.0
7fbffdcf6000-7fbffdcf7000 r--p 00010000 103:05 1060817                   /usr/lib/x86_64-linux-gnu/libXext.so.6.4.0
7fbffdcf7000-7fbffdcf8000 rw-p 00011000 103:05 1060817                   /usr/lib/x86_64-linux-gnu/libXext.so.6.4.0
7fbffdcf8000-7fbffdd21000 r-xp 00000000 103:05 1052288                   /usr/lib/x86_64-linux-gnu/libglapi.so.0.0.0
7fbffdd21000-7fbffdf20000 ---p 00029000 103:05 1052288                   /usr/lib/x86_64-linux-gnu/libglapi.so.0.0.0
7fbffdf20000-7fbffdf24000 r--p 00028000 103:05 1052288                   /usr/lib/x86_64-linux-gnu/libglapi.so.0.0.0
7fbffdf24000-7fbffdf25000 rw-p 0002c000 103:05 1052288                   /usr/lib/x86_64-linux-gnu/libglapi.so.0.0.0
7fbffdf25000-7fbffdf26000 rw-p 00000000 00:00 0 
7fbffdf26000-7fbffdf27000 r-xp 00000000 103:05 1062350                   /usr/lib/x86_64-linux-gnu/libxshmfence.so.1.0.0
7fbffdf27000-7fbffe127000 ---p 00001000 103:05 1062350                   /usr/lib/x86_64-linux-gnu/libxshmfence.so.1.0.0
7fbffe127000-7fbffe128000 r--p 00001000 103:05 1062350                   /usr/lib/x86_64-linux-gnu/libxshmfence.so.1.0.0
7fbffe128000-7fbffe129000 rw-p 00002000 103:05 1062350                   /usr/lib/x86_64-linux-gnu/libxshmfence.so.1.0.0
7fbffe129000-7fbffe12e000 r-xp 00000000 103:05 1062328                   /usr/lib/x86_64-linux-gnu/libxcb-sync.so.1.0.0
7fbffe12e000-7fbffe32e000 ---p 00005000 103:05 1062328                   /usr/lib/x86_64-linux-gnu/libxcb-sync.so.1.0.0
7fbffe32e000-7fbffe32f000 r--p 00005000 103:05 1062328                   /usr/lib/x86_64-linux-gnu/libxcb-sync.so.1.0.0
7fbffe32f000-7fbffe330000 rw-p 00006000 103:05 1062328                   /usr/lib/x86_64-linux-gnu/libxcb-sync.so.1.0.0
7fbffe330000-7fbffe332000 r-xp 00000000 103:05 1062316                   /usr/lib/x86_64-linux-gnu/libxcb-present.so.0.0.0
7fbffe332000-7fbffe531000 ---p 00002000 103:05 1062316                   /usr/lib/x86_64-linux-gnu/libxcb-present.so.0.0.0
7fbffe531000-7fbffe532000 r--p 00001000 103:05 1062316                   /usr/lib/x86_64-linux-gnu/libxcb-present.so.0.0.0
7fbffe532000-7fbffe533000 rw-p 00002000 103:05 1062316                   /usr/lib/x86_64-linux-gnu/libxcb-present.so.0.0.0
7fbffe533000-7fbffe535000 r-xp 00000000 103:05 1062306                   /usr/lib/x86_64-linux-gnu/libxcb-dri3.so.0.0.0
7fbffe535000-7fbffe734000 ---p 00002000 103:05 1062306                   /usr/lib/x86_64-linux-gnu/libxcb-dri3.so.0.0.0
7fbffe734000-7fbffe735000 r--p 00001000 103:05 1062306                   /usr/lib/x86_64-linux-gnu/libxcb-dri3.so.0.0.0
7fbffe735000-7fbffe736000 rw-p 00002000 103:05 1062306                   /usr/lib/x86_64-linux-gnu/libxcb-dri3.so.0.0.0
7fbffe736000-7fbffe75d000 r-xp 00000000 103:05 136920                    /lib/x86_64-linux-gnu/libexpat.so.1.6.2
7fbffe75d000-7fbffe95d000 ---p 00027000 103:05 136920                    /lib/x86_64-linux-gnu/libexpat.so.1.6.2
7fbffe95d000-7fbffe95f000 r--p 00027000 103:05 136920                    /lib/x86_64-linux-gnu/libexpat.so.1.6.2
7fbffe95f000-7fbffe960000 rw-p 00029000 103:05 136920                    /lib/x86_64-linux-gnu/libexpat.so.1.6.2
7fbffe960000-7fbffe981000 r-xp 00000000 103:05 1062338                   /usr/lib/x86_64-linux-gnu/libxcb.so.1.1.0
7fbffe981000-7fbffeb80000 ---p 00021000 103:05 1062338                   /usr/lib/x86_64-linux-gnu/libxcb.so.1.1.0
7fbffeb80000-7fbffeb81000 r--p 00020000 103:05 1062338                   /usr/lib/x86_64-linux-gnu/libxcb.so.1.1.0
7fbffeb81000-7fbffeb82000 rw-p 00021000 103:05 1062338                   /usr/lib/x86_64-linux-gnu/libxcb.so.1.1.0
7fbffeb82000-7fbffebf2000 r-xp 00000000 103:05 137678                    /usr/lib/x86_64-linux-gnu/mesa/libGL.so.1.2.0
7fbffebf2000-7fbffedf1000 ---p 00070000 103:05 137678                    /usr/lib/x86_64-linux-gnu/mesa/libGL.so.1.2.0
7fbffedf1000-7fbffedf4000 r--p 0006f000 103:05 137678                    /usr/lib/x86_64-linux-gnu/mesa/libGL.so.1.2.0
7fbffedf4000-7fbffedf5000 rw-p 00072000 103:05 137678                    /usr/lib/x86_64-linux-gnu/mesa/libGL.so.1.2.0
7fbffedf5000-7fbffedf6000 rw-p 00000000 00:00 0 
7fbffedf6000-7fbffef2b000 r-xp 00000000 103:05 1060800                   /usr/lib/x86_64-linux-gnu/libX11.so.6.3.0
7fbffef2b000-7fbfff12a000 ---p 00135000 103:05 1060800                   /usr/lib/x86_64-linux-gnu/libX11.so.6.3.0
7fbfff12a000-7fbfff12b000 r--p 00134000 103:05 1060800                   /usr/lib/x86_64-linux-gnu/libX11.so.6.3.0
7fbfff12b000-7fbfff12f000 rw-p 00135000 103:05 1060800                   /usr/lib/x86_64-linux-gnu/libX11.so.6.3.0
7fbfff12f000-7fbfff13b000 r-xp 00000000 103:05 279204                    /usr/lib/jvm/java-8-openjdk-amd64/jre/lib/amd64/libprism_es2.so
7fbfff13b000-7fbfff33a000 ---p 0000c000 103:05 279204                    /usr/lib/jvm/java-8-openjdk-amd64/jre/lib/amd64/libprism_es2.so
7fbfff33a000-7fbfff33b000 r--p 0000b000 103:05 279204                    /usr/lib/jvm/java-8-openjdk-amd64/jre/lib/amd64/libprism_es2.so
7fbfff33b000-7fbfff33c000 rw-p 0000c000 103:05 279204                    /usr/lib/jvm/java-8-openjdk-amd64/jre/lib/amd64/libprism_es2.so
7fbfff33c000-7fbfff33f000 ---p 00000000 00:00 0 
7fbfff33f000-7fbfff43d000 rw-p 00000000 00:00 0 
7fbfff43d000-7fbfff440000 ---p 00000000 00:00 0 
7fbfff440000-7fbfff53e000 rw-p 00000000 00:00 0 
7fbfff53e000-7fbfff541000 ---p 00000000 00:00 0 
7fbfff541000-7fbfff63f000 rw-p 00000000 00:00 0 
7fbfff63f000-7fc000000000 r--p 00000000 103:05 1058289                   /usr/lib/locale/locale-archive
7fc000000000-7fc000021000 rw-p 00000000 00:00 0 
7fc000021000-7fc004000000 ---p 00000000 00:00 0 
7fc004000000-7fc004021000 rw-p 00000000 00:00 0 
7fc004021000-7fc008000000 ---p 00000000 00:00 0 
7fc008000000-7fc008021000 rw-p 00000000 00:00 0 
7fc008021000-7fc00c000000 ---p 00000000 00:00 0 
7fc00c000000-7fc00c001000 r--s 00000000 103:05 1076658                   /var/cache/fontconfig/56cf4f4769d0f4abc89a4895d7bd3ae1-le64.cache-6
7fc00c001000-7fc00c002000 r--s 00000000 103:05 1076673                   /var/cache/fontconfig/b9d506c9ac06c20b433354fa67a72993-le64.cache-6
7fc00c002000-7fc00c003000 r--s 00000000 103:05 1076657                   /var/cache/fontconfig/551ecf3b0e8b0bca0f25c0944f561853-le64.cache-6
7fc00c003000-7fc00c004000 r--s 00000000 103:05 1076654                   /var/cache/fontconfig/3f7329c5293ffd510edef78f73874cfd-le64.cache-6
7fc00c004000-7fc00c007000 r--s 00000000 103:05 1076663                   /var/cache/fontconfig/75114ca45c98e8a441da0ff356701271-le64.cache-6
7fc00c007000-7fc00c019000 r--s 00000000 103:05 1076670                   /var/cache/fontconfig/9b89f8e3dae116d678bbf48e5f21f69b-le64.cache-6
7fc00c019000-7fc00c01c000 r--s 00000000 103:05 1076682                   /var/cache/fontconfig/e13b20fdb08344e0e664864cc2ede53d-le64.cache-6
7fc00c01c000-7fc00c024000 rw-s 00000000 00:05 269139                     /drm mm object (deleted)
7fc00c024000-7fc00c02c000 rw-s 00000000 00:05 269127                     /drm mm object (deleted)
7fc00c02c000-7fc00c047000 r--s 001d6000 103:05 279350                    /usr/lib/jvm/java-8-openjdk-amd64/jre/lib/ext/nashorn.jar
7fc00c047000-7fc00c0dd000 r--s 008d6000 103:05 279517                    /usr/share/java/openjfx/jre/lib/ext/jfxrt.jar
7fc00c0dd000-7fc00c0de000 ---p 00000000 00:00 0 
7fc00c0de000-7fc00c1de000 rw-p 00000000 00:00 0 
7fc00c1de000-7fc00c1e1000 ---p 00000000 00:00 0 
7fc00c1e1000-7fc00c2df000 rw-p 00000000 00:00 0 
7fc00c2df000-7fc00c2e2000 ---p 00000000 00:00 0 
7fc00c2e2000-7fc014000000 rw-p 00000000 00:00 0 
7fc014000000-7fc014021000 rw-p 00000000 00:00 0 
7fc014021000-7fc018000000 ---p 00000000 00:00 0 
7fc018000000-7fc018021000 rw-p 00000000 00:00 0 
7fc018021000-7fc01c000000 ---p 00000000 00:00 0 
7fc01c000000-7fc01c021000 rw-p 00000000 00:00 0 
7fc01c021000-7fc020000000 ---p 00000000 00:00 0 
7fc020000000-7fc020021000 rw-p 00000000 00:00 0 
7fc020021000-7fc024000000 ---p 00000000 00:00 0 
7fc024000000-7fc024021000 rw-p 00000000 00:00 0 
7fc024021000-7fc028000000 ---p 00000000 00:00 0 
7fc028000000-7fc028021000 rw-p 00000000 00:00 0 
7fc028021000-7fc02c000000 ---p 00000000 00:00 0 
7fc02c000000-7fc02c021000 rw-p 00000000 00:00 0 
7fc02c021000-7fc030000000 ---p 00000000 00:00 0 
7fc030000000-7fc030004000 r--s 00000000 103:05 1048703                   /var/cache/fontconfig/7ef2298fde41cc6eeb7af42e48b7d293-le64.cache-6
7fc030004000-7fc030009000 r--p 00000000 103:05 797336                    /home/justin/.config/dconf/user
7fc030009000-7fc030011000 rw-s 00000000 00:05 278890                     /drm mm object (deleted)
7fc030011000-7fc030018000 r--s 00000000 103:05 154219                    /usr/lib/x86_64-linux-gnu/gconv/gconv-modules.cache
7fc030018000-7fc03001b000 ---p 00000000 00:00 0 
7fc03001b000-7fc030119000 rw-p 00000000 00:00 0 
7fc030119000-7fc03011c000 ---p 00000000 00:00 0 
7fc03011c000-7fc03021a000 rw-p 00000000 00:00 0 
7fc03021a000-7fc03021d000 ---p 00000000 00:00 0 
7fc03021d000-7fc03031b000 rw-p 00000000 00:00 0 
7fc03031b000-7fc03031e000 ---p 00000000 00:00 0 
7fc03031e000-7fc03041c000 rw-p 00000000 00:00 0 
7fc03041c000-7fc03041f000 ---p 00000000 00:00 0 
7fc03041f000-7fc03051d000 rw-p 00000000 00:00 0 
7fc03051d000-7fc030520000 ---p 00000000 00:00 0 
7fc030520000-7fc03061e000 rw-p 00000000 00:00 0 
7fc03061e000-7fc03061f000 ---p 00000000 00:00 0 
7fc03061f000-7fc0323b0000 rw-p 00000000 00:00 0 
7fc0323b0000-7fc03257e000 r--s 03c06000 103:05 279374                    /usr/lib/jvm/java-8-openjdk-amd64/jre/lib/rt.jar
7fc03257e000-7fc033540000 rw-p 00000000 00:00 0 
7fc033540000-7fc033541000 ---p 00000000 00:00 0 
7fc033541000-7fc033641000 rw-p 00000000 00:00 0 
7fc033641000-7fc033642000 ---p 00000000 00:00 0 
7fc033642000-7fc033742000 rw-p 00000000 00:00 0 
7fc033742000-7fc033743000 ---p 00000000 00:00 0 
7fc033743000-7fc033843000 rw-p 00000000 00:00 0 
7fc033843000-7fc033844000 ---p 00000000 00:00 0 
7fc033844000-7fc033944000 rw-p 00000000 00:00 0 
7fc033944000-7fc033945000 ---p 00000000 00:00 0 
7fc033945000-7fc033a45000 rw-p 00000000 00:00 0 
7fc033a45000-7fc033a46000 ---p 00000000 00:00 0 
7fc033a46000-7fc033b46000 rw-p 00000000 00:00 0 
7fc033b46000-7fc033b47000 ---p 00000000 00:00 0 
7fc033b47000-7fc033c47000 rw-p 00000000 00:00 0 
7fc033c47000-7fc033c48000 ---p 00000000 00:00 0 
7fc033c48000-7fc033d9c000 rw-p 00000000 00:00 0 
7fc033d9c000-7fc034274000 ---p 00000000 00:00 0 
7fc034274000-7fc0342c8000 rw-p 00000000 00:00 0 
7fc0342c8000-7fc0347a0000 ---p 00000000 00:00 0 
7fc0347a0000-7fc0347ca000 rw-p 00000000 00:00 0 
7fc0347ca000-7fc034a36000 ---p 00000000 00:00 0 
7fc034a36000-7fc034a48000 rw-p 00000000 00:00 0 
7fc034a48000-7fc034df7000 ---p 00000000 00:00 0 
7fc034df7000-7fc035237000 rwxp 00000000 00:00 0 
7fc035237000-7fc043df7000 ---p 00000000 00:00 0 
7fc043df7000-7fc043dff000 r-xp 00000000 103:05 279331                    /usr/lib/jvm/java-8-openjdk-amd64/jre/lib/amd64/libzip.so
7fc043dff000-7fc043ffe000 ---p 00008000 103:05 279331                    /usr/lib/jvm/java-8-openjdk-amd64/jre/lib/amd64/libzip.so
7fc043ffe000-7fc043fff000 r--p 00007000 103:05 279331                    /usr/lib/jvm/java-8-openjdk-amd64/jre/lib/amd64/libzip.so
7fc043fff000-7fc044000000 rw-p 00008000 103:05 279331                    /usr/lib/jvm/java-8-openjdk-amd64/jre/lib/amd64/libzip.so
7fc044000000-7fc0441f6000 rw-p 00000000 00:00 0 
7fc0441f6000-7fc048000000 ---p 00000000 00:00 0 
7fc048000000-7fc048001000 r--s 00000000 103:05 1076651                   /var/cache/fontconfig/30829fa25452a46451e813d634d7f916-le64.cache-6
7fc048001000-7fc048002000 r--s 00000000 103:05 1076645                   /var/cache/fontconfig/0c9eb80ebd1c36541ebe2852d3bb0c49-le64.cache-6
7fc048003000-7fc048004000 rw-s 105fef000 00:06 415                       /dev/dri/card1
7fc048004000-7fc048005000 r--s 00000000 00:2d 56                         /run/user/1000/dconf/user
7fc048005000-7fc048020000 r--s 00394000 103:05 279345                    /usr/lib/jvm/java-8-openjdk-amd64/jre/lib/ext/cldrdata.jar
7fc048020000-7fc048096000 rw-p 00000000 00:00 0 
7fc048096000-7fc0480a1000 r-xp 00000000 103:05 149387                    /lib/x86_64-linux-gnu/libnss_files-2.24.so
7fc0480a1000-7fc0482a0000 ---p 0000b000 103:05 149387                    /lib/x86_64-linux-gnu/libnss_files-2.24.so
7fc0482a0000-7fc0482a1000 r--p 0000a000 103:05 149387                    /lib/x86_64-linux-gnu/libnss_files-2.24.so
7fc0482a1000-7fc0482a2000 rw-p 0000b000 103:05 149387                    /lib/x86_64-linux-gnu/libnss_files-2.24.so
7fc0482a2000-7fc0482a8000 rw-p 00000000 00:00 0 
7fc0482a8000-7fc0482b3000 r-xp 00000000 103:05 149392                    /lib/x86_64-linux-gnu/libnss_nis-2.24.so
7fc0482b3000-7fc0484b2000 ---p 0000b000 103:05 149392                    /lib/x86_64-linux-gnu/libnss_nis-2.24.so
7fc0484b2000-7fc0484b3000 r--p 0000a000 103:05 149392                    /lib/x86_64-linux-gnu/libnss_nis-2.24.so
7fc0484b3000-7fc0484b4000 rw-p 0000b000 103:05 149392                    /lib/x86_64-linux-gnu/libnss_nis-2.24.so
7fc0484b4000-7fc0484ca000 r-xp 00000000 103:05 149279                    /lib/x86_64-linux-gnu/libnsl-2.24.so
7fc0484ca000-7fc0486c9000 ---p 00016000 103:05 149279                    /lib/x86_64-linux-gnu/libnsl-2.24.so
7fc0486c9000-7fc0486ca000 r--p 00015000 103:05 149279                    /lib/x86_64-linux-gnu/libnsl-2.24.so
7fc0486ca000-7fc0486cb000 rw-p 00016000 103:05 149279                    /lib/x86_64-linux-gnu/libnsl-2.24.so
7fc0486cb000-7fc0486cd000 rw-p 00000000 00:00 0 
7fc0486cd000-7fc0486d5000 r-xp 00000000 103:05 149380                    /lib/x86_64-linux-gnu/libnss_compat-2.24.so
7fc0486d5000-7fc0488d4000 ---p 00008000 103:05 149380                    /lib/x86_64-linux-gnu/libnss_compat-2.24.so
7fc0488d4000-7fc0488d5000 r--p 00007000 103:05 149380                    /lib/x86_64-linux-gnu/libnss_compat-2.24.so
7fc0488d5000-7fc0488d6000 rw-p 00008000 103:05 149380                    /lib/x86_64-linux-gnu/libnss_compat-2.24.so
7fc0488d6000-7fc048903000 r-xp 00000000 103:05 279312                    /usr/lib/jvm/java-8-openjdk-amd64/jre/lib/amd64/libjava.so
7fc048903000-7fc048b02000 ---p 0002d000 103:05 279312                    /usr/lib/jvm/java-8-openjdk-amd64/jre/lib/amd64/libjava.so
7fc048b02000-7fc048b03000 r--p 0002c000 103:05 279312                    /usr/lib/jvm/java-8-openjdk-amd64/jre/lib/amd64/libjava.so
7fc048b03000-7fc048b05000 rw-p 0002d000 103:05 279312                    /usr/lib/jvm/java-8-openjdk-amd64/jre/lib/amd64/libjava.so
7fc048b05000-7fc048b14000 r-xp 00000000 103:05 279330                    /usr/lib/jvm/java-8-openjdk-amd64/jre/lib/amd64/libverify.so
7fc048b14000-7fc048d13000 ---p 0000f000 103:05 279330                    /usr/lib/jvm/java-8-openjdk-amd64/jre/lib/amd64/libverify.so
7fc048d13000-7fc048d15000 r--p 0000e000 103:05 279330                    /usr/lib/jvm/java-8-openjdk-amd64/jre/lib/amd64/libverify.so
7fc048d15000-7fc048d16000 rw-p 00010000 103:05 279330                    /usr/lib/jvm/java-8-openjdk-amd64/jre/lib/amd64/libverify.so
7fc048d16000-7fc048d1d000 r-xp 00000000 103:05 149411                    /lib/x86_64-linux-gnu/librt-2.24.so
7fc048d1d000-7fc048f1c000 ---p 00007000 103:05 149411                    /lib/x86_64-linux-gnu/librt-2.24.so
7fc048f1c000-7fc048f1d000 r--p 00006000 103:05 149411                    /lib/x86_64-linux-gnu/librt-2.24.so
7fc048f1d000-7fc048f1e000 rw-p 00007000 103:05 149411                    /lib/x86_64-linux-gnu/librt-2.24.so
7fc048f1e000-7fc048f34000 r-xp 00000000 103:05 136927                    /lib/x86_64-linux-gnu/libgcc_s.so.1
7fc048f34000-7fc049133000 ---p 00016000 103:05 136927                    /lib/x86_64-linux-gnu/libgcc_s.so.1
7fc049133000-7fc049134000 r--p 00015000 103:05 136927                    /lib/x86_64-linux-gnu/libgcc_s.so.1
7fc049134000-7fc049135000 rw-p 00016000 103:05 136927                    /lib/x86_64-linux-gnu/libgcc_s.so.1
7fc049135000-7fc04923d000 r-xp 00000000 103:05 148713                    /lib/x86_64-linux-gnu/libm-2.24.so
7fc04923d000-7fc04943c000 ---p 00108000 103:05 148713                    /lib/x86_64-linux-gnu/libm-2.24.so
7fc04943c000-7fc04943d000 r--p 00107000 103:05 148713                    /lib/x86_64-linux-gnu/libm-2.24.so
7fc04943d000-7fc04943e000 rw-p 00108000 103:05 148713                    /lib/x86_64-linux-gnu/libm-2.24.so
7fc04943e000-7fc0495b6000 r-xp 00000000 103:05 1062032                   /usr/lib/x86_64-linux-gnu/libstdc++.so.6.0.22
7fc0495b6000-7fc0497b6000 ---p 00178000 103:05 1062032                   /usr/lib/x86_64-linux-gnu/libstdc++.so.6.0.22
7fc0497b6000-7fc0497c0000 r--p 00178000 103:05 1062032                   /usr/lib/x86_64-linux-gnu/libstdc++.so.6.0.22
7fc0497c0000-7fc0497c2000 rw-p 00182000 103:05 1062032                   /usr/lib/x86_64-linux-gnu/libstdc++.so.6.0.22
7fc0497c2000-7fc0497c6000 rw-p 00000000 00:00 0 
7fc0497c6000-7fc04a41b000 r-xp 00000000 103:05 279334                    /usr/lib/jvm/java-8-openjdk-amd64/jre/lib/amd64/server/libjvm.so
7fc04a41b000-7fc04a61b000 ---p 00c55000 103:05 279334                    /usr/lib/jvm/java-8-openjdk-amd64/jre/lib/amd64/server/libjvm.so
7fc04a61b000-7fc04a6ae000 r--p 00c55000 103:05 279334                    /usr/lib/jvm/java-8-openjdk-amd64/jre/lib/amd64/server/libjvm.so
7fc04a6ae000-7fc04a6d7000 rw-p 00ce8000 103:05 279334                    /usr/lib/jvm/java-8-openjdk-amd64/jre/lib/amd64/server/libjvm.so
7fc04a6d7000-7fc04a707000 rw-p 00000000 00:00 0 
7fc04a707000-7fc04a71f000 r-xp 00000000 103:05 149403                    /lib/x86_64-linux-gnu/libpthread-2.24.so
7fc04a71f000-7fc04a91f000 ---p 00018000 103:05 149403                    /lib/x86_64-linux-gnu/libpthread-2.24.so
7fc04a91f000-7fc04a920000 r--p 00018000 103:05 149403                    /lib/x86_64-linux-gnu/libpthread-2.24.so
7fc04a920000-7fc04a921000 rw-p 00019000 103:05 149403                    /lib/x86_64-linux-gnu/libpthread-2.24.so
7fc04a921000-7fc04a925000 rw-p 00000000 00:00 0 
7fc04a925000-7fc04a928000 r-xp 00000000 103:05 148709                    /lib/x86_64-linux-gnu/libdl-2.24.so
7fc04a928000-7fc04ab27000 ---p 00003000 103:05 148709                    /lib/x86_64-linux-gnu/libdl-2.24.so
7fc04ab27000-7fc04ab28000 r--p 00002000 103:05 148709                    /lib/x86_64-linux-gnu/libdl-2.24.so
7fc04ab28000-7fc04ab29000 rw-p 00003000 103:05 148709                    /lib/x86_64-linux-gnu/libdl-2.24.so
7fc04ab29000-7fc04ab42000 r-xp 00000000 103:05 137071                    /lib/x86_64-linux-gnu/libz.so.1.2.8
7fc04ab42000-7fc04ad41000 ---p 00019000 103:05 137071                    /lib/x86_64-linux-gnu/libz.so.1.2.8
7fc04ad41000-7fc04ad42000 r--p 00018000 103:05 137071                    /lib/x86_64-linux-gnu/libz.so.1.2.8
7fc04ad42000-7fc04ad43000 rw-p 00019000 103:05 137071                    /lib/x86_64-linux-gnu/libz.so.1.2.8
7fc04ad43000-7fc04af00000 r-xp 00000000 103:05 148700                    /lib/x86_64-linux-gnu/libc-2.24.so
7fc04af00000-7fc04b100000 ---p 001bd000 103:05 148700                    /lib/x86_64-linux-gnu/libc-2.24.so
7fc04b100000-7fc04b104000 r--p 001bd000 103:05 148700                    /lib/x86_64-linux-gnu/libc-2.24.so
7fc04b104000-7fc04b106000 rw-p 001c1000 103:05 148700                    /lib/x86_64-linux-gnu/libc-2.24.so
7fc04b106000-7fc04b10a000 rw-p 00000000 00:00 0 
7fc04b10a000-7fc04b117000 r-xp 00000000 103:05 279298                    /usr/lib/jvm/java-8-openjdk-amd64/jre/lib/amd64/jli/libjli.so
7fc04b117000-7fc04b317000 ---p 0000d000 103:05 279298                    /usr/lib/jvm/java-8-openjdk-amd64/jre/lib/amd64/jli/libjli.so
7fc04b317000-7fc04b318000 r--p 0000d000 103:05 279298                    /usr/lib/jvm/java-8-openjdk-amd64/jre/lib/amd64/jli/libjli.so
7fc04b318000-7fc04b319000 rw-p 0000e000 103:05 279298                    /usr/lib/jvm/java-8-openjdk-amd64/jre/lib/amd64/jli/libjli.so
7fc04b319000-7fc04b33e000 r-xp 00000000 103:05 148690                    /lib/x86_64-linux-gnu/ld-2.24.so
7fc04b33e000-7fc04b348000 r--s 00116000 103:05 279349                    /usr/lib/jvm/java-8-openjdk-amd64/jre/lib/ext/localedata.jar
7fc04b348000-7fc04b419000 rw-p 00000000 00:00 0 
7fc04b419000-7fc04b41c000 ---p 00000000 00:00 0 
7fc04b41c000-7fc04b51e000 rw-p 00000000 00:00 0 
7fc04b51e000-7fc04b520000 r--s 00008000 103:05 279351                    /usr/lib/jvm/java-8-openjdk-amd64/jre/lib/ext/sunec.jar
7fc04b520000-7fc04b521000 r--s 0000a000 103:05 279348                    /usr/lib/jvm/java-8-openjdk-amd64/jre/lib/ext/jaccess.jar
7fc04b521000-7fc04b522000 r--s 00010000 103:05 279354                    /usr/lib/jvm/java-8-openjdk-amd64/jre/lib/ext/zipfs.jar
7fc04b522000-7fc04b527000 r--s 0003b000 103:05 279352                    /usr/lib/jvm/java-8-openjdk-amd64/jre/lib/ext/sunjce_provider.jar
7fc04b527000-7fc04b52b000 r--s 00037000 103:05 279353                    /usr/lib/jvm/java-8-openjdk-amd64/jre/lib/ext/sunpkcs11.jar
7fc04b52b000-7fc04b52e000 r--s 0000f000 103:05 279347                    /usr/lib/jvm/java-8-openjdk-amd64/jre/lib/ext/icedtea-sound.jar
7fc04b52e000-7fc04b530000 r--s 00001000 103:05 279346                    /usr/lib/jvm/java-8-openjdk-amd64/jre/lib/ext/dnsns.jar
7fc04b530000-7fc04b538000 rw-s 00000000 103:05 12598                     /tmp/hsperfdata_justin/10965
7fc04b538000-7fc04b539000 rw-p 00000000 00:00 0 
7fc04b539000-7fc04b53a000 r--p 00000000 00:00 0 
7fc04b53a000-7fc04b53d000 rw-p 00000000 00:00 0 
7fc04b53d000-7fc04b53e000 r--p 00024000 103:05 148690                    /lib/x86_64-linux-gnu/ld-2.24.so
7fc04b53e000-7fc04b53f000 rw-p 00025000 103:05 148690                    /lib/x86_64-linux-gnu/ld-2.24.so
7fc04b53f000-7fc04b540000 rw-p 00000000 00:00 0 
7ffe308ca000-7ffe308eb000 rw-p 00000000 00:00 0                          [stack]
7ffe3093e000-7ffe30940000 r--p 00000000 00:00 0                          [vvar]
7ffe30940000-7ffe30942000 r-xp 00000000 00:00 0                          [vdso]
ffffffffff600000-ffffffffff601000 r-xp 00000000 00:00 0                  [vsyscall]

VM Arguments:
jvm_args: -Dfile.encoding=UTF-8 
java_command: application.Main
java_class_path (initial): /home/justin/git/IntegrationProject/IntegrationProject/bin:/home/justin/.p2/pool/plugins/org.junit_4.12.0.v201504281640/junit.jar:/home/justin/.p2/pool/plugins/org.hamcrest.core_1.3.0.v201303031735.jar:/home/justin/git/IntegrationProject/IntegrationProject/commons-codec-1.10.jar
Launcher Type: SUN_STANDARD

Environment Variables:
PATH=/home/justin/bin:/home/justin/.local/bin:/usr/local/sbin:/usr/local/bin:/usr/sbin:/usr/bin:/sbin:/bin:/usr/games:/usr/local/games:/snap/bin
SHELL=/bin/bash
DISPLAY=:0

Signal Handlers:
SIGSEGV: [libjvm.so+0xa6c900], sa_mask[0]=11111111011111111101111111111110, sa_flags=SA_RESTART|SA_SIGINFO
SIGBUS: [libjvm.so+0xa6c900], sa_mask[0]=11111111011111111101111111111110, sa_flags=SA_RESTART|SA_SIGINFO
SIGFPE: [libjvm.so+0x8b6400], sa_mask[0]=11111111011111111101111111111110, sa_flags=SA_RESTART|SA_SIGINFO
SIGPIPE: SIG_IGN, sa_mask[0]=00000000000010000000000000000000, sa_flags=SA_RESTART
SIGXFSZ: [libjvm.so+0x8b6400], sa_mask[0]=11111111011111111101111111111110, sa_flags=SA_RESTART|SA_SIGINFO
SIGILL: [libjvm.so+0x8b6400], sa_mask[0]=11111111011111111101111111111110, sa_flags=SA_RESTART|SA_SIGINFO
SIGUSR1: SIG_DFL, sa_mask[0]=00000000000000000000000000000000, sa_flags=none
SIGUSR2: [libjvm.so+0x8b62b0], sa_mask[0]=00100000000000000000000000000000, sa_flags=SA_RESTART|SA_SIGINFO
SIGHUP: [libjvm.so+0x8b6760], sa_mask[0]=11111111011111111101111111111110, sa_flags=SA_RESTART|SA_SIGINFO
SIGINT: [libjvm.so+0x8b6760], sa_mask[0]=11111111011111111101111111111110, sa_flags=SA_RESTART|SA_SIGINFO
SIGTERM: [libjvm.so+0x8b6760], sa_mask[0]=11111111011111111101111111111110, sa_flags=SA_RESTART|SA_SIGINFO
SIGQUIT: [libjvm.so+0x8b6760], sa_mask[0]=11111111011111111101111111111110, sa_flags=SA_RESTART|SA_SIGINFO


---------------  S Y S T E M  ---------------

OS:DISTRIB_ID=Ubuntu
DISTRIB_RELEASE=16.10
DISTRIB_CODENAME=yakkety
DISTRIB_DESCRIPTION="Ubuntu 16.10"

uname:Linux 4.8.0-46-generic #49-Ubuntu SMP Fri Mar 31 13:57:14 UTC 2017 x86_64
libc:glibc 2.24 NPTL 2.24 
rlimit: STACK 8192k, CORE 0k, NPROC 63036, NOFILE 4096, AS infinity
load average:0,96 0,71 0,57

/proc/meminfo:
MemTotal:       16264244 kB
MemFree:        10246388 kB
MemAvailable:   11089840 kB
Buffers:          120036 kB
Cached:          1888608 kB
SwapCached:            0 kB
Active:          4205296 kB
Inactive:        1443988 kB
Active(anon):    3642036 kB
Inactive(anon):   958128 kB
Active(file):     563260 kB
Inactive(file):   485860 kB
Unevictable:          48 kB
Mlocked:              48 kB
SwapTotal:             0 kB
SwapFree:              0 kB
Dirty:               240 kB
Writeback:             0 kB
AnonPages:       3571720 kB
Mapped:           882208 kB
Shmem:            959528 kB
Slab:             182332 kB
SReclaimable:     108448 kB
SUnreclaim:        73884 kB
KernelStack:       12560 kB
PageTables:        51400 kB
NFS_Unstable:          0 kB
Bounce:                0 kB
WritebackTmp:          0 kB
CommitLimit:     8132120 kB
Committed_AS:    9258580 kB
VmallocTotal:   34359738367 kB
VmallocUsed:           0 kB
VmallocChunk:          0 kB
HardwareCorrupted:     0 kB
AnonHugePages:   2254848 kB
ShmemHugePages:        0 kB
ShmemPmdMapped:        0 kB
CmaTotal:              0 kB
CmaFree:               0 kB
HugePages_Total:       0
HugePages_Free:        0
HugePages_Rsvd:        0
HugePages_Surp:        0
Hugepagesize:       2048 kB
DirectMap4k:      215604 kB
DirectMap2M:     8003584 kB
DirectMap1G:     9437184 kB


CPU:total 8 (4 cores per cpu, 2 threads per core) family 6 model 94 stepping 3, cmov, cx8, fxsr, mmx, sse, sse2, sse3, ssse3, sse4.1, sse4.2, popcnt, avx, avx2, aes, clmul, erms, rtm, 3dnowpref, lzcnt, ht, tsc, tscinvbit, bmi1, bmi2, adx

/proc/cpuinfo:
processor	: 0
vendor_id	: GenuineIntel
cpu family	: 6
model		: 94
model name	: Intel(R) Core(TM) i7-6700HQ CPU @ 2.60GHz
stepping	: 3
microcode	: 0x9e
cpu MHz		: 2699.975
cache size	: 6144 KB
physical id	: 0
siblings	: 8
core id		: 0
cpu cores	: 4
apicid		: 0
initial apicid	: 0
fpu		: yes
fpu_exception	: yes
cpuid level	: 22
wp		: yes
flags		: fpu vme de pse tsc msr pae mce cx8 apic sep mtrr pge mca cmov pat pse36 clflush dts acpi mmx fxsr sse sse2 ss ht tm pbe syscall nx pdpe1gb rdtscp lm constant_tsc art arch_perfmon pebs bts rep_good nopl xtopology nonstop_tsc aperfmperf eagerfpu pni pclmulqdq dtes64 monitor ds_cpl vmx est tm2 ssse3 sdbg fma cx16 xtpr pdcm pcid sse4_1 sse4_2 x2apic movbe popcnt tsc_deadline_timer aes xsave avx f16c rdrand lahf_lm abm 3dnowprefetch epb intel_pt tpr_shadow vnmi flexpriority ept vpid fsgsbase tsc_adjust bmi1 hle avx2 smep bmi2 erms invpcid rtm mpx rdseed adx smap clflushopt xsaveopt xsavec xgetbv1 xsaves dtherm ida arat pln pts hwp hwp_notify hwp_act_window hwp_epp
bugs		:
bogomips	: 5184.00
clflush size	: 64
cache_alignment	: 64
address sizes	: 39 bits physical, 48 bits virtual
power management:

processor	: 1
vendor_id	: GenuineIntel
cpu family	: 6
model		: 94
model name	: Intel(R) Core(TM) i7-6700HQ CPU @ 2.60GHz
stepping	: 3
microcode	: 0x9e
cpu MHz		: 2699.975
cache size	: 6144 KB
physical id	: 0
siblings	: 8
core id		: 1
cpu cores	: 4
apicid		: 2
initial apicid	: 2
fpu		: yes
fpu_exception	: yes
cpuid level	: 22
wp		: yes
flags		: fpu vme de pse tsc msr pae mce cx8 apic sep mtrr pge mca cmov pat pse36 clflush dts acpi mmx fxsr sse sse2 ss ht tm pbe syscall nx pdpe1gb rdtscp lm constant_tsc art arch_perfmon pebs bts rep_good nopl xtopology nonstop_tsc aperfmperf eagerfpu pni pclmulqdq dtes64 monitor ds_cpl vmx est tm2 ssse3 sdbg fma cx16 xtpr pdcm pcid sse4_1 sse4_2 x2apic movbe popcnt tsc_deadline_timer aes xsave avx f16c rdrand lahf_lm abm 3dnowprefetch epb intel_pt tpr_shadow vnmi flexpriority ept vpid fsgsbase tsc_adjust bmi1 hle avx2 smep bmi2 erms invpcid rtm mpx rdseed adx smap clflushopt xsaveopt xsavec xgetbv1 xsaves dtherm ida arat pln pts hwp hwp_notify hwp_act_window hwp_epp
bugs		:
bogomips	: 5184.00
clflush size	: 64
cache_alignment	: 64
address sizes	: 39 bits physical, 48 bits virtual
power management:

processor	: 2
vendor_id	: GenuineIntel
cpu family	: 6
model		: 94
model name	: Intel(R) Core(TM) i7-6700HQ CPU @ 2.60GHz
stepping	: 3
microcode	: 0x9e
cpu MHz		: 2699.975
cache size	: 6144 KB
physical id	: 0
siblings	: 8
core id		: 2
cpu cores	: 4
apicid		: 4
initial apicid	: 4
fpu		: yes
fpu_exception	: yes
cpuid level	: 22
wp		: yes
flags		: fpu vme de pse tsc msr pae mce cx8 apic sep mtrr pge mca cmov pat pse36 clflush dts acpi mmx fxsr sse sse2 ss ht tm pbe syscall nx pdpe1gb rdtscp lm constant_tsc art arch_perfmon pebs bts rep_good nopl xtopology nonstop_tsc aperfmperf eagerfpu pni pclmulqdq dtes64 monitor ds_cpl vmx est tm2 ssse3 sdbg fma cx16 xtpr pdcm pcid sse4_1 sse4_2 x2apic movbe popcnt tsc_deadline_timer aes xsave avx f16c rdrand lahf_lm abm 3dnowprefetch epb intel_pt tpr_shadow vnmi flexpriority ept vpid fsgsbase tsc_adjust bmi1 hle avx2 smep bmi2 erms invpcid rtm mpx rdseed adx smap clflushopt xsaveopt xsavec xgetbv1 xsaves dtherm ida arat pln pts hwp hwp_notify hwp_act_window hwp_epp
bugs		:
bogomips	: 5184.00
clflush size	: 64
cache_alignment	: 64
address sizes	: 39 bits physical, 48 bits virtual
power management:

processor	: 3
vendor_id	: GenuineIntel
cpu family	: 6
model		: 94
model name	: Intel(R) Core(TM) i7-6700HQ CPU @ 2.60GHz
stepping	: 3
microcode	: 0x9e
cpu MHz		: 2699.975
cache size	: 6144 KB
physical id	: 0
siblings	: 8
core id		: 3
cpu cores	: 4
apicid		: 6
initial apicid	: 6
fpu		: yes
fpu_exception	: yes
cpuid level	: 22
wp		: yes
flags		: fpu vme de pse tsc msr pae mce cx8 apic sep mtrr pge mca cmov pat pse36 clflush dts acpi mmx fxsr sse sse2 ss ht tm pbe syscall nx pdpe1gb rdtscp lm constant_tsc art arch_perfmon pebs bts rep_good nopl xtopology nonstop_tsc aperfmperf eagerfpu pni pclmulqdq dtes64 monitor ds_cpl vmx est tm2 ssse3 sdbg fma cx16 xtpr pdcm pcid sse4_1 sse4_2 x2apic movbe popcnt tsc_deadline_timer aes xsave avx f16c rdrand lahf_lm abm 3dnowprefetch epb intel_pt tpr_shadow vnmi flexpriority ept vpid fsgsbase tsc_adjust bmi1 hle avx2 smep bmi2 erms invpcid rtm mpx rdseed adx smap clflushopt xsaveopt xsavec xgetbv1 xsaves dtherm ida arat pln pts hwp hwp_notify hwp_act_window hwp_epp
bugs		:
bogomips	: 5184.00
clflush size	: 64
cache_alignment	: 64
address sizes	: 39 bits physical, 48 bits virtual
power management:

processor	: 4
vendor_id	: GenuineIntel
cpu family	: 6
model		: 94
model name	: Intel(R) Core(TM) i7-6700HQ CPU @ 2.60GHz
stepping	: 3
microcode	: 0x9e
cpu MHz		: 2699.975
cache size	: 6144 KB
physical id	: 0
siblings	: 8
core id		: 0
cpu cores	: 4
apicid		: 1
initial apicid	: 1
fpu		: yes
fpu_exception	: yes
cpuid level	: 22
wp		: yes
flags		: fpu vme de pse tsc msr pae mce cx8 apic sep mtrr pge mca cmov pat pse36 clflush dts acpi mmx fxsr sse sse2 ss ht tm pbe syscall nx pdpe1gb rdtscp lm constant_tsc art arch_perfmon pebs bts rep_good nopl xtopology nonstop_tsc aperfmperf eagerfpu pni pclmulqdq dtes64 monitor ds_cpl vmx est tm2 ssse3 sdbg fma cx16 xtpr pdcm pcid sse4_1 sse4_2 x2apic movbe popcnt tsc_deadline_timer aes xsave avx f16c rdrand lahf_lm abm 3dnowprefetch epb intel_pt tpr_shadow vnmi flexpriority ept vpid fsgsbase tsc_adjust bmi1 hle avx2 smep bmi2 erms invpcid rtm mpx rdseed adx smap clflushopt xsaveopt xsavec xgetbv1 xsaves dtherm ida arat pln pts hwp hwp_notify hwp_act_window hwp_epp
bugs		:
bogomips	: 5184.00
clflush size	: 64
cache_alignment	: 64
address sizes	: 39 bits physical, 48 bits virtual
power management:

processor	: 5
vendor_id	: GenuineIntel
cpu family	: 6
model		: 94
model name	: Intel(R) Core(TM) i7-6700HQ CPU @ 2.60GHz
stepping	: 3
microcode	: 0x9e
cpu MHz		: 2699.975
cache size	: 6144 KB
physical id	: 0
siblings	: 8
core id		: 1
cpu cores	: 4
apicid		: 3
initial apicid	: 3
fpu		: yes
fpu_exception	: yes
cpuid level	: 22
wp		: yes
flags		: fpu vme de pse tsc msr pae mce cx8 apic sep mtrr pge mca cmov pat pse36 clflush dts acpi mmx fxsr sse sse2 ss ht tm pbe syscall nx pdpe1gb rdtscp lm constant_tsc art arch_perfmon pebs bts rep_good nopl xtopology nonstop_tsc aperfmperf eagerfpu pni pclmulqdq dtes64 monitor ds_cpl vmx est tm2 ssse3 sdbg fma cx16 xtpr pdcm pcid sse4_1 sse4_2 x2apic movbe popcnt tsc_deadline_timer aes xsave avx f16c rdrand lahf_lm abm 3dnowprefetch epb intel_pt tpr_shadow vnmi flexpriority ept vpid fsgsbase tsc_adjust bmi1 hle avx2 smep bmi2 erms invpcid rtm mpx rdseed adx smap clflushopt xsaveopt xsavec xgetbv1 xsaves dtherm ida arat pln pts hwp hwp_notify hwp_act_window hwp_epp
bugs		:
bogomips	: 5184.00
clflush size	: 64
cache_alignment	: 64
address sizes	: 39 bits physical, 48 bits virtual
power management:

processor	: 6
vendor_id	: GenuineIntel
cpu family	: 6
model		: 94
model name	: Intel(R) Core(TM) i7-6700HQ CPU @ 2.60GHz
stepping	: 3
microcode	: 0x9e
cpu MHz		: 2699.975
cache size	: 6144 KB
physical id	: 0
siblings	: 8
core id		: 2
cpu cores	: 4
apicid		: 5
initial apicid	: 5
fpu		: yes
fpu_exception	: yes
cpuid level	: 22
wp		: yes
flags		: fpu vme de pse tsc msr pae mce cx8 apic sep mtrr pge mca cmov pat pse36 clflush dts acpi mmx fxsr sse sse2 ss ht tm pbe syscall nx pdpe1gb rdtscp lm constant_tsc art arch_perfmon pebs bts rep_good nopl xtopology nonstop_tsc aperfmperf eagerfpu pni pclmulqdq dtes64 monitor ds_cpl vmx est tm2 ssse3 sdbg fma cx16 xtpr pdcm pcid sse4_1 sse4_2 x2apic movbe popcnt tsc_deadline_timer aes xsave avx f16c rdrand lahf_lm abm 3dnowprefetch epb intel_pt tpr_shadow vnmi flexpriority ept vpid fsgsbase tsc_adjust bmi1 hle avx2 smep bmi2 erms invpcid rtm mpx rdseed adx smap clflushopt xsaveopt xsavec xgetbv1 xsaves dtherm ida arat pln pts hwp hwp_notify hwp_act_window hwp_epp
bugs		:
bogomips	: 5184.00
clflush size	: 64
cache_alignment	: 64
address sizes	: 39 bits physical, 48 bits virtual
power management:

processor	: 7
vendor_id	: GenuineIntel
cpu family	: 6
model		: 94
model name	: Intel(R) Core(TM) i7-6700HQ CPU @ 2.60GHz
stepping	: 3
microcode	: 0x9e
cpu MHz		: 2699.975
cache size	: 6144 KB
physical id	: 0
siblings	: 8
core id		: 3
cpu cores	: 4
apicid		: 7
initial apicid	: 7
fpu		: yes
fpu_exception	: yes
cpuid level	: 22
wp		: yes
flags		: fpu vme de pse tsc msr pae mce cx8 apic sep mtrr pge mca cmov pat pse36 clflush dts acpi mmx fxsr sse sse2 ss ht tm pbe syscall nx pdpe1gb rdtscp lm constant_tsc art arch_perfmon pebs bts rep_good nopl xtopology nonstop_tsc aperfmperf eagerfpu pni pclmulqdq dtes64 monitor ds_cpl vmx est tm2 ssse3 sdbg fma cx16 xtpr pdcm pcid sse4_1 sse4_2 x2apic movbe popcnt tsc_deadline_timer aes xsave avx f16c rdrand lahf_lm abm 3dnowprefetch epb intel_pt tpr_shadow vnmi flexpriority ept vpid fsgsbase tsc_adjust bmi1 hle avx2 smep bmi2 erms invpcid rtm mpx rdseed adx smap clflushopt xsaveopt xsavec xgetbv1 xsaves dtherm ida arat pln pts hwp hwp_notify hwp_act_window hwp_epp
bugs		:
bogomips	: 5184.00
clflush size	: 64
cache_alignment	: 64
address sizes	: 39 bits physical, 48 bits virtual
power management:



Memory: 4k page, physical 16264244k(10246388k free), swap 0k(0k free)

vm_info: OpenJDK 64-Bit Server VM (25.121-b13) for linux-amd64 JRE (1.8.0_121-8u121-b13-0ubuntu1.16.10.2-b13), built on Jan 23 2017 11:22:24 by "buildd" with gcc 6.2.0 20161005

time: Thu Apr 13 13:28:49 2017
elapsed time: 2 seconds (0d 0h 0m 2s)

