#
# A fatal error has been detected by the Java Runtime Environment:
#
#  SIGSEGV (0xb) at pc=0x00007f98973cf8f8, pid=21483, tid=0x00007f982c450700
#
# JRE version: Java(TM) SE Runtime Environment (8.0_121-b13) (build 1.8.0_121-b13)
# Java VM: Java HotSpot(TM) 64-Bit Server VM (25.121-b13 mixed mode linux-amd64 compressed oops)
# Problematic frame:
# V  [libjvm.so+0x6d28f8]  jni_invoke_nonstatic(JNIEnv_*, JavaValue*, _jobject*, JNICallType, _jmethodID*, JNI_ArgumentPusher*, Thread*)+0x38
#
# Failed to write core dump. Core dumps have been disabled. To enable core dumping, try "ulimit -c unlimited" before starting Java again
#
# If you would like to submit a bug report, please visit:
#   http://bugreport.java.com/bugreport/crash.jsp
#

---------------  T H R E A D  ---------------

Current thread (0x00007f9840104000):  JavaThread "JavaFX Application Thread" [_thread_in_vm, id=21509, stack(0x00007f982c350000,0x00007f982c451000)]

siginfo: si_signo: 11 (SIGSEGV), si_code: 1 (SEGV_MAPERR), si_addr: 0x00007f9800000000

Registers:
RAX=0x00007f982c44f3c0, RBX=0x00007f982c44f2d0, RCX=0x0000000000000001, RDX=0x00007f9800000000
RSP=0x00007f982c44f120, RBP=0x00007f982c44f2a0, RSI=0x00007f982c44f330, RDI=0x00007f98401041f8
R8 =0x00007f984004e6f8, R9 =0x00007f982c44f2d0, R10=0x00007f981c000a50, R11=0x00007f982c44ec80
R12=0x00007f9840104000, R13=0x00007f984004e6f8, R14=0x0000000000000001, R15=0x00007f98401041f8
RIP=0x00007f98973cf8f8, EFLAGS=0x0000000000010206, CSGSFS=0x002b000000000033, ERR=0x0000000000000004
  TRAPNO=0x000000000000000e

Top of Stack: (sp=0x00007f982c44f120)
0x00007f982c44f120:   00007f982c44f820 00007f982c44f440
0x00007f982c44f130:   00007f982c44f180 00007f982c44f200
0x00007f982c44f140:   00007f982c44f2d0 00007f982c44f330
0x00007f982c44f150:   00007f98401041f8 00007f98973ef400
0x00007f982c44f160:   00007f985804e070 00007f985804e080
0x00007f982c44f170:   00007f985804e458 00000000000003d8
0x00007f982c44f180:   0000000000000000 00000000d81fde18
0x00007f982c44f190:   00007f980000006f 00007f980000000a
0x00007f982c44f1a0:   00000000d890c998 0000000000000000
0x00007f982c44f1b0:   0000000000000000 0000000000000000
0x00007f982c44f1c0:   00007f9880d4c688 0000000100000100
0x00007f982c44f1d0:   0000000000000000 00007f982c44f188
0x00007f982c44f1e0:   00007f982c44f1c9 0000000800000005
0x00007f982c44f1f0:   0000000000000000 00007f9840103b10
0x00007f982c44f200:   00007f9897c5d510 00007f989874b720
0x00007f982c44f210:   00000000401039a0 00007f9840104000
0x00007f982c44f220:   0000000000000000 00007f98973cfccb
0x00007f982c44f230:   00007f9880d5b768 00007f9840104000
0x00007f982c44f240:   00007f9880d5b768 00007f9840104000
0x00007f982c44f250:   00007f982c44f3e0 00007f9880d5b768
0x00007f982c44f260:   00007f9880d5b768 00007f9880d5b768
0x00007f982c44f270:   00007f985804e070 00007f982c44f2d0
0x00007f982c44f280:   00007f9840104000 00007f982c44f310
0x00007f982c44f290:   00007f984004e6f8 00007f98401041f8
0x00007f982c44f2a0:   00007f982c44f390 00007f98973d409f
0x00007f982c44f2b0:   00007f9840104000 00007f986a31dff4
0x00007f982c44f2c0:   00007f982c44f3a8 00007f9800000000
0x00007f982c44f2d0:   00007f9897c5e170 00007f989874b720
0x00007f982c44f2e0:   000000002c44f350 b8db724400000063
0x00007f982c44f2f0:   0000000000000000 0000003000000018
0x00007f982c44f300:   00007f982c44f480 00007f982c44f3c0
0x00007f982c44f310:   00007f9840104000 0000000000000000 

Instructions: (pc=0x00007f98973cf8f8)
0x00007f98973cf8d8:   00 00 48 85 d2 48 89 bd b0 fe ff ff 48 89 b5 a8
0x00007f98973cf8e8:   fe ff ff 4c 89 8d a0 fe ff ff 0f 84 78 09 00 00
0x00007f98973cf8f8:   4c 8b 22 4d 85 e4 0f 84 6c 09 00 00 48 8b 45 10
0x00007f98973cf908:   48 8b 98 38 01 00 00 48 83 7b 18 f7 0f 87 16 07 

Register to memory mapping:

RAX=0x00007f982c44f3c0 is pointing into the stack for thread: 0x00007f9840104000
RBX=0x00007f982c44f2d0 is pointing into the stack for thread: 0x00007f9840104000
RCX=0x0000000000000001 is an unknown value
RDX=0x00007f9800000000 is an unknown value
RSP=0x00007f982c44f120 is pointing into the stack for thread: 0x00007f9840104000
RBP=0x00007f982c44f2a0 is pointing into the stack for thread: 0x00007f9840104000
RSI=0x00007f982c44f330 is pointing into the stack for thread: 0x00007f9840104000
RDI=0x00007f98401041f8 is an unknown value
R8 =0x00007f984004e6f8 is an unknown value
R9 =0x00007f982c44f2d0 is pointing into the stack for thread: 0x00007f9840104000
R10=0x00007f981c000a50 is an unknown value
R11=0x00007f982c44ec80 is pointing into the stack for thread: 0x00007f9840104000
R12=0x00007f9840104000 is a thread
R13=0x00007f984004e6f8 is an unknown value
R14=0x0000000000000001 is an unknown value
R15=0x00007f98401041f8 is an unknown value


Stack: [0x00007f982c350000,0x00007f982c451000],  sp=0x00007f982c44f120,  free space=1020k
Native frames: (J=compiled Java code, j=interpreted, Vv=VM code, C=native code)
V  [libjvm.so+0x6d28f8]  jni_invoke_nonstatic(JNIEnv_*, JavaValue*, _jobject*, JNICallType, _jmethodID*, JNI_ArgumentPusher*, Thread*)+0x38
V  [libjvm.so+0x6d709f]  jni_CallVoidMethodV+0x10f
C  [libglass.so+0x13e51]  JNIEnv_::CallVoidMethod(_jobject*, _jmethodID*, ...)+0x81
C  [libglass.so+0x1876f]  WindowContextBase::process_key(_GdkEventKey*)+0x20f
C  [libglass.so+0x15fe0]  WindowContextBase::im_filter_keypress(_GdkEventKey*)+0x1c0
C  [libglass.so+0x20a3c]  process_events(_GdkEvent*, void*)+0x22c
C  [libgdk-x11-2.0.so.0+0x5acdc]

Java frames: (J=compiled Java code, j=interpreted, Vv=VM code)
j  com.sun.glass.ui.gtk.GtkApplication._runLoop(Ljava/lang/Runnable;Z)V+0
j  com.sun.glass.ui.gtk.GtkApplication.lambda$null$49(Ljava/lang/Runnable;Z)V+7
j  com.sun.glass.ui.gtk.GtkApplication$$Lambda$43.run()V+12
j  java.lang.Thread.run()V+11
v  ~StubRoutines::call_stub

---------------  P R O C E S S  ---------------

Java Threads: ( => current thread )
  0x00007f989000a000 JavaThread "DestroyJavaVM" [_thread_blocked, id=21488, stack(0x00007f98987ef000,0x00007f98988f0000)]
  0x00007f989010e000 JavaThread "Thread-5" [_thread_blocked, id=21512, stack(0x00007f9816dfa000,0x00007f9816efb000)]
  0x00007f9890113800 JavaThread "Thread-4" [_thread_in_native, id=21511, stack(0x00007f9816efb000,0x00007f9816ffc000)]
  0x00007f981c1a3000 JavaThread "Prism Font Disposer" daemon [_thread_blocked, id=21510, stack(0x00007f9817801000,0x00007f9817902000)]
=>0x00007f9840104000 JavaThread "JavaFX Application Thread" [_thread_in_vm, id=21509, stack(0x00007f982c350000,0x00007f982c451000)]
  0x00007f98400c8000 JavaThread "Thread-3" daemon [_thread_blocked, id=21508, stack(0x00007f9838082000,0x00007f9838183000)]
  0x00007f984003f000 JavaThread "QuantumRenderer-0" daemon [_thread_blocked, id=21504, stack(0x00007f986ad98000,0x00007f986ae99000)]
  0x00007f983c0a3000 JavaThread "JavaFX-Launcher" [_thread_blocked, id=21503, stack(0x00007f986ae99000,0x00007f986af9a000)]
  0x00007f989012f800 JavaThread "Thread-0" [_thread_blocked, id=21502, stack(0x00007f986af9a000,0x00007f986b09b000)]
  0x00007f98900c1000 JavaThread "Service Thread" daemon [_thread_blocked, id=21500, stack(0x00007f986b19c000,0x00007f986b29d000)]
  0x00007f98900be000 JavaThread "C1 CompilerThread2" daemon [_thread_blocked, id=21499, stack(0x00007f986b29d000,0x00007f986b39e000)]
  0x00007f98900bc800 JavaThread "C2 CompilerThread1" daemon [_thread_blocked, id=21498, stack(0x00007f986b39e000,0x00007f986b49f000)]
  0x00007f98900b9800 JavaThread "C2 CompilerThread0" daemon [_thread_in_native, id=21497, stack(0x00007f986b49f000,0x00007f986b5a0000)]
  0x00007f98900b8000 JavaThread "Signal Dispatcher" daemon [_thread_blocked, id=21496, stack(0x00007f986b5a0000,0x00007f986b6a1000)]
  0x00007f9890084000 JavaThread "Finalizer" daemon [_thread_blocked, id=21495, stack(0x00007f986bafb000,0x00007f986bbfc000)]
  0x00007f989007f800 JavaThread "Reference Handler" daemon [_thread_blocked, id=21494, stack(0x00007f986bbfc000,0x00007f986bcfd000)]

Other Threads:
  0x00007f9890077800 VMThread [stack: 0x00007f986bcfd000,0x00007f986bdfe000] [id=21493]
  0x00007f98900c4000 WatcherThread [stack: 0x00007f986b09b000,0x00007f986b19c000] [id=21501]

VM state:not at safepoint (normal execution)

VM Mutex/Monitor currently owned by a thread: None

Heap:
 PSYoungGen      total 36864K, used 11088K [0x00000000d7000000, 0x00000000db800000, 0x0000000100000000)
  eden space 31744K, 18% used [0x00000000d7000000,0x00000000d75da148,0x00000000d8f00000)
  from space 5120K, 99% used [0x00000000d8f00000,0x00000000d93fa058,0x00000000d9400000)
  to   space 5120K, 0% used [0x00000000db300000,0x00000000db300000,0x00000000db800000)
 ParOldGen       total 84992K, used 658K [0x0000000085000000, 0x000000008a300000, 0x00000000d7000000)
  object space 84992K, 0% used [0x0000000085000000,0x00000000850a4ab0,0x000000008a300000)
 Metaspace       used 14845K, capacity 15648K, committed 15872K, reserved 1062912K
  class space    used 2244K, capacity 2453K, committed 2560K, reserved 1048576K

Card table byte_map: [0x00007f98951be000,0x00007f9895597000] byte_map_base: 0x00007f9894d96000

Marking Bits: (ParMarkBitMap*) 0x00007f9897cc1c80
 Begin Bits: [0x00007f9878280000, 0x00007f987a140000)
 End Bits:   [0x00007f987a140000, 0x00007f987c000000)

Polling page: 0x00007f989890e000

CodeCache: size=245760Kb used=4007Kb max_used=4007Kb free=241752Kb
 bounds [0x00007f9881000000, 0x00007f98813f0000, 0x00007f9890000000]
 total_blobs=1823 nmethods=1198 adapters=538
 compilation: enabled

Compilation events (10 events):
Event: 2,269 Thread 0x00007f98900be000 nmethod 1194 0x00007f98813e8a10 code [0x00007f98813e8ba0, 0x00007f98813e8e68]
Event: 2,269 Thread 0x00007f98900be000 1195       3       javafx.scene.Parent::requestParentLayout (28 bytes)
Event: 2,270 Thread 0x00007f98900be000 nmethod 1195 0x00007f98813e8f10 code [0x00007f98813e90c0, 0x00007f98813e97b8]
Event: 2,270 Thread 0x00007f98900be000 1196       3       javafx.scene.layout.Region::snappedTopInset (5 bytes)
Event: 2,270 Thread 0x00007f98900be000 nmethod 1196 0x00007f98813e9990 code [0x00007f98813e9ae0, 0x00007f98813e9c30]
Event: 2,270 Thread 0x00007f98900be000 1197       3       javafx.scene.Node::invalidateLocalToSceneTransform (15 bytes)
Event: 2,270 Thread 0x00007f98900be000 nmethod 1197 0x00007f98813e9cd0 code [0x00007f98813e9e60, 0x00007f98813ea388]
Event: 2,270 Thread 0x00007f98900be000 1198       3       javafx.scene.layout.Region::snappedBottomInset (5 bytes)
Event: 2,270 Thread 0x00007f98900be000 nmethod 1198 0x00007f98813ea550 code [0x00007f98813ea6a0, 0x00007f98813ea7f0]
Event: 2,270 Thread 0x00007f98900be000 1199       3       com.sun.glass.ui.Application::checkEventThread (48 bytes)

GC Heap History (2 events):
Event: 2,076 GC heap before
{Heap before GC invocations=1 (full 0):
 PSYoungGen      total 36864K, used 31286K [0x00000000d7000000, 0x00000000d9900000, 0x0000000100000000)
  eden space 31744K, 98% used [0x00000000d7000000,0x00000000d8e8d838,0x00000000d8f00000)
  from space 5120K, 0% used [0x00000000d9400000,0x00000000d9400000,0x00000000d9900000)
  to   space 5120K, 0% used [0x00000000d8f00000,0x00000000d8f00000,0x00000000d9400000)
 ParOldGen       total 84992K, used 0K [0x0000000085000000, 0x000000008a300000, 0x00000000d7000000)
  object space 84992K, 0% used [0x0000000085000000,0x0000000085000000,0x000000008a300000)
 Metaspace       used 13809K, capacity 14480K, committed 14592K, reserved 1060864K
  class space    used 2072K, capacity 2247K, committed 2304K, reserved 1048576K
Event: 2,100 GC heap after
Heap after GC invocations=1 (full 0):
 PSYoungGen      total 36864K, used 5096K [0x00000000d7000000, 0x00000000db800000, 0x0000000100000000)
  eden space 31744K, 0% used [0x00000000d7000000,0x00000000d7000000,0x00000000d8f00000)
  from space 5120K, 99% used [0x00000000d8f00000,0x00000000d93fa058,0x00000000d9400000)
  to   space 5120K, 0% used [0x00000000db300000,0x00000000db300000,0x00000000db800000)
 ParOldGen       total 84992K, used 658K [0x0000000085000000, 0x000000008a300000, 0x00000000d7000000)
  object space 84992K, 0% used [0x0000000085000000,0x00000000850a4ab0,0x000000008a300000)
 Metaspace       used 13809K, capacity 14480K, committed 14592K, reserved 1060864K
  class space    used 2072K, capacity 2247K, committed 2304K, reserved 1048576K
}

Deoptimization events (10 events):
Event: 1,163 Thread 0x00007f9840104000 Uncommon trap: reason=class_check action=maybe_recompile pc=0x00007f98812264f4 method=java.io.DataInputStream.readShort()S @ 4
Event: 1,163 Thread 0x00007f9840104000 Uncommon trap: reason=class_check action=maybe_recompile pc=0x00007f98812264f4 method=java.io.DataInputStream.readShort()S @ 4
Event: 1,169 Thread 0x00007f9840104000 Uncommon trap: reason=class_check action=maybe_recompile pc=0x00007f9881115a78 method=java.lang.String.equals(Ljava/lang/Object;)Z @ 8
Event: 1,169 Thread 0x00007f9840104000 Uncommon trap: reason=class_check action=maybe_recompile pc=0x00007f9881115a78 method=java.lang.String.equals(Ljava/lang/Object;)Z @ 8
Event: 1,169 Thread 0x00007f9840104000 Uncommon trap: reason=class_check action=maybe_recompile pc=0x00007f9881115a78 method=java.lang.String.equals(Ljava/lang/Object;)Z @ 8
Event: 1,233 Thread 0x00007f9840104000 Uncommon trap: reason=class_check action=maybe_recompile pc=0x00007f9881115a78 method=java.lang.String.equals(Ljava/lang/Object;)Z @ 8
Event: 1,312 Thread 0x00007f9840104000 Uncommon trap: reason=unstable_if action=reinterpret pc=0x00007f988127ec28 method=sun.net.www.ParseUtil.encodePath(Ljava/lang/String;Z)Ljava/lang/String; @ 109
Event: 1,418 Thread 0x00007f9840104000 Uncommon trap: reason=unstable_if action=reinterpret pc=0x00007f98812d46e4 method=jdk.internal.org.objectweb.asm.Type.getArgumentsAndReturnSizes(Ljava/lang/String;)I @ 47
Event: 2,179 Thread 0x00007f9840104000 Uncommon trap: reason=unstable_if action=reinterpret pc=0x00007f98811d0be4 method=java.lang.String.indexOf([CII[CIII)I @ 3
Event: 2,265 Thread 0x00007f9840104000 Uncommon trap: reason=unstable_if action=reinterpret pc=0x00007f98811ab0ec method=java.lang.String.startsWith(Ljava/lang/String;I)Z @ 25

Internal exceptions (10 events):
Event: 0,187 Thread 0x00007f989012f800 Exception <a 'java/lang/NoSuchFieldError': method resolution failed> (0x00000000d730a9b0) thrown at [/HUDSON3/workspace/8-2-build-linux-amd64/jdk8u121/8372/hotspot/src/share/vm/prims/methodHandles.cpp, line 1146]
Event: 0,216 Thread 0x00007f983c0a3000 Exception <a 'java/security/PrivilegedActionException'> (0x00000000d73e1820) thrown at [/HUDSON3/workspace/8-2-build-linux-amd64/jdk8u121/8372/hotspot/src/share/vm/prims/jvm.cpp, line 1390]
Event: 0,216 Thread 0x00007f983c0a3000 Exception <a 'java/security/PrivilegedActionException'> (0x00000000d73e1a30) thrown at [/HUDSON3/workspace/8-2-build-linux-amd64/jdk8u121/8372/hotspot/src/share/vm/prims/jvm.cpp, line 1390]
Event: 0,217 Thread 0x00007f983c0a3000 Exception <a 'java/security/PrivilegedActionException'> (0x00000000d73e3e98) thrown at [/HUDSON3/workspace/8-2-build-linux-amd64/jdk8u121/8372/hotspot/src/share/vm/prims/jvm.cpp, line 1390]
Event: 0,217 Thread 0x00007f983c0a3000 Exception <a 'java/security/PrivilegedActionException'> (0x00000000d73e40a8) thrown at [/HUDSON3/workspace/8-2-build-linux-amd64/jdk8u121/8372/hotspot/src/share/vm/prims/jvm.cpp, line 1390]
Event: 0,217 Thread 0x00007f983c0a3000 Exception <a 'java/lang/NullPointerException'> (0x00000000d73e4680) thrown at [/HUDSON3/workspace/8-2-build-linux-amd64/jdk8u121/8372/hotspot/src/share/vm/interpreter/linkResolver.cpp, line 1178]
Event: 0,457 Thread 0x00007f9840104000 Exception <a 'java/lang/NullPointerException'> (0x00000000d7ae3560) thrown at [/HUDSON3/workspace/8-2-build-linux-amd64/jdk8u121/8372/hotspot/src/share/vm/interpreter/linkResolver.cpp, line 1178]
Event: 0,457 Thread 0x00007f9840104000 Exception <a 'java/lang/NullPointerException'> (0x00000000d7ae3560) thrown at [/HUDSON3/workspace/8-2-build-linux-amd64/jdk8u121/8372/hotspot/src/share/vm/prims/jvm.cpp, line 1394]
Event: 0,634 Thread 0x00007f9840104000 Implicit null exception at 0x00007f9881227cb5 to 0x00007f9881227e91
Event: 2,127 Thread 0x00007f9840104000 Exception <a 'java/io/FileNotFoundException'> (0x00000000d71007c8) thrown at [/HUDSON3/workspace/8-2-build-linux-amd64/jdk8u121/8372/hotspot/src/share/vm/prims/jni.cpp, line 709]

Events (10 events):
Event: 2,231 loading class com/sun/javafx/effect/EffectDirtyBits done
Event: 2,233 loading class javafx/scene/shape/SVGPath$1
Event: 2,233 loading class javafx/scene/shape/SVGPath$1 done
Event: 2,233 loading class javafx/scene/shape/SVGPath$2
Event: 2,233 loading class javafx/scene/shape/SVGPath$2 done
Event: 2,233 loading class com/sun/javafx/sg/prism/NGSVGPath
Event: 2,233 loading class com/sun/javafx/sg/prism/NGSVGPath done
Event: 2,265 Thread 0x00007f9840104000 Uncommon trap: trap_request=0xffffff65 fr.pc=0x00007f98811ab0ec
Event: 2,265 Thread 0x00007f9840104000 DEOPT PACKING pc=0x00007f98811ab0ec sp=0x00007f982c44c050
Event: 2,265 Thread 0x00007f9840104000 DEOPT UNPACKING pc=0x00007f9881005229 sp=0x00007f982c44bfe8 mode 2


Dynamic libraries:
00400000-00401000 r-xp 00000000 08:05 2243241                            /usr/lib/jvm/java-8-oracle/bin/java
00600000-00601000 rw-p 00000000 08:05 2243241                            /usr/lib/jvm/java-8-oracle/bin/java
0223b000-0225c000 rw-p 00000000 00:00 0                                  [heap]
85000000-8a300000 rw-p 00000000 00:00 0 
8a300000-d7000000 ---p 00000000 00:00 0 
d7000000-db800000 rw-p 00000000 00:00 0 
db800000-100000000 ---p 00000000 00:00 0 
100000000-100280000 rw-p 00000000 00:00 0 
100280000-140000000 ---p 00000000 00:00 0 
7f9808000000-7f9808021000 rw-p 00000000 00:00 0 
7f9808021000-7f980c000000 ---p 00000000 00:00 0 
7f980c000000-7f980c021000 rw-p 00000000 00:00 0 
7f980c021000-7f9810000000 ---p 00000000 00:00 0 
7f9810000000-7f9810021000 rw-p 00000000 00:00 0 
7f9810021000-7f9814000000 ---p 00000000 00:00 0 
7f9816bfa000-7f9816cfa000 rw-p 00000000 00:00 0 
7f9816cfa000-7f9816dfa000 ---p 00000000 00:00 0 
7f9816dfa000-7f9816dfd000 ---p 00000000 00:00 0 
7f9816dfd000-7f9816efb000 rw-p 00000000 00:00 0 
7f9816efb000-7f9816efe000 ---p 00000000 00:00 0 
7f9816efe000-7f9816ffc000 rw-p 00000000 00:00 0 
7f9816ffc000-7f9817012000 r-xp 00000000 08:05 2243325                    /usr/lib/jvm/java-8-oracle/jre/lib/amd64/libnet.so
7f9817012000-7f9817212000 ---p 00016000 08:05 2243325                    /usr/lib/jvm/java-8-oracle/jre/lib/amd64/libnet.so
7f9817212000-7f9817213000 rw-p 00016000 08:05 2243325                    /usr/lib/jvm/java-8-oracle/jre/lib/amd64/libnet.so
7f9817213000-7f9817273000 rw-s 00000000 00:05 446686                     /drm mm object (deleted)
7f9817273000-7f9817281000 rw-s 00000000 00:05 446685                     /drm mm object (deleted)
7f9817281000-7f9817441000 rw-s 103592000 00:06 391                       /dev/dri/card0
7f9817441000-7f9817601000 rw-s 00000000 00:05 446678                     /drm mm object (deleted)
7f9817601000-7f9817801000 rw-p 00000000 00:00 0 
7f9817801000-7f9817804000 ---p 00000000 00:00 0 
7f9817804000-7f9817902000 rw-p 00000000 00:00 0 
7f9817902000-7f98179bb000 r--p 00000000 08:05 918436                     /usr/share/fonts/truetype/dejavu/DejaVuSans.ttf
7f98179bb000-7f98179f7000 r--p 00000000 08:05 2243419                    /usr/lib/jvm/java-8-oracle/jre/lib/fonts/LucidaTypewriterRegular.ttf
7f98179f7000-7f98179fb000 r-xp 00000000 08:05 2243362                    /usr/lib/jvm/java-8-oracle/jre/lib/amd64/libjavafx_font_pango.so
7f98179fb000-7f9817bfa000 ---p 00004000 08:05 2243362                    /usr/lib/jvm/java-8-oracle/jre/lib/amd64/libjavafx_font_pango.so
7f9817bfa000-7f9817bfb000 rw-p 00003000 08:05 2243362                    /usr/lib/jvm/java-8-oracle/jre/lib/amd64/libjavafx_font_pango.so
7f9817bfb000-7f9817dfb000 rw-p 00000000 00:00 0 
7f9817dfb000-7f9817e00000 r-xp 00000000 08:05 2243358                    /usr/lib/jvm/java-8-oracle/jre/lib/amd64/libjavafx_font_freetype.so
7f9817e00000-7f9817fff000 ---p 00005000 08:05 2243358                    /usr/lib/jvm/java-8-oracle/jre/lib/amd64/libjavafx_font_freetype.so
7f9817fff000-7f9818000000 rw-p 00004000 08:05 2243358                    /usr/lib/jvm/java-8-oracle/jre/lib/amd64/libjavafx_font_freetype.so
7f9818000000-7f9818021000 rw-p 00000000 00:00 0 
7f9818021000-7f981c000000 ---p 00000000 00:00 0 
7f981c000000-7f981c500000 rw-p 00000000 00:00 0 
7f981c500000-7f9820000000 ---p 00000000 00:00 0 
7f9820000000-7f9820021000 rw-p 00000000 00:00 0 
7f9820021000-7f9824000000 ---p 00000000 00:00 0 
7f9824000000-7f9824022000 rw-p 00000000 00:00 0 
7f9824022000-7f9828000000 ---p 00000000 00:00 0 
7f9828000000-7f9828021000 rw-p 00000000 00:00 0 
7f9828021000-7f982c000000 ---p 00000000 00:00 0 
7f982c003000-7f982c013000 rw-s 00000000 00:05 446682                     /drm mm object (deleted)
7f982c013000-7f982c04d000 r--p 00000000 08:05 2243415                    /usr/lib/jvm/java-8-oracle/jre/lib/fonts/LucidaTypewriterBold.ttf
7f982c04d000-7f982c0a2000 r--p 00000000 08:05 2243416                    /usr/lib/jvm/java-8-oracle/jre/lib/fonts/LucidaBrightRegular.ttf
7f982c0a2000-7f982c14d000 r--p 00000000 08:05 2243413                    /usr/lib/jvm/java-8-oracle/jre/lib/fonts/LucidaSansRegular.ttf
7f982c14d000-7f982c150000 r-xp 00000000 08:05 2243320                    /usr/lib/jvm/java-8-oracle/jre/lib/amd64/libjavafx_font.so
7f982c150000-7f982c34f000 ---p 00003000 08:05 2243320                    /usr/lib/jvm/java-8-oracle/jre/lib/amd64/libjavafx_font.so
7f982c34f000-7f982c350000 rw-p 00002000 08:05 2243320                    /usr/lib/jvm/java-8-oracle/jre/lib/amd64/libjavafx_font.so
7f982c350000-7f982c353000 ---p 00000000 00:00 0 
7f982c353000-7f982c451000 rw-p 00000000 00:00 0 
7f982c451000-7f982c452000 ---p 00000000 00:00 0 
7f982c452000-7f982cc52000 rw-p 00000000 00:00 0 
7f982cc52000-7f982cc53000 ---p 00000000 00:00 0 
7f982cc53000-7f982d453000 rw-p 00000000 00:00 0 
7f982d453000-7f982d454000 ---p 00000000 00:00 0 
7f982d454000-7f982dc54000 rw-p 00000000 00:00 0 
7f982dc54000-7f982dc60000 r-xp 00000000 08:05 133762                     /usr/lib/x86_64-linux-gnu/gio/modules/libdconfsettings.so
7f982dc60000-7f982de5f000 ---p 0000c000 08:05 133762                     /usr/lib/x86_64-linux-gnu/gio/modules/libdconfsettings.so
7f982de5f000-7f982de60000 r--p 0000b000 08:05 133762                     /usr/lib/x86_64-linux-gnu/gio/modules/libdconfsettings.so
7f982de60000-7f982de61000 rw-p 0000c000 08:05 133762                     /usr/lib/x86_64-linux-gnu/gio/modules/libdconfsettings.so
7f982de61000-7f982de68000 r-xp 00000000 08:05 2239720                    /usr/lib/x86_64-linux-gnu/libogg.so.0.8.2
7f982de68000-7f982e068000 ---p 00007000 08:05 2239720                    /usr/lib/x86_64-linux-gnu/libogg.so.0.8.2
7f982e068000-7f982e069000 r--p 00007000 08:05 2239720                    /usr/lib/x86_64-linux-gnu/libogg.so.0.8.2
7f982e069000-7f982e06a000 rw-p 00008000 08:05 2239720                    /usr/lib/x86_64-linux-gnu/libogg.so.0.8.2
7f982e06a000-7f982e094000 r-xp 00000000 08:05 2240153                    /usr/lib/x86_64-linux-gnu/libvorbis.so.0.4.8
7f982e094000-7f982e294000 ---p 0002a000 08:05 2240153                    /usr/lib/x86_64-linux-gnu/libvorbis.so.0.4.8
7f982e294000-7f982e295000 r--p 0002a000 08:05 2240153                    /usr/lib/x86_64-linux-gnu/libvorbis.so.0.4.8
7f982e295000-7f982e296000 rw-p 0002b000 08:05 2240153                    /usr/lib/x86_64-linux-gnu/libvorbis.so.0.4.8
7f982e296000-7f982e29e000 r-xp 00000000 08:05 2239564                    /usr/lib/x86_64-linux-gnu/libltdl.so.7.3.1
7f982e29e000-7f982e49e000 ---p 00008000 08:05 2239564                    /usr/lib/x86_64-linux-gnu/libltdl.so.7.3.1
7f982e49e000-7f982e49f000 r--p 00008000 08:05 2239564                    /usr/lib/x86_64-linux-gnu/libltdl.so.7.3.1
7f982e49f000-7f982e4a0000 rw-p 00009000 08:05 2239564                    /usr/lib/x86_64-linux-gnu/libltdl.so.7.3.1
7f982e4a0000-7f982e4b4000 r-xp 00000000 08:05 2239986                    /usr/lib/x86_64-linux-gnu/libtdb.so.1.3.9
7f982e4b4000-7f982e6b3000 ---p 00014000 08:05 2239986                    /usr/lib/x86_64-linux-gnu/libtdb.so.1.3.9
7f982e6b3000-7f982e6b4000 r--p 00013000 08:05 2239986                    /usr/lib/x86_64-linux-gnu/libtdb.so.1.3.9
7f982e6b4000-7f982e6b5000 rw-p 00014000 08:05 2239986                    /usr/lib/x86_64-linux-gnu/libtdb.so.1.3.9
7f982e6b5000-7f982e6bc000 r-xp 00000000 08:05 2240157                    /usr/lib/x86_64-linux-gnu/libvorbisfile.so.3.3.7
7f982e6bc000-7f982e8bc000 ---p 00007000 08:05 2240157                    /usr/lib/x86_64-linux-gnu/libvorbisfile.so.3.3.7
7f982e8bc000-7f982e8bd000 r--p 00007000 08:05 2240157                    /usr/lib/x86_64-linux-gnu/libvorbisfile.so.3.3.7
7f982e8bd000-7f982e8be000 rw-p 00008000 08:05 2240157                    /usr/lib/x86_64-linux-gnu/libvorbisfile.so.3.3.7
7f982e8be000-7f982e8ce000 r-xp 00000000 08:05 2238920                    /usr/lib/x86_64-linux-gnu/libcanberra.so.0.2.5
7f982e8ce000-7f982eace000 ---p 00010000 08:05 2238920                    /usr/lib/x86_64-linux-gnu/libcanberra.so.0.2.5
7f982eace000-7f982eacf000 r--p 00010000 08:05 2238920                    /usr/lib/x86_64-linux-gnu/libcanberra.so.0.2.5
7f982eacf000-7f982ead0000 rw-p 00011000 08:05 2238920                    /usr/lib/x86_64-linux-gnu/libcanberra.so.0.2.5
7f982ead0000-7f982ead4000 r-xp 00000000 08:05 2238916                    /usr/lib/x86_64-linux-gnu/libcanberra-gtk.so.0.1.9
7f982ead4000-7f982ecd3000 ---p 00004000 08:05 2238916                    /usr/lib/x86_64-linux-gnu/libcanberra-gtk.so.0.1.9
7f982ecd3000-7f982ecd4000 r--p 00003000 08:05 2238916                    /usr/lib/x86_64-linux-gnu/libcanberra-gtk.so.0.1.9
7f982ecd4000-7f982ecd5000 rw-p 00004000 08:05 2238916                    /usr/lib/x86_64-linux-gnu/libcanberra-gtk.so.0.1.9
7f982ecd5000-7f982ecda000 r-xp 00000000 08:05 133969                     /usr/lib/x86_64-linux-gnu/gtk-2.0/modules/libcanberra-gtk-module.so
7f982ecda000-7f982eed9000 ---p 00005000 08:05 133969                     /usr/lib/x86_64-linux-gnu/gtk-2.0/modules/libcanberra-gtk-module.so
7f982eed9000-7f982eeda000 r--p 00004000 08:05 133969                     /usr/lib/x86_64-linux-gnu/gtk-2.0/modules/libcanberra-gtk-module.so
7f982eeda000-7f982eedb000 rw-p 00005000 08:05 133969                     /usr/lib/x86_64-linux-gnu/gtk-2.0/modules/libcanberra-gtk-module.so
7f982eedb000-7f982ef0b000 r-xp 00000000 08:05 133951                     /usr/lib/x86_64-linux-gnu/gtk-2.0/2.10.0/engines/libmurrine.so
7f982ef0b000-7f982f10b000 ---p 00030000 08:05 133951                     /usr/lib/x86_64-linux-gnu/gtk-2.0/2.10.0/engines/libmurrine.so
7f982f10b000-7f982f10c000 r--p 00030000 08:05 133951                     /usr/lib/x86_64-linux-gnu/gtk-2.0/2.10.0/engines/libmurrine.so
7f982f10c000-7f982f10d000 rw-p 00031000 08:05 133951                     /usr/lib/x86_64-linux-gnu/gtk-2.0/2.10.0/engines/libmurrine.so
7f982f10d000-7f982f11d000 r-xp 00000000 08:05 2240079                    /usr/lib/x86_64-linux-gnu/libunity-gtk2-parser.so.0.0.0
7f982f11d000-7f982f31d000 ---p 00010000 08:05 2240079                    /usr/lib/x86_64-linux-gnu/libunity-gtk2-parser.so.0.0.0
7f982f31d000-7f982f31e000 r--p 00010000 08:05 2240079                    /usr/lib/x86_64-linux-gnu/libunity-gtk2-parser.so.0.0.0
7f982f31e000-7f982f31f000 rw-p 00011000 08:05 2240079                    /usr/lib/x86_64-linux-gnu/libunity-gtk2-parser.so.0.0.0
7f982f31f000-7f982f324000 r-xp 00000000 08:05 133973                     /usr/lib/x86_64-linux-gnu/gtk-2.0/modules/libunity-gtk-module.so
7f982f324000-7f982f523000 ---p 00005000 08:05 133973                     /usr/lib/x86_64-linux-gnu/gtk-2.0/modules/libunity-gtk-module.so
7f982f523000-7f982f524000 r--p 00004000 08:05 133973                     /usr/lib/x86_64-linux-gnu/gtk-2.0/modules/libunity-gtk-module.so
7f982f524000-7f982f525000 rw-p 00005000 08:05 133973                     /usr/lib/x86_64-linux-gnu/gtk-2.0/modules/libunity-gtk-module.so
7f982f525000-7f982f547000 r-xp 00000000 08:05 398679                     /lib/x86_64-linux-gnu/liblzma.so.5.0.0
7f982f547000-7f982f746000 ---p 00022000 08:05 398679                     /lib/x86_64-linux-gnu/liblzma.so.5.0.0
7f982f746000-7f982f747000 r--p 00021000 08:05 398679                     /lib/x86_64-linux-gnu/liblzma.so.5.0.0
7f982f747000-7f982f748000 rw-p 00022000 08:05 398679                     /lib/x86_64-linux-gnu/liblzma.so.5.0.0
7f982f748000-7f982f792000 r-xp 00000000 08:05 399570                     /lib/x86_64-linux-gnu/libdbus-1.so.3.14.7
7f982f792000-7f982f992000 ---p 0004a000 08:05 399570                     /lib/x86_64-linux-gnu/libdbus-1.so.3.14.7
7f982f992000-7f982f993000 r--p 0004a000 08:05 399570                     /lib/x86_64-linux-gnu/libdbus-1.so.3.14.7
7f982f993000-7f982f994000 rw-p 0004b000 08:05 399570                     /lib/x86_64-linux-gnu/libdbus-1.so.3.14.7
7f982f994000-7f982f9c0000 r-xp 00000000 08:05 2238852                    /usr/lib/x86_64-linux-gnu/libatspi.so.0.0.1
7f982f9c0000-7f982fbbf000 ---p 0002c000 08:05 2238852                    /usr/lib/x86_64-linux-gnu/libatspi.so.0.0.1
7f982fbbf000-7f982fbc2000 r--p 0002b000 08:05 2238852                    /usr/lib/x86_64-linux-gnu/libatspi.so.0.0.1
7f982fbc2000-7f982fbc3000 rw-p 0002e000 08:05 2238852                    /usr/lib/x86_64-linux-gnu/libatspi.so.0.0.1
7f982fbc3000-7f982fbf0000 r-xp 00000000 08:05 2238846                    /usr/lib/x86_64-linux-gnu/libatk-bridge-2.0.so.0.0.0
7f982fbf0000-7f982fdef000 ---p 0002d000 08:05 2238846                    /usr/lib/x86_64-linux-gnu/libatk-bridge-2.0.so.0.0.0
7f982fdef000-7f982fdf0000 r--p 0002c000 08:05 2238846                    /usr/lib/x86_64-linux-gnu/libatk-bridge-2.0.so.0.0.0
7f982fdf0000-7f982fdf2000 rw-p 0002d000 08:05 2238846                    /usr/lib/x86_64-linux-gnu/libatk-bridge-2.0.so.0.0.0
7f982fdf2000-7f982fdf3000 r-xp 00000000 08:05 133968                     /usr/lib/x86_64-linux-gnu/gtk-2.0/modules/libatk-bridge.so
7f982fdf3000-7f982fff2000 ---p 00001000 08:05 133968                     /usr/lib/x86_64-linux-gnu/gtk-2.0/modules/libatk-bridge.so
7f982fff2000-7f982fff3000 r--p 00000000 08:05 133968                     /usr/lib/x86_64-linux-gnu/gtk-2.0/modules/libatk-bridge.so
7f982fff3000-7f982fff4000 rw-p 00001000 08:05 133968                     /usr/lib/x86_64-linux-gnu/gtk-2.0/modules/libatk-bridge.so
7f982fff4000-7f982fffb000 r-xp 00000000 08:05 2228785                    /usr/lib/x86_64-linux-gnu/libgailutil.so.18.0.1
7f982fffb000-7f98301fa000 ---p 00007000 08:05 2228785                    /usr/lib/x86_64-linux-gnu/libgailutil.so.18.0.1
7f98301fa000-7f98301fb000 r--p 00006000 08:05 2228785                    /usr/lib/x86_64-linux-gnu/libgailutil.so.18.0.1
7f98301fb000-7f98301fc000 rw-p 00007000 08:05 2228785                    /usr/lib/x86_64-linux-gnu/libgailutil.so.18.0.1
7f98301fc000-7f983024a000 r-xp 00000000 08:05 132695                     /usr/lib/x86_64-linux-gnu/gtk-2.0/modules/libgail.so
7f983024a000-7f9830449000 ---p 0004e000 08:05 132695                     /usr/lib/x86_64-linux-gnu/gtk-2.0/modules/libgail.so
7f9830449000-7f983044a000 r--p 0004d000 08:05 132695                     /usr/lib/x86_64-linux-gnu/gtk-2.0/modules/libgail.so
7f983044a000-7f983044c000 rw-p 0004e000 08:05 132695                     /usr/lib/x86_64-linux-gnu/gtk-2.0/modules/libgail.so
7f983044c000-7f983045d000 r-xp 00000000 08:05 132122                     /usr/lib/x86_64-linux-gnu/gtk-2.0/modules/liboverlay-scrollbar.so
7f983045d000-7f983065d000 ---p 00011000 08:05 132122                     /usr/lib/x86_64-linux-gnu/gtk-2.0/modules/liboverlay-scrollbar.so
7f983065d000-7f983065e000 r--p 00011000 08:05 132122                     /usr/lib/x86_64-linux-gnu/gtk-2.0/modules/liboverlay-scrollbar.so
7f983065e000-7f983065f000 rw-p 00012000 08:05 132122                     /usr/lib/x86_64-linux-gnu/gtk-2.0/modules/liboverlay-scrollbar.so
7f983065f000-7f9830688000 r-xp 00000000 08:05 2243370                    /usr/lib/jvm/java-8-oracle/jre/lib/amd64/libglass.so
7f9830688000-7f9830887000 ---p 00029000 08:05 2243370                    /usr/lib/jvm/java-8-oracle/jre/lib/amd64/libglass.so
7f9830887000-7f983088a000 rw-p 00028000 08:05 2243370                    /usr/lib/jvm/java-8-oracle/jre/lib/amd64/libglass.so
7f983088a000-7f98308c1000 r-xp 00000000 08:05 2240033                    /usr/lib/x86_64-linux-gnu/libtxc_dxtn_s2tc.so.0.0.0
7f98308c1000-7f9830ac0000 ---p 00037000 08:05 2240033                    /usr/lib/x86_64-linux-gnu/libtxc_dxtn_s2tc.so.0.0.0
7f9830ac0000-7f9830ac1000 r--p 00036000 08:05 2240033                    /usr/lib/x86_64-linux-gnu/libtxc_dxtn_s2tc.so.0.0.0
7f9830ac1000-7f9830ac2000 rw-p 00037000 08:05 2240033                    /usr/lib/x86_64-linux-gnu/libtxc_dxtn_s2tc.so.0.0.0
7f9830ac2000-7f9830aca000 r-xp 00000000 08:05 2239767                    /usr/lib/x86_64-linux-gnu/libpciaccess.so.0.11.1
7f9830aca000-7f9830cca000 ---p 00008000 08:05 2239767                    /usr/lib/x86_64-linux-gnu/libpciaccess.so.0.11.1
7f9830cca000-7f9830ccb000 r--p 00008000 08:05 2239767                    /usr/lib/x86_64-linux-gnu/libpciaccess.so.0.11.1
7f9830ccb000-7f9830ccc000 rw-p 00009000 08:05 2239767                    /usr/lib/x86_64-linux-gnu/libpciaccess.so.0.11.1
7f9830ccc000-7f9830cde000 r-xp 00000000 08:05 398660                     /lib/x86_64-linux-gnu/libgpg-error.so.0.19.1
7f9830cde000-7f9830ede000 ---p 00012000 08:05 398660                     /lib/x86_64-linux-gnu/libgpg-error.so.0.19.1
7f9830ede000-7f9830edf000 r--p 00012000 08:05 398660                     /lib/x86_64-linux-gnu/libgpg-error.so.0.19.1
7f9830edf000-7f9830ee0000 rw-p 00013000 08:05 398660                     /lib/x86_64-linux-gnu/libgpg-error.so.0.19.1
7f9830ee0000-7f9830eeb000 r-xp 00000000 08:05 2239069                    /usr/lib/x86_64-linux-gnu/libdrm_radeon.so.1.0.1
7f9830eeb000-7f98310ea000 ---p 0000b000 08:05 2239069                    /usr/lib/x86_64-linux-gnu/libdrm_radeon.so.1.0.1
7f98310ea000-7f98310eb000 r--p 0000a000 08:05 2239069                    /usr/lib/x86_64-linux-gnu/libdrm_radeon.so.1.0.1
7f98310eb000-7f98310ec000 rw-p 0000b000 08:05 2239069                    /usr/lib/x86_64-linux-gnu/libdrm_radeon.so.1.0.1
7f98310ec000-7f98310f3000 r-xp 00000000 08:05 2239067                    /usr/lib/x86_64-linux-gnu/libdrm_nouveau.so.2.0.0
7f98310f3000-7f98312f2000 ---p 00007000 08:05 2239067                    /usr/lib/x86_64-linux-gnu/libdrm_nouveau.so.2.0.0
7f98312f2000-7f98312f3000 r--p 00006000 08:05 2239067                    /usr/lib/x86_64-linux-gnu/libdrm_nouveau.so.2.0.0
7f98312f3000-7f98312f4000 rw-p 00007000 08:05 2239067                    /usr/lib/x86_64-linux-gnu/libdrm_nouveau.so.2.0.0
7f98312f4000-7f9831314000 r-xp 00000000 08:05 2239065                    /usr/lib/x86_64-linux-gnu/libdrm_intel.so.1.0.0
7f9831314000-7f9831513000 ---p 00020000 08:05 2239065                    /usr/lib/x86_64-linux-gnu/libdrm_intel.so.1.0.0
7f9831513000-7f9831514000 r--p 0001f000 08:05 2239065                    /usr/lib/x86_64-linux-gnu/libdrm_intel.so.1.0.0
7f9831514000-7f9831515000 rw-p 00020000 08:05 2239065                    /usr/lib/x86_64-linux-gnu/libdrm_intel.so.1.0.0
7f9831515000-7f983161c000 r-xp 00000000 08:05 398656                     /lib/x86_64-linux-gnu/libgcrypt.so.20.1.2
7f983161c000-7f983181b000 ---p 00107000 08:05 398656                     /lib/x86_64-linux-gnu/libgcrypt.so.20.1.2
7f983181b000-7f983181d000 r--p 00106000 08:05 398656                     /lib/x86_64-linux-gnu/libgcrypt.so.20.1.2
7f983181d000-7f9831824000 rw-p 00108000 08:05 398656                     /lib/x86_64-linux-gnu/libgcrypt.so.20.1.2
7f9831824000-7f9831ec7000 r-xp 00000000 08:05 133427                     /usr/lib/x86_64-linux-gnu/dri/i965_dri.so
7f9831ec7000-7f98320c6000 ---p 006a3000 08:05 133427                     /usr/lib/x86_64-linux-gnu/dri/i965_dri.so
7f98320c6000-7f9832105000 r--p 006a2000 08:05 133427                     /usr/lib/x86_64-linux-gnu/dri/i965_dri.so
7f9832105000-7f983210d000 rw-p 006e1000 08:05 133427                     /usr/lib/x86_64-linux-gnu/dri/i965_dri.so
7f983210d000-7f9832115000 rw-p 00000000 00:00 0 
7f9832115000-7f9832119000 r-xp 00000000 08:05 398105                     /lib/x86_64-linux-gnu/libuuid.so.1.3.0
7f9832119000-7f9832318000 ---p 00004000 08:05 398105                     /lib/x86_64-linux-gnu/libuuid.so.1.3.0
7f9832318000-7f9832319000 r--p 00003000 08:05 398105                     /lib/x86_64-linux-gnu/libuuid.so.1.3.0
7f9832319000-7f983231a000 rw-p 00004000 08:05 398105                     /lib/x86_64-linux-gnu/libuuid.so.1.3.0
7f983231a000-7f9832320000 r-xp 00000000 08:05 2239010                    /usr/lib/x86_64-linux-gnu/libdatrie.so.1.3.3
7f9832320000-7f9832520000 ---p 00006000 08:05 2239010                    /usr/lib/x86_64-linux-gnu/libdatrie.so.1.3.3
7f9832520000-7f9832521000 r--p 00006000 08:05 2239010                    /usr/lib/x86_64-linux-gnu/libdatrie.so.1.3.3
7f9832521000-7f9832522000 rw-p 00007000 08:05 2239010                    /usr/lib/x86_64-linux-gnu/libdatrie.so.1.3.3
7f9832522000-7f9832527000 r-xp 00000000 08:05 2238755                    /usr/lib/x86_64-linux-gnu/libXdmcp.so.6.0.0
7f9832527000-7f9832726000 ---p 00005000 08:05 2238755                    /usr/lib/x86_64-linux-gnu/libXdmcp.so.6.0.0
7f9832726000-7f9832727000 r--p 00004000 08:05 2238755                    /usr/lib/x86_64-linux-gnu/libXdmcp.so.6.0.0
7f9832727000-7f9832728000 rw-p 00005000 08:05 2238755                    /usr/lib/x86_64-linux-gnu/libXdmcp.so.6.0.0
7f9832728000-7f983272a000 r-xp 00000000 08:05 2238744                    /usr/lib/x86_64-linux-gnu/libXau.so.6.0.0
7f983272a000-7f983292a000 ---p 00002000 08:05 2238744                    /usr/lib/x86_64-linux-gnu/libXau.so.6.0.0
7f983292a000-7f983292b000 r--p 00002000 08:05 2238744                    /usr/lib/x86_64-linux-gnu/libXau.so.6.0.0
7f983292b000-7f983292c000 rw-p 00003000 08:05 2238744                    /usr/lib/x86_64-linux-gnu/libXau.so.6.0.0
7f983292c000-7f983294f000 r-xp 00000000 08:05 2239322                    /usr/lib/x86_64-linux-gnu/libgraphite2.so.3.0.1
7f983294f000-7f9832b4e000 ---p 00023000 08:05 2239322                    /usr/lib/x86_64-linux-gnu/libgraphite2.so.3.0.1
7f9832b4e000-7f9832b50000 r--p 00022000 08:05 2239322                    /usr/lib/x86_64-linux-gnu/libgraphite2.so.3.0.1
7f9832b50000-7f9832b51000 rw-p 00024000 08:05 2239322                    /usr/lib/x86_64-linux-gnu/libgraphite2.so.3.0.1
7f9832b51000-7f9832b8e000 r-xp 00000000 08:05 398114                     /lib/x86_64-linux-gnu/libblkid.so.1.1.0
7f9832b8e000-7f9832d8d000 ---p 0003d000 08:05 398114                     /lib/x86_64-linux-gnu/libblkid.so.1.1.0
7f9832d8d000-7f9832d91000 r--p 0003c000 08:05 398114                     /lib/x86_64-linux-gnu/libblkid.so.1.1.0
7f9832d91000-7f9832d92000 rw-p 00040000 08:05 398114                     /lib/x86_64-linux-gnu/libblkid.so.1.1.0
7f9832d92000-7f9832d93000 rw-p 00000000 00:00 0 
7f9832d93000-7f9832da1000 r-xp 00000000 08:05 2239061                    /usr/lib/x86_64-linux-gnu/libdrm.so.2.4.0
7f9832da1000-7f9832fa0000 ---p 0000e000 08:05 2239061                    /usr/lib/x86_64-linux-gnu/libdrm.so.2.4.0
7f9832fa0000-7f9832fa1000 r--p 0000d000 08:05 2239061                    /usr/lib/x86_64-linux-gnu/libdrm.so.2.4.0
7f9832fa1000-7f9832fa2000 rw-p 0000e000 08:05 2239061                    /usr/lib/x86_64-linux-gnu/libdrm.so.2.4.0
7f9832fa2000-7f9832fa6000 r-xp 00000000 08:05 2240244                    /usr/lib/x86_64-linux-gnu/libxcb-dri2.so.0.0.0
7f9832fa6000-7f98331a5000 ---p 00004000 08:05 2240244                    /usr/lib/x86_64-linux-gnu/libxcb-dri2.so.0.0.0
7f98331a5000-7f98331a6000 r--p 00003000 08:05 2240244                    /usr/lib/x86_64-linux-gnu/libxcb-dri2.so.0.0.0
7f98331a6000-7f98331a7000 rw-p 00004000 08:05 2240244                    /usr/lib/x86_64-linux-gnu/libxcb-dri2.so.0.0.0
7f98331a7000-7f98331be000 r-xp 00000000 08:05 2240248                    /usr/lib/x86_64-linux-gnu/libxcb-glx.so.0.0.0
7f98331be000-7f98333bd000 ---p 00017000 08:05 2240248                    /usr/lib/x86_64-linux-gnu/libxcb-glx.so.0.0.0
7f98333bd000-7f98333bf000 r--p 00016000 08:05 2240248                    /usr/lib/x86_64-linux-gnu/libxcb-glx.so.0.0.0
7f98333bf000-7f98333c0000 rw-p 00018000 08:05 2240248                    /usr/lib/x86_64-linux-gnu/libxcb-glx.so.0.0.0
7f98333c0000-7f98333c1000 r-xp 00000000 08:05 2238738                    /usr/lib/x86_64-linux-gnu/libX11-xcb.so.1.0.0
7f98333c1000-7f98335c0000 ---p 00001000 08:05 2238738                    /usr/lib/x86_64-linux-gnu/libX11-xcb.so.1.0.0
7f98335c0000-7f98335c1000 r--p 00000000 08:05 2238738                    /usr/lib/x86_64-linux-gnu/libX11-xcb.so.1.0.0
7f98335c1000-7f98335c2000 rw-p 00001000 08:05 2238738                    /usr/lib/x86_64-linux-gnu/libX11-xcb.so.1.0.0
7f98335c2000-7f98335eb000 r-xp 00000000 08:05 2231673                    /usr/lib/x86_64-linux-gnu/libglapi.so.0.0.0
7f98335eb000-7f98337ea000 ---p 00029000 08:05 2231673                    /usr/lib/x86_64-linux-gnu/libglapi.so.0.0.0
7f98337ea000-7f98337ee000 r--p 00028000 08:05 2231673                    /usr/lib/x86_64-linux-gnu/libglapi.so.0.0.0
7f98337ee000-7f98337ef000 rw-p 0002c000 08:05 2231673                    /usr/lib/x86_64-linux-gnu/libglapi.so.0.0.0
7f98337ef000-7f98337f0000 rw-p 00000000 00:00 0 
7f98337f0000-7f98337f1000 r-xp 00000000 08:05 2240290                    /usr/lib/x86_64-linux-gnu/libxshmfence.so.1.0.0
7f98337f1000-7f98339f1000 ---p 00001000 08:05 2240290                    /usr/lib/x86_64-linux-gnu/libxshmfence.so.1.0.0
7f98339f1000-7f98339f2000 r--p 00001000 08:05 2240290                    /usr/lib/x86_64-linux-gnu/libxshmfence.so.1.0.0
7f98339f2000-7f98339f3000 rw-p 00002000 08:05 2240290                    /usr/lib/x86_64-linux-gnu/libxshmfence.so.1.0.0
7f98339f3000-7f98339f8000 r-xp 00000000 08:05 2240268                    /usr/lib/x86_64-linux-gnu/libxcb-sync.so.1.0.0
7f98339f8000-7f9833bf8000 ---p 00005000 08:05 2240268                    /usr/lib/x86_64-linux-gnu/libxcb-sync.so.1.0.0
7f9833bf8000-7f9833bf9000 r--p 00005000 08:05 2240268                    /usr/lib/x86_64-linux-gnu/libxcb-sync.so.1.0.0
7f9833bf9000-7f9833bfa000 rw-p 00006000 08:05 2240268                    /usr/lib/x86_64-linux-gnu/libxcb-sync.so.1.0.0
7f9833bfa000-7f9833bfc000 r-xp 00000000 08:05 2240256                    /usr/lib/x86_64-linux-gnu/libxcb-present.so.0.0.0
7f9833bfc000-7f9833dfb000 ---p 00002000 08:05 2240256                    /usr/lib/x86_64-linux-gnu/libxcb-present.so.0.0.0
7f9833dfb000-7f9833dfc000 r--p 00001000 08:05 2240256                    /usr/lib/x86_64-linux-gnu/libxcb-present.so.0.0.0
7f9833dfc000-7f9833dfd000 rw-p 00002000 08:05 2240256                    /usr/lib/x86_64-linux-gnu/libxcb-present.so.0.0.0
7f9833dfd000-7f9833dff000 r-xp 00000000 08:05 2240246                    /usr/lib/x86_64-linux-gnu/libxcb-dri3.so.0.0.0
7f9833dff000-7f9833ffe000 ---p 00002000 08:05 2240246                    /usr/lib/x86_64-linux-gnu/libxcb-dri3.so.0.0.0
7f9833ffe000-7f9833fff000 r--p 00001000 08:05 2240246                    /usr/lib/x86_64-linux-gnu/libxcb-dri3.so.0.0.0
7f9833fff000-7f9834000000 rw-p 00002000 08:05 2240246                    /usr/lib/x86_64-linux-gnu/libxcb-dri3.so.0.0.0
7f9834000000-7f9835e69000 rw-p 00000000 00:00 0 
7f9835e69000-7f9838000000 ---p 00000000 00:00 0 
7f9838005000-7f9838015000 rw-s 00000000 00:05 446680                     /drm mm object (deleted)
7f9838015000-7f9838021000 rw-s 00000000 00:05 446599                     /drm mm object (deleted)
7f9838021000-7f9838034000 r--s 00345000 08:05 2243549                    /usr/lib/jvm/java-8-oracle/jre/lib/resources.jar
7f9838034000-7f9838082000 r--p 00000000 08:05 2243420                    /usr/lib/jvm/java-8-oracle/jre/lib/fonts/LucidaSansDemiBold.ttf
7f9838082000-7f9838085000 ---p 00000000 00:00 0 
7f9838085000-7f9838183000 rw-p 00000000 00:00 0 
7f9838183000-7f98381f5000 r-xp 00000000 08:05 398742                     /lib/x86_64-linux-gnu/libpcre.so.3.13.3
7f98381f5000-7f98383f4000 ---p 00072000 08:05 398742                     /lib/x86_64-linux-gnu/libpcre.so.3.13.3
7f98383f4000-7f98383f5000 r--p 00071000 08:05 398742                     /lib/x86_64-linux-gnu/libpcre.so.3.13.3
7f98383f5000-7f98383f6000 rw-p 00072000 08:05 398742                     /lib/x86_64-linux-gnu/libpcre.so.3.13.3
7f98383f6000-7f98383fd000 r-xp 00000000 08:05 2239141                    /usr/lib/x86_64-linux-gnu/libffi.so.6.0.4
7f98383fd000-7f98385fc000 ---p 00007000 08:05 2239141                    /usr/lib/x86_64-linux-gnu/libffi.so.6.0.4
7f98385fc000-7f98385fd000 r--p 00006000 08:05 2239141                    /usr/lib/x86_64-linux-gnu/libffi.so.6.0.4
7f98385fd000-7f98385fe000 rw-p 00007000 08:05 2239141                    /usr/lib/x86_64-linux-gnu/libffi.so.6.0.4
7f98385fe000-7f9838625000 r-xp 00000000 08:05 398647                     /lib/x86_64-linux-gnu/libexpat.so.1.6.2
7f9838625000-7f9838825000 ---p 00027000 08:05 398647                     /lib/x86_64-linux-gnu/libexpat.so.1.6.2
7f9838825000-7f9838827000 r--p 00027000 08:05 398647                     /lib/x86_64-linux-gnu/libexpat.so.1.6.2
7f9838827000-7f9838828000 rw-p 00029000 08:05 398647                     /lib/x86_64-linux-gnu/libexpat.so.1.6.2
7f9838828000-7f9838830000 r-xp 00000000 08:05 2240000                    /usr/lib/x86_64-linux-gnu/libthai.so.0.3.0
7f9838830000-7f9838a2f000 ---p 00008000 08:05 2240000                    /usr/lib/x86_64-linux-gnu/libthai.so.0.3.0
7f9838a2f000-7f9838a30000 r--p 00007000 08:05 2240000                    /usr/lib/x86_64-linux-gnu/libthai.so.0.3.0
7f9838a30000-7f9838a31000 rw-p 00008000 08:05 2240000                    /usr/lib/x86_64-linux-gnu/libthai.so.0.3.0
7f9838a31000-7f9838a52000 r-xp 00000000 08:05 2240278                    /usr/lib/x86_64-linux-gnu/libxcb.so.1.1.0
7f9838a52000-7f9838c51000 ---p 00021000 08:05 2240278                    /usr/lib/x86_64-linux-gnu/libxcb.so.1.1.0
7f9838c51000-7f9838c52000 r--p 00020000 08:05 2240278                    /usr/lib/x86_64-linux-gnu/libxcb.so.1.1.0
7f9838c52000-7f9838c53000 rw-p 00021000 08:05 2240278                    /usr/lib/x86_64-linux-gnu/libxcb.so.1.1.0
7f9838c53000-7f9838c5b000 r-xp 00000000 08:05 2240262                    /usr/lib/x86_64-linux-gnu/libxcb-render.so.0.0.0
7f9838c5b000-7f9838e5b000 ---p 00008000 08:05 2240262                    /usr/lib/x86_64-linux-gnu/libxcb-render.so.0.0.0
7f9838e5b000-7f9838e5c000 r--p 00008000 08:05 2240262                    /usr/lib/x86_64-linux-gnu/libxcb-render.so.0.0.0
7f9838e5c000-7f9838e5d000 rw-p 00009000 08:05 2240262                    /usr/lib/x86_64-linux-gnu/libxcb-render.so.0.0.0
7f9838e5d000-7f9838e5f000 r-xp 00000000 08:05 2240266                    /usr/lib/x86_64-linux-gnu/libxcb-shm.so.0.0.0
7f9838e5f000-7f983905f000 ---p 00002000 08:05 2240266                    /usr/lib/x86_64-linux-gnu/libxcb-shm.so.0.0.0
7f983905f000-7f9839060000 r--p 00002000 08:05 2240266                    /usr/lib/x86_64-linux-gnu/libxcb-shm.so.0.0.0
7f9839060000-7f9839061000 rw-p 00003000 08:05 2240266                    /usr/lib/x86_64-linux-gnu/libxcb-shm.so.0.0.0
7f9839061000-7f9839092000 r-xp 00000000 08:05 2239791                    /usr/lib/x86_64-linux-gnu/libpng16.so.16.25.0
7f9839092000-7f9839291000 ---p 00031000 08:05 2239791                    /usr/lib/x86_64-linux-gnu/libpng16.so.16.25.0
7f9839291000-7f9839292000 r--p 00030000 08:05 2239791                    /usr/lib/x86_64-linux-gnu/libpng16.so.16.25.0
7f9839292000-7f9839293000 rw-p 00031000 08:05 2239791                    /usr/lib/x86_64-linux-gnu/libpng16.so.16.25.0
7f9839293000-7f9839332000 r-xp 00000000 08:05 2239783                    /usr/lib/x86_64-linux-gnu/libpixman-1.so.0.33.6
7f9839332000-7f9839532000 ---p 0009f000 08:05 2239783                    /usr/lib/x86_64-linux-gnu/libpixman-1.so.0.33.6
7f9839532000-7f983953a000 r--p 0009f000 08:05 2239783                    /usr/lib/x86_64-linux-gnu/libpixman-1.so.0.33.6
7f983953a000-7f983953b000 rw-p 000a7000 08:05 2239783                    /usr/lib/x86_64-linux-gnu/libpixman-1.so.0.33.6
7f983953b000-7f98395b9000 r-xp 00000000 08:05 2239412                    /usr/lib/x86_64-linux-gnu/libharfbuzz.so.0.10200.7
7f98395b9000-7f98397b9000 ---p 0007e000 08:05 2239412                    /usr/lib/x86_64-linux-gnu/libharfbuzz.so.0.10200.7
7f98397b9000-7f98397ba000 r--p 0007e000 08:05 2239412                    /usr/lib/x86_64-linux-gnu/libharfbuzz.so.0.10200.7
7f98397ba000-7f98397bb000 rw-p 0007f000 08:05 2239412                    /usr/lib/x86_64-linux-gnu/libharfbuzz.so.0.10200.7
7f98397bb000-7f9839801000 r-xp 00000000 08:05 398122                     /lib/x86_64-linux-gnu/libmount.so.1.1.0
7f9839801000-7f9839a00000 ---p 00046000 08:05 398122                     /lib/x86_64-linux-gnu/libmount.so.1.1.0
7f9839a00000-7f9839a01000 r--p 00045000 08:05 398122                     /lib/x86_64-linux-gnu/libmount.so.1.1.0
7f9839a01000-7f9839a02000 rw-p 00046000 08:05 398122                     /lib/x86_64-linux-gnu/libmount.so.1.1.0
7f9839a02000-7f9839a03000 rw-p 00000000 00:00 0 
7f9839a03000-7f9839a1a000 r-xp 00000000 08:05 409762                     /lib/x86_64-linux-gnu/libresolv-2.24.so
7f9839a1a000-7f9839c1a000 ---p 00017000 08:05 409762                     /lib/x86_64-linux-gnu/libresolv-2.24.so
7f9839c1a000-7f9839c1b000 r--p 00017000 08:05 409762                     /lib/x86_64-linux-gnu/libresolv-2.24.so
7f9839c1b000-7f9839c1c000 rw-p 00018000 08:05 409762                     /lib/x86_64-linux-gnu/libresolv-2.24.so
7f9839c1c000-7f9839c1e000 rw-p 00000000 00:00 0 
7f9839c1e000-7f9839c41000 r-xp 00000000 08:05 398769                     /lib/x86_64-linux-gnu/libselinux.so.1
7f9839c41000-7f9839e40000 ---p 00023000 08:05 398769                     /lib/x86_64-linux-gnu/libselinux.so.1
7f9839e40000-7f9839e41000 r--p 00022000 08:05 398769                     /lib/x86_64-linux-gnu/libselinux.so.1
7f9839e41000-7f9839e42000 rw-p 00023000 08:05 398769                     /lib/x86_64-linux-gnu/libselinux.so.1
7f9839e42000-7f9839e44000 rw-p 00000000 00:00 0 
7f9839e44000-7f9839e5d000 r-xp 00000000 08:05 398798                     /lib/x86_64-linux-gnu/libz.so.1.2.8
7f9839e5d000-7f983a05c000 ---p 00019000 08:05 398798                     /lib/x86_64-linux-gnu/libz.so.1.2.8
7f983a05c000-7f983a05d000 r--p 00018000 08:05 398798                     /lib/x86_64-linux-gnu/libz.so.1.2.8
7f983a05d000-7f983a05e000 rw-p 00019000 08:05 398798                     /lib/x86_64-linux-gnu/libz.so.1.2.8
7f983a05e000-7f983a06f000 r-xp 00000000 08:05 2238757                    /usr/lib/x86_64-linux-gnu/libXext.so.6.4.0
7f983a06f000-7f983a26e000 ---p 00011000 08:05 2238757                    /usr/lib/x86_64-linux-gnu/libXext.so.6.4.0
7f983a26e000-7f983a26f000 r--p 00010000 08:05 2238757                    /usr/lib/x86_64-linux-gnu/libXext.so.6.4.0
7f983a26f000-7f983a270000 rw-p 00011000 08:05 2238757                    /usr/lib/x86_64-linux-gnu/libXext.so.6.4.0
7f983a270000-7f983a272000 r-xp 00000000 08:05 2238753                    /usr/lib/x86_64-linux-gnu/libXdamage.so.1.1.0
7f983a272000-7f983a471000 ---p 00002000 08:05 2238753                    /usr/lib/x86_64-linux-gnu/libXdamage.so.1.1.0
7f983a471000-7f983a472000 r--p 00001000 08:05 2238753                    /usr/lib/x86_64-linux-gnu/libXdamage.so.1.1.0
7f983a472000-7f983a473000 rw-p 00002000 08:05 2238753                    /usr/lib/x86_64-linux-gnu/libXdamage.so.1.1.0
7f983a473000-7f983a475000 r-xp 00000000 08:05 2238749                    /usr/lib/x86_64-linux-gnu/libXcomposite.so.1.0.0
7f983a475000-7f983a674000 ---p 00002000 08:05 2238749                    /usr/lib/x86_64-linux-gnu/libXcomposite.so.1.0.0
7f983a674000-7f983a675000 r--p 00001000 08:05 2238749                    /usr/lib/x86_64-linux-gnu/libXcomposite.so.1.0.0
7f983a675000-7f983a676000 rw-p 00002000 08:05 2238749                    /usr/lib/x86_64-linux-gnu/libXcomposite.so.1.0.0
7f983a676000-7f983a67f000 r-xp 00000000 08:05 2238751                    /usr/lib/x86_64-linux-gnu/libXcursor.so.1.0.2
7f983a67f000-7f983a87e000 ---p 00009000 08:05 2238751                    /usr/lib/x86_64-linux-gnu/libXcursor.so.1.0.2
7f983a87e000-7f983a87f000 r--p 00008000 08:05 2238751                    /usr/lib/x86_64-linux-gnu/libXcursor.so.1.0.2
7f983a87f000-7f983a880000 rw-p 00009000 08:05 2238751                    /usr/lib/x86_64-linux-gnu/libXcursor.so.1.0.2
7f983a880000-7f983a88a000 r-xp 00000000 08:05 2238775                    /usr/lib/x86_64-linux-gnu/libXrandr.so.2.2.0
7f983a88a000-7f983aa89000 ---p 0000a000 08:05 2238775                    /usr/lib/x86_64-linux-gnu/libXrandr.so.2.2.0
7f983aa89000-7f983aa8a000 r--p 00009000 08:05 2238775                    /usr/lib/x86_64-linux-gnu/libXrandr.so.2.2.0
7f983aa8a000-7f983aa8b000 rw-p 0000a000 08:05 2238775                    /usr/lib/x86_64-linux-gnu/libXrandr.so.2.2.0
7f983aa8b000-7f983aa9a000 r-xp 00000000 08:05 2238765                    /usr/lib/x86_64-linux-gnu/libXi.so.6.1.0
7f983aa9a000-7f983ac99000 ---p 0000f000 08:05 2238765                    /usr/lib/x86_64-linux-gnu/libXi.so.6.1.0
7f983ac99000-7f983ac9a000 r--p 0000e000 08:05 2238765                    /usr/lib/x86_64-linux-gnu/libXi.so.6.1.0
7f983ac9a000-7f983ac9b000 rw-p 0000f000 08:05 2238765                    /usr/lib/x86_64-linux-gnu/libXi.so.6.1.0
7f983ac9b000-7f983ac9d000 r-xp 00000000 08:05 2238767                    /usr/lib/x86_64-linux-gnu/libXinerama.so.1.0.0
7f983ac9d000-7f983ae9c000 ---p 00002000 08:05 2238767                    /usr/lib/x86_64-linux-gnu/libXinerama.so.1.0.0
7f983ae9c000-7f983ae9d000 r--p 00001000 08:05 2238767                    /usr/lib/x86_64-linux-gnu/libXinerama.so.1.0.0
7f983ae9d000-7f983ae9e000 rw-p 00002000 08:05 2238767                    /usr/lib/x86_64-linux-gnu/libXinerama.so.1.0.0
7f983ae9e000-7f983aea7000 r-xp 00000000 08:05 2238777                    /usr/lib/x86_64-linux-gnu/libXrender.so.1.3.0
7f983aea7000-7f983b0a6000 ---p 00009000 08:05 2238777                    /usr/lib/x86_64-linux-gnu/libXrender.so.1.3.0
7f983b0a6000-7f983b0a7000 r--p 00008000 08:05 2238777                    /usr/lib/x86_64-linux-gnu/libXrender.so.1.3.0
7f983b0a7000-7f983b0a8000 rw-p 00009000 08:05 2238777                    /usr/lib/x86_64-linux-gnu/libXrender.so.1.3.0
7f983b0a8000-7f983b0ad000 r-xp 00000000 08:05 2238759                    /usr/lib/x86_64-linux-gnu/libXfixes.so.3.1.0
7f983b0ad000-7f983b2ac000 ---p 00005000 08:05 2238759                    /usr/lib/x86_64-linux-gnu/libXfixes.so.3.1.0
7f983b2ac000-7f983b2ad000 r--p 00004000 08:05 2238759                    /usr/lib/x86_64-linux-gnu/libXfixes.so.3.1.0
7f983b2ad000-7f983b2ae000 rw-p 00005000 08:05 2238759                    /usr/lib/x86_64-linux-gnu/libXfixes.so.3.1.0
7f983b2ae000-7f983b2c4000 r-xp 00000000 08:05 398654                     /lib/x86_64-linux-gnu/libgcc_s.so.1
7f983b2c4000-7f983b4c3000 ---p 00016000 08:05 398654                     /lib/x86_64-linux-gnu/libgcc_s.so.1
7f983b4c3000-7f983b4c4000 r--p 00015000 08:05 398654                     /lib/x86_64-linux-gnu/libgcc_s.so.1
7f983b4c4000-7f983b4c5000 rw-p 00016000 08:05 398654                     /lib/x86_64-linux-gnu/libgcc_s.so.1
7f983b4c5000-7f983b63d000 r-xp 00000000 08:05 2239972                    /usr/lib/x86_64-linux-gnu/libstdc++.so.6.0.22
7f983b63d000-7f983b83d000 ---p 00178000 08:05 2239972                    /usr/lib/x86_64-linux-gnu/libstdc++.so.6.0.22
7f983b83d000-7f983b847000 r--p 00178000 08:05 2239972                    /usr/lib/x86_64-linux-gnu/libstdc++.so.6.0.22
7f983b847000-7f983b849000 rw-p 00182000 08:05 2239972                    /usr/lib/x86_64-linux-gnu/libstdc++.so.6.0.22
7f983b849000-7f983b84d000 rw-p 00000000 00:00 0 
7f983b84d000-7f983b8bd000 r-xp 00000000 08:05 133030                     /usr/lib/x86_64-linux-gnu/mesa/libGL.so.1.2.0
7f983b8bd000-7f983babc000 ---p 00070000 08:05 133030                     /usr/lib/x86_64-linux-gnu/mesa/libGL.so.1.2.0
7f983babc000-7f983babf000 r--p 0006f000 08:05 133030                     /usr/lib/x86_64-linux-gnu/mesa/libGL.so.1.2.0
7f983babf000-7f983bac0000 rw-p 00072000 08:05 133030                     /usr/lib/x86_64-linux-gnu/mesa/libGL.so.1.2.0
7f983bac0000-7f983bac1000 rw-p 00000000 00:00 0 
7f983bac1000-7f983bac6000 r-xp 00000000 08:05 2238793                    /usr/lib/x86_64-linux-gnu/libXxf86vm.so.1.0.0
7f983bac6000-7f983bcc5000 ---p 00005000 08:05 2238793                    /usr/lib/x86_64-linux-gnu/libXxf86vm.so.1.0.0
7f983bcc5000-7f983bcc6000 r--p 00004000 08:05 2238793                    /usr/lib/x86_64-linux-gnu/libXxf86vm.so.1.0.0
7f983bcc6000-7f983bcc7000 rw-p 00005000 08:05 2238793                    /usr/lib/x86_64-linux-gnu/libXxf86vm.so.1.0.0
7f983bcc7000-7f983bdfc000 r-xp 00000000 08:05 2238740                    /usr/lib/x86_64-linux-gnu/libX11.so.6.3.0
7f983bdfc000-7f983bffb000 ---p 00135000 08:05 2238740                    /usr/lib/x86_64-linux-gnu/libX11.so.6.3.0
7f983bffb000-7f983bffc000 r--p 00134000 08:05 2238740                    /usr/lib/x86_64-linux-gnu/libX11.so.6.3.0
7f983bffc000-7f983c000000 rw-p 00135000 08:05 2238740                    /usr/lib/x86_64-linux-gnu/libX11.so.6.3.0
7f983c000000-7f983c0a5000 rw-p 00000000 00:00 0 
7f983c0a5000-7f9840000000 ---p 00000000 00:00 0 
7f9840000000-7f9840297000 rw-p 00000000 00:00 0 
7f9840297000-7f9844000000 ---p 00000000 00:00 0 
7f9844000000-7f9844021000 rw-p 00000000 00:00 0 
7f9844021000-7f9848000000 ---p 00000000 00:00 0 
7f9848000000-7f9848021000 rw-p 00000000 00:00 0 
7f9848021000-7f984c000000 ---p 00000000 00:00 0 
7f984c000000-7f984c12d000 rw-p 00000000 00:00 0 
7f984c12d000-7f9850000000 ---p 00000000 00:00 0 
7f9850000000-7f98502d7000 rw-p 00000000 00:00 0 
7f98502d7000-7f9854000000 ---p 00000000 00:00 0 
7f9854000000-7f9854021000 rw-p 00000000 00:00 0 
7f9854021000-7f9858000000 ---p 00000000 00:00 0 
7f9858000000-7f985811e000 rw-p 00000000 00:00 0 
7f985811e000-7f985c000000 ---p 00000000 00:00 0 
7f985c000000-7f985c021000 rw-p 00000000 00:00 0 
7f985c021000-7f9860000000 ---p 00000000 00:00 0 
7f9860000000-7f9860021000 rw-p 00000000 00:00 0 
7f9860021000-7f9864000000 ---p 00000000 00:00 0 
7f9864000000-7f9864021000 rw-p 00000000 00:00 0 
7f9864021000-7f9868000000 ---p 00000000 00:00 0 
7f9868001000-7f9868009000 rw-s 00000000 00:05 446681                     /drm mm object (deleted)
7f9868009000-7f986801c000 r--p 00000000 08:05 2243414                    /usr/lib/jvm/java-8-oracle/jre/lib/fonts/LucidaBrightDemiBold.ttf
7f986801c000-7f9868030000 r--p 00000000 08:05 2243417                    /usr/lib/jvm/java-8-oracle/jre/lib/fonts/LucidaBrightItalic.ttf
7f9868030000-7f9868043000 r--p 00000000 08:05 2243421                    /usr/lib/jvm/java-8-oracle/jre/lib/fonts/LucidaBrightDemiItalic.ttf
7f9868043000-7f98680c5000 r-xp 00000000 08:05 398147                     /lib/x86_64-linux-gnu/libsystemd.so.0.16.0
7f98680c5000-7f98680c8000 r--p 00081000 08:05 398147                     /lib/x86_64-linux-gnu/libsystemd.so.0.16.0
7f98680c8000-7f98680c9000 rw-p 00084000 08:05 398147                     /lib/x86_64-linux-gnu/libsystemd.so.0.16.0
7f98680c9000-7f98680ca000 rw-p 00000000 00:00 0 
7f98680ca000-7f98680cf000 r-xp 00000000 08:05 2238783                    /usr/lib/x86_64-linux-gnu/libXtst.so.6.1.0
7f98680cf000-7f98682ce000 ---p 00005000 08:05 2238783                    /usr/lib/x86_64-linux-gnu/libXtst.so.6.1.0
7f98682ce000-7f98682cf000 r--p 00004000 08:05 2238783                    /usr/lib/x86_64-linux-gnu/libXtst.so.6.1.0
7f98682cf000-7f98682d0000 rw-p 00005000 08:05 2238783                    /usr/lib/x86_64-linux-gnu/libXtst.so.6.1.0
7f98682d0000-7f98683e2000 r-xp 00000000 08:05 399763                     /lib/x86_64-linux-gnu/libglib-2.0.so.0.5000.2
7f98683e2000-7f98685e1000 ---p 00112000 08:05 399763                     /lib/x86_64-linux-gnu/libglib-2.0.so.0.5000.2
7f98685e1000-7f98685e2000 r--p 00111000 08:05 399763                     /lib/x86_64-linux-gnu/libglib-2.0.so.0.5000.2
7f98685e2000-7f98685e3000 rw-p 00112000 08:05 399763                     /lib/x86_64-linux-gnu/libglib-2.0.so.0.5000.2
7f98685e3000-7f98685e4000 rw-p 00000000 00:00 0 
7f98685e4000-7f98685e5000 r-xp 00000000 08:05 2228686                    /usr/lib/x86_64-linux-gnu/libgthread-2.0.so.0.5000.2
7f98685e5000-7f98687e4000 ---p 00001000 08:05 2228686                    /usr/lib/x86_64-linux-gnu/libgthread-2.0.so.0.5000.2
7f98687e4000-7f98687e5000 r--p 00000000 08:05 2228686                    /usr/lib/x86_64-linux-gnu/libgthread-2.0.so.0.5000.2
7f98687e5000-7f98687e6000 rw-p 00001000 08:05 2228686                    /usr/lib/x86_64-linux-gnu/libgthread-2.0.so.0.5000.2
7f98687e6000-7f98687e9000 r-xp 00000000 08:05 2228661                    /usr/lib/x86_64-linux-gnu/libgmodule-2.0.so.0.5000.2
7f98687e9000-7f98689e8000 ---p 00003000 08:05 2228661                    /usr/lib/x86_64-linux-gnu/libgmodule-2.0.so.0.5000.2
7f98689e8000-7f98689e9000 r--p 00002000 08:05 2228661                    /usr/lib/x86_64-linux-gnu/libgmodule-2.0.so.0.5000.2
7f98689e9000-7f98689ea000 rw-p 00003000 08:05 2228661                    /usr/lib/x86_64-linux-gnu/libgmodule-2.0.so.0.5000.2
7f98689ea000-7f9868a3c000 r-xp 00000000 08:05 2228683                    /usr/lib/x86_64-linux-gnu/libgobject-2.0.so.0.5000.2
7f9868a3c000-7f9868c3b000 ---p 00052000 08:05 2228683                    /usr/lib/x86_64-linux-gnu/libgobject-2.0.so.0.5000.2
7f9868c3b000-7f9868c3c000 r--p 00051000 08:05 2228683                    /usr/lib/x86_64-linux-gnu/libgobject-2.0.so.0.5000.2
7f9868c3c000-7f9868c3d000 rw-p 00052000 08:05 2228683                    /usr/lib/x86_64-linux-gnu/libgobject-2.0.so.0.5000.2
7f9868c3d000-7f9868c7a000 r-xp 00000000 08:05 2239159                    /usr/lib/x86_64-linux-gnu/libfontconfig.so.1.9.0
7f9868c7a000-7f9868e79000 ---p 0003d000 08:05 2239159                    /usr/lib/x86_64-linux-gnu/libfontconfig.so.1.9.0
7f9868e79000-7f9868e7b000 r--p 0003c000 08:05 2239159                    /usr/lib/x86_64-linux-gnu/libfontconfig.so.1.9.0
7f9868e7b000-7f9868e80000 rw-p 0003e000 08:05 2239159                    /usr/lib/x86_64-linux-gnu/libfontconfig.so.1.9.0
7f9868e80000-7f9868f27000 r-xp 00000000 08:05 2229706                    /usr/lib/x86_64-linux-gnu/libfreetype.so.6.12.3
7f9868f27000-7f9869126000 ---p 000a7000 08:05 2229706                    /usr/lib/x86_64-linux-gnu/libfreetype.so.6.12.3
7f9869126000-7f986912c000 r--p 000a6000 08:05 2229706                    /usr/lib/x86_64-linux-gnu/libfreetype.so.6.12.3
7f986912c000-7f986912d000 rw-p 000ac000 08:05 2229706                    /usr/lib/x86_64-linux-gnu/libfreetype.so.6.12.3
7f986912d000-7f9869176000 r-xp 00000000 08:05 2239751                    /usr/lib/x86_64-linux-gnu/libpango-1.0.so.0.4000.1
7f9869176000-7f9869376000 ---p 00049000 08:05 2239751                    /usr/lib/x86_64-linux-gnu/libpango-1.0.so.0.4000.1
7f9869376000-7f9869378000 r--p 00049000 08:05 2239751                    /usr/lib/x86_64-linux-gnu/libpango-1.0.so.0.4000.1
7f9869378000-7f9869379000 rw-p 0004b000 08:05 2239751                    /usr/lib/x86_64-linux-gnu/libpango-1.0.so.0.4000.1
7f9869379000-7f9869487000 r-xp 00000000 08:05 2238910                    /usr/lib/x86_64-linux-gnu/libcairo.so.2.11400.6
7f9869487000-7f9869686000 ---p 0010e000 08:05 2238910                    /usr/lib/x86_64-linux-gnu/libcairo.so.2.11400.6
7f9869686000-7f9869689000 r--p 0010d000 08:05 2238910                    /usr/lib/x86_64-linux-gnu/libcairo.so.2.11400.6
7f9869689000-7f986968a000 rw-p 00110000 08:05 2238910                    /usr/lib/x86_64-linux-gnu/libcairo.so.2.11400.6
7f986968a000-7f986968c000 rw-p 00000000 00:00 0 
7f986968c000-7f9869698000 r-xp 00000000 08:05 2239753                    /usr/lib/x86_64-linux-gnu/libpangocairo-1.0.so.0.4000.1
7f9869698000-7f9869897000 ---p 0000c000 08:05 2239753                    /usr/lib/x86_64-linux-gnu/libpangocairo-1.0.so.0.4000.1
7f9869897000-7f9869898000 r--p 0000b000 08:05 2239753                    /usr/lib/x86_64-linux-gnu/libpangocairo-1.0.so.0.4000.1
7f9869898000-7f9869899000 rw-p 0000c000 08:05 2239753                    /usr/lib/x86_64-linux-gnu/libpangocairo-1.0.so.0.4000.1
7f9869899000-7f98698ba000 r-xp 00000000 08:05 2239234                    /usr/lib/x86_64-linux-gnu/libgdk_pixbuf-2.0.so.0.3400.0
7f98698ba000-7f9869ab9000 ---p 00021000 08:05 2239234                    /usr/lib/x86_64-linux-gnu/libgdk_pixbuf-2.0.so.0.3400.0
7f9869ab9000-7f9869aba000 r--p 00020000 08:05 2239234                    /usr/lib/x86_64-linux-gnu/libgdk_pixbuf-2.0.so.0.3400.0
7f9869aba000-7f9869abb000 rw-p 00021000 08:05 2239234                    /usr/lib/x86_64-linux-gnu/libgdk_pixbuf-2.0.so.0.3400.0
7f9869abb000-7f9869acf000 r-xp 00000000 08:05 2239755                    /usr/lib/x86_64-linux-gnu/libpangoft2-1.0.so.0.4000.1
7f9869acf000-7f9869ccf000 ---p 00014000 08:05 2239755                    /usr/lib/x86_64-linux-gnu/libpangoft2-1.0.so.0.4000.1
7f9869ccf000-7f9869cd0000 r--p 00014000 08:05 2239755                    /usr/lib/x86_64-linux-gnu/libpangoft2-1.0.so.0.4000.1
7f9869cd0000-7f9869cd1000 rw-p 00015000 08:05 2239755                    /usr/lib/x86_64-linux-gnu/libpangoft2-1.0.so.0.4000.1
7f9869cd1000-7f9869e5e000 r-xp 00000000 08:05 2228637                    /usr/lib/x86_64-linux-gnu/libgio-2.0.so.0.5000.2
7f9869e5e000-7f986a05d000 ---p 0018d000 08:05 2228637                    /usr/lib/x86_64-linux-gnu/libgio-2.0.so.0.5000.2
7f986a05d000-7f986a062000 r--p 0018c000 08:05 2228637                    /usr/lib/x86_64-linux-gnu/libgio-2.0.so.0.5000.2
7f986a062000-7f986a065000 rw-p 00191000 08:05 2228637                    /usr/lib/x86_64-linux-gnu/libgio-2.0.so.0.5000.2
7f986a065000-7f986a066000 rw-p 00000000 00:00 0 
7f986a066000-7f986a088000 r-xp 00000000 08:05 2238844                    /usr/lib/x86_64-linux-gnu/libatk-1.0.so.0.22009.1
7f986a088000-7f986a287000 ---p 00022000 08:05 2238844                    /usr/lib/x86_64-linux-gnu/libatk-1.0.so.0.22009.1
7f986a287000-7f986a28a000 r--p 00021000 08:05 2238844                    /usr/lib/x86_64-linux-gnu/libatk-1.0.so.0.22009.1
7f986a28a000-7f986a28b000 rw-p 00024000 08:05 2238844                    /usr/lib/x86_64-linux-gnu/libatk-1.0.so.0.22009.1
7f986a28b000-7f986a33b000 r-xp 00000000 08:05 2234326                    /usr/lib/x86_64-linux-gnu/libgdk-x11-2.0.so.0.2400.30
7f986a33b000-7f986a53a000 ---p 000b0000 08:05 2234326                    /usr/lib/x86_64-linux-gnu/libgdk-x11-2.0.so.0.2400.30
7f986a53a000-7f986a53e000 r--p 000af000 08:05 2234326                    /usr/lib/x86_64-linux-gnu/libgdk-x11-2.0.so.0.2400.30
7f986a53e000-7f986a540000 rw-p 000b3000 08:05 2234326                    /usr/lib/x86_64-linux-gnu/libgdk-x11-2.0.so.0.2400.30
7f986a540000-7f986a97e000 r-xp 00000000 08:05 2234327                    /usr/lib/x86_64-linux-gnu/libgtk-x11-2.0.so.0.2400.30
7f986a97e000-7f986ab7e000 ---p 0043e000 08:05 2234327                    /usr/lib/x86_64-linux-gnu/libgtk-x11-2.0.so.0.2400.30
7f986ab7e000-7f986ab85000 r--p 0043e000 08:05 2234327                    /usr/lib/x86_64-linux-gnu/libgtk-x11-2.0.so.0.2400.30
7f986ab85000-7f986ab89000 rw-p 00445000 08:05 2234327                    /usr/lib/x86_64-linux-gnu/libgtk-x11-2.0.so.0.2400.30
7f986ab89000-7f986ab8c000 rw-p 00000000 00:00 0 
7f986ab8c000-7f986ab98000 r-xp 00000000 08:05 2243337                    /usr/lib/jvm/java-8-oracle/jre/lib/amd64/libprism_es2.so
7f986ab98000-7f986ad97000 ---p 0000c000 08:05 2243337                    /usr/lib/jvm/java-8-oracle/jre/lib/amd64/libprism_es2.so
7f986ad97000-7f986ad98000 rw-p 0000b000 08:05 2243337                    /usr/lib/jvm/java-8-oracle/jre/lib/amd64/libprism_es2.so
7f986ad98000-7f986ad9b000 ---p 00000000 00:00 0 
7f986ad9b000-7f986ae99000 rw-p 00000000 00:00 0 
7f986ae99000-7f986ae9c000 ---p 00000000 00:00 0 
7f986ae9c000-7f986af9a000 rw-p 00000000 00:00 0 
7f986af9a000-7f986af9d000 ---p 00000000 00:00 0 
7f986af9d000-7f986b09b000 rw-p 00000000 00:00 0 
7f986b09b000-7f986b09c000 ---p 00000000 00:00 0 
7f986b09c000-7f986b19c000 rw-p 00000000 00:00 0 
7f986b19c000-7f986b19f000 ---p 00000000 00:00 0 
7f986b19f000-7f986b29d000 rw-p 00000000 00:00 0 
7f986b29d000-7f986b2a0000 ---p 00000000 00:00 0 
7f986b2a0000-7f986b39e000 rw-p 00000000 00:00 0 
7f986b39e000-7f986b3a1000 ---p 00000000 00:00 0 
7f986b3a1000-7f986b49f000 rw-p 00000000 00:00 0 
7f986b49f000-7f986b4a2000 ---p 00000000 00:00 0 
7f986b4a2000-7f986b5a0000 rw-p 00000000 00:00 0 
7f986b5a0000-7f986b5a3000 ---p 00000000 00:00 0 
7f986b5a3000-7f986b6a1000 rw-p 00000000 00:00 0 
7f986b6a1000-7f986bafb000 r--p 00000000 08:05 2229872                    /usr/lib/locale/locale-archive
7f986bafb000-7f986bafe000 ---p 00000000 00:00 0 
7f986bafe000-7f986bbfc000 rw-p 00000000 00:00 0 
7f986bbfc000-7f986bbff000 ---p 00000000 00:00 0 
7f986bbff000-7f986bcfd000 rw-p 00000000 00:00 0 
7f986bcfd000-7f986bcfe000 ---p 00000000 00:00 0 
7f986bcfe000-7f986c000000 rw-p 00000000 00:00 0 
7f986c000000-7f986c021000 rw-p 00000000 00:00 0 
7f986c021000-7f9870000000 ---p 00000000 00:00 0 
7f9870000000-7f9870021000 rw-p 00000000 00:00 0 
7f9870021000-7f9874000000 ---p 00000000 00:00 0 
7f9874000000-7f9874021000 rw-p 00000000 00:00 0 
7f9874021000-7f9878000000 ---p 00000000 00:00 0 
7f9878001000-7f9878005000 r--s 0009a000 08:05 2243269                    /usr/lib/jvm/java-8-oracle/jre/lib/jsse.jar
7f9878005000-7f9878007000 rw-s 103754000 00:06 391                       /dev/dri/card0
7f9878007000-7f987800c000 r--s 00084000 08:05 2243424                    /usr/lib/jvm/java-8-oracle/jre/lib/jfr.jar
7f987800c000-7f9878017000 r--s 00000000 08:05 279298                     /var/cache/fontconfig/945677eb7aeaf62f1d50efc3fb3ec7d8-le64.cache-6
7f9878017000-7f987801d000 r--s 00000000 08:05 279279                     /var/cache/fontconfig/2cd17615ca594fa2959ae173292e504c-le64.cache-6
7f987801d000-7f987801e000 r--s 00000000 08:05 279276                     /var/cache/fontconfig/0d8c3b2ac0904cb8a57a757ad11a4a08-le64.cache-6
7f987801e000-7f9878033000 r--s 00000000 08:05 279272                     /var/cache/fontconfig/04aabc0a78ac019cf9454389977116d2-le64.cache-6
7f9878033000-7f987807e000 r--p 00000000 08:05 917522                     /usr/share/glib-2.0/schemas/gschemas.compiled
7f987807e000-7f987c000000 rw-p 00000000 00:00 0 
7f987c000000-7f987c021000 rw-p 00000000 00:00 0 
7f987c021000-7f9880000000 ---p 00000000 00:00 0 
7f9880000000-7f9880001000 r--s 00000000 08:05 279278                     /var/cache/fontconfig/1ac9eb803944fde146138c791f5cc56a-le64.cache-6
7f9880001000-7f9880005000 r--s 00000000 08:05 279283                     /var/cache/fontconfig/385c0604a188198f04d133e54aba7fe7-le64.cache-6
7f9880005000-7f9880006000 r--s 00000000 08:05 279311                     /var/cache/fontconfig/dc05db6664285cc2f12bf69c139ae4c3-le64.cache-6
7f9880006000-7f9880009000 r--s 00000000 08:05 279294                     /var/cache/fontconfig/767a8244fc0220cfb567a839d0392e0b-le64.cache-6
7f9880009000-7f988000a000 r--s 00000000 08:05 276021                     /var/cache/fontconfig/4794a0821666d79190d59a36cb4f44b5-le64.cache-6
7f988000a000-7f988000b000 r--s 00000000 08:05 279274                     /var/cache/fontconfig/0bd3dc0958fa2205aaaa8ebb13e2872b-le64.cache-6
7f988000b000-7f9880010000 r--s 00000000 08:05 279297                     /var/cache/fontconfig/8801497958630a81b71ace7c5f9b32a8-le64.cache-6
7f9880010000-7f9880011000 r--s 00000000 08:05 279304                     /var/cache/fontconfig/bab58bb527bb656aaa9f116d68a48d89-le64.cache-6
7f9880011000-7f9880017000 r--s 00000000 08:05 279280                     /var/cache/fontconfig/3047814df9a2f067bd2d96a2b9c36e5a-le64.cache-6
7f9880017000-7f9880018000 r--s 00000000 08:05 279288                     /var/cache/fontconfig/56cf4f4769d0f4abc89a4895d7bd3ae1-le64.cache-6
7f9880018000-7f9880019000 r--s 00000000 08:05 279303                     /var/cache/fontconfig/b9d506c9ac06c20b433354fa67a72993-le64.cache-6
7f9880019000-7f988001f000 r--s 00000000 08:05 279302                     /var/cache/fontconfig/b47c4e1ecd0709278f4910c18777a504-le64.cache-6
7f988001f000-7f9880032000 r--s 00000000 08:05 279308                     /var/cache/fontconfig/d52a8644073d54c13679302ca1180695-le64.cache-6
7f9880032000-7f9880033000 r--s 00000000 08:05 279287                     /var/cache/fontconfig/551ecf3b0e8b0bca0f25c0944f561853-le64.cache-6
7f9880033000-7f9880034000 r--s 00000000 08:05 279284                     /var/cache/fontconfig/3f7329c5293ffd510edef78f73874cfd-le64.cache-6
7f9880034000-7f9880038000 r--s 00000000 08:05 279309                     /var/cache/fontconfig/d589a48862398ed80a3d6066f4f56f4c-le64.cache-6
7f9880038000-7f9880043000 r--s 00000000 08:05 279296                     /var/cache/fontconfig/83bf95040141907cd45bb53cf7c1c148-le64.cache-6
7f9880043000-7f9880061000 r-xp 00000000 08:05 398393                     /lib/x86_64-linux-gnu/libudev.so.1.6.5
7f9880061000-7f9880062000 ---p 0001e000 08:05 398393                     /lib/x86_64-linux-gnu/libudev.so.1.6.5
7f9880062000-7f9880063000 r--p 0001e000 08:05 398393                     /lib/x86_64-linux-gnu/libudev.so.1.6.5
7f9880063000-7f9880064000 rw-p 0001f000 08:05 398393                     /lib/x86_64-linux-gnu/libudev.so.1.6.5
7f9880064000-7f98800f9000 r--s 01109000 08:05 2243401                    /usr/lib/jvm/java-8-oracle/jre/lib/ext/jfxrt.jar
7f98800f9000-7f9881000000 rw-p 00000000 00:00 0 
7f9881000000-7f98813f0000 rwxp 00000000 00:00 0 
7f98813f0000-7f9890000000 ---p 00000000 00:00 0 
7f9890000000-7f9890169000 rw-p 00000000 00:00 0 
7f9890169000-7f9894000000 ---p 00000000 00:00 0 
7f9894000000-7f9894001000 r--s 00000000 08:05 279281                     /var/cache/fontconfig/30829fa25452a46451e813d634d7f916-le64.cache-6
7f9894001000-7f9894013000 r--s 00000000 08:05 279300                     /var/cache/fontconfig/9b89f8e3dae116d678bbf48e5f21f69b-le64.cache-6
7f9894013000-7f9894020000 r--s 00000000 08:05 282756                     /var/cache/fontconfig/e13b20fdb08344e0e664864cc2ede53d-le64.cache-6
7f9894020000-7f9894024000 r--s 00000000 08:05 276027                     /var/cache/fontconfig/7ef2298fde41cc6eeb7af42e48b7d293-le64.cache-6
7f9894024000-7f989402c000 rw-s 00000000 00:05 446598                     /drm mm object (deleted)
7f989402c000-7f9894503000 rw-p 00000000 00:00 0 
7f9894503000-7f98946dc000 r--s 03d3e000 08:05 2243317                    /usr/lib/jvm/java-8-oracle/jre/lib/rt.jar
7f98946dc000-7f9894b2a000 rw-p 00000000 00:00 0 
7f9894b2a000-7f9894b2b000 ---p 00000000 00:00 0 
7f9894b2b000-7f9894c2b000 rw-p 00000000 00:00 0 
7f9894c2b000-7f9894c2c000 ---p 00000000 00:00 0 
7f9894c2c000-7f9894d2c000 rw-p 00000000 00:00 0 
7f9894d2c000-7f9894d2d000 ---p 00000000 00:00 0 
7f9894d2d000-7f9894e2d000 rw-p 00000000 00:00 0 
7f9894e2d000-7f9894e2e000 ---p 00000000 00:00 0 
7f9894e2e000-7f9894f58000 rw-p 00000000 00:00 0 
7f9894f58000-7f98951be000 ---p 00000000 00:00 0 
7f98951be000-7f98951e8000 rw-p 00000000 00:00 0 
7f98951e8000-7f989544e000 ---p 00000000 00:00 0 
7f989544e000-7f9895472000 rw-p 00000000 00:00 0 
7f9895472000-7f9895596000 ---p 00000000 00:00 0 
7f9895596000-7f98955a7000 rw-p 00000000 00:00 0 
7f98955a7000-7f9895957000 ---p 00000000 00:00 0 
7f9895957000-7f9895971000 r-xp 00000000 08:05 2243348                    /usr/lib/jvm/java-8-oracle/jre/lib/amd64/libzip.so
7f9895971000-7f9895b71000 ---p 0001a000 08:05 2243348                    /usr/lib/jvm/java-8-oracle/jre/lib/amd64/libzip.so
7f9895b71000-7f9895b72000 rw-p 0001a000 08:05 2243348                    /usr/lib/jvm/java-8-oracle/jre/lib/amd64/libzip.so
7f9895b72000-7f9895b7d000 r-xp 00000000 08:05 409756                     /lib/x86_64-linux-gnu/libnss_files-2.24.so
7f9895b7d000-7f9895d7c000 ---p 0000b000 08:05 409756                     /lib/x86_64-linux-gnu/libnss_files-2.24.so
7f9895d7c000-7f9895d7d000 r--p 0000a000 08:05 409756                     /lib/x86_64-linux-gnu/libnss_files-2.24.so
7f9895d7d000-7f9895d7e000 rw-p 0000b000 08:05 409756                     /lib/x86_64-linux-gnu/libnss_files-2.24.so
7f9895d7e000-7f9895d84000 rw-p 00000000 00:00 0 
7f9895d84000-7f9895d8f000 r-xp 00000000 08:05 409758                     /lib/x86_64-linux-gnu/libnss_nis-2.24.so
7f9895d8f000-7f9895f8e000 ---p 0000b000 08:05 409758                     /lib/x86_64-linux-gnu/libnss_nis-2.24.so
7f9895f8e000-7f9895f8f000 r--p 0000a000 08:05 409758                     /lib/x86_64-linux-gnu/libnss_nis-2.24.so
7f9895f8f000-7f9895f90000 rw-p 0000b000 08:05 409758                     /lib/x86_64-linux-gnu/libnss_nis-2.24.so
7f9895f90000-7f9895fa6000 r-xp 00000000 08:05 409753                     /lib/x86_64-linux-gnu/libnsl-2.24.so
7f9895fa6000-7f98961a5000 ---p 00016000 08:05 409753                     /lib/x86_64-linux-gnu/libnsl-2.24.so
7f98961a5000-7f98961a6000 r--p 00015000 08:05 409753                     /lib/x86_64-linux-gnu/libnsl-2.24.so
7f98961a6000-7f98961a7000 rw-p 00016000 08:05 409753                     /lib/x86_64-linux-gnu/libnsl-2.24.so
7f98961a7000-7f98961a9000 rw-p 00000000 00:00 0 
7f98961a9000-7f98961b1000 r-xp 00000000 08:05 409754                     /lib/x86_64-linux-gnu/libnss_compat-2.24.so
7f98961b1000-7f98963b0000 ---p 00008000 08:05 409754                     /lib/x86_64-linux-gnu/libnss_compat-2.24.so
7f98963b0000-7f98963b1000 r--p 00007000 08:05 409754                     /lib/x86_64-linux-gnu/libnss_compat-2.24.so
7f98963b1000-7f98963b2000 rw-p 00008000 08:05 409754                     /lib/x86_64-linux-gnu/libnss_compat-2.24.so
7f98963b2000-7f98963dd000 r-xp 00000000 08:05 2243375                    /usr/lib/jvm/java-8-oracle/jre/lib/amd64/libjava.so
7f98963dd000-7f98965dc000 ---p 0002b000 08:05 2243375                    /usr/lib/jvm/java-8-oracle/jre/lib/amd64/libjava.so
7f98965dc000-7f98965de000 rw-p 0002a000 08:05 2243375                    /usr/lib/jvm/java-8-oracle/jre/lib/amd64/libjava.so
7f98965de000-7f98965eb000 r-xp 00000000 08:05 2243326                    /usr/lib/jvm/java-8-oracle/jre/lib/amd64/libverify.so
7f98965eb000-7f98967ea000 ---p 0000d000 08:05 2243326                    /usr/lib/jvm/java-8-oracle/jre/lib/amd64/libverify.so
7f98967ea000-7f98967ec000 rw-p 0000c000 08:05 2243326                    /usr/lib/jvm/java-8-oracle/jre/lib/amd64/libverify.so
7f98967ec000-7f98967f3000 r-xp 00000000 08:05 409763                     /lib/x86_64-linux-gnu/librt-2.24.so
7f98967f3000-7f98969f2000 ---p 00007000 08:05 409763                     /lib/x86_64-linux-gnu/librt-2.24.so
7f98969f2000-7f98969f3000 r--p 00006000 08:05 409763                     /lib/x86_64-linux-gnu/librt-2.24.so
7f98969f3000-7f98969f4000 rw-p 00007000 08:05 409763                     /lib/x86_64-linux-gnu/librt-2.24.so
7f98969f4000-7f9896afc000 r-xp 00000000 08:05 409750                     /lib/x86_64-linux-gnu/libm-2.24.so
7f9896afc000-7f9896cfb000 ---p 00108000 08:05 409750                     /lib/x86_64-linux-gnu/libm-2.24.so
7f9896cfb000-7f9896cfc000 r--p 00107000 08:05 409750                     /lib/x86_64-linux-gnu/libm-2.24.so
7f9896cfc000-7f9896cfd000 rw-p 00108000 08:05 409750                     /lib/x86_64-linux-gnu/libm-2.24.so
7f9896cfd000-7f98979cb000 r-xp 00000000 08:05 2243379                    /usr/lib/jvm/java-8-oracle/jre/lib/amd64/server/libjvm.so
7f98979cb000-7f9897bcb000 ---p 00cce000 08:05 2243379                    /usr/lib/jvm/java-8-oracle/jre/lib/amd64/server/libjvm.so
7f9897bcb000-7f9897ca4000 rw-p 00cce000 08:05 2243379                    /usr/lib/jvm/java-8-oracle/jre/lib/amd64/server/libjvm.so
7f9897ca4000-7f9897cef000 rw-p 00000000 00:00 0 
7f9897cef000-7f9897eac000 r-xp 00000000 08:05 409746                     /lib/x86_64-linux-gnu/libc-2.24.so
7f9897eac000-7f98980ac000 ---p 001bd000 08:05 409746                     /lib/x86_64-linux-gnu/libc-2.24.so
7f98980ac000-7f98980b0000 r--p 001bd000 08:05 409746                     /lib/x86_64-linux-gnu/libc-2.24.so
7f98980b0000-7f98980b2000 rw-p 001c1000 08:05 409746                     /lib/x86_64-linux-gnu/libc-2.24.so
7f98980b2000-7f98980b6000 rw-p 00000000 00:00 0 
7f98980b6000-7f98980b9000 r-xp 00000000 08:05 409749                     /lib/x86_64-linux-gnu/libdl-2.24.so
7f98980b9000-7f98982b8000 ---p 00003000 08:05 409749                     /lib/x86_64-linux-gnu/libdl-2.24.so
7f98982b8000-7f98982b9000 r--p 00002000 08:05 409749                     /lib/x86_64-linux-gnu/libdl-2.24.so
7f98982b9000-7f98982ba000 rw-p 00003000 08:05 409749                     /lib/x86_64-linux-gnu/libdl-2.24.so
7f98982ba000-7f98982cf000 r-xp 00000000 08:05 2242460                    /usr/lib/jvm/java-8-oracle/lib/amd64/jli/libjli.so
7f98982cf000-7f98984cf000 ---p 00015000 08:05 2242460                    /usr/lib/jvm/java-8-oracle/lib/amd64/jli/libjli.so
7f98984cf000-7f98984d0000 rw-p 00015000 08:05 2242460                    /usr/lib/jvm/java-8-oracle/lib/amd64/jli/libjli.so
7f98984d0000-7f98984e8000 r-xp 00000000 08:05 409761                     /lib/x86_64-linux-gnu/libpthread-2.24.so
7f98984e8000-7f98986e8000 ---p 00018000 08:05 409761                     /lib/x86_64-linux-gnu/libpthread-2.24.so
7f98986e8000-7f98986e9000 r--p 00018000 08:05 409761                     /lib/x86_64-linux-gnu/libpthread-2.24.so
7f98986e9000-7f98986ea000 rw-p 00019000 08:05 409761                     /lib/x86_64-linux-gnu/libpthread-2.24.so
7f98986ea000-7f98986ee000 rw-p 00000000 00:00 0 
7f98986ee000-7f9898713000 r-xp 00000000 08:05 409742                     /lib/x86_64-linux-gnu/ld-2.24.so
7f9898713000-7f9898716000 r--s 00000000 08:05 279293                     /var/cache/fontconfig/75114ca45c98e8a441da0ff356701271-le64.cache-6
7f9898716000-7f989871e000 rw-s 00000000 00:05 446586                     /drm mm object (deleted)
7f989871e000-7f9898724000 r--p 00000000 08:05 546979                     /home/daan/.config/dconf/user
7f9898724000-7f98987ef000 rw-p 00000000 00:00 0 
7f98987ef000-7f98987f2000 ---p 00000000 00:00 0 
7f98987f2000-7f98988f2000 rw-p 00000000 00:00 0 
7f98988f2000-7f98988f3000 r--s 00000000 08:05 279275                     /var/cache/fontconfig/0c9eb80ebd1c36541ebe2852d3bb0c49-le64.cache-6
7f98988f4000-7f98988f5000 rw-s 1033bb000 00:06 391                       /dev/dri/card0
7f98988f5000-7f98988f6000 r--s 00000000 00:2f 59                         /run/user/1000/dconf/user
7f98988f6000-7f98988fe000 rw-s 00000000 00:05 446544                     /drm mm object (deleted)
7f98988fe000-7f9898905000 r--s 00000000 08:05 148080                     /usr/lib/x86_64-linux-gnu/gconv/gconv-modules.cache
7f9898905000-7f989890d000 rw-s 00000000 08:05 1311080                    /tmp/hsperfdata_daan/21483
7f989890d000-7f989890e000 rw-p 00000000 00:00 0 
7f989890e000-7f989890f000 r--p 00000000 00:00 0 
7f989890f000-7f9898912000 rw-p 00000000 00:00 0 
7f9898912000-7f9898913000 r--p 00024000 08:05 409742                     /lib/x86_64-linux-gnu/ld-2.24.so
7f9898913000-7f9898914000 rw-p 00025000 08:05 409742                     /lib/x86_64-linux-gnu/ld-2.24.so
7f9898914000-7f9898915000 rw-p 00000000 00:00 0 
7ffe21a64000-7ffe21a85000 rw-p 00000000 00:00 0                          [stack]
7ffe21bc3000-7ffe21bc5000 r--p 00000000 00:00 0                          [vvar]
7ffe21bc5000-7ffe21bc7000 r-xp 00000000 00:00 0                          [vdso]
ffffffffff600000-ffffffffff601000 r-xp 00000000 00:00 0                  [vsyscall]

VM Arguments:
jvm_args: -Dfile.encoding=UTF-8 
java_command: application.Main
java_class_path (initial): /home/daan/git/IntegrationProject/IntegrationProject/bin:/home/daan/.p2/pool/plugins/org.junit_4.12.0.v201504281640/junit.jar:/home/daan/.p2/pool/plugins/org.hamcrest.core_1.3.0.v201303031735.jar:/home/daan/git/IntegrationProject/IntegrationProject/commons-codec-1.10.jar
Launcher Type: SUN_STANDARD

Environment Variables:
JAVA_HOME=/usr/lib/jvm/java-8-oracle
PATH=/home/daan/bin:/home/daan/.local/bin:/usr/local/sbin:/usr/local/bin:/usr/sbin:/usr/bin:/sbin:/bin:/usr/games:/usr/local/games:/snap/bin:/usr/lib/jvm/java-8-oracle/bin:/usr/lib/jvm/java-8-oracle/db/bin:/usr/lib/jvm/java-8-oracle/jre/bin
SHELL=/bin/bash
DISPLAY=:0

Signal Handlers:
SIGSEGV: [libjvm.so+0xac78c0], sa_mask[0]=11111111011111111101111111111110, sa_flags=SA_RESTART|SA_SIGINFO
SIGBUS: [libjvm.so+0xac78c0], sa_mask[0]=11111111011111111101111111111110, sa_flags=SA_RESTART|SA_SIGINFO
SIGFPE: [libjvm.so+0x920ac0], sa_mask[0]=11111111011111111101111111111110, sa_flags=SA_RESTART|SA_SIGINFO
SIGPIPE: SIG_IGN, sa_mask[0]=00000000000010000000000000000000, sa_flags=SA_RESTART
SIGXFSZ: [libjvm.so+0x920ac0], sa_mask[0]=11111111011111111101111111111110, sa_flags=SA_RESTART|SA_SIGINFO
SIGILL: [libjvm.so+0x920ac0], sa_mask[0]=11111111011111111101111111111110, sa_flags=SA_RESTART|SA_SIGINFO
SIGUSR1: SIG_DFL, sa_mask[0]=00000000000000000000000000000000, sa_flags=none
SIGUSR2: [libjvm.so+0x922300], sa_mask[0]=00100000000000000000000000000000, sa_flags=SA_RESTART|SA_SIGINFO
SIGHUP: [libjvm.so+0x923700], sa_mask[0]=11111111011111111101111111111110, sa_flags=SA_RESTART|SA_SIGINFO
SIGINT: [libjvm.so+0x923700], sa_mask[0]=11111111011111111101111111111110, sa_flags=SA_RESTART|SA_SIGINFO
SIGTERM: [libjvm.so+0x923700], sa_mask[0]=11111111011111111101111111111110, sa_flags=SA_RESTART|SA_SIGINFO
SIGQUIT: [libjvm.so+0x923700], sa_mask[0]=11111111011111111101111111111110, sa_flags=SA_RESTART|SA_SIGINFO


---------------  S Y S T E M  ---------------

OS:DISTRIB_ID=Ubuntu
DISTRIB_RELEASE=16.10
DISTRIB_CODENAME=yakkety
DISTRIB_DESCRIPTION="Ubuntu 16.10"

uname:Linux 4.8.0-46-generic #49-Ubuntu SMP Fri Mar 31 13:57:14 UTC 2017 x86_64
libc:glibc 2.24 NPTL 2.24 
rlimit: STACK 8192k, CORE 0k, NPROC 30976, NOFILE 4096, AS infinity
load average:1,48 0,95 0,82

/proc/meminfo:
MemTotal:        8054864 kB
MemFree:         1521016 kB
MemAvailable:    3269396 kB
Buffers:          111696 kB
Cached:          2546068 kB
SwapCached:            0 kB
Active:          4443108 kB
Inactive:        1761552 kB
Active(anon):    3548592 kB
Inactive(anon):   751824 kB
Active(file):     894516 kB
Inactive(file):  1009728 kB
Unevictable:         128 kB
Mlocked:             128 kB
SwapTotal:       8268796 kB
SwapFree:        8268796 kB
Dirty:                60 kB
Writeback:             0 kB
AnonPages:       3468924 kB
Mapped:           712976 kB
Shmem:            753268 kB
Slab:             186612 kB
SReclaimable:     127324 kB
SUnreclaim:        59288 kB
KernelStack:       13648 kB
PageTables:        59760 kB
NFS_Unstable:          0 kB
Bounce:                0 kB
WritebackTmp:          0 kB
CommitLimit:    12296228 kB
Committed_AS:   10197264 kB
VmallocTotal:   34359738367 kB
VmallocUsed:           0 kB
VmallocChunk:          0 kB
HardwareCorrupted:     0 kB
AnonHugePages:   1761280 kB
ShmemHugePages:        0 kB
ShmemPmdMapped:        0 kB
CmaTotal:              0 kB
CmaFree:               0 kB
HugePages_Total:       0
HugePages_Free:        0
HugePages_Rsvd:        0
HugePages_Surp:        0
Hugepagesize:       2048 kB
DirectMap4k:      214608 kB
DirectMap2M:     7006208 kB
DirectMap1G:     1048576 kB


CPU:total 4 (2 cores per cpu, 2 threads per core) family 6 model 78 stepping 3, cmov, cx8, fxsr, mmx, sse, sse2, sse3, ssse3, sse4.1, sse4.2, popcnt, avx, avx2, aes, clmul, erms, 3dnowpref, lzcnt, ht, tsc, tscinvbit, bmi1, bmi2, adx

/proc/cpuinfo:
processor	: 0
vendor_id	: GenuineIntel
cpu family	: 6
model		: 78
model name	: Intel(R) Core(TM) i5-6200U CPU @ 2.30GHz
stepping	: 3
microcode	: 0x9e
cpu MHz		: 2700.000
cache size	: 3072 KB
physical id	: 0
siblings	: 4
core id		: 0
cpu cores	: 2
apicid		: 0
initial apicid	: 0
fpu		: yes
fpu_exception	: yes
cpuid level	: 22
wp		: yes
flags		: fpu vme de pse tsc msr pae mce cx8 apic sep mtrr pge mca cmov pat pse36 clflush dts acpi mmx fxsr sse sse2 ss ht tm pbe syscall nx pdpe1gb rdtscp lm constant_tsc art arch_perfmon pebs bts rep_good nopl xtopology nonstop_tsc aperfmperf eagerfpu pni pclmulqdq dtes64 monitor ds_cpl vmx est tm2 ssse3 sdbg fma cx16 xtpr pdcm pcid sse4_1 sse4_2 x2apic movbe popcnt tsc_deadline_timer aes xsave avx f16c rdrand lahf_lm abm 3dnowprefetch epb intel_pt tpr_shadow vnmi flexpriority ept vpid fsgsbase tsc_adjust bmi1 avx2 smep bmi2 erms invpcid mpx rdseed adx smap clflushopt xsaveopt xsavec xgetbv1 xsaves dtherm ida arat pln pts hwp hwp_notify hwp_act_window hwp_epp
bugs		:
bogomips	: 4800.00
clflush size	: 64
cache_alignment	: 64
address sizes	: 39 bits physical, 48 bits virtual
power management:

processor	: 1
vendor_id	: GenuineIntel
cpu family	: 6
model		: 78
model name	: Intel(R) Core(TM) i5-6200U CPU @ 2.30GHz
stepping	: 3
microcode	: 0x9e
cpu MHz		: 2699.853
cache size	: 3072 KB
physical id	: 0
siblings	: 4
core id		: 1
cpu cores	: 2
apicid		: 2
initial apicid	: 2
fpu		: yes
fpu_exception	: yes
cpuid level	: 22
wp		: yes
flags		: fpu vme de pse tsc msr pae mce cx8 apic sep mtrr pge mca cmov pat pse36 clflush dts acpi mmx fxsr sse sse2 ss ht tm pbe syscall nx pdpe1gb rdtscp lm constant_tsc art arch_perfmon pebs bts rep_good nopl xtopology nonstop_tsc aperfmperf eagerfpu pni pclmulqdq dtes64 monitor ds_cpl vmx est tm2 ssse3 sdbg fma cx16 xtpr pdcm pcid sse4_1 sse4_2 x2apic movbe popcnt tsc_deadline_timer aes xsave avx f16c rdrand lahf_lm abm 3dnowprefetch epb intel_pt tpr_shadow vnmi flexpriority ept vpid fsgsbase tsc_adjust bmi1 avx2 smep bmi2 erms invpcid mpx rdseed adx smap clflushopt xsaveopt xsavec xgetbv1 xsaves dtherm ida arat pln pts hwp hwp_notify hwp_act_window hwp_epp
bugs		:
bogomips	: 4800.00
clflush size	: 64
cache_alignment	: 64
address sizes	: 39 bits physical, 48 bits virtual
power management:

processor	: 2
vendor_id	: GenuineIntel
cpu family	: 6
model		: 78
model name	: Intel(R) Core(TM) i5-6200U CPU @ 2.30GHz
stepping	: 3
microcode	: 0x9e
cpu MHz		: 2700.000
cache size	: 3072 KB
physical id	: 0
siblings	: 4
core id		: 0
cpu cores	: 2
apicid		: 1
initial apicid	: 1
fpu		: yes
fpu_exception	: yes
cpuid level	: 22
wp		: yes
flags		: fpu vme de pse tsc msr pae mce cx8 apic sep mtrr pge mca cmov pat pse36 clflush dts acpi mmx fxsr sse sse2 ss ht tm pbe syscall nx pdpe1gb rdtscp lm constant_tsc art arch_perfmon pebs bts rep_good nopl xtopology nonstop_tsc aperfmperf eagerfpu pni pclmulqdq dtes64 monitor ds_cpl vmx est tm2 ssse3 sdbg fma cx16 xtpr pdcm pcid sse4_1 sse4_2 x2apic movbe popcnt tsc_deadline_timer aes xsave avx f16c rdrand lahf_lm abm 3dnowprefetch epb intel_pt tpr_shadow vnmi flexpriority ept vpid fsgsbase tsc_adjust bmi1 avx2 smep bmi2 erms invpcid mpx rdseed adx smap clflushopt xsaveopt xsavec xgetbv1 xsaves dtherm ida arat pln pts hwp hwp_notify hwp_act_window hwp_epp
bugs		:
bogomips	: 4800.00
clflush size	: 64
cache_alignment	: 64
address sizes	: 39 bits physical, 48 bits virtual
power management:

processor	: 3
vendor_id	: GenuineIntel
cpu family	: 6
model		: 78
model name	: Intel(R) Core(TM) i5-6200U CPU @ 2.30GHz
stepping	: 3
microcode	: 0x9e
cpu MHz		: 2700.000
cache size	: 3072 KB
physical id	: 0
siblings	: 4
core id		: 1
cpu cores	: 2
apicid		: 3
initial apicid	: 3
fpu		: yes
fpu_exception	: yes
cpuid level	: 22
wp		: yes
flags		: fpu vme de pse tsc msr pae mce cx8 apic sep mtrr pge mca cmov pat pse36 clflush dts acpi mmx fxsr sse sse2 ss ht tm pbe syscall nx pdpe1gb rdtscp lm constant_tsc art arch_perfmon pebs bts rep_good nopl xtopology nonstop_tsc aperfmperf eagerfpu pni pclmulqdq dtes64 monitor ds_cpl vmx est tm2 ssse3 sdbg fma cx16 xtpr pdcm pcid sse4_1 sse4_2 x2apic movbe popcnt tsc_deadline_timer aes xsave avx f16c rdrand lahf_lm abm 3dnowprefetch epb intel_pt tpr_shadow vnmi flexpriority ept vpid fsgsbase tsc_adjust bmi1 avx2 smep bmi2 erms invpcid mpx rdseed adx smap clflushopt xsaveopt xsavec xgetbv1 xsaves dtherm ida arat pln pts hwp hwp_notify hwp_act_window hwp_epp
bugs		:
bogomips	: 4800.00
clflush size	: 64
cache_alignment	: 64
address sizes	: 39 bits physical, 48 bits virtual
power management:



Memory: 4k page, physical 8054864k(1521016k free), swap 8268796k(8268796k free)

vm_info: Java HotSpot(TM) 64-Bit Server VM (25.121-b13) for linux-amd64 JRE (1.8.0_121-b13), built on Dec 12 2016 16:36:53 by "java_re" with gcc 4.3.0 20080428 (Red Hat 4.3.0-8)

time: Tue Apr 18 11:57:27 2017
elapsed time: 2 seconds (0d 0h 0m 2s)

