#
# A fatal error has been detected by the Java Runtime Environment:
#
#  SIGSEGV (0xb) at pc=0x00007fc30d3c88f8, pid=28691, tid=0x00007fc2a2536700
#
# JRE version: Java(TM) SE Runtime Environment (8.0_121-b13) (build 1.8.0_121-b13)
# Java VM: Java HotSpot(TM) 64-Bit Server VM (25.121-b13 mixed mode linux-amd64 compressed oops)
# Problematic frame:
# V  [libjvm.so+0x6d28f8]  jni_invoke_nonstatic(JNIEnv_*, JavaValue*, _jobject*, JNICallType, _jmethodID*, JNI_ArgumentPusher*, Thread*)+0x38
#
# Failed to write core dump. Core dumps have been disabled. To enable core dumping, try "ulimit -c unlimited" before starting Java again
#
# If you would like to submit a bug report, please visit:
#   http://bugreport.java.com/bugreport/crash.jsp
#

---------------  T H R E A D  ---------------

Current thread (0x00007fc2b0104000):  JavaThread "JavaFX Application Thread" [_thread_in_vm, id=28718, stack(0x00007fc2a2436000,0x00007fc2a2537000)]

siginfo: si_signo: 11 (SIGSEGV), si_code: 1 (SEGV_MAPERR), si_addr: 0x00007fc200000000

Registers:
RAX=0x00007fc2a25353c0, RBX=0x00007fc2a25352d0, RCX=0x0000000000000001, RDX=0x00007fc200000000
RSP=0x00007fc2a2535120, RBP=0x00007fc2a25352a0, RSI=0x00007fc2a2535330, RDI=0x00007fc2b01041f8
R8 =0x00007fc2b0051e68, R9 =0x00007fc2a25352d0, R10=0x00007fc290000a70, R11=0x00007fc2f8b04960
R12=0x00007fc2b0104000, R13=0x00007fc2b0051e68, R14=0x0000000000000001, R15=0x00007fc2b01041f8
RIP=0x00007fc30d3c88f8, EFLAGS=0x0000000000010206, CSGSFS=0x002b000000000033, ERR=0x0000000000000004
  TRAPNO=0x000000000000000e

Top of Stack: (sp=0x00007fc2a2535120)
0x00007fc2a2535120:   00007fc2a2535820 00007fc2a2535440
0x00007fc2a2535130:   00007fc2a2535180 00007fc2a2535200
0x00007fc2a2535140:   00007fc2a25352d0 00007fc2a2535330
0x00007fc2a2535150:   00007fc2b01041f8 00007fc30d3e8400
0x00007fc2a2535160:   00007fc2c000b590 00007fc2c000b5a0
0x00007fc2a2535170:   00007fc2c000b978 00000000000003d8
0x00007fc2a2535180:   0000000000000000 00000000d8201b98
0x00007fc2a2535190:   00007fc20000006f 00007fc20000000a
0x00007fc2a25351a0:   00000000d8882af0 0000000000000000
0x00007fc2a25351b0:   0000000000000000 0000000000000000
0x00007fc2a25351c0:   00007fc2f73f7570 0000000100000100
0x00007fc2a25351d0:   0000000000000000 00007fc2a2535188
0x00007fc2a25351e0:   00007fc2a25351c9 0000000800000005
0x00007fc2a25351f0:   0000000000000000 00007fc2b0104670
0x00007fc2a2535200:   00007fc30dc56510 00007fc30e744720
0x00007fc2a2535210:   00000000b0104500 00007fc2b0104000
0x00007fc2a2535220:   0000000000000000 00007fc30d3c8ccb
0x00007fc2a2535230:   00007fc2f7406660 00007fc2b0104000
0x00007fc2a2535240:   00007fc2f7406660 00007fc2b0104000
0x00007fc2a2535250:   00007fc2a25353e0 00007fc2f7406660
0x00007fc2a2535260:   00007fc2f7406660 00007fc2f7406660
0x00007fc2a2535270:   00007fc2c000b590 00007fc2a25352d0
0x00007fc2a2535280:   00007fc2b0104000 00007fc2a2535310
0x00007fc2a2535290:   00007fc2b0051e68 00007fc2b01041f8
0x00007fc2a25352a0:   00007fc2a2535390 00007fc30d3cd09f
0x00007fc2a25352b0:   00007fc2b0104000 00007fc2f417dff4
0x00007fc2a25352c0:   00007fc2a25353a8 00007fc200000000
0x00007fc2a25352d0:   00007fc30dc57170 00007fc30e744720
0x00007fc2a25352e0:   00000000a2535350 02f16fa100000063
0x00007fc2a25352f0:   0000000000000000 0000003000000018
0x00007fc2a2535300:   00007fc2a2535480 00007fc2a25353c0
0x00007fc2a2535310:   00007fc2b0104000 0000000000000000 

Instructions: (pc=0x00007fc30d3c88f8)
0x00007fc30d3c88d8:   00 00 48 85 d2 48 89 bd b0 fe ff ff 48 89 b5 a8
0x00007fc30d3c88e8:   fe ff ff 4c 89 8d a0 fe ff ff 0f 84 78 09 00 00
0x00007fc30d3c88f8:   4c 8b 22 4d 85 e4 0f 84 6c 09 00 00 48 8b 45 10
0x00007fc30d3c8908:   48 8b 98 38 01 00 00 48 83 7b 18 f7 0f 87 16 07 

Register to memory mapping:

RAX=0x00007fc2a25353c0 is pointing into the stack for thread: 0x00007fc2b0104000
RBX=0x00007fc2a25352d0 is pointing into the stack for thread: 0x00007fc2b0104000
RCX=0x0000000000000001 is an unknown value
RDX=0x00007fc200000000 is an unknown value
RSP=0x00007fc2a2535120 is pointing into the stack for thread: 0x00007fc2b0104000
RBP=0x00007fc2a25352a0 is pointing into the stack for thread: 0x00007fc2b0104000
RSI=0x00007fc2a2535330 is pointing into the stack for thread: 0x00007fc2b0104000
RDI=0x00007fc2b01041f8 is an unknown value
R8 =0x00007fc2b0051e68 is an unknown value
R9 =0x00007fc2a25352d0 is pointing into the stack for thread: 0x00007fc2b0104000
R10=0x00007fc290000a70 is an unknown value
R11=0x00007fc2f8b04960 is at entry_point+32 in (nmethod*)0x00007fc2f8b047d0
R12=0x00007fc2b0104000 is a thread
R13=0x00007fc2b0051e68 is an unknown value
R14=0x0000000000000001 is an unknown value
R15=0x00007fc2b01041f8 is an unknown value


Stack: [0x00007fc2a2436000,0x00007fc2a2537000],  sp=0x00007fc2a2535120,  free space=1020k
Native frames: (J=compiled Java code, j=interpreted, Vv=VM code, C=native code)
V  [libjvm.so+0x6d28f8]  jni_invoke_nonstatic(JNIEnv_*, JavaValue*, _jobject*, JNICallType, _jmethodID*, JNI_ArgumentPusher*, Thread*)+0x38
V  [libjvm.so+0x6d709f]  jni_CallVoidMethodV+0x10f
C  [libglass.so+0x13e51]  JNIEnv_::CallVoidMethod(_jobject*, _jmethodID*, ...)+0x81
C  [libglass.so+0x1876f]  WindowContextBase::process_key(_GdkEventKey*)+0x20f
C  [libglass.so+0x15fe0]  WindowContextBase::im_filter_keypress(_GdkEventKey*)+0x1c0
C  [libglass.so+0x20a3c]  process_events(_GdkEvent*, void*)+0x22c
C  [libgdk-x11-2.0.so.0+0x5acdc]

Java frames: (J=compiled Java code, j=interpreted, Vv=VM code)
j  com.sun.glass.ui.gtk.GtkApplication._runLoop(Ljava/lang/Runnable;Z)V+0
j  com.sun.glass.ui.gtk.GtkApplication.lambda$null$49(Ljava/lang/Runnable;Z)V+7
j  com.sun.glass.ui.gtk.GtkApplication$$Lambda$43.run()V+12
j  java.lang.Thread.run()V+11
v  ~StubRoutines::call_stub

---------------  P R O C E S S  ---------------

Java Threads: ( => current thread )
  0x00007fc30800a000 JavaThread "DestroyJavaVM" [_thread_blocked, id=28696, stack(0x00007fc30e7e8000,0x00007fc30e8e9000)]
  0x00007fc30812f000 JavaThread "Thread-5" [_thread_blocked, id=28721, stack(0x00007fc2a0bff000,0x00007fc2a0d00000)]
  0x00007fc308134800 JavaThread "Thread-4" [_thread_in_native, id=28720, stack(0x00007fc2a0f00000,0x00007fc2a1001000)]
  0x00007fc29019d000 JavaThread "Prism Font Disposer" daemon [_thread_blocked, id=28719, stack(0x00007fc2a184d000,0x00007fc2a194e000)]
=>0x00007fc2b0104000 JavaThread "JavaFX Application Thread" [_thread_in_vm, id=28718, stack(0x00007fc2a2436000,0x00007fc2a2537000)]
  0x00007fc2b00c7000 JavaThread "Thread-3" daemon [_thread_blocked, id=28717, stack(0x00007fc2a2537000,0x00007fc2a2638000)]
  0x00007fc2b003f800 JavaThread "QuantumRenderer-0" daemon [_thread_blocked, id=28713, stack(0x00007fc2f4c15000,0x00007fc2f4d16000)]
  0x00007fc2bc082800 JavaThread "JavaFX-Launcher" [_thread_blocked, id=28712, stack(0x00007fc2f4d16000,0x00007fc2f4e17000)]
  0x00007fc308150800 JavaThread "Thread-0" [_thread_blocked, id=28711, stack(0x00007fc2f4e17000,0x00007fc2f4f18000)]
  0x00007fc3080d3800 JavaThread "Service Thread" daemon [_thread_blocked, id=28709, stack(0x00007fc2f50ae000,0x00007fc2f51af000)]
  0x00007fc3080be000 JavaThread "C1 CompilerThread2" daemon [_thread_in_vm, id=28708, stack(0x00007fc2f51af000,0x00007fc2f52b0000)]
  0x00007fc3080bc800 JavaThread "C2 CompilerThread1" daemon [_thread_in_native, id=28707, stack(0x00007fc2f52b0000,0x00007fc2f53b1000)]
  0x00007fc3080b9800 JavaThread "C2 CompilerThread0" daemon [_thread_in_native, id=28706, stack(0x00007fc2f53b1000,0x00007fc2f54b2000)]
  0x00007fc3080b8000 JavaThread "Signal Dispatcher" daemon [_thread_blocked, id=28705, stack(0x00007fc2f54b2000,0x00007fc2f55b3000)]
  0x00007fc308084000 JavaThread "Finalizer" daemon [_thread_blocked, id=28704, stack(0x00007fc2f5a0d000,0x00007fc2f5b0e000)]
  0x00007fc30807f800 JavaThread "Reference Handler" daemon [_thread_blocked, id=28703, stack(0x00007fc2f5b0e000,0x00007fc2f5c0f000)]

Other Threads:
  0x00007fc308077800 VMThread [stack: 0x00007fc2f5c0f000,0x00007fc2f5d10000] [id=28702]
  0x00007fc3080d6800 WatcherThread [stack: 0x00007fc2f4fad000,0x00007fc2f50ae000] [id=28710]

VM state:not at safepoint (normal execution)

VM Mutex/Monitor currently owned by a thread: None

Heap:
 PSYoungGen      total 36864K, used 13103K [0x00000000d7000000, 0x00000000db800000, 0x0000000100000000)
  eden space 31744K, 25% used [0x00000000d7000000,0x00000000d77cdc30,0x00000000d8f00000)
  from space 5120K, 99% used [0x00000000d8f00000,0x00000000d93fe068,0x00000000d9400000)
  to   space 5120K, 0% used [0x00000000db300000,0x00000000db300000,0x00000000db800000)
 ParOldGen       total 84992K, used 712K [0x0000000085000000, 0x000000008a300000, 0x00000000d7000000)
  object space 84992K, 0% used [0x0000000085000000,0x00000000850b2000,0x000000008a300000)
 Metaspace       used 14851K, capacity 15648K, committed 15872K, reserved 1062912K
  class space    used 2244K, capacity 2453K, committed 2560K, reserved 1048576K

Card table byte_map: [0x00007fc2f8015000,0x00007fc2f83ee000] byte_map_base: 0x00007fc2f7bed000

Marking Bits: (ParMarkBitMap*) 0x00007fc30dcbac80
 Begin Bits: [0x00007fc2ec280000, 0x00007fc2ee140000)
 End Bits:   [0x00007fc2ee140000, 0x00007fc2f0000000)

Polling page: 0x00007fc30e907000

CodeCache: size=245760Kb used=4045Kb max_used=4054Kb free=241714Kb
 bounds [0x00007fc2f87ae000, 0x00007fc2f8bae000, 0x00007fc3077ae000]
 total_blobs=1832 nmethods=1207 adapters=538
 compilation: enabled

Compilation events (10 events):
Event: 2,984 Thread 0x00007fc3080b9800 nmethod 1187 0x00007fc2f8ba2490 code [0x00007fc2f8ba25e0, 0x00007fc2f8ba26f8]
Event: 2,984 Thread 0x00007fc3080b9800 1209       4       com.sun.javafx.css.StyleClassSet::getStyleClass (148 bytes)
Event: 2,991 Thread 0x00007fc3080be000 nmethod 1206 0x00007fc2f8ba4450 code [0x00007fc2f8ba4760, 0x00007fc2f8ba6018]
Event: 2,991 Thread 0x00007fc3080bc800 nmethod 1203 0x00007fc2f8b9f150 code [0x00007fc2f8b9f300, 0x00007fc2f8b9f838]
Event: 2,991 Thread 0x00007fc3080bc800 1213       4       com.sun.javafx.css.StyleMap::isEmpty (36 bytes)
Event: 2,993 Thread 0x00007fc3080be000 1208       1       com.sun.javafx.css.StyleManager::getInstance (4 bytes)
Event: 2,993 Thread 0x00007fc3080be000 nmethod 1208 0x00007fc2f8b9ee90 code [0x00007fc2f8b9efe0, 0x00007fc2f8b9f0d0]
Event: 2,993 Thread 0x00007fc3080be000 1217       3       com.sun.javafx.collections.VetoableListDecorator::get (11 bytes)
Event: 2,994 Thread 0x00007fc3080be000 nmethod 1217 0x00007fc2f8b9ea10 code [0x00007fc2f8b9eb80, 0x00007fc2f8b9eda8]
Event: 2,994 Thread 0x00007fc3080be000 1210       3       java.lang.Double::valueOf (9 bytes)

GC Heap History (2 events):
Event: 2,761 GC heap before
{Heap before GC invocations=1 (full 0):
 PSYoungGen      total 36864K, used 31254K [0x00000000d7000000, 0x00000000d9900000, 0x0000000100000000)
  eden space 31744K, 98% used [0x00000000d7000000,0x00000000d8e858c8,0x00000000d8f00000)
  from space 5120K, 0% used [0x00000000d9400000,0x00000000d9400000,0x00000000d9900000)
  to   space 5120K, 0% used [0x00000000d8f00000,0x00000000d8f00000,0x00000000d9400000)
 ParOldGen       total 84992K, used 0K [0x0000000085000000, 0x000000008a300000, 0x00000000d7000000)
  object space 84992K, 0% used [0x0000000085000000,0x0000000085000000,0x000000008a300000)
 Metaspace       used 13851K, capacity 14548K, committed 14848K, reserved 1062912K
  class space    used 2072K, capacity 2247K, committed 2304K, reserved 1048576K
Event: 2,796 GC heap after
Heap after GC invocations=1 (full 0):
 PSYoungGen      total 36864K, used 5112K [0x00000000d7000000, 0x00000000db800000, 0x0000000100000000)
  eden space 31744K, 0% used [0x00000000d7000000,0x00000000d7000000,0x00000000d8f00000)
  from space 5120K, 99% used [0x00000000d8f00000,0x00000000d93fe068,0x00000000d9400000)
  to   space 5120K, 0% used [0x00000000db300000,0x00000000db300000,0x00000000db800000)
 ParOldGen       total 84992K, used 712K [0x0000000085000000, 0x000000008a300000, 0x00000000d7000000)
  object space 84992K, 0% used [0x0000000085000000,0x00000000850b2000,0x000000008a300000)
 Metaspace       used 13851K, capacity 14548K, committed 14848K, reserved 1062912K
  class space    used 2072K, capacity 2247K, committed 2304K, reserved 1048576K
}

Deoptimization events (10 events):
Event: 1,206 Thread 0x00007fc2b0104000 Uncommon trap: reason=class_check action=maybe_recompile pc=0x00007fc2f89d6fb4 method=java.io.DataInputStream.readShort()S @ 4
Event: 1,211 Thread 0x00007fc2b0104000 Uncommon trap: reason=class_check action=maybe_recompile pc=0x00007fc2f88c95b8 method=java.lang.String.equals(Ljava/lang/Object;)Z @ 8
Event: 1,211 Thread 0x00007fc2b0104000 Uncommon trap: reason=class_check action=maybe_recompile pc=0x00007fc2f88c95b8 method=java.lang.String.equals(Ljava/lang/Object;)Z @ 8
Event: 1,211 Thread 0x00007fc2b0104000 Uncommon trap: reason=class_check action=maybe_recompile pc=0x00007fc2f88c95b8 method=java.lang.String.equals(Ljava/lang/Object;)Z @ 8
Event: 1,277 Thread 0x00007fc2b0104000 Uncommon trap: reason=class_check action=maybe_recompile pc=0x00007fc2f88c95b8 method=java.lang.String.equals(Ljava/lang/Object;)Z @ 8
Event: 1,347 Thread 0x00007fc2b0104000 Uncommon trap: reason=unstable_if action=reinterpret pc=0x00007fc2f8a2f7a8 method=sun.net.www.ParseUtil.encodePath(Ljava/lang/String;Z)Ljava/lang/String; @ 109
Event: 1,433 Thread 0x00007fc2b0104000 Uncommon trap: reason=unstable_if action=reinterpret pc=0x00007fc2f8a83ea4 method=jdk.internal.org.objectweb.asm.Type.getArgumentsAndReturnSizes(Ljava/lang/String;)I @ 47
Event: 2,840 Thread 0x00007fc2b0104000 Uncommon trap: reason=unstable_if action=reinterpret pc=0x00007fc2f8b044f4 method=java.lang.StrictMath.floorOrCeil(DDDD)D @ 38
Event: 2,894 Thread 0x00007fc2b0104000 Uncommon trap: reason=unstable_if action=reinterpret pc=0x00007fc2f8972fe4 method=java.lang.String.indexOf([CII[CIII)I @ 3
Event: 2,988 Thread 0x00007fc2b0104000 Uncommon trap: reason=unstable_if action=reinterpret pc=0x00007fc2f89584ac method=java.lang.String.startsWith(Ljava/lang/String;I)Z @ 25

Internal exceptions (10 events):
Event: 0,194 Thread 0x00007fc308150800 Exception <a 'java/lang/NoSuchFieldError': method resolution failed> (0x00000000d730aa70) thrown at [/HUDSON3/workspace/8-2-build-linux-amd64/jdk8u121/8372/hotspot/src/share/vm/prims/methodHandles.cpp, line 1146]
Event: 0,219 Thread 0x00007fc2bc082800 Exception <a 'java/security/PrivilegedActionException'> (0x00000000d73e1820) thrown at [/HUDSON3/workspace/8-2-build-linux-amd64/jdk8u121/8372/hotspot/src/share/vm/prims/jvm.cpp, line 1390]
Event: 0,219 Thread 0x00007fc2bc082800 Exception <a 'java/security/PrivilegedActionException'> (0x00000000d73e1a30) thrown at [/HUDSON3/workspace/8-2-build-linux-amd64/jdk8u121/8372/hotspot/src/share/vm/prims/jvm.cpp, line 1390]
Event: 0,220 Thread 0x00007fc2bc082800 Exception <a 'java/security/PrivilegedActionException'> (0x00000000d73e3e98) thrown at [/HUDSON3/workspace/8-2-build-linux-amd64/jdk8u121/8372/hotspot/src/share/vm/prims/jvm.cpp, line 1390]
Event: 0,220 Thread 0x00007fc2bc082800 Exception <a 'java/security/PrivilegedActionException'> (0x00000000d73e40a8) thrown at [/HUDSON3/workspace/8-2-build-linux-amd64/jdk8u121/8372/hotspot/src/share/vm/prims/jvm.cpp, line 1390]
Event: 0,220 Thread 0x00007fc2bc082800 Exception <a 'java/lang/NullPointerException'> (0x00000000d73e4680) thrown at [/HUDSON3/workspace/8-2-build-linux-amd64/jdk8u121/8372/hotspot/src/share/vm/interpreter/linkResolver.cpp, line 1178]
Event: 0,456 Thread 0x00007fc2b0104000 Exception <a 'java/lang/NullPointerException'> (0x00000000d7ae3df0) thrown at [/HUDSON3/workspace/8-2-build-linux-amd64/jdk8u121/8372/hotspot/src/share/vm/interpreter/linkResolver.cpp, line 1178]
Event: 0,456 Thread 0x00007fc2b0104000 Exception <a 'java/lang/NullPointerException'> (0x00000000d7ae3df0) thrown at [/HUDSON3/workspace/8-2-build-linux-amd64/jdk8u121/8372/hotspot/src/share/vm/prims/jvm.cpp, line 1394]
Event: 0,608 Thread 0x00007fc2b0104000 Implicit null exception at 0x00007fc2f89ede75 to 0x00007fc2f89ee091
Event: 2,845 Thread 0x00007fc2b0104000 Exception <a 'java/io/FileNotFoundException'> (0x00000000d748d960) thrown at [/HUDSON3/workspace/8-2-build-linux-amd64/jdk8u121/8372/hotspot/src/share/vm/prims/jni.cpp, line 709]

Events (10 events):
Event: 2,953 loading class com/sun/javafx/effect/EffectDirtyBits done
Event: 2,954 loading class javafx/scene/shape/SVGPath$1
Event: 2,954 loading class javafx/scene/shape/SVGPath$1 done
Event: 2,955 loading class javafx/scene/shape/SVGPath$2
Event: 2,955 loading class javafx/scene/shape/SVGPath$2 done
Event: 2,955 loading class com/sun/javafx/sg/prism/NGSVGPath
Event: 2,955 loading class com/sun/javafx/sg/prism/NGSVGPath done
Event: 2,988 Thread 0x00007fc2b0104000 Uncommon trap: trap_request=0xffffff65 fr.pc=0x00007fc2f89584ac
Event: 2,988 Thread 0x00007fc2b0104000 DEOPT PACKING pc=0x00007fc2f89584ac sp=0x00007fc2a2532060
Event: 2,988 Thread 0x00007fc2b0104000 DEOPT UNPACKING pc=0x00007fc2f87b3229 sp=0x00007fc2a2531ff8 mode 2


Dynamic libraries:
00400000-00401000 r-xp 00000000 08:05 2243241                            /usr/lib/jvm/java-8-oracle/bin/java
00600000-00601000 rw-p 00000000 08:05 2243241                            /usr/lib/jvm/java-8-oracle/bin/java
0185d000-0187e000 rw-p 00000000 00:00 0                                  [heap]
85000000-8a300000 rw-p 00000000 00:00 0 
8a300000-d7000000 ---p 00000000 00:00 0 
d7000000-db800000 rw-p 00000000 00:00 0 
db800000-100000000 ---p 00000000 00:00 0 
100000000-100280000 rw-p 00000000 00:00 0 
100280000-140000000 ---p 00000000 00:00 0 
7fc27c000000-7fc27c021000 rw-p 00000000 00:00 0 
7fc27c021000-7fc280000000 ---p 00000000 00:00 0 
7fc284000000-7fc284021000 rw-p 00000000 00:00 0 
7fc284021000-7fc288000000 ---p 00000000 00:00 0 
7fc288000000-7fc288021000 rw-p 00000000 00:00 0 
7fc288021000-7fc28c000000 ---p 00000000 00:00 0 
7fc28c000000-7fc28c021000 rw-p 00000000 00:00 0 
7fc28c021000-7fc290000000 ---p 00000000 00:00 0 
7fc290000000-7fc2904d4000 rw-p 00000000 00:00 0 
7fc2904d4000-7fc294000000 ---p 00000000 00:00 0 
7fc294000000-7fc294021000 rw-p 00000000 00:00 0 
7fc294021000-7fc298000000 ---p 00000000 00:00 0 
7fc298000000-7fc298022000 rw-p 00000000 00:00 0 
7fc298022000-7fc29c000000 ---p 00000000 00:00 0 
7fc29c000000-7fc29c021000 rw-p 00000000 00:00 0 
7fc29c021000-7fc2a0000000 ---p 00000000 00:00 0 
7fc2a0bfb000-7fc2a0bff000 r--s 0009a000 08:05 2243269                    /usr/lib/jvm/java-8-oracle/jre/lib/jsse.jar
7fc2a0bff000-7fc2a0c02000 ---p 00000000 00:00 0 
7fc2a0c02000-7fc2a0e00000 rw-p 00000000 00:00 0 
7fc2a0e00000-7fc2a0f00000 ---p 00000000 00:00 0 
7fc2a0f00000-7fc2a0f03000 ---p 00000000 00:00 0 
7fc2a0f03000-7fc2a1001000 rw-p 00000000 00:00 0 
7fc2a1001000-7fc2a1017000 r-xp 00000000 08:05 2243325                    /usr/lib/jvm/java-8-oracle/jre/lib/amd64/libnet.so
7fc2a1017000-7fc2a1217000 ---p 00016000 08:05 2243325                    /usr/lib/jvm/java-8-oracle/jre/lib/amd64/libnet.so
7fc2a1217000-7fc2a1218000 rw-p 00016000 08:05 2243325                    /usr/lib/jvm/java-8-oracle/jre/lib/amd64/libnet.so
7fc2a1218000-7fc2a1278000 rw-s 00000000 00:05 711130                     /drm mm object (deleted)
7fc2a1278000-7fc2a1286000 rw-s 00000000 00:05 711129                     /drm mm object (deleted)
7fc2a1286000-7fc2a1446000 rw-s 1012ca000 00:06 391                       /dev/dri/card0
7fc2a1446000-7fc2a1606000 rw-s 00000000 00:05 711122                     /drm mm object (deleted)
7fc2a1606000-7fc2a1616000 rw-s 00000000 00:05 711126                     /drm mm object (deleted)
7fc2a1616000-7fc2a161e000 rw-s 00000000 00:05 711125                     /drm mm object (deleted)
7fc2a161e000-7fc2a162e000 rw-s 00000000 00:05 711124                     /drm mm object (deleted)
7fc2a162e000-7fc2a163a000 rw-s 00000000 00:05 711099                     /drm mm object (deleted)
7fc2a163a000-7fc2a164d000 r--s 00345000 08:05 2243549                    /usr/lib/jvm/java-8-oracle/jre/lib/resources.jar
7fc2a164d000-7fc2a184d000 rw-p 00000000 00:00 0 
7fc2a184d000-7fc2a1850000 ---p 00000000 00:00 0 
7fc2a1850000-7fc2a194e000 rw-p 00000000 00:00 0 
7fc2a194e000-7fc2a1a07000 r--p 00000000 08:05 918436                     /usr/share/fonts/truetype/dejavu/DejaVuSans.ttf
7fc2a1a07000-7fc2a1a43000 r--p 00000000 08:05 2243419                    /usr/lib/jvm/java-8-oracle/jre/lib/fonts/LucidaTypewriterRegular.ttf
7fc2a1a43000-7fc2a1a56000 r--p 00000000 08:05 2243414                    /usr/lib/jvm/java-8-oracle/jre/lib/fonts/LucidaBrightDemiBold.ttf
7fc2a1a56000-7fc2a1a90000 r--p 00000000 08:05 2243415                    /usr/lib/jvm/java-8-oracle/jre/lib/fonts/LucidaTypewriterBold.ttf
7fc2a1a90000-7fc2a1ae5000 r--p 00000000 08:05 2243416                    /usr/lib/jvm/java-8-oracle/jre/lib/fonts/LucidaBrightRegular.ttf
7fc2a1ae5000-7fc2a1b90000 r--p 00000000 08:05 2243413                    /usr/lib/jvm/java-8-oracle/jre/lib/fonts/LucidaSansRegular.ttf
7fc2a1b90000-7fc2a1ba4000 r--p 00000000 08:05 2243417                    /usr/lib/jvm/java-8-oracle/jre/lib/fonts/LucidaBrightItalic.ttf
7fc2a1ba4000-7fc2a1bb7000 r--p 00000000 08:05 2243421                    /usr/lib/jvm/java-8-oracle/jre/lib/fonts/LucidaBrightDemiItalic.ttf
7fc2a1bb7000-7fc2a1c05000 r--p 00000000 08:05 2243420                    /usr/lib/jvm/java-8-oracle/jre/lib/fonts/LucidaSansDemiBold.ttf
7fc2a1c05000-7fc2a1c09000 r-xp 00000000 08:05 2243362                    /usr/lib/jvm/java-8-oracle/jre/lib/amd64/libjavafx_font_pango.so
7fc2a1c09000-7fc2a1e08000 ---p 00004000 08:05 2243362                    /usr/lib/jvm/java-8-oracle/jre/lib/amd64/libjavafx_font_pango.so
7fc2a1e08000-7fc2a1e09000 rw-p 00003000 08:05 2243362                    /usr/lib/jvm/java-8-oracle/jre/lib/amd64/libjavafx_font_pango.so
7fc2a1e09000-7fc2a1e0e000 r--s 00084000 08:05 2243424                    /usr/lib/jvm/java-8-oracle/jre/lib/jfr.jar
7fc2a1e0e000-7fc2a200e000 rw-p 00000000 00:00 0 
7fc2a200e000-7fc2a2019000 r--s 00000000 08:05 279298                     /var/cache/fontconfig/945677eb7aeaf62f1d50efc3fb3ec7d8-le64.cache-6
7fc2a2019000-7fc2a202e000 r--s 00000000 08:05 279272                     /var/cache/fontconfig/04aabc0a78ac019cf9454389977116d2-le64.cache-6
7fc2a202e000-7fc2a2033000 r-xp 00000000 08:05 2243358                    /usr/lib/jvm/java-8-oracle/jre/lib/amd64/libjavafx_font_freetype.so
7fc2a2033000-7fc2a2232000 ---p 00005000 08:05 2243358                    /usr/lib/jvm/java-8-oracle/jre/lib/amd64/libjavafx_font_freetype.so
7fc2a2232000-7fc2a2233000 rw-p 00004000 08:05 2243358                    /usr/lib/jvm/java-8-oracle/jre/lib/amd64/libjavafx_font_freetype.so
7fc2a2233000-7fc2a2236000 r-xp 00000000 08:05 2243320                    /usr/lib/jvm/java-8-oracle/jre/lib/amd64/libjavafx_font.so
7fc2a2236000-7fc2a2435000 ---p 00003000 08:05 2243320                    /usr/lib/jvm/java-8-oracle/jre/lib/amd64/libjavafx_font.so
7fc2a2435000-7fc2a2436000 rw-p 00002000 08:05 2243320                    /usr/lib/jvm/java-8-oracle/jre/lib/amd64/libjavafx_font.so
7fc2a2436000-7fc2a2439000 ---p 00000000 00:00 0 
7fc2a2439000-7fc2a2537000 rw-p 00000000 00:00 0 
7fc2a2537000-7fc2a253a000 ---p 00000000 00:00 0 
7fc2a253a000-7fc2a2638000 rw-p 00000000 00:00 0 
7fc2a2638000-7fc2a2639000 ---p 00000000 00:00 0 
7fc2a2639000-7fc2a2e39000 rw-p 00000000 00:00 0 
7fc2a2e39000-7fc2a2e3a000 ---p 00000000 00:00 0 
7fc2a2e3a000-7fc2a363a000 rw-p 00000000 00:00 0 
7fc2a363a000-7fc2a363b000 ---p 00000000 00:00 0 
7fc2a363b000-7fc2a3e3b000 rw-p 00000000 00:00 0 
7fc2a3e3b000-7fc2a3e47000 r-xp 00000000 08:05 133762                     /usr/lib/x86_64-linux-gnu/gio/modules/libdconfsettings.so
7fc2a3e47000-7fc2a4046000 ---p 0000c000 08:05 133762                     /usr/lib/x86_64-linux-gnu/gio/modules/libdconfsettings.so
7fc2a4046000-7fc2a4047000 r--p 0000b000 08:05 133762                     /usr/lib/x86_64-linux-gnu/gio/modules/libdconfsettings.so
7fc2a4047000-7fc2a4048000 rw-p 0000c000 08:05 133762                     /usr/lib/x86_64-linux-gnu/gio/modules/libdconfsettings.so
7fc2a4048000-7fc2a404f000 r-xp 00000000 08:05 2239720                    /usr/lib/x86_64-linux-gnu/libogg.so.0.8.2
7fc2a404f000-7fc2a424f000 ---p 00007000 08:05 2239720                    /usr/lib/x86_64-linux-gnu/libogg.so.0.8.2
7fc2a424f000-7fc2a4250000 r--p 00007000 08:05 2239720                    /usr/lib/x86_64-linux-gnu/libogg.so.0.8.2
7fc2a4250000-7fc2a4251000 rw-p 00008000 08:05 2239720                    /usr/lib/x86_64-linux-gnu/libogg.so.0.8.2
7fc2a4251000-7fc2a427b000 r-xp 00000000 08:05 2240153                    /usr/lib/x86_64-linux-gnu/libvorbis.so.0.4.8
7fc2a427b000-7fc2a447b000 ---p 0002a000 08:05 2240153                    /usr/lib/x86_64-linux-gnu/libvorbis.so.0.4.8
7fc2a447b000-7fc2a447c000 r--p 0002a000 08:05 2240153                    /usr/lib/x86_64-linux-gnu/libvorbis.so.0.4.8
7fc2a447c000-7fc2a447d000 rw-p 0002b000 08:05 2240153                    /usr/lib/x86_64-linux-gnu/libvorbis.so.0.4.8
7fc2a447d000-7fc2a4485000 r-xp 00000000 08:05 2239564                    /usr/lib/x86_64-linux-gnu/libltdl.so.7.3.1
7fc2a4485000-7fc2a4685000 ---p 00008000 08:05 2239564                    /usr/lib/x86_64-linux-gnu/libltdl.so.7.3.1
7fc2a4685000-7fc2a4686000 r--p 00008000 08:05 2239564                    /usr/lib/x86_64-linux-gnu/libltdl.so.7.3.1
7fc2a4686000-7fc2a4687000 rw-p 00009000 08:05 2239564                    /usr/lib/x86_64-linux-gnu/libltdl.so.7.3.1
7fc2a4687000-7fc2a469b000 r-xp 00000000 08:05 2239986                    /usr/lib/x86_64-linux-gnu/libtdb.so.1.3.9
7fc2a469b000-7fc2a489a000 ---p 00014000 08:05 2239986                    /usr/lib/x86_64-linux-gnu/libtdb.so.1.3.9
7fc2a489a000-7fc2a489b000 r--p 00013000 08:05 2239986                    /usr/lib/x86_64-linux-gnu/libtdb.so.1.3.9
7fc2a489b000-7fc2a489c000 rw-p 00014000 08:05 2239986                    /usr/lib/x86_64-linux-gnu/libtdb.so.1.3.9
7fc2a489c000-7fc2a48a3000 r-xp 00000000 08:05 2240157                    /usr/lib/x86_64-linux-gnu/libvorbisfile.so.3.3.7
7fc2a48a3000-7fc2a4aa3000 ---p 00007000 08:05 2240157                    /usr/lib/x86_64-linux-gnu/libvorbisfile.so.3.3.7
7fc2a4aa3000-7fc2a4aa4000 r--p 00007000 08:05 2240157                    /usr/lib/x86_64-linux-gnu/libvorbisfile.so.3.3.7
7fc2a4aa4000-7fc2a4aa5000 rw-p 00008000 08:05 2240157                    /usr/lib/x86_64-linux-gnu/libvorbisfile.so.3.3.7
7fc2a4aa5000-7fc2a4ab5000 r-xp 00000000 08:05 2238920                    /usr/lib/x86_64-linux-gnu/libcanberra.so.0.2.5
7fc2a4ab5000-7fc2a4cb5000 ---p 00010000 08:05 2238920                    /usr/lib/x86_64-linux-gnu/libcanberra.so.0.2.5
7fc2a4cb5000-7fc2a4cb6000 r--p 00010000 08:05 2238920                    /usr/lib/x86_64-linux-gnu/libcanberra.so.0.2.5
7fc2a4cb6000-7fc2a4cb7000 rw-p 00011000 08:05 2238920                    /usr/lib/x86_64-linux-gnu/libcanberra.so.0.2.5
7fc2a4cb7000-7fc2a4cbb000 r-xp 00000000 08:05 2238916                    /usr/lib/x86_64-linux-gnu/libcanberra-gtk.so.0.1.9
7fc2a4cbb000-7fc2a4eba000 ---p 00004000 08:05 2238916                    /usr/lib/x86_64-linux-gnu/libcanberra-gtk.so.0.1.9
7fc2a4eba000-7fc2a4ebb000 r--p 00003000 08:05 2238916                    /usr/lib/x86_64-linux-gnu/libcanberra-gtk.so.0.1.9
7fc2a4ebb000-7fc2a4ebc000 rw-p 00004000 08:05 2238916                    /usr/lib/x86_64-linux-gnu/libcanberra-gtk.so.0.1.9
7fc2a4ebc000-7fc2a4ec1000 r-xp 00000000 08:05 133969                     /usr/lib/x86_64-linux-gnu/gtk-2.0/modules/libcanberra-gtk-module.so
7fc2a4ec1000-7fc2a50c0000 ---p 00005000 08:05 133969                     /usr/lib/x86_64-linux-gnu/gtk-2.0/modules/libcanberra-gtk-module.so
7fc2a50c0000-7fc2a50c1000 r--p 00004000 08:05 133969                     /usr/lib/x86_64-linux-gnu/gtk-2.0/modules/libcanberra-gtk-module.so
7fc2a50c1000-7fc2a50c2000 rw-p 00005000 08:05 133969                     /usr/lib/x86_64-linux-gnu/gtk-2.0/modules/libcanberra-gtk-module.so
7fc2a50c2000-7fc2a50f2000 r-xp 00000000 08:05 133951                     /usr/lib/x86_64-linux-gnu/gtk-2.0/2.10.0/engines/libmurrine.so
7fc2a50f2000-7fc2a52f2000 ---p 00030000 08:05 133951                     /usr/lib/x86_64-linux-gnu/gtk-2.0/2.10.0/engines/libmurrine.so
7fc2a52f2000-7fc2a52f3000 r--p 00030000 08:05 133951                     /usr/lib/x86_64-linux-gnu/gtk-2.0/2.10.0/engines/libmurrine.so
7fc2a52f3000-7fc2a52f4000 rw-p 00031000 08:05 133951                     /usr/lib/x86_64-linux-gnu/gtk-2.0/2.10.0/engines/libmurrine.so
7fc2a52f4000-7fc2a5304000 r-xp 00000000 08:05 2240079                    /usr/lib/x86_64-linux-gnu/libunity-gtk2-parser.so.0.0.0
7fc2a5304000-7fc2a5504000 ---p 00010000 08:05 2240079                    /usr/lib/x86_64-linux-gnu/libunity-gtk2-parser.so.0.0.0
7fc2a5504000-7fc2a5505000 r--p 00010000 08:05 2240079                    /usr/lib/x86_64-linux-gnu/libunity-gtk2-parser.so.0.0.0
7fc2a5505000-7fc2a5506000 rw-p 00011000 08:05 2240079                    /usr/lib/x86_64-linux-gnu/libunity-gtk2-parser.so.0.0.0
7fc2a5506000-7fc2a550b000 r-xp 00000000 08:05 133973                     /usr/lib/x86_64-linux-gnu/gtk-2.0/modules/libunity-gtk-module.so
7fc2a550b000-7fc2a570a000 ---p 00005000 08:05 133973                     /usr/lib/x86_64-linux-gnu/gtk-2.0/modules/libunity-gtk-module.so
7fc2a570a000-7fc2a570b000 r--p 00004000 08:05 133973                     /usr/lib/x86_64-linux-gnu/gtk-2.0/modules/libunity-gtk-module.so
7fc2a570b000-7fc2a570c000 rw-p 00005000 08:05 133973                     /usr/lib/x86_64-linux-gnu/gtk-2.0/modules/libunity-gtk-module.so
7fc2a570c000-7fc2a572e000 r-xp 00000000 08:05 398679                     /lib/x86_64-linux-gnu/liblzma.so.5.0.0
7fc2a572e000-7fc2a592d000 ---p 00022000 08:05 398679                     /lib/x86_64-linux-gnu/liblzma.so.5.0.0
7fc2a592d000-7fc2a592e000 r--p 00021000 08:05 398679                     /lib/x86_64-linux-gnu/liblzma.so.5.0.0
7fc2a592e000-7fc2a592f000 rw-p 00022000 08:05 398679                     /lib/x86_64-linux-gnu/liblzma.so.5.0.0
7fc2a592f000-7fc2a5979000 r-xp 00000000 08:05 399570                     /lib/x86_64-linux-gnu/libdbus-1.so.3.14.7
7fc2a5979000-7fc2a5b79000 ---p 0004a000 08:05 399570                     /lib/x86_64-linux-gnu/libdbus-1.so.3.14.7
7fc2a5b79000-7fc2a5b7a000 r--p 0004a000 08:05 399570                     /lib/x86_64-linux-gnu/libdbus-1.so.3.14.7
7fc2a5b7a000-7fc2a5b7b000 rw-p 0004b000 08:05 399570                     /lib/x86_64-linux-gnu/libdbus-1.so.3.14.7
7fc2a5b7b000-7fc2a5ba7000 r-xp 00000000 08:05 2238852                    /usr/lib/x86_64-linux-gnu/libatspi.so.0.0.1
7fc2a5ba7000-7fc2a5da6000 ---p 0002c000 08:05 2238852                    /usr/lib/x86_64-linux-gnu/libatspi.so.0.0.1
7fc2a5da6000-7fc2a5da9000 r--p 0002b000 08:05 2238852                    /usr/lib/x86_64-linux-gnu/libatspi.so.0.0.1
7fc2a5da9000-7fc2a5daa000 rw-p 0002e000 08:05 2238852                    /usr/lib/x86_64-linux-gnu/libatspi.so.0.0.1
7fc2a5daa000-7fc2a5dd7000 r-xp 00000000 08:05 2238846                    /usr/lib/x86_64-linux-gnu/libatk-bridge-2.0.so.0.0.0
7fc2a5dd7000-7fc2a5fd6000 ---p 0002d000 08:05 2238846                    /usr/lib/x86_64-linux-gnu/libatk-bridge-2.0.so.0.0.0
7fc2a5fd6000-7fc2a5fd7000 r--p 0002c000 08:05 2238846                    /usr/lib/x86_64-linux-gnu/libatk-bridge-2.0.so.0.0.0
7fc2a5fd7000-7fc2a5fd9000 rw-p 0002d000 08:05 2238846                    /usr/lib/x86_64-linux-gnu/libatk-bridge-2.0.so.0.0.0
7fc2a5fd9000-7fc2a5fda000 r-xp 00000000 08:05 133968                     /usr/lib/x86_64-linux-gnu/gtk-2.0/modules/libatk-bridge.so
7fc2a5fda000-7fc2a61d9000 ---p 00001000 08:05 133968                     /usr/lib/x86_64-linux-gnu/gtk-2.0/modules/libatk-bridge.so
7fc2a61d9000-7fc2a61da000 r--p 00000000 08:05 133968                     /usr/lib/x86_64-linux-gnu/gtk-2.0/modules/libatk-bridge.so
7fc2a61da000-7fc2a61db000 rw-p 00001000 08:05 133968                     /usr/lib/x86_64-linux-gnu/gtk-2.0/modules/libatk-bridge.so
7fc2a61db000-7fc2a61e2000 r-xp 00000000 08:05 2228785                    /usr/lib/x86_64-linux-gnu/libgailutil.so.18.0.1
7fc2a61e2000-7fc2a63e1000 ---p 00007000 08:05 2228785                    /usr/lib/x86_64-linux-gnu/libgailutil.so.18.0.1
7fc2a63e1000-7fc2a63e2000 r--p 00006000 08:05 2228785                    /usr/lib/x86_64-linux-gnu/libgailutil.so.18.0.1
7fc2a63e2000-7fc2a63e3000 rw-p 00007000 08:05 2228785                    /usr/lib/x86_64-linux-gnu/libgailutil.so.18.0.1
7fc2a63e3000-7fc2a6431000 r-xp 00000000 08:05 132695                     /usr/lib/x86_64-linux-gnu/gtk-2.0/modules/libgail.so
7fc2a6431000-7fc2a6630000 ---p 0004e000 08:05 132695                     /usr/lib/x86_64-linux-gnu/gtk-2.0/modules/libgail.so
7fc2a6630000-7fc2a6631000 r--p 0004d000 08:05 132695                     /usr/lib/x86_64-linux-gnu/gtk-2.0/modules/libgail.so
7fc2a6631000-7fc2a6633000 rw-p 0004e000 08:05 132695                     /usr/lib/x86_64-linux-gnu/gtk-2.0/modules/libgail.so
7fc2a6633000-7fc2a6644000 r-xp 00000000 08:05 132122                     /usr/lib/x86_64-linux-gnu/gtk-2.0/modules/liboverlay-scrollbar.so
7fc2a6644000-7fc2a6844000 ---p 00011000 08:05 132122                     /usr/lib/x86_64-linux-gnu/gtk-2.0/modules/liboverlay-scrollbar.so
7fc2a6844000-7fc2a6845000 r--p 00011000 08:05 132122                     /usr/lib/x86_64-linux-gnu/gtk-2.0/modules/liboverlay-scrollbar.so
7fc2a6845000-7fc2a6846000 rw-p 00012000 08:05 132122                     /usr/lib/x86_64-linux-gnu/gtk-2.0/modules/liboverlay-scrollbar.so
7fc2a6846000-7fc2a686f000 r-xp 00000000 08:05 2243370                    /usr/lib/jvm/java-8-oracle/jre/lib/amd64/libglass.so
7fc2a686f000-7fc2a6a6e000 ---p 00029000 08:05 2243370                    /usr/lib/jvm/java-8-oracle/jre/lib/amd64/libglass.so
7fc2a6a6e000-7fc2a6a71000 rw-p 00028000 08:05 2243370                    /usr/lib/jvm/java-8-oracle/jre/lib/amd64/libglass.so
7fc2a6a71000-7fc2a6aa8000 r-xp 00000000 08:05 2240033                    /usr/lib/x86_64-linux-gnu/libtxc_dxtn_s2tc.so.0.0.0
7fc2a6aa8000-7fc2a6ca7000 ---p 00037000 08:05 2240033                    /usr/lib/x86_64-linux-gnu/libtxc_dxtn_s2tc.so.0.0.0
7fc2a6ca7000-7fc2a6ca8000 r--p 00036000 08:05 2240033                    /usr/lib/x86_64-linux-gnu/libtxc_dxtn_s2tc.so.0.0.0
7fc2a6ca8000-7fc2a6ca9000 rw-p 00037000 08:05 2240033                    /usr/lib/x86_64-linux-gnu/libtxc_dxtn_s2tc.so.0.0.0
7fc2a6ca9000-7fc2a6cb1000 r-xp 00000000 08:05 2239767                    /usr/lib/x86_64-linux-gnu/libpciaccess.so.0.11.1
7fc2a6cb1000-7fc2a6eb1000 ---p 00008000 08:05 2239767                    /usr/lib/x86_64-linux-gnu/libpciaccess.so.0.11.1
7fc2a6eb1000-7fc2a6eb2000 r--p 00008000 08:05 2239767                    /usr/lib/x86_64-linux-gnu/libpciaccess.so.0.11.1
7fc2a6eb2000-7fc2a6eb3000 rw-p 00009000 08:05 2239767                    /usr/lib/x86_64-linux-gnu/libpciaccess.so.0.11.1
7fc2a6eb3000-7fc2a6ec5000 r-xp 00000000 08:05 398660                     /lib/x86_64-linux-gnu/libgpg-error.so.0.19.1
7fc2a6ec5000-7fc2a70c5000 ---p 00012000 08:05 398660                     /lib/x86_64-linux-gnu/libgpg-error.so.0.19.1
7fc2a70c5000-7fc2a70c6000 r--p 00012000 08:05 398660                     /lib/x86_64-linux-gnu/libgpg-error.so.0.19.1
7fc2a70c6000-7fc2a70c7000 rw-p 00013000 08:05 398660                     /lib/x86_64-linux-gnu/libgpg-error.so.0.19.1
7fc2a70c7000-7fc2a70d2000 r-xp 00000000 08:05 2239069                    /usr/lib/x86_64-linux-gnu/libdrm_radeon.so.1.0.1
7fc2a70d2000-7fc2a72d1000 ---p 0000b000 08:05 2239069                    /usr/lib/x86_64-linux-gnu/libdrm_radeon.so.1.0.1
7fc2a72d1000-7fc2a72d2000 r--p 0000a000 08:05 2239069                    /usr/lib/x86_64-linux-gnu/libdrm_radeon.so.1.0.1
7fc2a72d2000-7fc2a72d3000 rw-p 0000b000 08:05 2239069                    /usr/lib/x86_64-linux-gnu/libdrm_radeon.so.1.0.1
7fc2a72d3000-7fc2a72da000 r-xp 00000000 08:05 2239067                    /usr/lib/x86_64-linux-gnu/libdrm_nouveau.so.2.0.0
7fc2a72da000-7fc2a74d9000 ---p 00007000 08:05 2239067                    /usr/lib/x86_64-linux-gnu/libdrm_nouveau.so.2.0.0
7fc2a74d9000-7fc2a74da000 r--p 00006000 08:05 2239067                    /usr/lib/x86_64-linux-gnu/libdrm_nouveau.so.2.0.0
7fc2a74da000-7fc2a74db000 rw-p 00007000 08:05 2239067                    /usr/lib/x86_64-linux-gnu/libdrm_nouveau.so.2.0.0
7fc2a74db000-7fc2a74fb000 r-xp 00000000 08:05 2239065                    /usr/lib/x86_64-linux-gnu/libdrm_intel.so.1.0.0
7fc2a74fb000-7fc2a76fa000 ---p 00020000 08:05 2239065                    /usr/lib/x86_64-linux-gnu/libdrm_intel.so.1.0.0
7fc2a76fa000-7fc2a76fb000 r--p 0001f000 08:05 2239065                    /usr/lib/x86_64-linux-gnu/libdrm_intel.so.1.0.0
7fc2a76fb000-7fc2a76fc000 rw-p 00020000 08:05 2239065                    /usr/lib/x86_64-linux-gnu/libdrm_intel.so.1.0.0
7fc2a76fc000-7fc2a7803000 r-xp 00000000 08:05 398656                     /lib/x86_64-linux-gnu/libgcrypt.so.20.1.2
7fc2a7803000-7fc2a7a02000 ---p 00107000 08:05 398656                     /lib/x86_64-linux-gnu/libgcrypt.so.20.1.2
7fc2a7a02000-7fc2a7a04000 r--p 00106000 08:05 398656                     /lib/x86_64-linux-gnu/libgcrypt.so.20.1.2
7fc2a7a04000-7fc2a7a0b000 rw-p 00108000 08:05 398656                     /lib/x86_64-linux-gnu/libgcrypt.so.20.1.2
7fc2a7a0b000-7fc2a80ae000 r-xp 00000000 08:05 133427                     /usr/lib/x86_64-linux-gnu/dri/i965_dri.so
7fc2a80ae000-7fc2a82ad000 ---p 006a3000 08:05 133427                     /usr/lib/x86_64-linux-gnu/dri/i965_dri.so
7fc2a82ad000-7fc2a82ec000 r--p 006a2000 08:05 133427                     /usr/lib/x86_64-linux-gnu/dri/i965_dri.so
7fc2a82ec000-7fc2a82f4000 rw-p 006e1000 08:05 133427                     /usr/lib/x86_64-linux-gnu/dri/i965_dri.so
7fc2a82f4000-7fc2a82fc000 rw-p 00000000 00:00 0 
7fc2a82fc000-7fc2a8300000 r-xp 00000000 08:05 398105                     /lib/x86_64-linux-gnu/libuuid.so.1.3.0
7fc2a8300000-7fc2a84ff000 ---p 00004000 08:05 398105                     /lib/x86_64-linux-gnu/libuuid.so.1.3.0
7fc2a84ff000-7fc2a8500000 r--p 00003000 08:05 398105                     /lib/x86_64-linux-gnu/libuuid.so.1.3.0
7fc2a8500000-7fc2a8501000 rw-p 00004000 08:05 398105                     /lib/x86_64-linux-gnu/libuuid.so.1.3.0
7fc2a8501000-7fc2a8507000 r-xp 00000000 08:05 2239010                    /usr/lib/x86_64-linux-gnu/libdatrie.so.1.3.3
7fc2a8507000-7fc2a8707000 ---p 00006000 08:05 2239010                    /usr/lib/x86_64-linux-gnu/libdatrie.so.1.3.3
7fc2a8707000-7fc2a8708000 r--p 00006000 08:05 2239010                    /usr/lib/x86_64-linux-gnu/libdatrie.so.1.3.3
7fc2a8708000-7fc2a8709000 rw-p 00007000 08:05 2239010                    /usr/lib/x86_64-linux-gnu/libdatrie.so.1.3.3
7fc2a8709000-7fc2a870e000 r-xp 00000000 08:05 2238755                    /usr/lib/x86_64-linux-gnu/libXdmcp.so.6.0.0
7fc2a870e000-7fc2a890d000 ---p 00005000 08:05 2238755                    /usr/lib/x86_64-linux-gnu/libXdmcp.so.6.0.0
7fc2a890d000-7fc2a890e000 r--p 00004000 08:05 2238755                    /usr/lib/x86_64-linux-gnu/libXdmcp.so.6.0.0
7fc2a890e000-7fc2a890f000 rw-p 00005000 08:05 2238755                    /usr/lib/x86_64-linux-gnu/libXdmcp.so.6.0.0
7fc2a890f000-7fc2a8911000 r-xp 00000000 08:05 2238744                    /usr/lib/x86_64-linux-gnu/libXau.so.6.0.0
7fc2a8911000-7fc2a8b11000 ---p 00002000 08:05 2238744                    /usr/lib/x86_64-linux-gnu/libXau.so.6.0.0
7fc2a8b11000-7fc2a8b12000 r--p 00002000 08:05 2238744                    /usr/lib/x86_64-linux-gnu/libXau.so.6.0.0
7fc2a8b12000-7fc2a8b13000 rw-p 00003000 08:05 2238744                    /usr/lib/x86_64-linux-gnu/libXau.so.6.0.0
7fc2a8b13000-7fc2a8b36000 r-xp 00000000 08:05 2239322                    /usr/lib/x86_64-linux-gnu/libgraphite2.so.3.0.1
7fc2a8b36000-7fc2a8d35000 ---p 00023000 08:05 2239322                    /usr/lib/x86_64-linux-gnu/libgraphite2.so.3.0.1
7fc2a8d35000-7fc2a8d37000 r--p 00022000 08:05 2239322                    /usr/lib/x86_64-linux-gnu/libgraphite2.so.3.0.1
7fc2a8d37000-7fc2a8d38000 rw-p 00024000 08:05 2239322                    /usr/lib/x86_64-linux-gnu/libgraphite2.so.3.0.1
7fc2a8d38000-7fc2a8d75000 r-xp 00000000 08:05 398114                     /lib/x86_64-linux-gnu/libblkid.so.1.1.0
7fc2a8d75000-7fc2a8f74000 ---p 0003d000 08:05 398114                     /lib/x86_64-linux-gnu/libblkid.so.1.1.0
7fc2a8f74000-7fc2a8f78000 r--p 0003c000 08:05 398114                     /lib/x86_64-linux-gnu/libblkid.so.1.1.0
7fc2a8f78000-7fc2a8f79000 rw-p 00040000 08:05 398114                     /lib/x86_64-linux-gnu/libblkid.so.1.1.0
7fc2a8f79000-7fc2a8f7a000 rw-p 00000000 00:00 0 
7fc2a8f7a000-7fc2a8f88000 r-xp 00000000 08:05 2239061                    /usr/lib/x86_64-linux-gnu/libdrm.so.2.4.0
7fc2a8f88000-7fc2a9187000 ---p 0000e000 08:05 2239061                    /usr/lib/x86_64-linux-gnu/libdrm.so.2.4.0
7fc2a9187000-7fc2a9188000 r--p 0000d000 08:05 2239061                    /usr/lib/x86_64-linux-gnu/libdrm.so.2.4.0
7fc2a9188000-7fc2a9189000 rw-p 0000e000 08:05 2239061                    /usr/lib/x86_64-linux-gnu/libdrm.so.2.4.0
7fc2a9189000-7fc2a918d000 r-xp 00000000 08:05 2240244                    /usr/lib/x86_64-linux-gnu/libxcb-dri2.so.0.0.0
7fc2a918d000-7fc2a938c000 ---p 00004000 08:05 2240244                    /usr/lib/x86_64-linux-gnu/libxcb-dri2.so.0.0.0
7fc2a938c000-7fc2a938d000 r--p 00003000 08:05 2240244                    /usr/lib/x86_64-linux-gnu/libxcb-dri2.so.0.0.0
7fc2a938d000-7fc2a938e000 rw-p 00004000 08:05 2240244                    /usr/lib/x86_64-linux-gnu/libxcb-dri2.so.0.0.0
7fc2a938e000-7fc2a93a5000 r-xp 00000000 08:05 2240248                    /usr/lib/x86_64-linux-gnu/libxcb-glx.so.0.0.0
7fc2a93a5000-7fc2a95a4000 ---p 00017000 08:05 2240248                    /usr/lib/x86_64-linux-gnu/libxcb-glx.so.0.0.0
7fc2a95a4000-7fc2a95a6000 r--p 00016000 08:05 2240248                    /usr/lib/x86_64-linux-gnu/libxcb-glx.so.0.0.0
7fc2a95a6000-7fc2a95a7000 rw-p 00018000 08:05 2240248                    /usr/lib/x86_64-linux-gnu/libxcb-glx.so.0.0.0
7fc2a95a7000-7fc2a95a8000 r-xp 00000000 08:05 2238738                    /usr/lib/x86_64-linux-gnu/libX11-xcb.so.1.0.0
7fc2a95a8000-7fc2a97a7000 ---p 00001000 08:05 2238738                    /usr/lib/x86_64-linux-gnu/libX11-xcb.so.1.0.0
7fc2a97a7000-7fc2a97a8000 r--p 00000000 08:05 2238738                    /usr/lib/x86_64-linux-gnu/libX11-xcb.so.1.0.0
7fc2a97a8000-7fc2a97a9000 rw-p 00001000 08:05 2238738                    /usr/lib/x86_64-linux-gnu/libX11-xcb.so.1.0.0
7fc2a97a9000-7fc2a97d2000 r-xp 00000000 08:05 2231673                    /usr/lib/x86_64-linux-gnu/libglapi.so.0.0.0
7fc2a97d2000-7fc2a99d1000 ---p 00029000 08:05 2231673                    /usr/lib/x86_64-linux-gnu/libglapi.so.0.0.0
7fc2a99d1000-7fc2a99d5000 r--p 00028000 08:05 2231673                    /usr/lib/x86_64-linux-gnu/libglapi.so.0.0.0
7fc2a99d5000-7fc2a99d6000 rw-p 0002c000 08:05 2231673                    /usr/lib/x86_64-linux-gnu/libglapi.so.0.0.0
7fc2a99d6000-7fc2a99d7000 rw-p 00000000 00:00 0 
7fc2a99d7000-7fc2a99d8000 r-xp 00000000 08:05 2240290                    /usr/lib/x86_64-linux-gnu/libxshmfence.so.1.0.0
7fc2a99d8000-7fc2a9bd8000 ---p 00001000 08:05 2240290                    /usr/lib/x86_64-linux-gnu/libxshmfence.so.1.0.0
7fc2a9bd8000-7fc2a9bd9000 r--p 00001000 08:05 2240290                    /usr/lib/x86_64-linux-gnu/libxshmfence.so.1.0.0
7fc2a9bd9000-7fc2a9bda000 rw-p 00002000 08:05 2240290                    /usr/lib/x86_64-linux-gnu/libxshmfence.so.1.0.0
7fc2a9bda000-7fc2a9bdf000 r-xp 00000000 08:05 2240268                    /usr/lib/x86_64-linux-gnu/libxcb-sync.so.1.0.0
7fc2a9bdf000-7fc2a9ddf000 ---p 00005000 08:05 2240268                    /usr/lib/x86_64-linux-gnu/libxcb-sync.so.1.0.0
7fc2a9ddf000-7fc2a9de0000 r--p 00005000 08:05 2240268                    /usr/lib/x86_64-linux-gnu/libxcb-sync.so.1.0.0
7fc2a9de0000-7fc2a9de1000 rw-p 00006000 08:05 2240268                    /usr/lib/x86_64-linux-gnu/libxcb-sync.so.1.0.0
7fc2a9de1000-7fc2a9de3000 r-xp 00000000 08:05 2240256                    /usr/lib/x86_64-linux-gnu/libxcb-present.so.0.0.0
7fc2a9de3000-7fc2a9fe2000 ---p 00002000 08:05 2240256                    /usr/lib/x86_64-linux-gnu/libxcb-present.so.0.0.0
7fc2a9fe2000-7fc2a9fe3000 r--p 00001000 08:05 2240256                    /usr/lib/x86_64-linux-gnu/libxcb-present.so.0.0.0
7fc2a9fe3000-7fc2a9fe4000 rw-p 00002000 08:05 2240256                    /usr/lib/x86_64-linux-gnu/libxcb-present.so.0.0.0
7fc2a9fe4000-7fc2a9fe6000 r-xp 00000000 08:05 2240246                    /usr/lib/x86_64-linux-gnu/libxcb-dri3.so.0.0.0
7fc2a9fe6000-7fc2aa1e5000 ---p 00002000 08:05 2240246                    /usr/lib/x86_64-linux-gnu/libxcb-dri3.so.0.0.0
7fc2aa1e5000-7fc2aa1e6000 r--p 00001000 08:05 2240246                    /usr/lib/x86_64-linux-gnu/libxcb-dri3.so.0.0.0
7fc2aa1e6000-7fc2aa1e7000 rw-p 00002000 08:05 2240246                    /usr/lib/x86_64-linux-gnu/libxcb-dri3.so.0.0.0
7fc2aa1e7000-7fc2aa259000 r-xp 00000000 08:05 398742                     /lib/x86_64-linux-gnu/libpcre.so.3.13.3
7fc2aa259000-7fc2aa458000 ---p 00072000 08:05 398742                     /lib/x86_64-linux-gnu/libpcre.so.3.13.3
7fc2aa458000-7fc2aa459000 r--p 00071000 08:05 398742                     /lib/x86_64-linux-gnu/libpcre.so.3.13.3
7fc2aa459000-7fc2aa45a000 rw-p 00072000 08:05 398742                     /lib/x86_64-linux-gnu/libpcre.so.3.13.3
7fc2aa45a000-7fc2aa461000 r-xp 00000000 08:05 2239141                    /usr/lib/x86_64-linux-gnu/libffi.so.6.0.4
7fc2aa461000-7fc2aa660000 ---p 00007000 08:05 2239141                    /usr/lib/x86_64-linux-gnu/libffi.so.6.0.4
7fc2aa660000-7fc2aa661000 r--p 00006000 08:05 2239141                    /usr/lib/x86_64-linux-gnu/libffi.so.6.0.4
7fc2aa661000-7fc2aa662000 rw-p 00007000 08:05 2239141                    /usr/lib/x86_64-linux-gnu/libffi.so.6.0.4
7fc2aa662000-7fc2aa689000 r-xp 00000000 08:05 398647                     /lib/x86_64-linux-gnu/libexpat.so.1.6.2
7fc2aa689000-7fc2aa889000 ---p 00027000 08:05 398647                     /lib/x86_64-linux-gnu/libexpat.so.1.6.2
7fc2aa889000-7fc2aa88b000 r--p 00027000 08:05 398647                     /lib/x86_64-linux-gnu/libexpat.so.1.6.2
7fc2aa88b000-7fc2aa88c000 rw-p 00029000 08:05 398647                     /lib/x86_64-linux-gnu/libexpat.so.1.6.2
7fc2aa88c000-7fc2aa894000 r-xp 00000000 08:05 2240000                    /usr/lib/x86_64-linux-gnu/libthai.so.0.3.0
7fc2aa894000-7fc2aaa93000 ---p 00008000 08:05 2240000                    /usr/lib/x86_64-linux-gnu/libthai.so.0.3.0
7fc2aaa93000-7fc2aaa94000 r--p 00007000 08:05 2240000                    /usr/lib/x86_64-linux-gnu/libthai.so.0.3.0
7fc2aaa94000-7fc2aaa95000 rw-p 00008000 08:05 2240000                    /usr/lib/x86_64-linux-gnu/libthai.so.0.3.0
7fc2aaa95000-7fc2aaab6000 r-xp 00000000 08:05 2240278                    /usr/lib/x86_64-linux-gnu/libxcb.so.1.1.0
7fc2aaab6000-7fc2aacb5000 ---p 00021000 08:05 2240278                    /usr/lib/x86_64-linux-gnu/libxcb.so.1.1.0
7fc2aacb5000-7fc2aacb6000 r--p 00020000 08:05 2240278                    /usr/lib/x86_64-linux-gnu/libxcb.so.1.1.0
7fc2aacb6000-7fc2aacb7000 rw-p 00021000 08:05 2240278                    /usr/lib/x86_64-linux-gnu/libxcb.so.1.1.0
7fc2aacb7000-7fc2aacbf000 r-xp 00000000 08:05 2240262                    /usr/lib/x86_64-linux-gnu/libxcb-render.so.0.0.0
7fc2aacbf000-7fc2aaebf000 ---p 00008000 08:05 2240262                    /usr/lib/x86_64-linux-gnu/libxcb-render.so.0.0.0
7fc2aaebf000-7fc2aaec0000 r--p 00008000 08:05 2240262                    /usr/lib/x86_64-linux-gnu/libxcb-render.so.0.0.0
7fc2aaec0000-7fc2aaec1000 rw-p 00009000 08:05 2240262                    /usr/lib/x86_64-linux-gnu/libxcb-render.so.0.0.0
7fc2aaec1000-7fc2aaec3000 r-xp 00000000 08:05 2240266                    /usr/lib/x86_64-linux-gnu/libxcb-shm.so.0.0.0
7fc2aaec3000-7fc2ab0c3000 ---p 00002000 08:05 2240266                    /usr/lib/x86_64-linux-gnu/libxcb-shm.so.0.0.0
7fc2ab0c3000-7fc2ab0c4000 r--p 00002000 08:05 2240266                    /usr/lib/x86_64-linux-gnu/libxcb-shm.so.0.0.0
7fc2ab0c4000-7fc2ab0c5000 rw-p 00003000 08:05 2240266                    /usr/lib/x86_64-linux-gnu/libxcb-shm.so.0.0.0
7fc2ab0c5000-7fc2ab0f6000 r-xp 00000000 08:05 2239791                    /usr/lib/x86_64-linux-gnu/libpng16.so.16.25.0
7fc2ab0f6000-7fc2ab2f5000 ---p 00031000 08:05 2239791                    /usr/lib/x86_64-linux-gnu/libpng16.so.16.25.0
7fc2ab2f5000-7fc2ab2f6000 r--p 00030000 08:05 2239791                    /usr/lib/x86_64-linux-gnu/libpng16.so.16.25.0
7fc2ab2f6000-7fc2ab2f7000 rw-p 00031000 08:05 2239791                    /usr/lib/x86_64-linux-gnu/libpng16.so.16.25.0
7fc2ab2f7000-7fc2ab396000 r-xp 00000000 08:05 2239783                    /usr/lib/x86_64-linux-gnu/libpixman-1.so.0.33.6
7fc2ab396000-7fc2ab596000 ---p 0009f000 08:05 2239783                    /usr/lib/x86_64-linux-gnu/libpixman-1.so.0.33.6
7fc2ab596000-7fc2ab59e000 r--p 0009f000 08:05 2239783                    /usr/lib/x86_64-linux-gnu/libpixman-1.so.0.33.6
7fc2ab59e000-7fc2ab59f000 rw-p 000a7000 08:05 2239783                    /usr/lib/x86_64-linux-gnu/libpixman-1.so.0.33.6
7fc2ab59f000-7fc2ab61d000 r-xp 00000000 08:05 2239412                    /usr/lib/x86_64-linux-gnu/libharfbuzz.so.0.10200.7
7fc2ab61d000-7fc2ab81d000 ---p 0007e000 08:05 2239412                    /usr/lib/x86_64-linux-gnu/libharfbuzz.so.0.10200.7
7fc2ab81d000-7fc2ab81e000 r--p 0007e000 08:05 2239412                    /usr/lib/x86_64-linux-gnu/libharfbuzz.so.0.10200.7
7fc2ab81e000-7fc2ab81f000 rw-p 0007f000 08:05 2239412                    /usr/lib/x86_64-linux-gnu/libharfbuzz.so.0.10200.7
7fc2ab81f000-7fc2ab865000 r-xp 00000000 08:05 398122                     /lib/x86_64-linux-gnu/libmount.so.1.1.0
7fc2ab865000-7fc2aba64000 ---p 00046000 08:05 398122                     /lib/x86_64-linux-gnu/libmount.so.1.1.0
7fc2aba64000-7fc2aba65000 r--p 00045000 08:05 398122                     /lib/x86_64-linux-gnu/libmount.so.1.1.0
7fc2aba65000-7fc2aba66000 rw-p 00046000 08:05 398122                     /lib/x86_64-linux-gnu/libmount.so.1.1.0
7fc2aba66000-7fc2aba67000 rw-p 00000000 00:00 0 
7fc2aba67000-7fc2aba7e000 r-xp 00000000 08:05 409762                     /lib/x86_64-linux-gnu/libresolv-2.24.so
7fc2aba7e000-7fc2abc7e000 ---p 00017000 08:05 409762                     /lib/x86_64-linux-gnu/libresolv-2.24.so
7fc2abc7e000-7fc2abc7f000 r--p 00017000 08:05 409762                     /lib/x86_64-linux-gnu/libresolv-2.24.so
7fc2abc7f000-7fc2abc80000 rw-p 00018000 08:05 409762                     /lib/x86_64-linux-gnu/libresolv-2.24.so
7fc2abc80000-7fc2abc82000 rw-p 00000000 00:00 0 
7fc2abc82000-7fc2abca5000 r-xp 00000000 08:05 398769                     /lib/x86_64-linux-gnu/libselinux.so.1
7fc2abca5000-7fc2abea4000 ---p 00023000 08:05 398769                     /lib/x86_64-linux-gnu/libselinux.so.1
7fc2abea4000-7fc2abea5000 r--p 00022000 08:05 398769                     /lib/x86_64-linux-gnu/libselinux.so.1
7fc2abea5000-7fc2abea6000 rw-p 00023000 08:05 398769                     /lib/x86_64-linux-gnu/libselinux.so.1
7fc2abea6000-7fc2abea8000 rw-p 00000000 00:00 0 
7fc2abea8000-7fc2abec1000 r-xp 00000000 08:05 398798                     /lib/x86_64-linux-gnu/libz.so.1.2.8
7fc2abec1000-7fc2ac0c0000 ---p 00019000 08:05 398798                     /lib/x86_64-linux-gnu/libz.so.1.2.8
7fc2ac0c0000-7fc2ac0c1000 r--p 00018000 08:05 398798                     /lib/x86_64-linux-gnu/libz.so.1.2.8
7fc2ac0c1000-7fc2ac0c2000 rw-p 00019000 08:05 398798                     /lib/x86_64-linux-gnu/libz.so.1.2.8
7fc2ac0c2000-7fc2ac0d3000 r-xp 00000000 08:05 2238757                    /usr/lib/x86_64-linux-gnu/libXext.so.6.4.0
7fc2ac0d3000-7fc2ac2d2000 ---p 00011000 08:05 2238757                    /usr/lib/x86_64-linux-gnu/libXext.so.6.4.0
7fc2ac2d2000-7fc2ac2d3000 r--p 00010000 08:05 2238757                    /usr/lib/x86_64-linux-gnu/libXext.so.6.4.0
7fc2ac2d3000-7fc2ac2d4000 rw-p 00011000 08:05 2238757                    /usr/lib/x86_64-linux-gnu/libXext.so.6.4.0
7fc2ac2d4000-7fc2ac2d6000 r-xp 00000000 08:05 2238753                    /usr/lib/x86_64-linux-gnu/libXdamage.so.1.1.0
7fc2ac2d6000-7fc2ac4d5000 ---p 00002000 08:05 2238753                    /usr/lib/x86_64-linux-gnu/libXdamage.so.1.1.0
7fc2ac4d5000-7fc2ac4d6000 r--p 00001000 08:05 2238753                    /usr/lib/x86_64-linux-gnu/libXdamage.so.1.1.0
7fc2ac4d6000-7fc2ac4d7000 rw-p 00002000 08:05 2238753                    /usr/lib/x86_64-linux-gnu/libXdamage.so.1.1.0
7fc2ac4d7000-7fc2ac4d9000 r-xp 00000000 08:05 2238749                    /usr/lib/x86_64-linux-gnu/libXcomposite.so.1.0.0
7fc2ac4d9000-7fc2ac6d8000 ---p 00002000 08:05 2238749                    /usr/lib/x86_64-linux-gnu/libXcomposite.so.1.0.0
7fc2ac6d8000-7fc2ac6d9000 r--p 00001000 08:05 2238749                    /usr/lib/x86_64-linux-gnu/libXcomposite.so.1.0.0
7fc2ac6d9000-7fc2ac6da000 rw-p 00002000 08:05 2238749                    /usr/lib/x86_64-linux-gnu/libXcomposite.so.1.0.0
7fc2ac6da000-7fc2ac6e3000 r-xp 00000000 08:05 2238751                    /usr/lib/x86_64-linux-gnu/libXcursor.so.1.0.2
7fc2ac6e3000-7fc2ac8e2000 ---p 00009000 08:05 2238751                    /usr/lib/x86_64-linux-gnu/libXcursor.so.1.0.2
7fc2ac8e2000-7fc2ac8e3000 r--p 00008000 08:05 2238751                    /usr/lib/x86_64-linux-gnu/libXcursor.so.1.0.2
7fc2ac8e3000-7fc2ac8e4000 rw-p 00009000 08:05 2238751                    /usr/lib/x86_64-linux-gnu/libXcursor.so.1.0.2
7fc2ac8e4000-7fc2ac8ee000 r-xp 00000000 08:05 2238775                    /usr/lib/x86_64-linux-gnu/libXrandr.so.2.2.0
7fc2ac8ee000-7fc2acaed000 ---p 0000a000 08:05 2238775                    /usr/lib/x86_64-linux-gnu/libXrandr.so.2.2.0
7fc2acaed000-7fc2acaee000 r--p 00009000 08:05 2238775                    /usr/lib/x86_64-linux-gnu/libXrandr.so.2.2.0
7fc2acaee000-7fc2acaef000 rw-p 0000a000 08:05 2238775                    /usr/lib/x86_64-linux-gnu/libXrandr.so.2.2.0
7fc2acaef000-7fc2acafe000 r-xp 00000000 08:05 2238765                    /usr/lib/x86_64-linux-gnu/libXi.so.6.1.0
7fc2acafe000-7fc2accfd000 ---p 0000f000 08:05 2238765                    /usr/lib/x86_64-linux-gnu/libXi.so.6.1.0
7fc2accfd000-7fc2accfe000 r--p 0000e000 08:05 2238765                    /usr/lib/x86_64-linux-gnu/libXi.so.6.1.0
7fc2accfe000-7fc2accff000 rw-p 0000f000 08:05 2238765                    /usr/lib/x86_64-linux-gnu/libXi.so.6.1.0
7fc2accff000-7fc2acd01000 r-xp 00000000 08:05 2238767                    /usr/lib/x86_64-linux-gnu/libXinerama.so.1.0.0
7fc2acd01000-7fc2acf00000 ---p 00002000 08:05 2238767                    /usr/lib/x86_64-linux-gnu/libXinerama.so.1.0.0
7fc2acf00000-7fc2acf01000 r--p 00001000 08:05 2238767                    /usr/lib/x86_64-linux-gnu/libXinerama.so.1.0.0
7fc2acf01000-7fc2acf02000 rw-p 00002000 08:05 2238767                    /usr/lib/x86_64-linux-gnu/libXinerama.so.1.0.0
7fc2acf02000-7fc2acf0b000 r-xp 00000000 08:05 2238777                    /usr/lib/x86_64-linux-gnu/libXrender.so.1.3.0
7fc2acf0b000-7fc2ad10a000 ---p 00009000 08:05 2238777                    /usr/lib/x86_64-linux-gnu/libXrender.so.1.3.0
7fc2ad10a000-7fc2ad10b000 r--p 00008000 08:05 2238777                    /usr/lib/x86_64-linux-gnu/libXrender.so.1.3.0
7fc2ad10b000-7fc2ad10c000 rw-p 00009000 08:05 2238777                    /usr/lib/x86_64-linux-gnu/libXrender.so.1.3.0
7fc2ad10c000-7fc2ad111000 r-xp 00000000 08:05 2238759                    /usr/lib/x86_64-linux-gnu/libXfixes.so.3.1.0
7fc2ad111000-7fc2ad310000 ---p 00005000 08:05 2238759                    /usr/lib/x86_64-linux-gnu/libXfixes.so.3.1.0
7fc2ad310000-7fc2ad311000 r--p 00004000 08:05 2238759                    /usr/lib/x86_64-linux-gnu/libXfixes.so.3.1.0
7fc2ad311000-7fc2ad312000 rw-p 00005000 08:05 2238759                    /usr/lib/x86_64-linux-gnu/libXfixes.so.3.1.0
7fc2ad312000-7fc2ad328000 r-xp 00000000 08:05 398654                     /lib/x86_64-linux-gnu/libgcc_s.so.1
7fc2ad328000-7fc2ad527000 ---p 00016000 08:05 398654                     /lib/x86_64-linux-gnu/libgcc_s.so.1
7fc2ad527000-7fc2ad528000 r--p 00015000 08:05 398654                     /lib/x86_64-linux-gnu/libgcc_s.so.1
7fc2ad528000-7fc2ad529000 rw-p 00016000 08:05 398654                     /lib/x86_64-linux-gnu/libgcc_s.so.1
7fc2ad529000-7fc2ad6a1000 r-xp 00000000 08:05 2239972                    /usr/lib/x86_64-linux-gnu/libstdc++.so.6.0.22
7fc2ad6a1000-7fc2ad8a1000 ---p 00178000 08:05 2239972                    /usr/lib/x86_64-linux-gnu/libstdc++.so.6.0.22
7fc2ad8a1000-7fc2ad8ab000 r--p 00178000 08:05 2239972                    /usr/lib/x86_64-linux-gnu/libstdc++.so.6.0.22
7fc2ad8ab000-7fc2ad8ad000 rw-p 00182000 08:05 2239972                    /usr/lib/x86_64-linux-gnu/libstdc++.so.6.0.22
7fc2ad8ad000-7fc2ad8b1000 rw-p 00000000 00:00 0 
7fc2ad8b1000-7fc2ad921000 r-xp 00000000 08:05 133030                     /usr/lib/x86_64-linux-gnu/mesa/libGL.so.1.2.0
7fc2ad921000-7fc2adb20000 ---p 00070000 08:05 133030                     /usr/lib/x86_64-linux-gnu/mesa/libGL.so.1.2.0
7fc2adb20000-7fc2adb23000 r--p 0006f000 08:05 133030                     /usr/lib/x86_64-linux-gnu/mesa/libGL.so.1.2.0
7fc2adb23000-7fc2adb24000 rw-p 00072000 08:05 133030                     /usr/lib/x86_64-linux-gnu/mesa/libGL.so.1.2.0
7fc2adb24000-7fc2adb25000 rw-p 00000000 00:00 0 
7fc2adb25000-7fc2adb2a000 r-xp 00000000 08:05 2238793                    /usr/lib/x86_64-linux-gnu/libXxf86vm.so.1.0.0
7fc2adb2a000-7fc2add29000 ---p 00005000 08:05 2238793                    /usr/lib/x86_64-linux-gnu/libXxf86vm.so.1.0.0
7fc2add29000-7fc2add2a000 r--p 00004000 08:05 2238793                    /usr/lib/x86_64-linux-gnu/libXxf86vm.so.1.0.0
7fc2add2a000-7fc2add2b000 rw-p 00005000 08:05 2238793                    /usr/lib/x86_64-linux-gnu/libXxf86vm.so.1.0.0
7fc2add2b000-7fc2ade60000 r-xp 00000000 08:05 2238740                    /usr/lib/x86_64-linux-gnu/libX11.so.6.3.0
7fc2ade60000-7fc2ae05f000 ---p 00135000 08:05 2238740                    /usr/lib/x86_64-linux-gnu/libX11.so.6.3.0
7fc2ae05f000-7fc2ae060000 r--p 00134000 08:05 2238740                    /usr/lib/x86_64-linux-gnu/libX11.so.6.3.0
7fc2ae060000-7fc2ae064000 rw-p 00135000 08:05 2238740                    /usr/lib/x86_64-linux-gnu/libX11.so.6.3.0
7fc2ae064000-7fc2ae069000 r-xp 00000000 08:05 2238783                    /usr/lib/x86_64-linux-gnu/libXtst.so.6.1.0
7fc2ae069000-7fc2ae268000 ---p 00005000 08:05 2238783                    /usr/lib/x86_64-linux-gnu/libXtst.so.6.1.0
7fc2ae268000-7fc2ae269000 r--p 00004000 08:05 2238783                    /usr/lib/x86_64-linux-gnu/libXtst.so.6.1.0
7fc2ae269000-7fc2ae26a000 rw-p 00005000 08:05 2238783                    /usr/lib/x86_64-linux-gnu/libXtst.so.6.1.0
7fc2ae26a000-7fc2ae37c000 r-xp 00000000 08:05 399763                     /lib/x86_64-linux-gnu/libglib-2.0.so.0.5000.2
7fc2ae37c000-7fc2ae57b000 ---p 00112000 08:05 399763                     /lib/x86_64-linux-gnu/libglib-2.0.so.0.5000.2
7fc2ae57b000-7fc2ae57c000 r--p 00111000 08:05 399763                     /lib/x86_64-linux-gnu/libglib-2.0.so.0.5000.2
7fc2ae57c000-7fc2ae57d000 rw-p 00112000 08:05 399763                     /lib/x86_64-linux-gnu/libglib-2.0.so.0.5000.2
7fc2ae57d000-7fc2ae57e000 rw-p 00000000 00:00 0 
7fc2ae57e000-7fc2ae57f000 r-xp 00000000 08:05 2228686                    /usr/lib/x86_64-linux-gnu/libgthread-2.0.so.0.5000.2
7fc2ae57f000-7fc2ae77e000 ---p 00001000 08:05 2228686                    /usr/lib/x86_64-linux-gnu/libgthread-2.0.so.0.5000.2
7fc2ae77e000-7fc2ae77f000 r--p 00000000 08:05 2228686                    /usr/lib/x86_64-linux-gnu/libgthread-2.0.so.0.5000.2
7fc2ae77f000-7fc2ae780000 rw-p 00001000 08:05 2228686                    /usr/lib/x86_64-linux-gnu/libgthread-2.0.so.0.5000.2
7fc2ae780000-7fc2ae783000 r-xp 00000000 08:05 2228661                    /usr/lib/x86_64-linux-gnu/libgmodule-2.0.so.0.5000.2
7fc2ae783000-7fc2ae982000 ---p 00003000 08:05 2228661                    /usr/lib/x86_64-linux-gnu/libgmodule-2.0.so.0.5000.2
7fc2ae982000-7fc2ae983000 r--p 00002000 08:05 2228661                    /usr/lib/x86_64-linux-gnu/libgmodule-2.0.so.0.5000.2
7fc2ae983000-7fc2ae984000 rw-p 00003000 08:05 2228661                    /usr/lib/x86_64-linux-gnu/libgmodule-2.0.so.0.5000.2
7fc2ae984000-7fc2ae9d6000 r-xp 00000000 08:05 2228683                    /usr/lib/x86_64-linux-gnu/libgobject-2.0.so.0.5000.2
7fc2ae9d6000-7fc2aebd5000 ---p 00052000 08:05 2228683                    /usr/lib/x86_64-linux-gnu/libgobject-2.0.so.0.5000.2
7fc2aebd5000-7fc2aebd6000 r--p 00051000 08:05 2228683                    /usr/lib/x86_64-linux-gnu/libgobject-2.0.so.0.5000.2
7fc2aebd6000-7fc2aebd7000 rw-p 00052000 08:05 2228683                    /usr/lib/x86_64-linux-gnu/libgobject-2.0.so.0.5000.2
7fc2aebd7000-7fc2aec14000 r-xp 00000000 08:05 2239159                    /usr/lib/x86_64-linux-gnu/libfontconfig.so.1.9.0
7fc2aec14000-7fc2aee13000 ---p 0003d000 08:05 2239159                    /usr/lib/x86_64-linux-gnu/libfontconfig.so.1.9.0
7fc2aee13000-7fc2aee15000 r--p 0003c000 08:05 2239159                    /usr/lib/x86_64-linux-gnu/libfontconfig.so.1.9.0
7fc2aee15000-7fc2aee1a000 rw-p 0003e000 08:05 2239159                    /usr/lib/x86_64-linux-gnu/libfontconfig.so.1.9.0
7fc2aee1a000-7fc2aeec1000 r-xp 00000000 08:05 2229706                    /usr/lib/x86_64-linux-gnu/libfreetype.so.6.12.3
7fc2aeec1000-7fc2af0c0000 ---p 000a7000 08:05 2229706                    /usr/lib/x86_64-linux-gnu/libfreetype.so.6.12.3
7fc2af0c0000-7fc2af0c6000 r--p 000a6000 08:05 2229706                    /usr/lib/x86_64-linux-gnu/libfreetype.so.6.12.3
7fc2af0c6000-7fc2af0c7000 rw-p 000ac000 08:05 2229706                    /usr/lib/x86_64-linux-gnu/libfreetype.so.6.12.3
7fc2af0c7000-7fc2af110000 r-xp 00000000 08:05 2239751                    /usr/lib/x86_64-linux-gnu/libpango-1.0.so.0.4000.1
7fc2af110000-7fc2af310000 ---p 00049000 08:05 2239751                    /usr/lib/x86_64-linux-gnu/libpango-1.0.so.0.4000.1
7fc2af310000-7fc2af312000 r--p 00049000 08:05 2239751                    /usr/lib/x86_64-linux-gnu/libpango-1.0.so.0.4000.1
7fc2af312000-7fc2af313000 rw-p 0004b000 08:05 2239751                    /usr/lib/x86_64-linux-gnu/libpango-1.0.so.0.4000.1
7fc2af313000-7fc2af421000 r-xp 00000000 08:05 2238910                    /usr/lib/x86_64-linux-gnu/libcairo.so.2.11400.6
7fc2af421000-7fc2af620000 ---p 0010e000 08:05 2238910                    /usr/lib/x86_64-linux-gnu/libcairo.so.2.11400.6
7fc2af620000-7fc2af623000 r--p 0010d000 08:05 2238910                    /usr/lib/x86_64-linux-gnu/libcairo.so.2.11400.6
7fc2af623000-7fc2af624000 rw-p 00110000 08:05 2238910                    /usr/lib/x86_64-linux-gnu/libcairo.so.2.11400.6
7fc2af624000-7fc2af626000 rw-p 00000000 00:00 0 
7fc2af626000-7fc2af632000 r-xp 00000000 08:05 2239753                    /usr/lib/x86_64-linux-gnu/libpangocairo-1.0.so.0.4000.1
7fc2af632000-7fc2af831000 ---p 0000c000 08:05 2239753                    /usr/lib/x86_64-linux-gnu/libpangocairo-1.0.so.0.4000.1
7fc2af831000-7fc2af832000 r--p 0000b000 08:05 2239753                    /usr/lib/x86_64-linux-gnu/libpangocairo-1.0.so.0.4000.1
7fc2af832000-7fc2af833000 rw-p 0000c000 08:05 2239753                    /usr/lib/x86_64-linux-gnu/libpangocairo-1.0.so.0.4000.1
7fc2af833000-7fc2af854000 r-xp 00000000 08:05 2239234                    /usr/lib/x86_64-linux-gnu/libgdk_pixbuf-2.0.so.0.3400.0
7fc2af854000-7fc2afa53000 ---p 00021000 08:05 2239234                    /usr/lib/x86_64-linux-gnu/libgdk_pixbuf-2.0.so.0.3400.0
7fc2afa53000-7fc2afa54000 r--p 00020000 08:05 2239234                    /usr/lib/x86_64-linux-gnu/libgdk_pixbuf-2.0.so.0.3400.0
7fc2afa54000-7fc2afa55000 rw-p 00021000 08:05 2239234                    /usr/lib/x86_64-linux-gnu/libgdk_pixbuf-2.0.so.0.3400.0
7fc2afa55000-7fc2afa69000 r-xp 00000000 08:05 2239755                    /usr/lib/x86_64-linux-gnu/libpangoft2-1.0.so.0.4000.1
7fc2afa69000-7fc2afc69000 ---p 00014000 08:05 2239755                    /usr/lib/x86_64-linux-gnu/libpangoft2-1.0.so.0.4000.1
7fc2afc69000-7fc2afc6a000 r--p 00014000 08:05 2239755                    /usr/lib/x86_64-linux-gnu/libpangoft2-1.0.so.0.4000.1
7fc2afc6a000-7fc2afc6b000 rw-p 00015000 08:05 2239755                    /usr/lib/x86_64-linux-gnu/libpangoft2-1.0.so.0.4000.1
7fc2afc6b000-7fc2afdf8000 r-xp 00000000 08:05 2228637                    /usr/lib/x86_64-linux-gnu/libgio-2.0.so.0.5000.2
7fc2afdf8000-7fc2afff7000 ---p 0018d000 08:05 2228637                    /usr/lib/x86_64-linux-gnu/libgio-2.0.so.0.5000.2
7fc2afff7000-7fc2afffc000 r--p 0018c000 08:05 2228637                    /usr/lib/x86_64-linux-gnu/libgio-2.0.so.0.5000.2
7fc2afffc000-7fc2affff000 rw-p 00191000 08:05 2228637                    /usr/lib/x86_64-linux-gnu/libgio-2.0.so.0.5000.2
7fc2affff000-7fc2b0000000 rw-p 00000000 00:00 0 
7fc2b0000000-7fc2b0297000 rw-p 00000000 00:00 0 
7fc2b0297000-7fc2b4000000 ---p 00000000 00:00 0 
7fc2b4000000-7fc2b5e67000 rw-p 00000000 00:00 0 
7fc2b5e67000-7fc2b8000000 ---p 00000000 00:00 0 
7fc2b8000000-7fc2b8021000 rw-p 00000000 00:00 0 
7fc2b8021000-7fc2bc000000 ---p 00000000 00:00 0 
7fc2bc000000-7fc2bc085000 rw-p 00000000 00:00 0 
7fc2bc085000-7fc2c0000000 ---p 00000000 00:00 0 
7fc2c0000000-7fc2c023a000 rw-p 00000000 00:00 0 
7fc2c023a000-7fc2c4000000 ---p 00000000 00:00 0 
7fc2c4000000-7fc2c4021000 rw-p 00000000 00:00 0 
7fc2c4021000-7fc2c8000000 ---p 00000000 00:00 0 
7fc2c8000000-7fc2c814d000 rw-p 00000000 00:00 0 
7fc2c814d000-7fc2cc000000 ---p 00000000 00:00 0 
7fc2cc000000-7fc2cc0ec000 rw-p 00000000 00:00 0 
7fc2cc0ec000-7fc2d0000000 ---p 00000000 00:00 0 
7fc2d0000000-7fc2d0021000 rw-p 00000000 00:00 0 
7fc2d0021000-7fc2d4000000 ---p 00000000 00:00 0 
7fc2d4000000-7fc2d4021000 rw-p 00000000 00:00 0 
7fc2d4021000-7fc2d8000000 ---p 00000000 00:00 0 
7fc2d8000000-7fc2d8021000 rw-p 00000000 00:00 0 
7fc2d8021000-7fc2dc000000 ---p 00000000 00:00 0 
7fc2dc000000-7fc2dc021000 rw-p 00000000 00:00 0 
7fc2dc021000-7fc2e0000000 ---p 00000000 00:00 0 
7fc2e0000000-7fc2e0021000 rw-p 00000000 00:00 0 
7fc2e0021000-7fc2e4000000 ---p 00000000 00:00 0 
7fc2e4000000-7fc2e4021000 rw-p 00000000 00:00 0 
7fc2e4021000-7fc2e8000000 ---p 00000000 00:00 0 
7fc2e8000000-7fc2e8021000 rw-p 00000000 00:00 0 
7fc2e8021000-7fc2ec000000 ---p 00000000 00:00 0 
7fc2ec002000-7fc2ec004000 rw-s 1014b2000 00:06 391                       /dev/dri/card0
7fc2ec004000-7fc2ec00a000 r--s 00000000 08:05 279279                     /var/cache/fontconfig/2cd17615ca594fa2959ae173292e504c-le64.cache-6
7fc2ec00a000-7fc2ec00b000 r--s 00000000 08:05 279276                     /var/cache/fontconfig/0d8c3b2ac0904cb8a57a757ad11a4a08-le64.cache-6
7fc2ec00b000-7fc2ec00c000 r--s 00000000 08:05 279278                     /var/cache/fontconfig/1ac9eb803944fde146138c791f5cc56a-le64.cache-6
7fc2ec00c000-7fc2ec010000 r--s 00000000 08:05 279283                     /var/cache/fontconfig/385c0604a188198f04d133e54aba7fe7-le64.cache-6
7fc2ec010000-7fc2ec05b000 r--p 00000000 08:05 917522                     /usr/share/glib-2.0/schemas/gschemas.compiled
7fc2ec05b000-7fc2ec07d000 r-xp 00000000 08:05 2238844                    /usr/lib/x86_64-linux-gnu/libatk-1.0.so.0.22009.1
7fc2ec07d000-7fc2ec27c000 ---p 00022000 08:05 2238844                    /usr/lib/x86_64-linux-gnu/libatk-1.0.so.0.22009.1
7fc2ec27c000-7fc2ec27f000 r--p 00021000 08:05 2238844                    /usr/lib/x86_64-linux-gnu/libatk-1.0.so.0.22009.1
7fc2ec27f000-7fc2ec280000 rw-p 00024000 08:05 2238844                    /usr/lib/x86_64-linux-gnu/libatk-1.0.so.0.22009.1
7fc2ec280000-7fc2f0000000 rw-p 00000000 00:00 0 
7fc2f0000000-7fc2f0021000 rw-p 00000000 00:00 0 
7fc2f0021000-7fc2f4000000 ---p 00000000 00:00 0 
7fc2f4000000-7fc2f4001000 r--s 00000000 08:05 279311                     /var/cache/fontconfig/dc05db6664285cc2f12bf69c139ae4c3-le64.cache-6
7fc2f4001000-7fc2f4004000 r--s 00000000 08:05 279294                     /var/cache/fontconfig/767a8244fc0220cfb567a839d0392e0b-le64.cache-6
7fc2f4004000-7fc2f4005000 r--s 00000000 08:05 276021                     /var/cache/fontconfig/4794a0821666d79190d59a36cb4f44b5-le64.cache-6
7fc2f4005000-7fc2f4006000 r--s 00000000 08:05 279274                     /var/cache/fontconfig/0bd3dc0958fa2205aaaa8ebb13e2872b-le64.cache-6
7fc2f4006000-7fc2f400b000 r--s 00000000 08:05 279297                     /var/cache/fontconfig/8801497958630a81b71ace7c5f9b32a8-le64.cache-6
7fc2f400b000-7fc2f400c000 r--s 00000000 08:05 279304                     /var/cache/fontconfig/bab58bb527bb656aaa9f116d68a48d89-le64.cache-6
7fc2f400c000-7fc2f4012000 r--s 00000000 08:05 279280                     /var/cache/fontconfig/3047814df9a2f067bd2d96a2b9c36e5a-le64.cache-6
7fc2f4012000-7fc2f4013000 r--s 00000000 08:05 279288                     /var/cache/fontconfig/56cf4f4769d0f4abc89a4895d7bd3ae1-le64.cache-6
7fc2f4013000-7fc2f4014000 r--s 00000000 08:05 279303                     /var/cache/fontconfig/b9d506c9ac06c20b433354fa67a72993-le64.cache-6
7fc2f4014000-7fc2f401a000 r--s 00000000 08:05 279302                     /var/cache/fontconfig/b47c4e1ecd0709278f4910c18777a504-le64.cache-6
7fc2f401a000-7fc2f402d000 r--s 00000000 08:05 279308                     /var/cache/fontconfig/d52a8644073d54c13679302ca1180695-le64.cache-6
7fc2f402d000-7fc2f4031000 r--s 00000000 08:05 279309                     /var/cache/fontconfig/d589a48862398ed80a3d6066f4f56f4c-le64.cache-6
7fc2f4031000-7fc2f4043000 r--s 00000000 08:05 279300                     /var/cache/fontconfig/9b89f8e3dae116d678bbf48e5f21f69b-le64.cache-6
7fc2f4043000-7fc2f40c5000 r-xp 00000000 08:05 398147                     /lib/x86_64-linux-gnu/libsystemd.so.0.16.0
7fc2f40c5000-7fc2f40c8000 r--p 00081000 08:05 398147                     /lib/x86_64-linux-gnu/libsystemd.so.0.16.0
7fc2f40c8000-7fc2f40c9000 rw-p 00084000 08:05 398147                     /lib/x86_64-linux-gnu/libsystemd.so.0.16.0
7fc2f40c9000-7fc2f40ca000 rw-p 00000000 00:00 0 
7fc2f40ca000-7fc2f40e8000 r-xp 00000000 08:05 398393                     /lib/x86_64-linux-gnu/libudev.so.1.6.5
7fc2f40e8000-7fc2f40e9000 ---p 0001e000 08:05 398393                     /lib/x86_64-linux-gnu/libudev.so.1.6.5
7fc2f40e9000-7fc2f40ea000 r--p 0001e000 08:05 398393                     /lib/x86_64-linux-gnu/libudev.so.1.6.5
7fc2f40ea000-7fc2f40eb000 rw-p 0001f000 08:05 398393                     /lib/x86_64-linux-gnu/libudev.so.1.6.5
7fc2f40eb000-7fc2f419b000 r-xp 00000000 08:05 2234326                    /usr/lib/x86_64-linux-gnu/libgdk-x11-2.0.so.0.2400.30
7fc2f419b000-7fc2f439a000 ---p 000b0000 08:05 2234326                    /usr/lib/x86_64-linux-gnu/libgdk-x11-2.0.so.0.2400.30
7fc2f439a000-7fc2f439e000 r--p 000af000 08:05 2234326                    /usr/lib/x86_64-linux-gnu/libgdk-x11-2.0.so.0.2400.30
7fc2f439e000-7fc2f43a0000 rw-p 000b3000 08:05 2234326                    /usr/lib/x86_64-linux-gnu/libgdk-x11-2.0.so.0.2400.30
7fc2f43a0000-7fc2f47de000 r-xp 00000000 08:05 2234327                    /usr/lib/x86_64-linux-gnu/libgtk-x11-2.0.so.0.2400.30
7fc2f47de000-7fc2f49de000 ---p 0043e000 08:05 2234327                    /usr/lib/x86_64-linux-gnu/libgtk-x11-2.0.so.0.2400.30
7fc2f49de000-7fc2f49e5000 r--p 0043e000 08:05 2234327                    /usr/lib/x86_64-linux-gnu/libgtk-x11-2.0.so.0.2400.30
7fc2f49e5000-7fc2f49e9000 rw-p 00445000 08:05 2234327                    /usr/lib/x86_64-linux-gnu/libgtk-x11-2.0.so.0.2400.30
7fc2f49e9000-7fc2f49ec000 rw-p 00000000 00:00 0 
7fc2f49ec000-7fc2f49ed000 r--s 00000000 08:05 279287                     /var/cache/fontconfig/551ecf3b0e8b0bca0f25c0944f561853-le64.cache-6
7fc2f49ed000-7fc2f49f8000 r--s 00000000 08:05 279296                     /var/cache/fontconfig/83bf95040141907cd45bb53cf7c1c148-le64.cache-6
7fc2f49f8000-7fc2f4a05000 r--s 00000000 08:05 282756                     /var/cache/fontconfig/e13b20fdb08344e0e664864cc2ede53d-le64.cache-6
7fc2f4a05000-7fc2f4a09000 r--s 00000000 08:05 276027                     /var/cache/fontconfig/7ef2298fde41cc6eeb7af42e48b7d293-le64.cache-6
7fc2f4a09000-7fc2f4a15000 r-xp 00000000 08:05 2243337                    /usr/lib/jvm/java-8-oracle/jre/lib/amd64/libprism_es2.so
7fc2f4a15000-7fc2f4c14000 ---p 0000c000 08:05 2243337                    /usr/lib/jvm/java-8-oracle/jre/lib/amd64/libprism_es2.so
7fc2f4c14000-7fc2f4c15000 rw-p 0000b000 08:05 2243337                    /usr/lib/jvm/java-8-oracle/jre/lib/amd64/libprism_es2.so
7fc2f4c15000-7fc2f4c18000 ---p 00000000 00:00 0 
7fc2f4c18000-7fc2f4d16000 rw-p 00000000 00:00 0 
7fc2f4d16000-7fc2f4d19000 ---p 00000000 00:00 0 
7fc2f4d19000-7fc2f4e17000 rw-p 00000000 00:00 0 
7fc2f4e17000-7fc2f4e1a000 ---p 00000000 00:00 0 
7fc2f4e1a000-7fc2f4f18000 rw-p 00000000 00:00 0 
7fc2f4f18000-7fc2f4fad000 r--s 01109000 08:05 2243401                    /usr/lib/jvm/java-8-oracle/jre/lib/ext/jfxrt.jar
7fc2f4fad000-7fc2f4fae000 ---p 00000000 00:00 0 
7fc2f4fae000-7fc2f50ae000 rw-p 00000000 00:00 0 
7fc2f50ae000-7fc2f50b1000 ---p 00000000 00:00 0 
7fc2f50b1000-7fc2f51af000 rw-p 00000000 00:00 0 
7fc2f51af000-7fc2f51b2000 ---p 00000000 00:00 0 
7fc2f51b2000-7fc2f52b0000 rw-p 00000000 00:00 0 
7fc2f52b0000-7fc2f52b3000 ---p 00000000 00:00 0 
7fc2f52b3000-7fc2f53b1000 rw-p 00000000 00:00 0 
7fc2f53b1000-7fc2f53b4000 ---p 00000000 00:00 0 
7fc2f53b4000-7fc2f54b2000 rw-p 00000000 00:00 0 
7fc2f54b2000-7fc2f54b5000 ---p 00000000 00:00 0 
7fc2f54b5000-7fc2f55b3000 rw-p 00000000 00:00 0 
7fc2f55b3000-7fc2f5a0d000 r--p 00000000 08:05 2229872                    /usr/lib/locale/locale-archive
7fc2f5a0d000-7fc2f5a10000 ---p 00000000 00:00 0 
7fc2f5a10000-7fc2f5b0e000 rw-p 00000000 00:00 0 
7fc2f5b0e000-7fc2f5b11000 ---p 00000000 00:00 0 
7fc2f5b11000-7fc2f5c0f000 rw-p 00000000 00:00 0 
7fc2f5c0f000-7fc2f5c10000 ---p 00000000 00:00 0 
7fc2f5c10000-7fc2f6cd1000 rw-p 00000000 00:00 0 
7fc2f6cd1000-7fc2f6eaa000 r--s 03d3e000 08:05 2243317                    /usr/lib/jvm/java-8-oracle/jre/lib/rt.jar
7fc2f6eaa000-7fc2f7a82000 rw-p 00000000 00:00 0 
7fc2f7a82000-7fc2f7a83000 ---p 00000000 00:00 0 
7fc2f7a83000-7fc2f7b83000 rw-p 00000000 00:00 0 
7fc2f7b83000-7fc2f7b84000 ---p 00000000 00:00 0 
7fc2f7b84000-7fc2f7c84000 rw-p 00000000 00:00 0 
7fc2f7c84000-7fc2f7c85000 ---p 00000000 00:00 0 
7fc2f7c85000-7fc2f7daf000 rw-p 00000000 00:00 0 
7fc2f7daf000-7fc2f8015000 ---p 00000000 00:00 0 
7fc2f8015000-7fc2f803f000 rw-p 00000000 00:00 0 
7fc2f803f000-7fc2f82a5000 ---p 00000000 00:00 0 
7fc2f82a5000-7fc2f82c9000 rw-p 00000000 00:00 0 
7fc2f82c9000-7fc2f83ed000 ---p 00000000 00:00 0 
7fc2f83ed000-7fc2f83fe000 rw-p 00000000 00:00 0 
7fc2f83fe000-7fc2f87ae000 ---p 00000000 00:00 0 
7fc2f87ae000-7fc2f8bae000 rwxp 00000000 00:00 0 
7fc2f8bae000-7fc3077ae000 ---p 00000000 00:00 0 
7fc3077ae000-7fc3077c8000 r-xp 00000000 08:05 2243348                    /usr/lib/jvm/java-8-oracle/jre/lib/amd64/libzip.so
7fc3077c8000-7fc3079c8000 ---p 0001a000 08:05 2243348                    /usr/lib/jvm/java-8-oracle/jre/lib/amd64/libzip.so
7fc3079c8000-7fc3079c9000 rw-p 0001a000 08:05 2243348                    /usr/lib/jvm/java-8-oracle/jre/lib/amd64/libzip.so
7fc3079c9000-7fc3079d4000 r-xp 00000000 08:05 409756                     /lib/x86_64-linux-gnu/libnss_files-2.24.so
7fc3079d4000-7fc307bd3000 ---p 0000b000 08:05 409756                     /lib/x86_64-linux-gnu/libnss_files-2.24.so
7fc307bd3000-7fc307bd4000 r--p 0000a000 08:05 409756                     /lib/x86_64-linux-gnu/libnss_files-2.24.so
7fc307bd4000-7fc307bd5000 rw-p 0000b000 08:05 409756                     /lib/x86_64-linux-gnu/libnss_files-2.24.so
7fc307bd5000-7fc307bdb000 rw-p 00000000 00:00 0 
7fc307bdb000-7fc307be6000 r-xp 00000000 08:05 409758                     /lib/x86_64-linux-gnu/libnss_nis-2.24.so
7fc307be6000-7fc307de5000 ---p 0000b000 08:05 409758                     /lib/x86_64-linux-gnu/libnss_nis-2.24.so
7fc307de5000-7fc307de6000 r--p 0000a000 08:05 409758                     /lib/x86_64-linux-gnu/libnss_nis-2.24.so
7fc307de6000-7fc307de7000 rw-p 0000b000 08:05 409758                     /lib/x86_64-linux-gnu/libnss_nis-2.24.so
7fc307de7000-7fc307dfd000 r-xp 00000000 08:05 409753                     /lib/x86_64-linux-gnu/libnsl-2.24.so
7fc307dfd000-7fc307ffc000 ---p 00016000 08:05 409753                     /lib/x86_64-linux-gnu/libnsl-2.24.so
7fc307ffc000-7fc307ffd000 r--p 00015000 08:05 409753                     /lib/x86_64-linux-gnu/libnsl-2.24.so
7fc307ffd000-7fc307ffe000 rw-p 00016000 08:05 409753                     /lib/x86_64-linux-gnu/libnsl-2.24.so
7fc307ffe000-7fc308000000 rw-p 00000000 00:00 0 
7fc308000000-7fc30818a000 rw-p 00000000 00:00 0 
7fc30818a000-7fc30c000000 ---p 00000000 00:00 0 
7fc30c000000-7fc30c001000 r--s 00000000 08:05 279284                     /var/cache/fontconfig/3f7329c5293ffd510edef78f73874cfd-le64.cache-6
7fc30c001000-7fc30c002000 r--s 00000000 08:05 279281                     /var/cache/fontconfig/30829fa25452a46451e813d634d7f916-le64.cache-6
7fc30c002000-7fc30c00a000 rw-s 00000000 00:05 711098                     /drm mm object (deleted)
7fc30c00a000-7fc30c0a1000 rw-p 00000000 00:00 0 
7fc30c0a1000-7fc30c0a2000 ---p 00000000 00:00 0 
7fc30c0a2000-7fc30c1a2000 rw-p 00000000 00:00 0 
7fc30c1a2000-7fc30c1aa000 r-xp 00000000 08:05 409754                     /lib/x86_64-linux-gnu/libnss_compat-2.24.so
7fc30c1aa000-7fc30c3a9000 ---p 00008000 08:05 409754                     /lib/x86_64-linux-gnu/libnss_compat-2.24.so
7fc30c3a9000-7fc30c3aa000 r--p 00007000 08:05 409754                     /lib/x86_64-linux-gnu/libnss_compat-2.24.so
7fc30c3aa000-7fc30c3ab000 rw-p 00008000 08:05 409754                     /lib/x86_64-linux-gnu/libnss_compat-2.24.so
7fc30c3ab000-7fc30c3d6000 r-xp 00000000 08:05 2243375                    /usr/lib/jvm/java-8-oracle/jre/lib/amd64/libjava.so
7fc30c3d6000-7fc30c5d5000 ---p 0002b000 08:05 2243375                    /usr/lib/jvm/java-8-oracle/jre/lib/amd64/libjava.so
7fc30c5d5000-7fc30c5d7000 rw-p 0002a000 08:05 2243375                    /usr/lib/jvm/java-8-oracle/jre/lib/amd64/libjava.so
7fc30c5d7000-7fc30c5e4000 r-xp 00000000 08:05 2243326                    /usr/lib/jvm/java-8-oracle/jre/lib/amd64/libverify.so
7fc30c5e4000-7fc30c7e3000 ---p 0000d000 08:05 2243326                    /usr/lib/jvm/java-8-oracle/jre/lib/amd64/libverify.so
7fc30c7e3000-7fc30c7e5000 rw-p 0000c000 08:05 2243326                    /usr/lib/jvm/java-8-oracle/jre/lib/amd64/libverify.so
7fc30c7e5000-7fc30c7ec000 r-xp 00000000 08:05 409763                     /lib/x86_64-linux-gnu/librt-2.24.so
7fc30c7ec000-7fc30c9eb000 ---p 00007000 08:05 409763                     /lib/x86_64-linux-gnu/librt-2.24.so
7fc30c9eb000-7fc30c9ec000 r--p 00006000 08:05 409763                     /lib/x86_64-linux-gnu/librt-2.24.so
7fc30c9ec000-7fc30c9ed000 rw-p 00007000 08:05 409763                     /lib/x86_64-linux-gnu/librt-2.24.so
7fc30c9ed000-7fc30caf5000 r-xp 00000000 08:05 409750                     /lib/x86_64-linux-gnu/libm-2.24.so
7fc30caf5000-7fc30ccf4000 ---p 00108000 08:05 409750                     /lib/x86_64-linux-gnu/libm-2.24.so
7fc30ccf4000-7fc30ccf5000 r--p 00107000 08:05 409750                     /lib/x86_64-linux-gnu/libm-2.24.so
7fc30ccf5000-7fc30ccf6000 rw-p 00108000 08:05 409750                     /lib/x86_64-linux-gnu/libm-2.24.so
7fc30ccf6000-7fc30d9c4000 r-xp 00000000 08:05 2243379                    /usr/lib/jvm/java-8-oracle/jre/lib/amd64/server/libjvm.so
7fc30d9c4000-7fc30dbc4000 ---p 00cce000 08:05 2243379                    /usr/lib/jvm/java-8-oracle/jre/lib/amd64/server/libjvm.so
7fc30dbc4000-7fc30dc9d000 rw-p 00cce000 08:05 2243379                    /usr/lib/jvm/java-8-oracle/jre/lib/amd64/server/libjvm.so
7fc30dc9d000-7fc30dce8000 rw-p 00000000 00:00 0 
7fc30dce8000-7fc30dea5000 r-xp 00000000 08:05 409746                     /lib/x86_64-linux-gnu/libc-2.24.so
7fc30dea5000-7fc30e0a5000 ---p 001bd000 08:05 409746                     /lib/x86_64-linux-gnu/libc-2.24.so
7fc30e0a5000-7fc30e0a9000 r--p 001bd000 08:05 409746                     /lib/x86_64-linux-gnu/libc-2.24.so
7fc30e0a9000-7fc30e0ab000 rw-p 001c1000 08:05 409746                     /lib/x86_64-linux-gnu/libc-2.24.so
7fc30e0ab000-7fc30e0af000 rw-p 00000000 00:00 0 
7fc30e0af000-7fc30e0b2000 r-xp 00000000 08:05 409749                     /lib/x86_64-linux-gnu/libdl-2.24.so
7fc30e0b2000-7fc30e2b1000 ---p 00003000 08:05 409749                     /lib/x86_64-linux-gnu/libdl-2.24.so
7fc30e2b1000-7fc30e2b2000 r--p 00002000 08:05 409749                     /lib/x86_64-linux-gnu/libdl-2.24.so
7fc30e2b2000-7fc30e2b3000 rw-p 00003000 08:05 409749                     /lib/x86_64-linux-gnu/libdl-2.24.so
7fc30e2b3000-7fc30e2c8000 r-xp 00000000 08:05 2242460                    /usr/lib/jvm/java-8-oracle/lib/amd64/jli/libjli.so
7fc30e2c8000-7fc30e4c8000 ---p 00015000 08:05 2242460                    /usr/lib/jvm/java-8-oracle/lib/amd64/jli/libjli.so
7fc30e4c8000-7fc30e4c9000 rw-p 00015000 08:05 2242460                    /usr/lib/jvm/java-8-oracle/lib/amd64/jli/libjli.so
7fc30e4c9000-7fc30e4e1000 r-xp 00000000 08:05 409761                     /lib/x86_64-linux-gnu/libpthread-2.24.so
7fc30e4e1000-7fc30e6e1000 ---p 00018000 08:05 409761                     /lib/x86_64-linux-gnu/libpthread-2.24.so
7fc30e6e1000-7fc30e6e2000 r--p 00018000 08:05 409761                     /lib/x86_64-linux-gnu/libpthread-2.24.so
7fc30e6e2000-7fc30e6e3000 rw-p 00019000 08:05 409761                     /lib/x86_64-linux-gnu/libpthread-2.24.so
7fc30e6e3000-7fc30e6e7000 rw-p 00000000 00:00 0 
7fc30e6e7000-7fc30e70c000 r-xp 00000000 08:05 409742                     /lib/x86_64-linux-gnu/ld-2.24.so
7fc30e70c000-7fc30e70f000 r--s 00000000 08:05 279293                     /var/cache/fontconfig/75114ca45c98e8a441da0ff356701271-le64.cache-6
7fc30e70f000-7fc30e717000 rw-s 00000000 00:05 711086                     /drm mm object (deleted)
7fc30e717000-7fc30e71d000 r--p 00000000 08:05 549835                     /home/daan/.config/dconf/user
7fc30e71d000-7fc30e7e8000 rw-p 00000000 00:00 0 
7fc30e7e8000-7fc30e7eb000 ---p 00000000 00:00 0 
7fc30e7eb000-7fc30e8eb000 rw-p 00000000 00:00 0 
7fc30e8eb000-7fc30e8ec000 r--s 00000000 08:05 279275                     /var/cache/fontconfig/0c9eb80ebd1c36541ebe2852d3bb0c49-le64.cache-6
7fc30e8ed000-7fc30e8ee000 rw-s 101a90000 00:06 391                       /dev/dri/card0
7fc30e8ee000-7fc30e8ef000 r--s 00000000 00:2f 60                         /run/user/1000/dconf/user
7fc30e8ef000-7fc30e8f7000 rw-s 00000000 00:05 711069                     /drm mm object (deleted)
7fc30e8f7000-7fc30e8fe000 r--s 00000000 08:05 148080                     /usr/lib/x86_64-linux-gnu/gconv/gconv-modules.cache
7fc30e8fe000-7fc30e906000 rw-s 00000000 08:05 1311080                    /tmp/hsperfdata_daan/28691
7fc30e906000-7fc30e907000 rw-p 00000000 00:00 0 
7fc30e907000-7fc30e908000 r--p 00000000 00:00 0 
7fc30e908000-7fc30e90b000 rw-p 00000000 00:00 0 
7fc30e90b000-7fc30e90c000 r--p 00024000 08:05 409742                     /lib/x86_64-linux-gnu/ld-2.24.so
7fc30e90c000-7fc30e90d000 rw-p 00025000 08:05 409742                     /lib/x86_64-linux-gnu/ld-2.24.so
7fc30e90d000-7fc30e90e000 rw-p 00000000 00:00 0 
7ffff39ef000-7ffff3a10000 rw-p 00000000 00:00 0                          [stack]
7ffff3ae2000-7ffff3ae4000 r--p 00000000 00:00 0                          [vvar]
7ffff3ae4000-7ffff3ae6000 r-xp 00000000 00:00 0                          [vdso]
ffffffffff600000-ffffffffff601000 r-xp 00000000 00:00 0                  [vsyscall]

VM Arguments:
jvm_args: -Dfile.encoding=UTF-8 
java_command: application.Main
java_class_path (initial): /home/daan/git/IntegrationProject/IntegrationProject/bin:/home/daan/.p2/pool/plugins/org.junit_4.12.0.v201504281640/junit.jar:/home/daan/.p2/pool/plugins/org.hamcrest.core_1.3.0.v201303031735.jar:/home/daan/git/IntegrationProject/IntegrationProject/commons-codec-1.10.jar
Launcher Type: SUN_STANDARD

Environment Variables:
JAVA_HOME=/usr/lib/jvm/java-8-oracle
PATH=/home/daan/bin:/home/daan/.local/bin:/usr/local/sbin:/usr/local/bin:/usr/sbin:/usr/bin:/sbin:/bin:/usr/games:/usr/local/games:/snap/bin:/usr/lib/jvm/java-8-oracle/bin:/usr/lib/jvm/java-8-oracle/db/bin:/usr/lib/jvm/java-8-oracle/jre/bin
SHELL=/bin/bash
DISPLAY=:0

Signal Handlers:
SIGSEGV: [libjvm.so+0xac78c0], sa_mask[0]=11111111011111111101111111111110, sa_flags=SA_RESTART|SA_SIGINFO
SIGBUS: [libjvm.so+0xac78c0], sa_mask[0]=11111111011111111101111111111110, sa_flags=SA_RESTART|SA_SIGINFO
SIGFPE: [libjvm.so+0x920ac0], sa_mask[0]=11111111011111111101111111111110, sa_flags=SA_RESTART|SA_SIGINFO
SIGPIPE: SIG_IGN, sa_mask[0]=00000000000010000000000000000000, sa_flags=SA_RESTART
SIGXFSZ: [libjvm.so+0x920ac0], sa_mask[0]=11111111011111111101111111111110, sa_flags=SA_RESTART|SA_SIGINFO
SIGILL: [libjvm.so+0x920ac0], sa_mask[0]=11111111011111111101111111111110, sa_flags=SA_RESTART|SA_SIGINFO
SIGUSR1: SIG_DFL, sa_mask[0]=00000000000000000000000000000000, sa_flags=none
SIGUSR2: [libjvm.so+0x922300], sa_mask[0]=00100000000000000000000000000000, sa_flags=SA_RESTART|SA_SIGINFO
SIGHUP: [libjvm.so+0x923700], sa_mask[0]=11111111011111111101111111111110, sa_flags=SA_RESTART|SA_SIGINFO
SIGINT: [libjvm.so+0x923700], sa_mask[0]=11111111011111111101111111111110, sa_flags=SA_RESTART|SA_SIGINFO
SIGTERM: [libjvm.so+0x923700], sa_mask[0]=11111111011111111101111111111110, sa_flags=SA_RESTART|SA_SIGINFO
SIGQUIT: [libjvm.so+0x923700], sa_mask[0]=11111111011111111101111111111110, sa_flags=SA_RESTART|SA_SIGINFO


---------------  S Y S T E M  ---------------

OS:DISTRIB_ID=Ubuntu
DISTRIB_RELEASE=16.10
DISTRIB_CODENAME=yakkety
DISTRIB_DESCRIPTION="Ubuntu 16.10"

uname:Linux 4.8.0-46-generic #49-Ubuntu SMP Fri Mar 31 13:57:14 UTC 2017 x86_64
libc:glibc 2.24 NPTL 2.24 
rlimit: STACK 8192k, CORE 0k, NPROC 30976, NOFILE 4096, AS infinity
load average:0,65 0,57 0,56

/proc/meminfo:
MemTotal:        8054864 kB
MemFree:          912256 kB
MemAvailable:    2878380 kB
Buffers:          126788 kB
Cached:          2756512 kB
SwapCached:            0 kB
Active:          4862228 kB
Inactive:        1943132 kB
Active(anon):    3923740 kB
Inactive(anon):   763308 kB
Active(file):     938488 kB
Inactive(file):  1179824 kB
Unevictable:         128 kB
Mlocked:             128 kB
SwapTotal:       8268796 kB
SwapFree:        8268796 kB
Dirty:               360 kB
Writeback:             0 kB
AnonPages:       3833568 kB
Mapped:           702132 kB
Shmem:            764736 kB
Slab:             194668 kB
SReclaimable:     134680 kB
SUnreclaim:        59988 kB
KernelStack:       13680 kB
PageTables:        61008 kB
NFS_Unstable:          0 kB
Bounce:                0 kB
WritebackTmp:          0 kB
CommitLimit:    12296228 kB
Committed_AS:   10342928 kB
VmallocTotal:   34359738367 kB
VmallocUsed:           0 kB
VmallocChunk:          0 kB
HardwareCorrupted:     0 kB
AnonHugePages:   2256896 kB
ShmemHugePages:        0 kB
ShmemPmdMapped:        0 kB
CmaTotal:              0 kB
CmaFree:               0 kB
HugePages_Total:       0
HugePages_Free:        0
HugePages_Rsvd:        0
HugePages_Surp:        0
Hugepagesize:       2048 kB
DirectMap4k:      239184 kB
DirectMap2M:     8030208 kB
DirectMap1G:           0 kB


CPU:total 4 (2 cores per cpu, 2 threads per core) family 6 model 78 stepping 3, cmov, cx8, fxsr, mmx, sse, sse2, sse3, ssse3, sse4.1, sse4.2, popcnt, avx, avx2, aes, clmul, erms, 3dnowpref, lzcnt, ht, tsc, tscinvbit, bmi1, bmi2, adx

/proc/cpuinfo:
processor	: 0
vendor_id	: GenuineIntel
cpu family	: 6
model		: 78
model name	: Intel(R) Core(TM) i5-6200U CPU @ 2.30GHz
stepping	: 3
microcode	: 0x9e
cpu MHz		: 2700.000
cache size	: 3072 KB
physical id	: 0
siblings	: 4
core id		: 0
cpu cores	: 2
apicid		: 0
initial apicid	: 0
fpu		: yes
fpu_exception	: yes
cpuid level	: 22
wp		: yes
flags		: fpu vme de pse tsc msr pae mce cx8 apic sep mtrr pge mca cmov pat pse36 clflush dts acpi mmx fxsr sse sse2 ss ht tm pbe syscall nx pdpe1gb rdtscp lm constant_tsc art arch_perfmon pebs bts rep_good nopl xtopology nonstop_tsc aperfmperf eagerfpu pni pclmulqdq dtes64 monitor ds_cpl vmx est tm2 ssse3 sdbg fma cx16 xtpr pdcm pcid sse4_1 sse4_2 x2apic movbe popcnt tsc_deadline_timer aes xsave avx f16c rdrand lahf_lm abm 3dnowprefetch epb intel_pt tpr_shadow vnmi flexpriority ept vpid fsgsbase tsc_adjust bmi1 avx2 smep bmi2 erms invpcid mpx rdseed adx smap clflushopt xsaveopt xsavec xgetbv1 xsaves dtherm ida arat pln pts hwp hwp_notify hwp_act_window hwp_epp
bugs		:
bogomips	: 4800.00
clflush size	: 64
cache_alignment	: 64
address sizes	: 39 bits physical, 48 bits virtual
power management:

processor	: 1
vendor_id	: GenuineIntel
cpu family	: 6
model		: 78
model name	: Intel(R) Core(TM) i5-6200U CPU @ 2.30GHz
stepping	: 3
microcode	: 0x9e
cpu MHz		: 2700.000
cache size	: 3072 KB
physical id	: 0
siblings	: 4
core id		: 1
cpu cores	: 2
apicid		: 2
initial apicid	: 2
fpu		: yes
fpu_exception	: yes
cpuid level	: 22
wp		: yes
flags		: fpu vme de pse tsc msr pae mce cx8 apic sep mtrr pge mca cmov pat pse36 clflush dts acpi mmx fxsr sse sse2 ss ht tm pbe syscall nx pdpe1gb rdtscp lm constant_tsc art arch_perfmon pebs bts rep_good nopl xtopology nonstop_tsc aperfmperf eagerfpu pni pclmulqdq dtes64 monitor ds_cpl vmx est tm2 ssse3 sdbg fma cx16 xtpr pdcm pcid sse4_1 sse4_2 x2apic movbe popcnt tsc_deadline_timer aes xsave avx f16c rdrand lahf_lm abm 3dnowprefetch epb intel_pt tpr_shadow vnmi flexpriority ept vpid fsgsbase tsc_adjust bmi1 avx2 smep bmi2 erms invpcid mpx rdseed adx smap clflushopt xsaveopt xsavec xgetbv1 xsaves dtherm ida arat pln pts hwp hwp_notify hwp_act_window hwp_epp
bugs		:
bogomips	: 4800.00
clflush size	: 64
cache_alignment	: 64
address sizes	: 39 bits physical, 48 bits virtual
power management:

processor	: 2
vendor_id	: GenuineIntel
cpu family	: 6
model		: 78
model name	: Intel(R) Core(TM) i5-6200U CPU @ 2.30GHz
stepping	: 3
microcode	: 0x9e
cpu MHz		: 2700.000
cache size	: 3072 KB
physical id	: 0
siblings	: 4
core id		: 0
cpu cores	: 2
apicid		: 1
initial apicid	: 1
fpu		: yes
fpu_exception	: yes
cpuid level	: 22
wp		: yes
flags		: fpu vme de pse tsc msr pae mce cx8 apic sep mtrr pge mca cmov pat pse36 clflush dts acpi mmx fxsr sse sse2 ss ht tm pbe syscall nx pdpe1gb rdtscp lm constant_tsc art arch_perfmon pebs bts rep_good nopl xtopology nonstop_tsc aperfmperf eagerfpu pni pclmulqdq dtes64 monitor ds_cpl vmx est tm2 ssse3 sdbg fma cx16 xtpr pdcm pcid sse4_1 sse4_2 x2apic movbe popcnt tsc_deadline_timer aes xsave avx f16c rdrand lahf_lm abm 3dnowprefetch epb intel_pt tpr_shadow vnmi flexpriority ept vpid fsgsbase tsc_adjust bmi1 avx2 smep bmi2 erms invpcid mpx rdseed adx smap clflushopt xsaveopt xsavec xgetbv1 xsaves dtherm ida arat pln pts hwp hwp_notify hwp_act_window hwp_epp
bugs		:
bogomips	: 4800.00
clflush size	: 64
cache_alignment	: 64
address sizes	: 39 bits physical, 48 bits virtual
power management:

processor	: 3
vendor_id	: GenuineIntel
cpu family	: 6
model		: 78
model name	: Intel(R) Core(TM) i5-6200U CPU @ 2.30GHz
stepping	: 3
microcode	: 0x9e
cpu MHz		: 2700.000
cache size	: 3072 KB
physical id	: 0
siblings	: 4
core id		: 1
cpu cores	: 2
apicid		: 3
initial apicid	: 3
fpu		: yes
fpu_exception	: yes
cpuid level	: 22
wp		: yes
flags		: fpu vme de pse tsc msr pae mce cx8 apic sep mtrr pge mca cmov pat pse36 clflush dts acpi mmx fxsr sse sse2 ss ht tm pbe syscall nx pdpe1gb rdtscp lm constant_tsc art arch_perfmon pebs bts rep_good nopl xtopology nonstop_tsc aperfmperf eagerfpu pni pclmulqdq dtes64 monitor ds_cpl vmx est tm2 ssse3 sdbg fma cx16 xtpr pdcm pcid sse4_1 sse4_2 x2apic movbe popcnt tsc_deadline_timer aes xsave avx f16c rdrand lahf_lm abm 3dnowprefetch epb intel_pt tpr_shadow vnmi flexpriority ept vpid fsgsbase tsc_adjust bmi1 avx2 smep bmi2 erms invpcid mpx rdseed adx smap clflushopt xsaveopt xsavec xgetbv1 xsaves dtherm ida arat pln pts hwp hwp_notify hwp_act_window hwp_epp
bugs		:
bogomips	: 4800.00
clflush size	: 64
cache_alignment	: 64
address sizes	: 39 bits physical, 48 bits virtual
power management:



Memory: 4k page, physical 8054864k(912256k free), swap 8268796k(8268796k free)

vm_info: Java HotSpot(TM) 64-Bit Server VM (25.121-b13) for linux-amd64 JRE (1.8.0_121-b13), built on Dec 12 2016 16:36:53 by "java_re" with gcc 4.3.0 20080428 (Red Hat 4.3.0-8)

time: Tue Apr 18 13:54:19 2017
elapsed time: 3 seconds (0d 0h 0m 3s)

