#
# A fatal error has been detected by the Java Runtime Environment:
#
#  SIGSEGV (0xb) at pc=0x00007fd2e6bc18f8, pid=5372, tid=0x00007fd27c4ab700
#
# JRE version: Java(TM) SE Runtime Environment (8.0_121-b13) (build 1.8.0_121-b13)
# Java VM: Java HotSpot(TM) 64-Bit Server VM (25.121-b13 mixed mode linux-amd64 compressed oops)
# Problematic frame:
# V  [libjvm.so+0x6d28f8]  jni_invoke_nonstatic(JNIEnv_*, JavaValue*, _jobject*, JNICallType, _jmethodID*, JNI_ArgumentPusher*, Thread*)+0x38
#
# Failed to write core dump. Core dumps have been disabled. To enable core dumping, try "ulimit -c unlimited" before starting Java again
#
# If you would like to submit a bug report, please visit:
#   http://bugreport.java.com/bugreport/crash.jsp
#

---------------  T H R E A D  ---------------

Current thread (0x00007fd290108000):  JavaThread "JavaFX Application Thread" [_thread_in_vm, id=5399, stack(0x00007fd27c3ab000,0x00007fd27c4ac000)]

siginfo: si_signo: 11 (SIGSEGV), si_code: 128 (SI_KERNEL), si_addr: 0x0000000000000000

Registers:
RAX=0x00007fd27c4aa240, RBX=0x00007fd27c4aa150, RCX=0x0000000000000001, RDX=0x0022d1cb00000405
RSP=0x00007fd27c4a9fa0, RBP=0x00007fd27c4aa120, RSI=0x00007fd27c4aa1b0, RDI=0x00007fd2901081f8
R8 =0x00007fd2900526a8, R9 =0x00007fd27c4aa150, R10=0x00007fd268000a80, R11=0x00007fd27c4a9b00
R12=0x00007fd290108000, R13=0x00007fd2900526a8, R14=0x0000000000000001, R15=0x00007fd2901081f8
RIP=0x00007fd2e6bc18f8, EFLAGS=0x0000000000010206, CSGSFS=0x002b000000000033, ERR=0x0000000000000000
  TRAPNO=0x000000000000000d

Top of Stack: (sp=0x00007fd27c4a9fa0)
0x00007fd27c4a9fa0:   00007fd27c4aa6a0 00007fd27c4aa2c0
0x00007fd27c4a9fb0:   00007fd27c4aa000 00007fd27c4aa080
0x00007fd27c4a9fc0:   00007fd27c4aa150 00007fd27c4aa1b0
0x00007fd27c4a9fd0:   00007fd2901081f8 00007fd2e6be1400
0x00007fd27c4a9fe0:   00007fd2a804e350 00007fd2a804e360
0x00007fd27c4a9ff0:   00007fd2a804e738 00000000000003d8
0x00007fd27c4aa000:   0000000000000000 00000000d81de398
0x00007fd27c4aa010:   00007fd20000006f 00007fd20000000a
0x00007fd27c4aa020:   00000000d885e460 0000000000000000
0x00007fd27c4aa030:   0000000000000000 0000000000000000
0x00007fd27c4aa040:   00007fd2ccbfaef8 0000000100000100
0x00007fd27c4aa050:   0000000000000000 00007fd27c4aa008
0x00007fd27c4aa060:   00007fd27c4aa049 0000000800000005
0x00007fd27c4aa070:   0000000000000000 00007fd290107be0
0x00007fd27c4aa080:   00007fd2e744f510 00007fd2e7f3e720
0x00007fd27c4aa090:   0000000090107a70 00007fd290108000
0x00007fd27c4aa0a0:   0000000000000000 00007fd2e6bc1ccb
0x00007fd27c4aa0b0:   00007fd2ccc04fd0 00007fd290108000
0x00007fd27c4aa0c0:   00007fd2ccc04fd0 00007fd290108000
0x00007fd27c4aa0d0:   00007fd27c4aa260 00007fd2ccc04fd0
0x00007fd27c4aa0e0:   00007fd2ccc04fd0 00007fd2ccc04fd0
0x00007fd27c4aa0f0:   00007fd2a804e350 00007fd27c4aa150
0x00007fd27c4aa100:   00007fd290108000 00007fd27c4aa190
0x00007fd27c4aa110:   00007fd2900526a8 00007fd2901081f8
0x00007fd27c4aa120:   00007fd27c4aa210 00007fd2e6bc609f
0x00007fd27c4aa130:   00007fd290108000 00007fd2bdb81ff4
0x00007fd27c4aa140:   00007fd27c4aa228 0022d1cb00000405
0x00007fd27c4aa150:   00007fd2e7450170 00007fd2e7f3e720
0x00007fd27c4aa160:   000000007c4aa1d0 5bab78f400000063
0x00007fd27c4aa170:   0000000000000000 0000003000000018
0x00007fd27c4aa180:   00007fd27c4aa300 00007fd27c4aa240
0x00007fd27c4aa190:   00007fd290108000 0000000000000000 

Instructions: (pc=0x00007fd2e6bc18f8)
0x00007fd2e6bc18d8:   00 00 48 85 d2 48 89 bd b0 fe ff ff 48 89 b5 a8
0x00007fd2e6bc18e8:   fe ff ff 4c 89 8d a0 fe ff ff 0f 84 78 09 00 00
0x00007fd2e6bc18f8:   4c 8b 22 4d 85 e4 0f 84 6c 09 00 00 48 8b 45 10
0x00007fd2e6bc1908:   48 8b 98 38 01 00 00 48 83 7b 18 f7 0f 87 16 07 

Register to memory mapping:

RAX=0x00007fd27c4aa240 is pointing into the stack for thread: 0x00007fd290108000
RBX=0x00007fd27c4aa150 is pointing into the stack for thread: 0x00007fd290108000
RCX=0x0000000000000001 is an unknown value
RDX=0x0022d1cb00000405 is an unknown value
RSP=0x00007fd27c4a9fa0 is pointing into the stack for thread: 0x00007fd290108000
RBP=0x00007fd27c4aa120 is pointing into the stack for thread: 0x00007fd290108000
RSI=0x00007fd27c4aa1b0 is pointing into the stack for thread: 0x00007fd290108000
RDI=0x00007fd2901081f8 is an unknown value
R8 =0x00007fd2900526a8 is an unknown value
R9 =0x00007fd27c4aa150 is pointing into the stack for thread: 0x00007fd290108000
R10=0x00007fd268000a80 is an unknown value
R11=0x00007fd27c4a9b00 is pointing into the stack for thread: 0x00007fd290108000
R12=0x00007fd290108000 is a thread
R13=0x00007fd2900526a8 is an unknown value
R14=0x0000000000000001 is an unknown value
R15=0x00007fd2901081f8 is an unknown value


Stack: [0x00007fd27c3ab000,0x00007fd27c4ac000],  sp=0x00007fd27c4a9fa0,  free space=1019k
Native frames: (J=compiled Java code, j=interpreted, Vv=VM code, C=native code)
V  [libjvm.so+0x6d28f8]  jni_invoke_nonstatic(JNIEnv_*, JavaValue*, _jobject*, JNICallType, _jmethodID*, JNI_ArgumentPusher*, Thread*)+0x38
V  [libjvm.so+0x6d709f]  jni_CallVoidMethodV+0x10f
C  [libglass.so+0x13e51]  JNIEnv_::CallVoidMethod(_jobject*, _jmethodID*, ...)+0x81
C  [libglass.so+0x1876f]  WindowContextBase::process_key(_GdkEventKey*)+0x20f
C  [libglass.so+0x15fe0]  WindowContextBase::im_filter_keypress(_GdkEventKey*)+0x1c0
C  [libglass.so+0x20a3c]  process_events(_GdkEvent*, void*)+0x22c
C  [libgdk-x11-2.0.so.0+0x5acdc]

Java frames: (J=compiled Java code, j=interpreted, Vv=VM code)
j  com.sun.glass.ui.gtk.GtkApplication._runLoop(Ljava/lang/Runnable;Z)V+0
j  com.sun.glass.ui.gtk.GtkApplication.lambda$null$49(Ljava/lang/Runnable;Z)V+7
j  com.sun.glass.ui.gtk.GtkApplication$$Lambda$43.run()V+12
j  java.lang.Thread.run()V+11
v  ~StubRoutines::call_stub

---------------  P R O C E S S  ---------------

Java Threads: ( => current thread )
  0x00007fd2681a0000 JavaThread "Prism Font Disposer" daemon [_thread_blocked, id=5400, stack(0x00007fd27703c000,0x00007fd27713d000)]
=>0x00007fd290108000 JavaThread "JavaFX Application Thread" [_thread_in_vm, id=5399, stack(0x00007fd27c3ab000,0x00007fd27c4ac000)]
  0x00007fd290104800 JavaThread "Thread-3" daemon [_thread_blocked, id=5398, stack(0x00007fd27c4ac000,0x00007fd27c5ad000)]
  0x00007fd290043800 JavaThread "QuantumRenderer-0" daemon [_thread_blocked, id=5394, stack(0x00007fd2be5fc000,0x00007fd2be6fd000)]
  0x00007fd28c0f5000 JavaThread "JavaFX-Launcher" [_thread_blocked, id=5393, stack(0x00007fd2be6fd000,0x00007fd2be7fe000)]
  0x00007fd2e00d2000 JavaThread "Thread-0" [_thread_blocked, id=5392, stack(0x00007fd2be893000,0x00007fd2be994000)]
  0x00007fd2e00c1000 JavaThread "Service Thread" daemon [_thread_blocked, id=5390, stack(0x00007fd2bea95000,0x00007fd2beb96000)]
  0x00007fd2e00be000 JavaThread "C1 CompilerThread2" daemon [_thread_in_native, id=5389, stack(0x00007fd2beb96000,0x00007fd2bec97000)]
  0x00007fd2e00bc800 JavaThread "C2 CompilerThread1" daemon [_thread_blocked, id=5388, stack(0x00007fd2bec97000,0x00007fd2bed98000)]
  0x00007fd2e00b9800 JavaThread "C2 CompilerThread0" daemon [_thread_in_native, id=5387, stack(0x00007fd2bed98000,0x00007fd2bee99000)]
  0x00007fd2e00b8000 JavaThread "Signal Dispatcher" daemon [_thread_blocked, id=5386, stack(0x00007fd2bee99000,0x00007fd2bef9a000)]
  0x00007fd2e0084000 JavaThread "Finalizer" daemon [_thread_blocked, id=5385, stack(0x00007fd2bf3f4000,0x00007fd2bf4f5000)]
  0x00007fd2e007f000 JavaThread "Reference Handler" daemon [_thread_blocked, id=5384, stack(0x00007fd2bf4f5000,0x00007fd2bf5f6000)]
  0x00007fd2e0009800 JavaThread "main" [_thread_blocked, id=5374, stack(0x00007fd2e7fe2000,0x00007fd2e80e3000)]

Other Threads:
  0x00007fd2e0077800 VMThread [stack: 0x00007fd2bf5f6000,0x00007fd2bf6f7000] [id=5383]
  0x00007fd2e00c4000 WatcherThread [stack: 0x00007fd2be994000,0x00007fd2bea95000] [id=5391]

VM state:not at safepoint (normal execution)

VM Mutex/Monitor currently owned by a thread: None

Heap:
 PSYoungGen      total 36864K, used 29491K [0x00000000d7000000, 0x00000000d9900000, 0x0000000100000000)
  eden space 31744K, 92% used [0x00000000d7000000,0x00000000d8cccfc8,0x00000000d8f00000)
  from space 5120K, 0% used [0x00000000d9400000,0x00000000d9400000,0x00000000d9900000)
  to   space 5120K, 0% used [0x00000000d8f00000,0x00000000d8f00000,0x00000000d9400000)
 ParOldGen       total 84992K, used 0K [0x0000000085000000, 0x000000008a300000, 0x00000000d7000000)
  object space 84992K, 0% used [0x0000000085000000,0x0000000085000000,0x000000008a300000)
 Metaspace       used 13950K, capacity 14680K, committed 14848K, reserved 1062912K
  class space    used 2120K, capacity 2299K, committed 2304K, reserved 1048576K

Card table byte_map: [0x00007fd2e49b0000,0x00007fd2e4d89000] byte_map_base: 0x00007fd2e4588000

Marking Bits: (ParMarkBitMap*) 0x00007fd2e74b3c80
 Begin Bits: [0x00007fd2cd280000, 0x00007fd2cf140000)
 End Bits:   [0x00007fd2cf140000, 0x00007fd2d1000000)

Polling page: 0x00007fd2e8100000

CodeCache: size=245760Kb used=3723Kb max_used=3723Kb free=242036Kb
 bounds [0x00007fd2d1000000, 0x00007fd2d13b0000, 0x00007fd2e0000000]
 total_blobs=1710 nmethods=1090 adapters=532
 compilation: enabled

Compilation events (10 events):
Event: 2,541 Thread 0x00007fd2e00be000 nmethod 1082 0x00007fd2d139f510 code [0x00007fd2d139f660, 0x00007fd2d139f770]
Event: 2,541 Thread 0x00007fd2e00be000 1088       3       javafx.scene.layout.Region::snapSpace (9 bytes)
Event: 2,541 Thread 0x00007fd2e00be000 nmethod 1088 0x00007fd2d139f7d0 code [0x00007fd2d139f940, 0x00007fd2d139fc08]
Event: 2,542 Thread 0x00007fd2e00be000 1089       3       javafx.scene.shape.Shape::impl_markDirty (45 bytes)
Event: 2,543 Thread 0x00007fd2e00be000 nmethod 1089 0x00007fd2d139fcd0 code [0x00007fd2d139fee0, 0x00007fd2d13a0dc8]
Event: 2,543 Thread 0x00007fd2e00be000 1090       3       javafx.scene.Node::impl_treeVisibleProperty (24 bytes)
Event: 2,543 Thread 0x00007fd2e00be000 nmethod 1090 0x00007fd2d13a1290 code [0x00007fd2d13a1400, 0x00007fd2d13a1730]
Event: 2,543 Thread 0x00007fd2e00be000 1091       3       javafx.beans.binding.DoubleExpression::<init> (5 bytes)
Event: 2,543 Thread 0x00007fd2e00be000 nmethod 1091 0x00007fd2d13a1890 code [0x00007fd2d13a1a00, 0x00007fd2d13a1c10]
Event: 2,543 Thread 0x00007fd2e00be000 1092       3       javafx.beans.property.DoublePropertyBase::set (111 bytes)

GC Heap History (0 events):
No events

Deoptimization events (10 events):
Event: 1,159 Thread 0x00007fd290108000 Uncommon trap: reason=class_check action=maybe_recompile pc=0x00007fd2d122a374 method=java.io.DataInputStream.readShort()S @ 4
Event: 1,159 Thread 0x00007fd290108000 Uncommon trap: reason=class_check action=maybe_recompile pc=0x00007fd2d122a374 method=java.io.DataInputStream.readShort()S @ 4
Event: 1,159 Thread 0x00007fd290108000 Uncommon trap: reason=class_check action=maybe_recompile pc=0x00007fd2d122a374 method=java.io.DataInputStream.readShort()S @ 4
Event: 1,166 Thread 0x00007fd290108000 Uncommon trap: reason=class_check action=maybe_recompile pc=0x00007fd2d11177f8 method=java.lang.String.equals(Ljava/lang/Object;)Z @ 8
Event: 1,166 Thread 0x00007fd290108000 Uncommon trap: reason=class_check action=maybe_recompile pc=0x00007fd2d11177f8 method=java.lang.String.equals(Ljava/lang/Object;)Z @ 8
Event: 1,166 Thread 0x00007fd290108000 Uncommon trap: reason=class_check action=maybe_recompile pc=0x00007fd2d11177f8 method=java.lang.String.equals(Ljava/lang/Object;)Z @ 8
Event: 1,235 Thread 0x00007fd290108000 Uncommon trap: reason=class_check action=maybe_recompile pc=0x00007fd2d11177f8 method=java.lang.String.equals(Ljava/lang/Object;)Z @ 8
Event: 1,316 Thread 0x00007fd290108000 Uncommon trap: reason=unstable_if action=reinterpret pc=0x00007fd2d1289428 method=sun.net.www.ParseUtil.encodePath(Ljava/lang/String;Z)Ljava/lang/String; @ 109
Event: 1,413 Thread 0x00007fd290108000 Uncommon trap: reason=unstable_if action=reinterpret pc=0x00007fd2d12e3be4 method=jdk.internal.org.objectweb.asm.Type.getArgumentsAndReturnSizes(Ljava/lang/String;)I @ 47
Event: 2,456 Thread 0x00007fd290108000 Uncommon trap: reason=unstable_if action=reinterpret pc=0x00007fd2d136deb4 method=java.lang.StrictMath.floorOrCeil(DDDD)D @ 38

Internal exceptions (10 events):
Event: 0,184 Thread 0x00007fd2e00d2000 Exception <a 'java/lang/NoSuchFieldError': method resolution failed> (0x00000000d72e0e20) thrown at [/HUDSON3/workspace/8-2-build-linux-amd64/jdk8u121/8372/hotspot/src/share/vm/prims/methodHandles.cpp, line 1146]
Event: 0,185 Thread 0x00007fd2e00d2000 Exception <a 'java/lang/NoSuchFieldError': method resolution failed> (0x00000000d72ee1a0) thrown at [/HUDSON3/workspace/8-2-build-linux-amd64/jdk8u121/8372/hotspot/src/share/vm/prims/methodHandles.cpp, line 1146]
Event: 0,209 Thread 0x00007fd28c0f5000 Exception <a 'java/security/PrivilegedActionException'> (0x00000000d73d5580) thrown at [/HUDSON3/workspace/8-2-build-linux-amd64/jdk8u121/8372/hotspot/src/share/vm/prims/jvm.cpp, line 1390]
Event: 0,209 Thread 0x00007fd28c0f5000 Exception <a 'java/security/PrivilegedActionException'> (0x00000000d73d5790) thrown at [/HUDSON3/workspace/8-2-build-linux-amd64/jdk8u121/8372/hotspot/src/share/vm/prims/jvm.cpp, line 1390]
Event: 0,210 Thread 0x00007fd28c0f5000 Exception <a 'java/security/PrivilegedActionException'> (0x00000000d73d7bf8) thrown at [/HUDSON3/workspace/8-2-build-linux-amd64/jdk8u121/8372/hotspot/src/share/vm/prims/jvm.cpp, line 1390]
Event: 0,210 Thread 0x00007fd28c0f5000 Exception <a 'java/security/PrivilegedActionException'> (0x00000000d73d7e08) thrown at [/HUDSON3/workspace/8-2-build-linux-amd64/jdk8u121/8372/hotspot/src/share/vm/prims/jvm.cpp, line 1390]
Event: 0,210 Thread 0x00007fd28c0f5000 Exception <a 'java/lang/NullPointerException'> (0x00000000d73d83e0) thrown at [/HUDSON3/workspace/8-2-build-linux-amd64/jdk8u121/8372/hotspot/src/share/vm/interpreter/linkResolver.cpp, line 1178]
Event: 0,452 Thread 0x00007fd290108000 Exception <a 'java/lang/NullPointerException'> (0x00000000d7ad7798) thrown at [/HUDSON3/workspace/8-2-build-linux-amd64/jdk8u121/8372/hotspot/src/share/vm/interpreter/linkResolver.cpp, line 1178]
Event: 0,452 Thread 0x00007fd290108000 Exception <a 'java/lang/NullPointerException'> (0x00000000d7ad7798) thrown at [/HUDSON3/workspace/8-2-build-linux-amd64/jdk8u121/8372/hotspot/src/share/vm/prims/jvm.cpp, line 1394]
Event: 0,604 Thread 0x00007fd290108000 Implicit null exception at 0x00007fd2d124b4b5 to 0x00007fd2d124b6d1

Events (10 events):
Event: 2,520 loading class javafx/scene/shape/SVGPath$1
Event: 2,520 loading class javafx/scene/shape/SVGPath$1 done
Event: 2,520 loading class javafx/scene/shape/SVGPath$2
Event: 2,520 loading class javafx/scene/shape/SVGPath$2 done
Event: 2,521 loading class com/sun/javafx/sg/prism/NGSVGPath
Event: 2,521 loading class com/sun/javafx/sg/prism/NGSVGPath done
Event: 2,524 loading class java/lang/Math$RandomNumberGeneratorHolder
Event: 2,524 loading class java/lang/Math$RandomNumberGeneratorHolder done
Event: 2,524 loading class java/util/Random
Event: 2,524 loading class java/util/Random done


Dynamic libraries:
00400000-00401000 r-xp 00000000 08:05 2243241                            /usr/lib/jvm/java-8-oracle/bin/java
00600000-00601000 rw-p 00000000 08:05 2243241                            /usr/lib/jvm/java-8-oracle/bin/java
01f36000-01f57000 rw-p 00000000 00:00 0                                  [heap]
85000000-8a300000 rw-p 00000000 00:00 0 
8a300000-d7000000 ---p 00000000 00:00 0 
d7000000-d9900000 rw-p 00000000 00:00 0 
d9900000-100000000 ---p 00000000 00:00 0 
100000000-100240000 rw-p 00000000 00:00 0 
100240000-140000000 ---p 00000000 00:00 0 
7fd25c000000-7fd25c021000 rw-p 00000000 00:00 0 
7fd25c021000-7fd260000000 ---p 00000000 00:00 0 
7fd264000000-7fd264021000 rw-p 00000000 00:00 0 
7fd264021000-7fd268000000 ---p 00000000 00:00 0 
7fd268000000-7fd2684ae000 rw-p 00000000 00:00 0 
7fd2684ae000-7fd26c000000 ---p 00000000 00:00 0 
7fd26c000000-7fd26c022000 rw-p 00000000 00:00 0 
7fd26c022000-7fd270000000 ---p 00000000 00:00 0 
7fd270000000-7fd270021000 rw-p 00000000 00:00 0 
7fd270021000-7fd274000000 ---p 00000000 00:00 0 
7fd27680f000-7fd27684f000 rw-p 00000000 00:00 0 
7fd27684f000-7fd276a0f000 ---p 00000000 00:00 0 
7fd276a0f000-7fd276a6f000 rw-s 00000000 00:05 111373                     /drm mm object (deleted)
7fd276a6f000-7fd276a7d000 rw-s 00000000 00:05 111372                     /drm mm object (deleted)
7fd276a7d000-7fd276c3d000 rw-s 1025cb000 00:06 391                       /dev/dri/card0
7fd276c3d000-7fd276c4d000 rw-s 00000000 00:05 111369                     /drm mm object (deleted)
7fd276c4d000-7fd276e0d000 rw-s 00000000 00:05 111365                     /drm mm object (deleted)
7fd276e0d000-7fd276e1d000 rw-s 00000000 00:05 111367                     /drm mm object (deleted)
7fd276e1d000-7fd276e29000 rw-s 00000000 00:05 109170                     /drm mm object (deleted)
7fd276e29000-7fd276e3c000 r--s 00345000 08:05 2243549                    /usr/lib/jvm/java-8-oracle/jre/lib/resources.jar
7fd276e3c000-7fd27703c000 rw-p 00000000 00:00 0 
7fd27703c000-7fd27703f000 ---p 00000000 00:00 0 
7fd27703f000-7fd27713d000 rw-p 00000000 00:00 0 
7fd27713d000-7fd2771f6000 r--p 00000000 08:05 918436                     /usr/share/fonts/truetype/dejavu/DejaVuSans.ttf
7fd2771f6000-7fd2771fa000 r-xp 00000000 08:05 2243362                    /usr/lib/jvm/java-8-oracle/jre/lib/amd64/libjavafx_font_pango.so
7fd2771fa000-7fd2773f9000 ---p 00004000 08:05 2243362                    /usr/lib/jvm/java-8-oracle/jre/lib/amd64/libjavafx_font_pango.so
7fd2773f9000-7fd2773fa000 rw-p 00003000 08:05 2243362                    /usr/lib/jvm/java-8-oracle/jre/lib/amd64/libjavafx_font_pango.so
7fd2773fa000-7fd2775fa000 rw-p 00000000 00:00 0 
7fd2775fa000-7fd2775ff000 r-xp 00000000 08:05 2243358                    /usr/lib/jvm/java-8-oracle/jre/lib/amd64/libjavafx_font_freetype.so
7fd2775ff000-7fd2777fe000 ---p 00005000 08:05 2243358                    /usr/lib/jvm/java-8-oracle/jre/lib/amd64/libjavafx_font_freetype.so
7fd2777fe000-7fd2777ff000 rw-p 00004000 08:05 2243358                    /usr/lib/jvm/java-8-oracle/jre/lib/amd64/libjavafx_font_freetype.so
7fd2777ff000-7fd277800000 ---p 00000000 00:00 0 
7fd277800000-7fd278000000 rw-p 00000000 00:00 0 
7fd278000000-7fd278021000 rw-p 00000000 00:00 0 
7fd278021000-7fd27c000000 ---p 00000000 00:00 0 
7fd27c003000-7fd27c00b000 rw-s 00000000 00:05 111368                     /drm mm object (deleted)
7fd27c00b000-7fd27c047000 r--p 00000000 08:05 2243419                    /usr/lib/jvm/java-8-oracle/jre/lib/fonts/LucidaTypewriterRegular.ttf
7fd27c047000-7fd27c05a000 r--p 00000000 08:05 2243414                    /usr/lib/jvm/java-8-oracle/jre/lib/fonts/LucidaBrightDemiBold.ttf
7fd27c05a000-7fd27c0af000 r--p 00000000 08:05 2243416                    /usr/lib/jvm/java-8-oracle/jre/lib/fonts/LucidaBrightRegular.ttf
7fd27c0af000-7fd27c15a000 r--p 00000000 08:05 2243413                    /usr/lib/jvm/java-8-oracle/jre/lib/fonts/LucidaSansRegular.ttf
7fd27c15a000-7fd27c1a8000 r--p 00000000 08:05 2243420                    /usr/lib/jvm/java-8-oracle/jre/lib/fonts/LucidaSansDemiBold.ttf
7fd27c1a8000-7fd27c1ab000 r-xp 00000000 08:05 2243320                    /usr/lib/jvm/java-8-oracle/jre/lib/amd64/libjavafx_font.so
7fd27c1ab000-7fd27c3aa000 ---p 00003000 08:05 2243320                    /usr/lib/jvm/java-8-oracle/jre/lib/amd64/libjavafx_font.so
7fd27c3aa000-7fd27c3ab000 rw-p 00002000 08:05 2243320                    /usr/lib/jvm/java-8-oracle/jre/lib/amd64/libjavafx_font.so
7fd27c3ab000-7fd27c3ae000 ---p 00000000 00:00 0 
7fd27c3ae000-7fd27c4ac000 rw-p 00000000 00:00 0 
7fd27c4ac000-7fd27c4af000 ---p 00000000 00:00 0 
7fd27c4af000-7fd27c5ad000 rw-p 00000000 00:00 0 
7fd27c5ad000-7fd27c5ae000 ---p 00000000 00:00 0 
7fd27c5ae000-7fd27cdae000 rw-p 00000000 00:00 0 
7fd27cdae000-7fd27cdaf000 ---p 00000000 00:00 0 
7fd27cdaf000-7fd27d5af000 rw-p 00000000 00:00 0 
7fd27d5af000-7fd27d5bb000 r-xp 00000000 08:05 133762                     /usr/lib/x86_64-linux-gnu/gio/modules/libdconfsettings.so
7fd27d5bb000-7fd27d7ba000 ---p 0000c000 08:05 133762                     /usr/lib/x86_64-linux-gnu/gio/modules/libdconfsettings.so
7fd27d7ba000-7fd27d7bb000 r--p 0000b000 08:05 133762                     /usr/lib/x86_64-linux-gnu/gio/modules/libdconfsettings.so
7fd27d7bb000-7fd27d7bc000 rw-p 0000c000 08:05 133762                     /usr/lib/x86_64-linux-gnu/gio/modules/libdconfsettings.so
7fd27d7bc000-7fd27d7c3000 r-xp 00000000 08:05 2239720                    /usr/lib/x86_64-linux-gnu/libogg.so.0.8.2
7fd27d7c3000-7fd27d9c3000 ---p 00007000 08:05 2239720                    /usr/lib/x86_64-linux-gnu/libogg.so.0.8.2
7fd27d9c3000-7fd27d9c4000 r--p 00007000 08:05 2239720                    /usr/lib/x86_64-linux-gnu/libogg.so.0.8.2
7fd27d9c4000-7fd27d9c5000 rw-p 00008000 08:05 2239720                    /usr/lib/x86_64-linux-gnu/libogg.so.0.8.2
7fd27d9c5000-7fd27d9ef000 r-xp 00000000 08:05 2240153                    /usr/lib/x86_64-linux-gnu/libvorbis.so.0.4.8
7fd27d9ef000-7fd27dbef000 ---p 0002a000 08:05 2240153                    /usr/lib/x86_64-linux-gnu/libvorbis.so.0.4.8
7fd27dbef000-7fd27dbf0000 r--p 0002a000 08:05 2240153                    /usr/lib/x86_64-linux-gnu/libvorbis.so.0.4.8
7fd27dbf0000-7fd27dbf1000 rw-p 0002b000 08:05 2240153                    /usr/lib/x86_64-linux-gnu/libvorbis.so.0.4.8
7fd27dbf1000-7fd27dbf9000 r-xp 00000000 08:05 2239564                    /usr/lib/x86_64-linux-gnu/libltdl.so.7.3.1
7fd27dbf9000-7fd27ddf9000 ---p 00008000 08:05 2239564                    /usr/lib/x86_64-linux-gnu/libltdl.so.7.3.1
7fd27ddf9000-7fd27ddfa000 r--p 00008000 08:05 2239564                    /usr/lib/x86_64-linux-gnu/libltdl.so.7.3.1
7fd27ddfa000-7fd27ddfb000 rw-p 00009000 08:05 2239564                    /usr/lib/x86_64-linux-gnu/libltdl.so.7.3.1
7fd27ddfb000-7fd27de0f000 r-xp 00000000 08:05 2239986                    /usr/lib/x86_64-linux-gnu/libtdb.so.1.3.9
7fd27de0f000-7fd27e00e000 ---p 00014000 08:05 2239986                    /usr/lib/x86_64-linux-gnu/libtdb.so.1.3.9
7fd27e00e000-7fd27e00f000 r--p 00013000 08:05 2239986                    /usr/lib/x86_64-linux-gnu/libtdb.so.1.3.9
7fd27e00f000-7fd27e010000 rw-p 00014000 08:05 2239986                    /usr/lib/x86_64-linux-gnu/libtdb.so.1.3.9
7fd27e010000-7fd27e017000 r-xp 00000000 08:05 2240157                    /usr/lib/x86_64-linux-gnu/libvorbisfile.so.3.3.7
7fd27e017000-7fd27e217000 ---p 00007000 08:05 2240157                    /usr/lib/x86_64-linux-gnu/libvorbisfile.so.3.3.7
7fd27e217000-7fd27e218000 r--p 00007000 08:05 2240157                    /usr/lib/x86_64-linux-gnu/libvorbisfile.so.3.3.7
7fd27e218000-7fd27e219000 rw-p 00008000 08:05 2240157                    /usr/lib/x86_64-linux-gnu/libvorbisfile.so.3.3.7
7fd27e219000-7fd27e229000 r-xp 00000000 08:05 2238920                    /usr/lib/x86_64-linux-gnu/libcanberra.so.0.2.5
7fd27e229000-7fd27e429000 ---p 00010000 08:05 2238920                    /usr/lib/x86_64-linux-gnu/libcanberra.so.0.2.5
7fd27e429000-7fd27e42a000 r--p 00010000 08:05 2238920                    /usr/lib/x86_64-linux-gnu/libcanberra.so.0.2.5
7fd27e42a000-7fd27e42b000 rw-p 00011000 08:05 2238920                    /usr/lib/x86_64-linux-gnu/libcanberra.so.0.2.5
7fd27e42b000-7fd27e42f000 r-xp 00000000 08:05 2238916                    /usr/lib/x86_64-linux-gnu/libcanberra-gtk.so.0.1.9
7fd27e42f000-7fd27e62e000 ---p 00004000 08:05 2238916                    /usr/lib/x86_64-linux-gnu/libcanberra-gtk.so.0.1.9
7fd27e62e000-7fd27e62f000 r--p 00003000 08:05 2238916                    /usr/lib/x86_64-linux-gnu/libcanberra-gtk.so.0.1.9
7fd27e62f000-7fd27e630000 rw-p 00004000 08:05 2238916                    /usr/lib/x86_64-linux-gnu/libcanberra-gtk.so.0.1.9
7fd27e630000-7fd27e635000 r-xp 00000000 08:05 133969                     /usr/lib/x86_64-linux-gnu/gtk-2.0/modules/libcanberra-gtk-module.so
7fd27e635000-7fd27e834000 ---p 00005000 08:05 133969                     /usr/lib/x86_64-linux-gnu/gtk-2.0/modules/libcanberra-gtk-module.so
7fd27e834000-7fd27e835000 r--p 00004000 08:05 133969                     /usr/lib/x86_64-linux-gnu/gtk-2.0/modules/libcanberra-gtk-module.so
7fd27e835000-7fd27e836000 rw-p 00005000 08:05 133969                     /usr/lib/x86_64-linux-gnu/gtk-2.0/modules/libcanberra-gtk-module.so
7fd27e836000-7fd27e866000 r-xp 00000000 08:05 133951                     /usr/lib/x86_64-linux-gnu/gtk-2.0/2.10.0/engines/libmurrine.so
7fd27e866000-7fd27ea66000 ---p 00030000 08:05 133951                     /usr/lib/x86_64-linux-gnu/gtk-2.0/2.10.0/engines/libmurrine.so
7fd27ea66000-7fd27ea67000 r--p 00030000 08:05 133951                     /usr/lib/x86_64-linux-gnu/gtk-2.0/2.10.0/engines/libmurrine.so
7fd27ea67000-7fd27ea68000 rw-p 00031000 08:05 133951                     /usr/lib/x86_64-linux-gnu/gtk-2.0/2.10.0/engines/libmurrine.so
7fd27ea68000-7fd27ea78000 r-xp 00000000 08:05 2240079                    /usr/lib/x86_64-linux-gnu/libunity-gtk2-parser.so.0.0.0
7fd27ea78000-7fd27ec78000 ---p 00010000 08:05 2240079                    /usr/lib/x86_64-linux-gnu/libunity-gtk2-parser.so.0.0.0
7fd27ec78000-7fd27ec79000 r--p 00010000 08:05 2240079                    /usr/lib/x86_64-linux-gnu/libunity-gtk2-parser.so.0.0.0
7fd27ec79000-7fd27ec7a000 rw-p 00011000 08:05 2240079                    /usr/lib/x86_64-linux-gnu/libunity-gtk2-parser.so.0.0.0
7fd27ec7a000-7fd27ec7f000 r-xp 00000000 08:05 133973                     /usr/lib/x86_64-linux-gnu/gtk-2.0/modules/libunity-gtk-module.so
7fd27ec7f000-7fd27ee7e000 ---p 00005000 08:05 133973                     /usr/lib/x86_64-linux-gnu/gtk-2.0/modules/libunity-gtk-module.so
7fd27ee7e000-7fd27ee7f000 r--p 00004000 08:05 133973                     /usr/lib/x86_64-linux-gnu/gtk-2.0/modules/libunity-gtk-module.so
7fd27ee7f000-7fd27ee80000 rw-p 00005000 08:05 133973                     /usr/lib/x86_64-linux-gnu/gtk-2.0/modules/libunity-gtk-module.so
7fd27ee80000-7fd27eea2000 r-xp 00000000 08:05 398679                     /lib/x86_64-linux-gnu/liblzma.so.5.0.0
7fd27eea2000-7fd27f0a1000 ---p 00022000 08:05 398679                     /lib/x86_64-linux-gnu/liblzma.so.5.0.0
7fd27f0a1000-7fd27f0a2000 r--p 00021000 08:05 398679                     /lib/x86_64-linux-gnu/liblzma.so.5.0.0
7fd27f0a2000-7fd27f0a3000 rw-p 00022000 08:05 398679                     /lib/x86_64-linux-gnu/liblzma.so.5.0.0
7fd27f0a3000-7fd27f0ed000 r-xp 00000000 08:05 399570                     /lib/x86_64-linux-gnu/libdbus-1.so.3.14.7
7fd27f0ed000-7fd27f2ed000 ---p 0004a000 08:05 399570                     /lib/x86_64-linux-gnu/libdbus-1.so.3.14.7
7fd27f2ed000-7fd27f2ee000 r--p 0004a000 08:05 399570                     /lib/x86_64-linux-gnu/libdbus-1.so.3.14.7
7fd27f2ee000-7fd27f2ef000 rw-p 0004b000 08:05 399570                     /lib/x86_64-linux-gnu/libdbus-1.so.3.14.7
7fd27f2ef000-7fd27f31b000 r-xp 00000000 08:05 2238852                    /usr/lib/x86_64-linux-gnu/libatspi.so.0.0.1
7fd27f31b000-7fd27f51a000 ---p 0002c000 08:05 2238852                    /usr/lib/x86_64-linux-gnu/libatspi.so.0.0.1
7fd27f51a000-7fd27f51d000 r--p 0002b000 08:05 2238852                    /usr/lib/x86_64-linux-gnu/libatspi.so.0.0.1
7fd27f51d000-7fd27f51e000 rw-p 0002e000 08:05 2238852                    /usr/lib/x86_64-linux-gnu/libatspi.so.0.0.1
7fd27f51e000-7fd27f54b000 r-xp 00000000 08:05 2238846                    /usr/lib/x86_64-linux-gnu/libatk-bridge-2.0.so.0.0.0
7fd27f54b000-7fd27f74a000 ---p 0002d000 08:05 2238846                    /usr/lib/x86_64-linux-gnu/libatk-bridge-2.0.so.0.0.0
7fd27f74a000-7fd27f74b000 r--p 0002c000 08:05 2238846                    /usr/lib/x86_64-linux-gnu/libatk-bridge-2.0.so.0.0.0
7fd27f74b000-7fd27f74d000 rw-p 0002d000 08:05 2238846                    /usr/lib/x86_64-linux-gnu/libatk-bridge-2.0.so.0.0.0
7fd27f74d000-7fd27f74e000 r-xp 00000000 08:05 133968                     /usr/lib/x86_64-linux-gnu/gtk-2.0/modules/libatk-bridge.so
7fd27f74e000-7fd27f94d000 ---p 00001000 08:05 133968                     /usr/lib/x86_64-linux-gnu/gtk-2.0/modules/libatk-bridge.so
7fd27f94d000-7fd27f94e000 r--p 00000000 08:05 133968                     /usr/lib/x86_64-linux-gnu/gtk-2.0/modules/libatk-bridge.so
7fd27f94e000-7fd27f94f000 rw-p 00001000 08:05 133968                     /usr/lib/x86_64-linux-gnu/gtk-2.0/modules/libatk-bridge.so
7fd27f94f000-7fd27f956000 r-xp 00000000 08:05 2228785                    /usr/lib/x86_64-linux-gnu/libgailutil.so.18.0.1
7fd27f956000-7fd27fb55000 ---p 00007000 08:05 2228785                    /usr/lib/x86_64-linux-gnu/libgailutil.so.18.0.1
7fd27fb55000-7fd27fb56000 r--p 00006000 08:05 2228785                    /usr/lib/x86_64-linux-gnu/libgailutil.so.18.0.1
7fd27fb56000-7fd27fb57000 rw-p 00007000 08:05 2228785                    /usr/lib/x86_64-linux-gnu/libgailutil.so.18.0.1
7fd27fb57000-7fd27fba5000 r-xp 00000000 08:05 132695                     /usr/lib/x86_64-linux-gnu/gtk-2.0/modules/libgail.so
7fd27fba5000-7fd27fda4000 ---p 0004e000 08:05 132695                     /usr/lib/x86_64-linux-gnu/gtk-2.0/modules/libgail.so
7fd27fda4000-7fd27fda5000 r--p 0004d000 08:05 132695                     /usr/lib/x86_64-linux-gnu/gtk-2.0/modules/libgail.so
7fd27fda5000-7fd27fda7000 rw-p 0004e000 08:05 132695                     /usr/lib/x86_64-linux-gnu/gtk-2.0/modules/libgail.so
7fd27fda7000-7fd27fdb8000 r-xp 00000000 08:05 132122                     /usr/lib/x86_64-linux-gnu/gtk-2.0/modules/liboverlay-scrollbar.so
7fd27fdb8000-7fd27ffb8000 ---p 00011000 08:05 132122                     /usr/lib/x86_64-linux-gnu/gtk-2.0/modules/liboverlay-scrollbar.so
7fd27ffb8000-7fd27ffb9000 r--p 00011000 08:05 132122                     /usr/lib/x86_64-linux-gnu/gtk-2.0/modules/liboverlay-scrollbar.so
7fd27ffb9000-7fd27ffba000 rw-p 00012000 08:05 132122                     /usr/lib/x86_64-linux-gnu/gtk-2.0/modules/liboverlay-scrollbar.so
7fd27ffba000-7fd27ffe3000 r-xp 00000000 08:05 2243370                    /usr/lib/jvm/java-8-oracle/jre/lib/amd64/libglass.so
7fd27ffe3000-7fd2801e2000 ---p 00029000 08:05 2243370                    /usr/lib/jvm/java-8-oracle/jre/lib/amd64/libglass.so
7fd2801e2000-7fd2801e5000 rw-p 00028000 08:05 2243370                    /usr/lib/jvm/java-8-oracle/jre/lib/amd64/libglass.so
7fd2801e5000-7fd28021c000 r-xp 00000000 08:05 2240033                    /usr/lib/x86_64-linux-gnu/libtxc_dxtn_s2tc.so.0.0.0
7fd28021c000-7fd28041b000 ---p 00037000 08:05 2240033                    /usr/lib/x86_64-linux-gnu/libtxc_dxtn_s2tc.so.0.0.0
7fd28041b000-7fd28041c000 r--p 00036000 08:05 2240033                    /usr/lib/x86_64-linux-gnu/libtxc_dxtn_s2tc.so.0.0.0
7fd28041c000-7fd28041d000 rw-p 00037000 08:05 2240033                    /usr/lib/x86_64-linux-gnu/libtxc_dxtn_s2tc.so.0.0.0
7fd28041d000-7fd280425000 r-xp 00000000 08:05 2239767                    /usr/lib/x86_64-linux-gnu/libpciaccess.so.0.11.1
7fd280425000-7fd280625000 ---p 00008000 08:05 2239767                    /usr/lib/x86_64-linux-gnu/libpciaccess.so.0.11.1
7fd280625000-7fd280626000 r--p 00008000 08:05 2239767                    /usr/lib/x86_64-linux-gnu/libpciaccess.so.0.11.1
7fd280626000-7fd280627000 rw-p 00009000 08:05 2239767                    /usr/lib/x86_64-linux-gnu/libpciaccess.so.0.11.1
7fd280627000-7fd280639000 r-xp 00000000 08:05 398660                     /lib/x86_64-linux-gnu/libgpg-error.so.0.19.1
7fd280639000-7fd280839000 ---p 00012000 08:05 398660                     /lib/x86_64-linux-gnu/libgpg-error.so.0.19.1
7fd280839000-7fd28083a000 r--p 00012000 08:05 398660                     /lib/x86_64-linux-gnu/libgpg-error.so.0.19.1
7fd28083a000-7fd28083b000 rw-p 00013000 08:05 398660                     /lib/x86_64-linux-gnu/libgpg-error.so.0.19.1
7fd28083b000-7fd280846000 r-xp 00000000 08:05 2239069                    /usr/lib/x86_64-linux-gnu/libdrm_radeon.so.1.0.1
7fd280846000-7fd280a45000 ---p 0000b000 08:05 2239069                    /usr/lib/x86_64-linux-gnu/libdrm_radeon.so.1.0.1
7fd280a45000-7fd280a46000 r--p 0000a000 08:05 2239069                    /usr/lib/x86_64-linux-gnu/libdrm_radeon.so.1.0.1
7fd280a46000-7fd280a47000 rw-p 0000b000 08:05 2239069                    /usr/lib/x86_64-linux-gnu/libdrm_radeon.so.1.0.1
7fd280a47000-7fd280a4e000 r-xp 00000000 08:05 2239067                    /usr/lib/x86_64-linux-gnu/libdrm_nouveau.so.2.0.0
7fd280a4e000-7fd280c4d000 ---p 00007000 08:05 2239067                    /usr/lib/x86_64-linux-gnu/libdrm_nouveau.so.2.0.0
7fd280c4d000-7fd280c4e000 r--p 00006000 08:05 2239067                    /usr/lib/x86_64-linux-gnu/libdrm_nouveau.so.2.0.0
7fd280c4e000-7fd280c4f000 rw-p 00007000 08:05 2239067                    /usr/lib/x86_64-linux-gnu/libdrm_nouveau.so.2.0.0
7fd280c4f000-7fd280c6f000 r-xp 00000000 08:05 2239065                    /usr/lib/x86_64-linux-gnu/libdrm_intel.so.1.0.0
7fd280c6f000-7fd280e6e000 ---p 00020000 08:05 2239065                    /usr/lib/x86_64-linux-gnu/libdrm_intel.so.1.0.0
7fd280e6e000-7fd280e6f000 r--p 0001f000 08:05 2239065                    /usr/lib/x86_64-linux-gnu/libdrm_intel.so.1.0.0
7fd280e6f000-7fd280e70000 rw-p 00020000 08:05 2239065                    /usr/lib/x86_64-linux-gnu/libdrm_intel.so.1.0.0
7fd280e70000-7fd280f77000 r-xp 00000000 08:05 398656                     /lib/x86_64-linux-gnu/libgcrypt.so.20.1.2
7fd280f77000-7fd281176000 ---p 00107000 08:05 398656                     /lib/x86_64-linux-gnu/libgcrypt.so.20.1.2
7fd281176000-7fd281178000 r--p 00106000 08:05 398656                     /lib/x86_64-linux-gnu/libgcrypt.so.20.1.2
7fd281178000-7fd28117f000 rw-p 00108000 08:05 398656                     /lib/x86_64-linux-gnu/libgcrypt.so.20.1.2
7fd28117f000-7fd281822000 r-xp 00000000 08:05 133427                     /usr/lib/x86_64-linux-gnu/dri/i965_dri.so
7fd281822000-7fd281a21000 ---p 006a3000 08:05 133427                     /usr/lib/x86_64-linux-gnu/dri/i965_dri.so
7fd281a21000-7fd281a60000 r--p 006a2000 08:05 133427                     /usr/lib/x86_64-linux-gnu/dri/i965_dri.so
7fd281a60000-7fd281a68000 rw-p 006e1000 08:05 133427                     /usr/lib/x86_64-linux-gnu/dri/i965_dri.so
7fd281a68000-7fd281a70000 rw-p 00000000 00:00 0 
7fd281a70000-7fd281a74000 r-xp 00000000 08:05 398105                     /lib/x86_64-linux-gnu/libuuid.so.1.3.0
7fd281a74000-7fd281c73000 ---p 00004000 08:05 398105                     /lib/x86_64-linux-gnu/libuuid.so.1.3.0
7fd281c73000-7fd281c74000 r--p 00003000 08:05 398105                     /lib/x86_64-linux-gnu/libuuid.so.1.3.0
7fd281c74000-7fd281c75000 rw-p 00004000 08:05 398105                     /lib/x86_64-linux-gnu/libuuid.so.1.3.0
7fd281c75000-7fd281c7b000 r-xp 00000000 08:05 2239010                    /usr/lib/x86_64-linux-gnu/libdatrie.so.1.3.3
7fd281c7b000-7fd281e7b000 ---p 00006000 08:05 2239010                    /usr/lib/x86_64-linux-gnu/libdatrie.so.1.3.3
7fd281e7b000-7fd281e7c000 r--p 00006000 08:05 2239010                    /usr/lib/x86_64-linux-gnu/libdatrie.so.1.3.3
7fd281e7c000-7fd281e7d000 rw-p 00007000 08:05 2239010                    /usr/lib/x86_64-linux-gnu/libdatrie.so.1.3.3
7fd281e7d000-7fd281e82000 r-xp 00000000 08:05 2238755                    /usr/lib/x86_64-linux-gnu/libXdmcp.so.6.0.0
7fd281e82000-7fd282081000 ---p 00005000 08:05 2238755                    /usr/lib/x86_64-linux-gnu/libXdmcp.so.6.0.0
7fd282081000-7fd282082000 r--p 00004000 08:05 2238755                    /usr/lib/x86_64-linux-gnu/libXdmcp.so.6.0.0
7fd282082000-7fd282083000 rw-p 00005000 08:05 2238755                    /usr/lib/x86_64-linux-gnu/libXdmcp.so.6.0.0
7fd282083000-7fd282085000 r-xp 00000000 08:05 2238744                    /usr/lib/x86_64-linux-gnu/libXau.so.6.0.0
7fd282085000-7fd282285000 ---p 00002000 08:05 2238744                    /usr/lib/x86_64-linux-gnu/libXau.so.6.0.0
7fd282285000-7fd282286000 r--p 00002000 08:05 2238744                    /usr/lib/x86_64-linux-gnu/libXau.so.6.0.0
7fd282286000-7fd282287000 rw-p 00003000 08:05 2238744                    /usr/lib/x86_64-linux-gnu/libXau.so.6.0.0
7fd282287000-7fd2822aa000 r-xp 00000000 08:05 2239322                    /usr/lib/x86_64-linux-gnu/libgraphite2.so.3.0.1
7fd2822aa000-7fd2824a9000 ---p 00023000 08:05 2239322                    /usr/lib/x86_64-linux-gnu/libgraphite2.so.3.0.1
7fd2824a9000-7fd2824ab000 r--p 00022000 08:05 2239322                    /usr/lib/x86_64-linux-gnu/libgraphite2.so.3.0.1
7fd2824ab000-7fd2824ac000 rw-p 00024000 08:05 2239322                    /usr/lib/x86_64-linux-gnu/libgraphite2.so.3.0.1
7fd2824ac000-7fd2824e9000 r-xp 00000000 08:05 398114                     /lib/x86_64-linux-gnu/libblkid.so.1.1.0
7fd2824e9000-7fd2826e8000 ---p 0003d000 08:05 398114                     /lib/x86_64-linux-gnu/libblkid.so.1.1.0
7fd2826e8000-7fd2826ec000 r--p 0003c000 08:05 398114                     /lib/x86_64-linux-gnu/libblkid.so.1.1.0
7fd2826ec000-7fd2826ed000 rw-p 00040000 08:05 398114                     /lib/x86_64-linux-gnu/libblkid.so.1.1.0
7fd2826ed000-7fd2826ee000 rw-p 00000000 00:00 0 
7fd2826ee000-7fd2826fc000 r-xp 00000000 08:05 2239061                    /usr/lib/x86_64-linux-gnu/libdrm.so.2.4.0
7fd2826fc000-7fd2828fb000 ---p 0000e000 08:05 2239061                    /usr/lib/x86_64-linux-gnu/libdrm.so.2.4.0
7fd2828fb000-7fd2828fc000 r--p 0000d000 08:05 2239061                    /usr/lib/x86_64-linux-gnu/libdrm.so.2.4.0
7fd2828fc000-7fd2828fd000 rw-p 0000e000 08:05 2239061                    /usr/lib/x86_64-linux-gnu/libdrm.so.2.4.0
7fd2828fd000-7fd282901000 r-xp 00000000 08:05 2240244                    /usr/lib/x86_64-linux-gnu/libxcb-dri2.so.0.0.0
7fd282901000-7fd282b00000 ---p 00004000 08:05 2240244                    /usr/lib/x86_64-linux-gnu/libxcb-dri2.so.0.0.0
7fd282b00000-7fd282b01000 r--p 00003000 08:05 2240244                    /usr/lib/x86_64-linux-gnu/libxcb-dri2.so.0.0.0
7fd282b01000-7fd282b02000 rw-p 00004000 08:05 2240244                    /usr/lib/x86_64-linux-gnu/libxcb-dri2.so.0.0.0
7fd282b02000-7fd282b19000 r-xp 00000000 08:05 2240248                    /usr/lib/x86_64-linux-gnu/libxcb-glx.so.0.0.0
7fd282b19000-7fd282d18000 ---p 00017000 08:05 2240248                    /usr/lib/x86_64-linux-gnu/libxcb-glx.so.0.0.0
7fd282d18000-7fd282d1a000 r--p 00016000 08:05 2240248                    /usr/lib/x86_64-linux-gnu/libxcb-glx.so.0.0.0
7fd282d1a000-7fd282d1b000 rw-p 00018000 08:05 2240248                    /usr/lib/x86_64-linux-gnu/libxcb-glx.so.0.0.0
7fd282d1b000-7fd282d1c000 r-xp 00000000 08:05 2238738                    /usr/lib/x86_64-linux-gnu/libX11-xcb.so.1.0.0
7fd282d1c000-7fd282f1b000 ---p 00001000 08:05 2238738                    /usr/lib/x86_64-linux-gnu/libX11-xcb.so.1.0.0
7fd282f1b000-7fd282f1c000 r--p 00000000 08:05 2238738                    /usr/lib/x86_64-linux-gnu/libX11-xcb.so.1.0.0
7fd282f1c000-7fd282f1d000 rw-p 00001000 08:05 2238738                    /usr/lib/x86_64-linux-gnu/libX11-xcb.so.1.0.0
7fd282f1d000-7fd282f46000 r-xp 00000000 08:05 2231673                    /usr/lib/x86_64-linux-gnu/libglapi.so.0.0.0
7fd282f46000-7fd283145000 ---p 00029000 08:05 2231673                    /usr/lib/x86_64-linux-gnu/libglapi.so.0.0.0
7fd283145000-7fd283149000 r--p 00028000 08:05 2231673                    /usr/lib/x86_64-linux-gnu/libglapi.so.0.0.0
7fd283149000-7fd28314a000 rw-p 0002c000 08:05 2231673                    /usr/lib/x86_64-linux-gnu/libglapi.so.0.0.0
7fd28314a000-7fd28314b000 rw-p 00000000 00:00 0 
7fd28314b000-7fd28314c000 r-xp 00000000 08:05 2240290                    /usr/lib/x86_64-linux-gnu/libxshmfence.so.1.0.0
7fd28314c000-7fd28334c000 ---p 00001000 08:05 2240290                    /usr/lib/x86_64-linux-gnu/libxshmfence.so.1.0.0
7fd28334c000-7fd28334d000 r--p 00001000 08:05 2240290                    /usr/lib/x86_64-linux-gnu/libxshmfence.so.1.0.0
7fd28334d000-7fd28334e000 rw-p 00002000 08:05 2240290                    /usr/lib/x86_64-linux-gnu/libxshmfence.so.1.0.0
7fd28334e000-7fd283353000 r-xp 00000000 08:05 2240268                    /usr/lib/x86_64-linux-gnu/libxcb-sync.so.1.0.0
7fd283353000-7fd283553000 ---p 00005000 08:05 2240268                    /usr/lib/x86_64-linux-gnu/libxcb-sync.so.1.0.0
7fd283553000-7fd283554000 r--p 00005000 08:05 2240268                    /usr/lib/x86_64-linux-gnu/libxcb-sync.so.1.0.0
7fd283554000-7fd283555000 rw-p 00006000 08:05 2240268                    /usr/lib/x86_64-linux-gnu/libxcb-sync.so.1.0.0
7fd283555000-7fd283557000 r-xp 00000000 08:05 2240256                    /usr/lib/x86_64-linux-gnu/libxcb-present.so.0.0.0
7fd283557000-7fd283756000 ---p 00002000 08:05 2240256                    /usr/lib/x86_64-linux-gnu/libxcb-present.so.0.0.0
7fd283756000-7fd283757000 r--p 00001000 08:05 2240256                    /usr/lib/x86_64-linux-gnu/libxcb-present.so.0.0.0
7fd283757000-7fd283758000 rw-p 00002000 08:05 2240256                    /usr/lib/x86_64-linux-gnu/libxcb-present.so.0.0.0
7fd283758000-7fd28375a000 r-xp 00000000 08:05 2240246                    /usr/lib/x86_64-linux-gnu/libxcb-dri3.so.0.0.0
7fd28375a000-7fd283959000 ---p 00002000 08:05 2240246                    /usr/lib/x86_64-linux-gnu/libxcb-dri3.so.0.0.0
7fd283959000-7fd28395a000 r--p 00001000 08:05 2240246                    /usr/lib/x86_64-linux-gnu/libxcb-dri3.so.0.0.0
7fd28395a000-7fd28395b000 rw-p 00002000 08:05 2240246                    /usr/lib/x86_64-linux-gnu/libxcb-dri3.so.0.0.0
7fd28395b000-7fd2839cd000 r-xp 00000000 08:05 398742                     /lib/x86_64-linux-gnu/libpcre.so.3.13.3
7fd2839cd000-7fd283bcc000 ---p 00072000 08:05 398742                     /lib/x86_64-linux-gnu/libpcre.so.3.13.3
7fd283bcc000-7fd283bcd000 r--p 00071000 08:05 398742                     /lib/x86_64-linux-gnu/libpcre.so.3.13.3
7fd283bcd000-7fd283bce000 rw-p 00072000 08:05 398742                     /lib/x86_64-linux-gnu/libpcre.so.3.13.3
7fd283bce000-7fd283bd5000 r-xp 00000000 08:05 2239141                    /usr/lib/x86_64-linux-gnu/libffi.so.6.0.4
7fd283bd5000-7fd283dd4000 ---p 00007000 08:05 2239141                    /usr/lib/x86_64-linux-gnu/libffi.so.6.0.4
7fd283dd4000-7fd283dd5000 r--p 00006000 08:05 2239141                    /usr/lib/x86_64-linux-gnu/libffi.so.6.0.4
7fd283dd5000-7fd283dd6000 rw-p 00007000 08:05 2239141                    /usr/lib/x86_64-linux-gnu/libffi.so.6.0.4
7fd283dd6000-7fd283dfd000 r-xp 00000000 08:05 398647                     /lib/x86_64-linux-gnu/libexpat.so.1.6.2
7fd283dfd000-7fd283ffd000 ---p 00027000 08:05 398647                     /lib/x86_64-linux-gnu/libexpat.so.1.6.2
7fd283ffd000-7fd283fff000 r--p 00027000 08:05 398647                     /lib/x86_64-linux-gnu/libexpat.so.1.6.2
7fd283fff000-7fd284000000 rw-p 00029000 08:05 398647                     /lib/x86_64-linux-gnu/libexpat.so.1.6.2
7fd284000000-7fd285e74000 rw-p 00000000 00:00 0 
7fd285e74000-7fd288000000 ---p 00000000 00:00 0 
7fd288000000-7fd28803a000 r--p 00000000 08:05 2243415                    /usr/lib/jvm/java-8-oracle/jre/lib/fonts/LucidaTypewriterBold.ttf
7fd28803a000-7fd288085000 r--p 00000000 08:05 919055                     /usr/share/glib-2.0/schemas/gschemas.compiled
7fd288085000-7fd288107000 r-xp 00000000 08:05 398147                     /lib/x86_64-linux-gnu/libsystemd.so.0.16.0
7fd288107000-7fd28810a000 r--p 00081000 08:05 398147                     /lib/x86_64-linux-gnu/libsystemd.so.0.16.0
7fd28810a000-7fd28810b000 rw-p 00084000 08:05 398147                     /lib/x86_64-linux-gnu/libsystemd.so.0.16.0
7fd28810b000-7fd28810c000 rw-p 00000000 00:00 0 
7fd28810c000-7fd288114000 r-xp 00000000 08:05 2240000                    /usr/lib/x86_64-linux-gnu/libthai.so.0.3.0
7fd288114000-7fd288313000 ---p 00008000 08:05 2240000                    /usr/lib/x86_64-linux-gnu/libthai.so.0.3.0
7fd288313000-7fd288314000 r--p 00007000 08:05 2240000                    /usr/lib/x86_64-linux-gnu/libthai.so.0.3.0
7fd288314000-7fd288315000 rw-p 00008000 08:05 2240000                    /usr/lib/x86_64-linux-gnu/libthai.so.0.3.0
7fd288315000-7fd288336000 r-xp 00000000 08:05 2240278                    /usr/lib/x86_64-linux-gnu/libxcb.so.1.1.0
7fd288336000-7fd288535000 ---p 00021000 08:05 2240278                    /usr/lib/x86_64-linux-gnu/libxcb.so.1.1.0
7fd288535000-7fd288536000 r--p 00020000 08:05 2240278                    /usr/lib/x86_64-linux-gnu/libxcb.so.1.1.0
7fd288536000-7fd288537000 rw-p 00021000 08:05 2240278                    /usr/lib/x86_64-linux-gnu/libxcb.so.1.1.0
7fd288537000-7fd28853f000 r-xp 00000000 08:05 2240262                    /usr/lib/x86_64-linux-gnu/libxcb-render.so.0.0.0
7fd28853f000-7fd28873f000 ---p 00008000 08:05 2240262                    /usr/lib/x86_64-linux-gnu/libxcb-render.so.0.0.0
7fd28873f000-7fd288740000 r--p 00008000 08:05 2240262                    /usr/lib/x86_64-linux-gnu/libxcb-render.so.0.0.0
7fd288740000-7fd288741000 rw-p 00009000 08:05 2240262                    /usr/lib/x86_64-linux-gnu/libxcb-render.so.0.0.0
7fd288741000-7fd288743000 r-xp 00000000 08:05 2240266                    /usr/lib/x86_64-linux-gnu/libxcb-shm.so.0.0.0
7fd288743000-7fd288943000 ---p 00002000 08:05 2240266                    /usr/lib/x86_64-linux-gnu/libxcb-shm.so.0.0.0
7fd288943000-7fd288944000 r--p 00002000 08:05 2240266                    /usr/lib/x86_64-linux-gnu/libxcb-shm.so.0.0.0
7fd288944000-7fd288945000 rw-p 00003000 08:05 2240266                    /usr/lib/x86_64-linux-gnu/libxcb-shm.so.0.0.0
7fd288945000-7fd288976000 r-xp 00000000 08:05 2239791                    /usr/lib/x86_64-linux-gnu/libpng16.so.16.25.0
7fd288976000-7fd288b75000 ---p 00031000 08:05 2239791                    /usr/lib/x86_64-linux-gnu/libpng16.so.16.25.0
7fd288b75000-7fd288b76000 r--p 00030000 08:05 2239791                    /usr/lib/x86_64-linux-gnu/libpng16.so.16.25.0
7fd288b76000-7fd288b77000 rw-p 00031000 08:05 2239791                    /usr/lib/x86_64-linux-gnu/libpng16.so.16.25.0
7fd288b77000-7fd288c16000 r-xp 00000000 08:05 2239783                    /usr/lib/x86_64-linux-gnu/libpixman-1.so.0.33.6
7fd288c16000-7fd288e16000 ---p 0009f000 08:05 2239783                    /usr/lib/x86_64-linux-gnu/libpixman-1.so.0.33.6
7fd288e16000-7fd288e1e000 r--p 0009f000 08:05 2239783                    /usr/lib/x86_64-linux-gnu/libpixman-1.so.0.33.6
7fd288e1e000-7fd288e1f000 rw-p 000a7000 08:05 2239783                    /usr/lib/x86_64-linux-gnu/libpixman-1.so.0.33.6
7fd288e1f000-7fd288e9d000 r-xp 00000000 08:05 2239412                    /usr/lib/x86_64-linux-gnu/libharfbuzz.so.0.10200.7
7fd288e9d000-7fd28909d000 ---p 0007e000 08:05 2239412                    /usr/lib/x86_64-linux-gnu/libharfbuzz.so.0.10200.7
7fd28909d000-7fd28909e000 r--p 0007e000 08:05 2239412                    /usr/lib/x86_64-linux-gnu/libharfbuzz.so.0.10200.7
7fd28909e000-7fd28909f000 rw-p 0007f000 08:05 2239412                    /usr/lib/x86_64-linux-gnu/libharfbuzz.so.0.10200.7
7fd28909f000-7fd2890e5000 r-xp 00000000 08:05 398122                     /lib/x86_64-linux-gnu/libmount.so.1.1.0
7fd2890e5000-7fd2892e4000 ---p 00046000 08:05 398122                     /lib/x86_64-linux-gnu/libmount.so.1.1.0
7fd2892e4000-7fd2892e5000 r--p 00045000 08:05 398122                     /lib/x86_64-linux-gnu/libmount.so.1.1.0
7fd2892e5000-7fd2892e6000 rw-p 00046000 08:05 398122                     /lib/x86_64-linux-gnu/libmount.so.1.1.0
7fd2892e6000-7fd2892e7000 rw-p 00000000 00:00 0 
7fd2892e7000-7fd2892fe000 r-xp 00000000 08:05 409762                     /lib/x86_64-linux-gnu/libresolv-2.24.so
7fd2892fe000-7fd2894fe000 ---p 00017000 08:05 409762                     /lib/x86_64-linux-gnu/libresolv-2.24.so
7fd2894fe000-7fd2894ff000 r--p 00017000 08:05 409762                     /lib/x86_64-linux-gnu/libresolv-2.24.so
7fd2894ff000-7fd289500000 rw-p 00018000 08:05 409762                     /lib/x86_64-linux-gnu/libresolv-2.24.so
7fd289500000-7fd289502000 rw-p 00000000 00:00 0 
7fd289502000-7fd289525000 r-xp 00000000 08:05 398769                     /lib/x86_64-linux-gnu/libselinux.so.1
7fd289525000-7fd289724000 ---p 00023000 08:05 398769                     /lib/x86_64-linux-gnu/libselinux.so.1
7fd289724000-7fd289725000 r--p 00022000 08:05 398769                     /lib/x86_64-linux-gnu/libselinux.so.1
7fd289725000-7fd289726000 rw-p 00023000 08:05 398769                     /lib/x86_64-linux-gnu/libselinux.so.1
7fd289726000-7fd289728000 rw-p 00000000 00:00 0 
7fd289728000-7fd289741000 r-xp 00000000 08:05 398798                     /lib/x86_64-linux-gnu/libz.so.1.2.8
7fd289741000-7fd289940000 ---p 00019000 08:05 398798                     /lib/x86_64-linux-gnu/libz.so.1.2.8
7fd289940000-7fd289941000 r--p 00018000 08:05 398798                     /lib/x86_64-linux-gnu/libz.so.1.2.8
7fd289941000-7fd289942000 rw-p 00019000 08:05 398798                     /lib/x86_64-linux-gnu/libz.so.1.2.8
7fd289942000-7fd289953000 r-xp 00000000 08:05 2238757                    /usr/lib/x86_64-linux-gnu/libXext.so.6.4.0
7fd289953000-7fd289b52000 ---p 00011000 08:05 2238757                    /usr/lib/x86_64-linux-gnu/libXext.so.6.4.0
7fd289b52000-7fd289b53000 r--p 00010000 08:05 2238757                    /usr/lib/x86_64-linux-gnu/libXext.so.6.4.0
7fd289b53000-7fd289b54000 rw-p 00011000 08:05 2238757                    /usr/lib/x86_64-linux-gnu/libXext.so.6.4.0
7fd289b54000-7fd289b56000 r-xp 00000000 08:05 2238753                    /usr/lib/x86_64-linux-gnu/libXdamage.so.1.1.0
7fd289b56000-7fd289d55000 ---p 00002000 08:05 2238753                    /usr/lib/x86_64-linux-gnu/libXdamage.so.1.1.0
7fd289d55000-7fd289d56000 r--p 00001000 08:05 2238753                    /usr/lib/x86_64-linux-gnu/libXdamage.so.1.1.0
7fd289d56000-7fd289d57000 rw-p 00002000 08:05 2238753                    /usr/lib/x86_64-linux-gnu/libXdamage.so.1.1.0
7fd289d57000-7fd289d59000 r-xp 00000000 08:05 2238749                    /usr/lib/x86_64-linux-gnu/libXcomposite.so.1.0.0
7fd289d59000-7fd289f58000 ---p 00002000 08:05 2238749                    /usr/lib/x86_64-linux-gnu/libXcomposite.so.1.0.0
7fd289f58000-7fd289f59000 r--p 00001000 08:05 2238749                    /usr/lib/x86_64-linux-gnu/libXcomposite.so.1.0.0
7fd289f59000-7fd289f5a000 rw-p 00002000 08:05 2238749                    /usr/lib/x86_64-linux-gnu/libXcomposite.so.1.0.0
7fd289f5a000-7fd289f63000 r-xp 00000000 08:05 2238751                    /usr/lib/x86_64-linux-gnu/libXcursor.so.1.0.2
7fd289f63000-7fd28a162000 ---p 00009000 08:05 2238751                    /usr/lib/x86_64-linux-gnu/libXcursor.so.1.0.2
7fd28a162000-7fd28a163000 r--p 00008000 08:05 2238751                    /usr/lib/x86_64-linux-gnu/libXcursor.so.1.0.2
7fd28a163000-7fd28a164000 rw-p 00009000 08:05 2238751                    /usr/lib/x86_64-linux-gnu/libXcursor.so.1.0.2
7fd28a164000-7fd28a16e000 r-xp 00000000 08:05 2238775                    /usr/lib/x86_64-linux-gnu/libXrandr.so.2.2.0
7fd28a16e000-7fd28a36d000 ---p 0000a000 08:05 2238775                    /usr/lib/x86_64-linux-gnu/libXrandr.so.2.2.0
7fd28a36d000-7fd28a36e000 r--p 00009000 08:05 2238775                    /usr/lib/x86_64-linux-gnu/libXrandr.so.2.2.0
7fd28a36e000-7fd28a36f000 rw-p 0000a000 08:05 2238775                    /usr/lib/x86_64-linux-gnu/libXrandr.so.2.2.0
7fd28a36f000-7fd28a37e000 r-xp 00000000 08:05 2238765                    /usr/lib/x86_64-linux-gnu/libXi.so.6.1.0
7fd28a37e000-7fd28a57d000 ---p 0000f000 08:05 2238765                    /usr/lib/x86_64-linux-gnu/libXi.so.6.1.0
7fd28a57d000-7fd28a57e000 r--p 0000e000 08:05 2238765                    /usr/lib/x86_64-linux-gnu/libXi.so.6.1.0
7fd28a57e000-7fd28a57f000 rw-p 0000f000 08:05 2238765                    /usr/lib/x86_64-linux-gnu/libXi.so.6.1.0
7fd28a57f000-7fd28a581000 r-xp 00000000 08:05 2238767                    /usr/lib/x86_64-linux-gnu/libXinerama.so.1.0.0
7fd28a581000-7fd28a780000 ---p 00002000 08:05 2238767                    /usr/lib/x86_64-linux-gnu/libXinerama.so.1.0.0
7fd28a780000-7fd28a781000 r--p 00001000 08:05 2238767                    /usr/lib/x86_64-linux-gnu/libXinerama.so.1.0.0
7fd28a781000-7fd28a782000 rw-p 00002000 08:05 2238767                    /usr/lib/x86_64-linux-gnu/libXinerama.so.1.0.0
7fd28a782000-7fd28a78b000 r-xp 00000000 08:05 2238777                    /usr/lib/x86_64-linux-gnu/libXrender.so.1.3.0
7fd28a78b000-7fd28a98a000 ---p 00009000 08:05 2238777                    /usr/lib/x86_64-linux-gnu/libXrender.so.1.3.0
7fd28a98a000-7fd28a98b000 r--p 00008000 08:05 2238777                    /usr/lib/x86_64-linux-gnu/libXrender.so.1.3.0
7fd28a98b000-7fd28a98c000 rw-p 00009000 08:05 2238777                    /usr/lib/x86_64-linux-gnu/libXrender.so.1.3.0
7fd28a98c000-7fd28a991000 r-xp 00000000 08:05 2238759                    /usr/lib/x86_64-linux-gnu/libXfixes.so.3.1.0
7fd28a991000-7fd28ab90000 ---p 00005000 08:05 2238759                    /usr/lib/x86_64-linux-gnu/libXfixes.so.3.1.0
7fd28ab90000-7fd28ab91000 r--p 00004000 08:05 2238759                    /usr/lib/x86_64-linux-gnu/libXfixes.so.3.1.0
7fd28ab91000-7fd28ab92000 rw-p 00005000 08:05 2238759                    /usr/lib/x86_64-linux-gnu/libXfixes.so.3.1.0
7fd28ab92000-7fd28aba8000 r-xp 00000000 08:05 398654                     /lib/x86_64-linux-gnu/libgcc_s.so.1
7fd28aba8000-7fd28ada7000 ---p 00016000 08:05 398654                     /lib/x86_64-linux-gnu/libgcc_s.so.1
7fd28ada7000-7fd28ada8000 r--p 00015000 08:05 398654                     /lib/x86_64-linux-gnu/libgcc_s.so.1
7fd28ada8000-7fd28ada9000 rw-p 00016000 08:05 398654                     /lib/x86_64-linux-gnu/libgcc_s.so.1
7fd28ada9000-7fd28af21000 r-xp 00000000 08:05 2239972                    /usr/lib/x86_64-linux-gnu/libstdc++.so.6.0.22
7fd28af21000-7fd28b121000 ---p 00178000 08:05 2239972                    /usr/lib/x86_64-linux-gnu/libstdc++.so.6.0.22
7fd28b121000-7fd28b12b000 r--p 00178000 08:05 2239972                    /usr/lib/x86_64-linux-gnu/libstdc++.so.6.0.22
7fd28b12b000-7fd28b12d000 rw-p 00182000 08:05 2239972                    /usr/lib/x86_64-linux-gnu/libstdc++.so.6.0.22
7fd28b12d000-7fd28b131000 rw-p 00000000 00:00 0 
7fd28b131000-7fd28b1a1000 r-xp 00000000 08:05 133030                     /usr/lib/x86_64-linux-gnu/mesa/libGL.so.1.2.0
7fd28b1a1000-7fd28b3a0000 ---p 00070000 08:05 133030                     /usr/lib/x86_64-linux-gnu/mesa/libGL.so.1.2.0
7fd28b3a0000-7fd28b3a3000 r--p 0006f000 08:05 133030                     /usr/lib/x86_64-linux-gnu/mesa/libGL.so.1.2.0
7fd28b3a3000-7fd28b3a4000 rw-p 00072000 08:05 133030                     /usr/lib/x86_64-linux-gnu/mesa/libGL.so.1.2.0
7fd28b3a4000-7fd28b3a5000 rw-p 00000000 00:00 0 
7fd28b3a5000-7fd28b3aa000 r-xp 00000000 08:05 2238793                    /usr/lib/x86_64-linux-gnu/libXxf86vm.so.1.0.0
7fd28b3aa000-7fd28b5a9000 ---p 00005000 08:05 2238793                    /usr/lib/x86_64-linux-gnu/libXxf86vm.so.1.0.0
7fd28b5a9000-7fd28b5aa000 r--p 00004000 08:05 2238793                    /usr/lib/x86_64-linux-gnu/libXxf86vm.so.1.0.0
7fd28b5aa000-7fd28b5ab000 rw-p 00005000 08:05 2238793                    /usr/lib/x86_64-linux-gnu/libXxf86vm.so.1.0.0
7fd28b5ab000-7fd28b6e0000 r-xp 00000000 08:05 2238740                    /usr/lib/x86_64-linux-gnu/libX11.so.6.3.0
7fd28b6e0000-7fd28b8df000 ---p 00135000 08:05 2238740                    /usr/lib/x86_64-linux-gnu/libX11.so.6.3.0
7fd28b8df000-7fd28b8e0000 r--p 00134000 08:05 2238740                    /usr/lib/x86_64-linux-gnu/libX11.so.6.3.0
7fd28b8e0000-7fd28b8e4000 rw-p 00135000 08:05 2238740                    /usr/lib/x86_64-linux-gnu/libX11.so.6.3.0
7fd28b8e4000-7fd28b8e9000 r-xp 00000000 08:05 2238783                    /usr/lib/x86_64-linux-gnu/libXtst.so.6.1.0
7fd28b8e9000-7fd28bae8000 ---p 00005000 08:05 2238783                    /usr/lib/x86_64-linux-gnu/libXtst.so.6.1.0
7fd28bae8000-7fd28bae9000 r--p 00004000 08:05 2238783                    /usr/lib/x86_64-linux-gnu/libXtst.so.6.1.0
7fd28bae9000-7fd28baea000 rw-p 00005000 08:05 2238783                    /usr/lib/x86_64-linux-gnu/libXtst.so.6.1.0
7fd28baea000-7fd28bbfc000 r-xp 00000000 08:05 399763                     /lib/x86_64-linux-gnu/libglib-2.0.so.0.5000.2
7fd28bbfc000-7fd28bdfb000 ---p 00112000 08:05 399763                     /lib/x86_64-linux-gnu/libglib-2.0.so.0.5000.2
7fd28bdfb000-7fd28bdfc000 r--p 00111000 08:05 399763                     /lib/x86_64-linux-gnu/libglib-2.0.so.0.5000.2
7fd28bdfc000-7fd28bdfd000 rw-p 00112000 08:05 399763                     /lib/x86_64-linux-gnu/libglib-2.0.so.0.5000.2
7fd28bdfd000-7fd28bdfe000 rw-p 00000000 00:00 0 
7fd28bdfe000-7fd28bdff000 r-xp 00000000 08:05 2228686                    /usr/lib/x86_64-linux-gnu/libgthread-2.0.so.0.5000.2
7fd28bdff000-7fd28bffe000 ---p 00001000 08:05 2228686                    /usr/lib/x86_64-linux-gnu/libgthread-2.0.so.0.5000.2
7fd28bffe000-7fd28bfff000 r--p 00000000 08:05 2228686                    /usr/lib/x86_64-linux-gnu/libgthread-2.0.so.0.5000.2
7fd28bfff000-7fd28c000000 rw-p 00001000 08:05 2228686                    /usr/lib/x86_64-linux-gnu/libgthread-2.0.so.0.5000.2
7fd28c000000-7fd28c0f7000 rw-p 00000000 00:00 0 
7fd28c0f7000-7fd290000000 ---p 00000000 00:00 0 
7fd290000000-7fd290297000 rw-p 00000000 00:00 0 
7fd290297000-7fd294000000 ---p 00000000 00:00 0 
7fd294000000-7fd294021000 rw-p 00000000 00:00 0 
7fd294021000-7fd298000000 ---p 00000000 00:00 0 
7fd298000000-7fd298021000 rw-p 00000000 00:00 0 
7fd298021000-7fd29c000000 ---p 00000000 00:00 0 
7fd29c000000-7fd29c087000 rw-p 00000000 00:00 0 
7fd29c087000-7fd2a0000000 ---p 00000000 00:00 0 
7fd2a0000000-7fd2a01da000 rw-p 00000000 00:00 0 
7fd2a01da000-7fd2a4000000 ---p 00000000 00:00 0 
7fd2a4000000-7fd2a4021000 rw-p 00000000 00:00 0 
7fd2a4021000-7fd2a8000000 ---p 00000000 00:00 0 
7fd2a8000000-7fd2a81d1000 rw-p 00000000 00:00 0 
7fd2a81d1000-7fd2ac000000 ---p 00000000 00:00 0 
7fd2ac000000-7fd2ac021000 rw-p 00000000 00:00 0 
7fd2ac021000-7fd2b0000000 ---p 00000000 00:00 0 
7fd2b0000000-7fd2b0021000 rw-p 00000000 00:00 0 
7fd2b0021000-7fd2b4000000 ---p 00000000 00:00 0 
7fd2b4000000-7fd2b4021000 rw-p 00000000 00:00 0 
7fd2b4021000-7fd2b8000000 ---p 00000000 00:00 0 
7fd2b8000000-7fd2b8021000 rw-p 00000000 00:00 0 
7fd2b8021000-7fd2bc000000 ---p 00000000 00:00 0 
7fd2bc001000-7fd2bc003000 rw-s 10278d000 00:06 391                       /dev/dri/card0
7fd2bc003000-7fd2bc017000 r--p 00000000 08:05 2243417                    /usr/lib/jvm/java-8-oracle/jre/lib/fonts/LucidaBrightItalic.ttf
7fd2bc017000-7fd2bc02a000 r--p 00000000 08:05 2243421                    /usr/lib/jvm/java-8-oracle/jre/lib/fonts/LucidaBrightDemiItalic.ttf
7fd2bc02a000-7fd2bc035000 r--s 00000000 08:05 279298                     /var/cache/fontconfig/945677eb7aeaf62f1d50efc3fb3ec7d8-le64.cache-6
7fd2bc035000-7fd2bc04a000 r--s 00000000 08:05 279272                     /var/cache/fontconfig/04aabc0a78ac019cf9454389977116d2-le64.cache-6
7fd2bc04a000-7fd2bc04d000 r-xp 00000000 08:05 2228661                    /usr/lib/x86_64-linux-gnu/libgmodule-2.0.so.0.5000.2
7fd2bc04d000-7fd2bc24c000 ---p 00003000 08:05 2228661                    /usr/lib/x86_64-linux-gnu/libgmodule-2.0.so.0.5000.2
7fd2bc24c000-7fd2bc24d000 r--p 00002000 08:05 2228661                    /usr/lib/x86_64-linux-gnu/libgmodule-2.0.so.0.5000.2
7fd2bc24d000-7fd2bc24e000 rw-p 00003000 08:05 2228661                    /usr/lib/x86_64-linux-gnu/libgmodule-2.0.so.0.5000.2
7fd2bc24e000-7fd2bc2a0000 r-xp 00000000 08:05 2228683                    /usr/lib/x86_64-linux-gnu/libgobject-2.0.so.0.5000.2
7fd2bc2a0000-7fd2bc49f000 ---p 00052000 08:05 2228683                    /usr/lib/x86_64-linux-gnu/libgobject-2.0.so.0.5000.2
7fd2bc49f000-7fd2bc4a0000 r--p 00051000 08:05 2228683                    /usr/lib/x86_64-linux-gnu/libgobject-2.0.so.0.5000.2
7fd2bc4a0000-7fd2bc4a1000 rw-p 00052000 08:05 2228683                    /usr/lib/x86_64-linux-gnu/libgobject-2.0.so.0.5000.2
7fd2bc4a1000-7fd2bc4de000 r-xp 00000000 08:05 2239159                    /usr/lib/x86_64-linux-gnu/libfontconfig.so.1.9.0
7fd2bc4de000-7fd2bc6dd000 ---p 0003d000 08:05 2239159                    /usr/lib/x86_64-linux-gnu/libfontconfig.so.1.9.0
7fd2bc6dd000-7fd2bc6df000 r--p 0003c000 08:05 2239159                    /usr/lib/x86_64-linux-gnu/libfontconfig.so.1.9.0
7fd2bc6df000-7fd2bc6e4000 rw-p 0003e000 08:05 2239159                    /usr/lib/x86_64-linux-gnu/libfontconfig.so.1.9.0
7fd2bc6e4000-7fd2bc78b000 r-xp 00000000 08:05 2229706                    /usr/lib/x86_64-linux-gnu/libfreetype.so.6.12.3
7fd2bc78b000-7fd2bc98a000 ---p 000a7000 08:05 2229706                    /usr/lib/x86_64-linux-gnu/libfreetype.so.6.12.3
7fd2bc98a000-7fd2bc990000 r--p 000a6000 08:05 2229706                    /usr/lib/x86_64-linux-gnu/libfreetype.so.6.12.3
7fd2bc990000-7fd2bc991000 rw-p 000ac000 08:05 2229706                    /usr/lib/x86_64-linux-gnu/libfreetype.so.6.12.3
7fd2bc991000-7fd2bc9da000 r-xp 00000000 08:05 2239751                    /usr/lib/x86_64-linux-gnu/libpango-1.0.so.0.4000.1
7fd2bc9da000-7fd2bcbda000 ---p 00049000 08:05 2239751                    /usr/lib/x86_64-linux-gnu/libpango-1.0.so.0.4000.1
7fd2bcbda000-7fd2bcbdc000 r--p 00049000 08:05 2239751                    /usr/lib/x86_64-linux-gnu/libpango-1.0.so.0.4000.1
7fd2bcbdc000-7fd2bcbdd000 rw-p 0004b000 08:05 2239751                    /usr/lib/x86_64-linux-gnu/libpango-1.0.so.0.4000.1
7fd2bcbdd000-7fd2bcceb000 r-xp 00000000 08:05 2238910                    /usr/lib/x86_64-linux-gnu/libcairo.so.2.11400.6
7fd2bcceb000-7fd2bceea000 ---p 0010e000 08:05 2238910                    /usr/lib/x86_64-linux-gnu/libcairo.so.2.11400.6
7fd2bceea000-7fd2bceed000 r--p 0010d000 08:05 2238910                    /usr/lib/x86_64-linux-gnu/libcairo.so.2.11400.6
7fd2bceed000-7fd2bceee000 rw-p 00110000 08:05 2238910                    /usr/lib/x86_64-linux-gnu/libcairo.so.2.11400.6
7fd2bceee000-7fd2bcef0000 rw-p 00000000 00:00 0 
7fd2bcef0000-7fd2bcefc000 r-xp 00000000 08:05 2239753                    /usr/lib/x86_64-linux-gnu/libpangocairo-1.0.so.0.4000.1
7fd2bcefc000-7fd2bd0fb000 ---p 0000c000 08:05 2239753                    /usr/lib/x86_64-linux-gnu/libpangocairo-1.0.so.0.4000.1
7fd2bd0fb000-7fd2bd0fc000 r--p 0000b000 08:05 2239753                    /usr/lib/x86_64-linux-gnu/libpangocairo-1.0.so.0.4000.1
7fd2bd0fc000-7fd2bd0fd000 rw-p 0000c000 08:05 2239753                    /usr/lib/x86_64-linux-gnu/libpangocairo-1.0.so.0.4000.1
7fd2bd0fd000-7fd2bd11e000 r-xp 00000000 08:05 2239234                    /usr/lib/x86_64-linux-gnu/libgdk_pixbuf-2.0.so.0.3400.0
7fd2bd11e000-7fd2bd31d000 ---p 00021000 08:05 2239234                    /usr/lib/x86_64-linux-gnu/libgdk_pixbuf-2.0.so.0.3400.0
7fd2bd31d000-7fd2bd31e000 r--p 00020000 08:05 2239234                    /usr/lib/x86_64-linux-gnu/libgdk_pixbuf-2.0.so.0.3400.0
7fd2bd31e000-7fd2bd31f000 rw-p 00021000 08:05 2239234                    /usr/lib/x86_64-linux-gnu/libgdk_pixbuf-2.0.so.0.3400.0
7fd2bd31f000-7fd2bd333000 r-xp 00000000 08:05 2239755                    /usr/lib/x86_64-linux-gnu/libpangoft2-1.0.so.0.4000.1
7fd2bd333000-7fd2bd533000 ---p 00014000 08:05 2239755                    /usr/lib/x86_64-linux-gnu/libpangoft2-1.0.so.0.4000.1
7fd2bd533000-7fd2bd534000 r--p 00014000 08:05 2239755                    /usr/lib/x86_64-linux-gnu/libpangoft2-1.0.so.0.4000.1
7fd2bd534000-7fd2bd535000 rw-p 00015000 08:05 2239755                    /usr/lib/x86_64-linux-gnu/libpangoft2-1.0.so.0.4000.1
7fd2bd535000-7fd2bd6c2000 r-xp 00000000 08:05 2228637                    /usr/lib/x86_64-linux-gnu/libgio-2.0.so.0.5000.2
7fd2bd6c2000-7fd2bd8c1000 ---p 0018d000 08:05 2228637                    /usr/lib/x86_64-linux-gnu/libgio-2.0.so.0.5000.2
7fd2bd8c1000-7fd2bd8c6000 r--p 0018c000 08:05 2228637                    /usr/lib/x86_64-linux-gnu/libgio-2.0.so.0.5000.2
7fd2bd8c6000-7fd2bd8c9000 rw-p 00191000 08:05 2228637                    /usr/lib/x86_64-linux-gnu/libgio-2.0.so.0.5000.2
7fd2bd8c9000-7fd2bd8ca000 rw-p 00000000 00:00 0 
7fd2bd8ca000-7fd2bd8ec000 r-xp 00000000 08:05 2238844                    /usr/lib/x86_64-linux-gnu/libatk-1.0.so.0.22009.1
7fd2bd8ec000-7fd2bdaeb000 ---p 00022000 08:05 2238844                    /usr/lib/x86_64-linux-gnu/libatk-1.0.so.0.22009.1
7fd2bdaeb000-7fd2bdaee000 r--p 00021000 08:05 2238844                    /usr/lib/x86_64-linux-gnu/libatk-1.0.so.0.22009.1
7fd2bdaee000-7fd2bdaef000 rw-p 00024000 08:05 2238844                    /usr/lib/x86_64-linux-gnu/libatk-1.0.so.0.22009.1
7fd2bdaef000-7fd2bdb9f000 r-xp 00000000 08:05 2234326                    /usr/lib/x86_64-linux-gnu/libgdk-x11-2.0.so.0.2400.30
7fd2bdb9f000-7fd2bdd9e000 ---p 000b0000 08:05 2234326                    /usr/lib/x86_64-linux-gnu/libgdk-x11-2.0.so.0.2400.30
7fd2bdd9e000-7fd2bdda2000 r--p 000af000 08:05 2234326                    /usr/lib/x86_64-linux-gnu/libgdk-x11-2.0.so.0.2400.30
7fd2bdda2000-7fd2bdda4000 rw-p 000b3000 08:05 2234326                    /usr/lib/x86_64-linux-gnu/libgdk-x11-2.0.so.0.2400.30
7fd2bdda4000-7fd2be1e2000 r-xp 00000000 08:05 2234327                    /usr/lib/x86_64-linux-gnu/libgtk-x11-2.0.so.0.2400.30
7fd2be1e2000-7fd2be3e2000 ---p 0043e000 08:05 2234327                    /usr/lib/x86_64-linux-gnu/libgtk-x11-2.0.so.0.2400.30
7fd2be3e2000-7fd2be3e9000 r--p 0043e000 08:05 2234327                    /usr/lib/x86_64-linux-gnu/libgtk-x11-2.0.so.0.2400.30
7fd2be3e9000-7fd2be3ed000 rw-p 00445000 08:05 2234327                    /usr/lib/x86_64-linux-gnu/libgtk-x11-2.0.so.0.2400.30
7fd2be3ed000-7fd2be3f0000 rw-p 00000000 00:00 0 
7fd2be3f0000-7fd2be3fc000 r-xp 00000000 08:05 2243337                    /usr/lib/jvm/java-8-oracle/jre/lib/amd64/libprism_es2.so
7fd2be3fc000-7fd2be5fb000 ---p 0000c000 08:05 2243337                    /usr/lib/jvm/java-8-oracle/jre/lib/amd64/libprism_es2.so
7fd2be5fb000-7fd2be5fc000 rw-p 0000b000 08:05 2243337                    /usr/lib/jvm/java-8-oracle/jre/lib/amd64/libprism_es2.so
7fd2be5fc000-7fd2be5ff000 ---p 00000000 00:00 0 
7fd2be5ff000-7fd2be6fd000 rw-p 00000000 00:00 0 
7fd2be6fd000-7fd2be700000 ---p 00000000 00:00 0 
7fd2be700000-7fd2be7fe000 rw-p 00000000 00:00 0 
7fd2be7fe000-7fd2be893000 r--s 01109000 08:05 2243401                    /usr/lib/jvm/java-8-oracle/jre/lib/ext/jfxrt.jar
7fd2be893000-7fd2be896000 ---p 00000000 00:00 0 
7fd2be896000-7fd2be994000 rw-p 00000000 00:00 0 
7fd2be994000-7fd2be995000 ---p 00000000 00:00 0 
7fd2be995000-7fd2bea95000 rw-p 00000000 00:00 0 
7fd2bea95000-7fd2bea98000 ---p 00000000 00:00 0 
7fd2bea98000-7fd2beb96000 rw-p 00000000 00:00 0 
7fd2beb96000-7fd2beb99000 ---p 00000000 00:00 0 
7fd2beb99000-7fd2bec97000 rw-p 00000000 00:00 0 
7fd2bec97000-7fd2bec9a000 ---p 00000000 00:00 0 
7fd2bec9a000-7fd2bed98000 rw-p 00000000 00:00 0 
7fd2bed98000-7fd2bed9b000 ---p 00000000 00:00 0 
7fd2bed9b000-7fd2bee99000 rw-p 00000000 00:00 0 
7fd2bee99000-7fd2bee9c000 ---p 00000000 00:00 0 
7fd2bee9c000-7fd2bef9a000 rw-p 00000000 00:00 0 
7fd2bef9a000-7fd2bf3f4000 r--p 00000000 08:05 2229872                    /usr/lib/locale/locale-archive
7fd2bf3f4000-7fd2bf3f7000 ---p 00000000 00:00 0 
7fd2bf3f7000-7fd2bf4f5000 rw-p 00000000 00:00 0 
7fd2bf4f5000-7fd2bf4f8000 ---p 00000000 00:00 0 
7fd2bf4f8000-7fd2bf5f6000 rw-p 00000000 00:00 0 
7fd2bf5f6000-7fd2bf5f7000 ---p 00000000 00:00 0 
7fd2bf5f7000-7fd2c0000000 rw-p 00000000 00:00 0 
7fd2c0000000-7fd2c0021000 rw-p 00000000 00:00 0 
7fd2c0021000-7fd2c4000000 ---p 00000000 00:00 0 
7fd2c4000000-7fd2c4021000 rw-p 00000000 00:00 0 
7fd2c4021000-7fd2c8000000 ---p 00000000 00:00 0 
7fd2c8000000-7fd2c8021000 rw-p 00000000 00:00 0 
7fd2c8021000-7fd2cc000000 ---p 00000000 00:00 0 
7fd2cc001000-7fd2cc006000 r--s 00084000 08:05 2243424                    /usr/lib/jvm/java-8-oracle/jre/lib/jfr.jar
7fd2cc006000-7fd2cc00c000 r--s 00000000 08:05 279279                     /var/cache/fontconfig/2cd17615ca594fa2959ae173292e504c-le64.cache-6
7fd2cc00c000-7fd2cc00d000 r--s 00000000 08:05 279276                     /var/cache/fontconfig/0d8c3b2ac0904cb8a57a757ad11a4a08-le64.cache-6
7fd2cc00d000-7fd2cc00e000 r--s 00000000 08:05 279278                     /var/cache/fontconfig/1ac9eb803944fde146138c791f5cc56a-le64.cache-6
7fd2cc00e000-7fd2cc012000 r--s 00000000 08:05 279283                     /var/cache/fontconfig/385c0604a188198f04d133e54aba7fe7-le64.cache-6
7fd2cc012000-7fd2cc013000 r--s 00000000 08:05 279311                     /var/cache/fontconfig/dc05db6664285cc2f12bf69c139ae4c3-le64.cache-6
7fd2cc013000-7fd2cc016000 r--s 00000000 08:05 279294                     /var/cache/fontconfig/767a8244fc0220cfb567a839d0392e0b-le64.cache-6
7fd2cc016000-7fd2cc017000 r--s 00000000 08:05 276021                     /var/cache/fontconfig/4794a0821666d79190d59a36cb4f44b5-le64.cache-6
7fd2cc017000-7fd2cc018000 r--s 00000000 08:05 279274                     /var/cache/fontconfig/0bd3dc0958fa2205aaaa8ebb13e2872b-le64.cache-6
7fd2cc018000-7fd2cc01d000 r--s 00000000 08:05 279297                     /var/cache/fontconfig/8801497958630a81b71ace7c5f9b32a8-le64.cache-6
7fd2cc01d000-7fd2cc01e000 r--s 00000000 08:05 279304                     /var/cache/fontconfig/bab58bb527bb656aaa9f116d68a48d89-le64.cache-6
7fd2cc01e000-7fd2cc024000 r--s 00000000 08:05 279280                     /var/cache/fontconfig/3047814df9a2f067bd2d96a2b9c36e5a-le64.cache-6
7fd2cc024000-7fd2cc025000 r--s 00000000 08:05 279288                     /var/cache/fontconfig/56cf4f4769d0f4abc89a4895d7bd3ae1-le64.cache-6
7fd2cc025000-7fd2cc026000 r--s 00000000 08:05 279303                     /var/cache/fontconfig/b9d506c9ac06c20b433354fa67a72993-le64.cache-6
7fd2cc026000-7fd2cc039000 r--s 00000000 08:05 279308                     /var/cache/fontconfig/d52a8644073d54c13679302ca1180695-le64.cache-6
7fd2cc039000-7fd2cc044000 r--s 00000000 08:05 279296                     /var/cache/fontconfig/83bf95040141907cd45bb53cf7c1c148-le64.cache-6
7fd2cc044000-7fd2cc062000 r-xp 00000000 08:05 398393                     /lib/x86_64-linux-gnu/libudev.so.1.6.5
7fd2cc062000-7fd2cc063000 ---p 0001e000 08:05 398393                     /lib/x86_64-linux-gnu/libudev.so.1.6.5
7fd2cc063000-7fd2cc064000 r--p 0001e000 08:05 398393                     /lib/x86_64-linux-gnu/libudev.so.1.6.5
7fd2cc064000-7fd2cc065000 rw-p 0001f000 08:05 398393                     /lib/x86_64-linux-gnu/libudev.so.1.6.5
7fd2cc065000-7fd2cc06b000 r--s 00000000 08:05 279302                     /var/cache/fontconfig/b47c4e1ecd0709278f4910c18777a504-le64.cache-6
7fd2cc06b000-7fd2cc06f000 r--s 00000000 08:05 279309                     /var/cache/fontconfig/d589a48862398ed80a3d6066f4f56f4c-le64.cache-6
7fd2cc06f000-7fd2cc081000 r--s 00000000 08:05 279300                     /var/cache/fontconfig/9b89f8e3dae116d678bbf48e5f21f69b-le64.cache-6
7fd2cc081000-7fd2d1000000 rw-p 00000000 00:00 0 
7fd2d1000000-7fd2d13b0000 rwxp 00000000 00:00 0 
7fd2d13b0000-7fd2e0000000 ---p 00000000 00:00 0 
7fd2e0000000-7fd2e00da000 rw-p 00000000 00:00 0 
7fd2e00da000-7fd2e4000000 ---p 00000000 00:00 0 
7fd2e4000000-7fd2e4001000 r--s 00000000 08:05 279287                     /var/cache/fontconfig/551ecf3b0e8b0bca0f25c0944f561853-le64.cache-6
7fd2e4001000-7fd2e4002000 r--s 00000000 08:05 279284                     /var/cache/fontconfig/3f7329c5293ffd510edef78f73874cfd-le64.cache-6
7fd2e4002000-7fd2e4003000 r--s 00000000 08:05 279281                     /var/cache/fontconfig/30829fa25452a46451e813d634d7f916-le64.cache-6
7fd2e4003000-7fd2e4006000 r--s 00000000 08:05 279293                     /var/cache/fontconfig/75114ca45c98e8a441da0ff356701271-le64.cache-6
7fd2e4006000-7fd2e4013000 r--s 00000000 08:05 282756                     /var/cache/fontconfig/e13b20fdb08344e0e664864cc2ede53d-le64.cache-6
7fd2e4013000-7fd2e401b000 rw-s 00000000 00:05 109169                     /drm mm object (deleted)
7fd2e401b000-7fd2e40cd000 rw-p 00000000 00:00 0 
7fd2e40cd000-7fd2e42a6000 r--s 03d3e000 08:05 2243317                    /usr/lib/jvm/java-8-oracle/jre/lib/rt.jar
7fd2e42a6000-7fd2e431c000 rw-p 00000000 00:00 0 
7fd2e431c000-7fd2e431d000 ---p 00000000 00:00 0 
7fd2e431d000-7fd2e441d000 rw-p 00000000 00:00 0 
7fd2e441d000-7fd2e441e000 ---p 00000000 00:00 0 
7fd2e441e000-7fd2e451e000 rw-p 00000000 00:00 0 
7fd2e451e000-7fd2e451f000 ---p 00000000 00:00 0 
7fd2e451f000-7fd2e461f000 rw-p 00000000 00:00 0 
7fd2e461f000-7fd2e4620000 ---p 00000000 00:00 0 
7fd2e4620000-7fd2e474a000 rw-p 00000000 00:00 0 
7fd2e474a000-7fd2e49b0000 ---p 00000000 00:00 0 
7fd2e49b0000-7fd2e49da000 rw-p 00000000 00:00 0 
7fd2e49da000-7fd2e4c40000 ---p 00000000 00:00 0 
7fd2e4c40000-7fd2e4c55000 rw-p 00000000 00:00 0 
7fd2e4c55000-7fd2e4d88000 ---p 00000000 00:00 0 
7fd2e4d88000-7fd2e4d98000 rw-p 00000000 00:00 0 
7fd2e4d98000-7fd2e5149000 ---p 00000000 00:00 0 
7fd2e5149000-7fd2e5163000 r-xp 00000000 08:05 2243348                    /usr/lib/jvm/java-8-oracle/jre/lib/amd64/libzip.so
7fd2e5163000-7fd2e5363000 ---p 0001a000 08:05 2243348                    /usr/lib/jvm/java-8-oracle/jre/lib/amd64/libzip.so
7fd2e5363000-7fd2e5364000 rw-p 0001a000 08:05 2243348                    /usr/lib/jvm/java-8-oracle/jre/lib/amd64/libzip.so
7fd2e5364000-7fd2e536f000 r-xp 00000000 08:05 409756                     /lib/x86_64-linux-gnu/libnss_files-2.24.so
7fd2e536f000-7fd2e556e000 ---p 0000b000 08:05 409756                     /lib/x86_64-linux-gnu/libnss_files-2.24.so
7fd2e556e000-7fd2e556f000 r--p 0000a000 08:05 409756                     /lib/x86_64-linux-gnu/libnss_files-2.24.so
7fd2e556f000-7fd2e5570000 rw-p 0000b000 08:05 409756                     /lib/x86_64-linux-gnu/libnss_files-2.24.so
7fd2e5570000-7fd2e5576000 rw-p 00000000 00:00 0 
7fd2e5576000-7fd2e5581000 r-xp 00000000 08:05 409758                     /lib/x86_64-linux-gnu/libnss_nis-2.24.so
7fd2e5581000-7fd2e5780000 ---p 0000b000 08:05 409758                     /lib/x86_64-linux-gnu/libnss_nis-2.24.so
7fd2e5780000-7fd2e5781000 r--p 0000a000 08:05 409758                     /lib/x86_64-linux-gnu/libnss_nis-2.24.so
7fd2e5781000-7fd2e5782000 rw-p 0000b000 08:05 409758                     /lib/x86_64-linux-gnu/libnss_nis-2.24.so
7fd2e5782000-7fd2e5798000 r-xp 00000000 08:05 409753                     /lib/x86_64-linux-gnu/libnsl-2.24.so
7fd2e5798000-7fd2e5997000 ---p 00016000 08:05 409753                     /lib/x86_64-linux-gnu/libnsl-2.24.so
7fd2e5997000-7fd2e5998000 r--p 00015000 08:05 409753                     /lib/x86_64-linux-gnu/libnsl-2.24.so
7fd2e5998000-7fd2e5999000 rw-p 00016000 08:05 409753                     /lib/x86_64-linux-gnu/libnsl-2.24.so
7fd2e5999000-7fd2e599b000 rw-p 00000000 00:00 0 
7fd2e599b000-7fd2e59a3000 r-xp 00000000 08:05 409754                     /lib/x86_64-linux-gnu/libnss_compat-2.24.so
7fd2e59a3000-7fd2e5ba2000 ---p 00008000 08:05 409754                     /lib/x86_64-linux-gnu/libnss_compat-2.24.so
7fd2e5ba2000-7fd2e5ba3000 r--p 00007000 08:05 409754                     /lib/x86_64-linux-gnu/libnss_compat-2.24.so
7fd2e5ba3000-7fd2e5ba4000 rw-p 00008000 08:05 409754                     /lib/x86_64-linux-gnu/libnss_compat-2.24.so
7fd2e5ba4000-7fd2e5bcf000 r-xp 00000000 08:05 2243375                    /usr/lib/jvm/java-8-oracle/jre/lib/amd64/libjava.so
7fd2e5bcf000-7fd2e5dce000 ---p 0002b000 08:05 2243375                    /usr/lib/jvm/java-8-oracle/jre/lib/amd64/libjava.so
7fd2e5dce000-7fd2e5dd0000 rw-p 0002a000 08:05 2243375                    /usr/lib/jvm/java-8-oracle/jre/lib/amd64/libjava.so
7fd2e5dd0000-7fd2e5ddd000 r-xp 00000000 08:05 2243326                    /usr/lib/jvm/java-8-oracle/jre/lib/amd64/libverify.so
7fd2e5ddd000-7fd2e5fdc000 ---p 0000d000 08:05 2243326                    /usr/lib/jvm/java-8-oracle/jre/lib/amd64/libverify.so
7fd2e5fdc000-7fd2e5fde000 rw-p 0000c000 08:05 2243326                    /usr/lib/jvm/java-8-oracle/jre/lib/amd64/libverify.so
7fd2e5fde000-7fd2e5fe5000 r-xp 00000000 08:05 409763                     /lib/x86_64-linux-gnu/librt-2.24.so
7fd2e5fe5000-7fd2e61e4000 ---p 00007000 08:05 409763                     /lib/x86_64-linux-gnu/librt-2.24.so
7fd2e61e4000-7fd2e61e5000 r--p 00006000 08:05 409763                     /lib/x86_64-linux-gnu/librt-2.24.so
7fd2e61e5000-7fd2e61e6000 rw-p 00007000 08:05 409763                     /lib/x86_64-linux-gnu/librt-2.24.so
7fd2e61e6000-7fd2e62ee000 r-xp 00000000 08:05 409750                     /lib/x86_64-linux-gnu/libm-2.24.so
7fd2e62ee000-7fd2e64ed000 ---p 00108000 08:05 409750                     /lib/x86_64-linux-gnu/libm-2.24.so
7fd2e64ed000-7fd2e64ee000 r--p 00107000 08:05 409750                     /lib/x86_64-linux-gnu/libm-2.24.so
7fd2e64ee000-7fd2e64ef000 rw-p 00108000 08:05 409750                     /lib/x86_64-linux-gnu/libm-2.24.so
7fd2e64ef000-7fd2e71bd000 r-xp 00000000 08:05 2243379                    /usr/lib/jvm/java-8-oracle/jre/lib/amd64/server/libjvm.so
7fd2e71bd000-7fd2e73bd000 ---p 00cce000 08:05 2243379                    /usr/lib/jvm/java-8-oracle/jre/lib/amd64/server/libjvm.so
7fd2e73bd000-7fd2e7496000 rw-p 00cce000 08:05 2243379                    /usr/lib/jvm/java-8-oracle/jre/lib/amd64/server/libjvm.so
7fd2e7496000-7fd2e74e1000 rw-p 00000000 00:00 0 
7fd2e74e1000-7fd2e769e000 r-xp 00000000 08:05 409746                     /lib/x86_64-linux-gnu/libc-2.24.so
7fd2e769e000-7fd2e789e000 ---p 001bd000 08:05 409746                     /lib/x86_64-linux-gnu/libc-2.24.so
7fd2e789e000-7fd2e78a2000 r--p 001bd000 08:05 409746                     /lib/x86_64-linux-gnu/libc-2.24.so
7fd2e78a2000-7fd2e78a4000 rw-p 001c1000 08:05 409746                     /lib/x86_64-linux-gnu/libc-2.24.so
7fd2e78a4000-7fd2e78a8000 rw-p 00000000 00:00 0 
7fd2e78a8000-7fd2e78ab000 r-xp 00000000 08:05 409749                     /lib/x86_64-linux-gnu/libdl-2.24.so
7fd2e78ab000-7fd2e7aaa000 ---p 00003000 08:05 409749                     /lib/x86_64-linux-gnu/libdl-2.24.so
7fd2e7aaa000-7fd2e7aab000 r--p 00002000 08:05 409749                     /lib/x86_64-linux-gnu/libdl-2.24.so
7fd2e7aab000-7fd2e7aac000 rw-p 00003000 08:05 409749                     /lib/x86_64-linux-gnu/libdl-2.24.so
7fd2e7aac000-7fd2e7ac1000 r-xp 00000000 08:05 2242460                    /usr/lib/jvm/java-8-oracle/lib/amd64/jli/libjli.so
7fd2e7ac1000-7fd2e7cc1000 ---p 00015000 08:05 2242460                    /usr/lib/jvm/java-8-oracle/lib/amd64/jli/libjli.so
7fd2e7cc1000-7fd2e7cc2000 rw-p 00015000 08:05 2242460                    /usr/lib/jvm/java-8-oracle/lib/amd64/jli/libjli.so
7fd2e7cc2000-7fd2e7cda000 r-xp 00000000 08:05 409761                     /lib/x86_64-linux-gnu/libpthread-2.24.so
7fd2e7cda000-7fd2e7eda000 ---p 00018000 08:05 409761                     /lib/x86_64-linux-gnu/libpthread-2.24.so
7fd2e7eda000-7fd2e7edb000 r--p 00018000 08:05 409761                     /lib/x86_64-linux-gnu/libpthread-2.24.so
7fd2e7edb000-7fd2e7edc000 rw-p 00019000 08:05 409761                     /lib/x86_64-linux-gnu/libpthread-2.24.so
7fd2e7edc000-7fd2e7ee0000 rw-p 00000000 00:00 0 
7fd2e7ee0000-7fd2e7f05000 r-xp 00000000 08:05 409742                     /lib/x86_64-linux-gnu/ld-2.24.so
7fd2e7f05000-7fd2e7f06000 r--s 00000000 08:05 279275                     /var/cache/fontconfig/0c9eb80ebd1c36541ebe2852d3bb0c49-le64.cache-6
7fd2e7f06000-7fd2e7f0a000 r--s 00000000 08:05 276027                     /var/cache/fontconfig/7ef2298fde41cc6eeb7af42e48b7d293-le64.cache-6
7fd2e7f0a000-7fd2e7f12000 rw-s 00000000 00:05 110486                     /drm mm object (deleted)
7fd2e7f12000-7fd2e7f17000 r--p 00000000 08:05 533374                     /home/daan/.config/dconf/user
7fd2e7f17000-7fd2e7fe2000 rw-p 00000000 00:00 0 
7fd2e7fe2000-7fd2e7fe5000 ---p 00000000 00:00 0 
7fd2e7fe5000-7fd2e80e5000 rw-p 00000000 00:00 0 
7fd2e80e6000-7fd2e80e7000 rw-s 1025ca000 00:06 391                       /dev/dri/card0
7fd2e80e7000-7fd2e80e8000 r--s 00000000 00:2c 51                         /run/user/1000/dconf/user
7fd2e80e8000-7fd2e80f0000 rw-s 00000000 00:05 110465                     /drm mm object (deleted)
7fd2e80f0000-7fd2e80f7000 r--s 00000000 08:05 148080                     /usr/lib/x86_64-linux-gnu/gconv/gconv-modules.cache
7fd2e80f7000-7fd2e80ff000 rw-s 00000000 08:05 1448027                    /tmp/hsperfdata_daan/5372
7fd2e80ff000-7fd2e8100000 rw-p 00000000 00:00 0 
7fd2e8100000-7fd2e8101000 r--p 00000000 00:00 0 
7fd2e8101000-7fd2e8104000 rw-p 00000000 00:00 0 
7fd2e8104000-7fd2e8105000 r--p 00024000 08:05 409742                     /lib/x86_64-linux-gnu/ld-2.24.so
7fd2e8105000-7fd2e8106000 rw-p 00025000 08:05 409742                     /lib/x86_64-linux-gnu/ld-2.24.so
7fd2e8106000-7fd2e8107000 rw-p 00000000 00:00 0 
7fff5a65a000-7fff5a67b000 rw-p 00000000 00:00 0                          [stack]
7fff5a797000-7fff5a799000 r--p 00000000 00:00 0                          [vvar]
7fff5a799000-7fff5a79b000 r-xp 00000000 00:00 0                          [vdso]
ffffffffff600000-ffffffffff601000 r-xp 00000000 00:00 0                  [vsyscall]

VM Arguments:
jvm_args: -Dfile.encoding=UTF-8 
java_command: userinterface.GUIHandler
java_class_path (initial): /home/daan/git/IntegrationProject/IntegrationProject/bin
Launcher Type: SUN_STANDARD

Environment Variables:
JAVA_HOME=/usr/lib/jvm/java-8-oracle
PATH=/home/daan/bin:/home/daan/.local/bin:/usr/local/sbin:/usr/local/bin:/usr/sbin:/usr/bin:/sbin:/bin:/usr/games:/usr/local/games:/snap/bin:/usr/lib/jvm/java-8-oracle/bin:/usr/lib/jvm/java-8-oracle/db/bin:/usr/lib/jvm/java-8-oracle/jre/bin
SHELL=/bin/bash
DISPLAY=:0

Signal Handlers:
SIGSEGV: [libjvm.so+0xac78c0], sa_mask[0]=11111111011111111101111111111110, sa_flags=SA_RESTART|SA_SIGINFO
SIGBUS: [libjvm.so+0xac78c0], sa_mask[0]=11111111011111111101111111111110, sa_flags=SA_RESTART|SA_SIGINFO
SIGFPE: [libjvm.so+0x920ac0], sa_mask[0]=11111111011111111101111111111110, sa_flags=SA_RESTART|SA_SIGINFO
SIGPIPE: SIG_IGN, sa_mask[0]=00000000000010000000000000000000, sa_flags=SA_RESTART
SIGXFSZ: [libjvm.so+0x920ac0], sa_mask[0]=11111111011111111101111111111110, sa_flags=SA_RESTART|SA_SIGINFO
SIGILL: [libjvm.so+0x920ac0], sa_mask[0]=11111111011111111101111111111110, sa_flags=SA_RESTART|SA_SIGINFO
SIGUSR1: SIG_DFL, sa_mask[0]=00000000000000000000000000000000, sa_flags=none
SIGUSR2: [libjvm.so+0x922300], sa_mask[0]=00100000000000000000000000000000, sa_flags=SA_RESTART|SA_SIGINFO
SIGHUP: [libjvm.so+0x923700], sa_mask[0]=11111111011111111101111111111110, sa_flags=SA_RESTART|SA_SIGINFO
SIGINT: [libjvm.so+0x923700], sa_mask[0]=11111111011111111101111111111110, sa_flags=SA_RESTART|SA_SIGINFO
SIGTERM: [libjvm.so+0x923700], sa_mask[0]=11111111011111111101111111111110, sa_flags=SA_RESTART|SA_SIGINFO
SIGQUIT: [libjvm.so+0x923700], sa_mask[0]=11111111011111111101111111111110, sa_flags=SA_RESTART|SA_SIGINFO


---------------  S Y S T E M  ---------------

OS:DISTRIB_ID=Ubuntu
DISTRIB_RELEASE=16.10
DISTRIB_CODENAME=yakkety
DISTRIB_DESCRIPTION="Ubuntu 16.10"

uname:Linux 4.8.0-46-generic #49-Ubuntu SMP Fri Mar 31 13:57:14 UTC 2017 x86_64
libc:glibc 2.24 NPTL 2.24 
rlimit: STACK 8192k, CORE 0k, NPROC 30976, NOFILE 4096, AS infinity
load average:1,10 0,83 0,63

/proc/meminfo:
MemTotal:        8054856 kB
MemFree:         3787088 kB
MemAvailable:    4766040 kB
Buffers:           59112 kB
Cached:          1660252 kB
SwapCached:            0 kB
Active:          2834672 kB
Inactive:        1185316 kB
Active(anon):    2301976 kB
Inactive(anon):   556380 kB
Active(file):     532696 kB
Inactive(file):   628936 kB
Unevictable:         128 kB
Mlocked:             128 kB
SwapTotal:       8268796 kB
SwapFree:        8268796 kB
Dirty:               356 kB
Writeback:             0 kB
AnonPages:       2256140 kB
Mapped:           507380 kB
Shmem:            557736 kB
Slab:             125396 kB
SReclaimable:      73828 kB
SUnreclaim:        51568 kB
KernelStack:       12128 kB
PageTables:        48640 kB
NFS_Unstable:          0 kB
Bounce:                0 kB
WritebackTmp:          0 kB
CommitLimit:    12296224 kB
Committed_AS:    8176028 kB
VmallocTotal:   34359738367 kB
VmallocUsed:           0 kB
VmallocChunk:          0 kB
HardwareCorrupted:     0 kB
AnonHugePages:   1064960 kB
ShmemHugePages:        0 kB
ShmemPmdMapped:        0 kB
CmaTotal:              0 kB
CmaFree:               0 kB
HugePages_Total:       0
HugePages_Free:        0
HugePages_Rsvd:        0
HugePages_Surp:        0
Hugepagesize:       2048 kB
DirectMap4k:      147024 kB
DirectMap2M:     7073792 kB
DirectMap1G:     1048576 kB


CPU:total 4 (2 cores per cpu, 2 threads per core) family 6 model 78 stepping 3, cmov, cx8, fxsr, mmx, sse, sse2, sse3, ssse3, sse4.1, sse4.2, popcnt, avx, avx2, aes, clmul, erms, 3dnowpref, lzcnt, ht, tsc, tscinvbit, bmi1, bmi2, adx

/proc/cpuinfo:
processor	: 0
vendor_id	: GenuineIntel
cpu family	: 6
model		: 78
model name	: Intel(R) Core(TM) i5-6200U CPU @ 2.30GHz
stepping	: 3
microcode	: 0x9e
cpu MHz		: 2095.605
cache size	: 3072 KB
physical id	: 0
siblings	: 4
core id		: 0
cpu cores	: 2
apicid		: 0
initial apicid	: 0
fpu		: yes
fpu_exception	: yes
cpuid level	: 22
wp		: yes
flags		: fpu vme de pse tsc msr pae mce cx8 apic sep mtrr pge mca cmov pat pse36 clflush dts acpi mmx fxsr sse sse2 ss ht tm pbe syscall nx pdpe1gb rdtscp lm constant_tsc art arch_perfmon pebs bts rep_good nopl xtopology nonstop_tsc aperfmperf eagerfpu pni pclmulqdq dtes64 monitor ds_cpl vmx est tm2 ssse3 sdbg fma cx16 xtpr pdcm pcid sse4_1 sse4_2 x2apic movbe popcnt tsc_deadline_timer aes xsave avx f16c rdrand lahf_lm abm 3dnowprefetch epb intel_pt tpr_shadow vnmi flexpriority ept vpid fsgsbase tsc_adjust bmi1 avx2 smep bmi2 erms invpcid mpx rdseed adx smap clflushopt xsaveopt xsavec xgetbv1 xsaves dtherm ida arat pln pts hwp hwp_notify hwp_act_window hwp_epp
bugs		:
bogomips	: 4800.00
clflush size	: 64
cache_alignment	: 64
address sizes	: 39 bits physical, 48 bits virtual
power management:

processor	: 1
vendor_id	: GenuineIntel
cpu family	: 6
model		: 78
model name	: Intel(R) Core(TM) i5-6200U CPU @ 2.30GHz
stepping	: 3
microcode	: 0x9e
cpu MHz		: 2654.882
cache size	: 3072 KB
physical id	: 0
siblings	: 4
core id		: 1
cpu cores	: 2
apicid		: 2
initial apicid	: 2
fpu		: yes
fpu_exception	: yes
cpuid level	: 22
wp		: yes
flags		: fpu vme de pse tsc msr pae mce cx8 apic sep mtrr pge mca cmov pat pse36 clflush dts acpi mmx fxsr sse sse2 ss ht tm pbe syscall nx pdpe1gb rdtscp lm constant_tsc art arch_perfmon pebs bts rep_good nopl xtopology nonstop_tsc aperfmperf eagerfpu pni pclmulqdq dtes64 monitor ds_cpl vmx est tm2 ssse3 sdbg fma cx16 xtpr pdcm pcid sse4_1 sse4_2 x2apic movbe popcnt tsc_deadline_timer aes xsave avx f16c rdrand lahf_lm abm 3dnowprefetch epb intel_pt tpr_shadow vnmi flexpriority ept vpid fsgsbase tsc_adjust bmi1 avx2 smep bmi2 erms invpcid mpx rdseed adx smap clflushopt xsaveopt xsavec xgetbv1 xsaves dtherm ida arat pln pts hwp hwp_notify hwp_act_window hwp_epp
bugs		:
bogomips	: 4800.00
clflush size	: 64
cache_alignment	: 64
address sizes	: 39 bits physical, 48 bits virtual
power management:

processor	: 2
vendor_id	: GenuineIntel
cpu family	: 6
model		: 78
model name	: Intel(R) Core(TM) i5-6200U CPU @ 2.30GHz
stepping	: 3
microcode	: 0x9e
cpu MHz		: 2103.662
cache size	: 3072 KB
physical id	: 0
siblings	: 4
core id		: 0
cpu cores	: 2
apicid		: 1
initial apicid	: 1
fpu		: yes
fpu_exception	: yes
cpuid level	: 22
wp		: yes
flags		: fpu vme de pse tsc msr pae mce cx8 apic sep mtrr pge mca cmov pat pse36 clflush dts acpi mmx fxsr sse sse2 ss ht tm pbe syscall nx pdpe1gb rdtscp lm constant_tsc art arch_perfmon pebs bts rep_good nopl xtopology nonstop_tsc aperfmperf eagerfpu pni pclmulqdq dtes64 monitor ds_cpl vmx est tm2 ssse3 sdbg fma cx16 xtpr pdcm pcid sse4_1 sse4_2 x2apic movbe popcnt tsc_deadline_timer aes xsave avx f16c rdrand lahf_lm abm 3dnowprefetch epb intel_pt tpr_shadow vnmi flexpriority ept vpid fsgsbase tsc_adjust bmi1 avx2 smep bmi2 erms invpcid mpx rdseed adx smap clflushopt xsaveopt xsavec xgetbv1 xsaves dtherm ida arat pln pts hwp hwp_notify hwp_act_window hwp_epp
bugs		:
bogomips	: 4800.00
clflush size	: 64
cache_alignment	: 64
address sizes	: 39 bits physical, 48 bits virtual
power management:

processor	: 3
vendor_id	: GenuineIntel
cpu family	: 6
model		: 78
model name	: Intel(R) Core(TM) i5-6200U CPU @ 2.30GHz
stepping	: 3
microcode	: 0x9e
cpu MHz		: 2569.628
cache size	: 3072 KB
physical id	: 0
siblings	: 4
core id		: 1
cpu cores	: 2
apicid		: 3
initial apicid	: 3
fpu		: yes
fpu_exception	: yes
cpuid level	: 22
wp		: yes
flags		: fpu vme de pse tsc msr pae mce cx8 apic sep mtrr pge mca cmov pat pse36 clflush dts acpi mmx fxsr sse sse2 ss ht tm pbe syscall nx pdpe1gb rdtscp lm constant_tsc art arch_perfmon pebs bts rep_good nopl xtopology nonstop_tsc aperfmperf eagerfpu pni pclmulqdq dtes64 monitor ds_cpl vmx est tm2 ssse3 sdbg fma cx16 xtpr pdcm pcid sse4_1 sse4_2 x2apic movbe popcnt tsc_deadline_timer aes xsave avx f16c rdrand lahf_lm abm 3dnowprefetch epb intel_pt tpr_shadow vnmi flexpriority ept vpid fsgsbase tsc_adjust bmi1 avx2 smep bmi2 erms invpcid mpx rdseed adx smap clflushopt xsaveopt xsavec xgetbv1 xsaves dtherm ida arat pln pts hwp hwp_notify hwp_act_window hwp_epp
bugs		:
bogomips	: 4800.00
clflush size	: 64
cache_alignment	: 64
address sizes	: 39 bits physical, 48 bits virtual
power management:



Memory: 4k page, physical 8054856k(3787088k free), swap 8268796k(8268796k free)

vm_info: Java HotSpot(TM) 64-Bit Server VM (25.121-b13) for linux-amd64 JRE (1.8.0_121-b13), built on Dec 12 2016 16:36:53 by "java_re" with gcc 4.3.0 20080428 (Red Hat 4.3.0-8)

time: Tue Apr 11 09:25:58 2017
elapsed time: 2 seconds (0d 0h 0m 2s)

