#
# A fatal error has been detected by the Java Runtime Environment:
#
#  SIGSEGV (0xb) at pc=0x00007ff5b8e558f8, pid=4179, tid=0x00007ff54de5c700
#
# JRE version: Java(TM) SE Runtime Environment (8.0_121-b13) (build 1.8.0_121-b13)
# Java VM: Java HotSpot(TM) 64-Bit Server VM (25.121-b13 mixed mode linux-amd64 compressed oops)
# Problematic frame:
# V  [libjvm.so+0x6d28f8]  jni_invoke_nonstatic(JNIEnv_*, JavaValue*, _jobject*, JNICallType, _jmethodID*, JNI_ArgumentPusher*, Thread*)+0x38
#
# Failed to write core dump. Core dumps have been disabled. To enable core dumping, try "ulimit -c unlimited" before starting Java again
#
# If you would like to submit a bug report, please visit:
#   http://bugreport.java.com/bugreport/crash.jsp
#

---------------  T H R E A D  ---------------

Current thread (0x00007ff564106000):  JavaThread "JavaFX Application Thread" [_thread_in_vm, id=4206, stack(0x00007ff54dd5c000,0x00007ff54de5d000)]

siginfo: si_signo: 11 (SIGSEGV), si_code: 1 (SEGV_MAPERR), si_addr: 0x00007ff500000000

Registers:
RAX=0x00007ff54de5b3c0, RBX=0x00007ff54de5b2d0, RCX=0x0000000000000001, RDX=0x00007ff500000000
RSP=0x00007ff54de5b120, RBP=0x00007ff54de5b2a0, RSI=0x00007ff54de5b330, RDI=0x00007ff5641061f8
R8 =0x00007ff564053ee8, R9 =0x00007ff54de5b2d0, R10=0x00007ff53c000a50, R11=0x00007ff54de5ac80
R12=0x00007ff564106000, R13=0x00007ff564053ee8, R14=0x0000000000000001, R15=0x00007ff5641061f8
RIP=0x00007ff5b8e558f8, EFLAGS=0x0000000000010206, CSGSFS=0x002b000000000033, ERR=0x0000000000000004
  TRAPNO=0x000000000000000e

Top of Stack: (sp=0x00007ff54de5b120)
0x00007ff54de5b120:   00007ff54de5b820 00007ff54de5b440
0x00007ff54de5b130:   00007ff54de5b180 00007ff54de5b200
0x00007ff54de5b140:   00007ff54de5b2d0 00007ff54de5b330
0x00007ff54de5b150:   00007ff5641061f8 00007ff5b8e75400
0x00007ff54de5b160:   00007ff5700613a0 00007ff5700613b0
0x00007ff54de5b170:   00007ff570061788 00000000000003d8
0x00007ff54de5b180:   0000000000000000 00000000d8204018
0x00007ff54de5b190:   00007ff50000006f 00007ff50000000a
0x00007ff54de5b1a0:   00000000d8874bb0 0000000000000000
0x00007ff54de5b1b0:   0000000000000000 0000000000000000
0x00007ff54de5b1c0:   00007ff5a2ec0688 0000000100000100
0x00007ff54de5b1d0:   0000000000000000 00007ff54de5b188
0x00007ff54de5b1e0:   00007ff54de5b1c9 0000000800000005
0x00007ff54de5b1f0:   0000000000000000 00007ff5641059d0
0x00007ff54de5b200:   00007ff5b96e3510 00007ff5ba1d1720
0x00007ff54de5b210:   0000000064105860 00007ff564106000
0x00007ff54de5b220:   0000000000000000 00007ff5b8e55ccb
0x00007ff54de5b230:   00007ff5a2ecf768 00007ff564106000
0x00007ff54de5b240:   00007ff5a2ecf768 00007ff564106000
0x00007ff54de5b250:   00007ff54de5b3e0 00007ff5a2ecf768
0x00007ff54de5b260:   00007ff5a2ecf768 00007ff5a2ecf768
0x00007ff54de5b270:   00007ff5700613a0 00007ff54de5b2d0
0x00007ff54de5b280:   00007ff564106000 00007ff54de5b310
0x00007ff54de5b290:   00007ff564053ee8 00007ff5641061f8
0x00007ff54de5b2a0:   00007ff54de5b390 00007ff5b8e5a09f
0x00007ff54de5b2b0:   00007ff564106000 00007ff5a024bff4
0x00007ff54de5b2c0:   00007ff54de5b3a8 00007ff500000000
0x00007ff54de5b2d0:   00007ff5b96e4170 00007ff5ba1d1720
0x00007ff54de5b2e0:   000000004de5b350 0db3ba4700000063
0x00007ff54de5b2f0:   0000000000000000 0000003000000018
0x00007ff54de5b300:   00007ff54de5b480 00007ff54de5b3c0
0x00007ff54de5b310:   00007ff564106000 0000000000000000 

Instructions: (pc=0x00007ff5b8e558f8)
0x00007ff5b8e558d8:   00 00 48 85 d2 48 89 bd b0 fe ff ff 48 89 b5 a8
0x00007ff5b8e558e8:   fe ff ff 4c 89 8d a0 fe ff ff 0f 84 78 09 00 00
0x00007ff5b8e558f8:   4c 8b 22 4d 85 e4 0f 84 6c 09 00 00 48 8b 45 10
0x00007ff5b8e55908:   48 8b 98 38 01 00 00 48 83 7b 18 f7 0f 87 16 07 

Register to memory mapping:

RAX=0x00007ff54de5b3c0 is pointing into the stack for thread: 0x00007ff564106000
RBX=0x00007ff54de5b2d0 is pointing into the stack for thread: 0x00007ff564106000
RCX=0x0000000000000001 is an unknown value
RDX=0x00007ff500000000 is an unknown value
RSP=0x00007ff54de5b120 is pointing into the stack for thread: 0x00007ff564106000
RBP=0x00007ff54de5b2a0 is pointing into the stack for thread: 0x00007ff564106000
RSI=0x00007ff54de5b330 is pointing into the stack for thread: 0x00007ff564106000
RDI=0x00007ff5641061f8 is an unknown value
R8 =0x00007ff564053ee8 is an unknown value
R9 =0x00007ff54de5b2d0 is pointing into the stack for thread: 0x00007ff564106000
R10=0x00007ff53c000a50 is an unknown value
R11=0x00007ff54de5ac80 is pointing into the stack for thread: 0x00007ff564106000
R12=0x00007ff564106000 is a thread
R13=0x00007ff564053ee8 is an unknown value
R14=0x0000000000000001 is an unknown value
R15=0x00007ff5641061f8 is an unknown value


Stack: [0x00007ff54dd5c000,0x00007ff54de5d000],  sp=0x00007ff54de5b120,  free space=1020k
Native frames: (J=compiled Java code, j=interpreted, Vv=VM code, C=native code)
V  [libjvm.so+0x6d28f8]  jni_invoke_nonstatic(JNIEnv_*, JavaValue*, _jobject*, JNICallType, _jmethodID*, JNI_ArgumentPusher*, Thread*)+0x38
V  [libjvm.so+0x6d709f]  jni_CallVoidMethodV+0x10f
C  [libglass.so+0x13e51]  JNIEnv_::CallVoidMethod(_jobject*, _jmethodID*, ...)+0x81
C  [libglass.so+0x1876f]  WindowContextBase::process_key(_GdkEventKey*)+0x20f
C  [libglass.so+0x15fe0]  WindowContextBase::im_filter_keypress(_GdkEventKey*)+0x1c0
C  [libglass.so+0x20a3c]  process_events(_GdkEvent*, void*)+0x22c
C  [libgdk-x11-2.0.so.0+0x5acdc]

Java frames: (J=compiled Java code, j=interpreted, Vv=VM code)
j  com.sun.glass.ui.gtk.GtkApplication._runLoop(Ljava/lang/Runnable;Z)V+0
j  com.sun.glass.ui.gtk.GtkApplication.lambda$null$49(Ljava/lang/Runnable;Z)V+7
j  com.sun.glass.ui.gtk.GtkApplication$$Lambda$43.run()V+12
j  java.lang.Thread.run()V+11
v  ~StubRoutines::call_stub

---------------  P R O C E S S  ---------------

Java Threads: ( => current thread )
  0x00007ff5b400a000 JavaThread "DestroyJavaVM" [_thread_blocked, id=4185, stack(0x00007ff5ba275000,0x00007ff5ba376000)]
  0x00007ff5b411c000 JavaThread "Thread-5" [_thread_blocked, id=4210, stack(0x00007ff54c87c000,0x00007ff54c97d000)]
  0x00007ff5b411a000 JavaThread "Thread-4" [_thread_in_native, id=4209, stack(0x00007ff54c97d000,0x00007ff54ca7e000)]
  0x00007ff53c19f000 JavaThread "Prism Font Disposer" daemon [_thread_blocked, id=4207, stack(0x00007ff54d275000,0x00007ff54d376000)]
=>0x00007ff564106000 JavaThread "JavaFX Application Thread" [_thread_in_vm, id=4206, stack(0x00007ff54dd5c000,0x00007ff54de5d000)]
  0x00007ff5640c9000 JavaThread "Thread-3" daemon [_thread_blocked, id=4205, stack(0x00007ff54de5d000,0x00007ff54df5e000)]
  0x00007ff564041000 JavaThread "QuantumRenderer-0" daemon [_thread_blocked, id=4201, stack(0x00007ff5a0697000,0x00007ff5a0798000)]
  0x00007ff56009b000 JavaThread "JavaFX-Launcher" [_thread_blocked, id=4200, stack(0x00007ff5a0798000,0x00007ff5a0899000)]
  0x00007ff5b4138000 JavaThread "Thread-0" [_thread_blocked, id=4199, stack(0x00007ff5a0899000,0x00007ff5a099a000)]
  0x00007ff5b40c9000 JavaThread "Service Thread" daemon [_thread_blocked, id=4197, stack(0x00007ff5a0b30000,0x00007ff5a0c31000)]
  0x00007ff5b40be000 JavaThread "C1 CompilerThread2" daemon [_thread_blocked, id=4196, stack(0x00007ff5a0c31000,0x00007ff5a0d32000)]
  0x00007ff5b40bc800 JavaThread "C2 CompilerThread1" daemon [_thread_blocked, id=4195, stack(0x00007ff5a0d32000,0x00007ff5a0e33000)]
  0x00007ff5b40b9800 JavaThread "C2 CompilerThread0" daemon [_thread_in_native, id=4194, stack(0x00007ff5a0e33000,0x00007ff5a0f34000)]
  0x00007ff5b40b8000 JavaThread "Signal Dispatcher" daemon [_thread_blocked, id=4193, stack(0x00007ff5a0f34000,0x00007ff5a1035000)]
  0x00007ff5b4084000 JavaThread "Finalizer" daemon [_thread_blocked, id=4192, stack(0x00007ff5a148f000,0x00007ff5a1590000)]
  0x00007ff5b407f800 JavaThread "Reference Handler" daemon [_thread_blocked, id=4191, stack(0x00007ff5a1590000,0x00007ff5a1691000)]

Other Threads:
  0x00007ff5b4077800 VMThread [stack: 0x00007ff5a1691000,0x00007ff5a1792000] [id=4190]
  0x00007ff5b40cc000 WatcherThread [stack: 0x00007ff5a0a2f000,0x00007ff5a0b30000] [id=4198]

VM state:not at safepoint (normal execution)

VM Mutex/Monitor currently owned by a thread: None

Heap:
 PSYoungGen      total 36864K, used 11106K [0x00000000d7000000, 0x00000000d9900000, 0x0000000100000000)
  eden space 31744K, 18% used [0x00000000d7000000,0x00000000d75d9fe8,0x00000000d8f00000)
  from space 5120K, 99% used [0x00000000d8f00000,0x00000000d93feac0,0x00000000d9400000)
  to   space 5120K, 0% used [0x00000000d9400000,0x00000000d9400000,0x00000000d9900000)
 ParOldGen       total 84992K, used 674K [0x0000000085000000, 0x000000008a300000, 0x00000000d7000000)
  object space 84992K, 0% used [0x0000000085000000,0x00000000850a8828,0x000000008a300000)
 Metaspace       used 14866K, capacity 15654K, committed 15872K, reserved 1062912K
  class space    used 2248K, capacity 2454K, committed 2560K, reserved 1048576K

Card table byte_map: [0x00007ff5a3be0000,0x00007ff5a3fb9000] byte_map_base: 0x00007ff5a37b8000

Marking Bits: (ParMarkBitMap*) 0x00007ff5b9747c80
 Begin Bits: [0x00007ff590280000, 0x00007ff592140000)
 End Bits:   [0x00007ff592140000, 0x00007ff594000000)

Polling page: 0x00007ff5ba394000

CodeCache: size=245760Kb used=4045Kb max_used=4045Kb free=241714Kb
 bounds [0x00007ff5a4379000, 0x00007ff5a4779000, 0x00007ff5b3379000]
 total_blobs=1788 nmethods=1163 adapters=538
 compilation: enabled

Compilation events (10 events):
Event: 2,584 Thread 0x00007ff5b40be000 1141       1       javafx.scene.layout.BackgroundFill::getRadii (5 bytes)
Event: 2,584 Thread 0x00007ff5b40be000 nmethod 1141 0x00007ff5a476d6d0 code [0x00007ff5a476d820, 0x00007ff5a476d930]
Event: 2,584 Thread 0x00007ff5b40be000 1162       1       com.sun.javafx.text.TextLine::getRuns (5 bytes)
Event: 2,585 Thread 0x00007ff5b40be000 nmethod 1162 0x00007ff5a476d990 code [0x00007ff5a476dae0, 0x00007ff5a476dbf0]
Event: 2,585 Thread 0x00007ff5b40be000 1143       1       com.sun.javafx.css.CalculatedValue::isRelative (5 bytes)
Event: 2,585 Thread 0x00007ff5b40be000 nmethod 1143 0x00007ff5a476dc50 code [0x00007ff5a476dda0, 0x00007ff5a476deb0]
Event: 2,585 Thread 0x00007ff5b40be000 1158       1       javafx.scene.layout.Region::access$3700 (5 bytes)
Event: 2,585 Thread 0x00007ff5b40be000 nmethod 1158 0x00007ff5a476df10 code [0x00007ff5a476e060, 0x00007ff5a476e150]
Event: 2,585 Thread 0x00007ff5b40be000 1156       1       com.sun.javafx.css.StyleCache$Key::getStyleMapIds (5 bytes)
Event: 2,585 Thread 0x00007ff5b40be000 nmethod 1156 0x00007ff5a476e1d0 code [0x00007ff5a476e320, 0x00007ff5a476e430]

GC Heap History (2 events):
Event: 2,279 GC heap before
{Heap before GC invocations=1 (full 0):
 PSYoungGen      total 36864K, used 31262K [0x00000000d7000000, 0x00000000d9900000, 0x0000000100000000)
  eden space 31744K, 98% used [0x00000000d7000000,0x00000000d8e87ab0,0x00000000d8f00000)
  from space 5120K, 0% used [0x00000000d9400000,0x00000000d9400000,0x00000000d9900000)
  to   space 5120K, 0% used [0x00000000d8f00000,0x00000000d8f00000,0x00000000d9400000)
 ParOldGen       total 84992K, used 0K [0x0000000085000000, 0x000000008a300000, 0x00000000d7000000)
  object space 84992K, 0% used [0x0000000085000000,0x0000000085000000,0x000000008a300000)
 Metaspace       used 13851K, capacity 14494K, committed 14592K, reserved 1060864K
  class space    used 2075K, capacity 2248K, committed 2304K, reserved 1048576K
Event: 2,298 GC heap after
Heap after GC invocations=1 (full 0):
 PSYoungGen      total 36864K, used 5114K [0x00000000d7000000, 0x00000000d9900000, 0x0000000100000000)
  eden space 31744K, 0% used [0x00000000d7000000,0x00000000d7000000,0x00000000d8f00000)
  from space 5120K, 99% used [0x00000000d8f00000,0x00000000d93feac0,0x00000000d9400000)
  to   space 5120K, 0% used [0x00000000d9400000,0x00000000d9400000,0x00000000d9900000)
 ParOldGen       total 84992K, used 674K [0x0000000085000000, 0x000000008a300000, 0x00000000d7000000)
  object space 84992K, 0% used [0x0000000085000000,0x00000000850a8828,0x000000008a300000)
 Metaspace       used 13851K, capacity 14494K, committed 14592K, reserved 1060864K
  class space    used 2075K, capacity 2248K, committed 2304K, reserved 1048576K
}

Deoptimization events (10 events):
Event: 1,247 Thread 0x00007ff564106000 Uncommon trap: reason=class_check action=maybe_recompile pc=0x00007ff5a45a98b4 method=java.io.DataInputStream.readShort()S @ 4
Event: 1,247 Thread 0x00007ff564106000 Uncommon trap: reason=class_check action=maybe_recompile pc=0x00007ff5a45a98b4 method=java.io.DataInputStream.readShort()S @ 4
Event: 1,263 Thread 0x00007ff564106000 Uncommon trap: reason=class_check action=maybe_recompile pc=0x00007ff5a448d2f8 method=java.lang.String.equals(Ljava/lang/Object;)Z @ 8
Event: 1,263 Thread 0x00007ff564106000 Uncommon trap: reason=class_check action=maybe_recompile pc=0x00007ff5a448d2f8 method=java.lang.String.equals(Ljava/lang/Object;)Z @ 8
Event: 1,263 Thread 0x00007ff564106000 Uncommon trap: reason=class_check action=maybe_recompile pc=0x00007ff5a448d2f8 method=java.lang.String.equals(Ljava/lang/Object;)Z @ 8
Event: 1,362 Thread 0x00007ff564106000 Uncommon trap: reason=class_check action=maybe_recompile pc=0x00007ff5a448d2f8 method=java.lang.String.equals(Ljava/lang/Object;)Z @ 8
Event: 1,493 Thread 0x00007ff564106000 Uncommon trap: reason=unstable_if action=reinterpret pc=0x00007ff5a4618d68 method=sun.net.www.ParseUtil.encodePath(Ljava/lang/String;Z)Ljava/lang/String; @ 109
Event: 1,620 Thread 0x00007ff564106000 Uncommon trap: reason=unstable_if action=reinterpret pc=0x00007ff5a4678a64 method=jdk.internal.org.objectweb.asm.Type.getArgumentsAndReturnSizes(Ljava/lang/String;)I @ 47
Event: 2,442 Thread 0x00007ff564106000 Uncommon trap: reason=unstable_if action=reinterpret pc=0x00007ff5a4541164 method=java.lang.String.indexOf([CII[CIII)I @ 3
Event: 2,575 Thread 0x00007ff564106000 Uncommon trap: reason=unstable_if action=reinterpret pc=0x00007ff5a45230ac method=java.lang.String.startsWith(Ljava/lang/String;I)Z @ 25

Internal exceptions (10 events):
Event: 0,200 Thread 0x00007ff5b4138000 Exception <a 'java/lang/NoSuchFieldError': method resolution failed> (0x00000000d730ad78) thrown at [/HUDSON3/workspace/8-2-build-linux-amd64/jdk8u121/8372/hotspot/src/share/vm/prims/methodHandles.cpp, line 1146]
Event: 0,243 Thread 0x00007ff56009b000 Exception <a 'java/security/PrivilegedActionException'> (0x00000000d73e14f0) thrown at [/HUDSON3/workspace/8-2-build-linux-amd64/jdk8u121/8372/hotspot/src/share/vm/prims/jvm.cpp, line 1390]
Event: 0,243 Thread 0x00007ff56009b000 Exception <a 'java/security/PrivilegedActionException'> (0x00000000d73e1700) thrown at [/HUDSON3/workspace/8-2-build-linux-amd64/jdk8u121/8372/hotspot/src/share/vm/prims/jvm.cpp, line 1390]
Event: 0,244 Thread 0x00007ff56009b000 Exception <a 'java/security/PrivilegedActionException'> (0x00000000d73e3b68) thrown at [/HUDSON3/workspace/8-2-build-linux-amd64/jdk8u121/8372/hotspot/src/share/vm/prims/jvm.cpp, line 1390]
Event: 0,244 Thread 0x00007ff56009b000 Exception <a 'java/security/PrivilegedActionException'> (0x00000000d73e3d78) thrown at [/HUDSON3/workspace/8-2-build-linux-amd64/jdk8u121/8372/hotspot/src/share/vm/prims/jvm.cpp, line 1390]
Event: 0,244 Thread 0x00007ff56009b000 Exception <a 'java/lang/NullPointerException'> (0x00000000d73e4350) thrown at [/HUDSON3/workspace/8-2-build-linux-amd64/jdk8u121/8372/hotspot/src/share/vm/interpreter/linkResolver.cpp, line 1178]
Event: 0,602 Thread 0x00007ff564106000 Exception <a 'java/lang/NullPointerException'> (0x00000000d7ae3640) thrown at [/HUDSON3/workspace/8-2-build-linux-amd64/jdk8u121/8372/hotspot/src/share/vm/interpreter/linkResolver.cpp, line 1178]
Event: 0,602 Thread 0x00007ff564106000 Exception <a 'java/lang/NullPointerException'> (0x00000000d7ae3640) thrown at [/HUDSON3/workspace/8-2-build-linux-amd64/jdk8u121/8372/hotspot/src/share/vm/prims/jvm.cpp, line 1394]
Event: 0,841 Thread 0x00007ff564106000 Implicit null exception at 0x00007ff5a45c6575 to 0x00007ff5a45c6751
Event: 2,377 Thread 0x00007ff564106000 Exception <a 'java/io/FileNotFoundException'> (0x00000000d7299370) thrown at [/HUDSON3/workspace/8-2-build-linux-amd64/jdk8u121/8372/hotspot/src/share/vm/prims/jni.cpp, line 709]

Events (10 events):
Event: 2,536 loading class com/sun/javafx/effect/EffectDirtyBits done
Event: 2,538 loading class javafx/scene/shape/SVGPath$1
Event: 2,538 loading class javafx/scene/shape/SVGPath$1 done
Event: 2,538 loading class javafx/scene/shape/SVGPath$2
Event: 2,538 loading class javafx/scene/shape/SVGPath$2 done
Event: 2,538 loading class com/sun/javafx/sg/prism/NGSVGPath
Event: 2,538 loading class com/sun/javafx/sg/prism/NGSVGPath done
Event: 2,575 Thread 0x00007ff564106000 Uncommon trap: trap_request=0xffffff65 fr.pc=0x00007ff5a45230ac
Event: 2,575 Thread 0x00007ff564106000 DEOPT PACKING pc=0x00007ff5a45230ac sp=0x00007ff54de58050
Event: 2,575 Thread 0x00007ff564106000 DEOPT UNPACKING pc=0x00007ff5a437e229 sp=0x00007ff54de57fe8 mode 2


Dynamic libraries:
00400000-00401000 r-xp 00000000 08:05 2243241                            /usr/lib/jvm/java-8-oracle/bin/java
00600000-00601000 rw-p 00000000 08:05 2243241                            /usr/lib/jvm/java-8-oracle/bin/java
025c1000-025e2000 rw-p 00000000 00:00 0                                  [heap]
85000000-8a300000 rw-p 00000000 00:00 0 
8a300000-d7000000 ---p 00000000 00:00 0 
d7000000-d9900000 rw-p 00000000 00:00 0 
d9900000-100000000 ---p 00000000 00:00 0 
100000000-100280000 rw-p 00000000 00:00 0 
100280000-140000000 ---p 00000000 00:00 0 
7ff528000000-7ff528021000 rw-p 00000000 00:00 0 
7ff528021000-7ff52c000000 ---p 00000000 00:00 0 
7ff530000000-7ff530021000 rw-p 00000000 00:00 0 
7ff530021000-7ff534000000 ---p 00000000 00:00 0 
7ff534000000-7ff534021000 rw-p 00000000 00:00 0 
7ff534021000-7ff538000000 ---p 00000000 00:00 0 
7ff538000000-7ff538021000 rw-p 00000000 00:00 0 
7ff538021000-7ff53c000000 ---p 00000000 00:00 0 
7ff53c000000-7ff53c509000 rw-p 00000000 00:00 0 
7ff53c509000-7ff540000000 ---p 00000000 00:00 0 
7ff540000000-7ff540021000 rw-p 00000000 00:00 0 
7ff540021000-7ff544000000 ---p 00000000 00:00 0 
7ff544000000-7ff544022000 rw-p 00000000 00:00 0 
7ff544022000-7ff548000000 ---p 00000000 00:00 0 
7ff548000000-7ff548021000 rw-p 00000000 00:00 0 
7ff548021000-7ff54c000000 ---p 00000000 00:00 0 
7ff54c67c000-7ff54c77c000 rw-p 00000000 00:00 0 
7ff54c77c000-7ff54c87c000 ---p 00000000 00:00 0 
7ff54c87c000-7ff54c87f000 ---p 00000000 00:00 0 
7ff54c87f000-7ff54c97d000 rw-p 00000000 00:00 0 
7ff54c97d000-7ff54c980000 ---p 00000000 00:00 0 
7ff54c980000-7ff54ca7e000 rw-p 00000000 00:00 0 
7ff54ca7e000-7ff54ca94000 r-xp 00000000 08:05 2243325                    /usr/lib/jvm/java-8-oracle/jre/lib/amd64/libnet.so
7ff54ca94000-7ff54cc94000 ---p 00016000 08:05 2243325                    /usr/lib/jvm/java-8-oracle/jre/lib/amd64/libnet.so
7ff54cc94000-7ff54cc95000 rw-p 00016000 08:05 2243325                    /usr/lib/jvm/java-8-oracle/jre/lib/amd64/libnet.so
7ff54cc95000-7ff54ccf5000 rw-s 00000000 00:05 999634                     /drm mm object (deleted)
7ff54ccf5000-7ff54ceb5000 rw-s 1015b6000 00:06 391                       /dev/dri/card0
7ff54ceb5000-7ff54d075000 rw-s 00000000 00:05 998215                     /drm mm object (deleted)
7ff54d075000-7ff54d275000 rw-p 00000000 00:00 0 
7ff54d275000-7ff54d278000 ---p 00000000 00:00 0 
7ff54d278000-7ff54d376000 rw-p 00000000 00:00 0 
7ff54d376000-7ff54d42f000 r--p 00000000 08:05 918436                     /usr/share/fonts/truetype/dejavu/DejaVuSans.ttf
7ff54d42f000-7ff54d46b000 r--p 00000000 08:05 2243419                    /usr/lib/jvm/java-8-oracle/jre/lib/fonts/LucidaTypewriterRegular.ttf
7ff54d46b000-7ff54d4a5000 r--p 00000000 08:05 2243415                    /usr/lib/jvm/java-8-oracle/jre/lib/fonts/LucidaTypewriterBold.ttf
7ff54d4a5000-7ff54d550000 r--p 00000000 08:05 2243413                    /usr/lib/jvm/java-8-oracle/jre/lib/fonts/LucidaSansRegular.ttf
7ff54d550000-7ff54d554000 r-xp 00000000 08:05 2243362                    /usr/lib/jvm/java-8-oracle/jre/lib/amd64/libjavafx_font_pango.so
7ff54d554000-7ff54d753000 ---p 00004000 08:05 2243362                    /usr/lib/jvm/java-8-oracle/jre/lib/amd64/libjavafx_font_pango.so
7ff54d753000-7ff54d754000 rw-p 00003000 08:05 2243362                    /usr/lib/jvm/java-8-oracle/jre/lib/amd64/libjavafx_font_pango.so
7ff54d754000-7ff54d954000 rw-p 00000000 00:00 0 
7ff54d954000-7ff54d959000 r-xp 00000000 08:05 2243358                    /usr/lib/jvm/java-8-oracle/jre/lib/amd64/libjavafx_font_freetype.so
7ff54d959000-7ff54db58000 ---p 00005000 08:05 2243358                    /usr/lib/jvm/java-8-oracle/jre/lib/amd64/libjavafx_font_freetype.so
7ff54db58000-7ff54db59000 rw-p 00004000 08:05 2243358                    /usr/lib/jvm/java-8-oracle/jre/lib/amd64/libjavafx_font_freetype.so
7ff54db59000-7ff54db5c000 r-xp 00000000 08:05 2243320                    /usr/lib/jvm/java-8-oracle/jre/lib/amd64/libjavafx_font.so
7ff54db5c000-7ff54dd5b000 ---p 00003000 08:05 2243320                    /usr/lib/jvm/java-8-oracle/jre/lib/amd64/libjavafx_font.so
7ff54dd5b000-7ff54dd5c000 rw-p 00002000 08:05 2243320                    /usr/lib/jvm/java-8-oracle/jre/lib/amd64/libjavafx_font.so
7ff54dd5c000-7ff54dd5f000 ---p 00000000 00:00 0 
7ff54dd5f000-7ff54de5d000 rw-p 00000000 00:00 0 
7ff54de5d000-7ff54de60000 ---p 00000000 00:00 0 
7ff54de60000-7ff54df5e000 rw-p 00000000 00:00 0 
7ff54df5e000-7ff54df5f000 ---p 00000000 00:00 0 
7ff54df5f000-7ff54e75f000 rw-p 00000000 00:00 0 
7ff54e75f000-7ff54e760000 ---p 00000000 00:00 0 
7ff54e760000-7ff54ef60000 rw-p 00000000 00:00 0 
7ff54ef60000-7ff54ef61000 ---p 00000000 00:00 0 
7ff54ef61000-7ff54f761000 rw-p 00000000 00:00 0 
7ff54f761000-7ff54f76d000 r-xp 00000000 08:05 133762                     /usr/lib/x86_64-linux-gnu/gio/modules/libdconfsettings.so
7ff54f76d000-7ff54f96c000 ---p 0000c000 08:05 133762                     /usr/lib/x86_64-linux-gnu/gio/modules/libdconfsettings.so
7ff54f96c000-7ff54f96d000 r--p 0000b000 08:05 133762                     /usr/lib/x86_64-linux-gnu/gio/modules/libdconfsettings.so
7ff54f96d000-7ff54f96e000 rw-p 0000c000 08:05 133762                     /usr/lib/x86_64-linux-gnu/gio/modules/libdconfsettings.so
7ff54f96e000-7ff54f975000 r-xp 00000000 08:05 2239720                    /usr/lib/x86_64-linux-gnu/libogg.so.0.8.2
7ff54f975000-7ff54fb75000 ---p 00007000 08:05 2239720                    /usr/lib/x86_64-linux-gnu/libogg.so.0.8.2
7ff54fb75000-7ff54fb76000 r--p 00007000 08:05 2239720                    /usr/lib/x86_64-linux-gnu/libogg.so.0.8.2
7ff54fb76000-7ff54fb77000 rw-p 00008000 08:05 2239720                    /usr/lib/x86_64-linux-gnu/libogg.so.0.8.2
7ff54fb77000-7ff54fba1000 r-xp 00000000 08:05 2240153                    /usr/lib/x86_64-linux-gnu/libvorbis.so.0.4.8
7ff54fba1000-7ff54fda1000 ---p 0002a000 08:05 2240153                    /usr/lib/x86_64-linux-gnu/libvorbis.so.0.4.8
7ff54fda1000-7ff54fda2000 r--p 0002a000 08:05 2240153                    /usr/lib/x86_64-linux-gnu/libvorbis.so.0.4.8
7ff54fda2000-7ff54fda3000 rw-p 0002b000 08:05 2240153                    /usr/lib/x86_64-linux-gnu/libvorbis.so.0.4.8
7ff54fda3000-7ff54fdab000 r-xp 00000000 08:05 2239564                    /usr/lib/x86_64-linux-gnu/libltdl.so.7.3.1
7ff54fdab000-7ff54ffab000 ---p 00008000 08:05 2239564                    /usr/lib/x86_64-linux-gnu/libltdl.so.7.3.1
7ff54ffab000-7ff54ffac000 r--p 00008000 08:05 2239564                    /usr/lib/x86_64-linux-gnu/libltdl.so.7.3.1
7ff54ffac000-7ff54ffad000 rw-p 00009000 08:05 2239564                    /usr/lib/x86_64-linux-gnu/libltdl.so.7.3.1
7ff54ffad000-7ff54ffc1000 r-xp 00000000 08:05 2239986                    /usr/lib/x86_64-linux-gnu/libtdb.so.1.3.9
7ff54ffc1000-7ff5501c0000 ---p 00014000 08:05 2239986                    /usr/lib/x86_64-linux-gnu/libtdb.so.1.3.9
7ff5501c0000-7ff5501c1000 r--p 00013000 08:05 2239986                    /usr/lib/x86_64-linux-gnu/libtdb.so.1.3.9
7ff5501c1000-7ff5501c2000 rw-p 00014000 08:05 2239986                    /usr/lib/x86_64-linux-gnu/libtdb.so.1.3.9
7ff5501c2000-7ff5501c9000 r-xp 00000000 08:05 2240157                    /usr/lib/x86_64-linux-gnu/libvorbisfile.so.3.3.7
7ff5501c9000-7ff5503c9000 ---p 00007000 08:05 2240157                    /usr/lib/x86_64-linux-gnu/libvorbisfile.so.3.3.7
7ff5503c9000-7ff5503ca000 r--p 00007000 08:05 2240157                    /usr/lib/x86_64-linux-gnu/libvorbisfile.so.3.3.7
7ff5503ca000-7ff5503cb000 rw-p 00008000 08:05 2240157                    /usr/lib/x86_64-linux-gnu/libvorbisfile.so.3.3.7
7ff5503cb000-7ff5503db000 r-xp 00000000 08:05 2238920                    /usr/lib/x86_64-linux-gnu/libcanberra.so.0.2.5
7ff5503db000-7ff5505db000 ---p 00010000 08:05 2238920                    /usr/lib/x86_64-linux-gnu/libcanberra.so.0.2.5
7ff5505db000-7ff5505dc000 r--p 00010000 08:05 2238920                    /usr/lib/x86_64-linux-gnu/libcanberra.so.0.2.5
7ff5505dc000-7ff5505dd000 rw-p 00011000 08:05 2238920                    /usr/lib/x86_64-linux-gnu/libcanberra.so.0.2.5
7ff5505dd000-7ff5505e1000 r-xp 00000000 08:05 2238916                    /usr/lib/x86_64-linux-gnu/libcanberra-gtk.so.0.1.9
7ff5505e1000-7ff5507e0000 ---p 00004000 08:05 2238916                    /usr/lib/x86_64-linux-gnu/libcanberra-gtk.so.0.1.9
7ff5507e0000-7ff5507e1000 r--p 00003000 08:05 2238916                    /usr/lib/x86_64-linux-gnu/libcanberra-gtk.so.0.1.9
7ff5507e1000-7ff5507e2000 rw-p 00004000 08:05 2238916                    /usr/lib/x86_64-linux-gnu/libcanberra-gtk.so.0.1.9
7ff5507e2000-7ff5507e7000 r-xp 00000000 08:05 133969                     /usr/lib/x86_64-linux-gnu/gtk-2.0/modules/libcanberra-gtk-module.so
7ff5507e7000-7ff5509e6000 ---p 00005000 08:05 133969                     /usr/lib/x86_64-linux-gnu/gtk-2.0/modules/libcanberra-gtk-module.so
7ff5509e6000-7ff5509e7000 r--p 00004000 08:05 133969                     /usr/lib/x86_64-linux-gnu/gtk-2.0/modules/libcanberra-gtk-module.so
7ff5509e7000-7ff5509e8000 rw-p 00005000 08:05 133969                     /usr/lib/x86_64-linux-gnu/gtk-2.0/modules/libcanberra-gtk-module.so
7ff5509e8000-7ff550a18000 r-xp 00000000 08:05 133951                     /usr/lib/x86_64-linux-gnu/gtk-2.0/2.10.0/engines/libmurrine.so
7ff550a18000-7ff550c18000 ---p 00030000 08:05 133951                     /usr/lib/x86_64-linux-gnu/gtk-2.0/2.10.0/engines/libmurrine.so
7ff550c18000-7ff550c19000 r--p 00030000 08:05 133951                     /usr/lib/x86_64-linux-gnu/gtk-2.0/2.10.0/engines/libmurrine.so
7ff550c19000-7ff550c1a000 rw-p 00031000 08:05 133951                     /usr/lib/x86_64-linux-gnu/gtk-2.0/2.10.0/engines/libmurrine.so
7ff550c1a000-7ff550c2a000 r-xp 00000000 08:05 2240079                    /usr/lib/x86_64-linux-gnu/libunity-gtk2-parser.so.0.0.0
7ff550c2a000-7ff550e2a000 ---p 00010000 08:05 2240079                    /usr/lib/x86_64-linux-gnu/libunity-gtk2-parser.so.0.0.0
7ff550e2a000-7ff550e2b000 r--p 00010000 08:05 2240079                    /usr/lib/x86_64-linux-gnu/libunity-gtk2-parser.so.0.0.0
7ff550e2b000-7ff550e2c000 rw-p 00011000 08:05 2240079                    /usr/lib/x86_64-linux-gnu/libunity-gtk2-parser.so.0.0.0
7ff550e2c000-7ff550e31000 r-xp 00000000 08:05 133973                     /usr/lib/x86_64-linux-gnu/gtk-2.0/modules/libunity-gtk-module.so
7ff550e31000-7ff551030000 ---p 00005000 08:05 133973                     /usr/lib/x86_64-linux-gnu/gtk-2.0/modules/libunity-gtk-module.so
7ff551030000-7ff551031000 r--p 00004000 08:05 133973                     /usr/lib/x86_64-linux-gnu/gtk-2.0/modules/libunity-gtk-module.so
7ff551031000-7ff551032000 rw-p 00005000 08:05 133973                     /usr/lib/x86_64-linux-gnu/gtk-2.0/modules/libunity-gtk-module.so
7ff551032000-7ff551054000 r-xp 00000000 08:05 398679                     /lib/x86_64-linux-gnu/liblzma.so.5.0.0
7ff551054000-7ff551253000 ---p 00022000 08:05 398679                     /lib/x86_64-linux-gnu/liblzma.so.5.0.0
7ff551253000-7ff551254000 r--p 00021000 08:05 398679                     /lib/x86_64-linux-gnu/liblzma.so.5.0.0
7ff551254000-7ff551255000 rw-p 00022000 08:05 398679                     /lib/x86_64-linux-gnu/liblzma.so.5.0.0
7ff551255000-7ff55129f000 r-xp 00000000 08:05 399570                     /lib/x86_64-linux-gnu/libdbus-1.so.3.14.7
7ff55129f000-7ff55149f000 ---p 0004a000 08:05 399570                     /lib/x86_64-linux-gnu/libdbus-1.so.3.14.7
7ff55149f000-7ff5514a0000 r--p 0004a000 08:05 399570                     /lib/x86_64-linux-gnu/libdbus-1.so.3.14.7
7ff5514a0000-7ff5514a1000 rw-p 0004b000 08:05 399570                     /lib/x86_64-linux-gnu/libdbus-1.so.3.14.7
7ff5514a1000-7ff5514cd000 r-xp 00000000 08:05 2238852                    /usr/lib/x86_64-linux-gnu/libatspi.so.0.0.1
7ff5514cd000-7ff5516cc000 ---p 0002c000 08:05 2238852                    /usr/lib/x86_64-linux-gnu/libatspi.so.0.0.1
7ff5516cc000-7ff5516cf000 r--p 0002b000 08:05 2238852                    /usr/lib/x86_64-linux-gnu/libatspi.so.0.0.1
7ff5516cf000-7ff5516d0000 rw-p 0002e000 08:05 2238852                    /usr/lib/x86_64-linux-gnu/libatspi.so.0.0.1
7ff5516d0000-7ff5516fd000 r-xp 00000000 08:05 2238846                    /usr/lib/x86_64-linux-gnu/libatk-bridge-2.0.so.0.0.0
7ff5516fd000-7ff5518fc000 ---p 0002d000 08:05 2238846                    /usr/lib/x86_64-linux-gnu/libatk-bridge-2.0.so.0.0.0
7ff5518fc000-7ff5518fd000 r--p 0002c000 08:05 2238846                    /usr/lib/x86_64-linux-gnu/libatk-bridge-2.0.so.0.0.0
7ff5518fd000-7ff5518ff000 rw-p 0002d000 08:05 2238846                    /usr/lib/x86_64-linux-gnu/libatk-bridge-2.0.so.0.0.0
7ff5518ff000-7ff551900000 r-xp 00000000 08:05 133968                     /usr/lib/x86_64-linux-gnu/gtk-2.0/modules/libatk-bridge.so
7ff551900000-7ff551aff000 ---p 00001000 08:05 133968                     /usr/lib/x86_64-linux-gnu/gtk-2.0/modules/libatk-bridge.so
7ff551aff000-7ff551b00000 r--p 00000000 08:05 133968                     /usr/lib/x86_64-linux-gnu/gtk-2.0/modules/libatk-bridge.so
7ff551b00000-7ff551b01000 rw-p 00001000 08:05 133968                     /usr/lib/x86_64-linux-gnu/gtk-2.0/modules/libatk-bridge.so
7ff551b01000-7ff551b08000 r-xp 00000000 08:05 2228785                    /usr/lib/x86_64-linux-gnu/libgailutil.so.18.0.1
7ff551b08000-7ff551d07000 ---p 00007000 08:05 2228785                    /usr/lib/x86_64-linux-gnu/libgailutil.so.18.0.1
7ff551d07000-7ff551d08000 r--p 00006000 08:05 2228785                    /usr/lib/x86_64-linux-gnu/libgailutil.so.18.0.1
7ff551d08000-7ff551d09000 rw-p 00007000 08:05 2228785                    /usr/lib/x86_64-linux-gnu/libgailutil.so.18.0.1
7ff551d09000-7ff551d57000 r-xp 00000000 08:05 132695                     /usr/lib/x86_64-linux-gnu/gtk-2.0/modules/libgail.so
7ff551d57000-7ff551f56000 ---p 0004e000 08:05 132695                     /usr/lib/x86_64-linux-gnu/gtk-2.0/modules/libgail.so
7ff551f56000-7ff551f57000 r--p 0004d000 08:05 132695                     /usr/lib/x86_64-linux-gnu/gtk-2.0/modules/libgail.so
7ff551f57000-7ff551f59000 rw-p 0004e000 08:05 132695                     /usr/lib/x86_64-linux-gnu/gtk-2.0/modules/libgail.so
7ff551f59000-7ff551f6a000 r-xp 00000000 08:05 132122                     /usr/lib/x86_64-linux-gnu/gtk-2.0/modules/liboverlay-scrollbar.so
7ff551f6a000-7ff55216a000 ---p 00011000 08:05 132122                     /usr/lib/x86_64-linux-gnu/gtk-2.0/modules/liboverlay-scrollbar.so
7ff55216a000-7ff55216b000 r--p 00011000 08:05 132122                     /usr/lib/x86_64-linux-gnu/gtk-2.0/modules/liboverlay-scrollbar.so
7ff55216b000-7ff55216c000 rw-p 00012000 08:05 132122                     /usr/lib/x86_64-linux-gnu/gtk-2.0/modules/liboverlay-scrollbar.so
7ff55216c000-7ff552195000 r-xp 00000000 08:05 2243370                    /usr/lib/jvm/java-8-oracle/jre/lib/amd64/libglass.so
7ff552195000-7ff552394000 ---p 00029000 08:05 2243370                    /usr/lib/jvm/java-8-oracle/jre/lib/amd64/libglass.so
7ff552394000-7ff552397000 rw-p 00028000 08:05 2243370                    /usr/lib/jvm/java-8-oracle/jre/lib/amd64/libglass.so
7ff552397000-7ff5523ce000 r-xp 00000000 08:05 2240033                    /usr/lib/x86_64-linux-gnu/libtxc_dxtn_s2tc.so.0.0.0
7ff5523ce000-7ff5525cd000 ---p 00037000 08:05 2240033                    /usr/lib/x86_64-linux-gnu/libtxc_dxtn_s2tc.so.0.0.0
7ff5525cd000-7ff5525ce000 r--p 00036000 08:05 2240033                    /usr/lib/x86_64-linux-gnu/libtxc_dxtn_s2tc.so.0.0.0
7ff5525ce000-7ff5525cf000 rw-p 00037000 08:05 2240033                    /usr/lib/x86_64-linux-gnu/libtxc_dxtn_s2tc.so.0.0.0
7ff5525cf000-7ff5525d7000 r-xp 00000000 08:05 2239767                    /usr/lib/x86_64-linux-gnu/libpciaccess.so.0.11.1
7ff5525d7000-7ff5527d7000 ---p 00008000 08:05 2239767                    /usr/lib/x86_64-linux-gnu/libpciaccess.so.0.11.1
7ff5527d7000-7ff5527d8000 r--p 00008000 08:05 2239767                    /usr/lib/x86_64-linux-gnu/libpciaccess.so.0.11.1
7ff5527d8000-7ff5527d9000 rw-p 00009000 08:05 2239767                    /usr/lib/x86_64-linux-gnu/libpciaccess.so.0.11.1
7ff5527d9000-7ff5527eb000 r-xp 00000000 08:05 398660                     /lib/x86_64-linux-gnu/libgpg-error.so.0.19.1
7ff5527eb000-7ff5529eb000 ---p 00012000 08:05 398660                     /lib/x86_64-linux-gnu/libgpg-error.so.0.19.1
7ff5529eb000-7ff5529ec000 r--p 00012000 08:05 398660                     /lib/x86_64-linux-gnu/libgpg-error.so.0.19.1
7ff5529ec000-7ff5529ed000 rw-p 00013000 08:05 398660                     /lib/x86_64-linux-gnu/libgpg-error.so.0.19.1
7ff5529ed000-7ff5529f8000 r-xp 00000000 08:05 2239069                    /usr/lib/x86_64-linux-gnu/libdrm_radeon.so.1.0.1
7ff5529f8000-7ff552bf7000 ---p 0000b000 08:05 2239069                    /usr/lib/x86_64-linux-gnu/libdrm_radeon.so.1.0.1
7ff552bf7000-7ff552bf8000 r--p 0000a000 08:05 2239069                    /usr/lib/x86_64-linux-gnu/libdrm_radeon.so.1.0.1
7ff552bf8000-7ff552bf9000 rw-p 0000b000 08:05 2239069                    /usr/lib/x86_64-linux-gnu/libdrm_radeon.so.1.0.1
7ff552bf9000-7ff552c00000 r-xp 00000000 08:05 2239067                    /usr/lib/x86_64-linux-gnu/libdrm_nouveau.so.2.0.0
7ff552c00000-7ff552dff000 ---p 00007000 08:05 2239067                    /usr/lib/x86_64-linux-gnu/libdrm_nouveau.so.2.0.0
7ff552dff000-7ff552e00000 r--p 00006000 08:05 2239067                    /usr/lib/x86_64-linux-gnu/libdrm_nouveau.so.2.0.0
7ff552e00000-7ff552e01000 rw-p 00007000 08:05 2239067                    /usr/lib/x86_64-linux-gnu/libdrm_nouveau.so.2.0.0
7ff552e01000-7ff552e21000 r-xp 00000000 08:05 2239065                    /usr/lib/x86_64-linux-gnu/libdrm_intel.so.1.0.0
7ff552e21000-7ff553020000 ---p 00020000 08:05 2239065                    /usr/lib/x86_64-linux-gnu/libdrm_intel.so.1.0.0
7ff553020000-7ff553021000 r--p 0001f000 08:05 2239065                    /usr/lib/x86_64-linux-gnu/libdrm_intel.so.1.0.0
7ff553021000-7ff553022000 rw-p 00020000 08:05 2239065                    /usr/lib/x86_64-linux-gnu/libdrm_intel.so.1.0.0
7ff553022000-7ff553129000 r-xp 00000000 08:05 398656                     /lib/x86_64-linux-gnu/libgcrypt.so.20.1.2
7ff553129000-7ff553328000 ---p 00107000 08:05 398656                     /lib/x86_64-linux-gnu/libgcrypt.so.20.1.2
7ff553328000-7ff55332a000 r--p 00106000 08:05 398656                     /lib/x86_64-linux-gnu/libgcrypt.so.20.1.2
7ff55332a000-7ff553331000 rw-p 00108000 08:05 398656                     /lib/x86_64-linux-gnu/libgcrypt.so.20.1.2
7ff553331000-7ff5539d4000 r-xp 00000000 08:05 133427                     /usr/lib/x86_64-linux-gnu/dri/i965_dri.so
7ff5539d4000-7ff553bd3000 ---p 006a3000 08:05 133427                     /usr/lib/x86_64-linux-gnu/dri/i965_dri.so
7ff553bd3000-7ff553c12000 r--p 006a2000 08:05 133427                     /usr/lib/x86_64-linux-gnu/dri/i965_dri.so
7ff553c12000-7ff553c1a000 rw-p 006e1000 08:05 133427                     /usr/lib/x86_64-linux-gnu/dri/i965_dri.so
7ff553c1a000-7ff553c22000 rw-p 00000000 00:00 0 
7ff553c22000-7ff553c26000 r-xp 00000000 08:05 398105                     /lib/x86_64-linux-gnu/libuuid.so.1.3.0
7ff553c26000-7ff553e25000 ---p 00004000 08:05 398105                     /lib/x86_64-linux-gnu/libuuid.so.1.3.0
7ff553e25000-7ff553e26000 r--p 00003000 08:05 398105                     /lib/x86_64-linux-gnu/libuuid.so.1.3.0
7ff553e26000-7ff553e27000 rw-p 00004000 08:05 398105                     /lib/x86_64-linux-gnu/libuuid.so.1.3.0
7ff553e27000-7ff553e2d000 r-xp 00000000 08:05 2239010                    /usr/lib/x86_64-linux-gnu/libdatrie.so.1.3.3
7ff553e2d000-7ff55402d000 ---p 00006000 08:05 2239010                    /usr/lib/x86_64-linux-gnu/libdatrie.so.1.3.3
7ff55402d000-7ff55402e000 r--p 00006000 08:05 2239010                    /usr/lib/x86_64-linux-gnu/libdatrie.so.1.3.3
7ff55402e000-7ff55402f000 rw-p 00007000 08:05 2239010                    /usr/lib/x86_64-linux-gnu/libdatrie.so.1.3.3
7ff55402f000-7ff554034000 r-xp 00000000 08:05 2238755                    /usr/lib/x86_64-linux-gnu/libXdmcp.so.6.0.0
7ff554034000-7ff554233000 ---p 00005000 08:05 2238755                    /usr/lib/x86_64-linux-gnu/libXdmcp.so.6.0.0
7ff554233000-7ff554234000 r--p 00004000 08:05 2238755                    /usr/lib/x86_64-linux-gnu/libXdmcp.so.6.0.0
7ff554234000-7ff554235000 rw-p 00005000 08:05 2238755                    /usr/lib/x86_64-linux-gnu/libXdmcp.so.6.0.0
7ff554235000-7ff554237000 r-xp 00000000 08:05 2238744                    /usr/lib/x86_64-linux-gnu/libXau.so.6.0.0
7ff554237000-7ff554437000 ---p 00002000 08:05 2238744                    /usr/lib/x86_64-linux-gnu/libXau.so.6.0.0
7ff554437000-7ff554438000 r--p 00002000 08:05 2238744                    /usr/lib/x86_64-linux-gnu/libXau.so.6.0.0
7ff554438000-7ff554439000 rw-p 00003000 08:05 2238744                    /usr/lib/x86_64-linux-gnu/libXau.so.6.0.0
7ff554439000-7ff55445c000 r-xp 00000000 08:05 2239322                    /usr/lib/x86_64-linux-gnu/libgraphite2.so.3.0.1
7ff55445c000-7ff55465b000 ---p 00023000 08:05 2239322                    /usr/lib/x86_64-linux-gnu/libgraphite2.so.3.0.1
7ff55465b000-7ff55465d000 r--p 00022000 08:05 2239322                    /usr/lib/x86_64-linux-gnu/libgraphite2.so.3.0.1
7ff55465d000-7ff55465e000 rw-p 00024000 08:05 2239322                    /usr/lib/x86_64-linux-gnu/libgraphite2.so.3.0.1
7ff55465e000-7ff55469b000 r-xp 00000000 08:05 398114                     /lib/x86_64-linux-gnu/libblkid.so.1.1.0
7ff55469b000-7ff55489a000 ---p 0003d000 08:05 398114                     /lib/x86_64-linux-gnu/libblkid.so.1.1.0
7ff55489a000-7ff55489e000 r--p 0003c000 08:05 398114                     /lib/x86_64-linux-gnu/libblkid.so.1.1.0
7ff55489e000-7ff55489f000 rw-p 00040000 08:05 398114                     /lib/x86_64-linux-gnu/libblkid.so.1.1.0
7ff55489f000-7ff5548a0000 rw-p 00000000 00:00 0 
7ff5548a0000-7ff5548ae000 r-xp 00000000 08:05 2239061                    /usr/lib/x86_64-linux-gnu/libdrm.so.2.4.0
7ff5548ae000-7ff554aad000 ---p 0000e000 08:05 2239061                    /usr/lib/x86_64-linux-gnu/libdrm.so.2.4.0
7ff554aad000-7ff554aae000 r--p 0000d000 08:05 2239061                    /usr/lib/x86_64-linux-gnu/libdrm.so.2.4.0
7ff554aae000-7ff554aaf000 rw-p 0000e000 08:05 2239061                    /usr/lib/x86_64-linux-gnu/libdrm.so.2.4.0
7ff554aaf000-7ff554ab3000 r-xp 00000000 08:05 2240244                    /usr/lib/x86_64-linux-gnu/libxcb-dri2.so.0.0.0
7ff554ab3000-7ff554cb2000 ---p 00004000 08:05 2240244                    /usr/lib/x86_64-linux-gnu/libxcb-dri2.so.0.0.0
7ff554cb2000-7ff554cb3000 r--p 00003000 08:05 2240244                    /usr/lib/x86_64-linux-gnu/libxcb-dri2.so.0.0.0
7ff554cb3000-7ff554cb4000 rw-p 00004000 08:05 2240244                    /usr/lib/x86_64-linux-gnu/libxcb-dri2.so.0.0.0
7ff554cb4000-7ff554ccb000 r-xp 00000000 08:05 2240248                    /usr/lib/x86_64-linux-gnu/libxcb-glx.so.0.0.0
7ff554ccb000-7ff554eca000 ---p 00017000 08:05 2240248                    /usr/lib/x86_64-linux-gnu/libxcb-glx.so.0.0.0
7ff554eca000-7ff554ecc000 r--p 00016000 08:05 2240248                    /usr/lib/x86_64-linux-gnu/libxcb-glx.so.0.0.0
7ff554ecc000-7ff554ecd000 rw-p 00018000 08:05 2240248                    /usr/lib/x86_64-linux-gnu/libxcb-glx.so.0.0.0
7ff554ecd000-7ff554ece000 r-xp 00000000 08:05 2238738                    /usr/lib/x86_64-linux-gnu/libX11-xcb.so.1.0.0
7ff554ece000-7ff5550cd000 ---p 00001000 08:05 2238738                    /usr/lib/x86_64-linux-gnu/libX11-xcb.so.1.0.0
7ff5550cd000-7ff5550ce000 r--p 00000000 08:05 2238738                    /usr/lib/x86_64-linux-gnu/libX11-xcb.so.1.0.0
7ff5550ce000-7ff5550cf000 rw-p 00001000 08:05 2238738                    /usr/lib/x86_64-linux-gnu/libX11-xcb.so.1.0.0
7ff5550cf000-7ff5550f8000 r-xp 00000000 08:05 2231673                    /usr/lib/x86_64-linux-gnu/libglapi.so.0.0.0
7ff5550f8000-7ff5552f7000 ---p 00029000 08:05 2231673                    /usr/lib/x86_64-linux-gnu/libglapi.so.0.0.0
7ff5552f7000-7ff5552fb000 r--p 00028000 08:05 2231673                    /usr/lib/x86_64-linux-gnu/libglapi.so.0.0.0
7ff5552fb000-7ff5552fc000 rw-p 0002c000 08:05 2231673                    /usr/lib/x86_64-linux-gnu/libglapi.so.0.0.0
7ff5552fc000-7ff5552fd000 rw-p 00000000 00:00 0 
7ff5552fd000-7ff5552fe000 r-xp 00000000 08:05 2240290                    /usr/lib/x86_64-linux-gnu/libxshmfence.so.1.0.0
7ff5552fe000-7ff5554fe000 ---p 00001000 08:05 2240290                    /usr/lib/x86_64-linux-gnu/libxshmfence.so.1.0.0
7ff5554fe000-7ff5554ff000 r--p 00001000 08:05 2240290                    /usr/lib/x86_64-linux-gnu/libxshmfence.so.1.0.0
7ff5554ff000-7ff555500000 rw-p 00002000 08:05 2240290                    /usr/lib/x86_64-linux-gnu/libxshmfence.so.1.0.0
7ff555500000-7ff555505000 r-xp 00000000 08:05 2240268                    /usr/lib/x86_64-linux-gnu/libxcb-sync.so.1.0.0
7ff555505000-7ff555705000 ---p 00005000 08:05 2240268                    /usr/lib/x86_64-linux-gnu/libxcb-sync.so.1.0.0
7ff555705000-7ff555706000 r--p 00005000 08:05 2240268                    /usr/lib/x86_64-linux-gnu/libxcb-sync.so.1.0.0
7ff555706000-7ff555707000 rw-p 00006000 08:05 2240268                    /usr/lib/x86_64-linux-gnu/libxcb-sync.so.1.0.0
7ff555707000-7ff555709000 r-xp 00000000 08:05 2240256                    /usr/lib/x86_64-linux-gnu/libxcb-present.so.0.0.0
7ff555709000-7ff555908000 ---p 00002000 08:05 2240256                    /usr/lib/x86_64-linux-gnu/libxcb-present.so.0.0.0
7ff555908000-7ff555909000 r--p 00001000 08:05 2240256                    /usr/lib/x86_64-linux-gnu/libxcb-present.so.0.0.0
7ff555909000-7ff55590a000 rw-p 00002000 08:05 2240256                    /usr/lib/x86_64-linux-gnu/libxcb-present.so.0.0.0
7ff55590a000-7ff55590c000 r-xp 00000000 08:05 2240246                    /usr/lib/x86_64-linux-gnu/libxcb-dri3.so.0.0.0
7ff55590c000-7ff555b0b000 ---p 00002000 08:05 2240246                    /usr/lib/x86_64-linux-gnu/libxcb-dri3.so.0.0.0
7ff555b0b000-7ff555b0c000 r--p 00001000 08:05 2240246                    /usr/lib/x86_64-linux-gnu/libxcb-dri3.so.0.0.0
7ff555b0c000-7ff555b0d000 rw-p 00002000 08:05 2240246                    /usr/lib/x86_64-linux-gnu/libxcb-dri3.so.0.0.0
7ff555b0d000-7ff555b7f000 r-xp 00000000 08:05 398742                     /lib/x86_64-linux-gnu/libpcre.so.3.13.3
7ff555b7f000-7ff555d7e000 ---p 00072000 08:05 398742                     /lib/x86_64-linux-gnu/libpcre.so.3.13.3
7ff555d7e000-7ff555d7f000 r--p 00071000 08:05 398742                     /lib/x86_64-linux-gnu/libpcre.so.3.13.3
7ff555d7f000-7ff555d80000 rw-p 00072000 08:05 398742                     /lib/x86_64-linux-gnu/libpcre.so.3.13.3
7ff555d80000-7ff555d87000 r-xp 00000000 08:05 2239141                    /usr/lib/x86_64-linux-gnu/libffi.so.6.0.4
7ff555d87000-7ff555f86000 ---p 00007000 08:05 2239141                    /usr/lib/x86_64-linux-gnu/libffi.so.6.0.4
7ff555f86000-7ff555f87000 r--p 00006000 08:05 2239141                    /usr/lib/x86_64-linux-gnu/libffi.so.6.0.4
7ff555f87000-7ff555f88000 rw-p 00007000 08:05 2239141                    /usr/lib/x86_64-linux-gnu/libffi.so.6.0.4
7ff555f88000-7ff555faf000 r-xp 00000000 08:05 398647                     /lib/x86_64-linux-gnu/libexpat.so.1.6.2
7ff555faf000-7ff5561af000 ---p 00027000 08:05 398647                     /lib/x86_64-linux-gnu/libexpat.so.1.6.2
7ff5561af000-7ff5561b1000 r--p 00027000 08:05 398647                     /lib/x86_64-linux-gnu/libexpat.so.1.6.2
7ff5561b1000-7ff5561b2000 rw-p 00029000 08:05 398647                     /lib/x86_64-linux-gnu/libexpat.so.1.6.2
7ff5561b2000-7ff5561ba000 r-xp 00000000 08:05 2240000                    /usr/lib/x86_64-linux-gnu/libthai.so.0.3.0
7ff5561ba000-7ff5563b9000 ---p 00008000 08:05 2240000                    /usr/lib/x86_64-linux-gnu/libthai.so.0.3.0
7ff5563b9000-7ff5563ba000 r--p 00007000 08:05 2240000                    /usr/lib/x86_64-linux-gnu/libthai.so.0.3.0
7ff5563ba000-7ff5563bb000 rw-p 00008000 08:05 2240000                    /usr/lib/x86_64-linux-gnu/libthai.so.0.3.0
7ff5563bb000-7ff5563dc000 r-xp 00000000 08:05 2240278                    /usr/lib/x86_64-linux-gnu/libxcb.so.1.1.0
7ff5563dc000-7ff5565db000 ---p 00021000 08:05 2240278                    /usr/lib/x86_64-linux-gnu/libxcb.so.1.1.0
7ff5565db000-7ff5565dc000 r--p 00020000 08:05 2240278                    /usr/lib/x86_64-linux-gnu/libxcb.so.1.1.0
7ff5565dc000-7ff5565dd000 rw-p 00021000 08:05 2240278                    /usr/lib/x86_64-linux-gnu/libxcb.so.1.1.0
7ff5565dd000-7ff5565e5000 r-xp 00000000 08:05 2240262                    /usr/lib/x86_64-linux-gnu/libxcb-render.so.0.0.0
7ff5565e5000-7ff5567e5000 ---p 00008000 08:05 2240262                    /usr/lib/x86_64-linux-gnu/libxcb-render.so.0.0.0
7ff5567e5000-7ff5567e6000 r--p 00008000 08:05 2240262                    /usr/lib/x86_64-linux-gnu/libxcb-render.so.0.0.0
7ff5567e6000-7ff5567e7000 rw-p 00009000 08:05 2240262                    /usr/lib/x86_64-linux-gnu/libxcb-render.so.0.0.0
7ff5567e7000-7ff5567e9000 r-xp 00000000 08:05 2240266                    /usr/lib/x86_64-linux-gnu/libxcb-shm.so.0.0.0
7ff5567e9000-7ff5569e9000 ---p 00002000 08:05 2240266                    /usr/lib/x86_64-linux-gnu/libxcb-shm.so.0.0.0
7ff5569e9000-7ff5569ea000 r--p 00002000 08:05 2240266                    /usr/lib/x86_64-linux-gnu/libxcb-shm.so.0.0.0
7ff5569ea000-7ff5569eb000 rw-p 00003000 08:05 2240266                    /usr/lib/x86_64-linux-gnu/libxcb-shm.so.0.0.0
7ff5569eb000-7ff556a1c000 r-xp 00000000 08:05 2239791                    /usr/lib/x86_64-linux-gnu/libpng16.so.16.25.0
7ff556a1c000-7ff556c1b000 ---p 00031000 08:05 2239791                    /usr/lib/x86_64-linux-gnu/libpng16.so.16.25.0
7ff556c1b000-7ff556c1c000 r--p 00030000 08:05 2239791                    /usr/lib/x86_64-linux-gnu/libpng16.so.16.25.0
7ff556c1c000-7ff556c1d000 rw-p 00031000 08:05 2239791                    /usr/lib/x86_64-linux-gnu/libpng16.so.16.25.0
7ff556c1d000-7ff556cbc000 r-xp 00000000 08:05 2239783                    /usr/lib/x86_64-linux-gnu/libpixman-1.so.0.33.6
7ff556cbc000-7ff556ebc000 ---p 0009f000 08:05 2239783                    /usr/lib/x86_64-linux-gnu/libpixman-1.so.0.33.6
7ff556ebc000-7ff556ec4000 r--p 0009f000 08:05 2239783                    /usr/lib/x86_64-linux-gnu/libpixman-1.so.0.33.6
7ff556ec4000-7ff556ec5000 rw-p 000a7000 08:05 2239783                    /usr/lib/x86_64-linux-gnu/libpixman-1.so.0.33.6
7ff556ec5000-7ff556f43000 r-xp 00000000 08:05 2239412                    /usr/lib/x86_64-linux-gnu/libharfbuzz.so.0.10200.7
7ff556f43000-7ff557143000 ---p 0007e000 08:05 2239412                    /usr/lib/x86_64-linux-gnu/libharfbuzz.so.0.10200.7
7ff557143000-7ff557144000 r--p 0007e000 08:05 2239412                    /usr/lib/x86_64-linux-gnu/libharfbuzz.so.0.10200.7
7ff557144000-7ff557145000 rw-p 0007f000 08:05 2239412                    /usr/lib/x86_64-linux-gnu/libharfbuzz.so.0.10200.7
7ff557145000-7ff55718b000 r-xp 00000000 08:05 398122                     /lib/x86_64-linux-gnu/libmount.so.1.1.0
7ff55718b000-7ff55738a000 ---p 00046000 08:05 398122                     /lib/x86_64-linux-gnu/libmount.so.1.1.0
7ff55738a000-7ff55738b000 r--p 00045000 08:05 398122                     /lib/x86_64-linux-gnu/libmount.so.1.1.0
7ff55738b000-7ff55738c000 rw-p 00046000 08:05 398122                     /lib/x86_64-linux-gnu/libmount.so.1.1.0
7ff55738c000-7ff55738d000 rw-p 00000000 00:00 0 
7ff55738d000-7ff5573a4000 r-xp 00000000 08:05 409762                     /lib/x86_64-linux-gnu/libresolv-2.24.so
7ff5573a4000-7ff5575a4000 ---p 00017000 08:05 409762                     /lib/x86_64-linux-gnu/libresolv-2.24.so
7ff5575a4000-7ff5575a5000 r--p 00017000 08:05 409762                     /lib/x86_64-linux-gnu/libresolv-2.24.so
7ff5575a5000-7ff5575a6000 rw-p 00018000 08:05 409762                     /lib/x86_64-linux-gnu/libresolv-2.24.so
7ff5575a6000-7ff5575a8000 rw-p 00000000 00:00 0 
7ff5575a8000-7ff5575cb000 r-xp 00000000 08:05 398769                     /lib/x86_64-linux-gnu/libselinux.so.1
7ff5575cb000-7ff5577ca000 ---p 00023000 08:05 398769                     /lib/x86_64-linux-gnu/libselinux.so.1
7ff5577ca000-7ff5577cb000 r--p 00022000 08:05 398769                     /lib/x86_64-linux-gnu/libselinux.so.1
7ff5577cb000-7ff5577cc000 rw-p 00023000 08:05 398769                     /lib/x86_64-linux-gnu/libselinux.so.1
7ff5577cc000-7ff5577ce000 rw-p 00000000 00:00 0 
7ff5577ce000-7ff5577e7000 r-xp 00000000 08:05 398798                     /lib/x86_64-linux-gnu/libz.so.1.2.8
7ff5577e7000-7ff5579e6000 ---p 00019000 08:05 398798                     /lib/x86_64-linux-gnu/libz.so.1.2.8
7ff5579e6000-7ff5579e7000 r--p 00018000 08:05 398798                     /lib/x86_64-linux-gnu/libz.so.1.2.8
7ff5579e7000-7ff5579e8000 rw-p 00019000 08:05 398798                     /lib/x86_64-linux-gnu/libz.so.1.2.8
7ff5579e8000-7ff5579f9000 r-xp 00000000 08:05 2238757                    /usr/lib/x86_64-linux-gnu/libXext.so.6.4.0
7ff5579f9000-7ff557bf8000 ---p 00011000 08:05 2238757                    /usr/lib/x86_64-linux-gnu/libXext.so.6.4.0
7ff557bf8000-7ff557bf9000 r--p 00010000 08:05 2238757                    /usr/lib/x86_64-linux-gnu/libXext.so.6.4.0
7ff557bf9000-7ff557bfa000 rw-p 00011000 08:05 2238757                    /usr/lib/x86_64-linux-gnu/libXext.so.6.4.0
7ff557bfa000-7ff557bfc000 r-xp 00000000 08:05 2238753                    /usr/lib/x86_64-linux-gnu/libXdamage.so.1.1.0
7ff557bfc000-7ff557dfb000 ---p 00002000 08:05 2238753                    /usr/lib/x86_64-linux-gnu/libXdamage.so.1.1.0
7ff557dfb000-7ff557dfc000 r--p 00001000 08:05 2238753                    /usr/lib/x86_64-linux-gnu/libXdamage.so.1.1.0
7ff557dfc000-7ff557dfd000 rw-p 00002000 08:05 2238753                    /usr/lib/x86_64-linux-gnu/libXdamage.so.1.1.0
7ff557dfd000-7ff557dff000 r-xp 00000000 08:05 2238749                    /usr/lib/x86_64-linux-gnu/libXcomposite.so.1.0.0
7ff557dff000-7ff557ffe000 ---p 00002000 08:05 2238749                    /usr/lib/x86_64-linux-gnu/libXcomposite.so.1.0.0
7ff557ffe000-7ff557fff000 r--p 00001000 08:05 2238749                    /usr/lib/x86_64-linux-gnu/libXcomposite.so.1.0.0
7ff557fff000-7ff558000000 rw-p 00002000 08:05 2238749                    /usr/lib/x86_64-linux-gnu/libXcomposite.so.1.0.0
7ff558000000-7ff559e63000 rw-p 00000000 00:00 0 
7ff559e63000-7ff55c000000 ---p 00000000 00:00 0 
7ff55c00b000-7ff55c019000 rw-s 00000000 00:05 999633                     /drm mm object (deleted)
7ff55c019000-7ff55c029000 rw-s 00000000 00:05 998219                     /drm mm object (deleted)
7ff55c029000-7ff55c039000 rw-s 00000000 00:05 998217                     /drm mm object (deleted)
7ff55c039000-7ff55c08e000 r--p 00000000 08:05 2243416                    /usr/lib/jvm/java-8-oracle/jre/lib/fonts/LucidaBrightRegular.ttf
7ff55c08e000-7ff55c097000 r-xp 00000000 08:05 2238751                    /usr/lib/x86_64-linux-gnu/libXcursor.so.1.0.2
7ff55c097000-7ff55c296000 ---p 00009000 08:05 2238751                    /usr/lib/x86_64-linux-gnu/libXcursor.so.1.0.2
7ff55c296000-7ff55c297000 r--p 00008000 08:05 2238751                    /usr/lib/x86_64-linux-gnu/libXcursor.so.1.0.2
7ff55c297000-7ff55c298000 rw-p 00009000 08:05 2238751                    /usr/lib/x86_64-linux-gnu/libXcursor.so.1.0.2
7ff55c298000-7ff55c2a2000 r-xp 00000000 08:05 2238775                    /usr/lib/x86_64-linux-gnu/libXrandr.so.2.2.0
7ff55c2a2000-7ff55c4a1000 ---p 0000a000 08:05 2238775                    /usr/lib/x86_64-linux-gnu/libXrandr.so.2.2.0
7ff55c4a1000-7ff55c4a2000 r--p 00009000 08:05 2238775                    /usr/lib/x86_64-linux-gnu/libXrandr.so.2.2.0
7ff55c4a2000-7ff55c4a3000 rw-p 0000a000 08:05 2238775                    /usr/lib/x86_64-linux-gnu/libXrandr.so.2.2.0
7ff55c4a3000-7ff55c4b2000 r-xp 00000000 08:05 2238765                    /usr/lib/x86_64-linux-gnu/libXi.so.6.1.0
7ff55c4b2000-7ff55c6b1000 ---p 0000f000 08:05 2238765                    /usr/lib/x86_64-linux-gnu/libXi.so.6.1.0
7ff55c6b1000-7ff55c6b2000 r--p 0000e000 08:05 2238765                    /usr/lib/x86_64-linux-gnu/libXi.so.6.1.0
7ff55c6b2000-7ff55c6b3000 rw-p 0000f000 08:05 2238765                    /usr/lib/x86_64-linux-gnu/libXi.so.6.1.0
7ff55c6b3000-7ff55c6b5000 r-xp 00000000 08:05 2238767                    /usr/lib/x86_64-linux-gnu/libXinerama.so.1.0.0
7ff55c6b5000-7ff55c8b4000 ---p 00002000 08:05 2238767                    /usr/lib/x86_64-linux-gnu/libXinerama.so.1.0.0
7ff55c8b4000-7ff55c8b5000 r--p 00001000 08:05 2238767                    /usr/lib/x86_64-linux-gnu/libXinerama.so.1.0.0
7ff55c8b5000-7ff55c8b6000 rw-p 00002000 08:05 2238767                    /usr/lib/x86_64-linux-gnu/libXinerama.so.1.0.0
7ff55c8b6000-7ff55c8bf000 r-xp 00000000 08:05 2238777                    /usr/lib/x86_64-linux-gnu/libXrender.so.1.3.0
7ff55c8bf000-7ff55cabe000 ---p 00009000 08:05 2238777                    /usr/lib/x86_64-linux-gnu/libXrender.so.1.3.0
7ff55cabe000-7ff55cabf000 r--p 00008000 08:05 2238777                    /usr/lib/x86_64-linux-gnu/libXrender.so.1.3.0
7ff55cabf000-7ff55cac0000 rw-p 00009000 08:05 2238777                    /usr/lib/x86_64-linux-gnu/libXrender.so.1.3.0
7ff55cac0000-7ff55cac5000 r-xp 00000000 08:05 2238759                    /usr/lib/x86_64-linux-gnu/libXfixes.so.3.1.0
7ff55cac5000-7ff55ccc4000 ---p 00005000 08:05 2238759                    /usr/lib/x86_64-linux-gnu/libXfixes.so.3.1.0
7ff55ccc4000-7ff55ccc5000 r--p 00004000 08:05 2238759                    /usr/lib/x86_64-linux-gnu/libXfixes.so.3.1.0
7ff55ccc5000-7ff55ccc6000 rw-p 00005000 08:05 2238759                    /usr/lib/x86_64-linux-gnu/libXfixes.so.3.1.0
7ff55ccc6000-7ff55ccdc000 r-xp 00000000 08:05 398654                     /lib/x86_64-linux-gnu/libgcc_s.so.1
7ff55ccdc000-7ff55cedb000 ---p 00016000 08:05 398654                     /lib/x86_64-linux-gnu/libgcc_s.so.1
7ff55cedb000-7ff55cedc000 r--p 00015000 08:05 398654                     /lib/x86_64-linux-gnu/libgcc_s.so.1
7ff55cedc000-7ff55cedd000 rw-p 00016000 08:05 398654                     /lib/x86_64-linux-gnu/libgcc_s.so.1
7ff55cedd000-7ff55d055000 r-xp 00000000 08:05 2239972                    /usr/lib/x86_64-linux-gnu/libstdc++.so.6.0.22
7ff55d055000-7ff55d255000 ---p 00178000 08:05 2239972                    /usr/lib/x86_64-linux-gnu/libstdc++.so.6.0.22
7ff55d255000-7ff55d25f000 r--p 00178000 08:05 2239972                    /usr/lib/x86_64-linux-gnu/libstdc++.so.6.0.22
7ff55d25f000-7ff55d261000 rw-p 00182000 08:05 2239972                    /usr/lib/x86_64-linux-gnu/libstdc++.so.6.0.22
7ff55d261000-7ff55d265000 rw-p 00000000 00:00 0 
7ff55d265000-7ff55d2d5000 r-xp 00000000 08:05 133030                     /usr/lib/x86_64-linux-gnu/mesa/libGL.so.1.2.0
7ff55d2d5000-7ff55d4d4000 ---p 00070000 08:05 133030                     /usr/lib/x86_64-linux-gnu/mesa/libGL.so.1.2.0
7ff55d4d4000-7ff55d4d7000 r--p 0006f000 08:05 133030                     /usr/lib/x86_64-linux-gnu/mesa/libGL.so.1.2.0
7ff55d4d7000-7ff55d4d8000 rw-p 00072000 08:05 133030                     /usr/lib/x86_64-linux-gnu/mesa/libGL.so.1.2.0
7ff55d4d8000-7ff55d4d9000 rw-p 00000000 00:00 0 
7ff55d4d9000-7ff55d4de000 r-xp 00000000 08:05 2238793                    /usr/lib/x86_64-linux-gnu/libXxf86vm.so.1.0.0
7ff55d4de000-7ff55d6dd000 ---p 00005000 08:05 2238793                    /usr/lib/x86_64-linux-gnu/libXxf86vm.so.1.0.0
7ff55d6dd000-7ff55d6de000 r--p 00004000 08:05 2238793                    /usr/lib/x86_64-linux-gnu/libXxf86vm.so.1.0.0
7ff55d6de000-7ff55d6df000 rw-p 00005000 08:05 2238793                    /usr/lib/x86_64-linux-gnu/libXxf86vm.so.1.0.0
7ff55d6df000-7ff55d814000 r-xp 00000000 08:05 2238740                    /usr/lib/x86_64-linux-gnu/libX11.so.6.3.0
7ff55d814000-7ff55da13000 ---p 00135000 08:05 2238740                    /usr/lib/x86_64-linux-gnu/libX11.so.6.3.0
7ff55da13000-7ff55da14000 r--p 00134000 08:05 2238740                    /usr/lib/x86_64-linux-gnu/libX11.so.6.3.0
7ff55da14000-7ff55da18000 rw-p 00135000 08:05 2238740                    /usr/lib/x86_64-linux-gnu/libX11.so.6.3.0
7ff55da18000-7ff55da1d000 r-xp 00000000 08:05 2238783                    /usr/lib/x86_64-linux-gnu/libXtst.so.6.1.0
7ff55da1d000-7ff55dc1c000 ---p 00005000 08:05 2238783                    /usr/lib/x86_64-linux-gnu/libXtst.so.6.1.0
7ff55dc1c000-7ff55dc1d000 r--p 00004000 08:05 2238783                    /usr/lib/x86_64-linux-gnu/libXtst.so.6.1.0
7ff55dc1d000-7ff55dc1e000 rw-p 00005000 08:05 2238783                    /usr/lib/x86_64-linux-gnu/libXtst.so.6.1.0
7ff55dc1e000-7ff55dd30000 r-xp 00000000 08:05 399763                     /lib/x86_64-linux-gnu/libglib-2.0.so.0.5000.2
7ff55dd30000-7ff55df2f000 ---p 00112000 08:05 399763                     /lib/x86_64-linux-gnu/libglib-2.0.so.0.5000.2
7ff55df2f000-7ff55df30000 r--p 00111000 08:05 399763                     /lib/x86_64-linux-gnu/libglib-2.0.so.0.5000.2
7ff55df30000-7ff55df31000 rw-p 00112000 08:05 399763                     /lib/x86_64-linux-gnu/libglib-2.0.so.0.5000.2
7ff55df31000-7ff55df32000 rw-p 00000000 00:00 0 
7ff55df32000-7ff55df33000 r-xp 00000000 08:05 2228686                    /usr/lib/x86_64-linux-gnu/libgthread-2.0.so.0.5000.2
7ff55df33000-7ff55e132000 ---p 00001000 08:05 2228686                    /usr/lib/x86_64-linux-gnu/libgthread-2.0.so.0.5000.2
7ff55e132000-7ff55e133000 r--p 00000000 08:05 2228686                    /usr/lib/x86_64-linux-gnu/libgthread-2.0.so.0.5000.2
7ff55e133000-7ff55e134000 rw-p 00001000 08:05 2228686                    /usr/lib/x86_64-linux-gnu/libgthread-2.0.so.0.5000.2
7ff55e134000-7ff55e137000 r-xp 00000000 08:05 2228661                    /usr/lib/x86_64-linux-gnu/libgmodule-2.0.so.0.5000.2
7ff55e137000-7ff55e336000 ---p 00003000 08:05 2228661                    /usr/lib/x86_64-linux-gnu/libgmodule-2.0.so.0.5000.2
7ff55e336000-7ff55e337000 r--p 00002000 08:05 2228661                    /usr/lib/x86_64-linux-gnu/libgmodule-2.0.so.0.5000.2
7ff55e337000-7ff55e338000 rw-p 00003000 08:05 2228661                    /usr/lib/x86_64-linux-gnu/libgmodule-2.0.so.0.5000.2
7ff55e338000-7ff55e38a000 r-xp 00000000 08:05 2228683                    /usr/lib/x86_64-linux-gnu/libgobject-2.0.so.0.5000.2
7ff55e38a000-7ff55e589000 ---p 00052000 08:05 2228683                    /usr/lib/x86_64-linux-gnu/libgobject-2.0.so.0.5000.2
7ff55e589000-7ff55e58a000 r--p 00051000 08:05 2228683                    /usr/lib/x86_64-linux-gnu/libgobject-2.0.so.0.5000.2
7ff55e58a000-7ff55e58b000 rw-p 00052000 08:05 2228683                    /usr/lib/x86_64-linux-gnu/libgobject-2.0.so.0.5000.2
7ff55e58b000-7ff55e5c8000 r-xp 00000000 08:05 2239159                    /usr/lib/x86_64-linux-gnu/libfontconfig.so.1.9.0
7ff55e5c8000-7ff55e7c7000 ---p 0003d000 08:05 2239159                    /usr/lib/x86_64-linux-gnu/libfontconfig.so.1.9.0
7ff55e7c7000-7ff55e7c9000 r--p 0003c000 08:05 2239159                    /usr/lib/x86_64-linux-gnu/libfontconfig.so.1.9.0
7ff55e7c9000-7ff55e7ce000 rw-p 0003e000 08:05 2239159                    /usr/lib/x86_64-linux-gnu/libfontconfig.so.1.9.0
7ff55e7ce000-7ff55e875000 r-xp 00000000 08:05 2229706                    /usr/lib/x86_64-linux-gnu/libfreetype.so.6.12.3
7ff55e875000-7ff55ea74000 ---p 000a7000 08:05 2229706                    /usr/lib/x86_64-linux-gnu/libfreetype.so.6.12.3
7ff55ea74000-7ff55ea7a000 r--p 000a6000 08:05 2229706                    /usr/lib/x86_64-linux-gnu/libfreetype.so.6.12.3
7ff55ea7a000-7ff55ea7b000 rw-p 000ac000 08:05 2229706                    /usr/lib/x86_64-linux-gnu/libfreetype.so.6.12.3
7ff55ea7b000-7ff55eac4000 r-xp 00000000 08:05 2239751                    /usr/lib/x86_64-linux-gnu/libpango-1.0.so.0.4000.1
7ff55eac4000-7ff55ecc4000 ---p 00049000 08:05 2239751                    /usr/lib/x86_64-linux-gnu/libpango-1.0.so.0.4000.1
7ff55ecc4000-7ff55ecc6000 r--p 00049000 08:05 2239751                    /usr/lib/x86_64-linux-gnu/libpango-1.0.so.0.4000.1
7ff55ecc6000-7ff55ecc7000 rw-p 0004b000 08:05 2239751                    /usr/lib/x86_64-linux-gnu/libpango-1.0.so.0.4000.1
7ff55ecc7000-7ff55edd5000 r-xp 00000000 08:05 2238910                    /usr/lib/x86_64-linux-gnu/libcairo.so.2.11400.6
7ff55edd5000-7ff55efd4000 ---p 0010e000 08:05 2238910                    /usr/lib/x86_64-linux-gnu/libcairo.so.2.11400.6
7ff55efd4000-7ff55efd7000 r--p 0010d000 08:05 2238910                    /usr/lib/x86_64-linux-gnu/libcairo.so.2.11400.6
7ff55efd7000-7ff55efd8000 rw-p 00110000 08:05 2238910                    /usr/lib/x86_64-linux-gnu/libcairo.so.2.11400.6
7ff55efd8000-7ff55efda000 rw-p 00000000 00:00 0 
7ff55efda000-7ff55efe6000 r-xp 00000000 08:05 2239753                    /usr/lib/x86_64-linux-gnu/libpangocairo-1.0.so.0.4000.1
7ff55efe6000-7ff55f1e5000 ---p 0000c000 08:05 2239753                    /usr/lib/x86_64-linux-gnu/libpangocairo-1.0.so.0.4000.1
7ff55f1e5000-7ff55f1e6000 r--p 0000b000 08:05 2239753                    /usr/lib/x86_64-linux-gnu/libpangocairo-1.0.so.0.4000.1
7ff55f1e6000-7ff55f1e7000 rw-p 0000c000 08:05 2239753                    /usr/lib/x86_64-linux-gnu/libpangocairo-1.0.so.0.4000.1
7ff55f1e7000-7ff55f208000 r-xp 00000000 08:05 2239234                    /usr/lib/x86_64-linux-gnu/libgdk_pixbuf-2.0.so.0.3400.0
7ff55f208000-7ff55f407000 ---p 00021000 08:05 2239234                    /usr/lib/x86_64-linux-gnu/libgdk_pixbuf-2.0.so.0.3400.0
7ff55f407000-7ff55f408000 r--p 00020000 08:05 2239234                    /usr/lib/x86_64-linux-gnu/libgdk_pixbuf-2.0.so.0.3400.0
7ff55f408000-7ff55f409000 rw-p 00021000 08:05 2239234                    /usr/lib/x86_64-linux-gnu/libgdk_pixbuf-2.0.so.0.3400.0
7ff55f409000-7ff55f41d000 r-xp 00000000 08:05 2239755                    /usr/lib/x86_64-linux-gnu/libpangoft2-1.0.so.0.4000.1
7ff55f41d000-7ff55f61d000 ---p 00014000 08:05 2239755                    /usr/lib/x86_64-linux-gnu/libpangoft2-1.0.so.0.4000.1
7ff55f61d000-7ff55f61e000 r--p 00014000 08:05 2239755                    /usr/lib/x86_64-linux-gnu/libpangoft2-1.0.so.0.4000.1
7ff55f61e000-7ff55f61f000 rw-p 00015000 08:05 2239755                    /usr/lib/x86_64-linux-gnu/libpangoft2-1.0.so.0.4000.1
7ff55f61f000-7ff55f7ac000 r-xp 00000000 08:05 2228637                    /usr/lib/x86_64-linux-gnu/libgio-2.0.so.0.5000.2
7ff55f7ac000-7ff55f9ab000 ---p 0018d000 08:05 2228637                    /usr/lib/x86_64-linux-gnu/libgio-2.0.so.0.5000.2
7ff55f9ab000-7ff55f9b0000 r--p 0018c000 08:05 2228637                    /usr/lib/x86_64-linux-gnu/libgio-2.0.so.0.5000.2
7ff55f9b0000-7ff55f9b3000 rw-p 00191000 08:05 2228637                    /usr/lib/x86_64-linux-gnu/libgio-2.0.so.0.5000.2
7ff55f9b3000-7ff55f9b4000 rw-p 00000000 00:00 0 
7ff55f9b4000-7ff55fdf2000 r-xp 00000000 08:05 2234327                    /usr/lib/x86_64-linux-gnu/libgtk-x11-2.0.so.0.2400.30
7ff55fdf2000-7ff55fff2000 ---p 0043e000 08:05 2234327                    /usr/lib/x86_64-linux-gnu/libgtk-x11-2.0.so.0.2400.30
7ff55fff2000-7ff55fff9000 r--p 0043e000 08:05 2234327                    /usr/lib/x86_64-linux-gnu/libgtk-x11-2.0.so.0.2400.30
7ff55fff9000-7ff55fffd000 rw-p 00445000 08:05 2234327                    /usr/lib/x86_64-linux-gnu/libgtk-x11-2.0.so.0.2400.30
7ff55fffd000-7ff560000000 rw-p 00000000 00:00 0 
7ff560000000-7ff5602af000 rw-p 00000000 00:00 0 
7ff5602af000-7ff564000000 ---p 00000000 00:00 0 
7ff564000000-7ff564109000 rw-p 00000000 00:00 0 
7ff564109000-7ff568000000 ---p 00000000 00:00 0 
7ff568000000-7ff568021000 rw-p 00000000 00:00 0 
7ff568021000-7ff56c000000 ---p 00000000 00:00 0 
7ff56c000000-7ff56c021000 rw-p 00000000 00:00 0 
7ff56c021000-7ff570000000 ---p 00000000 00:00 0 
7ff570000000-7ff570114000 rw-p 00000000 00:00 0 
7ff570114000-7ff574000000 ---p 00000000 00:00 0 
7ff574000000-7ff5741e2000 rw-p 00000000 00:00 0 
7ff5741e2000-7ff578000000 ---p 00000000 00:00 0 
7ff578000000-7ff578021000 rw-p 00000000 00:00 0 
7ff578021000-7ff57c000000 ---p 00000000 00:00 0 
7ff57c000000-7ff57c1a6000 rw-p 00000000 00:00 0 
7ff57c1a6000-7ff580000000 ---p 00000000 00:00 0 
7ff580000000-7ff580021000 rw-p 00000000 00:00 0 
7ff580021000-7ff584000000 ---p 00000000 00:00 0 
7ff584000000-7ff584021000 rw-p 00000000 00:00 0 
7ff584021000-7ff588000000 ---p 00000000 00:00 0 
7ff588000000-7ff588021000 rw-p 00000000 00:00 0 
7ff588021000-7ff58c000000 ---p 00000000 00:00 0 
7ff58c000000-7ff58c021000 rw-p 00000000 00:00 0 
7ff58c021000-7ff590000000 ---p 00000000 00:00 0 
7ff590002000-7ff590006000 r--s 0009a000 08:05 2243269                    /usr/lib/jvm/java-8-oracle/jre/lib/jsse.jar
7ff590006000-7ff59000e000 rw-s 00000000 00:05 998218                     /drm mm object (deleted)
7ff59000e000-7ff590021000 r--s 00345000 08:05 2243549                    /usr/lib/jvm/java-8-oracle/jre/lib/resources.jar
7ff590021000-7ff590034000 r--p 00000000 08:05 2243414                    /usr/lib/jvm/java-8-oracle/jre/lib/fonts/LucidaBrightDemiBold.ttf
7ff590034000-7ff590048000 r--p 00000000 08:05 2243417                    /usr/lib/jvm/java-8-oracle/jre/lib/fonts/LucidaBrightItalic.ttf
7ff590048000-7ff59005b000 r--p 00000000 08:05 2243421                    /usr/lib/jvm/java-8-oracle/jre/lib/fonts/LucidaBrightDemiItalic.ttf
7ff59005b000-7ff59007d000 r-xp 00000000 08:05 2238844                    /usr/lib/x86_64-linux-gnu/libatk-1.0.so.0.22009.1
7ff59007d000-7ff59027c000 ---p 00022000 08:05 2238844                    /usr/lib/x86_64-linux-gnu/libatk-1.0.so.0.22009.1
7ff59027c000-7ff59027f000 r--p 00021000 08:05 2238844                    /usr/lib/x86_64-linux-gnu/libatk-1.0.so.0.22009.1
7ff59027f000-7ff590280000 rw-p 00024000 08:05 2238844                    /usr/lib/x86_64-linux-gnu/libatk-1.0.so.0.22009.1
7ff590280000-7ff594000000 rw-p 00000000 00:00 0 
7ff594000000-7ff594021000 rw-p 00000000 00:00 0 
7ff594021000-7ff598000000 ---p 00000000 00:00 0 
7ff598000000-7ff598021000 rw-p 00000000 00:00 0 
7ff598021000-7ff59c000000 ---p 00000000 00:00 0 
7ff59c000000-7ff59c021000 rw-p 00000000 00:00 0 
7ff59c021000-7ff5a0000000 ---p 00000000 00:00 0 
7ff5a0001000-7ff5a0003000 rw-s 100f3d000 00:06 391                       /dev/dri/card0
7ff5a0003000-7ff5a000f000 rw-s 00000000 00:05 998751                     /drm mm object (deleted)
7ff5a000f000-7ff5a005d000 r--p 00000000 08:05 2243420                    /usr/lib/jvm/java-8-oracle/jre/lib/fonts/LucidaSansDemiBold.ttf
7ff5a005d000-7ff5a0062000 r--s 00084000 08:05 2243424                    /usr/lib/jvm/java-8-oracle/jre/lib/jfr.jar
7ff5a0062000-7ff5a006d000 r--s 00000000 08:05 279298                     /var/cache/fontconfig/945677eb7aeaf62f1d50efc3fb3ec7d8-le64.cache-6
7ff5a006d000-7ff5a0073000 r--s 00000000 08:05 279279                     /var/cache/fontconfig/2cd17615ca594fa2959ae173292e504c-le64.cache-6
7ff5a0073000-7ff5a0074000 r--s 00000000 08:05 279276                     /var/cache/fontconfig/0d8c3b2ac0904cb8a57a757ad11a4a08-le64.cache-6
7ff5a0074000-7ff5a0089000 r--s 00000000 08:05 279272                     /var/cache/fontconfig/04aabc0a78ac019cf9454389977116d2-le64.cache-6
7ff5a0089000-7ff5a008d000 r--s 00000000 08:05 279283                     /var/cache/fontconfig/385c0604a188198f04d133e54aba7fe7-le64.cache-6
7ff5a008d000-7ff5a0090000 r--s 00000000 08:05 279294                     /var/cache/fontconfig/767a8244fc0220cfb567a839d0392e0b-le64.cache-6
7ff5a0090000-7ff5a0095000 r--s 00000000 08:05 279297                     /var/cache/fontconfig/8801497958630a81b71ace7c5f9b32a8-le64.cache-6
7ff5a0095000-7ff5a009b000 r--s 00000000 08:05 279280                     /var/cache/fontconfig/3047814df9a2f067bd2d96a2b9c36e5a-le64.cache-6
7ff5a009b000-7ff5a00a1000 r--s 00000000 08:05 279302                     /var/cache/fontconfig/b47c4e1ecd0709278f4910c18777a504-le64.cache-6
7ff5a00a1000-7ff5a00b4000 r--s 00000000 08:05 279308                     /var/cache/fontconfig/d52a8644073d54c13679302ca1180695-le64.cache-6
7ff5a00b4000-7ff5a00c6000 r--s 00000000 08:05 279300                     /var/cache/fontconfig/9b89f8e3dae116d678bbf48e5f21f69b-le64.cache-6
7ff5a00c6000-7ff5a0111000 r--p 00000000 08:05 917522                     /usr/share/glib-2.0/schemas/gschemas.compiled
7ff5a0111000-7ff5a0193000 r-xp 00000000 08:05 398147                     /lib/x86_64-linux-gnu/libsystemd.so.0.16.0
7ff5a0193000-7ff5a0196000 r--p 00081000 08:05 398147                     /lib/x86_64-linux-gnu/libsystemd.so.0.16.0
7ff5a0196000-7ff5a0197000 rw-p 00084000 08:05 398147                     /lib/x86_64-linux-gnu/libsystemd.so.0.16.0
7ff5a0197000-7ff5a0198000 rw-p 00000000 00:00 0 
7ff5a0198000-7ff5a01b6000 r-xp 00000000 08:05 398393                     /lib/x86_64-linux-gnu/libudev.so.1.6.5
7ff5a01b6000-7ff5a01b7000 ---p 0001e000 08:05 398393                     /lib/x86_64-linux-gnu/libudev.so.1.6.5
7ff5a01b7000-7ff5a01b8000 r--p 0001e000 08:05 398393                     /lib/x86_64-linux-gnu/libudev.so.1.6.5
7ff5a01b8000-7ff5a01b9000 rw-p 0001f000 08:05 398393                     /lib/x86_64-linux-gnu/libudev.so.1.6.5
7ff5a01b9000-7ff5a0269000 r-xp 00000000 08:05 2234326                    /usr/lib/x86_64-linux-gnu/libgdk-x11-2.0.so.0.2400.30
7ff5a0269000-7ff5a0468000 ---p 000b0000 08:05 2234326                    /usr/lib/x86_64-linux-gnu/libgdk-x11-2.0.so.0.2400.30
7ff5a0468000-7ff5a046c000 r--p 000af000 08:05 2234326                    /usr/lib/x86_64-linux-gnu/libgdk-x11-2.0.so.0.2400.30
7ff5a046c000-7ff5a046e000 rw-p 000b3000 08:05 2234326                    /usr/lib/x86_64-linux-gnu/libgdk-x11-2.0.so.0.2400.30
7ff5a046e000-7ff5a046f000 r--s 00000000 08:05 279278                     /var/cache/fontconfig/1ac9eb803944fde146138c791f5cc56a-le64.cache-6
7ff5a046f000-7ff5a0470000 r--s 00000000 08:05 279311                     /var/cache/fontconfig/dc05db6664285cc2f12bf69c139ae4c3-le64.cache-6
7ff5a0470000-7ff5a0471000 r--s 00000000 08:05 276021                     /var/cache/fontconfig/4794a0821666d79190d59a36cb4f44b5-le64.cache-6
7ff5a0471000-7ff5a0472000 r--s 00000000 08:05 279274                     /var/cache/fontconfig/0bd3dc0958fa2205aaaa8ebb13e2872b-le64.cache-6
7ff5a0472000-7ff5a0473000 r--s 00000000 08:05 279304                     /var/cache/fontconfig/bab58bb527bb656aaa9f116d68a48d89-le64.cache-6
7ff5a0473000-7ff5a047e000 r--s 00000000 08:05 279296                     /var/cache/fontconfig/83bf95040141907cd45bb53cf7c1c148-le64.cache-6
7ff5a047e000-7ff5a048b000 r--s 00000000 08:05 282756                     /var/cache/fontconfig/e13b20fdb08344e0e664864cc2ede53d-le64.cache-6
7ff5a048b000-7ff5a0497000 r-xp 00000000 08:05 2243337                    /usr/lib/jvm/java-8-oracle/jre/lib/amd64/libprism_es2.so
7ff5a0497000-7ff5a0696000 ---p 0000c000 08:05 2243337                    /usr/lib/jvm/java-8-oracle/jre/lib/amd64/libprism_es2.so
7ff5a0696000-7ff5a0697000 rw-p 0000b000 08:05 2243337                    /usr/lib/jvm/java-8-oracle/jre/lib/amd64/libprism_es2.so
7ff5a0697000-7ff5a069a000 ---p 00000000 00:00 0 
7ff5a069a000-7ff5a0798000 rw-p 00000000 00:00 0 
7ff5a0798000-7ff5a079b000 ---p 00000000 00:00 0 
7ff5a079b000-7ff5a0899000 rw-p 00000000 00:00 0 
7ff5a0899000-7ff5a089c000 ---p 00000000 00:00 0 
7ff5a089c000-7ff5a099a000 rw-p 00000000 00:00 0 
7ff5a099a000-7ff5a0a2f000 r--s 01109000 08:05 2243401                    /usr/lib/jvm/java-8-oracle/jre/lib/ext/jfxrt.jar
7ff5a0a2f000-7ff5a0a30000 ---p 00000000 00:00 0 
7ff5a0a30000-7ff5a0b30000 rw-p 00000000 00:00 0 
7ff5a0b30000-7ff5a0b33000 ---p 00000000 00:00 0 
7ff5a0b33000-7ff5a0c31000 rw-p 00000000 00:00 0 
7ff5a0c31000-7ff5a0c34000 ---p 00000000 00:00 0 
7ff5a0c34000-7ff5a0d32000 rw-p 00000000 00:00 0 
7ff5a0d32000-7ff5a0d35000 ---p 00000000 00:00 0 
7ff5a0d35000-7ff5a0e33000 rw-p 00000000 00:00 0 
7ff5a0e33000-7ff5a0e36000 ---p 00000000 00:00 0 
7ff5a0e36000-7ff5a0f34000 rw-p 00000000 00:00 0 
7ff5a0f34000-7ff5a0f37000 ---p 00000000 00:00 0 
7ff5a0f37000-7ff5a1035000 rw-p 00000000 00:00 0 
7ff5a1035000-7ff5a148f000 r--p 00000000 08:05 2229872                    /usr/lib/locale/locale-archive
7ff5a148f000-7ff5a1492000 ---p 00000000 00:00 0 
7ff5a1492000-7ff5a1590000 rw-p 00000000 00:00 0 
7ff5a1590000-7ff5a1593000 ---p 00000000 00:00 0 
7ff5a1593000-7ff5a1691000 rw-p 00000000 00:00 0 
7ff5a1691000-7ff5a1692000 ---p 00000000 00:00 0 
7ff5a1692000-7ff5a2725000 rw-p 00000000 00:00 0 
7ff5a2725000-7ff5a28fe000 r--s 03d3e000 08:05 2243317                    /usr/lib/jvm/java-8-oracle/jre/lib/rt.jar
7ff5a28fe000-7ff5a354c000 rw-p 00000000 00:00 0 
7ff5a354c000-7ff5a354d000 ---p 00000000 00:00 0 
7ff5a354d000-7ff5a364d000 rw-p 00000000 00:00 0 
7ff5a364d000-7ff5a364e000 ---p 00000000 00:00 0 
7ff5a364e000-7ff5a374e000 rw-p 00000000 00:00 0 
7ff5a374e000-7ff5a374f000 ---p 00000000 00:00 0 
7ff5a374f000-7ff5a384f000 rw-p 00000000 00:00 0 
7ff5a384f000-7ff5a3850000 ---p 00000000 00:00 0 
7ff5a3850000-7ff5a397a000 rw-p 00000000 00:00 0 
7ff5a397a000-7ff5a3be0000 ---p 00000000 00:00 0 
7ff5a3be0000-7ff5a3c0a000 rw-p 00000000 00:00 0 
7ff5a3c0a000-7ff5a3e70000 ---p 00000000 00:00 0 
7ff5a3e70000-7ff5a3e85000 rw-p 00000000 00:00 0 
7ff5a3e85000-7ff5a3fb8000 ---p 00000000 00:00 0 
7ff5a3fb8000-7ff5a3fc9000 rw-p 00000000 00:00 0 
7ff5a3fc9000-7ff5a4379000 ---p 00000000 00:00 0 
7ff5a4379000-7ff5a4779000 rwxp 00000000 00:00 0 
7ff5a4779000-7ff5b3379000 ---p 00000000 00:00 0 
7ff5b3379000-7ff5b3393000 r-xp 00000000 08:05 2243348                    /usr/lib/jvm/java-8-oracle/jre/lib/amd64/libzip.so
7ff5b3393000-7ff5b3593000 ---p 0001a000 08:05 2243348                    /usr/lib/jvm/java-8-oracle/jre/lib/amd64/libzip.so
7ff5b3593000-7ff5b3594000 rw-p 0001a000 08:05 2243348                    /usr/lib/jvm/java-8-oracle/jre/lib/amd64/libzip.so
7ff5b3594000-7ff5b359f000 r-xp 00000000 08:05 409756                     /lib/x86_64-linux-gnu/libnss_files-2.24.so
7ff5b359f000-7ff5b379e000 ---p 0000b000 08:05 409756                     /lib/x86_64-linux-gnu/libnss_files-2.24.so
7ff5b379e000-7ff5b379f000 r--p 0000a000 08:05 409756                     /lib/x86_64-linux-gnu/libnss_files-2.24.so
7ff5b379f000-7ff5b37a0000 rw-p 0000b000 08:05 409756                     /lib/x86_64-linux-gnu/libnss_files-2.24.so
7ff5b37a0000-7ff5b37a6000 rw-p 00000000 00:00 0 
7ff5b37a6000-7ff5b37b1000 r-xp 00000000 08:05 409758                     /lib/x86_64-linux-gnu/libnss_nis-2.24.so
7ff5b37b1000-7ff5b39b0000 ---p 0000b000 08:05 409758                     /lib/x86_64-linux-gnu/libnss_nis-2.24.so
7ff5b39b0000-7ff5b39b1000 r--p 0000a000 08:05 409758                     /lib/x86_64-linux-gnu/libnss_nis-2.24.so
7ff5b39b1000-7ff5b39b2000 rw-p 0000b000 08:05 409758                     /lib/x86_64-linux-gnu/libnss_nis-2.24.so
7ff5b39b2000-7ff5b39c8000 r-xp 00000000 08:05 409753                     /lib/x86_64-linux-gnu/libnsl-2.24.so
7ff5b39c8000-7ff5b3bc7000 ---p 00016000 08:05 409753                     /lib/x86_64-linux-gnu/libnsl-2.24.so
7ff5b3bc7000-7ff5b3bc8000 r--p 00015000 08:05 409753                     /lib/x86_64-linux-gnu/libnsl-2.24.so
7ff5b3bc8000-7ff5b3bc9000 rw-p 00016000 08:05 409753                     /lib/x86_64-linux-gnu/libnsl-2.24.so
7ff5b3bc9000-7ff5b3bcb000 rw-p 00000000 00:00 0 
7ff5b3bcb000-7ff5b3bd3000 r-xp 00000000 08:05 409754                     /lib/x86_64-linux-gnu/libnss_compat-2.24.so
7ff5b3bd3000-7ff5b3dd2000 ---p 00008000 08:05 409754                     /lib/x86_64-linux-gnu/libnss_compat-2.24.so
7ff5b3dd2000-7ff5b3dd3000 r--p 00007000 08:05 409754                     /lib/x86_64-linux-gnu/libnss_compat-2.24.so
7ff5b3dd3000-7ff5b3dd4000 rw-p 00008000 08:05 409754                     /lib/x86_64-linux-gnu/libnss_compat-2.24.so
7ff5b3dd4000-7ff5b3dff000 r-xp 00000000 08:05 2243375                    /usr/lib/jvm/java-8-oracle/jre/lib/amd64/libjava.so
7ff5b3dff000-7ff5b3ffe000 ---p 0002b000 08:05 2243375                    /usr/lib/jvm/java-8-oracle/jre/lib/amd64/libjava.so
7ff5b3ffe000-7ff5b4000000 rw-p 0002a000 08:05 2243375                    /usr/lib/jvm/java-8-oracle/jre/lib/amd64/libjava.so
7ff5b4000000-7ff5b4171000 rw-p 00000000 00:00 0 
7ff5b4171000-7ff5b8000000 ---p 00000000 00:00 0 
7ff5b8000000-7ff5b8001000 r--s 00000000 08:05 279288                     /var/cache/fontconfig/56cf4f4769d0f4abc89a4895d7bd3ae1-le64.cache-6
7ff5b8001000-7ff5b8002000 r--s 00000000 08:05 279303                     /var/cache/fontconfig/b9d506c9ac06c20b433354fa67a72993-le64.cache-6
7ff5b8002000-7ff5b8003000 r--s 00000000 08:05 279287                     /var/cache/fontconfig/551ecf3b0e8b0bca0f25c0944f561853-le64.cache-6
7ff5b8003000-7ff5b8004000 r--s 00000000 08:05 279284                     /var/cache/fontconfig/3f7329c5293ffd510edef78f73874cfd-le64.cache-6
7ff5b8004000-7ff5b8008000 r--s 00000000 08:05 279309                     /var/cache/fontconfig/d589a48862398ed80a3d6066f4f56f4c-le64.cache-6
7ff5b8008000-7ff5b8009000 r--s 00000000 08:05 279281                     /var/cache/fontconfig/30829fa25452a46451e813d634d7f916-le64.cache-6
7ff5b8009000-7ff5b800d000 r--s 00000000 08:05 276027                     /var/cache/fontconfig/7ef2298fde41cc6eeb7af42e48b7d293-le64.cache-6
7ff5b800d000-7ff5b8015000 rw-s 00000000 00:05 998750                     /drm mm object (deleted)
7ff5b8015000-7ff5b8064000 rw-p 00000000 00:00 0 
7ff5b8064000-7ff5b8071000 r-xp 00000000 08:05 2243326                    /usr/lib/jvm/java-8-oracle/jre/lib/amd64/libverify.so
7ff5b8071000-7ff5b8270000 ---p 0000d000 08:05 2243326                    /usr/lib/jvm/java-8-oracle/jre/lib/amd64/libverify.so
7ff5b8270000-7ff5b8272000 rw-p 0000c000 08:05 2243326                    /usr/lib/jvm/java-8-oracle/jre/lib/amd64/libverify.so
7ff5b8272000-7ff5b8279000 r-xp 00000000 08:05 409763                     /lib/x86_64-linux-gnu/librt-2.24.so
7ff5b8279000-7ff5b8478000 ---p 00007000 08:05 409763                     /lib/x86_64-linux-gnu/librt-2.24.so
7ff5b8478000-7ff5b8479000 r--p 00006000 08:05 409763                     /lib/x86_64-linux-gnu/librt-2.24.so
7ff5b8479000-7ff5b847a000 rw-p 00007000 08:05 409763                     /lib/x86_64-linux-gnu/librt-2.24.so
7ff5b847a000-7ff5b8582000 r-xp 00000000 08:05 409750                     /lib/x86_64-linux-gnu/libm-2.24.so
7ff5b8582000-7ff5b8781000 ---p 00108000 08:05 409750                     /lib/x86_64-linux-gnu/libm-2.24.so
7ff5b8781000-7ff5b8782000 r--p 00107000 08:05 409750                     /lib/x86_64-linux-gnu/libm-2.24.so
7ff5b8782000-7ff5b8783000 rw-p 00108000 08:05 409750                     /lib/x86_64-linux-gnu/libm-2.24.so
7ff5b8783000-7ff5b9451000 r-xp 00000000 08:05 2243379                    /usr/lib/jvm/java-8-oracle/jre/lib/amd64/server/libjvm.so
7ff5b9451000-7ff5b9651000 ---p 00cce000 08:05 2243379                    /usr/lib/jvm/java-8-oracle/jre/lib/amd64/server/libjvm.so
7ff5b9651000-7ff5b972a000 rw-p 00cce000 08:05 2243379                    /usr/lib/jvm/java-8-oracle/jre/lib/amd64/server/libjvm.so
7ff5b972a000-7ff5b9775000 rw-p 00000000 00:00 0 
7ff5b9775000-7ff5b9932000 r-xp 00000000 08:05 409746                     /lib/x86_64-linux-gnu/libc-2.24.so
7ff5b9932000-7ff5b9b32000 ---p 001bd000 08:05 409746                     /lib/x86_64-linux-gnu/libc-2.24.so
7ff5b9b32000-7ff5b9b36000 r--p 001bd000 08:05 409746                     /lib/x86_64-linux-gnu/libc-2.24.so
7ff5b9b36000-7ff5b9b38000 rw-p 001c1000 08:05 409746                     /lib/x86_64-linux-gnu/libc-2.24.so
7ff5b9b38000-7ff5b9b3c000 rw-p 00000000 00:00 0 
7ff5b9b3c000-7ff5b9b3f000 r-xp 00000000 08:05 409749                     /lib/x86_64-linux-gnu/libdl-2.24.so
7ff5b9b3f000-7ff5b9d3e000 ---p 00003000 08:05 409749                     /lib/x86_64-linux-gnu/libdl-2.24.so
7ff5b9d3e000-7ff5b9d3f000 r--p 00002000 08:05 409749                     /lib/x86_64-linux-gnu/libdl-2.24.so
7ff5b9d3f000-7ff5b9d40000 rw-p 00003000 08:05 409749                     /lib/x86_64-linux-gnu/libdl-2.24.so
7ff5b9d40000-7ff5b9d55000 r-xp 00000000 08:05 2242460                    /usr/lib/jvm/java-8-oracle/lib/amd64/jli/libjli.so
7ff5b9d55000-7ff5b9f55000 ---p 00015000 08:05 2242460                    /usr/lib/jvm/java-8-oracle/lib/amd64/jli/libjli.so
7ff5b9f55000-7ff5b9f56000 rw-p 00015000 08:05 2242460                    /usr/lib/jvm/java-8-oracle/lib/amd64/jli/libjli.so
7ff5b9f56000-7ff5b9f6e000 r-xp 00000000 08:05 409761                     /lib/x86_64-linux-gnu/libpthread-2.24.so
7ff5b9f6e000-7ff5ba16e000 ---p 00018000 08:05 409761                     /lib/x86_64-linux-gnu/libpthread-2.24.so
7ff5ba16e000-7ff5ba16f000 r--p 00018000 08:05 409761                     /lib/x86_64-linux-gnu/libpthread-2.24.so
7ff5ba16f000-7ff5ba170000 rw-p 00019000 08:05 409761                     /lib/x86_64-linux-gnu/libpthread-2.24.so
7ff5ba170000-7ff5ba174000 rw-p 00000000 00:00 0 
7ff5ba174000-7ff5ba199000 r-xp 00000000 08:05 409742                     /lib/x86_64-linux-gnu/ld-2.24.so
7ff5ba199000-7ff5ba19c000 r--s 00000000 08:05 279293                     /var/cache/fontconfig/75114ca45c98e8a441da0ff356701271-le64.cache-6
7ff5ba19c000-7ff5ba1a4000 rw-s 00000000 00:05 999534                     /drm mm object (deleted)
7ff5ba1a4000-7ff5ba1aa000 r--p 00000000 08:05 549835                     /home/daan/.config/dconf/user
7ff5ba1aa000-7ff5ba275000 rw-p 00000000 00:00 0 
7ff5ba275000-7ff5ba278000 ---p 00000000 00:00 0 
7ff5ba278000-7ff5ba378000 rw-p 00000000 00:00 0 
7ff5ba378000-7ff5ba379000 r--s 00000000 08:05 279275                     /var/cache/fontconfig/0c9eb80ebd1c36541ebe2852d3bb0c49-le64.cache-6
7ff5ba37a000-7ff5ba37b000 rw-s 100d08000 00:06 391                       /dev/dri/card0
7ff5ba37b000-7ff5ba37c000 r--s 00000000 00:2f 60                         /run/user/1000/dconf/user
7ff5ba37c000-7ff5ba384000 rw-s 00000000 00:05 999516                     /drm mm object (deleted)
7ff5ba384000-7ff5ba38b000 r--s 00000000 08:05 148080                     /usr/lib/x86_64-linux-gnu/gconv/gconv-modules.cache
7ff5ba38b000-7ff5ba393000 rw-s 00000000 08:05 1311284                    /tmp/hsperfdata_daan/4179
7ff5ba393000-7ff5ba394000 rw-p 00000000 00:00 0 
7ff5ba394000-7ff5ba395000 r--p 00000000 00:00 0 
7ff5ba395000-7ff5ba398000 rw-p 00000000 00:00 0 
7ff5ba398000-7ff5ba399000 r--p 00024000 08:05 409742                     /lib/x86_64-linux-gnu/ld-2.24.so
7ff5ba399000-7ff5ba39a000 rw-p 00025000 08:05 409742                     /lib/x86_64-linux-gnu/ld-2.24.so
7ff5ba39a000-7ff5ba39b000 rw-p 00000000 00:00 0 
7fff0860f000-7fff08630000 rw-p 00000000 00:00 0                          [stack]
7fff08727000-7fff08729000 r--p 00000000 00:00 0                          [vvar]
7fff08729000-7fff0872b000 r-xp 00000000 00:00 0                          [vdso]
ffffffffff600000-ffffffffff601000 r-xp 00000000 00:00 0                  [vsyscall]

VM Arguments:
jvm_args: -Dfile.encoding=UTF-8 
java_command: application.Main
java_class_path (initial): /home/daan/git/IntegrationProject/IntegrationProject/bin:/home/daan/.p2/pool/plugins/org.junit_4.12.0.v201504281640/junit.jar:/home/daan/.p2/pool/plugins/org.hamcrest.core_1.3.0.v201303031735.jar:/home/daan/git/IntegrationProject/IntegrationProject/commons-codec-1.10.jar
Launcher Type: SUN_STANDARD

Environment Variables:
JAVA_HOME=/usr/lib/jvm/java-8-oracle
PATH=/home/daan/bin:/home/daan/.local/bin:/usr/local/sbin:/usr/local/bin:/usr/sbin:/usr/bin:/sbin:/bin:/usr/games:/usr/local/games:/snap/bin:/usr/lib/jvm/java-8-oracle/bin:/usr/lib/jvm/java-8-oracle/db/bin:/usr/lib/jvm/java-8-oracle/jre/bin
SHELL=/bin/bash
DISPLAY=:0

Signal Handlers:
SIGSEGV: [libjvm.so+0xac78c0], sa_mask[0]=11111111011111111101111111111110, sa_flags=SA_RESTART|SA_SIGINFO
SIGBUS: [libjvm.so+0xac78c0], sa_mask[0]=11111111011111111101111111111110, sa_flags=SA_RESTART|SA_SIGINFO
SIGFPE: [libjvm.so+0x920ac0], sa_mask[0]=11111111011111111101111111111110, sa_flags=SA_RESTART|SA_SIGINFO
SIGPIPE: SIG_IGN, sa_mask[0]=00000000000010000000000000000000, sa_flags=SA_RESTART
SIGXFSZ: [libjvm.so+0x920ac0], sa_mask[0]=11111111011111111101111111111110, sa_flags=SA_RESTART|SA_SIGINFO
SIGILL: [libjvm.so+0x920ac0], sa_mask[0]=11111111011111111101111111111110, sa_flags=SA_RESTART|SA_SIGINFO
SIGUSR1: SIG_DFL, sa_mask[0]=00000000000000000000000000000000, sa_flags=none
SIGUSR2: [libjvm.so+0x922300], sa_mask[0]=00100000000000000000000000000000, sa_flags=SA_RESTART|SA_SIGINFO
SIGHUP: [libjvm.so+0x923700], sa_mask[0]=11111111011111111101111111111110, sa_flags=SA_RESTART|SA_SIGINFO
SIGINT: [libjvm.so+0x923700], sa_mask[0]=11111111011111111101111111111110, sa_flags=SA_RESTART|SA_SIGINFO
SIGTERM: [libjvm.so+0x923700], sa_mask[0]=11111111011111111101111111111110, sa_flags=SA_RESTART|SA_SIGINFO
SIGQUIT: [libjvm.so+0x923700], sa_mask[0]=11111111011111111101111111111110, sa_flags=SA_RESTART|SA_SIGINFO


---------------  S Y S T E M  ---------------

OS:DISTRIB_ID=Ubuntu
DISTRIB_RELEASE=16.10
DISTRIB_CODENAME=yakkety
DISTRIB_DESCRIPTION="Ubuntu 16.10"

uname:Linux 4.8.0-46-generic #49-Ubuntu SMP Fri Mar 31 13:57:14 UTC 2017 x86_64
libc:glibc 2.24 NPTL 2.24 
rlimit: STACK 8192k, CORE 0k, NPROC 30976, NOFILE 4096, AS infinity
load average:2,97 1,56 1,16

/proc/meminfo:
MemTotal:        8054864 kB
MemFree:          152700 kB
MemAvailable:    2362288 kB
Buffers:          142148 kB
Cached:          2952744 kB
SwapCached:            8 kB
Active:          5397552 kB
Inactive:        2149648 kB
Active(anon):    4425648 kB
Inactive(anon):   765220 kB
Active(file):     971904 kB
Inactive(file):  1384428 kB
Unevictable:         128 kB
Mlocked:             128 kB
SwapTotal:       8268796 kB
SwapFree:        8267868 kB
Dirty:              2796 kB
Writeback:             0 kB
AnonPages:       4351932 kB
Mapped:           734716 kB
Shmem:            738564 kB
Slab:             206480 kB
SReclaimable:     145564 kB
SUnreclaim:        60916 kB
KernelStack:       13584 kB
PageTables:        62964 kB
NFS_Unstable:          0 kB
Bounce:                0 kB
WritebackTmp:          0 kB
CommitLimit:    12296228 kB
Committed_AS:   10623168 kB
VmallocTotal:   34359738367 kB
VmallocUsed:           0 kB
VmallocChunk:          0 kB
HardwareCorrupted:     0 kB
AnonHugePages:   2498560 kB
ShmemHugePages:        0 kB
ShmemPmdMapped:        0 kB
CmaTotal:              0 kB
CmaFree:               0 kB
HugePages_Total:       0
HugePages_Free:        0
HugePages_Rsvd:        0
HugePages_Surp:        0
Hugepagesize:       2048 kB
DirectMap4k:      241232 kB
DirectMap2M:     8028160 kB
DirectMap1G:           0 kB


CPU:total 4 (2 cores per cpu, 2 threads per core) family 6 model 78 stepping 3, cmov, cx8, fxsr, mmx, sse, sse2, sse3, ssse3, sse4.1, sse4.2, popcnt, avx, avx2, aes, clmul, erms, 3dnowpref, lzcnt, ht, tsc, tscinvbit, bmi1, bmi2, adx

/proc/cpuinfo:
processor	: 0
vendor_id	: GenuineIntel
cpu family	: 6
model		: 78
model name	: Intel(R) Core(TM) i5-6200U CPU @ 2.30GHz
stepping	: 3
microcode	: 0x9e
cpu MHz		: 2296.289
cache size	: 3072 KB
physical id	: 0
siblings	: 4
core id		: 0
cpu cores	: 2
apicid		: 0
initial apicid	: 0
fpu		: yes
fpu_exception	: yes
cpuid level	: 22
wp		: yes
flags		: fpu vme de pse tsc msr pae mce cx8 apic sep mtrr pge mca cmov pat pse36 clflush dts acpi mmx fxsr sse sse2 ss ht tm pbe syscall nx pdpe1gb rdtscp lm constant_tsc art arch_perfmon pebs bts rep_good nopl xtopology nonstop_tsc aperfmperf eagerfpu pni pclmulqdq dtes64 monitor ds_cpl vmx est tm2 ssse3 sdbg fma cx16 xtpr pdcm pcid sse4_1 sse4_2 x2apic movbe popcnt tsc_deadline_timer aes xsave avx f16c rdrand lahf_lm abm 3dnowprefetch epb intel_pt tpr_shadow vnmi flexpriority ept vpid fsgsbase tsc_adjust bmi1 avx2 smep bmi2 erms invpcid mpx rdseed adx smap clflushopt xsaveopt xsavec xgetbv1 xsaves dtherm ida arat pln pts hwp hwp_notify hwp_act_window hwp_epp
bugs		:
bogomips	: 4800.00
clflush size	: 64
cache_alignment	: 64
address sizes	: 39 bits physical, 48 bits virtual
power management:

processor	: 1
vendor_id	: GenuineIntel
cpu family	: 6
model		: 78
model name	: Intel(R) Core(TM) i5-6200U CPU @ 2.30GHz
stepping	: 3
microcode	: 0x9e
cpu MHz		: 2297.900
cache size	: 3072 KB
physical id	: 0
siblings	: 4
core id		: 1
cpu cores	: 2
apicid		: 2
initial apicid	: 2
fpu		: yes
fpu_exception	: yes
cpuid level	: 22
wp		: yes
flags		: fpu vme de pse tsc msr pae mce cx8 apic sep mtrr pge mca cmov pat pse36 clflush dts acpi mmx fxsr sse sse2 ss ht tm pbe syscall nx pdpe1gb rdtscp lm constant_tsc art arch_perfmon pebs bts rep_good nopl xtopology nonstop_tsc aperfmperf eagerfpu pni pclmulqdq dtes64 monitor ds_cpl vmx est tm2 ssse3 sdbg fma cx16 xtpr pdcm pcid sse4_1 sse4_2 x2apic movbe popcnt tsc_deadline_timer aes xsave avx f16c rdrand lahf_lm abm 3dnowprefetch epb intel_pt tpr_shadow vnmi flexpriority ept vpid fsgsbase tsc_adjust bmi1 avx2 smep bmi2 erms invpcid mpx rdseed adx smap clflushopt xsaveopt xsavec xgetbv1 xsaves dtherm ida arat pln pts hwp hwp_notify hwp_act_window hwp_epp
bugs		:
bogomips	: 4800.00
clflush size	: 64
cache_alignment	: 64
address sizes	: 39 bits physical, 48 bits virtual
power management:

processor	: 2
vendor_id	: GenuineIntel
cpu family	: 6
model		: 78
model name	: Intel(R) Core(TM) i5-6200U CPU @ 2.30GHz
stepping	: 3
microcode	: 0x9e
cpu MHz		: 2297.900
cache size	: 3072 KB
physical id	: 0
siblings	: 4
core id		: 0
cpu cores	: 2
apicid		: 1
initial apicid	: 1
fpu		: yes
fpu_exception	: yes
cpuid level	: 22
wp		: yes
flags		: fpu vme de pse tsc msr pae mce cx8 apic sep mtrr pge mca cmov pat pse36 clflush dts acpi mmx fxsr sse sse2 ss ht tm pbe syscall nx pdpe1gb rdtscp lm constant_tsc art arch_perfmon pebs bts rep_good nopl xtopology nonstop_tsc aperfmperf eagerfpu pni pclmulqdq dtes64 monitor ds_cpl vmx est tm2 ssse3 sdbg fma cx16 xtpr pdcm pcid sse4_1 sse4_2 x2apic movbe popcnt tsc_deadline_timer aes xsave avx f16c rdrand lahf_lm abm 3dnowprefetch epb intel_pt tpr_shadow vnmi flexpriority ept vpid fsgsbase tsc_adjust bmi1 avx2 smep bmi2 erms invpcid mpx rdseed adx smap clflushopt xsaveopt xsavec xgetbv1 xsaves dtherm ida arat pln pts hwp hwp_notify hwp_act_window hwp_epp
bugs		:
bogomips	: 4800.00
clflush size	: 64
cache_alignment	: 64
address sizes	: 39 bits physical, 48 bits virtual
power management:

processor	: 3
vendor_id	: GenuineIntel
cpu family	: 6
model		: 78
model name	: Intel(R) Core(TM) i5-6200U CPU @ 2.30GHz
stepping	: 3
microcode	: 0x9e
cpu MHz		: 2347.998
cache size	: 3072 KB
physical id	: 0
siblings	: 4
core id		: 1
cpu cores	: 2
apicid		: 3
initial apicid	: 3
fpu		: yes
fpu_exception	: yes
cpuid level	: 22
wp		: yes
flags		: fpu vme de pse tsc msr pae mce cx8 apic sep mtrr pge mca cmov pat pse36 clflush dts acpi mmx fxsr sse sse2 ss ht tm pbe syscall nx pdpe1gb rdtscp lm constant_tsc art arch_perfmon pebs bts rep_good nopl xtopology nonstop_tsc aperfmperf eagerfpu pni pclmulqdq dtes64 monitor ds_cpl vmx est tm2 ssse3 sdbg fma cx16 xtpr pdcm pcid sse4_1 sse4_2 x2apic movbe popcnt tsc_deadline_timer aes xsave avx f16c rdrand lahf_lm abm 3dnowprefetch epb intel_pt tpr_shadow vnmi flexpriority ept vpid fsgsbase tsc_adjust bmi1 avx2 smep bmi2 erms invpcid mpx rdseed adx smap clflushopt xsaveopt xsavec xgetbv1 xsaves dtherm ida arat pln pts hwp hwp_notify hwp_act_window hwp_epp
bugs		:
bogomips	: 4800.00
clflush size	: 64
cache_alignment	: 64
address sizes	: 39 bits physical, 48 bits virtual
power management:



Memory: 4k page, physical 8054864k(152700k free), swap 8268796k(8267868k free)

vm_info: Java HotSpot(TM) 64-Bit Server VM (25.121-b13) for linux-amd64 JRE (1.8.0_121-b13), built on Dec 12 2016 16:36:53 by "java_re" with gcc 4.3.0 20080428 (Red Hat 4.3.0-8)

time: Tue Apr 18 15:41:44 2017
elapsed time: 2 seconds (0d 0h 0m 2s)

