#
# A fatal error has been detected by the Java Runtime Environment:
#
#  SIGSEGV (0xb) at pc=0x00007f4dbf253c8d, pid=14340, tid=0x00007f4d901ff700
#
# JRE version: OpenJDK Runtime Environment (8.0_121-b13) (build 1.8.0_121-8u121-b13-0ubuntu1.16.10.2-b13)
# Java VM: OpenJDK 64-Bit Server VM (25.121-b13 mixed mode linux-amd64 compressed oops)
# Problematic frame:
# V  [libjvm.so+0x67cc8d]  jni_invoke_nonstatic(JNIEnv_*, JavaValue*, _jobject*, JNICallType, _jmethodID*, JNI_ArgumentPusher*, Thread*) [clone .constprop.84]+0x3d
#
# Failed to write core dump. Core dumps have been disabled. To enable core dumping, try "ulimit -c unlimited" before starting Java again
#
# If you would like to submit a bug report, please visit:
#   http://bugreport.java.com/bugreport/crash.jsp
#

---------------  T H R E A D  ---------------

Current thread (0x00007f4d3c13d000):  JavaThread "JavaFX Application Thread" [_thread_in_vm, id=14371, stack(0x00007f4d900ff000,0x00007f4d90200000)]

siginfo: si_signo: 11 (SIGSEGV), si_code: 1 (SEGV_MAPERR), si_addr: 0x00007f4d00000000

Registers:
RAX=0x0000000000000000, RBX=0x00007f4d3c13d000, RCX=0x00007f4d3c0788e8, RDX=0x00007f4d00000000
RSP=0x00007f4d901fe230, RBP=0x00007f4d901fe3b0, RSI=0x00007f4d901fe3d0, RDI=0x00007f4d3c13d1e0
R8 =0x00007f4d901fe400, R9 =0x00007f4d3c13d000, R10=0x00007f4d24000b10, R11=0x00007f4da93b4220
R12=0x00007f4d3c13d1e0, R13=0x00007f4d3c13d000, R14=0x00007f4d901fe490, R15=0x00007f4d00000000
RIP=0x00007f4dbf253c8d, EFLAGS=0x0000000000010206, CSGSFS=0x002b000000000033, ERR=0x0000000000000004
  TRAPNO=0x000000000000000e

Top of Stack: (sp=0x00007f4d901fe230)
0x00007f4d901fe230:   00007f4d901fe340 00007f4dbf23adb3
0x00007f4d901fe240:   0000000000000000 00007f4d901fe280
0x00007f4d901fe250:   00007f4d0000000e 00007f4d3c13d1e0
0x00007f4d901fe260:   00007f4d901fe270 00007f4d901fe3d0
0x00007f4d901fe270:   00007f4da3d83b90 00007f4d3c13d000
0x00007f4d901fe280:   00007f4da3d83b90 00007f4d3c13d000
0x00007f4d901fe290:   00007f4d3c13b6c0 00007f4d50019e40
0x00007f4d901fe2a0:   00007f4d50019e50 00007f4d5001a228
0x00007f4d901fe2b0:   00000000000003d8 0000000000000000
0x00007f4d901fe2c0:   00007f4da3d83b90 00007f4d3c13d000
0x00007f4d901fe2d0:   00000000a3d78030 000000076f62d388
0x00007f4d901fe2e0:   0000000000000000 00007f4da9017748
0x00007f4d901fe2f0:   00007f4da3d83b90 00007f4d3c13d000
0x00007f4d901fe300:   0000000000000000 000000076f67cb58
0x00007f4d901fe310:   000000000000006f 00007f4d0000000a
0x00007f4d901fe320:   0000000770927a78 00007f4d00000000
0x00007f4d901fe330:   00007f4d901fe420 00007f4d901fe3e0
0x00007f4d901fe340:   00007f4d901fe4d0 0000000100000190
0x00007f4d901fe350:   00007f4d3c0a6000 00007f4d901fe308
0x00007f4d901fe360:   00007f4d901fe349 0000000800000005
0x00007f4d901fe370:   00007f4d00000000 ac23636fe24c0600
0x00007f4d901fe380:   00007f4d901fe390 00007f4d3c13d000
0x00007f4d901fe390:   00007f4d3c13d1e0 00007f4d3c0788e8
0x00007f4d901fe3a0:   00007f4d901fe490 00007f4d00000000
0x00007f4d901fe3b0:   00007f4d901fe480 00007f4dbf2572ba
0x00007f4d901fe3c0:   00007f4d50019e50 00007f4d901fe400
0x00007f4d901fe3d0:   000000000000000e ac23636f00000000
0x00007f4d901fe3e0:   00007f4d3c13d000 0000000000000000
0x00007f4d901fe3f0:   0000000000000067 ac23636fe24c0600
0x00007f4d901fe400:   00007f4dbfa385b0 00007f4dc075f690
0x00007f4d901fe410:   00000000a3d78030 00007f4d00000063
0x00007f4d901fe420:   0000000000000000 0000003000000018 

Instructions: (pc=0x00007f4dbf253c8d)
0x00007f4dbf253c6d:   ff 48 89 b5 b8 fe ff ff 64 48 8b 04 25 28 00 00
0x00007f4dbf253c7d:   00 48 89 45 c8 31 c0 48 85 d2 0f 84 3b 03 00 00
0x00007f4dbf253c8d:   4c 8b 32 4d 85 f6 0f 84 2f 03 00 00 49 8b b9 20
0x00007f4dbf253c9d:   01 00 00 48 89 cb 4d 89 c4 e8 f5 4c ff ff 4c 89 

Register to memory mapping:

RAX=0x0000000000000000 is an unknown value
RBX=0x00007f4d3c13d000 is a thread
RCX=0x00007f4d3c0788e8 is an unknown value
RDX=0x00007f4d00000000 is an unknown value
RSP=0x00007f4d901fe230 is pointing into the stack for thread: 0x00007f4d3c13d000
RBP=0x00007f4d901fe3b0 is pointing into the stack for thread: 0x00007f4d3c13d000
RSI=0x00007f4d901fe3d0 is pointing into the stack for thread: 0x00007f4d3c13d000
RDI=0x00007f4d3c13d1e0 is an unknown value
R8 =0x00007f4d901fe400 is pointing into the stack for thread: 0x00007f4d3c13d000
R9 =0x00007f4d3c13d000 is a thread
R10=0x00007f4d24000b10 is an unknown value
R11=0x00007f4da93b4220 is at entry_point+32 in (nmethod*)0x00007f4da93b4090
R12=0x00007f4d3c13d1e0 is an unknown value
R13=0x00007f4d3c13d000 is a thread
R14=0x00007f4d901fe490 is pointing into the stack for thread: 0x00007f4d3c13d000
R15=0x00007f4d00000000 is an unknown value


Stack: [0x00007f4d900ff000,0x00007f4d90200000],  sp=0x00007f4d901fe230,  free space=1020k
Native frames: (J=compiled Java code, j=interpreted, Vv=VM code, C=native code)
V  [libjvm.so+0x67cc8d]  jni_invoke_nonstatic(JNIEnv_*, JavaValue*, _jobject*, JNICallType, _jmethodID*, JNI_ArgumentPusher*, Thread*) [clone .constprop.84]+0x3d
V  [libjvm.so+0x6802ba]  jni_CallVoidMethodV+0x10a
C  [libglass.so+0x11e13]  JNIEnv_::CallVoidMethod(_jobject*, _jmethodID*, ...)+0x93
C  [libglass.so+0x19585]  WindowContextBase::process_key(_GdkEventKey*)+0x215
C  [libglass.so+0x11a80]  WindowContextBase::im_filter_keypress(_GdkEventKey*)+0x1f0
C  [libglass.so+0x1ef0c]
C  [libgdk-x11-2.0.so.0+0x5acdc]

Java frames: (J=compiled Java code, j=interpreted, Vv=VM code)
j  com.sun.glass.ui.gtk.GtkApplication._runLoop(Ljava/lang/Runnable;Z)V+0
j  com.sun.glass.ui.gtk.GtkApplication.lambda$null$5(Ljava/lang/Runnable;Z)V+7
j  com.sun.glass.ui.gtk.GtkApplication$$Lambda$43.run()V+12
j  java.lang.Thread.run()V+11
v  ~StubRoutines::call_stub

---------------  P R O C E S S  ---------------

Java Threads: ( => current thread )
  0x00007f4db800a000 JavaThread "DestroyJavaVM" [_thread_blocked, id=14345, stack(0x00007f4dc082a000,0x00007f4dc092b000)]
  0x00007f4db8182000 JavaThread "Thread-5" [_thread_blocked, id=14376, stack(0x00007f4d80621000,0x00007f4d80722000)]
  0x00007f4db8181000 JavaThread "Thread-4" [_thread_in_native, id=14375, stack(0x00007f4d80722000,0x00007f4d80823000)]
  0x00007f4d241cd800 JavaThread "Prism Font Disposer" daemon [_thread_blocked, id=14373, stack(0x00007f4d8101b000,0x00007f4d8111c000)]
=>0x00007f4d3c13d000 JavaThread "JavaFX Application Thread" [_thread_in_vm, id=14371, stack(0x00007f4d900ff000,0x00007f4d90200000)]
  0x00007f4d3c138800 JavaThread "Thread-3" daemon [_thread_blocked, id=14370, stack(0x00007f4d9801b000,0x00007f4d9811c000)]
  0x00007f4d3c049000 JavaThread "QuantumRenderer-0" daemon [_thread_blocked, id=14366, stack(0x00007f4da0397000,0x00007f4da0498000)]
  0x00007f4d3806f800 JavaThread "JavaFX-Launcher" [_thread_blocked, id=14365, stack(0x00007f4da0498000,0x00007f4da0599000)]
  0x00007f4db8177800 JavaThread "Thread-0" [_thread_blocked, id=14364, stack(0x00007f4da0599000,0x00007f4da069a000)]
  0x00007f4db80cc800 JavaThread "Service Thread" daemon [_thread_blocked, id=14362, stack(0x00007f4da0867000,0x00007f4da0968000)]
  0x00007f4db80bf800 JavaThread "C1 CompilerThread3" daemon [_thread_blocked, id=14361, stack(0x00007f4da0968000,0x00007f4da0a69000)]
  0x00007f4db80bb000 JavaThread "C2 CompilerThread2" daemon [_thread_blocked, id=14360, stack(0x00007f4da0a69000,0x00007f4da0b6a000)]
  0x00007f4db80b9800 JavaThread "C2 CompilerThread1" daemon [_thread_blocked, id=14359, stack(0x00007f4da0b6a000,0x00007f4da0c6b000)]
  0x00007f4db80b6800 JavaThread "C2 CompilerThread0" daemon [_thread_blocked, id=14358, stack(0x00007f4da0c6b000,0x00007f4da0d6c000)]
  0x00007f4db80b4800 JavaThread "Signal Dispatcher" daemon [_thread_blocked, id=14357, stack(0x00007f4da0d6c000,0x00007f4da0e6d000)]
  0x00007f4db808b800 JavaThread "Finalizer" daemon [_thread_blocked, id=14356, stack(0x00007f4da182e000,0x00007f4da192f000)]
  0x00007f4db8087000 JavaThread "Reference Handler" daemon [_thread_blocked, id=14355, stack(0x00007f4da192f000,0x00007f4da1a30000)]

Other Threads:
  0x00007f4db807f800 VMThread [stack: 0x00007f4da1a30000,0x00007f4da1b31000] [id=14354]
  0x00007f4db80cf000 WatcherThread [stack: 0x00007f4da0766000,0x00007f4da0867000] [id=14363]

VM state:not at safepoint (normal execution)

VM Mutex/Monitor currently owned by a thread: None

Heap:
 PSYoungGen      total 74752K, used 63979K [0x000000076d400000, 0x0000000772700000, 0x00000007c0000000)
  eden space 64512K, 99% used [0x000000076d400000,0x000000077127afa8,0x0000000771300000)
  from space 10240K, 0% used [0x0000000771d00000,0x0000000771d00000,0x0000000772700000)
  to   space 10240K, 0% used [0x0000000771300000,0x0000000771300000,0x0000000771d00000)
 ParOldGen       total 171008K, used 0K [0x00000006c7c00000, 0x00000006d2300000, 0x000000076d400000)
  object space 171008K, 0% used [0x00000006c7c00000,0x00000006c7c00000,0x00000006d2300000)
 Metaspace       used 15527K, capacity 16340K, committed 16512K, reserved 1062912K
  class space    used 2168K, capacity 2387K, committed 2432K, reserved 1048576K

Card table byte_map: [0x00007f4dbc71b000,0x00007f4dbcede000] byte_map_base: 0x00007f4db90dd000

Marking Bits: (ParMarkBitMap*) 0x00007f4dbfafb220
 Begin Bits: [0x00007f4d643e0000, 0x00007f4d681f0000)
 End Bits:   [0x00007f4d681f0000, 0x00007f4d6c000000)

Polling page: 0x00007f4dc094a000

CodeCache: size=245760Kb used=4593Kb max_used=4596Kb free=241166Kb
 bounds [0x00007f4da9000000, 0x00007f4da9480000, 0x00007f4db8000000]
 total_blobs=2058 nmethods=1434 adapters=538
 compilation: enabled

Compilation events (10 events):
Event: 3,417 Thread 0x00007f4db80bf800 nmethod 1429 0x00007f4da947e650 code [0x00007f4da947e800, 0x00007f4da947ee90]
Event: 3,417 Thread 0x00007f4db80bf800 1431       3       javafx.scene.Parent::layout (139 bytes)
Event: 3,417 Thread 0x00007f4db80bb000 nmethod 1418 0x00007f4da947f110 code [0x00007f4da947f2c0, 0x00007f4da947f7f8]
Event: 3,418 Thread 0x00007f4db80bf800 nmethod 1431 0x00007f4da947d1d0 code [0x00007f4da947d400, 0x00007f4da947e298]
Event: 3,418 Thread 0x00007f4db80bf800 1433       1       javafx.scene.layout.Region::impl_notifyLayoutBoundsChanged (1 bytes)
Event: 3,418 Thread 0x00007f4db80bf800 nmethod 1433 0x00007f4da947cf10 code [0x00007f4da947d060, 0x00007f4da947d170]
Event: 3,418 Thread 0x00007f4db80bf800 1430       3       javafx.scene.control.Labeled::getLabelPadding (24 bytes)
Event: 3,418 Thread 0x00007f4db80bf800 nmethod 1430 0x00007f4da947c950 code [0x00007f4da947cae0, 0x00007f4da947ce48]
Event: 3,418 Thread 0x00007f4db80bf800 1432       3       com.sun.javafx.util.Logging::getLayoutLogger (18 bytes)
Event: 3,418 Thread 0x00007f4db80bf800 nmethod 1432 0x00007f4da947c550 code [0x00007f4da947c6c0, 0x00007f4da947c8a8]

GC Heap History (0 events):
No events

Deoptimization events (10 events):
Event: 1,299 Thread 0x00007f4d3c13d000 Uncommon trap: reason=unstable_if action=reinterpret pc=0x00007f4da931af04 method=jdk.internal.org.objectweb.asm.Type.getArgumentsAndReturnSizes(Ljava/lang/String;)I @ 47
Event: 3,278 Thread 0x00007f4db800a000 Uncommon trap: reason=class_check action=maybe_recompile pc=0x00007f4da929aacc method=sun.misc.URLClassPath.getLoader(I)Lsun/misc/URLClassPath$Loader; @ 239
Event: 3,285 Thread 0x00007f4db800a000 Uncommon trap: reason=class_check action=maybe_recompile pc=0x00007f4da929aacc method=sun.misc.URLClassPath.getLoader(I)Lsun/misc/URLClassPath$Loader; @ 239
Event: 3,285 Thread 0x00007f4db800a000 Uncommon trap: reason=class_check action=maybe_recompile pc=0x00007f4da929aacc method=sun.misc.URLClassPath.getLoader(I)Lsun/misc/URLClassPath$Loader; @ 239
Event: 3,326 Thread 0x00007f4d3c13d000 Uncommon trap: reason=unstable_if action=reinterpret pc=0x00007f4da93b3f34 method=java.lang.StrictMath.floorOrCeil(DDDD)D @ 38
Event: 3,353 Thread 0x00007f4d3c13d000 Uncommon trap: reason=unstable_if action=reinterpret pc=0x00007f4da91ce9a4 method=java.lang.String.indexOf([CII[CIII)I @ 3
Event: 3,355 Thread 0x00007f4d3c13d000 Uncommon trap: reason=bimorphic action=maybe_recompile pc=0x00007f4da9252520 method=java.util.HashMap.getNode(ILjava/lang/Object;)Ljava/util/HashMap$Node; @ 126
Event: 3,355 Thread 0x00007f4d3c13d000 Uncommon trap: reason=bimorphic action=maybe_recompile pc=0x00007f4da9252520 method=java.util.HashMap.getNode(ILjava/lang/Object;)Ljava/util/HashMap$Node; @ 126
Event: 3,355 Thread 0x00007f4d3c13d000 Uncommon trap: reason=bimorphic action=maybe_recompile pc=0x00007f4da9252520 method=java.util.HashMap.getNode(ILjava/lang/Object;)Ljava/util/HashMap$Node; @ 126
Event: 3,415 Thread 0x00007f4d3c13d000 Uncommon trap: reason=unstable_if action=reinterpret pc=0x00007f4da927e754 method=java.lang.String.startsWith(Ljava/lang/String;I)Z @ 25

Internal exceptions (10 events):
Event: 0,136 Thread 0x00007f4d3806f800 Exception <a 'java/security/PrivilegedActionException'> (0x000000076da68b80) thrown at [/build/openjdk-8-AbQ17_/openjdk-8-8u121-b13/src/hotspot/src/share/vm/prims/jvm.cpp, line 1390]
Event: 0,136 Thread 0x00007f4d3806f800 Exception <a 'java/security/PrivilegedActionException'> (0x000000076da68d90) thrown at [/build/openjdk-8-AbQ17_/openjdk-8-8u121-b13/src/hotspot/src/share/vm/prims/jvm.cpp, line 1390]
Event: 0,137 Thread 0x00007f4d3806f800 Exception <a 'java/security/PrivilegedActionException'> (0x000000076da6ae18) thrown at [/build/openjdk-8-AbQ17_/openjdk-8-8u121-b13/src/hotspot/src/share/vm/prims/jvm.cpp, line 1390]
Event: 0,137 Thread 0x00007f4d3806f800 Exception <a 'java/security/PrivilegedActionException'> (0x000000076da6b028) thrown at [/build/openjdk-8-AbQ17_/openjdk-8-8u121-b13/src/hotspot/src/share/vm/prims/jvm.cpp, line 1390]
Event: 0,137 Thread 0x00007f4d3806f800 Exception <a 'java/security/PrivilegedActionException'> (0x000000076da6bb00) thrown at [/build/openjdk-8-AbQ17_/openjdk-8-8u121-b13/src/hotspot/src/share/vm/prims/jvm.cpp, line 1390]
Event: 0,137 Thread 0x00007f4d3806f800 Exception <a 'java/security/PrivilegedActionException'> (0x000000076da6bd10) thrown at [/build/openjdk-8-AbQ17_/openjdk-8-8u121-b13/src/hotspot/src/share/vm/prims/jvm.cpp, line 1390]
Event: 0,137 Thread 0x00007f4d3806f800 Exception <a 'java/lang/NullPointerException'> (0x000000076da6d148) thrown at [/build/openjdk-8-AbQ17_/openjdk-8-8u121-b13/src/hotspot/src/share/vm/interpreter/linkResolver.cpp, line 1178]
Event: 0,365 Thread 0x00007f4d3c13d000 Exception <a 'java/lang/NullPointerException'> (0x000000076e5896d8) thrown at [/build/openjdk-8-AbQ17_/openjdk-8-8u121-b13/src/hotspot/src/share/vm/interpreter/linkResolver.cpp, line 1178]
Event: 0,365 Thread 0x00007f4d3c13d000 Exception <a 'java/lang/NullPointerException'> (0x000000076e5896d8) thrown at [/build/openjdk-8-AbQ17_/openjdk-8-8u121-b13/src/hotspot/src/share/vm/prims/jvm.cpp, line 1394]
Event: 3,327 Thread 0x00007f4d3c13d000 Exception <a 'java/io/FileNotFoundException'> (0x000000077093c7b0) thrown at [/build/openjdk-8-AbQ17_/openjdk-8-8u121-b13/src/hotspot/src/share/vm/prims/jni.cpp, line 709]

Events (10 events):
Event: 3,387 loading class com/sun/javafx/effect/EffectDirtyBits done
Event: 3,388 loading class javafx/scene/shape/SVGPath$1
Event: 3,388 loading class javafx/scene/shape/SVGPath$1 done
Event: 3,388 loading class javafx/scene/shape/SVGPath$2
Event: 3,388 loading class javafx/scene/shape/SVGPath$2 done
Event: 3,388 loading class com/sun/javafx/sg/prism/NGSVGPath
Event: 3,388 loading class com/sun/javafx/sg/prism/NGSVGPath done
Event: 3,415 Thread 0x00007f4d3c13d000 Uncommon trap: trap_request=0xffffff65 fr.pc=0x00007f4da927e754
Event: 3,415 Thread 0x00007f4d3c13d000 DEOPT PACKING pc=0x00007f4da927e754 sp=0x00007f4d901fb6b0
Event: 3,415 Thread 0x00007f4d3c13d000 DEOPT UNPACKING pc=0x00007f4da9004f69 sp=0x00007f4d901fb648 mode 2


Dynamic libraries:
6c7c00000-6d2300000 rw-p 00000000 00:00 0 
6d2300000-76d400000 ---p 00000000 00:00 0 
76d400000-772700000 rw-p 00000000 00:00 0 
772700000-7c0000000 ---p 00000000 00:00 0 
7c0000000-7c0260000 rw-p 00000000 00:00 0 
7c0260000-800000000 ---p 00000000 00:00 0 
558db7bcb000-558db7bcc000 r-xp 00000000 103:05 279285                    /usr/lib/jvm/java-8-openjdk-amd64/jre/bin/java
558db7dcb000-558db7dcc000 r--p 00000000 103:05 279285                    /usr/lib/jvm/java-8-openjdk-amd64/jre/bin/java
558db7dcc000-558db7dcd000 rw-p 00001000 103:05 279285                    /usr/lib/jvm/java-8-openjdk-amd64/jre/bin/java
558db9d06000-558db9d27000 rw-p 00000000 00:00 0                          [heap]
7f4d10000000-7f4d10021000 rw-p 00000000 00:00 0 
7f4d10021000-7f4d14000000 ---p 00000000 00:00 0 
7f4d18000000-7f4d18021000 rw-p 00000000 00:00 0 
7f4d18021000-7f4d1c000000 ---p 00000000 00:00 0 
7f4d1c000000-7f4d1c021000 rw-p 00000000 00:00 0 
7f4d1c021000-7f4d20000000 ---p 00000000 00:00 0 
7f4d20000000-7f4d20021000 rw-p 00000000 00:00 0 
7f4d20021000-7f4d24000000 ---p 00000000 00:00 0 
7f4d24000000-7f4d2451c000 rw-p 00000000 00:00 0 
7f4d2451c000-7f4d28000000 ---p 00000000 00:00 0 
7f4d28000000-7f4d28022000 rw-p 00000000 00:00 0 
7f4d28022000-7f4d2c000000 ---p 00000000 00:00 0 
7f4d2c000000-7f4d2c022000 rw-p 00000000 00:00 0 
7f4d2c022000-7f4d30000000 ---p 00000000 00:00 0 
7f4d30000000-7f4d31e4a000 rw-p 00000000 00:00 0 
7f4d31e4a000-7f4d34000000 ---p 00000000 00:00 0 
7f4d34000000-7f4d34021000 rw-p 00000000 00:00 0 
7f4d34021000-7f4d38000000 ---p 00000000 00:00 0 
7f4d38000000-7f4d38073000 rw-p 00000000 00:00 0 
7f4d38073000-7f4d3c000000 ---p 00000000 00:00 0 
7f4d3c000000-7f4d3c27e000 rw-p 00000000 00:00 0 
7f4d3c27e000-7f4d40000000 ---p 00000000 00:00 0 
7f4d40000000-7f4d40021000 rw-p 00000000 00:00 0 
7f4d40021000-7f4d44000000 ---p 00000000 00:00 0 
7f4d44000000-7f4d44021000 rw-p 00000000 00:00 0 
7f4d44021000-7f4d48000000 ---p 00000000 00:00 0 
7f4d48000000-7f4d48234000 rw-p 00000000 00:00 0 
7f4d48234000-7f4d4c000000 ---p 00000000 00:00 0 
7f4d4c000000-7f4d4c22d000 rw-p 00000000 00:00 0 
7f4d4c22d000-7f4d50000000 ---p 00000000 00:00 0 
7f4d50000000-7f4d501a1000 rw-p 00000000 00:00 0 
7f4d501a1000-7f4d54000000 ---p 00000000 00:00 0 
7f4d54000000-7f4d5413c000 rw-p 00000000 00:00 0 
7f4d5413c000-7f4d58000000 ---p 00000000 00:00 0 
7f4d58000000-7f4d58021000 rw-p 00000000 00:00 0 
7f4d58021000-7f4d5c000000 ---p 00000000 00:00 0 
7f4d5c000000-7f4d5c021000 rw-p 00000000 00:00 0 
7f4d5c021000-7f4d60000000 ---p 00000000 00:00 0 
7f4d60000000-7f4d60021000 rw-p 00000000 00:00 0 
7f4d60021000-7f4d64000000 ---p 00000000 00:00 0 
7f4d643e0000-7f4d6c000000 rw-p 00000000 00:00 0 
7f4d6c000000-7f4d6c021000 rw-p 00000000 00:00 0 
7f4d6c021000-7f4d70000000 ---p 00000000 00:00 0 
7f4d70000000-7f4d70021000 rw-p 00000000 00:00 0 
7f4d70021000-7f4d74000000 ---p 00000000 00:00 0 
7f4d74000000-7f4d74021000 rw-p 00000000 00:00 0 
7f4d74021000-7f4d78000000 ---p 00000000 00:00 0 
7f4d7c000000-7f4d7c021000 rw-p 00000000 00:00 0 
7f4d7c021000-7f4d80000000 ---p 00000000 00:00 0 
7f4d80621000-7f4d80624000 ---p 00000000 00:00 0 
7f4d80624000-7f4d80722000 rw-p 00000000 00:00 0 
7f4d80722000-7f4d80725000 ---p 00000000 00:00 0 
7f4d80725000-7f4d80823000 rw-p 00000000 00:00 0 
7f4d80823000-7f4d8083a000 r-xp 00000000 103:05 279323                    /usr/lib/jvm/java-8-openjdk-amd64/jre/lib/amd64/libnet.so
7f4d8083a000-7f4d80a39000 ---p 00017000 103:05 279323                    /usr/lib/jvm/java-8-openjdk-amd64/jre/lib/amd64/libnet.so
7f4d80a39000-7f4d80a3a000 r--p 00016000 103:05 279323                    /usr/lib/jvm/java-8-openjdk-amd64/jre/lib/amd64/libnet.so
7f4d80a3a000-7f4d80a3b000 rw-p 00017000 103:05 279323                    /usr/lib/jvm/java-8-openjdk-amd64/jre/lib/amd64/libnet.so
7f4d80a3b000-7f4d80a9b000 rw-s 00000000 00:05 405741                     /drm mm object (deleted)
7f4d80a9b000-7f4d80c5b000 rw-s 103ad2000 00:06 415                       /dev/dri/card1
7f4d80c5b000-7f4d80e1b000 rw-s 00000000 00:05 405733                     /drm mm object (deleted)
7f4d80e1b000-7f4d80fdb000 rw-p 00000000 00:00 0 
7f4d80fdb000-7f4d8101b000 ---p 00000000 00:00 0 
7f4d8101b000-7f4d8101e000 ---p 00000000 00:00 0 
7f4d8101e000-7f4d8131c000 rw-p 00000000 00:00 0 
7f4d8131c000-7f4d81321000 r-xp 00000000 103:05 279198                    /usr/lib/jvm/java-8-openjdk-amd64/jre/lib/amd64/libjavafx_font_freetype.so
7f4d81321000-7f4d81520000 ---p 00005000 103:05 279198                    /usr/lib/jvm/java-8-openjdk-amd64/jre/lib/amd64/libjavafx_font_freetype.so
7f4d81520000-7f4d81521000 r--p 00004000 103:05 279198                    /usr/lib/jvm/java-8-openjdk-amd64/jre/lib/amd64/libjavafx_font_freetype.so
7f4d81521000-7f4d81522000 rw-p 00005000 103:05 279198                    /usr/lib/jvm/java-8-openjdk-amd64/jre/lib/amd64/libjavafx_font_freetype.so
7f4d81522000-7f4d81525000 r-xp 00000000 103:05 279197                    /usr/lib/jvm/java-8-openjdk-amd64/jre/lib/amd64/libjavafx_font.so
7f4d81525000-7f4d81724000 ---p 00003000 103:05 279197                    /usr/lib/jvm/java-8-openjdk-amd64/jre/lib/amd64/libjavafx_font.so
7f4d81724000-7f4d81725000 r--p 00002000 103:05 279197                    /usr/lib/jvm/java-8-openjdk-amd64/jre/lib/amd64/libjavafx_font.so
7f4d81725000-7f4d81726000 rw-p 00003000 103:05 279197                    /usr/lib/jvm/java-8-openjdk-amd64/jre/lib/amd64/libjavafx_font.so
7f4d81726000-7f4d81926000 rw-p 00000000 00:00 0 
7f4d81926000-7f4d81927000 ---p 00000000 00:00 0 
7f4d81927000-7f4d82127000 rw-p 00000000 00:00 0 
7f4d82127000-7f4d82133000 r-xp 00000000 103:05 137877                    /usr/lib/x86_64-linux-gnu/gio/modules/libdconfsettings.so
7f4d82133000-7f4d82332000 ---p 0000c000 103:05 137877                    /usr/lib/x86_64-linux-gnu/gio/modules/libdconfsettings.so
7f4d82332000-7f4d82333000 r--p 0000b000 103:05 137877                    /usr/lib/x86_64-linux-gnu/gio/modules/libdconfsettings.so
7f4d82333000-7f4d82334000 rw-p 0000c000 103:05 137877                    /usr/lib/x86_64-linux-gnu/gio/modules/libdconfsettings.so
7f4d82334000-7f4d82335000 ---p 00000000 00:00 0 
7f4d82335000-7f4d82b35000 rw-p 00000000 00:00 0 
7f4d82b35000-7f4d82b36000 ---p 00000000 00:00 0 
7f4d82b36000-7f4d83336000 rw-p 00000000 00:00 0 
7f4d83336000-7f4d8334f000 r-xp 00000000 103:05 137881                    /usr/lib/x86_64-linux-gnu/gio/modules/libgioremote-volume-monitor.so
7f4d8334f000-7f4d8354f000 ---p 00019000 103:05 137881                    /usr/lib/x86_64-linux-gnu/gio/modules/libgioremote-volume-monitor.so
7f4d8354f000-7f4d83552000 r--p 00019000 103:05 137881                    /usr/lib/x86_64-linux-gnu/gio/modules/libgioremote-volume-monitor.so
7f4d83552000-7f4d83553000 rw-p 0001c000 103:05 137881                    /usr/lib/x86_64-linux-gnu/gio/modules/libgioremote-volume-monitor.so
7f4d83553000-7f4d83589000 r-xp 00000000 103:05 138390                    /usr/lib/x86_64-linux-gnu/gvfs/libgvfscommon.so
7f4d83589000-7f4d83789000 ---p 00036000 103:05 138390                    /usr/lib/x86_64-linux-gnu/gvfs/libgvfscommon.so
7f4d83789000-7f4d8378e000 r--p 00036000 103:05 138390                    /usr/lib/x86_64-linux-gnu/gvfs/libgvfscommon.so
7f4d8378e000-7f4d8378f000 rw-p 0003b000 103:05 138390                    /usr/lib/x86_64-linux-gnu/gvfs/libgvfscommon.so
7f4d8378f000-7f4d837bf000 r-xp 00000000 103:05 137882                    /usr/lib/x86_64-linux-gnu/gio/modules/libgvfsdbus.so
7f4d837bf000-7f4d839be000 ---p 00030000 103:05 137882                    /usr/lib/x86_64-linux-gnu/gio/modules/libgvfsdbus.so
7f4d839be000-7f4d839bf000 r--p 0002f000 103:05 137882                    /usr/lib/x86_64-linux-gnu/gio/modules/libgvfsdbus.so
7f4d839bf000-7f4d839c0000 rw-p 00030000 103:05 137882                    /usr/lib/x86_64-linux-gnu/gio/modules/libgvfsdbus.so
7f4d839c0000-7f4d839c1000 rw-p 00000000 00:00 0 
7f4d839c1000-7f4d839c8000 r-xp 00000000 103:05 1061780                   /usr/lib/x86_64-linux-gnu/libogg.so.0.8.2
7f4d839c8000-7f4d83bc8000 ---p 00007000 103:05 1061780                   /usr/lib/x86_64-linux-gnu/libogg.so.0.8.2
7f4d83bc8000-7f4d83bc9000 r--p 00007000 103:05 1061780                   /usr/lib/x86_64-linux-gnu/libogg.so.0.8.2
7f4d83bc9000-7f4d83bca000 rw-p 00008000 103:05 1061780                   /usr/lib/x86_64-linux-gnu/libogg.so.0.8.2
7f4d83bca000-7f4d83bf4000 r-xp 00000000 103:05 1062213                   /usr/lib/x86_64-linux-gnu/libvorbis.so.0.4.8
7f4d83bf4000-7f4d83df4000 ---p 0002a000 103:05 1062213                   /usr/lib/x86_64-linux-gnu/libvorbis.so.0.4.8
7f4d83df4000-7f4d83df5000 r--p 0002a000 103:05 1062213                   /usr/lib/x86_64-linux-gnu/libvorbis.so.0.4.8
7f4d83df5000-7f4d83df6000 rw-p 0002b000 103:05 1062213                   /usr/lib/x86_64-linux-gnu/libvorbis.so.0.4.8
7f4d83df6000-7f4d83dfe000 r-xp 00000000 103:05 1061624                   /usr/lib/x86_64-linux-gnu/libltdl.so.7.3.1
7f4d83dfe000-7f4d83ffe000 ---p 00008000 103:05 1061624                   /usr/lib/x86_64-linux-gnu/libltdl.so.7.3.1
7f4d83ffe000-7f4d83fff000 r--p 00008000 103:05 1061624                   /usr/lib/x86_64-linux-gnu/libltdl.so.7.3.1
7f4d83fff000-7f4d84000000 rw-p 00009000 103:05 1061624                   /usr/lib/x86_64-linux-gnu/libltdl.so.7.3.1
7f4d84000000-7f4d84021000 rw-p 00000000 00:00 0 
7f4d84021000-7f4d88000000 ---p 00000000 00:00 0 
7f4d88000000-7f4d88014000 r-xp 00000000 103:05 1062046                   /usr/lib/x86_64-linux-gnu/libtdb.so.1.3.9
7f4d88014000-7f4d88213000 ---p 00014000 103:05 1062046                   /usr/lib/x86_64-linux-gnu/libtdb.so.1.3.9
7f4d88213000-7f4d88214000 r--p 00013000 103:05 1062046                   /usr/lib/x86_64-linux-gnu/libtdb.so.1.3.9
7f4d88214000-7f4d88215000 rw-p 00014000 103:05 1062046                   /usr/lib/x86_64-linux-gnu/libtdb.so.1.3.9
7f4d88215000-7f4d8821c000 r-xp 00000000 103:05 1062217                   /usr/lib/x86_64-linux-gnu/libvorbisfile.so.3.3.7
7f4d8821c000-7f4d8841c000 ---p 00007000 103:05 1062217                   /usr/lib/x86_64-linux-gnu/libvorbisfile.so.3.3.7
7f4d8841c000-7f4d8841d000 r--p 00007000 103:05 1062217                   /usr/lib/x86_64-linux-gnu/libvorbisfile.so.3.3.7
7f4d8841d000-7f4d8841e000 rw-p 00008000 103:05 1062217                   /usr/lib/x86_64-linux-gnu/libvorbisfile.so.3.3.7
7f4d8841e000-7f4d8842e000 r-xp 00000000 103:05 1060980                   /usr/lib/x86_64-linux-gnu/libcanberra.so.0.2.5
7f4d8842e000-7f4d8862e000 ---p 00010000 103:05 1060980                   /usr/lib/x86_64-linux-gnu/libcanberra.so.0.2.5
7f4d8862e000-7f4d8862f000 r--p 00010000 103:05 1060980                   /usr/lib/x86_64-linux-gnu/libcanberra.so.0.2.5
7f4d8862f000-7f4d88630000 rw-p 00011000 103:05 1060980                   /usr/lib/x86_64-linux-gnu/libcanberra.so.0.2.5
7f4d88630000-7f4d88634000 r-xp 00000000 103:05 1060976                   /usr/lib/x86_64-linux-gnu/libcanberra-gtk.so.0.1.9
7f4d88634000-7f4d88833000 ---p 00004000 103:05 1060976                   /usr/lib/x86_64-linux-gnu/libcanberra-gtk.so.0.1.9
7f4d88833000-7f4d88834000 r--p 00003000 103:05 1060976                   /usr/lib/x86_64-linux-gnu/libcanberra-gtk.so.0.1.9
7f4d88834000-7f4d88835000 rw-p 00004000 103:05 1060976                   /usr/lib/x86_64-linux-gnu/libcanberra-gtk.so.0.1.9
7f4d88835000-7f4d8883a000 r-xp 00000000 103:05 138084                    /usr/lib/x86_64-linux-gnu/gtk-2.0/modules/libcanberra-gtk-module.so
7f4d8883a000-7f4d88a39000 ---p 00005000 103:05 138084                    /usr/lib/x86_64-linux-gnu/gtk-2.0/modules/libcanberra-gtk-module.so
7f4d88a39000-7f4d88a3a000 r--p 00004000 103:05 138084                    /usr/lib/x86_64-linux-gnu/gtk-2.0/modules/libcanberra-gtk-module.so
7f4d88a3a000-7f4d88a3b000 rw-p 00005000 103:05 138084                    /usr/lib/x86_64-linux-gnu/gtk-2.0/modules/libcanberra-gtk-module.so
7f4d88a3b000-7f4d88a6b000 r-xp 00000000 103:05 138066                    /usr/lib/x86_64-linux-gnu/gtk-2.0/2.10.0/engines/libmurrine.so
7f4d88a6b000-7f4d88c6b000 ---p 00030000 103:05 138066                    /usr/lib/x86_64-linux-gnu/gtk-2.0/2.10.0/engines/libmurrine.so
7f4d88c6b000-7f4d88c6c000 r--p 00030000 103:05 138066                    /usr/lib/x86_64-linux-gnu/gtk-2.0/2.10.0/engines/libmurrine.so
7f4d88c6c000-7f4d88c6d000 rw-p 00031000 103:05 138066                    /usr/lib/x86_64-linux-gnu/gtk-2.0/2.10.0/engines/libmurrine.so
7f4d88c6d000-7f4d88c7d000 r-xp 00000000 103:05 1062139                   /usr/lib/x86_64-linux-gnu/libunity-gtk2-parser.so.0.0.0
7f4d88c7d000-7f4d88e7d000 ---p 00010000 103:05 1062139                   /usr/lib/x86_64-linux-gnu/libunity-gtk2-parser.so.0.0.0
7f4d88e7d000-7f4d88e7e000 r--p 00010000 103:05 1062139                   /usr/lib/x86_64-linux-gnu/libunity-gtk2-parser.so.0.0.0
7f4d88e7e000-7f4d88e7f000 rw-p 00011000 103:05 1062139                   /usr/lib/x86_64-linux-gnu/libunity-gtk2-parser.so.0.0.0
7f4d88e7f000-7f4d88e84000 r-xp 00000000 103:05 138088                    /usr/lib/x86_64-linux-gnu/gtk-2.0/modules/libunity-gtk-module.so
7f4d88e84000-7f4d89083000 ---p 00005000 103:05 138088                    /usr/lib/x86_64-linux-gnu/gtk-2.0/modules/libunity-gtk-module.so
7f4d89083000-7f4d89084000 r--p 00004000 103:05 138088                    /usr/lib/x86_64-linux-gnu/gtk-2.0/modules/libunity-gtk-module.so
7f4d89084000-7f4d89085000 rw-p 00005000 103:05 138088                    /usr/lib/x86_64-linux-gnu/gtk-2.0/modules/libunity-gtk-module.so
7f4d89085000-7f4d890a7000 r-xp 00000000 103:05 136952                    /lib/x86_64-linux-gnu/liblzma.so.5.0.0
7f4d890a7000-7f4d892a6000 ---p 00022000 103:05 136952                    /lib/x86_64-linux-gnu/liblzma.so.5.0.0
7f4d892a6000-7f4d892a7000 r--p 00021000 103:05 136952                    /lib/x86_64-linux-gnu/liblzma.so.5.0.0
7f4d892a7000-7f4d892a8000 rw-p 00022000 103:05 136952                    /lib/x86_64-linux-gnu/liblzma.so.5.0.0
7f4d892a8000-7f4d892f2000 r-xp 00000000 103:05 138779                    /lib/x86_64-linux-gnu/libdbus-1.so.3.14.7
7f4d892f2000-7f4d894f2000 ---p 0004a000 103:05 138779                    /lib/x86_64-linux-gnu/libdbus-1.so.3.14.7
7f4d894f2000-7f4d894f3000 r--p 0004a000 103:05 138779                    /lib/x86_64-linux-gnu/libdbus-1.so.3.14.7
7f4d894f3000-7f4d894f4000 rw-p 0004b000 103:05 138779                    /lib/x86_64-linux-gnu/libdbus-1.so.3.14.7
7f4d894f4000-7f4d89520000 r-xp 00000000 103:05 1060912                   /usr/lib/x86_64-linux-gnu/libatspi.so.0.0.1
7f4d89520000-7f4d8971f000 ---p 0002c000 103:05 1060912                   /usr/lib/x86_64-linux-gnu/libatspi.so.0.0.1
7f4d8971f000-7f4d89722000 r--p 0002b000 103:05 1060912                   /usr/lib/x86_64-linux-gnu/libatspi.so.0.0.1
7f4d89722000-7f4d89723000 rw-p 0002e000 103:05 1060912                   /usr/lib/x86_64-linux-gnu/libatspi.so.0.0.1
7f4d89723000-7f4d89750000 r-xp 00000000 103:05 1060906                   /usr/lib/x86_64-linux-gnu/libatk-bridge-2.0.so.0.0.0
7f4d89750000-7f4d8994f000 ---p 0002d000 103:05 1060906                   /usr/lib/x86_64-linux-gnu/libatk-bridge-2.0.so.0.0.0
7f4d8994f000-7f4d89950000 r--p 0002c000 103:05 1060906                   /usr/lib/x86_64-linux-gnu/libatk-bridge-2.0.so.0.0.0
7f4d89950000-7f4d89952000 rw-p 0002d000 103:05 1060906                   /usr/lib/x86_64-linux-gnu/libatk-bridge-2.0.so.0.0.0
7f4d89952000-7f4d89953000 r-xp 00000000 103:05 138083                    /usr/lib/x86_64-linux-gnu/gtk-2.0/modules/libatk-bridge.so
7f4d89953000-7f4d89b52000 ---p 00001000 103:05 138083                    /usr/lib/x86_64-linux-gnu/gtk-2.0/modules/libatk-bridge.so
7f4d89b52000-7f4d89b53000 r--p 00000000 103:05 138083                    /usr/lib/x86_64-linux-gnu/gtk-2.0/modules/libatk-bridge.so
7f4d89b53000-7f4d89b54000 rw-p 00001000 103:05 138083                    /usr/lib/x86_64-linux-gnu/gtk-2.0/modules/libatk-bridge.so
7f4d89b54000-7f4d89b5b000 r-xp 00000000 103:05 1061264                   /usr/lib/x86_64-linux-gnu/libgailutil.so.18.0.1
7f4d89b5b000-7f4d89d5a000 ---p 00007000 103:05 1061264                   /usr/lib/x86_64-linux-gnu/libgailutil.so.18.0.1
7f4d89d5a000-7f4d89d5b000 r--p 00006000 103:05 1061264                   /usr/lib/x86_64-linux-gnu/libgailutil.so.18.0.1
7f4d89d5b000-7f4d89d5c000 rw-p 00007000 103:05 1061264                   /usr/lib/x86_64-linux-gnu/libgailutil.so.18.0.1
7f4d89d5c000-7f4d89daa000 r-xp 00000000 103:05 138086                    /usr/lib/x86_64-linux-gnu/gtk-2.0/modules/libgail.so
7f4d89daa000-7f4d89fa9000 ---p 0004e000 103:05 138086                    /usr/lib/x86_64-linux-gnu/gtk-2.0/modules/libgail.so
7f4d89fa9000-7f4d89faa000 r--p 0004d000 103:05 138086                    /usr/lib/x86_64-linux-gnu/gtk-2.0/modules/libgail.so
7f4d89faa000-7f4d89fac000 rw-p 0004e000 103:05 138086                    /usr/lib/x86_64-linux-gnu/gtk-2.0/modules/libgail.so
7f4d89fac000-7f4d89fbd000 r-xp 00000000 103:05 138087                    /usr/lib/x86_64-linux-gnu/gtk-2.0/modules/liboverlay-scrollbar.so
7f4d89fbd000-7f4d8a1bd000 ---p 00011000 103:05 138087                    /usr/lib/x86_64-linux-gnu/gtk-2.0/modules/liboverlay-scrollbar.so
7f4d8a1bd000-7f4d8a1be000 r--p 00011000 103:05 138087                    /usr/lib/x86_64-linux-gnu/gtk-2.0/modules/liboverlay-scrollbar.so
7f4d8a1be000-7f4d8a1bf000 rw-p 00012000 103:05 138087                    /usr/lib/x86_64-linux-gnu/gtk-2.0/modules/liboverlay-scrollbar.so
7f4d8a1bf000-7f4d8a1c3000 r-xp 00000000 103:05 137066                    /lib/x86_64-linux-gnu/libuuid.so.1.3.0
7f4d8a1c3000-7f4d8a3c2000 ---p 00004000 103:05 137066                    /lib/x86_64-linux-gnu/libuuid.so.1.3.0
7f4d8a3c2000-7f4d8a3c3000 r--p 00003000 103:05 137066                    /lib/x86_64-linux-gnu/libuuid.so.1.3.0
7f4d8a3c3000-7f4d8a3c4000 rw-p 00004000 103:05 137066                    /lib/x86_64-linux-gnu/libuuid.so.1.3.0
7f4d8a3c4000-7f4d8a3ca000 r-xp 00000000 103:05 1061070                   /usr/lib/x86_64-linux-gnu/libdatrie.so.1.3.3
7f4d8a3ca000-7f4d8a5ca000 ---p 00006000 103:05 1061070                   /usr/lib/x86_64-linux-gnu/libdatrie.so.1.3.3
7f4d8a5ca000-7f4d8a5cb000 r--p 00006000 103:05 1061070                   /usr/lib/x86_64-linux-gnu/libdatrie.so.1.3.3
7f4d8a5cb000-7f4d8a5cc000 rw-p 00007000 103:05 1061070                   /usr/lib/x86_64-linux-gnu/libdatrie.so.1.3.3
7f4d8a5cc000-7f4d8a5ef000 r-xp 00000000 103:05 1061382                   /usr/lib/x86_64-linux-gnu/libgraphite2.so.3.0.1
7f4d8a5ef000-7f4d8a7ee000 ---p 00023000 103:05 1061382                   /usr/lib/x86_64-linux-gnu/libgraphite2.so.3.0.1
7f4d8a7ee000-7f4d8a7f0000 r--p 00022000 103:05 1061382                   /usr/lib/x86_64-linux-gnu/libgraphite2.so.3.0.1
7f4d8a7f0000-7f4d8a7f1000 rw-p 00024000 103:05 1061382                   /usr/lib/x86_64-linux-gnu/libgraphite2.so.3.0.1
7f4d8a7f1000-7f4d8a82e000 r-xp 00000000 103:05 136879                    /lib/x86_64-linux-gnu/libblkid.so.1.1.0
7f4d8a82e000-7f4d8aa2d000 ---p 0003d000 103:05 136879                    /lib/x86_64-linux-gnu/libblkid.so.1.1.0
7f4d8aa2d000-7f4d8aa31000 r--p 0003c000 103:05 136879                    /lib/x86_64-linux-gnu/libblkid.so.1.1.0
7f4d8aa31000-7f4d8aa32000 rw-p 00040000 103:05 136879                    /lib/x86_64-linux-gnu/libblkid.so.1.1.0
7f4d8aa32000-7f4d8aa33000 rw-p 00000000 00:00 0 
7f4d8aa33000-7f4d8aa3b000 r-xp 00000000 103:05 1062060                   /usr/lib/x86_64-linux-gnu/libthai.so.0.3.0
7f4d8aa3b000-7f4d8ac3a000 ---p 00008000 103:05 1062060                   /usr/lib/x86_64-linux-gnu/libthai.so.0.3.0
7f4d8ac3a000-7f4d8ac3b000 r--p 00007000 103:05 1062060                   /usr/lib/x86_64-linux-gnu/libthai.so.0.3.0
7f4d8ac3b000-7f4d8ac3c000 rw-p 00008000 103:05 1062060                   /usr/lib/x86_64-linux-gnu/libthai.so.0.3.0
7f4d8ac3c000-7f4d8acba000 r-xp 00000000 103:05 1061472                   /usr/lib/x86_64-linux-gnu/libharfbuzz.so.0.10200.7
7f4d8acba000-7f4d8aeba000 ---p 0007e000 103:05 1061472                   /usr/lib/x86_64-linux-gnu/libharfbuzz.so.0.10200.7
7f4d8aeba000-7f4d8aebb000 r--p 0007e000 103:05 1061472                   /usr/lib/x86_64-linux-gnu/libharfbuzz.so.0.10200.7
7f4d8aebb000-7f4d8aebc000 rw-p 0007f000 103:05 1061472                   /usr/lib/x86_64-linux-gnu/libharfbuzz.so.0.10200.7
7f4d8aebc000-7f4d8af2e000 r-xp 00000000 103:05 137015                    /lib/x86_64-linux-gnu/libpcre.so.3.13.3
7f4d8af2e000-7f4d8b12d000 ---p 00072000 103:05 137015                    /lib/x86_64-linux-gnu/libpcre.so.3.13.3
7f4d8b12d000-7f4d8b12e000 r--p 00071000 103:05 137015                    /lib/x86_64-linux-gnu/libpcre.so.3.13.3
7f4d8b12e000-7f4d8b12f000 rw-p 00072000 103:05 137015                    /lib/x86_64-linux-gnu/libpcre.so.3.13.3
7f4d8b12f000-7f4d8b136000 r-xp 00000000 103:05 1061201                   /usr/lib/x86_64-linux-gnu/libffi.so.6.0.4
7f4d8b136000-7f4d8b335000 ---p 00007000 103:05 1061201                   /usr/lib/x86_64-linux-gnu/libffi.so.6.0.4
7f4d8b335000-7f4d8b336000 r--p 00006000 103:05 1061201                   /usr/lib/x86_64-linux-gnu/libffi.so.6.0.4
7f4d8b336000-7f4d8b337000 rw-p 00007000 103:05 1061201                   /usr/lib/x86_64-linux-gnu/libffi.so.6.0.4
7f4d8b337000-7f4d8b37d000 r-xp 00000000 103:05 136961                    /lib/x86_64-linux-gnu/libmount.so.1.1.0
7f4d8b37d000-7f4d8b57c000 ---p 00046000 103:05 136961                    /lib/x86_64-linux-gnu/libmount.so.1.1.0
7f4d8b57c000-7f4d8b57d000 r--p 00045000 103:05 136961                    /lib/x86_64-linux-gnu/libmount.so.1.1.0
7f4d8b57d000-7f4d8b57e000 rw-p 00046000 103:05 136961                    /lib/x86_64-linux-gnu/libmount.so.1.1.0
7f4d8b57e000-7f4d8b57f000 rw-p 00000000 00:00 0 
7f4d8b57f000-7f4d8b596000 r-xp 00000000 103:05 149410                    /lib/x86_64-linux-gnu/libresolv-2.24.so
7f4d8b596000-7f4d8b796000 ---p 00017000 103:05 149410                    /lib/x86_64-linux-gnu/libresolv-2.24.so
7f4d8b796000-7f4d8b797000 r--p 00017000 103:05 149410                    /lib/x86_64-linux-gnu/libresolv-2.24.so
7f4d8b797000-7f4d8b798000 rw-p 00018000 103:05 149410                    /lib/x86_64-linux-gnu/libresolv-2.24.so
7f4d8b798000-7f4d8b79a000 rw-p 00000000 00:00 0 
7f4d8b79a000-7f4d8b7bd000 r-xp 00000000 103:05 137042                    /lib/x86_64-linux-gnu/libselinux.so.1
7f4d8b7bd000-7f4d8b9bc000 ---p 00023000 103:05 137042                    /lib/x86_64-linux-gnu/libselinux.so.1
7f4d8b9bc000-7f4d8b9bd000 r--p 00022000 103:05 137042                    /lib/x86_64-linux-gnu/libselinux.so.1
7f4d8b9bd000-7f4d8b9be000 rw-p 00023000 103:05 137042                    /lib/x86_64-linux-gnu/libselinux.so.1
7f4d8b9be000-7f4d8b9c0000 rw-p 00000000 00:00 0 
7f4d8b9c0000-7f4d8b9c8000 r-xp 00000000 103:05 1062322                   /usr/lib/x86_64-linux-gnu/libxcb-render.so.0.0.0
7f4d8b9c8000-7f4d8bbc8000 ---p 00008000 103:05 1062322                   /usr/lib/x86_64-linux-gnu/libxcb-render.so.0.0.0
7f4d8bbc8000-7f4d8bbc9000 r--p 00008000 103:05 1062322                   /usr/lib/x86_64-linux-gnu/libxcb-render.so.0.0.0
7f4d8bbc9000-7f4d8bbca000 rw-p 00009000 103:05 1062322                   /usr/lib/x86_64-linux-gnu/libxcb-render.so.0.0.0
7f4d8bbca000-7f4d8bbcc000 r-xp 00000000 103:05 1062326                   /usr/lib/x86_64-linux-gnu/libxcb-shm.so.0.0.0
7f4d8bbcc000-7f4d8bdcc000 ---p 00002000 103:05 1062326                   /usr/lib/x86_64-linux-gnu/libxcb-shm.so.0.0.0
7f4d8bdcc000-7f4d8bdcd000 r--p 00002000 103:05 1062326                   /usr/lib/x86_64-linux-gnu/libxcb-shm.so.0.0.0
7f4d8bdcd000-7f4d8bdce000 rw-p 00003000 103:05 1062326                   /usr/lib/x86_64-linux-gnu/libxcb-shm.so.0.0.0
7f4d8bdce000-7f4d8bdff000 r-xp 00000000 103:05 1061851                   /usr/lib/x86_64-linux-gnu/libpng16.so.16.25.0
7f4d8bdff000-7f4d8bffe000 ---p 00031000 103:05 1061851                   /usr/lib/x86_64-linux-gnu/libpng16.so.16.25.0
7f4d8bffe000-7f4d8bfff000 r--p 00030000 103:05 1061851                   /usr/lib/x86_64-linux-gnu/libpng16.so.16.25.0
7f4d8bfff000-7f4d8c000000 rw-p 00031000 103:05 1061851                   /usr/lib/x86_64-linux-gnu/libpng16.so.16.25.0
7f4d8c000000-7f4d8c021000 rw-p 00000000 00:00 0 
7f4d8c021000-7f4d90000000 ---p 00000000 00:00 0 
7f4d90005000-7f4d90013000 rw-s 00000000 00:05 405740                     /drm mm object (deleted)
7f4d90013000-7f4d90023000 rw-s 00000000 00:05 405737                     /drm mm object (deleted)
7f4d90023000-7f4d90033000 rw-s 00000000 00:05 405735                     /drm mm object (deleted)
7f4d90033000-7f4d90046000 r--s 00346000 103:05 279373                    /usr/lib/jvm/java-8-openjdk-amd64/jre/lib/resources.jar
7f4d90046000-7f4d900ff000 r--p 00000000 103:05 268258                    /usr/share/fonts/truetype/dejavu/DejaVuSans.ttf
7f4d900ff000-7f4d90102000 ---p 00000000 00:00 0 
7f4d90102000-7f4d90200000 rw-p 00000000 00:00 0 
7f4d90200000-7f4d902a7000 r-xp 00000000 103:05 1048730                   /usr/lib/x86_64-linux-gnu/libfreetype.so.6.12.3
7f4d902a7000-7f4d904a6000 ---p 000a7000 103:05 1048730                   /usr/lib/x86_64-linux-gnu/libfreetype.so.6.12.3
7f4d904a6000-7f4d904ac000 r--p 000a6000 103:05 1048730                   /usr/lib/x86_64-linux-gnu/libfreetype.so.6.12.3
7f4d904ac000-7f4d904ad000 rw-p 000ac000 103:05 1048730                   /usr/lib/x86_64-linux-gnu/libfreetype.so.6.12.3
7f4d904ad000-7f4d9054c000 r-xp 00000000 103:05 1061843                   /usr/lib/x86_64-linux-gnu/libpixman-1.so.0.33.6
7f4d9054c000-7f4d9074c000 ---p 0009f000 103:05 1061843                   /usr/lib/x86_64-linux-gnu/libpixman-1.so.0.33.6
7f4d9074c000-7f4d90754000 r--p 0009f000 103:05 1061843                   /usr/lib/x86_64-linux-gnu/libpixman-1.so.0.33.6
7f4d90754000-7f4d90755000 rw-p 000a7000 103:05 1061843                   /usr/lib/x86_64-linux-gnu/libpixman-1.so.0.33.6
7f4d90755000-7f4d90757000 r-xp 00000000 103:05 1060809                   /usr/lib/x86_64-linux-gnu/libXcomposite.so.1.0.0
7f4d90757000-7f4d90956000 ---p 00002000 103:05 1060809                   /usr/lib/x86_64-linux-gnu/libXcomposite.so.1.0.0
7f4d90956000-7f4d90957000 r--p 00001000 103:05 1060809                   /usr/lib/x86_64-linux-gnu/libXcomposite.so.1.0.0
7f4d90957000-7f4d90958000 rw-p 00002000 103:05 1060809                   /usr/lib/x86_64-linux-gnu/libXcomposite.so.1.0.0
7f4d90958000-7f4d90961000 r-xp 00000000 103:05 1060811                   /usr/lib/x86_64-linux-gnu/libXcursor.so.1.0.2
7f4d90961000-7f4d90b60000 ---p 00009000 103:05 1060811                   /usr/lib/x86_64-linux-gnu/libXcursor.so.1.0.2
7f4d90b60000-7f4d90b61000 r--p 00008000 103:05 1060811                   /usr/lib/x86_64-linux-gnu/libXcursor.so.1.0.2
7f4d90b61000-7f4d90b62000 rw-p 00009000 103:05 1060811                   /usr/lib/x86_64-linux-gnu/libXcursor.so.1.0.2
7f4d90b62000-7f4d90b6c000 r-xp 00000000 103:05 1060835                   /usr/lib/x86_64-linux-gnu/libXrandr.so.2.2.0
7f4d90b6c000-7f4d90d6b000 ---p 0000a000 103:05 1060835                   /usr/lib/x86_64-linux-gnu/libXrandr.so.2.2.0
7f4d90d6b000-7f4d90d6c000 r--p 00009000 103:05 1060835                   /usr/lib/x86_64-linux-gnu/libXrandr.so.2.2.0
7f4d90d6c000-7f4d90d6d000 rw-p 0000a000 103:05 1060835                   /usr/lib/x86_64-linux-gnu/libXrandr.so.2.2.0
7f4d90d6d000-7f4d90d7c000 r-xp 00000000 103:05 1060825                   /usr/lib/x86_64-linux-gnu/libXi.so.6.1.0
7f4d90d7c000-7f4d90f7b000 ---p 0000f000 103:05 1060825                   /usr/lib/x86_64-linux-gnu/libXi.so.6.1.0
7f4d90f7b000-7f4d90f7c000 r--p 0000e000 103:05 1060825                   /usr/lib/x86_64-linux-gnu/libXi.so.6.1.0
7f4d90f7c000-7f4d90f7d000 rw-p 0000f000 103:05 1060825                   /usr/lib/x86_64-linux-gnu/libXi.so.6.1.0
7f4d90f7d000-7f4d90f7f000 r-xp 00000000 103:05 1060827                   /usr/lib/x86_64-linux-gnu/libXinerama.so.1.0.0
7f4d90f7f000-7f4d9117e000 ---p 00002000 103:05 1060827                   /usr/lib/x86_64-linux-gnu/libXinerama.so.1.0.0
7f4d9117e000-7f4d9117f000 r--p 00001000 103:05 1060827                   /usr/lib/x86_64-linux-gnu/libXinerama.so.1.0.0
7f4d9117f000-7f4d91180000 rw-p 00002000 103:05 1060827                   /usr/lib/x86_64-linux-gnu/libXinerama.so.1.0.0
7f4d91180000-7f4d91189000 r-xp 00000000 103:05 1060837                   /usr/lib/x86_64-linux-gnu/libXrender.so.1.3.0
7f4d91189000-7f4d91388000 ---p 00009000 103:05 1060837                   /usr/lib/x86_64-linux-gnu/libXrender.so.1.3.0
7f4d91388000-7f4d91389000 r--p 00008000 103:05 1060837                   /usr/lib/x86_64-linux-gnu/libXrender.so.1.3.0
7f4d91389000-7f4d9138a000 rw-p 00009000 103:05 1060837                   /usr/lib/x86_64-linux-gnu/libXrender.so.1.3.0
7f4d9138a000-7f4d913c7000 r-xp 00000000 103:05 1061219                   /usr/lib/x86_64-linux-gnu/libfontconfig.so.1.9.0
7f4d913c7000-7f4d915c6000 ---p 0003d000 103:05 1061219                   /usr/lib/x86_64-linux-gnu/libfontconfig.so.1.9.0
7f4d915c6000-7f4d915c8000 r--p 0003c000 103:05 1061219                   /usr/lib/x86_64-linux-gnu/libfontconfig.so.1.9.0
7f4d915c8000-7f4d915cd000 rw-p 0003e000 103:05 1061219                   /usr/lib/x86_64-linux-gnu/libfontconfig.so.1.9.0
7f4d915cd000-7f4d91616000 r-xp 00000000 103:05 1061811                   /usr/lib/x86_64-linux-gnu/libpango-1.0.so.0.4000.1
7f4d91616000-7f4d91816000 ---p 00049000 103:05 1061811                   /usr/lib/x86_64-linux-gnu/libpango-1.0.so.0.4000.1
7f4d91816000-7f4d91818000 r--p 00049000 103:05 1061811                   /usr/lib/x86_64-linux-gnu/libpango-1.0.so.0.4000.1
7f4d91818000-7f4d91819000 rw-p 0004b000 103:05 1061811                   /usr/lib/x86_64-linux-gnu/libpango-1.0.so.0.4000.1
7f4d91819000-7f4d9182d000 r-xp 00000000 103:05 1061815                   /usr/lib/x86_64-linux-gnu/libpangoft2-1.0.so.0.4000.1
7f4d9182d000-7f4d91a2d000 ---p 00014000 103:05 1061815                   /usr/lib/x86_64-linux-gnu/libpangoft2-1.0.so.0.4000.1
7f4d91a2d000-7f4d91a2e000 r--p 00014000 103:05 1061815                   /usr/lib/x86_64-linux-gnu/libpangoft2-1.0.so.0.4000.1
7f4d91a2e000-7f4d91a2f000 rw-p 00015000 103:05 1061815                   /usr/lib/x86_64-linux-gnu/libpangoft2-1.0.so.0.4000.1
7f4d91a2f000-7f4d91a51000 r-xp 00000000 103:05 1060904                   /usr/lib/x86_64-linux-gnu/libatk-1.0.so.0.22009.1
7f4d91a51000-7f4d91c50000 ---p 00022000 103:05 1060904                   /usr/lib/x86_64-linux-gnu/libatk-1.0.so.0.22009.1
7f4d91c50000-7f4d91c53000 r--p 00021000 103:05 1060904                   /usr/lib/x86_64-linux-gnu/libatk-1.0.so.0.22009.1
7f4d91c53000-7f4d91c54000 rw-p 00024000 103:05 1060904                   /usr/lib/x86_64-linux-gnu/libatk-1.0.so.0.22009.1
7f4d91c54000-7f4d91c60000 r-xp 00000000 103:05 1061813                   /usr/lib/x86_64-linux-gnu/libpangocairo-1.0.so.0.4000.1
7f4d91c60000-7f4d91e5f000 ---p 0000c000 103:05 1061813                   /usr/lib/x86_64-linux-gnu/libpangocairo-1.0.so.0.4000.1
7f4d91e5f000-7f4d91e60000 r--p 0000b000 103:05 1061813                   /usr/lib/x86_64-linux-gnu/libpangocairo-1.0.so.0.4000.1
7f4d91e60000-7f4d91e61000 rw-p 0000c000 103:05 1061813                   /usr/lib/x86_64-linux-gnu/libpangocairo-1.0.so.0.4000.1
7f4d91e61000-7f4d91e64000 r-xp 00000000 103:05 1061340                   /usr/lib/x86_64-linux-gnu/libgmodule-2.0.so.0.5000.0
7f4d91e64000-7f4d92063000 ---p 00003000 103:05 1061340                   /usr/lib/x86_64-linux-gnu/libgmodule-2.0.so.0.5000.0
7f4d92063000-7f4d92064000 r--p 00002000 103:05 1061340                   /usr/lib/x86_64-linux-gnu/libgmodule-2.0.so.0.5000.0
7f4d92064000-7f4d92065000 rw-p 00003000 103:05 1061340                   /usr/lib/x86_64-linux-gnu/libgmodule-2.0.so.0.5000.0
7f4d92065000-7f4d9206a000 r-xp 00000000 103:05 1060843                   /usr/lib/x86_64-linux-gnu/libXtst.so.6.1.0
7f4d9206a000-7f4d92269000 ---p 00005000 103:05 1060843                   /usr/lib/x86_64-linux-gnu/libXtst.so.6.1.0
7f4d92269000-7f4d9226a000 r--p 00004000 103:05 1060843                   /usr/lib/x86_64-linux-gnu/libXtst.so.6.1.0
7f4d9226a000-7f4d9226b000 rw-p 00005000 103:05 1060843                   /usr/lib/x86_64-linux-gnu/libXtst.so.6.1.0
7f4d9226b000-7f4d9237b000 r-xp 00000000 103:05 136931                    /lib/x86_64-linux-gnu/libglib-2.0.so.0.5000.0
7f4d9237b000-7f4d9257b000 ---p 00110000 103:05 136931                    /lib/x86_64-linux-gnu/libglib-2.0.so.0.5000.0
7f4d9257b000-7f4d9257c000 r--p 00110000 103:05 136931                    /lib/x86_64-linux-gnu/libglib-2.0.so.0.5000.0
7f4d9257c000-7f4d9257d000 rw-p 00111000 103:05 136931                    /lib/x86_64-linux-gnu/libglib-2.0.so.0.5000.0
7f4d9257d000-7f4d9257e000 rw-p 00000000 00:00 0 
7f4d9257e000-7f4d9257f000 r-xp 00000000 103:05 1061437                   /usr/lib/x86_64-linux-gnu/libgthread-2.0.so.0.5000.0
7f4d9257f000-7f4d9277e000 ---p 00001000 103:05 1061437                   /usr/lib/x86_64-linux-gnu/libgthread-2.0.so.0.5000.0
7f4d9277e000-7f4d9277f000 r--p 00000000 103:05 1061437                   /usr/lib/x86_64-linux-gnu/libgthread-2.0.so.0.5000.0
7f4d9277f000-7f4d92780000 rw-p 00001000 103:05 1061437                   /usr/lib/x86_64-linux-gnu/libgthread-2.0.so.0.5000.0
7f4d92780000-7f4d927d2000 r-xp 00000000 103:05 1061362                   /usr/lib/x86_64-linux-gnu/libgobject-2.0.so.0.5000.0
7f4d927d2000-7f4d929d1000 ---p 00052000 103:05 1061362                   /usr/lib/x86_64-linux-gnu/libgobject-2.0.so.0.5000.0
7f4d929d1000-7f4d929d2000 r--p 00051000 103:05 1061362                   /usr/lib/x86_64-linux-gnu/libgobject-2.0.so.0.5000.0
7f4d929d2000-7f4d929d3000 rw-p 00052000 103:05 1061362                   /usr/lib/x86_64-linux-gnu/libgobject-2.0.so.0.5000.0
7f4d929d3000-7f4d92b60000 r-xp 00000000 103:05 1061324                   /usr/lib/x86_64-linux-gnu/libgio-2.0.so.0.5000.0
7f4d92b60000-7f4d92d5f000 ---p 0018d000 103:05 1061324                   /usr/lib/x86_64-linux-gnu/libgio-2.0.so.0.5000.0
7f4d92d5f000-7f4d92d64000 r--p 0018c000 103:05 1061324                   /usr/lib/x86_64-linux-gnu/libgio-2.0.so.0.5000.0
7f4d92d64000-7f4d92d67000 rw-p 00191000 103:05 1061324                   /usr/lib/x86_64-linux-gnu/libgio-2.0.so.0.5000.0
7f4d92d67000-7f4d92d68000 rw-p 00000000 00:00 0 
7f4d92d68000-7f4d92d89000 r-xp 00000000 103:05 1061294                   /usr/lib/x86_64-linux-gnu/libgdk_pixbuf-2.0.so.0.3400.0
7f4d92d89000-7f4d92f88000 ---p 00021000 103:05 1061294                   /usr/lib/x86_64-linux-gnu/libgdk_pixbuf-2.0.so.0.3400.0
7f4d92f88000-7f4d92f89000 r--p 00020000 103:05 1061294                   /usr/lib/x86_64-linux-gnu/libgdk_pixbuf-2.0.so.0.3400.0
7f4d92f89000-7f4d92f8a000 rw-p 00021000 103:05 1061294                   /usr/lib/x86_64-linux-gnu/libgdk_pixbuf-2.0.so.0.3400.0
7f4d92f8a000-7f4d93098000 r-xp 00000000 103:05 1060970                   /usr/lib/x86_64-linux-gnu/libcairo.so.2.11400.6
7f4d93098000-7f4d93297000 ---p 0010e000 103:05 1060970                   /usr/lib/x86_64-linux-gnu/libcairo.so.2.11400.6
7f4d93297000-7f4d9329a000 r--p 0010d000 103:05 1060970                   /usr/lib/x86_64-linux-gnu/libcairo.so.2.11400.6
7f4d9329a000-7f4d9329b000 rw-p 00110000 103:05 1060970                   /usr/lib/x86_64-linux-gnu/libcairo.so.2.11400.6
7f4d9329b000-7f4d9329d000 rw-p 00000000 00:00 0 
7f4d9329d000-7f4d9334d000 r-xp 00000000 103:05 1061292                   /usr/lib/x86_64-linux-gnu/libgdk-x11-2.0.so.0.2400.30
7f4d9334d000-7f4d9354c000 ---p 000b0000 103:05 1061292                   /usr/lib/x86_64-linux-gnu/libgdk-x11-2.0.so.0.2400.30
7f4d9354c000-7f4d93550000 r--p 000af000 103:05 1061292                   /usr/lib/x86_64-linux-gnu/libgdk-x11-2.0.so.0.2400.30
7f4d93550000-7f4d93552000 rw-p 000b3000 103:05 1061292                   /usr/lib/x86_64-linux-gnu/libgdk-x11-2.0.so.0.2400.30
7f4d93552000-7f4d93990000 r-xp 00000000 103:05 1061441                   /usr/lib/x86_64-linux-gnu/libgtk-x11-2.0.so.0.2400.30
7f4d93990000-7f4d93b90000 ---p 0043e000 103:05 1061441                   /usr/lib/x86_64-linux-gnu/libgtk-x11-2.0.so.0.2400.30
7f4d93b90000-7f4d93b97000 r--p 0043e000 103:05 1061441                   /usr/lib/x86_64-linux-gnu/libgtk-x11-2.0.so.0.2400.30
7f4d93b97000-7f4d93b9b000 rw-p 00445000 103:05 1061441                   /usr/lib/x86_64-linux-gnu/libgtk-x11-2.0.so.0.2400.30
7f4d93b9b000-7f4d93b9e000 rw-p 00000000 00:00 0 
7f4d93b9e000-7f4d93bc6000 r-xp 00000000 103:05 279195                    /usr/lib/jvm/java-8-openjdk-amd64/jre/lib/amd64/libglass.so
7f4d93bc6000-7f4d93dc6000 ---p 00028000 103:05 279195                    /usr/lib/jvm/java-8-openjdk-amd64/jre/lib/amd64/libglass.so
7f4d93dc6000-7f4d93dc7000 r--p 00028000 103:05 279195                    /usr/lib/jvm/java-8-openjdk-amd64/jre/lib/amd64/libglass.so
7f4d93dc7000-7f4d93dc8000 rw-p 00029000 103:05 279195                    /usr/lib/jvm/java-8-openjdk-amd64/jre/lib/amd64/libglass.so
7f4d93dc8000-7f4d93dff000 r-xp 00000000 103:05 1062093                   /usr/lib/x86_64-linux-gnu/libtxc_dxtn_s2tc.so.0.0.0
7f4d93dff000-7f4d93ffe000 ---p 00037000 103:05 1062093                   /usr/lib/x86_64-linux-gnu/libtxc_dxtn_s2tc.so.0.0.0
7f4d93ffe000-7f4d93fff000 r--p 00036000 103:05 1062093                   /usr/lib/x86_64-linux-gnu/libtxc_dxtn_s2tc.so.0.0.0
7f4d93fff000-7f4d94000000 rw-p 00037000 103:05 1062093                   /usr/lib/x86_64-linux-gnu/libtxc_dxtn_s2tc.so.0.0.0
7f4d94000000-7f4d94021000 rw-p 00000000 00:00 0 
7f4d94021000-7f4d98000000 ---p 00000000 00:00 0 
7f4d98000000-7f4d98004000 r--s 0009a000 103:05 279368                    /usr/lib/jvm/java-8-openjdk-amd64/jre/lib/jsse.jar
7f4d98004000-7f4d98010000 rw-s 00000000 00:05 407606                     /drm mm object (deleted)
7f4d98010000-7f4d9801b000 r--s 00000000 103:05 1076668                   /var/cache/fontconfig/945677eb7aeaf62f1d50efc3fb3ec7d8-le64.cache-6
7f4d9801b000-7f4d9801e000 ---p 00000000 00:00 0 
7f4d9801e000-7f4d9811c000 rw-p 00000000 00:00 0 
7f4d9811c000-7f4d98124000 r-xp 00000000 103:05 1061827                   /usr/lib/x86_64-linux-gnu/libpciaccess.so.0.11.1
7f4d98124000-7f4d98324000 ---p 00008000 103:05 1061827                   /usr/lib/x86_64-linux-gnu/libpciaccess.so.0.11.1
7f4d98324000-7f4d98325000 r--p 00008000 103:05 1061827                   /usr/lib/x86_64-linux-gnu/libpciaccess.so.0.11.1
7f4d98325000-7f4d98326000 rw-p 00009000 103:05 1061827                   /usr/lib/x86_64-linux-gnu/libpciaccess.so.0.11.1
7f4d98326000-7f4d98338000 r-xp 00000000 103:05 136933                    /lib/x86_64-linux-gnu/libgpg-error.so.0.19.1
7f4d98338000-7f4d98538000 ---p 00012000 103:05 136933                    /lib/x86_64-linux-gnu/libgpg-error.so.0.19.1
7f4d98538000-7f4d98539000 r--p 00012000 103:05 136933                    /lib/x86_64-linux-gnu/libgpg-error.so.0.19.1
7f4d98539000-7f4d9853a000 rw-p 00013000 103:05 136933                    /lib/x86_64-linux-gnu/libgpg-error.so.0.19.1
7f4d9853a000-7f4d98545000 r-xp 00000000 103:05 1061129                   /usr/lib/x86_64-linux-gnu/libdrm_radeon.so.1.0.1
7f4d98545000-7f4d98744000 ---p 0000b000 103:05 1061129                   /usr/lib/x86_64-linux-gnu/libdrm_radeon.so.1.0.1
7f4d98744000-7f4d98745000 r--p 0000a000 103:05 1061129                   /usr/lib/x86_64-linux-gnu/libdrm_radeon.so.1.0.1
7f4d98745000-7f4d98746000 rw-p 0000b000 103:05 1061129                   /usr/lib/x86_64-linux-gnu/libdrm_radeon.so.1.0.1
7f4d98746000-7f4d9874d000 r-xp 00000000 103:05 1061127                   /usr/lib/x86_64-linux-gnu/libdrm_nouveau.so.2.0.0
7f4d9874d000-7f4d9894c000 ---p 00007000 103:05 1061127                   /usr/lib/x86_64-linux-gnu/libdrm_nouveau.so.2.0.0
7f4d9894c000-7f4d9894d000 r--p 00006000 103:05 1061127                   /usr/lib/x86_64-linux-gnu/libdrm_nouveau.so.2.0.0
7f4d9894d000-7f4d9894e000 rw-p 00007000 103:05 1061127                   /usr/lib/x86_64-linux-gnu/libdrm_nouveau.so.2.0.0
7f4d9894e000-7f4d9896e000 r-xp 00000000 103:05 1061125                   /usr/lib/x86_64-linux-gnu/libdrm_intel.so.1.0.0
7f4d9896e000-7f4d98b6d000 ---p 00020000 103:05 1061125                   /usr/lib/x86_64-linux-gnu/libdrm_intel.so.1.0.0
7f4d98b6d000-7f4d98b6e000 r--p 0001f000 103:05 1061125                   /usr/lib/x86_64-linux-gnu/libdrm_intel.so.1.0.0
7f4d98b6e000-7f4d98b6f000 rw-p 00020000 103:05 1061125                   /usr/lib/x86_64-linux-gnu/libdrm_intel.so.1.0.0
7f4d98b6f000-7f4d98c76000 r-xp 00000000 103:05 136929                    /lib/x86_64-linux-gnu/libgcrypt.so.20.1.2
7f4d98c76000-7f4d98e75000 ---p 00107000 103:05 136929                    /lib/x86_64-linux-gnu/libgcrypt.so.20.1.2
7f4d98e75000-7f4d98e77000 r--p 00106000 103:05 136929                    /lib/x86_64-linux-gnu/libgcrypt.so.20.1.2
7f4d98e77000-7f4d98e7e000 rw-p 00108000 103:05 136929                    /lib/x86_64-linux-gnu/libgcrypt.so.20.1.2
7f4d98e7e000-7f4d99521000 r-xp 00000000 103:05 8121                      /usr/lib/x86_64-linux-gnu/dri/i965_dri.so
7f4d99521000-7f4d99720000 ---p 006a3000 103:05 8121                      /usr/lib/x86_64-linux-gnu/dri/i965_dri.so
7f4d99720000-7f4d9975f000 r--p 006a2000 103:05 8121                      /usr/lib/x86_64-linux-gnu/dri/i965_dri.so
7f4d9975f000-7f4d99767000 rw-p 006e1000 103:05 8121                      /usr/lib/x86_64-linux-gnu/dri/i965_dri.so
7f4d99767000-7f4d9976f000 rw-p 00000000 00:00 0 
7f4d9976f000-7f4d99774000 r-xp 00000000 103:05 1060815                   /usr/lib/x86_64-linux-gnu/libXdmcp.so.6.0.0
7f4d99774000-7f4d99973000 ---p 00005000 103:05 1060815                   /usr/lib/x86_64-linux-gnu/libXdmcp.so.6.0.0
7f4d99973000-7f4d99974000 r--p 00004000 103:05 1060815                   /usr/lib/x86_64-linux-gnu/libXdmcp.so.6.0.0
7f4d99974000-7f4d99975000 rw-p 00005000 103:05 1060815                   /usr/lib/x86_64-linux-gnu/libXdmcp.so.6.0.0
7f4d99975000-7f4d99977000 r-xp 00000000 103:05 1060804                   /usr/lib/x86_64-linux-gnu/libXau.so.6.0.0
7f4d99977000-7f4d99b77000 ---p 00002000 103:05 1060804                   /usr/lib/x86_64-linux-gnu/libXau.so.6.0.0
7f4d99b77000-7f4d99b78000 r--p 00002000 103:05 1060804                   /usr/lib/x86_64-linux-gnu/libXau.so.6.0.0
7f4d99b78000-7f4d99b79000 rw-p 00003000 103:05 1060804                   /usr/lib/x86_64-linux-gnu/libXau.so.6.0.0
7f4d99b79000-7f4d99b87000 r-xp 00000000 103:05 1061121                   /usr/lib/x86_64-linux-gnu/libdrm.so.2.4.0
7f4d99b87000-7f4d99d86000 ---p 0000e000 103:05 1061121                   /usr/lib/x86_64-linux-gnu/libdrm.so.2.4.0
7f4d99d86000-7f4d99d87000 r--p 0000d000 103:05 1061121                   /usr/lib/x86_64-linux-gnu/libdrm.so.2.4.0
7f4d99d87000-7f4d99d88000 rw-p 0000e000 103:05 1061121                   /usr/lib/x86_64-linux-gnu/libdrm.so.2.4.0
7f4d99d88000-7f4d99d8d000 r-xp 00000000 103:05 1060853                   /usr/lib/x86_64-linux-gnu/libXxf86vm.so.1.0.0
7f4d99d8d000-7f4d99f8c000 ---p 00005000 103:05 1060853                   /usr/lib/x86_64-linux-gnu/libXxf86vm.so.1.0.0
7f4d99f8c000-7f4d99f8d000 r--p 00004000 103:05 1060853                   /usr/lib/x86_64-linux-gnu/libXxf86vm.so.1.0.0
7f4d99f8d000-7f4d99f8e000 rw-p 00005000 103:05 1060853                   /usr/lib/x86_64-linux-gnu/libXxf86vm.so.1.0.0
7f4d99f8e000-7f4d99f92000 r-xp 00000000 103:05 1062304                   /usr/lib/x86_64-linux-gnu/libxcb-dri2.so.0.0.0
7f4d99f92000-7f4d9a191000 ---p 00004000 103:05 1062304                   /usr/lib/x86_64-linux-gnu/libxcb-dri2.so.0.0.0
7f4d9a191000-7f4d9a192000 r--p 00003000 103:05 1062304                   /usr/lib/x86_64-linux-gnu/libxcb-dri2.so.0.0.0
7f4d9a192000-7f4d9a193000 rw-p 00004000 103:05 1062304                   /usr/lib/x86_64-linux-gnu/libxcb-dri2.so.0.0.0
7f4d9a193000-7f4d9a1aa000 r-xp 00000000 103:05 1062308                   /usr/lib/x86_64-linux-gnu/libxcb-glx.so.0.0.0
7f4d9a1aa000-7f4d9a3a9000 ---p 00017000 103:05 1062308                   /usr/lib/x86_64-linux-gnu/libxcb-glx.so.0.0.0
7f4d9a3a9000-7f4d9a3ab000 r--p 00016000 103:05 1062308                   /usr/lib/x86_64-linux-gnu/libxcb-glx.so.0.0.0
7f4d9a3ab000-7f4d9a3ac000 rw-p 00018000 103:05 1062308                   /usr/lib/x86_64-linux-gnu/libxcb-glx.so.0.0.0
7f4d9a3ac000-7f4d9a3ad000 r-xp 00000000 103:05 1060798                   /usr/lib/x86_64-linux-gnu/libX11-xcb.so.1.0.0
7f4d9a3ad000-7f4d9a5ac000 ---p 00001000 103:05 1060798                   /usr/lib/x86_64-linux-gnu/libX11-xcb.so.1.0.0
7f4d9a5ac000-7f4d9a5ad000 r--p 00000000 103:05 1060798                   /usr/lib/x86_64-linux-gnu/libX11-xcb.so.1.0.0
7f4d9a5ad000-7f4d9a5ae000 rw-p 00001000 103:05 1060798                   /usr/lib/x86_64-linux-gnu/libX11-xcb.so.1.0.0
7f4d9a5ae000-7f4d9a5b3000 r-xp 00000000 103:05 1060819                   /usr/lib/x86_64-linux-gnu/libXfixes.so.3.1.0
7f4d9a5b3000-7f4d9a7b2000 ---p 00005000 103:05 1060819                   /usr/lib/x86_64-linux-gnu/libXfixes.so.3.1.0
7f4d9a7b2000-7f4d9a7b3000 r--p 00004000 103:05 1060819                   /usr/lib/x86_64-linux-gnu/libXfixes.so.3.1.0
7f4d9a7b3000-7f4d9a7b4000 rw-p 00005000 103:05 1060819                   /usr/lib/x86_64-linux-gnu/libXfixes.so.3.1.0
7f4d9a7b4000-7f4d9a7b6000 r-xp 00000000 103:05 1060813                   /usr/lib/x86_64-linux-gnu/libXdamage.so.1.1.0
7f4d9a7b6000-7f4d9a9b5000 ---p 00002000 103:05 1060813                   /usr/lib/x86_64-linux-gnu/libXdamage.so.1.1.0
7f4d9a9b5000-7f4d9a9b6000 r--p 00001000 103:05 1060813                   /usr/lib/x86_64-linux-gnu/libXdamage.so.1.1.0
7f4d9a9b6000-7f4d9a9b7000 rw-p 00002000 103:05 1060813                   /usr/lib/x86_64-linux-gnu/libXdamage.so.1.1.0
7f4d9a9b7000-7f4d9a9c8000 r-xp 00000000 103:05 1060817                   /usr/lib/x86_64-linux-gnu/libXext.so.6.4.0
7f4d9a9c8000-7f4d9abc7000 ---p 00011000 103:05 1060817                   /usr/lib/x86_64-linux-gnu/libXext.so.6.4.0
7f4d9abc7000-7f4d9abc8000 r--p 00010000 103:05 1060817                   /usr/lib/x86_64-linux-gnu/libXext.so.6.4.0
7f4d9abc8000-7f4d9abc9000 rw-p 00011000 103:05 1060817                   /usr/lib/x86_64-linux-gnu/libXext.so.6.4.0
7f4d9abc9000-7f4d9abf2000 r-xp 00000000 103:05 1052288                   /usr/lib/x86_64-linux-gnu/libglapi.so.0.0.0
7f4d9abf2000-7f4d9adf1000 ---p 00029000 103:05 1052288                   /usr/lib/x86_64-linux-gnu/libglapi.so.0.0.0
7f4d9adf1000-7f4d9adf5000 r--p 00028000 103:05 1052288                   /usr/lib/x86_64-linux-gnu/libglapi.so.0.0.0
7f4d9adf5000-7f4d9adf6000 rw-p 0002c000 103:05 1052288                   /usr/lib/x86_64-linux-gnu/libglapi.so.0.0.0
7f4d9adf6000-7f4d9adf7000 rw-p 00000000 00:00 0 
7f4d9adf7000-7f4d9adf8000 r-xp 00000000 103:05 1062350                   /usr/lib/x86_64-linux-gnu/libxshmfence.so.1.0.0
7f4d9adf8000-7f4d9aff8000 ---p 00001000 103:05 1062350                   /usr/lib/x86_64-linux-gnu/libxshmfence.so.1.0.0
7f4d9aff8000-7f4d9aff9000 r--p 00001000 103:05 1062350                   /usr/lib/x86_64-linux-gnu/libxshmfence.so.1.0.0
7f4d9aff9000-7f4d9affa000 rw-p 00002000 103:05 1062350                   /usr/lib/x86_64-linux-gnu/libxshmfence.so.1.0.0
7f4d9affa000-7f4d9afff000 r-xp 00000000 103:05 1062328                   /usr/lib/x86_64-linux-gnu/libxcb-sync.so.1.0.0
7f4d9afff000-7f4d9b1ff000 ---p 00005000 103:05 1062328                   /usr/lib/x86_64-linux-gnu/libxcb-sync.so.1.0.0
7f4d9b1ff000-7f4d9b200000 r--p 00005000 103:05 1062328                   /usr/lib/x86_64-linux-gnu/libxcb-sync.so.1.0.0
7f4d9b200000-7f4d9b201000 rw-p 00006000 103:05 1062328                   /usr/lib/x86_64-linux-gnu/libxcb-sync.so.1.0.0
7f4d9b201000-7f4d9b203000 r-xp 00000000 103:05 1062316                   /usr/lib/x86_64-linux-gnu/libxcb-present.so.0.0.0
7f4d9b203000-7f4d9b402000 ---p 00002000 103:05 1062316                   /usr/lib/x86_64-linux-gnu/libxcb-present.so.0.0.0
7f4d9b402000-7f4d9b403000 r--p 00001000 103:05 1062316                   /usr/lib/x86_64-linux-gnu/libxcb-present.so.0.0.0
7f4d9b403000-7f4d9b404000 rw-p 00002000 103:05 1062316                   /usr/lib/x86_64-linux-gnu/libxcb-present.so.0.0.0
7f4d9b404000-7f4d9b406000 r-xp 00000000 103:05 1062306                   /usr/lib/x86_64-linux-gnu/libxcb-dri3.so.0.0.0
7f4d9b406000-7f4d9b605000 ---p 00002000 103:05 1062306                   /usr/lib/x86_64-linux-gnu/libxcb-dri3.so.0.0.0
7f4d9b605000-7f4d9b606000 r--p 00001000 103:05 1062306                   /usr/lib/x86_64-linux-gnu/libxcb-dri3.so.0.0.0
7f4d9b606000-7f4d9b607000 rw-p 00002000 103:05 1062306                   /usr/lib/x86_64-linux-gnu/libxcb-dri3.so.0.0.0
7f4d9b607000-7f4d9b62e000 r-xp 00000000 103:05 136920                    /lib/x86_64-linux-gnu/libexpat.so.1.6.2
7f4d9b62e000-7f4d9b82e000 ---p 00027000 103:05 136920                    /lib/x86_64-linux-gnu/libexpat.so.1.6.2
7f4d9b82e000-7f4d9b830000 r--p 00027000 103:05 136920                    /lib/x86_64-linux-gnu/libexpat.so.1.6.2
7f4d9b830000-7f4d9b831000 rw-p 00029000 103:05 136920                    /lib/x86_64-linux-gnu/libexpat.so.1.6.2
7f4d9b831000-7f4d9b852000 r-xp 00000000 103:05 1062338                   /usr/lib/x86_64-linux-gnu/libxcb.so.1.1.0
7f4d9b852000-7f4d9ba51000 ---p 00021000 103:05 1062338                   /usr/lib/x86_64-linux-gnu/libxcb.so.1.1.0
7f4d9ba51000-7f4d9ba52000 r--p 00020000 103:05 1062338                   /usr/lib/x86_64-linux-gnu/libxcb.so.1.1.0
7f4d9ba52000-7f4d9ba53000 rw-p 00021000 103:05 1062338                   /usr/lib/x86_64-linux-gnu/libxcb.so.1.1.0
7f4d9ba53000-7f4d9bac3000 r-xp 00000000 103:05 137678                    /usr/lib/x86_64-linux-gnu/mesa/libGL.so.1.2.0
7f4d9bac3000-7f4d9bcc2000 ---p 00070000 103:05 137678                    /usr/lib/x86_64-linux-gnu/mesa/libGL.so.1.2.0
7f4d9bcc2000-7f4d9bcc5000 r--p 0006f000 103:05 137678                    /usr/lib/x86_64-linux-gnu/mesa/libGL.so.1.2.0
7f4d9bcc5000-7f4d9bcc6000 rw-p 00072000 103:05 137678                    /usr/lib/x86_64-linux-gnu/mesa/libGL.so.1.2.0
7f4d9bcc6000-7f4d9bcc7000 rw-p 00000000 00:00 0 
7f4d9bcc7000-7f4d9bdfc000 r-xp 00000000 103:05 1060800                   /usr/lib/x86_64-linux-gnu/libX11.so.6.3.0
7f4d9bdfc000-7f4d9bffb000 ---p 00135000 103:05 1060800                   /usr/lib/x86_64-linux-gnu/libX11.so.6.3.0
7f4d9bffb000-7f4d9bffc000 r--p 00134000 103:05 1060800                   /usr/lib/x86_64-linux-gnu/libX11.so.6.3.0
7f4d9bffc000-7f4d9c000000 rw-p 00135000 103:05 1060800                   /usr/lib/x86_64-linux-gnu/libX11.so.6.3.0
7f4d9c000000-7f4d9c021000 rw-p 00000000 00:00 0 
7f4d9c021000-7f4da0000000 ---p 00000000 00:00 0 
7f4da0000000-7f4da0002000 rw-s 103c92000 00:06 415                       /dev/dri/card1
7f4da0002000-7f4da000a000 rw-s 00000000 00:05 405736                     /drm mm object (deleted)
7f4da000a000-7f4da0010000 r--s 00000000 103:05 1076649                   /var/cache/fontconfig/2cd17615ca594fa2959ae173292e504c-le64.cache-6
7f4da0010000-7f4da0011000 r--s 00000000 103:05 1076646                   /var/cache/fontconfig/0d8c3b2ac0904cb8a57a757ad11a4a08-le64.cache-6
7f4da0011000-7f4da0026000 r--s 00000000 103:05 1076642                   /var/cache/fontconfig/04aabc0a78ac019cf9454389977116d2-le64.cache-6
7f4da0026000-7f4da0027000 r--s 00000000 103:05 1076648                   /var/cache/fontconfig/1ac9eb803944fde146138c791f5cc56a-le64.cache-6
7f4da0027000-7f4da002b000 r--s 00000000 103:05 1076653                   /var/cache/fontconfig/385c0604a188198f04d133e54aba7fe7-le64.cache-6
7f4da002b000-7f4da002c000 r--s 00000000 103:05 1076681                   /var/cache/fontconfig/dc05db6664285cc2f12bf69c139ae4c3-le64.cache-6
7f4da002c000-7f4da002f000 r--s 00000000 103:05 1076664                   /var/cache/fontconfig/767a8244fc0220cfb567a839d0392e0b-le64.cache-6
7f4da002f000-7f4da0030000 r--s 00000000 103:05 1076655                   /var/cache/fontconfig/4794a0821666d79190d59a36cb4f44b5-le64.cache-6
7f4da0030000-7f4da0031000 r--s 00000000 103:05 1076644                   /var/cache/fontconfig/0bd3dc0958fa2205aaaa8ebb13e2872b-le64.cache-6
7f4da0031000-7f4da0036000 r--s 00000000 103:05 1076667                   /var/cache/fontconfig/8801497958630a81b71ace7c5f9b32a8-le64.cache-6
7f4da0036000-7f4da0037000 r--s 00000000 103:05 1076674                   /var/cache/fontconfig/bab58bb527bb656aaa9f116d68a48d89-le64.cache-6
7f4da0037000-7f4da003d000 r--s 00000000 103:05 1076650                   /var/cache/fontconfig/3047814df9a2f067bd2d96a2b9c36e5a-le64.cache-6
7f4da003d000-7f4da003e000 r--s 00000000 103:05 1076658                   /var/cache/fontconfig/56cf4f4769d0f4abc89a4895d7bd3ae1-le64.cache-6
7f4da003e000-7f4da003f000 r--s 00000000 103:05 1076673                   /var/cache/fontconfig/b9d506c9ac06c20b433354fa67a72993-le64.cache-6
7f4da003f000-7f4da0045000 r--s 00000000 103:05 1076672                   /var/cache/fontconfig/b47c4e1ecd0709278f4910c18777a504-le64.cache-6
7f4da0045000-7f4da0058000 r--s 00000000 103:05 1076678                   /var/cache/fontconfig/d52a8644073d54c13679302ca1180695-le64.cache-6
7f4da0058000-7f4da0059000 r--s 00000000 103:05 1076657                   /var/cache/fontconfig/551ecf3b0e8b0bca0f25c0944f561853-le64.cache-6
7f4da0059000-7f4da005a000 r--s 00000000 103:05 1076654                   /var/cache/fontconfig/3f7329c5293ffd510edef78f73874cfd-le64.cache-6
7f4da005a000-7f4da0066000 r--s 00000000 103:05 1078096                   /var/cache/fontconfig/d589a48862398ed80a3d6066f4f56f4c-le64.cache-6
7f4da0066000-7f4da0069000 r--s 00000000 103:05 1076663                   /var/cache/fontconfig/75114ca45c98e8a441da0ff356701271-le64.cache-6
7f4da0069000-7f4da007b000 r--s 00000000 103:05 1076670                   /var/cache/fontconfig/9b89f8e3dae116d678bbf48e5f21f69b-le64.cache-6
7f4da007b000-7f4da00c6000 r--p 00000000 103:05 526830                    /usr/share/glib-2.0/schemas/gschemas.compiled
7f4da00c6000-7f4da0148000 r-xp 00000000 103:05 137052                    /lib/x86_64-linux-gnu/libsystemd.so.0.16.0
7f4da0148000-7f4da014b000 r--p 00081000 103:05 137052                    /lib/x86_64-linux-gnu/libsystemd.so.0.16.0
7f4da014b000-7f4da014c000 rw-p 00084000 103:05 137052                    /lib/x86_64-linux-gnu/libsystemd.so.0.16.0
7f4da014c000-7f4da014d000 rw-p 00000000 00:00 0 
7f4da014d000-7f4da016b000 r-xp 00000000 103:05 136726                    /lib/x86_64-linux-gnu/libudev.so.1.6.5
7f4da016b000-7f4da016c000 ---p 0001e000 103:05 136726                    /lib/x86_64-linux-gnu/libudev.so.1.6.5
7f4da016c000-7f4da016d000 r--p 0001e000 103:05 136726                    /lib/x86_64-linux-gnu/libudev.so.1.6.5
7f4da016d000-7f4da016e000 rw-p 0001f000 103:05 136726                    /lib/x86_64-linux-gnu/libudev.so.1.6.5
7f4da016e000-7f4da016f000 r--s 00000000 103:05 1076651                   /var/cache/fontconfig/30829fa25452a46451e813d634d7f916-le64.cache-6
7f4da016f000-7f4da0170000 r--s 00000000 103:05 1076645                   /var/cache/fontconfig/0c9eb80ebd1c36541ebe2852d3bb0c49-le64.cache-6
7f4da0170000-7f4da017b000 r--s 00000000 103:05 1076666                   /var/cache/fontconfig/83bf95040141907cd45bb53cf7c1c148-le64.cache-6
7f4da017b000-7f4da017e000 r--s 00000000 103:05 1076682                   /var/cache/fontconfig/e13b20fdb08344e0e664864cc2ede53d-le64.cache-6
7f4da017e000-7f4da0182000 r--s 00000000 103:05 1048703                   /var/cache/fontconfig/7ef2298fde41cc6eeb7af42e48b7d293-le64.cache-6
7f4da0182000-7f4da018a000 rw-s 00000000 00:05 407605                     /drm mm object (deleted)
7f4da018a000-7f4da0196000 r-xp 00000000 103:05 279204                    /usr/lib/jvm/java-8-openjdk-amd64/jre/lib/amd64/libprism_es2.so
7f4da0196000-7f4da0395000 ---p 0000c000 103:05 279204                    /usr/lib/jvm/java-8-openjdk-amd64/jre/lib/amd64/libprism_es2.so
7f4da0395000-7f4da0396000 r--p 0000b000 103:05 279204                    /usr/lib/jvm/java-8-openjdk-amd64/jre/lib/amd64/libprism_es2.so
7f4da0396000-7f4da0397000 rw-p 0000c000 103:05 279204                    /usr/lib/jvm/java-8-openjdk-amd64/jre/lib/amd64/libprism_es2.so
7f4da0397000-7f4da039a000 ---p 00000000 00:00 0 
7f4da039a000-7f4da0498000 rw-p 00000000 00:00 0 
7f4da0498000-7f4da049b000 ---p 00000000 00:00 0 
7f4da049b000-7f4da0599000 rw-p 00000000 00:00 0 
7f4da0599000-7f4da059c000 ---p 00000000 00:00 0 
7f4da059c000-7f4da069a000 rw-p 00000000 00:00 0 
7f4da069a000-7f4da06b5000 r--s 001d6000 103:05 279350                    /usr/lib/jvm/java-8-openjdk-amd64/jre/lib/ext/nashorn.jar
7f4da06b5000-7f4da074b000 r--s 008d6000 103:05 279517                    /usr/share/java/openjfx/jre/lib/ext/jfxrt.jar
7f4da074b000-7f4da0766000 r--s 00394000 103:05 279345                    /usr/lib/jvm/java-8-openjdk-amd64/jre/lib/ext/cldrdata.jar
7f4da0766000-7f4da0767000 ---p 00000000 00:00 0 
7f4da0767000-7f4da0867000 rw-p 00000000 00:00 0 
7f4da0867000-7f4da086a000 ---p 00000000 00:00 0 
7f4da086a000-7f4da0968000 rw-p 00000000 00:00 0 
7f4da0968000-7f4da096b000 ---p 00000000 00:00 0 
7f4da096b000-7f4da0a69000 rw-p 00000000 00:00 0 
7f4da0a69000-7f4da0a6c000 ---p 00000000 00:00 0 
7f4da0a6c000-7f4da0b6a000 rw-p 00000000 00:00 0 
7f4da0b6a000-7f4da0b6d000 ---p 00000000 00:00 0 
7f4da0b6d000-7f4da0c6b000 rw-p 00000000 00:00 0 
7f4da0c6b000-7f4da0c6e000 ---p 00000000 00:00 0 
7f4da0c6e000-7f4da0d6c000 rw-p 00000000 00:00 0 
7f4da0d6c000-7f4da0d6f000 ---p 00000000 00:00 0 
7f4da0d6f000-7f4da0e6d000 rw-p 00000000 00:00 0 
7f4da0e6d000-7f4da182e000 r--p 00000000 103:05 1058289                   /usr/lib/locale/locale-archive
7f4da182e000-7f4da1831000 ---p 00000000 00:00 0 
7f4da1831000-7f4da192f000 rw-p 00000000 00:00 0 
7f4da192f000-7f4da1932000 ---p 00000000 00:00 0 
7f4da1932000-7f4da1a30000 rw-p 00000000 00:00 0 
7f4da1a30000-7f4da1a31000 ---p 00000000 00:00 0 
7f4da1a31000-7f4da3632000 rw-p 00000000 00:00 0 
7f4da3632000-7f4da3800000 r--s 03c06000 103:05 279374                    /usr/lib/jvm/java-8-openjdk-amd64/jre/lib/rt.jar
7f4da3800000-7f4da4000000 rw-p 00000000 00:00 0 
7f4da4000000-7f4da4021000 rw-p 00000000 00:00 0 
7f4da4021000-7f4da8000000 ---p 00000000 00:00 0 
7f4da8000000-7f4da8008000 rw-s 00000000 00:05 404966                     /drm mm object (deleted)
7f4da8008000-7f4da800d000 r--p 00000000 103:05 797336                    /home/justin/.config/dconf/user
7f4da800d000-7f4da8015000 rw-s 00000000 00:05 404135                     /drm mm object (deleted)
7f4da8015000-7f4da88f9000 rw-p 00000000 00:00 0 
7f4da88f9000-7f4da88fa000 ---p 00000000 00:00 0 
7f4da88fa000-7f4da89fa000 rw-p 00000000 00:00 0 
7f4da89fa000-7f4da89fb000 ---p 00000000 00:00 0 
7f4da89fb000-7f4da8afb000 rw-p 00000000 00:00 0 
7f4da8afb000-7f4da8afc000 ---p 00000000 00:00 0 
7f4da8afc000-7f4da8bfc000 rw-p 00000000 00:00 0 
7f4da8bfc000-7f4da8bfd000 ---p 00000000 00:00 0 
7f4da8bfd000-7f4da8cfd000 rw-p 00000000 00:00 0 
7f4da8cfd000-7f4da8cfe000 ---p 00000000 00:00 0 
7f4da8cfe000-7f4da8dfe000 rw-p 00000000 00:00 0 
7f4da8dfe000-7f4da8dff000 ---p 00000000 00:00 0 
7f4da8dff000-7f4da8eff000 rw-p 00000000 00:00 0 
7f4da8eff000-7f4da8f00000 ---p 00000000 00:00 0 
7f4da8f00000-7f4da9000000 rw-p 00000000 00:00 0 
7f4da9000000-7f4da9480000 rwxp 00000000 00:00 0 
7f4da9480000-7f4db8000000 ---p 00000000 00:00 0 
7f4db8000000-7f4db81e6000 rw-p 00000000 00:00 0 
7f4db81e6000-7f4dbc000000 ---p 00000000 00:00 0 
7f4dbc002000-7f4dbc003000 r--s 00000000 00:2d 56                         /run/user/1000/dconf/user
7f4dbc003000-7f4dbc00a000 r--s 00000000 103:05 154219                    /usr/lib/x86_64-linux-gnu/gconv/gconv-modules.cache
7f4dbc00a000-7f4dbc0ee000 rw-p 00000000 00:00 0 
7f4dbc0ee000-7f4dbc0ef000 ---p 00000000 00:00 0 
7f4dbc0ef000-7f4dbc243000 rw-p 00000000 00:00 0 
7f4dbc243000-7f4dbc71b000 ---p 00000000 00:00 0 
7f4dbc71b000-7f4dbc76f000 rw-p 00000000 00:00 0 
7f4dbc76f000-7f4dbcc47000 ---p 00000000 00:00 0 
7f4dbcc47000-7f4dbcc71000 rw-p 00000000 00:00 0 
7f4dbcc71000-7f4dbcedd000 ---p 00000000 00:00 0 
7f4dbcedd000-7f4dbcef0000 rw-p 00000000 00:00 0 
7f4dbcef0000-7f4dbd29e000 ---p 00000000 00:00 0 
7f4dbd29e000-7f4dbd2a6000 r-xp 00000000 103:05 279331                    /usr/lib/jvm/java-8-openjdk-amd64/jre/lib/amd64/libzip.so
7f4dbd2a6000-7f4dbd4a5000 ---p 00008000 103:05 279331                    /usr/lib/jvm/java-8-openjdk-amd64/jre/lib/amd64/libzip.so
7f4dbd4a5000-7f4dbd4a6000 r--p 00007000 103:05 279331                    /usr/lib/jvm/java-8-openjdk-amd64/jre/lib/amd64/libzip.so
7f4dbd4a6000-7f4dbd4a7000 rw-p 00008000 103:05 279331                    /usr/lib/jvm/java-8-openjdk-amd64/jre/lib/amd64/libzip.so
7f4dbd4a7000-7f4dbd4b2000 r-xp 00000000 103:05 149387                    /lib/x86_64-linux-gnu/libnss_files-2.24.so
7f4dbd4b2000-7f4dbd6b1000 ---p 0000b000 103:05 149387                    /lib/x86_64-linux-gnu/libnss_files-2.24.so
7f4dbd6b1000-7f4dbd6b2000 r--p 0000a000 103:05 149387                    /lib/x86_64-linux-gnu/libnss_files-2.24.so
7f4dbd6b2000-7f4dbd6b3000 rw-p 0000b000 103:05 149387                    /lib/x86_64-linux-gnu/libnss_files-2.24.so
7f4dbd6b3000-7f4dbd6b9000 rw-p 00000000 00:00 0 
7f4dbd6b9000-7f4dbd6c4000 r-xp 00000000 103:05 149392                    /lib/x86_64-linux-gnu/libnss_nis-2.24.so
7f4dbd6c4000-7f4dbd8c3000 ---p 0000b000 103:05 149392                    /lib/x86_64-linux-gnu/libnss_nis-2.24.so
7f4dbd8c3000-7f4dbd8c4000 r--p 0000a000 103:05 149392                    /lib/x86_64-linux-gnu/libnss_nis-2.24.so
7f4dbd8c4000-7f4dbd8c5000 rw-p 0000b000 103:05 149392                    /lib/x86_64-linux-gnu/libnss_nis-2.24.so
7f4dbd8c5000-7f4dbd8db000 r-xp 00000000 103:05 149279                    /lib/x86_64-linux-gnu/libnsl-2.24.so
7f4dbd8db000-7f4dbdada000 ---p 00016000 103:05 149279                    /lib/x86_64-linux-gnu/libnsl-2.24.so
7f4dbdada000-7f4dbdadb000 r--p 00015000 103:05 149279                    /lib/x86_64-linux-gnu/libnsl-2.24.so
7f4dbdadb000-7f4dbdadc000 rw-p 00016000 103:05 149279                    /lib/x86_64-linux-gnu/libnsl-2.24.so
7f4dbdadc000-7f4dbdade000 rw-p 00000000 00:00 0 
7f4dbdade000-7f4dbdae6000 r-xp 00000000 103:05 149380                    /lib/x86_64-linux-gnu/libnss_compat-2.24.so
7f4dbdae6000-7f4dbdce5000 ---p 00008000 103:05 149380                    /lib/x86_64-linux-gnu/libnss_compat-2.24.so
7f4dbdce5000-7f4dbdce6000 r--p 00007000 103:05 149380                    /lib/x86_64-linux-gnu/libnss_compat-2.24.so
7f4dbdce6000-7f4dbdce7000 rw-p 00008000 103:05 149380                    /lib/x86_64-linux-gnu/libnss_compat-2.24.so
7f4dbdce7000-7f4dbdd14000 r-xp 00000000 103:05 279312                    /usr/lib/jvm/java-8-openjdk-amd64/jre/lib/amd64/libjava.so
7f4dbdd14000-7f4dbdf13000 ---p 0002d000 103:05 279312                    /usr/lib/jvm/java-8-openjdk-amd64/jre/lib/amd64/libjava.so
7f4dbdf13000-7f4dbdf14000 r--p 0002c000 103:05 279312                    /usr/lib/jvm/java-8-openjdk-amd64/jre/lib/amd64/libjava.so
7f4dbdf14000-7f4dbdf16000 rw-p 0002d000 103:05 279312                    /usr/lib/jvm/java-8-openjdk-amd64/jre/lib/amd64/libjava.so
7f4dbdf16000-7f4dbdf25000 r-xp 00000000 103:05 279330                    /usr/lib/jvm/java-8-openjdk-amd64/jre/lib/amd64/libverify.so
7f4dbdf25000-7f4dbe124000 ---p 0000f000 103:05 279330                    /usr/lib/jvm/java-8-openjdk-amd64/jre/lib/amd64/libverify.so
7f4dbe124000-7f4dbe126000 r--p 0000e000 103:05 279330                    /usr/lib/jvm/java-8-openjdk-amd64/jre/lib/amd64/libverify.so
7f4dbe126000-7f4dbe127000 rw-p 00010000 103:05 279330                    /usr/lib/jvm/java-8-openjdk-amd64/jre/lib/amd64/libverify.so
7f4dbe127000-7f4dbe12e000 r-xp 00000000 103:05 149411                    /lib/x86_64-linux-gnu/librt-2.24.so
7f4dbe12e000-7f4dbe32d000 ---p 00007000 103:05 149411                    /lib/x86_64-linux-gnu/librt-2.24.so
7f4dbe32d000-7f4dbe32e000 r--p 00006000 103:05 149411                    /lib/x86_64-linux-gnu/librt-2.24.so
7f4dbe32e000-7f4dbe32f000 rw-p 00007000 103:05 149411                    /lib/x86_64-linux-gnu/librt-2.24.so
7f4dbe32f000-7f4dbe345000 r-xp 00000000 103:05 136927                    /lib/x86_64-linux-gnu/libgcc_s.so.1
7f4dbe345000-7f4dbe544000 ---p 00016000 103:05 136927                    /lib/x86_64-linux-gnu/libgcc_s.so.1
7f4dbe544000-7f4dbe545000 r--p 00015000 103:05 136927                    /lib/x86_64-linux-gnu/libgcc_s.so.1
7f4dbe545000-7f4dbe546000 rw-p 00016000 103:05 136927                    /lib/x86_64-linux-gnu/libgcc_s.so.1
7f4dbe546000-7f4dbe64e000 r-xp 00000000 103:05 148713                    /lib/x86_64-linux-gnu/libm-2.24.so
7f4dbe64e000-7f4dbe84d000 ---p 00108000 103:05 148713                    /lib/x86_64-linux-gnu/libm-2.24.so
7f4dbe84d000-7f4dbe84e000 r--p 00107000 103:05 148713                    /lib/x86_64-linux-gnu/libm-2.24.so
7f4dbe84e000-7f4dbe84f000 rw-p 00108000 103:05 148713                    /lib/x86_64-linux-gnu/libm-2.24.so
7f4dbe84f000-7f4dbe9c7000 r-xp 00000000 103:05 1062032                   /usr/lib/x86_64-linux-gnu/libstdc++.so.6.0.22
7f4dbe9c7000-7f4dbebc7000 ---p 00178000 103:05 1062032                   /usr/lib/x86_64-linux-gnu/libstdc++.so.6.0.22
7f4dbebc7000-7f4dbebd1000 r--p 00178000 103:05 1062032                   /usr/lib/x86_64-linux-gnu/libstdc++.so.6.0.22
7f4dbebd1000-7f4dbebd3000 rw-p 00182000 103:05 1062032                   /usr/lib/x86_64-linux-gnu/libstdc++.so.6.0.22
7f4dbebd3000-7f4dbebd7000 rw-p 00000000 00:00 0 
7f4dbebd7000-7f4dbf82c000 r-xp 00000000 103:05 279334                    /usr/lib/jvm/java-8-openjdk-amd64/jre/lib/amd64/server/libjvm.so
7f4dbf82c000-7f4dbfa2c000 ---p 00c55000 103:05 279334                    /usr/lib/jvm/java-8-openjdk-amd64/jre/lib/amd64/server/libjvm.so
7f4dbfa2c000-7f4dbfabf000 r--p 00c55000 103:05 279334                    /usr/lib/jvm/java-8-openjdk-amd64/jre/lib/amd64/server/libjvm.so
7f4dbfabf000-7f4dbfae8000 rw-p 00ce8000 103:05 279334                    /usr/lib/jvm/java-8-openjdk-amd64/jre/lib/amd64/server/libjvm.so
7f4dbfae8000-7f4dbfb18000 rw-p 00000000 00:00 0 
7f4dbfb18000-7f4dbfb30000 r-xp 00000000 103:05 149403                    /lib/x86_64-linux-gnu/libpthread-2.24.so
7f4dbfb30000-7f4dbfd30000 ---p 00018000 103:05 149403                    /lib/x86_64-linux-gnu/libpthread-2.24.so
7f4dbfd30000-7f4dbfd31000 r--p 00018000 103:05 149403                    /lib/x86_64-linux-gnu/libpthread-2.24.so
7f4dbfd31000-7f4dbfd32000 rw-p 00019000 103:05 149403                    /lib/x86_64-linux-gnu/libpthread-2.24.so
7f4dbfd32000-7f4dbfd36000 rw-p 00000000 00:00 0 
7f4dbfd36000-7f4dbfd39000 r-xp 00000000 103:05 148709                    /lib/x86_64-linux-gnu/libdl-2.24.so
7f4dbfd39000-7f4dbff38000 ---p 00003000 103:05 148709                    /lib/x86_64-linux-gnu/libdl-2.24.so
7f4dbff38000-7f4dbff39000 r--p 00002000 103:05 148709                    /lib/x86_64-linux-gnu/libdl-2.24.so
7f4dbff39000-7f4dbff3a000 rw-p 00003000 103:05 148709                    /lib/x86_64-linux-gnu/libdl-2.24.so
7f4dbff3a000-7f4dbff53000 r-xp 00000000 103:05 137071                    /lib/x86_64-linux-gnu/libz.so.1.2.8
7f4dbff53000-7f4dc0152000 ---p 00019000 103:05 137071                    /lib/x86_64-linux-gnu/libz.so.1.2.8
7f4dc0152000-7f4dc0153000 r--p 00018000 103:05 137071                    /lib/x86_64-linux-gnu/libz.so.1.2.8
7f4dc0153000-7f4dc0154000 rw-p 00019000 103:05 137071                    /lib/x86_64-linux-gnu/libz.so.1.2.8
7f4dc0154000-7f4dc0311000 r-xp 00000000 103:05 148700                    /lib/x86_64-linux-gnu/libc-2.24.so
7f4dc0311000-7f4dc0511000 ---p 001bd000 103:05 148700                    /lib/x86_64-linux-gnu/libc-2.24.so
7f4dc0511000-7f4dc0515000 r--p 001bd000 103:05 148700                    /lib/x86_64-linux-gnu/libc-2.24.so
7f4dc0515000-7f4dc0517000 rw-p 001c1000 103:05 148700                    /lib/x86_64-linux-gnu/libc-2.24.so
7f4dc0517000-7f4dc051b000 rw-p 00000000 00:00 0 
7f4dc051b000-7f4dc0528000 r-xp 00000000 103:05 279298                    /usr/lib/jvm/java-8-openjdk-amd64/jre/lib/amd64/jli/libjli.so
7f4dc0528000-7f4dc0728000 ---p 0000d000 103:05 279298                    /usr/lib/jvm/java-8-openjdk-amd64/jre/lib/amd64/jli/libjli.so
7f4dc0728000-7f4dc0729000 r--p 0000d000 103:05 279298                    /usr/lib/jvm/java-8-openjdk-amd64/jre/lib/amd64/jli/libjli.so
7f4dc0729000-7f4dc072a000 rw-p 0000e000 103:05 279298                    /usr/lib/jvm/java-8-openjdk-amd64/jre/lib/amd64/jli/libjli.so
7f4dc072a000-7f4dc074f000 r-xp 00000000 103:05 148690                    /lib/x86_64-linux-gnu/ld-2.24.so
7f4dc074f000-7f4dc0759000 r--s 00116000 103:05 279349                    /usr/lib/jvm/java-8-openjdk-amd64/jre/lib/ext/localedata.jar
7f4dc0759000-7f4dc082a000 rw-p 00000000 00:00 0 
7f4dc082a000-7f4dc082d000 ---p 00000000 00:00 0 
7f4dc082d000-7f4dc092f000 rw-p 00000000 00:00 0 
7f4dc092f000-7f4dc0931000 r--s 00008000 103:05 279351                    /usr/lib/jvm/java-8-openjdk-amd64/jre/lib/ext/sunec.jar
7f4dc0931000-7f4dc0932000 r--s 0000a000 103:05 279348                    /usr/lib/jvm/java-8-openjdk-amd64/jre/lib/ext/jaccess.jar
7f4dc0932000-7f4dc0933000 r--s 00010000 103:05 279354                    /usr/lib/jvm/java-8-openjdk-amd64/jre/lib/ext/zipfs.jar
7f4dc0933000-7f4dc0938000 r--s 0003b000 103:05 279352                    /usr/lib/jvm/java-8-openjdk-amd64/jre/lib/ext/sunjce_provider.jar
7f4dc0938000-7f4dc093c000 r--s 00037000 103:05 279353                    /usr/lib/jvm/java-8-openjdk-amd64/jre/lib/ext/sunpkcs11.jar
7f4dc093c000-7f4dc093f000 r--s 0000f000 103:05 279347                    /usr/lib/jvm/java-8-openjdk-amd64/jre/lib/ext/icedtea-sound.jar
7f4dc093f000-7f4dc0941000 r--s 00001000 103:05 279346                    /usr/lib/jvm/java-8-openjdk-amd64/jre/lib/ext/dnsns.jar
7f4dc0941000-7f4dc0949000 rw-s 00000000 103:05 12650                     /tmp/hsperfdata_justin/14340
7f4dc0949000-7f4dc094a000 rw-p 00000000 00:00 0 
7f4dc094a000-7f4dc094b000 r--p 00000000 00:00 0 
7f4dc094b000-7f4dc094e000 rw-p 00000000 00:00 0 
7f4dc094e000-7f4dc094f000 r--p 00024000 103:05 148690                    /lib/x86_64-linux-gnu/ld-2.24.so
7f4dc094f000-7f4dc0950000 rw-p 00025000 103:05 148690                    /lib/x86_64-linux-gnu/ld-2.24.so
7f4dc0950000-7f4dc0951000 rw-p 00000000 00:00 0 
7ffc3a6df000-7ffc3a700000 rw-p 00000000 00:00 0                          [stack]
7ffc3a7ae000-7ffc3a7b0000 r--p 00000000 00:00 0                          [vvar]
7ffc3a7b0000-7ffc3a7b2000 r-xp 00000000 00:00 0                          [vdso]
ffffffffff600000-ffffffffff601000 r-xp 00000000 00:00 0                  [vsyscall]

VM Arguments:
jvm_args: -Dfile.encoding=UTF-8 
java_command: application.Main
java_class_path (initial): /home/justin/git/IntegrationProject/IntegrationProject/bin:/home/justin/.p2/pool/plugins/org.junit_4.12.0.v201504281640/junit.jar:/home/justin/.p2/pool/plugins/org.hamcrest.core_1.3.0.v201303031735.jar:/home/justin/git/IntegrationProject/IntegrationProject/commons-codec-1.10.jar
Launcher Type: SUN_STANDARD

Environment Variables:
PATH=/home/justin/bin:/home/justin/.local/bin:/usr/local/sbin:/usr/local/bin:/usr/sbin:/usr/bin:/sbin:/bin:/usr/games:/usr/local/games:/snap/bin
SHELL=/bin/bash
DISPLAY=:0

Signal Handlers:
SIGSEGV: [libjvm.so+0xa6c900], sa_mask[0]=11111111011111111101111111111110, sa_flags=SA_RESTART|SA_SIGINFO
SIGBUS: [libjvm.so+0xa6c900], sa_mask[0]=11111111011111111101111111111110, sa_flags=SA_RESTART|SA_SIGINFO
SIGFPE: [libjvm.so+0x8b6400], sa_mask[0]=11111111011111111101111111111110, sa_flags=SA_RESTART|SA_SIGINFO
SIGPIPE: SIG_IGN, sa_mask[0]=00000000000010000000000000000000, sa_flags=SA_RESTART
SIGXFSZ: [libjvm.so+0x8b6400], sa_mask[0]=11111111011111111101111111111110, sa_flags=SA_RESTART|SA_SIGINFO
SIGILL: [libjvm.so+0x8b6400], sa_mask[0]=11111111011111111101111111111110, sa_flags=SA_RESTART|SA_SIGINFO
SIGUSR1: SIG_DFL, sa_mask[0]=00000000000000000000000000000000, sa_flags=none
SIGUSR2: [libjvm.so+0x8b62b0], sa_mask[0]=00100000000000000000000000000000, sa_flags=SA_RESTART|SA_SIGINFO
SIGHUP: [libjvm.so+0x8b6760], sa_mask[0]=11111111011111111101111111111110, sa_flags=SA_RESTART|SA_SIGINFO
SIGINT: [libjvm.so+0x8b6760], sa_mask[0]=11111111011111111101111111111110, sa_flags=SA_RESTART|SA_SIGINFO
SIGTERM: [libjvm.so+0x8b6760], sa_mask[0]=11111111011111111101111111111110, sa_flags=SA_RESTART|SA_SIGINFO
SIGQUIT: [libjvm.so+0x8b6760], sa_mask[0]=11111111011111111101111111111110, sa_flags=SA_RESTART|SA_SIGINFO


---------------  S Y S T E M  ---------------

OS:DISTRIB_ID=Ubuntu
DISTRIB_RELEASE=16.10
DISTRIB_CODENAME=yakkety
DISTRIB_DESCRIPTION="Ubuntu 16.10"

uname:Linux 4.8.0-46-generic #49-Ubuntu SMP Fri Mar 31 13:57:14 UTC 2017 x86_64
libc:glibc 2.24 NPTL 2.24 
rlimit: STACK 8192k, CORE 0k, NPROC 63036, NOFILE 4096, AS infinity
load average:0,56 0,44 0,45

/proc/meminfo:
MemTotal:       16264244 kB
MemFree:        10166756 kB
MemAvailable:   11019584 kB
Buffers:          126216 kB
Cached:          1859668 kB
SwapCached:            0 kB
Active:          4350924 kB
Inactive:        1388768 kB
Active(anon):    3755200 kB
Inactive(anon):   925880 kB
Active(file):     595724 kB
Inactive(file):   462888 kB
Unevictable:          48 kB
Mlocked:              48 kB
SwapTotal:             0 kB
SwapFree:              0 kB
Dirty:                36 kB
Writeback:             0 kB
AnonPages:       3681396 kB
Mapped:           860176 kB
Shmem:            927276 kB
Slab:             173872 kB
SReclaimable:     108212 kB
SUnreclaim:        65660 kB
KernelStack:       12000 kB
PageTables:        50404 kB
NFS_Unstable:          0 kB
Bounce:                0 kB
WritebackTmp:          0 kB
CommitLimit:     8132120 kB
Committed_AS:    8769840 kB
VmallocTotal:   34359738367 kB
VmallocUsed:           0 kB
VmallocChunk:          0 kB
HardwareCorrupted:     0 kB
AnonHugePages:   2568192 kB
ShmemHugePages:        0 kB
ShmemPmdMapped:        0 kB
CmaTotal:              0 kB
CmaFree:               0 kB
HugePages_Total:       0
HugePages_Free:        0
HugePages_Rsvd:        0
HugePages_Surp:        0
Hugepagesize:       2048 kB
DirectMap4k:      223796 kB
DirectMap2M:     7995392 kB
DirectMap1G:     9437184 kB


CPU:total 8 (4 cores per cpu, 2 threads per core) family 6 model 94 stepping 3, cmov, cx8, fxsr, mmx, sse, sse2, sse3, ssse3, sse4.1, sse4.2, popcnt, avx, avx2, aes, clmul, erms, rtm, 3dnowpref, lzcnt, ht, tsc, tscinvbit, bmi1, bmi2, adx

/proc/cpuinfo:
processor	: 0
vendor_id	: GenuineIntel
cpu family	: 6
model		: 94
model name	: Intel(R) Core(TM) i7-6700HQ CPU @ 2.60GHz
stepping	: 3
microcode	: 0x9e
cpu MHz		: 2716.955
cache size	: 6144 KB
physical id	: 0
siblings	: 8
core id		: 0
cpu cores	: 4
apicid		: 0
initial apicid	: 0
fpu		: yes
fpu_exception	: yes
cpuid level	: 22
wp		: yes
flags		: fpu vme de pse tsc msr pae mce cx8 apic sep mtrr pge mca cmov pat pse36 clflush dts acpi mmx fxsr sse sse2 ss ht tm pbe syscall nx pdpe1gb rdtscp lm constant_tsc art arch_perfmon pebs bts rep_good nopl xtopology nonstop_tsc aperfmperf eagerfpu pni pclmulqdq dtes64 monitor ds_cpl vmx est tm2 ssse3 sdbg fma cx16 xtpr pdcm pcid sse4_1 sse4_2 x2apic movbe popcnt tsc_deadline_timer aes xsave avx f16c rdrand lahf_lm abm 3dnowprefetch epb intel_pt tpr_shadow vnmi flexpriority ept vpid fsgsbase tsc_adjust bmi1 hle avx2 smep bmi2 erms invpcid rtm mpx rdseed adx smap clflushopt xsaveopt xsavec xgetbv1 xsaves dtherm ida arat pln pts hwp hwp_notify hwp_act_window hwp_epp
bugs		:
bogomips	: 5184.00
clflush size	: 64
cache_alignment	: 64
address sizes	: 39 bits physical, 48 bits virtual
power management:

processor	: 1
vendor_id	: GenuineIntel
cpu family	: 6
model		: 94
model name	: Intel(R) Core(TM) i7-6700HQ CPU @ 2.60GHz
stepping	: 3
microcode	: 0x9e
cpu MHz		: 2707.592
cache size	: 6144 KB
physical id	: 0
siblings	: 8
core id		: 1
cpu cores	: 4
apicid		: 2
initial apicid	: 2
fpu		: yes
fpu_exception	: yes
cpuid level	: 22
wp		: yes
flags		: fpu vme de pse tsc msr pae mce cx8 apic sep mtrr pge mca cmov pat pse36 clflush dts acpi mmx fxsr sse sse2 ss ht tm pbe syscall nx pdpe1gb rdtscp lm constant_tsc art arch_perfmon pebs bts rep_good nopl xtopology nonstop_tsc aperfmperf eagerfpu pni pclmulqdq dtes64 monitor ds_cpl vmx est tm2 ssse3 sdbg fma cx16 xtpr pdcm pcid sse4_1 sse4_2 x2apic movbe popcnt tsc_deadline_timer aes xsave avx f16c rdrand lahf_lm abm 3dnowprefetch epb intel_pt tpr_shadow vnmi flexpriority ept vpid fsgsbase tsc_adjust bmi1 hle avx2 smep bmi2 erms invpcid rtm mpx rdseed adx smap clflushopt xsaveopt xsavec xgetbv1 xsaves dtherm ida arat pln pts hwp hwp_notify hwp_act_window hwp_epp
bugs		:
bogomips	: 5184.00
clflush size	: 64
cache_alignment	: 64
address sizes	: 39 bits physical, 48 bits virtual
power management:

processor	: 2
vendor_id	: GenuineIntel
cpu family	: 6
model		: 94
model name	: Intel(R) Core(TM) i7-6700HQ CPU @ 2.60GHz
stepping	: 3
microcode	: 0x9e
cpu MHz		: 2706.799
cache size	: 6144 KB
physical id	: 0
siblings	: 8
core id		: 2
cpu cores	: 4
apicid		: 4
initial apicid	: 4
fpu		: yes
fpu_exception	: yes
cpuid level	: 22
wp		: yes
flags		: fpu vme de pse tsc msr pae mce cx8 apic sep mtrr pge mca cmov pat pse36 clflush dts acpi mmx fxsr sse sse2 ss ht tm pbe syscall nx pdpe1gb rdtscp lm constant_tsc art arch_perfmon pebs bts rep_good nopl xtopology nonstop_tsc aperfmperf eagerfpu pni pclmulqdq dtes64 monitor ds_cpl vmx est tm2 ssse3 sdbg fma cx16 xtpr pdcm pcid sse4_1 sse4_2 x2apic movbe popcnt tsc_deadline_timer aes xsave avx f16c rdrand lahf_lm abm 3dnowprefetch epb intel_pt tpr_shadow vnmi flexpriority ept vpid fsgsbase tsc_adjust bmi1 hle avx2 smep bmi2 erms invpcid rtm mpx rdseed adx smap clflushopt xsaveopt xsavec xgetbv1 xsaves dtherm ida arat pln pts hwp hwp_notify hwp_act_window hwp_epp
bugs		:
bogomips	: 5184.00
clflush size	: 64
cache_alignment	: 64
address sizes	: 39 bits physical, 48 bits virtual
power management:

processor	: 3
vendor_id	: GenuineIntel
cpu family	: 6
model		: 94
model name	: Intel(R) Core(TM) i7-6700HQ CPU @ 2.60GHz
stepping	: 3
microcode	: 0x9e
cpu MHz		: 2699.975
cache size	: 6144 KB
physical id	: 0
siblings	: 8
core id		: 3
cpu cores	: 4
apicid		: 6
initial apicid	: 6
fpu		: yes
fpu_exception	: yes
cpuid level	: 22
wp		: yes
flags		: fpu vme de pse tsc msr pae mce cx8 apic sep mtrr pge mca cmov pat pse36 clflush dts acpi mmx fxsr sse sse2 ss ht tm pbe syscall nx pdpe1gb rdtscp lm constant_tsc art arch_perfmon pebs bts rep_good nopl xtopology nonstop_tsc aperfmperf eagerfpu pni pclmulqdq dtes64 monitor ds_cpl vmx est tm2 ssse3 sdbg fma cx16 xtpr pdcm pcid sse4_1 sse4_2 x2apic movbe popcnt tsc_deadline_timer aes xsave avx f16c rdrand lahf_lm abm 3dnowprefetch epb intel_pt tpr_shadow vnmi flexpriority ept vpid fsgsbase tsc_adjust bmi1 hle avx2 smep bmi2 erms invpcid rtm mpx rdseed adx smap clflushopt xsaveopt xsavec xgetbv1 xsaves dtherm ida arat pln pts hwp hwp_notify hwp_act_window hwp_epp
bugs		:
bogomips	: 5184.00
clflush size	: 64
cache_alignment	: 64
address sizes	: 39 bits physical, 48 bits virtual
power management:

processor	: 4
vendor_id	: GenuineIntel
cpu family	: 6
model		: 94
model name	: Intel(R) Core(TM) i7-6700HQ CPU @ 2.60GHz
stepping	: 3
microcode	: 0x9e
cpu MHz		: 2701.245
cache size	: 6144 KB
physical id	: 0
siblings	: 8
core id		: 0
cpu cores	: 4
apicid		: 1
initial apicid	: 1
fpu		: yes
fpu_exception	: yes
cpuid level	: 22
wp		: yes
flags		: fpu vme de pse tsc msr pae mce cx8 apic sep mtrr pge mca cmov pat pse36 clflush dts acpi mmx fxsr sse sse2 ss ht tm pbe syscall nx pdpe1gb rdtscp lm constant_tsc art arch_perfmon pebs bts rep_good nopl xtopology nonstop_tsc aperfmperf eagerfpu pni pclmulqdq dtes64 monitor ds_cpl vmx est tm2 ssse3 sdbg fma cx16 xtpr pdcm pcid sse4_1 sse4_2 x2apic movbe popcnt tsc_deadline_timer aes xsave avx f16c rdrand lahf_lm abm 3dnowprefetch epb intel_pt tpr_shadow vnmi flexpriority ept vpid fsgsbase tsc_adjust bmi1 hle avx2 smep bmi2 erms invpcid rtm mpx rdseed adx smap clflushopt xsaveopt xsavec xgetbv1 xsaves dtherm ida arat pln pts hwp hwp_notify hwp_act_window hwp_epp
bugs		:
bogomips	: 5184.00
clflush size	: 64
cache_alignment	: 64
address sizes	: 39 bits physical, 48 bits virtual
power management:

processor	: 5
vendor_id	: GenuineIntel
cpu family	: 6
model		: 94
model name	: Intel(R) Core(TM) i7-6700HQ CPU @ 2.60GHz
stepping	: 3
microcode	: 0x9e
cpu MHz		: 2699.975
cache size	: 6144 KB
physical id	: 0
siblings	: 8
core id		: 1
cpu cores	: 4
apicid		: 3
initial apicid	: 3
fpu		: yes
fpu_exception	: yes
cpuid level	: 22
wp		: yes
flags		: fpu vme de pse tsc msr pae mce cx8 apic sep mtrr pge mca cmov pat pse36 clflush dts acpi mmx fxsr sse sse2 ss ht tm pbe syscall nx pdpe1gb rdtscp lm constant_tsc art arch_perfmon pebs bts rep_good nopl xtopology nonstop_tsc aperfmperf eagerfpu pni pclmulqdq dtes64 monitor ds_cpl vmx est tm2 ssse3 sdbg fma cx16 xtpr pdcm pcid sse4_1 sse4_2 x2apic movbe popcnt tsc_deadline_timer aes xsave avx f16c rdrand lahf_lm abm 3dnowprefetch epb intel_pt tpr_shadow vnmi flexpriority ept vpid fsgsbase tsc_adjust bmi1 hle avx2 smep bmi2 erms invpcid rtm mpx rdseed adx smap clflushopt xsaveopt xsavec xgetbv1 xsaves dtherm ida arat pln pts hwp hwp_notify hwp_act_window hwp_epp
bugs		:
bogomips	: 5184.00
clflush size	: 64
cache_alignment	: 64
address sizes	: 39 bits physical, 48 bits virtual
power management:

processor	: 6
vendor_id	: GenuineIntel
cpu family	: 6
model		: 94
model name	: Intel(R) Core(TM) i7-6700HQ CPU @ 2.60GHz
stepping	: 3
microcode	: 0x9e
cpu MHz		: 2714.733
cache size	: 6144 KB
physical id	: 0
siblings	: 8
core id		: 2
cpu cores	: 4
apicid		: 5
initial apicid	: 5
fpu		: yes
fpu_exception	: yes
cpuid level	: 22
wp		: yes
flags		: fpu vme de pse tsc msr pae mce cx8 apic sep mtrr pge mca cmov pat pse36 clflush dts acpi mmx fxsr sse sse2 ss ht tm pbe syscall nx pdpe1gb rdtscp lm constant_tsc art arch_perfmon pebs bts rep_good nopl xtopology nonstop_tsc aperfmperf eagerfpu pni pclmulqdq dtes64 monitor ds_cpl vmx est tm2 ssse3 sdbg fma cx16 xtpr pdcm pcid sse4_1 sse4_2 x2apic movbe popcnt tsc_deadline_timer aes xsave avx f16c rdrand lahf_lm abm 3dnowprefetch epb intel_pt tpr_shadow vnmi flexpriority ept vpid fsgsbase tsc_adjust bmi1 hle avx2 smep bmi2 erms invpcid rtm mpx rdseed adx smap clflushopt xsaveopt xsavec xgetbv1 xsaves dtherm ida arat pln pts hwp hwp_notify hwp_act_window hwp_epp
bugs		:
bogomips	: 5184.00
clflush size	: 64
cache_alignment	: 64
address sizes	: 39 bits physical, 48 bits virtual
power management:

processor	: 7
vendor_id	: GenuineIntel
cpu family	: 6
model		: 94
model name	: Intel(R) Core(TM) i7-6700HQ CPU @ 2.60GHz
stepping	: 3
microcode	: 0x9e
cpu MHz		: 2722.351
cache size	: 6144 KB
physical id	: 0
siblings	: 8
core id		: 3
cpu cores	: 4
apicid		: 7
initial apicid	: 7
fpu		: yes
fpu_exception	: yes
cpuid level	: 22
wp		: yes
flags		: fpu vme de pse tsc msr pae mce cx8 apic sep mtrr pge mca cmov pat pse36 clflush dts acpi mmx fxsr sse sse2 ss ht tm pbe syscall nx pdpe1gb rdtscp lm constant_tsc art arch_perfmon pebs bts rep_good nopl xtopology nonstop_tsc aperfmperf eagerfpu pni pclmulqdq dtes64 monitor ds_cpl vmx est tm2 ssse3 sdbg fma cx16 xtpr pdcm pcid sse4_1 sse4_2 x2apic movbe popcnt tsc_deadline_timer aes xsave avx f16c rdrand lahf_lm abm 3dnowprefetch epb intel_pt tpr_shadow vnmi flexpriority ept vpid fsgsbase tsc_adjust bmi1 hle avx2 smep bmi2 erms invpcid rtm mpx rdseed adx smap clflushopt xsaveopt xsavec xgetbv1 xsaves dtherm ida arat pln pts hwp hwp_notify hwp_act_window hwp_epp
bugs		:
bogomips	: 5184.00
clflush size	: 64
cache_alignment	: 64
address sizes	: 39 bits physical, 48 bits virtual
power management:



Memory: 4k page, physical 16264244k(10166756k free), swap 0k(0k free)

vm_info: OpenJDK 64-Bit Server VM (25.121-b13) for linux-amd64 JRE (1.8.0_121-8u121-b13-0ubuntu1.16.10.2-b13), built on Jan 23 2017 11:22:24 by "buildd" with gcc 6.2.0 20161005

time: Thu Apr 13 14:58:21 2017
elapsed time: 3 seconds (0d 0h 0m 3s)

