#
# A fatal error has been detected by the Java Runtime Environment:
#
#  SIGSEGV (0xb) at pc=0x00007f46d17818f8, pid=3741, tid=0x00007f4659f2e700
#
# JRE version: Java(TM) SE Runtime Environment (8.0_121-b13) (build 1.8.0_121-b13)
# Java VM: Java HotSpot(TM) 64-Bit Server VM (25.121-b13 mixed mode linux-amd64 compressed oops)
# Problematic frame:
# V  [libjvm.so+0x6d28f8]  jni_invoke_nonstatic(JNIEnv_*, JavaValue*, _jobject*, JNICallType, _jmethodID*, JNI_ArgumentPusher*, Thread*)+0x38
#
# Failed to write core dump. Core dumps have been disabled. To enable core dumping, try "ulimit -c unlimited" before starting Java again
#
# If you would like to submit a bug report, please visit:
#   http://bugreport.java.com/bugreport/crash.jsp
#

---------------  T H R E A D  ---------------

Current thread (0x00007f466c10a800):  JavaThread "JavaFX Application Thread" [_thread_in_vm, id=3779, stack(0x00007f4659e2e000,0x00007f4659f2f000)]

siginfo: si_signo: 11 (SIGSEGV), si_code: 1 (SEGV_MAPERR), si_addr: 0x0000000000000035

Registers:
RAX=0x00007f4659f2d440, RBX=0x00007f4659f2d350, RCX=0x0000000000000001, RDX=0x0000000000000035
RSP=0x00007f4659f2d1a0, RBP=0x00007f4659f2d320, RSI=0x00007f4659f2d3b0, RDI=0x00007f466c10a9f8
R8 =0x00007f466c05a4f0, R9 =0x00007f4659f2d350, R10=0x00007f4648000b30, R11=0x00007f4659f2cd00
R12=0x00007f466c10a800, R13=0x00007f466c05a4f0, R14=0x0000000000000001, R15=0x00007f466c10a9f8
RIP=0x00007f46d17818f8, EFLAGS=0x0000000000010206, CSGSFS=0x002b000000000033, ERR=0x0000000000000004
  TRAPNO=0x000000000000000e

Top of Stack: (sp=0x00007f4659f2d1a0)
0x00007f4659f2d1a0:   00007f4659f2d8a0 00007f4659f2d4c0
0x00007f4659f2d1b0:   00007f4659f2d200 00007f4659f2d280
0x00007f4659f2d1c0:   00007f4659f2d350 00007f4659f2d3b0
0x00007f4659f2d1d0:   00007f466c10a9f8 00007f46d17a1400
0x00007f4659f2d1e0:   00007f4684000b10 00007f4684000b20
0x00007f4659f2d1f0:   00007f4684000ef8 00000000000003d8
0x00007f4659f2d200:   0000000000000000 00000000d82c4db0
0x00007f4659f2d210:   00007f460000006f 00007f460000000a
0x00007f4659f2d220:   00000000d8935940 0000000000000000
0x00007f4659f2d230:   0000000000000000 0000000000000000
0x00007f4659f2d240:   00007f46b72200b0 0000000100000100
0x00007f4659f2d250:   0000000000000000 00007f4659f2d208
0x00007f4659f2d260:   00007f4659f2d249 0000000800000005
0x00007f4659f2d270:   0000000000000000 00007f466c0ec5d0
0x00007f4659f2d280:   00007f46d200f510 00007f46d2afd720
0x00007f4659f2d290:   000000006c10a250 00007f466c10a800
0x00007f4659f2d2a0:   0000000000000000 00007f46d1781ccb
0x00007f4659f2d2b0:   00007f46b722f4d8 00007f466c10a800
0x00007f4659f2d2c0:   00007f46b722f4d8 00007f466c10a800
0x00007f4659f2d2d0:   00007f4659f2d460 00007f46b722f4d8
0x00007f4659f2d2e0:   00007f46b722f4d8 00007f46b722f4d8
0x00007f4659f2d2f0:   00007f4684000b10 00007f4659f2d350
0x00007f4659f2d300:   00007f466c10a800 00007f4659f2d390
0x00007f4659f2d310:   00007f466c05a4f0 00007f466c10a9f8
0x00007f4659f2d320:   00007f4659f2d410 00007f46d178609f
0x00007f4659f2d330:   00007f466c10a800 00007f467fdddff4
0x00007f4659f2d340:   00007f4659f2d428 0000000000000035
0x00007f4659f2d350:   00007f46d2010170 00007f46d2afd720
0x00007f4659f2d360:   0000000059f2d3d0 7dbc396700000063
0x00007f4659f2d370:   0000000000000000 0000003000000018
0x00007f4659f2d380:   00007f4659f2d500 00007f4659f2d440
0x00007f4659f2d390:   00007f466c10a800 0000000000000000 

Instructions: (pc=0x00007f46d17818f8)
0x00007f46d17818d8:   00 00 48 85 d2 48 89 bd b0 fe ff ff 48 89 b5 a8
0x00007f46d17818e8:   fe ff ff 4c 89 8d a0 fe ff ff 0f 84 78 09 00 00
0x00007f46d17818f8:   4c 8b 22 4d 85 e4 0f 84 6c 09 00 00 48 8b 45 10
0x00007f46d1781908:   48 8b 98 38 01 00 00 48 83 7b 18 f7 0f 87 16 07 

Register to memory mapping:

RAX=0x00007f4659f2d440 is pointing into the stack for thread: 0x00007f466c10a800
RBX=0x00007f4659f2d350 is pointing into the stack for thread: 0x00007f466c10a800
RCX=0x0000000000000001 is an unknown value
RDX=0x0000000000000035 is an unknown value
RSP=0x00007f4659f2d1a0 is pointing into the stack for thread: 0x00007f466c10a800
RBP=0x00007f4659f2d320 is pointing into the stack for thread: 0x00007f466c10a800
RSI=0x00007f4659f2d3b0 is pointing into the stack for thread: 0x00007f466c10a800
RDI=0x00007f466c10a9f8 is an unknown value
R8 =0x00007f466c05a4f0 is an unknown value
R9 =0x00007f4659f2d350 is pointing into the stack for thread: 0x00007f466c10a800
R10=0x00007f4648000b30 is an unknown value
R11=0x00007f4659f2cd00 is pointing into the stack for thread: 0x00007f466c10a800
R12=0x00007f466c10a800 is a thread
R13=0x00007f466c05a4f0 is an unknown value
R14=0x0000000000000001 is an unknown value
R15=0x00007f466c10a9f8 is an unknown value


Stack: [0x00007f4659e2e000,0x00007f4659f2f000],  sp=0x00007f4659f2d1a0,  free space=1020k
Native frames: (J=compiled Java code, j=interpreted, Vv=VM code, C=native code)
V  [libjvm.so+0x6d28f8]  jni_invoke_nonstatic(JNIEnv_*, JavaValue*, _jobject*, JNICallType, _jmethodID*, JNI_ArgumentPusher*, Thread*)+0x38
V  [libjvm.so+0x6d709f]  jni_CallVoidMethodV+0x10f
C  [libglass.so+0x13e51]  JNIEnv_::CallVoidMethod(_jobject*, _jmethodID*, ...)+0x81
C  [libglass.so+0x1876f]  WindowContextBase::process_key(_GdkEventKey*)+0x20f
C  [libglass.so+0x15fe0]  WindowContextBase::im_filter_keypress(_GdkEventKey*)+0x1c0
C  [libglass.so+0x20a3c]  process_events(_GdkEvent*, void*)+0x22c
C  [libgdk-x11-2.0.so.0+0x5acdc]

Java frames: (J=compiled Java code, j=interpreted, Vv=VM code)
j  com.sun.glass.ui.gtk.GtkApplication._runLoop(Ljava/lang/Runnable;Z)V+0
j  com.sun.glass.ui.gtk.GtkApplication.lambda$null$49(Ljava/lang/Runnable;Z)V+7
j  com.sun.glass.ui.gtk.GtkApplication$$Lambda$43.run()V+12
j  java.lang.Thread.run()V+11
v  ~StubRoutines::call_stub

---------------  P R O C E S S  ---------------

Java Threads: ( => current thread )
  0x00007f46cc00d000 JavaThread "DestroyJavaVM" [_thread_blocked, id=3746, stack(0x00007f46d2ba1000,0x00007f46d2ca2000)]
  0x00007f46cc145000 JavaThread "Thread-5" [_thread_blocked, id=3785, stack(0x00007f4658671000,0x00007f4658772000)]
  0x00007f46cc143800 JavaThread "Thread-4" [_thread_in_native, id=3784, stack(0x00007f4658772000,0x00007f4658873000)]
  0x00007f46481b4000 JavaThread "Prism Font Disposer" daemon [_thread_blocked, id=3780, stack(0x00007f46592a4000,0x00007f46593a5000)]
=>0x00007f466c10a800 JavaThread "JavaFX Application Thread" [_thread_in_vm, id=3779, stack(0x00007f4659e2e000,0x00007f4659f2f000)]
  0x00007f466c0ce000 JavaThread "Thread-3" daemon [_thread_blocked, id=3778, stack(0x00007f467c078000,0x00007f467c179000)]
  0x00007f466c044000 JavaThread "QuantumRenderer-0" daemon [_thread_blocked, id=3774, stack(0x00007f46b48f7000,0x00007f46b49f8000)]
  0x00007f4668060000 JavaThread "JavaFX-Launcher" [_thread_blocked, id=3773, stack(0x00007f46b49f8000,0x00007f46b4af9000)]
  0x00007f46cc164000 JavaThread "Thread-0" [_thread_blocked, id=3772, stack(0x00007f46b4af9000,0x00007f46b4bfa000)]
  0x00007f46cc0dc000 JavaThread "Service Thread" daemon [_thread_blocked, id=3770, stack(0x00007f46b4d90000,0x00007f46b4e91000)]
  0x00007f46cc0d0800 JavaThread "C1 CompilerThread2" daemon [_thread_blocked, id=3769, stack(0x00007f46b4e91000,0x00007f46b4f92000)]
  0x00007f46cc0ce800 JavaThread "C2 CompilerThread1" daemon [_thread_in_native, id=3768, stack(0x00007f46b4f92000,0x00007f46b5093000)]
  0x00007f46cc0cb800 JavaThread "C2 CompilerThread0" daemon [_thread_in_native, id=3767, stack(0x00007f46b5093000,0x00007f46b5194000)]
  0x00007f4694001000 JavaThread "JDWP Command Reader" daemon [_thread_in_native, id=3765, stack(0x00007f46b5194000,0x00007f46b5295000)]
  0x00007f46cc0c9800 JavaThread "JDWP Event Helper Thread" daemon [_thread_blocked, id=3763, stack(0x00007f46b5295000,0x00007f46b5396000)]
  0x00007f46cc0c6000 JavaThread "JDWP Transport Listener: dt_socket" daemon [_thread_blocked, id=3761, stack(0x00007f46b5396000,0x00007f46b5497000)]
  0x00007f46cc0b9800 JavaThread "Signal Dispatcher" daemon [_thread_blocked, id=3759, stack(0x00007f46b569b000,0x00007f46b579c000)]
  0x00007f46cc087000 JavaThread "Finalizer" daemon [_thread_blocked, id=3758, stack(0x00007f46b579c000,0x00007f46b589d000)]
  0x00007f46cc082800 JavaThread "Reference Handler" daemon [_thread_blocked, id=3757, stack(0x00007f46b589d000,0x00007f46b599e000)]

Other Threads:
  0x00007f46cc07b000 VMThread [stack: 0x00007f46b599e000,0x00007f46b5a9f000] [id=3756]
  0x00007f46cc0df000 WatcherThread [stack: 0x00007f46b4c8f000,0x00007f46b4d90000] [id=3771]

VM state:not at safepoint (normal execution)

VM Mutex/Monitor currently owned by a thread: None

Heap:
 PSYoungGen      total 36864K, used 11087K [0x00000000d7000000, 0x00000000d9900000, 0x0000000100000000)
  eden space 31744K, 18% used [0x00000000d7000000,0x00000000d75d5be8,0x00000000d8f00000)
  from space 5120K, 99% used [0x00000000d8f00000,0x00000000d93fe068,0x00000000d9400000)
  to   space 5120K, 0% used [0x00000000d9400000,0x00000000d9400000,0x00000000d9900000)
 ParOldGen       total 84992K, used 642K [0x0000000085000000, 0x000000008a300000, 0x00000000d7000000)
  object space 84992K, 0% used [0x0000000085000000,0x00000000850a0ab0,0x000000008a300000)
 Metaspace       used 15001K, capacity 15790K, committed 16128K, reserved 1062912K
  class space    used 2245K, capacity 2454K, committed 2560K, reserved 1048576K

Card table byte_map: [0x00007f46bbbbb000,0x00007f46bbf94000] byte_map_base: 0x00007f46bb793000

Marking Bits: (ParMarkBitMap*) 0x00007f46d2073c80
 Begin Bits: [0x00007f46b78a8000, 0x00007f46b9768000)
 End Bits:   [0x00007f46b9768000, 0x00007f46bb628000)

Polling page: 0x00007f46d2cc0000

CodeCache: size=245760Kb used=4101Kb max_used=4101Kb free=241658Kb
 bounds [0x00007f46bc354000, 0x00007f46bc764000, 0x00007f46cb354000]
 total_blobs=1795 nmethods=1177 adapters=538
 compilation: enabled

Compilation events (10 events):
Event: 2,300 Thread 0x00007f46cc0d0800 1166       3       javafx.collections.ModifiableObservableListBase::<init> (5 bytes)
Event: 2,300 Thread 0x00007f46cc0d0800 nmethod 1166 0x00007f46bc7554d0 code [0x00007f46bc755660, 0x00007f46bc755a70]
Event: 2,300 Thread 0x00007f46cc0d0800 1177       1       com.sun.javafx.text.TextLine::getRuns (5 bytes)
Event: 2,300 Thread 0x00007f46cc0d0800 nmethod 1177 0x00007f46bc752850 code [0x00007f46bc7529a0, 0x00007f46bc752ab0]
Event: 2,300 Thread 0x00007f46cc0d0800 1155       1       com.sun.javafx.css.CalculatedValue::isRelative (5 bytes)
Event: 2,300 Thread 0x00007f46cc0d0800 nmethod 1155 0x00007f46bc755c90 code [0x00007f46bc755de0, 0x00007f46bc755ef0]
Event: 2,300 Thread 0x00007f46cc0d0800 1172       1       javafx.scene.layout.Region::access$3700 (5 bytes)
Event: 2,300 Thread 0x00007f46cc0d0800 nmethod 1172 0x00007f46bc755f50 code [0x00007f46bc7560a0, 0x00007f46bc756190]
Event: 2,300 Thread 0x00007f46cc0d0800 1171       1       com.sun.javafx.css.StyleCache$Key::getStyleMapIds (5 bytes)
Event: 2,300 Thread 0x00007f46cc0d0800 nmethod 1171 0x00007f46bc756210 code [0x00007f46bc756360, 0x00007f46bc756470]

GC Heap History (2 events):
Event: 2,122 GC heap before
{Heap before GC invocations=1 (full 0):
 PSYoungGen      total 36864K, used 31744K [0x00000000d7000000, 0x00000000d9900000, 0x0000000100000000)
  eden space 31744K, 100% used [0x00000000d7000000,0x00000000d8f00000,0x00000000d8f00000)
  from space 5120K, 0% used [0x00000000d9400000,0x00000000d9400000,0x00000000d9900000)
  to   space 5120K, 0% used [0x00000000d8f00000,0x00000000d8f00000,0x00000000d9400000)
 ParOldGen       total 84992K, used 0K [0x0000000085000000, 0x000000008a300000, 0x00000000d7000000)
  object space 84992K, 0% used [0x0000000085000000,0x0000000085000000,0x000000008a300000)
 Metaspace       used 14001K, capacity 14622K, committed 14848K, reserved 1062912K
  class space    used 2072K, capacity 2248K, committed 2304K, reserved 1048576K
Event: 2,134 GC heap after
Heap after GC invocations=1 (full 0):
 PSYoungGen      total 36864K, used 5112K [0x00000000d7000000, 0x00000000d9900000, 0x0000000100000000)
  eden space 31744K, 0% used [0x00000000d7000000,0x00000000d7000000,0x00000000d8f00000)
  from space 5120K, 99% used [0x00000000d8f00000,0x00000000d93fe068,0x00000000d9400000)
  to   space 5120K, 0% used [0x00000000d9400000,0x00000000d9400000,0x00000000d9900000)
 ParOldGen       total 84992K, used 642K [0x0000000085000000, 0x000000008a300000, 0x00000000d7000000)
  object space 84992K, 0% used [0x0000000085000000,0x00000000850a0ab0,0x000000008a300000)
 Metaspace       used 14001K, capacity 14622K, committed 14848K, reserved 1062912K
  class space    used 2072K, capacity 2248K, committed 2304K, reserved 1048576K
}

Deoptimization events (10 events):
Event: 1,216 Thread 0x00007f466c10a800 Uncommon trap: reason=class_check action=maybe_recompile pc=0x00007f46bc58e33c method=java.io.DataInputStream.readShort()S @ 4
Event: 1,216 Thread 0x00007f466c10a800 Uncommon trap: reason=class_check action=maybe_recompile pc=0x00007f46bc58e33c method=java.io.DataInputStream.readShort()S @ 4
Event: 1,222 Thread 0x00007f466c10a800 Uncommon trap: reason=class_check action=maybe_recompile pc=0x00007f46bc46ee94 method=java.lang.String.equals(Ljava/lang/Object;)Z @ 8
Event: 1,222 Thread 0x00007f466c10a800 Uncommon trap: reason=class_check action=maybe_recompile pc=0x00007f46bc46ee94 method=java.lang.String.equals(Ljava/lang/Object;)Z @ 8
Event: 1,222 Thread 0x00007f466c10a800 Uncommon trap: reason=class_check action=maybe_recompile pc=0x00007f46bc46ee94 method=java.lang.String.equals(Ljava/lang/Object;)Z @ 8
Event: 1,305 Thread 0x00007f466c10a800 Uncommon trap: reason=class_check action=maybe_recompile pc=0x00007f46bc46ee94 method=java.lang.String.equals(Ljava/lang/Object;)Z @ 8
Event: 1,402 Thread 0x00007f466c10a800 Uncommon trap: reason=unstable_if action=reinterpret pc=0x00007f46bc5ef714 method=sun.net.www.ParseUtil.encodePath(Ljava/lang/String;Z)Ljava/lang/String; @ 109
Event: 1,514 Thread 0x00007f466c10a800 Uncommon trap: reason=unstable_if action=reinterpret pc=0x00007f46bc65dd28 method=jdk.internal.org.objectweb.asm.Type.getArgumentsAndReturnSizes(Ljava/lang/String;)I @ 47
Event: 2,196 Thread 0x00007f466c10a800 Uncommon trap: reason=unstable_if action=reinterpret pc=0x00007f46bc51da48 method=java.lang.String.indexOf([CII[CIII)I @ 3
Event: 2,293 Thread 0x00007f466c10a800 Uncommon trap: reason=unstable_if action=reinterpret pc=0x00007f46bc503df8 method=java.lang.String.startsWith(Ljava/lang/String;I)Z @ 25

Internal exceptions (10 events):
Event: 0,220 Thread 0x00007f46cc164000 Exception <a 'java/lang/NoSuchFieldError': method resolution failed> (0x00000000d73cb560) thrown at [/HUDSON3/workspace/8-2-build-linux-amd64/jdk8u121/8372/hotspot/src/share/vm/prims/methodHandles.cpp, line 1146]
Event: 0,265 Thread 0x00007f4668060000 Exception <a 'java/security/PrivilegedActionException'> (0x00000000d74a2390) thrown at [/HUDSON3/workspace/8-2-build-linux-amd64/jdk8u121/8372/hotspot/src/share/vm/prims/jvm.cpp, line 1390]
Event: 0,265 Thread 0x00007f4668060000 Exception <a 'java/security/PrivilegedActionException'> (0x00000000d74a25a0) thrown at [/HUDSON3/workspace/8-2-build-linux-amd64/jdk8u121/8372/hotspot/src/share/vm/prims/jvm.cpp, line 1390]
Event: 0,265 Thread 0x00007f4668060000 Exception <a 'java/security/PrivilegedActionException'> (0x00000000d74a4a08) thrown at [/HUDSON3/workspace/8-2-build-linux-amd64/jdk8u121/8372/hotspot/src/share/vm/prims/jvm.cpp, line 1390]
Event: 0,265 Thread 0x00007f4668060000 Exception <a 'java/security/PrivilegedActionException'> (0x00000000d74a4c18) thrown at [/HUDSON3/workspace/8-2-build-linux-amd64/jdk8u121/8372/hotspot/src/share/vm/prims/jvm.cpp, line 1390]
Event: 0,265 Thread 0x00007f4668060000 Exception <a 'java/lang/NullPointerException'> (0x00000000d74a51f0) thrown at [/HUDSON3/workspace/8-2-build-linux-amd64/jdk8u121/8372/hotspot/src/share/vm/interpreter/linkResolver.cpp, line 1178]
Event: 0,506 Thread 0x00007f466c10a800 Exception <a 'java/lang/NullPointerException'> (0x00000000d7ba44e0) thrown at [/HUDSON3/workspace/8-2-build-linux-amd64/jdk8u121/8372/hotspot/src/share/vm/interpreter/linkResolver.cpp, line 1178]
Event: 0,506 Thread 0x00007f466c10a800 Exception <a 'java/lang/NullPointerException'> (0x00000000d7ba44e0) thrown at [/HUDSON3/workspace/8-2-build-linux-amd64/jdk8u121/8372/hotspot/src/share/vm/prims/jvm.cpp, line 1394]
Event: 0,689 Thread 0x00007f466c10a800 Implicit null exception at 0x00007f46bc59ea36 to 0x00007f46bc59eded
Event: 2,160 Thread 0x00007f466c10a800 Exception <a 'java/io/FileNotFoundException'> (0x00000000d7299370) thrown at [/HUDSON3/workspace/8-2-build-linux-amd64/jdk8u121/8372/hotspot/src/share/vm/prims/jni.cpp, line 709]

Events (10 events):
Event: 2,259 loading class javafx/scene/shape/SVGPath$2 done
Event: 2,260 loading class com/sun/javafx/sg/prism/NGSVGPath
Event: 2,260 loading class com/sun/javafx/sg/prism/NGSVGPath done
Event: 2,273 Thread 0x00007f466c10a800 DEOPT PACKING pc=0x00007f46bc564f7c sp=0x00007f4659f2a060
Event: 2,273 Thread 0x00007f466c10a800 DEOPT UNPACKING pc=0x00007f46bc39b633 sp=0x00007f4659f29eb0 mode 1
Event: 2,273 Thread 0x00007f466c10a800 DEOPT PACKING pc=0x00007f46bc545eac sp=0x00007f4659f2a210
Event: 2,273 Thread 0x00007f466c10a800 DEOPT UNPACKING pc=0x00007f46bc39b633 sp=0x00007f4659f29f80 mode 1
Event: 2,293 Thread 0x00007f466c10a800 Uncommon trap: trap_request=0xffffff65 fr.pc=0x00007f46bc503df8
Event: 2,293 Thread 0x00007f466c10a800 DEOPT PACKING pc=0x00007f46bc503df8 sp=0x00007f4659f2a0b0
Event: 2,293 Thread 0x00007f466c10a800 DEOPT UNPACKING pc=0x00007f46bc359229 sp=0x00007f4659f2a058 mode 2


Dynamic libraries:
00400000-00401000 r-xp 00000000 08:05 2243241                            /usr/lib/jvm/java-8-oracle/bin/java
00600000-00601000 rw-p 00000000 08:05 2243241                            /usr/lib/jvm/java-8-oracle/bin/java
012ae000-012cf000 rw-p 00000000 00:00 0                                  [heap]
85000000-8a300000 rw-p 00000000 00:00 0 
8a300000-d7000000 ---p 00000000 00:00 0 
d7000000-d9900000 rw-p 00000000 00:00 0 
d9900000-100000000 ---p 00000000 00:00 0 
100000000-100280000 rw-p 00000000 00:00 0 
100280000-140000000 ---p 00000000 00:00 0 
7f4634000000-7f4634021000 rw-p 00000000 00:00 0 
7f4634021000-7f4638000000 ---p 00000000 00:00 0 
7f463c000000-7f463c021000 rw-p 00000000 00:00 0 
7f463c021000-7f4640000000 ---p 00000000 00:00 0 
7f4640000000-7f4640021000 rw-p 00000000 00:00 0 
7f4640021000-7f4644000000 ---p 00000000 00:00 0 
7f4644000000-7f4644021000 rw-p 00000000 00:00 0 
7f4644021000-7f4648000000 ---p 00000000 00:00 0 
7f4648000000-7f4648505000 rw-p 00000000 00:00 0 
7f4648505000-7f464c000000 ---p 00000000 00:00 0 
7f464c000000-7f464c021000 rw-p 00000000 00:00 0 
7f464c021000-7f4650000000 ---p 00000000 00:00 0 
7f4650000000-7f4650022000 rw-p 00000000 00:00 0 
7f4650022000-7f4654000000 ---p 00000000 00:00 0 
7f4654000000-7f4654021000 rw-p 00000000 00:00 0 
7f4654021000-7f4658000000 ---p 00000000 00:00 0 
7f465866d000-7f4658671000 r--s 0009a000 08:05 2243269                    /usr/lib/jvm/java-8-oracle/jre/lib/jsse.jar
7f4658671000-7f4658674000 ---p 00000000 00:00 0 
7f4658674000-7f4658772000 rw-p 00000000 00:00 0 
7f4658772000-7f4658775000 ---p 00000000 00:00 0 
7f4658775000-7f46589b3000 rw-p 00000000 00:00 0 
7f46589b3000-7f4658a73000 ---p 00000000 00:00 0 
7f4658a73000-7f4658a89000 r-xp 00000000 08:05 2243325                    /usr/lib/jvm/java-8-oracle/jre/lib/amd64/libnet.so
7f4658a89000-7f4658c89000 ---p 00016000 08:05 2243325                    /usr/lib/jvm/java-8-oracle/jre/lib/amd64/libnet.so
7f4658c89000-7f4658c8a000 rw-p 00016000 08:05 2243325                    /usr/lib/jvm/java-8-oracle/jre/lib/amd64/libnet.so
7f4658c8a000-7f4658cea000 rw-s 00000000 00:05 984515                     /drm mm object (deleted)
7f4658cea000-7f4658cf8000 rw-s 00000000 00:05 984514                     /drm mm object (deleted)
7f4658cf8000-7f4658eb8000 rw-s 1015b8000 00:06 391                       /dev/dri/card0
7f4658eb8000-7f4659078000 rw-s 00000000 00:05 984507                     /drm mm object (deleted)
7f4659078000-7f4659088000 rw-s 00000000 00:05 984511                     /drm mm object (deleted)
7f4659088000-7f4659098000 rw-s 00000000 00:05 984509                     /drm mm object (deleted)
7f4659098000-7f46590a4000 rw-s 00000000 00:05 984469                     /drm mm object (deleted)
7f46590a4000-7f46592a4000 rw-p 00000000 00:00 0 
7f46592a4000-7f46592a7000 ---p 00000000 00:00 0 
7f46592a7000-7f46593a5000 rw-p 00000000 00:00 0 
7f46593a5000-7f465945e000 r--p 00000000 08:05 918436                     /usr/share/fonts/truetype/dejavu/DejaVuSans.ttf
7f465945e000-7f465949a000 r--p 00000000 08:05 2243419                    /usr/lib/jvm/java-8-oracle/jre/lib/fonts/LucidaTypewriterRegular.ttf
7f465949a000-7f46594d4000 r--p 00000000 08:05 2243415                    /usr/lib/jvm/java-8-oracle/jre/lib/fonts/LucidaTypewriterBold.ttf
7f46594d4000-7f4659529000 r--p 00000000 08:05 2243416                    /usr/lib/jvm/java-8-oracle/jre/lib/fonts/LucidaBrightRegular.ttf
7f4659529000-7f46595d4000 r--p 00000000 08:05 2243413                    /usr/lib/jvm/java-8-oracle/jre/lib/fonts/LucidaSansRegular.ttf
7f46595d4000-7f4659622000 r--p 00000000 08:05 2243420                    /usr/lib/jvm/java-8-oracle/jre/lib/fonts/LucidaSansDemiBold.ttf
7f4659622000-7f4659626000 r-xp 00000000 08:05 2243362                    /usr/lib/jvm/java-8-oracle/jre/lib/amd64/libjavafx_font_pango.so
7f4659626000-7f4659825000 ---p 00004000 08:05 2243362                    /usr/lib/jvm/java-8-oracle/jre/lib/amd64/libjavafx_font_pango.so
7f4659825000-7f4659826000 rw-p 00003000 08:05 2243362                    /usr/lib/jvm/java-8-oracle/jre/lib/amd64/libjavafx_font_pango.so
7f4659826000-7f465982b000 r-xp 00000000 08:05 2243358                    /usr/lib/jvm/java-8-oracle/jre/lib/amd64/libjavafx_font_freetype.so
7f465982b000-7f4659a2a000 ---p 00005000 08:05 2243358                    /usr/lib/jvm/java-8-oracle/jre/lib/amd64/libjavafx_font_freetype.so
7f4659a2a000-7f4659a2b000 rw-p 00004000 08:05 2243358                    /usr/lib/jvm/java-8-oracle/jre/lib/amd64/libjavafx_font_freetype.so
7f4659a2b000-7f4659c2b000 rw-p 00000000 00:00 0 
7f4659c2b000-7f4659c2e000 r-xp 00000000 08:05 2243320                    /usr/lib/jvm/java-8-oracle/jre/lib/amd64/libjavafx_font.so
7f4659c2e000-7f4659e2d000 ---p 00003000 08:05 2243320                    /usr/lib/jvm/java-8-oracle/jre/lib/amd64/libjavafx_font.so
7f4659e2d000-7f4659e2e000 rw-p 00002000 08:05 2243320                    /usr/lib/jvm/java-8-oracle/jre/lib/amd64/libjavafx_font.so
7f4659e2e000-7f4659e31000 ---p 00000000 00:00 0 
7f4659e31000-7f4659f2f000 rw-p 00000000 00:00 0 
7f4659f2f000-7f4659f30000 ---p 00000000 00:00 0 
7f4659f30000-7f465a730000 rw-p 00000000 00:00 0 
7f465a730000-7f465a731000 ---p 00000000 00:00 0 
7f465a731000-7f465af31000 rw-p 00000000 00:00 0 
7f465af31000-7f465af32000 ---p 00000000 00:00 0 
7f465af32000-7f465b732000 rw-p 00000000 00:00 0 
7f465b732000-7f465b73e000 r-xp 00000000 08:05 133762                     /usr/lib/x86_64-linux-gnu/gio/modules/libdconfsettings.so
7f465b73e000-7f465b93d000 ---p 0000c000 08:05 133762                     /usr/lib/x86_64-linux-gnu/gio/modules/libdconfsettings.so
7f465b93d000-7f465b93e000 r--p 0000b000 08:05 133762                     /usr/lib/x86_64-linux-gnu/gio/modules/libdconfsettings.so
7f465b93e000-7f465b93f000 rw-p 0000c000 08:05 133762                     /usr/lib/x86_64-linux-gnu/gio/modules/libdconfsettings.so
7f465b93f000-7f465b946000 r-xp 00000000 08:05 2239720                    /usr/lib/x86_64-linux-gnu/libogg.so.0.8.2
7f465b946000-7f465bb46000 ---p 00007000 08:05 2239720                    /usr/lib/x86_64-linux-gnu/libogg.so.0.8.2
7f465bb46000-7f465bb47000 r--p 00007000 08:05 2239720                    /usr/lib/x86_64-linux-gnu/libogg.so.0.8.2
7f465bb47000-7f465bb48000 rw-p 00008000 08:05 2239720                    /usr/lib/x86_64-linux-gnu/libogg.so.0.8.2
7f465bb48000-7f465bb72000 r-xp 00000000 08:05 2240153                    /usr/lib/x86_64-linux-gnu/libvorbis.so.0.4.8
7f465bb72000-7f465bd72000 ---p 0002a000 08:05 2240153                    /usr/lib/x86_64-linux-gnu/libvorbis.so.0.4.8
7f465bd72000-7f465bd73000 r--p 0002a000 08:05 2240153                    /usr/lib/x86_64-linux-gnu/libvorbis.so.0.4.8
7f465bd73000-7f465bd74000 rw-p 0002b000 08:05 2240153                    /usr/lib/x86_64-linux-gnu/libvorbis.so.0.4.8
7f465bd74000-7f465bd7c000 r-xp 00000000 08:05 2239564                    /usr/lib/x86_64-linux-gnu/libltdl.so.7.3.1
7f465bd7c000-7f465bf7c000 ---p 00008000 08:05 2239564                    /usr/lib/x86_64-linux-gnu/libltdl.so.7.3.1
7f465bf7c000-7f465bf7d000 r--p 00008000 08:05 2239564                    /usr/lib/x86_64-linux-gnu/libltdl.so.7.3.1
7f465bf7d000-7f465bf7e000 rw-p 00009000 08:05 2239564                    /usr/lib/x86_64-linux-gnu/libltdl.so.7.3.1
7f465bf7e000-7f465bf92000 r-xp 00000000 08:05 2239986                    /usr/lib/x86_64-linux-gnu/libtdb.so.1.3.9
7f465bf92000-7f465c191000 ---p 00014000 08:05 2239986                    /usr/lib/x86_64-linux-gnu/libtdb.so.1.3.9
7f465c191000-7f465c192000 r--p 00013000 08:05 2239986                    /usr/lib/x86_64-linux-gnu/libtdb.so.1.3.9
7f465c192000-7f465c193000 rw-p 00014000 08:05 2239986                    /usr/lib/x86_64-linux-gnu/libtdb.so.1.3.9
7f465c193000-7f465c19a000 r-xp 00000000 08:05 2240157                    /usr/lib/x86_64-linux-gnu/libvorbisfile.so.3.3.7
7f465c19a000-7f465c39a000 ---p 00007000 08:05 2240157                    /usr/lib/x86_64-linux-gnu/libvorbisfile.so.3.3.7
7f465c39a000-7f465c39b000 r--p 00007000 08:05 2240157                    /usr/lib/x86_64-linux-gnu/libvorbisfile.so.3.3.7
7f465c39b000-7f465c39c000 rw-p 00008000 08:05 2240157                    /usr/lib/x86_64-linux-gnu/libvorbisfile.so.3.3.7
7f465c39c000-7f465c3ac000 r-xp 00000000 08:05 2238920                    /usr/lib/x86_64-linux-gnu/libcanberra.so.0.2.5
7f465c3ac000-7f465c5ac000 ---p 00010000 08:05 2238920                    /usr/lib/x86_64-linux-gnu/libcanberra.so.0.2.5
7f465c5ac000-7f465c5ad000 r--p 00010000 08:05 2238920                    /usr/lib/x86_64-linux-gnu/libcanberra.so.0.2.5
7f465c5ad000-7f465c5ae000 rw-p 00011000 08:05 2238920                    /usr/lib/x86_64-linux-gnu/libcanberra.so.0.2.5
7f465c5ae000-7f465c5b2000 r-xp 00000000 08:05 2238916                    /usr/lib/x86_64-linux-gnu/libcanberra-gtk.so.0.1.9
7f465c5b2000-7f465c7b1000 ---p 00004000 08:05 2238916                    /usr/lib/x86_64-linux-gnu/libcanberra-gtk.so.0.1.9
7f465c7b1000-7f465c7b2000 r--p 00003000 08:05 2238916                    /usr/lib/x86_64-linux-gnu/libcanberra-gtk.so.0.1.9
7f465c7b2000-7f465c7b3000 rw-p 00004000 08:05 2238916                    /usr/lib/x86_64-linux-gnu/libcanberra-gtk.so.0.1.9
7f465c7b3000-7f465c7b8000 r-xp 00000000 08:05 133969                     /usr/lib/x86_64-linux-gnu/gtk-2.0/modules/libcanberra-gtk-module.so
7f465c7b8000-7f465c9b7000 ---p 00005000 08:05 133969                     /usr/lib/x86_64-linux-gnu/gtk-2.0/modules/libcanberra-gtk-module.so
7f465c9b7000-7f465c9b8000 r--p 00004000 08:05 133969                     /usr/lib/x86_64-linux-gnu/gtk-2.0/modules/libcanberra-gtk-module.so
7f465c9b8000-7f465c9b9000 rw-p 00005000 08:05 133969                     /usr/lib/x86_64-linux-gnu/gtk-2.0/modules/libcanberra-gtk-module.so
7f465c9b9000-7f465c9e9000 r-xp 00000000 08:05 133951                     /usr/lib/x86_64-linux-gnu/gtk-2.0/2.10.0/engines/libmurrine.so
7f465c9e9000-7f465cbe9000 ---p 00030000 08:05 133951                     /usr/lib/x86_64-linux-gnu/gtk-2.0/2.10.0/engines/libmurrine.so
7f465cbe9000-7f465cbea000 r--p 00030000 08:05 133951                     /usr/lib/x86_64-linux-gnu/gtk-2.0/2.10.0/engines/libmurrine.so
7f465cbea000-7f465cbeb000 rw-p 00031000 08:05 133951                     /usr/lib/x86_64-linux-gnu/gtk-2.0/2.10.0/engines/libmurrine.so
7f465cbeb000-7f465cbfb000 r-xp 00000000 08:05 2240079                    /usr/lib/x86_64-linux-gnu/libunity-gtk2-parser.so.0.0.0
7f465cbfb000-7f465cdfb000 ---p 00010000 08:05 2240079                    /usr/lib/x86_64-linux-gnu/libunity-gtk2-parser.so.0.0.0
7f465cdfb000-7f465cdfc000 r--p 00010000 08:05 2240079                    /usr/lib/x86_64-linux-gnu/libunity-gtk2-parser.so.0.0.0
7f465cdfc000-7f465cdfd000 rw-p 00011000 08:05 2240079                    /usr/lib/x86_64-linux-gnu/libunity-gtk2-parser.so.0.0.0
7f465cdfd000-7f465ce02000 r-xp 00000000 08:05 133973                     /usr/lib/x86_64-linux-gnu/gtk-2.0/modules/libunity-gtk-module.so
7f465ce02000-7f465d001000 ---p 00005000 08:05 133973                     /usr/lib/x86_64-linux-gnu/gtk-2.0/modules/libunity-gtk-module.so
7f465d001000-7f465d002000 r--p 00004000 08:05 133973                     /usr/lib/x86_64-linux-gnu/gtk-2.0/modules/libunity-gtk-module.so
7f465d002000-7f465d003000 rw-p 00005000 08:05 133973                     /usr/lib/x86_64-linux-gnu/gtk-2.0/modules/libunity-gtk-module.so
7f465d003000-7f465d025000 r-xp 00000000 08:05 398679                     /lib/x86_64-linux-gnu/liblzma.so.5.0.0
7f465d025000-7f465d224000 ---p 00022000 08:05 398679                     /lib/x86_64-linux-gnu/liblzma.so.5.0.0
7f465d224000-7f465d225000 r--p 00021000 08:05 398679                     /lib/x86_64-linux-gnu/liblzma.so.5.0.0
7f465d225000-7f465d226000 rw-p 00022000 08:05 398679                     /lib/x86_64-linux-gnu/liblzma.so.5.0.0
7f465d226000-7f465d270000 r-xp 00000000 08:05 399570                     /lib/x86_64-linux-gnu/libdbus-1.so.3.14.7
7f465d270000-7f465d470000 ---p 0004a000 08:05 399570                     /lib/x86_64-linux-gnu/libdbus-1.so.3.14.7
7f465d470000-7f465d471000 r--p 0004a000 08:05 399570                     /lib/x86_64-linux-gnu/libdbus-1.so.3.14.7
7f465d471000-7f465d472000 rw-p 0004b000 08:05 399570                     /lib/x86_64-linux-gnu/libdbus-1.so.3.14.7
7f465d472000-7f465d49e000 r-xp 00000000 08:05 2238852                    /usr/lib/x86_64-linux-gnu/libatspi.so.0.0.1
7f465d49e000-7f465d69d000 ---p 0002c000 08:05 2238852                    /usr/lib/x86_64-linux-gnu/libatspi.so.0.0.1
7f465d69d000-7f465d6a0000 r--p 0002b000 08:05 2238852                    /usr/lib/x86_64-linux-gnu/libatspi.so.0.0.1
7f465d6a0000-7f465d6a1000 rw-p 0002e000 08:05 2238852                    /usr/lib/x86_64-linux-gnu/libatspi.so.0.0.1
7f465d6a1000-7f465d6ce000 r-xp 00000000 08:05 2238846                    /usr/lib/x86_64-linux-gnu/libatk-bridge-2.0.so.0.0.0
7f465d6ce000-7f465d8cd000 ---p 0002d000 08:05 2238846                    /usr/lib/x86_64-linux-gnu/libatk-bridge-2.0.so.0.0.0
7f465d8cd000-7f465d8ce000 r--p 0002c000 08:05 2238846                    /usr/lib/x86_64-linux-gnu/libatk-bridge-2.0.so.0.0.0
7f465d8ce000-7f465d8d0000 rw-p 0002d000 08:05 2238846                    /usr/lib/x86_64-linux-gnu/libatk-bridge-2.0.so.0.0.0
7f465d8d0000-7f465d8d1000 r-xp 00000000 08:05 133968                     /usr/lib/x86_64-linux-gnu/gtk-2.0/modules/libatk-bridge.so
7f465d8d1000-7f465dad0000 ---p 00001000 08:05 133968                     /usr/lib/x86_64-linux-gnu/gtk-2.0/modules/libatk-bridge.so
7f465dad0000-7f465dad1000 r--p 00000000 08:05 133968                     /usr/lib/x86_64-linux-gnu/gtk-2.0/modules/libatk-bridge.so
7f465dad1000-7f465dad2000 rw-p 00001000 08:05 133968                     /usr/lib/x86_64-linux-gnu/gtk-2.0/modules/libatk-bridge.so
7f465dad2000-7f465dad9000 r-xp 00000000 08:05 2228785                    /usr/lib/x86_64-linux-gnu/libgailutil.so.18.0.1
7f465dad9000-7f465dcd8000 ---p 00007000 08:05 2228785                    /usr/lib/x86_64-linux-gnu/libgailutil.so.18.0.1
7f465dcd8000-7f465dcd9000 r--p 00006000 08:05 2228785                    /usr/lib/x86_64-linux-gnu/libgailutil.so.18.0.1
7f465dcd9000-7f465dcda000 rw-p 00007000 08:05 2228785                    /usr/lib/x86_64-linux-gnu/libgailutil.so.18.0.1
7f465dcda000-7f465dd28000 r-xp 00000000 08:05 132695                     /usr/lib/x86_64-linux-gnu/gtk-2.0/modules/libgail.so
7f465dd28000-7f465df27000 ---p 0004e000 08:05 132695                     /usr/lib/x86_64-linux-gnu/gtk-2.0/modules/libgail.so
7f465df27000-7f465df28000 r--p 0004d000 08:05 132695                     /usr/lib/x86_64-linux-gnu/gtk-2.0/modules/libgail.so
7f465df28000-7f465df2a000 rw-p 0004e000 08:05 132695                     /usr/lib/x86_64-linux-gnu/gtk-2.0/modules/libgail.so
7f465df2a000-7f465df3b000 r-xp 00000000 08:05 132122                     /usr/lib/x86_64-linux-gnu/gtk-2.0/modules/liboverlay-scrollbar.so
7f465df3b000-7f465e13b000 ---p 00011000 08:05 132122                     /usr/lib/x86_64-linux-gnu/gtk-2.0/modules/liboverlay-scrollbar.so
7f465e13b000-7f465e13c000 r--p 00011000 08:05 132122                     /usr/lib/x86_64-linux-gnu/gtk-2.0/modules/liboverlay-scrollbar.so
7f465e13c000-7f465e13d000 rw-p 00012000 08:05 132122                     /usr/lib/x86_64-linux-gnu/gtk-2.0/modules/liboverlay-scrollbar.so
7f465e13d000-7f465e166000 r-xp 00000000 08:05 2243370                    /usr/lib/jvm/java-8-oracle/jre/lib/amd64/libglass.so
7f465e166000-7f465e365000 ---p 00029000 08:05 2243370                    /usr/lib/jvm/java-8-oracle/jre/lib/amd64/libglass.so
7f465e365000-7f465e368000 rw-p 00028000 08:05 2243370                    /usr/lib/jvm/java-8-oracle/jre/lib/amd64/libglass.so
7f465e368000-7f465e39f000 r-xp 00000000 08:05 2240033                    /usr/lib/x86_64-linux-gnu/libtxc_dxtn_s2tc.so.0.0.0
7f465e39f000-7f465e59e000 ---p 00037000 08:05 2240033                    /usr/lib/x86_64-linux-gnu/libtxc_dxtn_s2tc.so.0.0.0
7f465e59e000-7f465e59f000 r--p 00036000 08:05 2240033                    /usr/lib/x86_64-linux-gnu/libtxc_dxtn_s2tc.so.0.0.0
7f465e59f000-7f465e5a0000 rw-p 00037000 08:05 2240033                    /usr/lib/x86_64-linux-gnu/libtxc_dxtn_s2tc.so.0.0.0
7f465e5a0000-7f465e5a8000 r-xp 00000000 08:05 2239767                    /usr/lib/x86_64-linux-gnu/libpciaccess.so.0.11.1
7f465e5a8000-7f465e7a8000 ---p 00008000 08:05 2239767                    /usr/lib/x86_64-linux-gnu/libpciaccess.so.0.11.1
7f465e7a8000-7f465e7a9000 r--p 00008000 08:05 2239767                    /usr/lib/x86_64-linux-gnu/libpciaccess.so.0.11.1
7f465e7a9000-7f465e7aa000 rw-p 00009000 08:05 2239767                    /usr/lib/x86_64-linux-gnu/libpciaccess.so.0.11.1
7f465e7aa000-7f465e7bc000 r-xp 00000000 08:05 398660                     /lib/x86_64-linux-gnu/libgpg-error.so.0.19.1
7f465e7bc000-7f465e9bc000 ---p 00012000 08:05 398660                     /lib/x86_64-linux-gnu/libgpg-error.so.0.19.1
7f465e9bc000-7f465e9bd000 r--p 00012000 08:05 398660                     /lib/x86_64-linux-gnu/libgpg-error.so.0.19.1
7f465e9bd000-7f465e9be000 rw-p 00013000 08:05 398660                     /lib/x86_64-linux-gnu/libgpg-error.so.0.19.1
7f465e9be000-7f465e9c9000 r-xp 00000000 08:05 2239069                    /usr/lib/x86_64-linux-gnu/libdrm_radeon.so.1.0.1
7f465e9c9000-7f465ebc8000 ---p 0000b000 08:05 2239069                    /usr/lib/x86_64-linux-gnu/libdrm_radeon.so.1.0.1
7f465ebc8000-7f465ebc9000 r--p 0000a000 08:05 2239069                    /usr/lib/x86_64-linux-gnu/libdrm_radeon.so.1.0.1
7f465ebc9000-7f465ebca000 rw-p 0000b000 08:05 2239069                    /usr/lib/x86_64-linux-gnu/libdrm_radeon.so.1.0.1
7f465ebca000-7f465ebd1000 r-xp 00000000 08:05 2239067                    /usr/lib/x86_64-linux-gnu/libdrm_nouveau.so.2.0.0
7f465ebd1000-7f465edd0000 ---p 00007000 08:05 2239067                    /usr/lib/x86_64-linux-gnu/libdrm_nouveau.so.2.0.0
7f465edd0000-7f465edd1000 r--p 00006000 08:05 2239067                    /usr/lib/x86_64-linux-gnu/libdrm_nouveau.so.2.0.0
7f465edd1000-7f465edd2000 rw-p 00007000 08:05 2239067                    /usr/lib/x86_64-linux-gnu/libdrm_nouveau.so.2.0.0
7f465edd2000-7f465edf2000 r-xp 00000000 08:05 2239065                    /usr/lib/x86_64-linux-gnu/libdrm_intel.so.1.0.0
7f465edf2000-7f465eff1000 ---p 00020000 08:05 2239065                    /usr/lib/x86_64-linux-gnu/libdrm_intel.so.1.0.0
7f465eff1000-7f465eff2000 r--p 0001f000 08:05 2239065                    /usr/lib/x86_64-linux-gnu/libdrm_intel.so.1.0.0
7f465eff2000-7f465eff3000 rw-p 00020000 08:05 2239065                    /usr/lib/x86_64-linux-gnu/libdrm_intel.so.1.0.0
7f465eff3000-7f465f0fa000 r-xp 00000000 08:05 398656                     /lib/x86_64-linux-gnu/libgcrypt.so.20.1.2
7f465f0fa000-7f465f2f9000 ---p 00107000 08:05 398656                     /lib/x86_64-linux-gnu/libgcrypt.so.20.1.2
7f465f2f9000-7f465f2fb000 r--p 00106000 08:05 398656                     /lib/x86_64-linux-gnu/libgcrypt.so.20.1.2
7f465f2fb000-7f465f302000 rw-p 00108000 08:05 398656                     /lib/x86_64-linux-gnu/libgcrypt.so.20.1.2
7f465f302000-7f465f9a5000 r-xp 00000000 08:05 133427                     /usr/lib/x86_64-linux-gnu/dri/i965_dri.so
7f465f9a5000-7f465fba4000 ---p 006a3000 08:05 133427                     /usr/lib/x86_64-linux-gnu/dri/i965_dri.so
7f465fba4000-7f465fbe3000 r--p 006a2000 08:05 133427                     /usr/lib/x86_64-linux-gnu/dri/i965_dri.so
7f465fbe3000-7f465fbeb000 rw-p 006e1000 08:05 133427                     /usr/lib/x86_64-linux-gnu/dri/i965_dri.so
7f465fbeb000-7f465fbf3000 rw-p 00000000 00:00 0 
7f465fbf3000-7f465fbf7000 r-xp 00000000 08:05 398105                     /lib/x86_64-linux-gnu/libuuid.so.1.3.0
7f465fbf7000-7f465fdf6000 ---p 00004000 08:05 398105                     /lib/x86_64-linux-gnu/libuuid.so.1.3.0
7f465fdf6000-7f465fdf7000 r--p 00003000 08:05 398105                     /lib/x86_64-linux-gnu/libuuid.so.1.3.0
7f465fdf7000-7f465fdf8000 rw-p 00004000 08:05 398105                     /lib/x86_64-linux-gnu/libuuid.so.1.3.0
7f465fdf8000-7f465fdfe000 r-xp 00000000 08:05 2239010                    /usr/lib/x86_64-linux-gnu/libdatrie.so.1.3.3
7f465fdfe000-7f465fffe000 ---p 00006000 08:05 2239010                    /usr/lib/x86_64-linux-gnu/libdatrie.so.1.3.3
7f465fffe000-7f465ffff000 r--p 00006000 08:05 2239010                    /usr/lib/x86_64-linux-gnu/libdatrie.so.1.3.3
7f465ffff000-7f4660000000 rw-p 00007000 08:05 2239010                    /usr/lib/x86_64-linux-gnu/libdatrie.so.1.3.3
7f4660000000-7f4661e7a000 rw-p 00000000 00:00 0 
7f4661e7a000-7f4664000000 ---p 00000000 00:00 0 
7f4664001000-7f4664009000 rw-s 00000000 00:05 984510                     /drm mm object (deleted)
7f4664009000-7f466401c000 r--s 00345000 08:05 2243549                    /usr/lib/jvm/java-8-oracle/jre/lib/resources.jar
7f466401c000-7f466402f000 r--p 00000000 08:05 2243414                    /usr/lib/jvm/java-8-oracle/jre/lib/fonts/LucidaBrightDemiBold.ttf
7f466402f000-7f4664034000 r-xp 00000000 08:05 2238755                    /usr/lib/x86_64-linux-gnu/libXdmcp.so.6.0.0
7f4664034000-7f4664233000 ---p 00005000 08:05 2238755                    /usr/lib/x86_64-linux-gnu/libXdmcp.so.6.0.0
7f4664233000-7f4664234000 r--p 00004000 08:05 2238755                    /usr/lib/x86_64-linux-gnu/libXdmcp.so.6.0.0
7f4664234000-7f4664235000 rw-p 00005000 08:05 2238755                    /usr/lib/x86_64-linux-gnu/libXdmcp.so.6.0.0
7f4664235000-7f4664237000 r-xp 00000000 08:05 2238744                    /usr/lib/x86_64-linux-gnu/libXau.so.6.0.0
7f4664237000-7f4664437000 ---p 00002000 08:05 2238744                    /usr/lib/x86_64-linux-gnu/libXau.so.6.0.0
7f4664437000-7f4664438000 r--p 00002000 08:05 2238744                    /usr/lib/x86_64-linux-gnu/libXau.so.6.0.0
7f4664438000-7f4664439000 rw-p 00003000 08:05 2238744                    /usr/lib/x86_64-linux-gnu/libXau.so.6.0.0
7f4664439000-7f466445c000 r-xp 00000000 08:05 2239322                    /usr/lib/x86_64-linux-gnu/libgraphite2.so.3.0.1
7f466445c000-7f466465b000 ---p 00023000 08:05 2239322                    /usr/lib/x86_64-linux-gnu/libgraphite2.so.3.0.1
7f466465b000-7f466465d000 r--p 00022000 08:05 2239322                    /usr/lib/x86_64-linux-gnu/libgraphite2.so.3.0.1
7f466465d000-7f466465e000 rw-p 00024000 08:05 2239322                    /usr/lib/x86_64-linux-gnu/libgraphite2.so.3.0.1
7f466465e000-7f466469b000 r-xp 00000000 08:05 398114                     /lib/x86_64-linux-gnu/libblkid.so.1.1.0
7f466469b000-7f466489a000 ---p 0003d000 08:05 398114                     /lib/x86_64-linux-gnu/libblkid.so.1.1.0
7f466489a000-7f466489e000 r--p 0003c000 08:05 398114                     /lib/x86_64-linux-gnu/libblkid.so.1.1.0
7f466489e000-7f466489f000 rw-p 00040000 08:05 398114                     /lib/x86_64-linux-gnu/libblkid.so.1.1.0
7f466489f000-7f46648a0000 rw-p 00000000 00:00 0 
7f46648a0000-7f46648ae000 r-xp 00000000 08:05 2239061                    /usr/lib/x86_64-linux-gnu/libdrm.so.2.4.0
7f46648ae000-7f4664aad000 ---p 0000e000 08:05 2239061                    /usr/lib/x86_64-linux-gnu/libdrm.so.2.4.0
7f4664aad000-7f4664aae000 r--p 0000d000 08:05 2239061                    /usr/lib/x86_64-linux-gnu/libdrm.so.2.4.0
7f4664aae000-7f4664aaf000 rw-p 0000e000 08:05 2239061                    /usr/lib/x86_64-linux-gnu/libdrm.so.2.4.0
7f4664aaf000-7f4664ab3000 r-xp 00000000 08:05 2240244                    /usr/lib/x86_64-linux-gnu/libxcb-dri2.so.0.0.0
7f4664ab3000-7f4664cb2000 ---p 00004000 08:05 2240244                    /usr/lib/x86_64-linux-gnu/libxcb-dri2.so.0.0.0
7f4664cb2000-7f4664cb3000 r--p 00003000 08:05 2240244                    /usr/lib/x86_64-linux-gnu/libxcb-dri2.so.0.0.0
7f4664cb3000-7f4664cb4000 rw-p 00004000 08:05 2240244                    /usr/lib/x86_64-linux-gnu/libxcb-dri2.so.0.0.0
7f4664cb4000-7f4664ccb000 r-xp 00000000 08:05 2240248                    /usr/lib/x86_64-linux-gnu/libxcb-glx.so.0.0.0
7f4664ccb000-7f4664eca000 ---p 00017000 08:05 2240248                    /usr/lib/x86_64-linux-gnu/libxcb-glx.so.0.0.0
7f4664eca000-7f4664ecc000 r--p 00016000 08:05 2240248                    /usr/lib/x86_64-linux-gnu/libxcb-glx.so.0.0.0
7f4664ecc000-7f4664ecd000 rw-p 00018000 08:05 2240248                    /usr/lib/x86_64-linux-gnu/libxcb-glx.so.0.0.0
7f4664ecd000-7f4664ece000 r-xp 00000000 08:05 2238738                    /usr/lib/x86_64-linux-gnu/libX11-xcb.so.1.0.0
7f4664ece000-7f46650cd000 ---p 00001000 08:05 2238738                    /usr/lib/x86_64-linux-gnu/libX11-xcb.so.1.0.0
7f46650cd000-7f46650ce000 r--p 00000000 08:05 2238738                    /usr/lib/x86_64-linux-gnu/libX11-xcb.so.1.0.0
7f46650ce000-7f46650cf000 rw-p 00001000 08:05 2238738                    /usr/lib/x86_64-linux-gnu/libX11-xcb.so.1.0.0
7f46650cf000-7f46650f8000 r-xp 00000000 08:05 2231673                    /usr/lib/x86_64-linux-gnu/libglapi.so.0.0.0
7f46650f8000-7f46652f7000 ---p 00029000 08:05 2231673                    /usr/lib/x86_64-linux-gnu/libglapi.so.0.0.0
7f46652f7000-7f46652fb000 r--p 00028000 08:05 2231673                    /usr/lib/x86_64-linux-gnu/libglapi.so.0.0.0
7f46652fb000-7f46652fc000 rw-p 0002c000 08:05 2231673                    /usr/lib/x86_64-linux-gnu/libglapi.so.0.0.0
7f46652fc000-7f46652fd000 rw-p 00000000 00:00 0 
7f46652fd000-7f46652fe000 r-xp 00000000 08:05 2240290                    /usr/lib/x86_64-linux-gnu/libxshmfence.so.1.0.0
7f46652fe000-7f46654fe000 ---p 00001000 08:05 2240290                    /usr/lib/x86_64-linux-gnu/libxshmfence.so.1.0.0
7f46654fe000-7f46654ff000 r--p 00001000 08:05 2240290                    /usr/lib/x86_64-linux-gnu/libxshmfence.so.1.0.0
7f46654ff000-7f4665500000 rw-p 00002000 08:05 2240290                    /usr/lib/x86_64-linux-gnu/libxshmfence.so.1.0.0
7f4665500000-7f4665505000 r-xp 00000000 08:05 2240268                    /usr/lib/x86_64-linux-gnu/libxcb-sync.so.1.0.0
7f4665505000-7f4665705000 ---p 00005000 08:05 2240268                    /usr/lib/x86_64-linux-gnu/libxcb-sync.so.1.0.0
7f4665705000-7f4665706000 r--p 00005000 08:05 2240268                    /usr/lib/x86_64-linux-gnu/libxcb-sync.so.1.0.0
7f4665706000-7f4665707000 rw-p 00006000 08:05 2240268                    /usr/lib/x86_64-linux-gnu/libxcb-sync.so.1.0.0
7f4665707000-7f4665709000 r-xp 00000000 08:05 2240256                    /usr/lib/x86_64-linux-gnu/libxcb-present.so.0.0.0
7f4665709000-7f4665908000 ---p 00002000 08:05 2240256                    /usr/lib/x86_64-linux-gnu/libxcb-present.so.0.0.0
7f4665908000-7f4665909000 r--p 00001000 08:05 2240256                    /usr/lib/x86_64-linux-gnu/libxcb-present.so.0.0.0
7f4665909000-7f466590a000 rw-p 00002000 08:05 2240256                    /usr/lib/x86_64-linux-gnu/libxcb-present.so.0.0.0
7f466590a000-7f466590c000 r-xp 00000000 08:05 2240246                    /usr/lib/x86_64-linux-gnu/libxcb-dri3.so.0.0.0
7f466590c000-7f4665b0b000 ---p 00002000 08:05 2240246                    /usr/lib/x86_64-linux-gnu/libxcb-dri3.so.0.0.0
7f4665b0b000-7f4665b0c000 r--p 00001000 08:05 2240246                    /usr/lib/x86_64-linux-gnu/libxcb-dri3.so.0.0.0
7f4665b0c000-7f4665b0d000 rw-p 00002000 08:05 2240246                    /usr/lib/x86_64-linux-gnu/libxcb-dri3.so.0.0.0
7f4665b0d000-7f4665b7f000 r-xp 00000000 08:05 398742                     /lib/x86_64-linux-gnu/libpcre.so.3.13.3
7f4665b7f000-7f4665d7e000 ---p 00072000 08:05 398742                     /lib/x86_64-linux-gnu/libpcre.so.3.13.3
7f4665d7e000-7f4665d7f000 r--p 00071000 08:05 398742                     /lib/x86_64-linux-gnu/libpcre.so.3.13.3
7f4665d7f000-7f4665d80000 rw-p 00072000 08:05 398742                     /lib/x86_64-linux-gnu/libpcre.so.3.13.3
7f4665d80000-7f4665d87000 r-xp 00000000 08:05 2239141                    /usr/lib/x86_64-linux-gnu/libffi.so.6.0.4
7f4665d87000-7f4665f86000 ---p 00007000 08:05 2239141                    /usr/lib/x86_64-linux-gnu/libffi.so.6.0.4
7f4665f86000-7f4665f87000 r--p 00006000 08:05 2239141                    /usr/lib/x86_64-linux-gnu/libffi.so.6.0.4
7f4665f87000-7f4665f88000 rw-p 00007000 08:05 2239141                    /usr/lib/x86_64-linux-gnu/libffi.so.6.0.4
7f4665f88000-7f4665faf000 r-xp 00000000 08:05 398647                     /lib/x86_64-linux-gnu/libexpat.so.1.6.2
7f4665faf000-7f46661af000 ---p 00027000 08:05 398647                     /lib/x86_64-linux-gnu/libexpat.so.1.6.2
7f46661af000-7f46661b1000 r--p 00027000 08:05 398647                     /lib/x86_64-linux-gnu/libexpat.so.1.6.2
7f46661b1000-7f46661b2000 rw-p 00029000 08:05 398647                     /lib/x86_64-linux-gnu/libexpat.so.1.6.2
7f46661b2000-7f46661ba000 r-xp 00000000 08:05 2240000                    /usr/lib/x86_64-linux-gnu/libthai.so.0.3.0
7f46661ba000-7f46663b9000 ---p 00008000 08:05 2240000                    /usr/lib/x86_64-linux-gnu/libthai.so.0.3.0
7f46663b9000-7f46663ba000 r--p 00007000 08:05 2240000                    /usr/lib/x86_64-linux-gnu/libthai.so.0.3.0
7f46663ba000-7f46663bb000 rw-p 00008000 08:05 2240000                    /usr/lib/x86_64-linux-gnu/libthai.so.0.3.0
7f46663bb000-7f46663dc000 r-xp 00000000 08:05 2240278                    /usr/lib/x86_64-linux-gnu/libxcb.so.1.1.0
7f46663dc000-7f46665db000 ---p 00021000 08:05 2240278                    /usr/lib/x86_64-linux-gnu/libxcb.so.1.1.0
7f46665db000-7f46665dc000 r--p 00020000 08:05 2240278                    /usr/lib/x86_64-linux-gnu/libxcb.so.1.1.0
7f46665dc000-7f46665dd000 rw-p 00021000 08:05 2240278                    /usr/lib/x86_64-linux-gnu/libxcb.so.1.1.0
7f46665dd000-7f46665e5000 r-xp 00000000 08:05 2240262                    /usr/lib/x86_64-linux-gnu/libxcb-render.so.0.0.0
7f46665e5000-7f46667e5000 ---p 00008000 08:05 2240262                    /usr/lib/x86_64-linux-gnu/libxcb-render.so.0.0.0
7f46667e5000-7f46667e6000 r--p 00008000 08:05 2240262                    /usr/lib/x86_64-linux-gnu/libxcb-render.so.0.0.0
7f46667e6000-7f46667e7000 rw-p 00009000 08:05 2240262                    /usr/lib/x86_64-linux-gnu/libxcb-render.so.0.0.0
7f46667e7000-7f46667e9000 r-xp 00000000 08:05 2240266                    /usr/lib/x86_64-linux-gnu/libxcb-shm.so.0.0.0
7f46667e9000-7f46669e9000 ---p 00002000 08:05 2240266                    /usr/lib/x86_64-linux-gnu/libxcb-shm.so.0.0.0
7f46669e9000-7f46669ea000 r--p 00002000 08:05 2240266                    /usr/lib/x86_64-linux-gnu/libxcb-shm.so.0.0.0
7f46669ea000-7f46669eb000 rw-p 00003000 08:05 2240266                    /usr/lib/x86_64-linux-gnu/libxcb-shm.so.0.0.0
7f46669eb000-7f4666a1c000 r-xp 00000000 08:05 2239791                    /usr/lib/x86_64-linux-gnu/libpng16.so.16.25.0
7f4666a1c000-7f4666c1b000 ---p 00031000 08:05 2239791                    /usr/lib/x86_64-linux-gnu/libpng16.so.16.25.0
7f4666c1b000-7f4666c1c000 r--p 00030000 08:05 2239791                    /usr/lib/x86_64-linux-gnu/libpng16.so.16.25.0
7f4666c1c000-7f4666c1d000 rw-p 00031000 08:05 2239791                    /usr/lib/x86_64-linux-gnu/libpng16.so.16.25.0
7f4666c1d000-7f4666cbc000 r-xp 00000000 08:05 2239783                    /usr/lib/x86_64-linux-gnu/libpixman-1.so.0.33.6
7f4666cbc000-7f4666ebc000 ---p 0009f000 08:05 2239783                    /usr/lib/x86_64-linux-gnu/libpixman-1.so.0.33.6
7f4666ebc000-7f4666ec4000 r--p 0009f000 08:05 2239783                    /usr/lib/x86_64-linux-gnu/libpixman-1.so.0.33.6
7f4666ec4000-7f4666ec5000 rw-p 000a7000 08:05 2239783                    /usr/lib/x86_64-linux-gnu/libpixman-1.so.0.33.6
7f4666ec5000-7f4666f43000 r-xp 00000000 08:05 2239412                    /usr/lib/x86_64-linux-gnu/libharfbuzz.so.0.10200.7
7f4666f43000-7f4667143000 ---p 0007e000 08:05 2239412                    /usr/lib/x86_64-linux-gnu/libharfbuzz.so.0.10200.7
7f4667143000-7f4667144000 r--p 0007e000 08:05 2239412                    /usr/lib/x86_64-linux-gnu/libharfbuzz.so.0.10200.7
7f4667144000-7f4667145000 rw-p 0007f000 08:05 2239412                    /usr/lib/x86_64-linux-gnu/libharfbuzz.so.0.10200.7
7f4667145000-7f466718b000 r-xp 00000000 08:05 398122                     /lib/x86_64-linux-gnu/libmount.so.1.1.0
7f466718b000-7f466738a000 ---p 00046000 08:05 398122                     /lib/x86_64-linux-gnu/libmount.so.1.1.0
7f466738a000-7f466738b000 r--p 00045000 08:05 398122                     /lib/x86_64-linux-gnu/libmount.so.1.1.0
7f466738b000-7f466738c000 rw-p 00046000 08:05 398122                     /lib/x86_64-linux-gnu/libmount.so.1.1.0
7f466738c000-7f466738d000 rw-p 00000000 00:00 0 
7f466738d000-7f46673a4000 r-xp 00000000 08:05 409762                     /lib/x86_64-linux-gnu/libresolv-2.24.so
7f46673a4000-7f46675a4000 ---p 00017000 08:05 409762                     /lib/x86_64-linux-gnu/libresolv-2.24.so
7f46675a4000-7f46675a5000 r--p 00017000 08:05 409762                     /lib/x86_64-linux-gnu/libresolv-2.24.so
7f46675a5000-7f46675a6000 rw-p 00018000 08:05 409762                     /lib/x86_64-linux-gnu/libresolv-2.24.so
7f46675a6000-7f46675a8000 rw-p 00000000 00:00 0 
7f46675a8000-7f46675cb000 r-xp 00000000 08:05 398769                     /lib/x86_64-linux-gnu/libselinux.so.1
7f46675cb000-7f46677ca000 ---p 00023000 08:05 398769                     /lib/x86_64-linux-gnu/libselinux.so.1
7f46677ca000-7f46677cb000 r--p 00022000 08:05 398769                     /lib/x86_64-linux-gnu/libselinux.so.1
7f46677cb000-7f46677cc000 rw-p 00023000 08:05 398769                     /lib/x86_64-linux-gnu/libselinux.so.1
7f46677cc000-7f46677ce000 rw-p 00000000 00:00 0 
7f46677ce000-7f46677e7000 r-xp 00000000 08:05 398798                     /lib/x86_64-linux-gnu/libz.so.1.2.8
7f46677e7000-7f46679e6000 ---p 00019000 08:05 398798                     /lib/x86_64-linux-gnu/libz.so.1.2.8
7f46679e6000-7f46679e7000 r--p 00018000 08:05 398798                     /lib/x86_64-linux-gnu/libz.so.1.2.8
7f46679e7000-7f46679e8000 rw-p 00019000 08:05 398798                     /lib/x86_64-linux-gnu/libz.so.1.2.8
7f46679e8000-7f46679f9000 r-xp 00000000 08:05 2238757                    /usr/lib/x86_64-linux-gnu/libXext.so.6.4.0
7f46679f9000-7f4667bf8000 ---p 00011000 08:05 2238757                    /usr/lib/x86_64-linux-gnu/libXext.so.6.4.0
7f4667bf8000-7f4667bf9000 r--p 00010000 08:05 2238757                    /usr/lib/x86_64-linux-gnu/libXext.so.6.4.0
7f4667bf9000-7f4667bfa000 rw-p 00011000 08:05 2238757                    /usr/lib/x86_64-linux-gnu/libXext.so.6.4.0
7f4667bfa000-7f4667bfc000 r-xp 00000000 08:05 2238753                    /usr/lib/x86_64-linux-gnu/libXdamage.so.1.1.0
7f4667bfc000-7f4667dfb000 ---p 00002000 08:05 2238753                    /usr/lib/x86_64-linux-gnu/libXdamage.so.1.1.0
7f4667dfb000-7f4667dfc000 r--p 00001000 08:05 2238753                    /usr/lib/x86_64-linux-gnu/libXdamage.so.1.1.0
7f4667dfc000-7f4667dfd000 rw-p 00002000 08:05 2238753                    /usr/lib/x86_64-linux-gnu/libXdamage.so.1.1.0
7f4667dfd000-7f4667dff000 r-xp 00000000 08:05 2238749                    /usr/lib/x86_64-linux-gnu/libXcomposite.so.1.0.0
7f4667dff000-7f4667ffe000 ---p 00002000 08:05 2238749                    /usr/lib/x86_64-linux-gnu/libXcomposite.so.1.0.0
7f4667ffe000-7f4667fff000 r--p 00001000 08:05 2238749                    /usr/lib/x86_64-linux-gnu/libXcomposite.so.1.0.0
7f4667fff000-7f4668000000 rw-p 00002000 08:05 2238749                    /usr/lib/x86_64-linux-gnu/libXcomposite.so.1.0.0
7f4668000000-7f4668062000 rw-p 00000000 00:00 0 
7f4668062000-7f466c000000 ---p 00000000 00:00 0 
7f466c000000-7f466c298000 rw-p 00000000 00:00 0 
7f466c298000-7f4670000000 ---p 00000000 00:00 0 
7f4670000000-7f4670021000 rw-p 00000000 00:00 0 
7f4670021000-7f4674000000 ---p 00000000 00:00 0 
7f4674000000-7f4674021000 rw-p 00000000 00:00 0 
7f4674021000-7f4678000000 ---p 00000000 00:00 0 
7f4678000000-7f4678160000 rw-p 00000000 00:00 0 
7f4678160000-7f467c000000 ---p 00000000 00:00 0 
7f467c003000-7f467c005000 rw-s 101778000 00:06 391                       /dev/dri/card0
7f467c005000-7f467c019000 r--p 00000000 08:05 2243417                    /usr/lib/jvm/java-8-oracle/jre/lib/fonts/LucidaBrightItalic.ttf
7f467c019000-7f467c02c000 r--p 00000000 08:05 2243421                    /usr/lib/jvm/java-8-oracle/jre/lib/fonts/LucidaBrightDemiItalic.ttf
7f467c02c000-7f467c031000 r--s 00084000 08:05 2243424                    /usr/lib/jvm/java-8-oracle/jre/lib/jfr.jar
7f467c031000-7f467c03c000 r--s 00000000 08:05 279298                     /var/cache/fontconfig/945677eb7aeaf62f1d50efc3fb3ec7d8-le64.cache-6
7f467c03c000-7f467c042000 r--s 00000000 08:05 279279                     /var/cache/fontconfig/2cd17615ca594fa2959ae173292e504c-le64.cache-6
7f467c042000-7f467c043000 r--s 00000000 08:05 279276                     /var/cache/fontconfig/0d8c3b2ac0904cb8a57a757ad11a4a08-le64.cache-6
7f467c043000-7f467c058000 r--s 00000000 08:05 279272                     /var/cache/fontconfig/04aabc0a78ac019cf9454389977116d2-le64.cache-6
7f467c058000-7f467c059000 r--s 00000000 08:05 279278                     /var/cache/fontconfig/1ac9eb803944fde146138c791f5cc56a-le64.cache-6
7f467c059000-7f467c05d000 r--s 00000000 08:05 279283                     /var/cache/fontconfig/385c0604a188198f04d133e54aba7fe7-le64.cache-6
7f467c05d000-7f467c060000 r--s 00000000 08:05 279294                     /var/cache/fontconfig/767a8244fc0220cfb567a839d0392e0b-le64.cache-6
7f467c060000-7f467c065000 r--s 00000000 08:05 279297                     /var/cache/fontconfig/8801497958630a81b71ace7c5f9b32a8-le64.cache-6
7f467c065000-7f467c078000 r--s 00000000 08:05 279308                     /var/cache/fontconfig/d52a8644073d54c13679302ca1180695-le64.cache-6
7f467c078000-7f467c07b000 ---p 00000000 00:00 0 
7f467c07b000-7f467c179000 rw-p 00000000 00:00 0 
7f467c179000-7f467c1fb000 r-xp 00000000 08:05 398147                     /lib/x86_64-linux-gnu/libsystemd.so.0.16.0
7f467c1fb000-7f467c1fe000 r--p 00081000 08:05 398147                     /lib/x86_64-linux-gnu/libsystemd.so.0.16.0
7f467c1fe000-7f467c1ff000 rw-p 00084000 08:05 398147                     /lib/x86_64-linux-gnu/libsystemd.so.0.16.0
7f467c1ff000-7f467c200000 rw-p 00000000 00:00 0 
7f467c200000-7f467c209000 r-xp 00000000 08:05 2238751                    /usr/lib/x86_64-linux-gnu/libXcursor.so.1.0.2
7f467c209000-7f467c408000 ---p 00009000 08:05 2238751                    /usr/lib/x86_64-linux-gnu/libXcursor.so.1.0.2
7f467c408000-7f467c409000 r--p 00008000 08:05 2238751                    /usr/lib/x86_64-linux-gnu/libXcursor.so.1.0.2
7f467c409000-7f467c40a000 rw-p 00009000 08:05 2238751                    /usr/lib/x86_64-linux-gnu/libXcursor.so.1.0.2
7f467c40a000-7f467c414000 r-xp 00000000 08:05 2238775                    /usr/lib/x86_64-linux-gnu/libXrandr.so.2.2.0
7f467c414000-7f467c613000 ---p 0000a000 08:05 2238775                    /usr/lib/x86_64-linux-gnu/libXrandr.so.2.2.0
7f467c613000-7f467c614000 r--p 00009000 08:05 2238775                    /usr/lib/x86_64-linux-gnu/libXrandr.so.2.2.0
7f467c614000-7f467c615000 rw-p 0000a000 08:05 2238775                    /usr/lib/x86_64-linux-gnu/libXrandr.so.2.2.0
7f467c615000-7f467c624000 r-xp 00000000 08:05 2238765                    /usr/lib/x86_64-linux-gnu/libXi.so.6.1.0
7f467c624000-7f467c823000 ---p 0000f000 08:05 2238765                    /usr/lib/x86_64-linux-gnu/libXi.so.6.1.0
7f467c823000-7f467c824000 r--p 0000e000 08:05 2238765                    /usr/lib/x86_64-linux-gnu/libXi.so.6.1.0
7f467c824000-7f467c825000 rw-p 0000f000 08:05 2238765                    /usr/lib/x86_64-linux-gnu/libXi.so.6.1.0
7f467c825000-7f467c827000 r-xp 00000000 08:05 2238767                    /usr/lib/x86_64-linux-gnu/libXinerama.so.1.0.0
7f467c827000-7f467ca26000 ---p 00002000 08:05 2238767                    /usr/lib/x86_64-linux-gnu/libXinerama.so.1.0.0
7f467ca26000-7f467ca27000 r--p 00001000 08:05 2238767                    /usr/lib/x86_64-linux-gnu/libXinerama.so.1.0.0
7f467ca27000-7f467ca28000 rw-p 00002000 08:05 2238767                    /usr/lib/x86_64-linux-gnu/libXinerama.so.1.0.0
7f467ca28000-7f467ca31000 r-xp 00000000 08:05 2238777                    /usr/lib/x86_64-linux-gnu/libXrender.so.1.3.0
7f467ca31000-7f467cc30000 ---p 00009000 08:05 2238777                    /usr/lib/x86_64-linux-gnu/libXrender.so.1.3.0
7f467cc30000-7f467cc31000 r--p 00008000 08:05 2238777                    /usr/lib/x86_64-linux-gnu/libXrender.so.1.3.0
7f467cc31000-7f467cc32000 rw-p 00009000 08:05 2238777                    /usr/lib/x86_64-linux-gnu/libXrender.so.1.3.0
7f467cc32000-7f467cc37000 r-xp 00000000 08:05 2238759                    /usr/lib/x86_64-linux-gnu/libXfixes.so.3.1.0
7f467cc37000-7f467ce36000 ---p 00005000 08:05 2238759                    /usr/lib/x86_64-linux-gnu/libXfixes.so.3.1.0
7f467ce36000-7f467ce37000 r--p 00004000 08:05 2238759                    /usr/lib/x86_64-linux-gnu/libXfixes.so.3.1.0
7f467ce37000-7f467ce38000 rw-p 00005000 08:05 2238759                    /usr/lib/x86_64-linux-gnu/libXfixes.so.3.1.0
7f467ce38000-7f467ce4e000 r-xp 00000000 08:05 398654                     /lib/x86_64-linux-gnu/libgcc_s.so.1
7f467ce4e000-7f467d04d000 ---p 00016000 08:05 398654                     /lib/x86_64-linux-gnu/libgcc_s.so.1
7f467d04d000-7f467d04e000 r--p 00015000 08:05 398654                     /lib/x86_64-linux-gnu/libgcc_s.so.1
7f467d04e000-7f467d04f000 rw-p 00016000 08:05 398654                     /lib/x86_64-linux-gnu/libgcc_s.so.1
7f467d04f000-7f467d1c7000 r-xp 00000000 08:05 2239972                    /usr/lib/x86_64-linux-gnu/libstdc++.so.6.0.22
7f467d1c7000-7f467d3c7000 ---p 00178000 08:05 2239972                    /usr/lib/x86_64-linux-gnu/libstdc++.so.6.0.22
7f467d3c7000-7f467d3d1000 r--p 00178000 08:05 2239972                    /usr/lib/x86_64-linux-gnu/libstdc++.so.6.0.22
7f467d3d1000-7f467d3d3000 rw-p 00182000 08:05 2239972                    /usr/lib/x86_64-linux-gnu/libstdc++.so.6.0.22
7f467d3d3000-7f467d3d7000 rw-p 00000000 00:00 0 
7f467d3d7000-7f467d447000 r-xp 00000000 08:05 133030                     /usr/lib/x86_64-linux-gnu/mesa/libGL.so.1.2.0
7f467d447000-7f467d646000 ---p 00070000 08:05 133030                     /usr/lib/x86_64-linux-gnu/mesa/libGL.so.1.2.0
7f467d646000-7f467d649000 r--p 0006f000 08:05 133030                     /usr/lib/x86_64-linux-gnu/mesa/libGL.so.1.2.0
7f467d649000-7f467d64a000 rw-p 00072000 08:05 133030                     /usr/lib/x86_64-linux-gnu/mesa/libGL.so.1.2.0
7f467d64a000-7f467d64b000 rw-p 00000000 00:00 0 
7f467d64b000-7f467d650000 r-xp 00000000 08:05 2238793                    /usr/lib/x86_64-linux-gnu/libXxf86vm.so.1.0.0
7f467d650000-7f467d84f000 ---p 00005000 08:05 2238793                    /usr/lib/x86_64-linux-gnu/libXxf86vm.so.1.0.0
7f467d84f000-7f467d850000 r--p 00004000 08:05 2238793                    /usr/lib/x86_64-linux-gnu/libXxf86vm.so.1.0.0
7f467d850000-7f467d851000 rw-p 00005000 08:05 2238793                    /usr/lib/x86_64-linux-gnu/libXxf86vm.so.1.0.0
7f467d851000-7f467d986000 r-xp 00000000 08:05 2238740                    /usr/lib/x86_64-linux-gnu/libX11.so.6.3.0
7f467d986000-7f467db85000 ---p 00135000 08:05 2238740                    /usr/lib/x86_64-linux-gnu/libX11.so.6.3.0
7f467db85000-7f467db86000 r--p 00134000 08:05 2238740                    /usr/lib/x86_64-linux-gnu/libX11.so.6.3.0
7f467db86000-7f467db8a000 rw-p 00135000 08:05 2238740                    /usr/lib/x86_64-linux-gnu/libX11.so.6.3.0
7f467db8a000-7f467db8f000 r-xp 00000000 08:05 2238783                    /usr/lib/x86_64-linux-gnu/libXtst.so.6.1.0
7f467db8f000-7f467dd8e000 ---p 00005000 08:05 2238783                    /usr/lib/x86_64-linux-gnu/libXtst.so.6.1.0
7f467dd8e000-7f467dd8f000 r--p 00004000 08:05 2238783                    /usr/lib/x86_64-linux-gnu/libXtst.so.6.1.0
7f467dd8f000-7f467dd90000 rw-p 00005000 08:05 2238783                    /usr/lib/x86_64-linux-gnu/libXtst.so.6.1.0
7f467dd90000-7f467dea2000 r-xp 00000000 08:05 399763                     /lib/x86_64-linux-gnu/libglib-2.0.so.0.5000.2
7f467dea2000-7f467e0a1000 ---p 00112000 08:05 399763                     /lib/x86_64-linux-gnu/libglib-2.0.so.0.5000.2
7f467e0a1000-7f467e0a2000 r--p 00111000 08:05 399763                     /lib/x86_64-linux-gnu/libglib-2.0.so.0.5000.2
7f467e0a2000-7f467e0a3000 rw-p 00112000 08:05 399763                     /lib/x86_64-linux-gnu/libglib-2.0.so.0.5000.2
7f467e0a3000-7f467e0a4000 rw-p 00000000 00:00 0 
7f467e0a4000-7f467e0a5000 r-xp 00000000 08:05 2228686                    /usr/lib/x86_64-linux-gnu/libgthread-2.0.so.0.5000.2
7f467e0a5000-7f467e2a4000 ---p 00001000 08:05 2228686                    /usr/lib/x86_64-linux-gnu/libgthread-2.0.so.0.5000.2
7f467e2a4000-7f467e2a5000 r--p 00000000 08:05 2228686                    /usr/lib/x86_64-linux-gnu/libgthread-2.0.so.0.5000.2
7f467e2a5000-7f467e2a6000 rw-p 00001000 08:05 2228686                    /usr/lib/x86_64-linux-gnu/libgthread-2.0.so.0.5000.2
7f467e2a6000-7f467e2a9000 r-xp 00000000 08:05 2228661                    /usr/lib/x86_64-linux-gnu/libgmodule-2.0.so.0.5000.2
7f467e2a9000-7f467e4a8000 ---p 00003000 08:05 2228661                    /usr/lib/x86_64-linux-gnu/libgmodule-2.0.so.0.5000.2
7f467e4a8000-7f467e4a9000 r--p 00002000 08:05 2228661                    /usr/lib/x86_64-linux-gnu/libgmodule-2.0.so.0.5000.2
7f467e4a9000-7f467e4aa000 rw-p 00003000 08:05 2228661                    /usr/lib/x86_64-linux-gnu/libgmodule-2.0.so.0.5000.2
7f467e4aa000-7f467e4fc000 r-xp 00000000 08:05 2228683                    /usr/lib/x86_64-linux-gnu/libgobject-2.0.so.0.5000.2
7f467e4fc000-7f467e6fb000 ---p 00052000 08:05 2228683                    /usr/lib/x86_64-linux-gnu/libgobject-2.0.so.0.5000.2
7f467e6fb000-7f467e6fc000 r--p 00051000 08:05 2228683                    /usr/lib/x86_64-linux-gnu/libgobject-2.0.so.0.5000.2
7f467e6fc000-7f467e6fd000 rw-p 00052000 08:05 2228683                    /usr/lib/x86_64-linux-gnu/libgobject-2.0.so.0.5000.2
7f467e6fd000-7f467e73a000 r-xp 00000000 08:05 2239159                    /usr/lib/x86_64-linux-gnu/libfontconfig.so.1.9.0
7f467e73a000-7f467e939000 ---p 0003d000 08:05 2239159                    /usr/lib/x86_64-linux-gnu/libfontconfig.so.1.9.0
7f467e939000-7f467e93b000 r--p 0003c000 08:05 2239159                    /usr/lib/x86_64-linux-gnu/libfontconfig.so.1.9.0
7f467e93b000-7f467e940000 rw-p 0003e000 08:05 2239159                    /usr/lib/x86_64-linux-gnu/libfontconfig.so.1.9.0
7f467e940000-7f467e9e7000 r-xp 00000000 08:05 2229706                    /usr/lib/x86_64-linux-gnu/libfreetype.so.6.12.3
7f467e9e7000-7f467ebe6000 ---p 000a7000 08:05 2229706                    /usr/lib/x86_64-linux-gnu/libfreetype.so.6.12.3
7f467ebe6000-7f467ebec000 r--p 000a6000 08:05 2229706                    /usr/lib/x86_64-linux-gnu/libfreetype.so.6.12.3
7f467ebec000-7f467ebed000 rw-p 000ac000 08:05 2229706                    /usr/lib/x86_64-linux-gnu/libfreetype.so.6.12.3
7f467ebed000-7f467ec36000 r-xp 00000000 08:05 2239751                    /usr/lib/x86_64-linux-gnu/libpango-1.0.so.0.4000.1
7f467ec36000-7f467ee36000 ---p 00049000 08:05 2239751                    /usr/lib/x86_64-linux-gnu/libpango-1.0.so.0.4000.1
7f467ee36000-7f467ee38000 r--p 00049000 08:05 2239751                    /usr/lib/x86_64-linux-gnu/libpango-1.0.so.0.4000.1
7f467ee38000-7f467ee39000 rw-p 0004b000 08:05 2239751                    /usr/lib/x86_64-linux-gnu/libpango-1.0.so.0.4000.1
7f467ee39000-7f467ef47000 r-xp 00000000 08:05 2238910                    /usr/lib/x86_64-linux-gnu/libcairo.so.2.11400.6
7f467ef47000-7f467f146000 ---p 0010e000 08:05 2238910                    /usr/lib/x86_64-linux-gnu/libcairo.so.2.11400.6
7f467f146000-7f467f149000 r--p 0010d000 08:05 2238910                    /usr/lib/x86_64-linux-gnu/libcairo.so.2.11400.6
7f467f149000-7f467f14a000 rw-p 00110000 08:05 2238910                    /usr/lib/x86_64-linux-gnu/libcairo.so.2.11400.6
7f467f14a000-7f467f14c000 rw-p 00000000 00:00 0 
7f467f14c000-7f467f158000 r-xp 00000000 08:05 2239753                    /usr/lib/x86_64-linux-gnu/libpangocairo-1.0.so.0.4000.1
7f467f158000-7f467f357000 ---p 0000c000 08:05 2239753                    /usr/lib/x86_64-linux-gnu/libpangocairo-1.0.so.0.4000.1
7f467f357000-7f467f358000 r--p 0000b000 08:05 2239753                    /usr/lib/x86_64-linux-gnu/libpangocairo-1.0.so.0.4000.1
7f467f358000-7f467f359000 rw-p 0000c000 08:05 2239753                    /usr/lib/x86_64-linux-gnu/libpangocairo-1.0.so.0.4000.1
7f467f359000-7f467f37a000 r-xp 00000000 08:05 2239234                    /usr/lib/x86_64-linux-gnu/libgdk_pixbuf-2.0.so.0.3400.0
7f467f37a000-7f467f579000 ---p 00021000 08:05 2239234                    /usr/lib/x86_64-linux-gnu/libgdk_pixbuf-2.0.so.0.3400.0
7f467f579000-7f467f57a000 r--p 00020000 08:05 2239234                    /usr/lib/x86_64-linux-gnu/libgdk_pixbuf-2.0.so.0.3400.0
7f467f57a000-7f467f57b000 rw-p 00021000 08:05 2239234                    /usr/lib/x86_64-linux-gnu/libgdk_pixbuf-2.0.so.0.3400.0
7f467f57b000-7f467f58f000 r-xp 00000000 08:05 2239755                    /usr/lib/x86_64-linux-gnu/libpangoft2-1.0.so.0.4000.1
7f467f58f000-7f467f78f000 ---p 00014000 08:05 2239755                    /usr/lib/x86_64-linux-gnu/libpangoft2-1.0.so.0.4000.1
7f467f78f000-7f467f790000 r--p 00014000 08:05 2239755                    /usr/lib/x86_64-linux-gnu/libpangoft2-1.0.so.0.4000.1
7f467f790000-7f467f791000 rw-p 00015000 08:05 2239755                    /usr/lib/x86_64-linux-gnu/libpangoft2-1.0.so.0.4000.1
7f467f791000-7f467f91e000 r-xp 00000000 08:05 2228637                    /usr/lib/x86_64-linux-gnu/libgio-2.0.so.0.5000.2
7f467f91e000-7f467fb1d000 ---p 0018d000 08:05 2228637                    /usr/lib/x86_64-linux-gnu/libgio-2.0.so.0.5000.2
7f467fb1d000-7f467fb22000 r--p 0018c000 08:05 2228637                    /usr/lib/x86_64-linux-gnu/libgio-2.0.so.0.5000.2
7f467fb22000-7f467fb25000 rw-p 00191000 08:05 2228637                    /usr/lib/x86_64-linux-gnu/libgio-2.0.so.0.5000.2
7f467fb25000-7f467fb26000 rw-p 00000000 00:00 0 
7f467fb26000-7f467fb48000 r-xp 00000000 08:05 2238844                    /usr/lib/x86_64-linux-gnu/libatk-1.0.so.0.22009.1
7f467fb48000-7f467fd47000 ---p 00022000 08:05 2238844                    /usr/lib/x86_64-linux-gnu/libatk-1.0.so.0.22009.1
7f467fd47000-7f467fd4a000 r--p 00021000 08:05 2238844                    /usr/lib/x86_64-linux-gnu/libatk-1.0.so.0.22009.1
7f467fd4a000-7f467fd4b000 rw-p 00024000 08:05 2238844                    /usr/lib/x86_64-linux-gnu/libatk-1.0.so.0.22009.1
7f467fd4b000-7f467fdfb000 r-xp 00000000 08:05 2234326                    /usr/lib/x86_64-linux-gnu/libgdk-x11-2.0.so.0.2400.30
7f467fdfb000-7f467fffa000 ---p 000b0000 08:05 2234326                    /usr/lib/x86_64-linux-gnu/libgdk-x11-2.0.so.0.2400.30
7f467fffa000-7f467fffe000 r--p 000af000 08:05 2234326                    /usr/lib/x86_64-linux-gnu/libgdk-x11-2.0.so.0.2400.30
7f467fffe000-7f4680000000 rw-p 000b3000 08:05 2234326                    /usr/lib/x86_64-linux-gnu/libgdk-x11-2.0.so.0.2400.30
7f4680000000-7f468011d000 rw-p 00000000 00:00 0 
7f468011d000-7f4684000000 ---p 00000000 00:00 0 
7f4684000000-7f468425a000 rw-p 00000000 00:00 0 
7f468425a000-7f4688000000 ---p 00000000 00:00 0 
7f4688000000-7f4688021000 rw-p 00000000 00:00 0 
7f4688021000-7f468c000000 ---p 00000000 00:00 0 
7f468c000000-7f468c021000 rw-p 00000000 00:00 0 
7f468c021000-7f4690000000 ---p 00000000 00:00 0 
7f4690000000-7f4690021000 rw-p 00000000 00:00 0 
7f4690021000-7f4694000000 ---p 00000000 00:00 0 
7f4694000000-7f4694021000 rw-p 00000000 00:00 0 
7f4694021000-7f4698000000 ---p 00000000 00:00 0 
7f4698000000-7f4698021000 rw-p 00000000 00:00 0 
7f4698021000-7f469c000000 ---p 00000000 00:00 0 
7f469c000000-7f469c021000 rw-p 00000000 00:00 0 
7f469c021000-7f46a0000000 ---p 00000000 00:00 0 
7f46a0000000-7f46a0021000 rw-p 00000000 00:00 0 
7f46a0021000-7f46a4000000 ---p 00000000 00:00 0 
7f46a4000000-7f46a4021000 rw-p 00000000 00:00 0 
7f46a4021000-7f46a8000000 ---p 00000000 00:00 0 
7f46a8000000-7f46a8021000 rw-p 00000000 00:00 0 
7f46a8021000-7f46ac000000 ---p 00000000 00:00 0 
7f46ac000000-7f46ac021000 rw-p 00000000 00:00 0 
7f46ac021000-7f46b0000000 ---p 00000000 00:00 0 
7f46b0000000-7f46b0021000 rw-p 00000000 00:00 0 
7f46b0021000-7f46b4000000 ---p 00000000 00:00 0 
7f46b4000000-7f46b4001000 r--s 00000000 08:05 279311                     /var/cache/fontconfig/dc05db6664285cc2f12bf69c139ae4c3-le64.cache-6
7f46b4001000-7f46b4002000 r--s 00000000 08:05 276021                     /var/cache/fontconfig/4794a0821666d79190d59a36cb4f44b5-le64.cache-6
7f46b4002000-7f46b4003000 r--s 00000000 08:05 279274                     /var/cache/fontconfig/0bd3dc0958fa2205aaaa8ebb13e2872b-le64.cache-6
7f46b4003000-7f46b4004000 r--s 00000000 08:05 279304                     /var/cache/fontconfig/bab58bb527bb656aaa9f116d68a48d89-le64.cache-6
7f46b4004000-7f46b400a000 r--s 00000000 08:05 279280                     /var/cache/fontconfig/3047814df9a2f067bd2d96a2b9c36e5a-le64.cache-6
7f46b400a000-7f46b400b000 r--s 00000000 08:05 279288                     /var/cache/fontconfig/56cf4f4769d0f4abc89a4895d7bd3ae1-le64.cache-6
7f46b400b000-7f46b400c000 r--s 00000000 08:05 279303                     /var/cache/fontconfig/b9d506c9ac06c20b433354fa67a72993-le64.cache-6
7f46b400c000-7f46b4012000 r--s 00000000 08:05 279302                     /var/cache/fontconfig/b47c4e1ecd0709278f4910c18777a504-le64.cache-6
7f46b4012000-7f46b4016000 r--s 00000000 08:05 279309                     /var/cache/fontconfig/d589a48862398ed80a3d6066f4f56f4c-le64.cache-6
7f46b4016000-7f46b4061000 r--p 00000000 08:05 917522                     /usr/share/glib-2.0/schemas/gschemas.compiled
7f46b4061000-7f46b407f000 r-xp 00000000 08:05 398393                     /lib/x86_64-linux-gnu/libudev.so.1.6.5
7f46b407f000-7f46b4080000 ---p 0001e000 08:05 398393                     /lib/x86_64-linux-gnu/libudev.so.1.6.5
7f46b4080000-7f46b4081000 r--p 0001e000 08:05 398393                     /lib/x86_64-linux-gnu/libudev.so.1.6.5
7f46b4081000-7f46b4082000 rw-p 0001f000 08:05 398393                     /lib/x86_64-linux-gnu/libudev.so.1.6.5
7f46b4082000-7f46b44c0000 r-xp 00000000 08:05 2234327                    /usr/lib/x86_64-linux-gnu/libgtk-x11-2.0.so.0.2400.30
7f46b44c0000-7f46b46c0000 ---p 0043e000 08:05 2234327                    /usr/lib/x86_64-linux-gnu/libgtk-x11-2.0.so.0.2400.30
7f46b46c0000-7f46b46c7000 r--p 0043e000 08:05 2234327                    /usr/lib/x86_64-linux-gnu/libgtk-x11-2.0.so.0.2400.30
7f46b46c7000-7f46b46cb000 rw-p 00445000 08:05 2234327                    /usr/lib/x86_64-linux-gnu/libgtk-x11-2.0.so.0.2400.30
7f46b46cb000-7f46b46ce000 rw-p 00000000 00:00 0 
7f46b46ce000-7f46b46d9000 r--s 00000000 08:05 279296                     /var/cache/fontconfig/83bf95040141907cd45bb53cf7c1c148-le64.cache-6
7f46b46d9000-7f46b46eb000 r--s 00000000 08:05 279300                     /var/cache/fontconfig/9b89f8e3dae116d678bbf48e5f21f69b-le64.cache-6
7f46b46eb000-7f46b46f7000 r-xp 00000000 08:05 2243337                    /usr/lib/jvm/java-8-oracle/jre/lib/amd64/libprism_es2.so
7f46b46f7000-7f46b48f6000 ---p 0000c000 08:05 2243337                    /usr/lib/jvm/java-8-oracle/jre/lib/amd64/libprism_es2.so
7f46b48f6000-7f46b48f7000 rw-p 0000b000 08:05 2243337                    /usr/lib/jvm/java-8-oracle/jre/lib/amd64/libprism_es2.so
7f46b48f7000-7f46b48fa000 ---p 00000000 00:00 0 
7f46b48fa000-7f46b49f8000 rw-p 00000000 00:00 0 
7f46b49f8000-7f46b49fb000 ---p 00000000 00:00 0 
7f46b49fb000-7f46b4af9000 rw-p 00000000 00:00 0 
7f46b4af9000-7f46b4afc000 ---p 00000000 00:00 0 
7f46b4afc000-7f46b4bfa000 rw-p 00000000 00:00 0 
7f46b4bfa000-7f46b4c8f000 r--s 01109000 08:05 2243401                    /usr/lib/jvm/java-8-oracle/jre/lib/ext/jfxrt.jar
7f46b4c8f000-7f46b4c90000 ---p 00000000 00:00 0 
7f46b4c90000-7f46b4d90000 rw-p 00000000 00:00 0 
7f46b4d90000-7f46b4d93000 ---p 00000000 00:00 0 
7f46b4d93000-7f46b4e91000 rw-p 00000000 00:00 0 
7f46b4e91000-7f46b4e94000 ---p 00000000 00:00 0 
7f46b4e94000-7f46b4f92000 rw-p 00000000 00:00 0 
7f46b4f92000-7f46b4f95000 ---p 00000000 00:00 0 
7f46b4f95000-7f46b5093000 rw-p 00000000 00:00 0 
7f46b5093000-7f46b5096000 ---p 00000000 00:00 0 
7f46b5096000-7f46b5194000 rw-p 00000000 00:00 0 
7f46b5194000-7f46b5197000 ---p 00000000 00:00 0 
7f46b5197000-7f46b5295000 rw-p 00000000 00:00 0 
7f46b5295000-7f46b5298000 ---p 00000000 00:00 0 
7f46b5298000-7f46b5396000 rw-p 00000000 00:00 0 
7f46b5396000-7f46b5399000 ---p 00000000 00:00 0 
7f46b5399000-7f46b5497000 rw-p 00000000 00:00 0 
7f46b5497000-7f46b549b000 r-xp 00000000 08:05 2243366                    /usr/lib/jvm/java-8-oracle/jre/lib/amd64/libdt_socket.so
7f46b549b000-7f46b569a000 ---p 00004000 08:05 2243366                    /usr/lib/jvm/java-8-oracle/jre/lib/amd64/libdt_socket.so
7f46b569a000-7f46b569b000 rw-p 00003000 08:05 2243366                    /usr/lib/jvm/java-8-oracle/jre/lib/amd64/libdt_socket.so
7f46b569b000-7f46b569e000 ---p 00000000 00:00 0 
7f46b569e000-7f46b579c000 rw-p 00000000 00:00 0 
7f46b579c000-7f46b579f000 ---p 00000000 00:00 0 
7f46b579f000-7f46b589d000 rw-p 00000000 00:00 0 
7f46b589d000-7f46b58a0000 ---p 00000000 00:00 0 
7f46b58a0000-7f46b599e000 rw-p 00000000 00:00 0 
7f46b599e000-7f46b599f000 ---p 00000000 00:00 0 
7f46b599f000-7f46b6a81000 rw-p 00000000 00:00 0 
7f46b6a81000-7f46b6c5a000 r--s 03d3e000 08:05 2243317                    /usr/lib/jvm/java-8-oracle/jre/lib/rt.jar
7f46b6c5a000-7f46bb628000 rw-p 00000000 00:00 0 
7f46bb628000-7f46bb629000 ---p 00000000 00:00 0 
7f46bb629000-7f46bb729000 rw-p 00000000 00:00 0 
7f46bb729000-7f46bb72a000 ---p 00000000 00:00 0 
7f46bb72a000-7f46bb82a000 rw-p 00000000 00:00 0 
7f46bb82a000-7f46bb82b000 ---p 00000000 00:00 0 
7f46bb82b000-7f46bb955000 rw-p 00000000 00:00 0 
7f46bb955000-7f46bbbbb000 ---p 00000000 00:00 0 
7f46bbbbb000-7f46bbbe5000 rw-p 00000000 00:00 0 
7f46bbbe5000-7f46bbe4b000 ---p 00000000 00:00 0 
7f46bbe4b000-7f46bbe60000 rw-p 00000000 00:00 0 
7f46bbe60000-7f46bbf93000 ---p 00000000 00:00 0 
7f46bbf93000-7f46bbfa5000 rw-p 00000000 00:00 0 
7f46bbfa5000-7f46bc354000 ---p 00000000 00:00 0 
7f46bc354000-7f46bc764000 rwxp 00000000 00:00 0 
7f46bc764000-7f46cb354000 ---p 00000000 00:00 0 
7f46cb354000-7f46cb36e000 r-xp 00000000 08:05 2243348                    /usr/lib/jvm/java-8-oracle/jre/lib/amd64/libzip.so
7f46cb36e000-7f46cb56e000 ---p 0001a000 08:05 2243348                    /usr/lib/jvm/java-8-oracle/jre/lib/amd64/libzip.so
7f46cb56e000-7f46cb56f000 rw-p 0001a000 08:05 2243348                    /usr/lib/jvm/java-8-oracle/jre/lib/amd64/libzip.so
7f46cb56f000-7f46cb57a000 r-xp 00000000 08:05 409756                     /lib/x86_64-linux-gnu/libnss_files-2.24.so
7f46cb57a000-7f46cb779000 ---p 0000b000 08:05 409756                     /lib/x86_64-linux-gnu/libnss_files-2.24.so
7f46cb779000-7f46cb77a000 r--p 0000a000 08:05 409756                     /lib/x86_64-linux-gnu/libnss_files-2.24.so
7f46cb77a000-7f46cb77b000 rw-p 0000b000 08:05 409756                     /lib/x86_64-linux-gnu/libnss_files-2.24.so
7f46cb77b000-7f46cb781000 rw-p 00000000 00:00 0 
7f46cb781000-7f46cb78c000 r-xp 00000000 08:05 409758                     /lib/x86_64-linux-gnu/libnss_nis-2.24.so
7f46cb78c000-7f46cb98b000 ---p 0000b000 08:05 409758                     /lib/x86_64-linux-gnu/libnss_nis-2.24.so
7f46cb98b000-7f46cb98c000 r--p 0000a000 08:05 409758                     /lib/x86_64-linux-gnu/libnss_nis-2.24.so
7f46cb98c000-7f46cb98d000 rw-p 0000b000 08:05 409758                     /lib/x86_64-linux-gnu/libnss_nis-2.24.so
7f46cb98d000-7f46cb9a3000 r-xp 00000000 08:05 409753                     /lib/x86_64-linux-gnu/libnsl-2.24.so
7f46cb9a3000-7f46cbba2000 ---p 00016000 08:05 409753                     /lib/x86_64-linux-gnu/libnsl-2.24.so
7f46cbba2000-7f46cbba3000 r--p 00015000 08:05 409753                     /lib/x86_64-linux-gnu/libnsl-2.24.so
7f46cbba3000-7f46cbba4000 rw-p 00016000 08:05 409753                     /lib/x86_64-linux-gnu/libnsl-2.24.so
7f46cbba4000-7f46cbba6000 rw-p 00000000 00:00 0 
7f46cbba6000-7f46cc000000 r--p 00000000 08:05 2229872                    /usr/lib/locale/locale-archive
7f46cc000000-7f46cc19d000 rw-p 00000000 00:00 0 
7f46cc19d000-7f46d0000000 ---p 00000000 00:00 0 
7f46d0000000-7f46d0001000 r--s 00000000 08:05 279287                     /var/cache/fontconfig/551ecf3b0e8b0bca0f25c0944f561853-le64.cache-6
7f46d0001000-7f46d0002000 r--s 00000000 08:05 279284                     /var/cache/fontconfig/3f7329c5293ffd510edef78f73874cfd-le64.cache-6
7f46d0002000-7f46d0003000 r--s 00000000 08:05 279281                     /var/cache/fontconfig/30829fa25452a46451e813d634d7f916-le64.cache-6
7f46d0003000-7f46d0010000 r--s 00000000 08:05 282756                     /var/cache/fontconfig/e13b20fdb08344e0e664864cc2ede53d-le64.cache-6
7f46d0010000-7f46d0014000 r--s 00000000 08:05 276027                     /var/cache/fontconfig/7ef2298fde41cc6eeb7af42e48b7d293-le64.cache-6
7f46d0014000-7f46d001c000 rw-s 00000000 00:05 984468                     /drm mm object (deleted)
7f46d001c000-7f46d001d000 ---p 00000000 00:00 0 
7f46d001d000-7f46d011d000 rw-p 00000000 00:00 0 
7f46d011d000-7f46d0125000 r-xp 00000000 08:05 409754                     /lib/x86_64-linux-gnu/libnss_compat-2.24.so
7f46d0125000-7f46d0324000 ---p 00008000 08:05 409754                     /lib/x86_64-linux-gnu/libnss_compat-2.24.so
7f46d0324000-7f46d0325000 r--p 00007000 08:05 409754                     /lib/x86_64-linux-gnu/libnss_compat-2.24.so
7f46d0325000-7f46d0326000 rw-p 00008000 08:05 409754                     /lib/x86_64-linux-gnu/libnss_compat-2.24.so
7f46d0326000-7f46d0328000 r-xp 00000000 08:05 2243356                    /usr/lib/jvm/java-8-oracle/jre/lib/amd64/libnpt.so
7f46d0328000-7f46d0528000 ---p 00002000 08:05 2243356                    /usr/lib/jvm/java-8-oracle/jre/lib/amd64/libnpt.so
7f46d0528000-7f46d0529000 rw-p 00002000 08:05 2243356                    /usr/lib/jvm/java-8-oracle/jre/lib/amd64/libnpt.so
7f46d0529000-7f46d0562000 r-xp 00000000 08:05 2243322                    /usr/lib/jvm/java-8-oracle/jre/lib/amd64/libjdwp.so
7f46d0562000-7f46d0762000 ---p 00039000 08:05 2243322                    /usr/lib/jvm/java-8-oracle/jre/lib/amd64/libjdwp.so
7f46d0762000-7f46d0763000 rw-p 00039000 08:05 2243322                    /usr/lib/jvm/java-8-oracle/jre/lib/amd64/libjdwp.so
7f46d0763000-7f46d0764000 rw-p 00000000 00:00 0 
7f46d0764000-7f46d078f000 r-xp 00000000 08:05 2243375                    /usr/lib/jvm/java-8-oracle/jre/lib/amd64/libjava.so
7f46d078f000-7f46d098e000 ---p 0002b000 08:05 2243375                    /usr/lib/jvm/java-8-oracle/jre/lib/amd64/libjava.so
7f46d098e000-7f46d0990000 rw-p 0002a000 08:05 2243375                    /usr/lib/jvm/java-8-oracle/jre/lib/amd64/libjava.so
7f46d0990000-7f46d099d000 r-xp 00000000 08:05 2243326                    /usr/lib/jvm/java-8-oracle/jre/lib/amd64/libverify.so
7f46d099d000-7f46d0b9c000 ---p 0000d000 08:05 2243326                    /usr/lib/jvm/java-8-oracle/jre/lib/amd64/libverify.so
7f46d0b9c000-7f46d0b9e000 rw-p 0000c000 08:05 2243326                    /usr/lib/jvm/java-8-oracle/jre/lib/amd64/libverify.so
7f46d0b9e000-7f46d0ba5000 r-xp 00000000 08:05 409763                     /lib/x86_64-linux-gnu/librt-2.24.so
7f46d0ba5000-7f46d0da4000 ---p 00007000 08:05 409763                     /lib/x86_64-linux-gnu/librt-2.24.so
7f46d0da4000-7f46d0da5000 r--p 00006000 08:05 409763                     /lib/x86_64-linux-gnu/librt-2.24.so
7f46d0da5000-7f46d0da6000 rw-p 00007000 08:05 409763                     /lib/x86_64-linux-gnu/librt-2.24.so
7f46d0da6000-7f46d0eae000 r-xp 00000000 08:05 409750                     /lib/x86_64-linux-gnu/libm-2.24.so
7f46d0eae000-7f46d10ad000 ---p 00108000 08:05 409750                     /lib/x86_64-linux-gnu/libm-2.24.so
7f46d10ad000-7f46d10ae000 r--p 00107000 08:05 409750                     /lib/x86_64-linux-gnu/libm-2.24.so
7f46d10ae000-7f46d10af000 rw-p 00108000 08:05 409750                     /lib/x86_64-linux-gnu/libm-2.24.so
7f46d10af000-7f46d1d7d000 r-xp 00000000 08:05 2243379                    /usr/lib/jvm/java-8-oracle/jre/lib/amd64/server/libjvm.so
7f46d1d7d000-7f46d1f7d000 ---p 00cce000 08:05 2243379                    /usr/lib/jvm/java-8-oracle/jre/lib/amd64/server/libjvm.so
7f46d1f7d000-7f46d2056000 rw-p 00cce000 08:05 2243379                    /usr/lib/jvm/java-8-oracle/jre/lib/amd64/server/libjvm.so
7f46d2056000-7f46d20a1000 rw-p 00000000 00:00 0 
7f46d20a1000-7f46d225e000 r-xp 00000000 08:05 409746                     /lib/x86_64-linux-gnu/libc-2.24.so
7f46d225e000-7f46d245e000 ---p 001bd000 08:05 409746                     /lib/x86_64-linux-gnu/libc-2.24.so
7f46d245e000-7f46d2462000 r--p 001bd000 08:05 409746                     /lib/x86_64-linux-gnu/libc-2.24.so
7f46d2462000-7f46d2464000 rw-p 001c1000 08:05 409746                     /lib/x86_64-linux-gnu/libc-2.24.so
7f46d2464000-7f46d2468000 rw-p 00000000 00:00 0 
7f46d2468000-7f46d246b000 r-xp 00000000 08:05 409749                     /lib/x86_64-linux-gnu/libdl-2.24.so
7f46d246b000-7f46d266a000 ---p 00003000 08:05 409749                     /lib/x86_64-linux-gnu/libdl-2.24.so
7f46d266a000-7f46d266b000 r--p 00002000 08:05 409749                     /lib/x86_64-linux-gnu/libdl-2.24.so
7f46d266b000-7f46d266c000 rw-p 00003000 08:05 409749                     /lib/x86_64-linux-gnu/libdl-2.24.so
7f46d266c000-7f46d2681000 r-xp 00000000 08:05 2242460                    /usr/lib/jvm/java-8-oracle/lib/amd64/jli/libjli.so
7f46d2681000-7f46d2881000 ---p 00015000 08:05 2242460                    /usr/lib/jvm/java-8-oracle/lib/amd64/jli/libjli.so
7f46d2881000-7f46d2882000 rw-p 00015000 08:05 2242460                    /usr/lib/jvm/java-8-oracle/lib/amd64/jli/libjli.so
7f46d2882000-7f46d289a000 r-xp 00000000 08:05 409761                     /lib/x86_64-linux-gnu/libpthread-2.24.so
7f46d289a000-7f46d2a9a000 ---p 00018000 08:05 409761                     /lib/x86_64-linux-gnu/libpthread-2.24.so
7f46d2a9a000-7f46d2a9b000 r--p 00018000 08:05 409761                     /lib/x86_64-linux-gnu/libpthread-2.24.so
7f46d2a9b000-7f46d2a9c000 rw-p 00019000 08:05 409761                     /lib/x86_64-linux-gnu/libpthread-2.24.so
7f46d2a9c000-7f46d2aa0000 rw-p 00000000 00:00 0 
7f46d2aa0000-7f46d2ac5000 r-xp 00000000 08:05 409742                     /lib/x86_64-linux-gnu/ld-2.24.so
7f46d2ac5000-7f46d2ac8000 r--s 00000000 08:05 279293                     /var/cache/fontconfig/75114ca45c98e8a441da0ff356701271-le64.cache-6
7f46d2ac8000-7f46d2ad0000 rw-s 00000000 00:05 984456                     /drm mm object (deleted)
7f46d2ad0000-7f46d2ad6000 r--p 00000000 08:05 549835                     /home/daan/.config/dconf/user
7f46d2ad6000-7f46d2ba1000 rw-p 00000000 00:00 0 
7f46d2ba1000-7f46d2ba4000 ---p 00000000 00:00 0 
7f46d2ba4000-7f46d2ca4000 rw-p 00000000 00:00 0 
7f46d2ca4000-7f46d2ca5000 r--s 00000000 08:05 279275                     /var/cache/fontconfig/0c9eb80ebd1c36541ebe2852d3bb0c49-le64.cache-6
7f46d2ca6000-7f46d2ca7000 rw-s 101065000 00:06 391                       /dev/dri/card0
7f46d2ca7000-7f46d2ca8000 r--s 00000000 00:2f 60                         /run/user/1000/dconf/user
7f46d2ca8000-7f46d2cb0000 rw-s 00000000 00:05 981952                     /drm mm object (deleted)
7f46d2cb0000-7f46d2cb7000 r--s 00000000 08:05 148080                     /usr/lib/x86_64-linux-gnu/gconv/gconv-modules.cache
7f46d2cb7000-7f46d2cbf000 rw-s 00000000 08:05 1311284                    /tmp/hsperfdata_daan/3741
7f46d2cbf000-7f46d2cc0000 rw-p 00000000 00:00 0 
7f46d2cc0000-7f46d2cc1000 r--p 00000000 00:00 0 
7f46d2cc1000-7f46d2cc4000 rw-p 00000000 00:00 0 
7f46d2cc4000-7f46d2cc5000 r--p 00024000 08:05 409742                     /lib/x86_64-linux-gnu/ld-2.24.so
7f46d2cc5000-7f46d2cc6000 rw-p 00025000 08:05 409742                     /lib/x86_64-linux-gnu/ld-2.24.so
7f46d2cc6000-7f46d2cc7000 rw-p 00000000 00:00 0 
7fff0330f000-7fff03330000 rw-p 00000000 00:00 0                          [stack]
7fff0339f000-7fff033a1000 r--p 00000000 00:00 0                          [vvar]
7fff033a1000-7fff033a3000 r-xp 00000000 00:00 0                          [vdso]
ffffffffff600000-ffffffffff601000 r-xp 00000000 00:00 0                  [vsyscall]

VM Arguments:
jvm_args: -agentlib:jdwp=transport=dt_socket,suspend=y,address=localhost:36387 -Dfile.encoding=UTF-8 
java_command: application.Main
java_class_path (initial): /home/daan/git/IntegrationProject/IntegrationProject/bin:/home/daan/.p2/pool/plugins/org.junit_4.12.0.v201504281640/junit.jar:/home/daan/.p2/pool/plugins/org.hamcrest.core_1.3.0.v201303031735.jar:/home/daan/git/IntegrationProject/IntegrationProject/commons-codec-1.10.jar
Launcher Type: SUN_STANDARD

Environment Variables:
JAVA_HOME=/usr/lib/jvm/java-8-oracle
PATH=/home/daan/bin:/home/daan/.local/bin:/usr/local/sbin:/usr/local/bin:/usr/sbin:/usr/bin:/sbin:/bin:/usr/games:/usr/local/games:/snap/bin:/usr/lib/jvm/java-8-oracle/bin:/usr/lib/jvm/java-8-oracle/db/bin:/usr/lib/jvm/java-8-oracle/jre/bin
SHELL=/bin/bash
DISPLAY=:0

Signal Handlers:
SIGSEGV: [libjvm.so+0xac78c0], sa_mask[0]=11111111011111111101111111111110, sa_flags=SA_RESTART|SA_SIGINFO
SIGBUS: [libjvm.so+0xac78c0], sa_mask[0]=11111111011111111101111111111110, sa_flags=SA_RESTART|SA_SIGINFO
SIGFPE: [libjvm.so+0x920ac0], sa_mask[0]=11111111011111111101111111111110, sa_flags=SA_RESTART|SA_SIGINFO
SIGPIPE: SIG_IGN, sa_mask[0]=00000000000010000000000000000000, sa_flags=SA_RESTART
SIGXFSZ: [libjvm.so+0x920ac0], sa_mask[0]=11111111011111111101111111111110, sa_flags=SA_RESTART|SA_SIGINFO
SIGILL: [libjvm.so+0x920ac0], sa_mask[0]=11111111011111111101111111111110, sa_flags=SA_RESTART|SA_SIGINFO
SIGUSR1: SIG_DFL, sa_mask[0]=00000000000000000000000000000000, sa_flags=none
SIGUSR2: [libjvm.so+0x922300], sa_mask[0]=00100000000000000000000000000000, sa_flags=SA_RESTART|SA_SIGINFO
SIGHUP: [libjvm.so+0x923700], sa_mask[0]=11111111011111111101111111111110, sa_flags=SA_RESTART|SA_SIGINFO
SIGINT: [libjvm.so+0x923700], sa_mask[0]=11111111011111111101111111111110, sa_flags=SA_RESTART|SA_SIGINFO
SIGTERM: [libjvm.so+0x923700], sa_mask[0]=11111111011111111101111111111110, sa_flags=SA_RESTART|SA_SIGINFO
SIGQUIT: [libjvm.so+0x923700], sa_mask[0]=11111111011111111101111111111110, sa_flags=SA_RESTART|SA_SIGINFO


---------------  S Y S T E M  ---------------

OS:DISTRIB_ID=Ubuntu
DISTRIB_RELEASE=16.10
DISTRIB_CODENAME=yakkety
DISTRIB_DESCRIPTION="Ubuntu 16.10"

uname:Linux 4.8.0-46-generic #49-Ubuntu SMP Fri Mar 31 13:57:14 UTC 2017 x86_64
libc:glibc 2.24 NPTL 2.24 
rlimit: STACK 8192k, CORE 0k, NPROC 30976, NOFILE 4096, AS infinity
load average:1,32 1,00 0,95

/proc/meminfo:
MemTotal:        8054864 kB
MemFree:          131384 kB
MemAvailable:    2399428 kB
Buffers:          141240 kB
Cached:          3029964 kB
SwapCached:            0 kB
Active:          5329556 kB
Inactive:        2240376 kB
Active(anon):    4400152 kB
Inactive(anon):   754748 kB
Active(file):     929404 kB
Inactive(file):  1485628 kB
Unevictable:         128 kB
Mlocked:             128 kB
SwapTotal:       8268796 kB
SwapFree:        8268796 kB
Dirty:               272 kB
Writeback:             0 kB
AnonPages:       4299896 kB
Mapped:           726740 kB
Shmem:            756176 kB
Slab:             205876 kB
SReclaimable:     145080 kB
SUnreclaim:        60796 kB
KernelStack:       13664 kB
PageTables:        62740 kB
NFS_Unstable:          0 kB
Bounce:                0 kB
WritebackTmp:          0 kB
CommitLimit:    12296228 kB
Committed_AS:   10569248 kB
VmallocTotal:   34359738367 kB
VmallocUsed:           0 kB
VmallocChunk:          0 kB
HardwareCorrupted:     0 kB
AnonHugePages:   2443264 kB
ShmemHugePages:        0 kB
ShmemPmdMapped:        0 kB
CmaTotal:              0 kB
CmaFree:               0 kB
HugePages_Total:       0
HugePages_Free:        0
HugePages_Rsvd:        0
HugePages_Surp:        0
Hugepagesize:       2048 kB
DirectMap4k:      239184 kB
DirectMap2M:     8030208 kB
DirectMap1G:           0 kB


CPU:total 4 (2 cores per cpu, 2 threads per core) family 6 model 78 stepping 3, cmov, cx8, fxsr, mmx, sse, sse2, sse3, ssse3, sse4.1, sse4.2, popcnt, avx, avx2, aes, clmul, erms, 3dnowpref, lzcnt, ht, tsc, tscinvbit, bmi1, bmi2, adx

/proc/cpuinfo:
processor	: 0
vendor_id	: GenuineIntel
cpu family	: 6
model		: 78
model name	: Intel(R) Core(TM) i5-6200U CPU @ 2.30GHz
stepping	: 3
microcode	: 0x9e
cpu MHz		: 2700.000
cache size	: 3072 KB
physical id	: 0
siblings	: 4
core id		: 0
cpu cores	: 2
apicid		: 0
initial apicid	: 0
fpu		: yes
fpu_exception	: yes
cpuid level	: 22
wp		: yes
flags		: fpu vme de pse tsc msr pae mce cx8 apic sep mtrr pge mca cmov pat pse36 clflush dts acpi mmx fxsr sse sse2 ss ht tm pbe syscall nx pdpe1gb rdtscp lm constant_tsc art arch_perfmon pebs bts rep_good nopl xtopology nonstop_tsc aperfmperf eagerfpu pni pclmulqdq dtes64 monitor ds_cpl vmx est tm2 ssse3 sdbg fma cx16 xtpr pdcm pcid sse4_1 sse4_2 x2apic movbe popcnt tsc_deadline_timer aes xsave avx f16c rdrand lahf_lm abm 3dnowprefetch epb intel_pt tpr_shadow vnmi flexpriority ept vpid fsgsbase tsc_adjust bmi1 avx2 smep bmi2 erms invpcid mpx rdseed adx smap clflushopt xsaveopt xsavec xgetbv1 xsaves dtherm ida arat pln pts hwp hwp_notify hwp_act_window hwp_epp
bugs		:
bogomips	: 4800.00
clflush size	: 64
cache_alignment	: 64
address sizes	: 39 bits physical, 48 bits virtual
power management:

processor	: 1
vendor_id	: GenuineIntel
cpu family	: 6
model		: 78
model name	: Intel(R) Core(TM) i5-6200U CPU @ 2.30GHz
stepping	: 3
microcode	: 0x9e
cpu MHz		: 2699.853
cache size	: 3072 KB
physical id	: 0
siblings	: 4
core id		: 1
cpu cores	: 2
apicid		: 2
initial apicid	: 2
fpu		: yes
fpu_exception	: yes
cpuid level	: 22
wp		: yes
flags		: fpu vme de pse tsc msr pae mce cx8 apic sep mtrr pge mca cmov pat pse36 clflush dts acpi mmx fxsr sse sse2 ss ht tm pbe syscall nx pdpe1gb rdtscp lm constant_tsc art arch_perfmon pebs bts rep_good nopl xtopology nonstop_tsc aperfmperf eagerfpu pni pclmulqdq dtes64 monitor ds_cpl vmx est tm2 ssse3 sdbg fma cx16 xtpr pdcm pcid sse4_1 sse4_2 x2apic movbe popcnt tsc_deadline_timer aes xsave avx f16c rdrand lahf_lm abm 3dnowprefetch epb intel_pt tpr_shadow vnmi flexpriority ept vpid fsgsbase tsc_adjust bmi1 avx2 smep bmi2 erms invpcid mpx rdseed adx smap clflushopt xsaveopt xsavec xgetbv1 xsaves dtherm ida arat pln pts hwp hwp_notify hwp_act_window hwp_epp
bugs		:
bogomips	: 4800.00
clflush size	: 64
cache_alignment	: 64
address sizes	: 39 bits physical, 48 bits virtual
power management:

processor	: 2
vendor_id	: GenuineIntel
cpu family	: 6
model		: 78
model name	: Intel(R) Core(TM) i5-6200U CPU @ 2.30GHz
stepping	: 3
microcode	: 0x9e
cpu MHz		: 2700.000
cache size	: 3072 KB
physical id	: 0
siblings	: 4
core id		: 0
cpu cores	: 2
apicid		: 1
initial apicid	: 1
fpu		: yes
fpu_exception	: yes
cpuid level	: 22
wp		: yes
flags		: fpu vme de pse tsc msr pae mce cx8 apic sep mtrr pge mca cmov pat pse36 clflush dts acpi mmx fxsr sse sse2 ss ht tm pbe syscall nx pdpe1gb rdtscp lm constant_tsc art arch_perfmon pebs bts rep_good nopl xtopology nonstop_tsc aperfmperf eagerfpu pni pclmulqdq dtes64 monitor ds_cpl vmx est tm2 ssse3 sdbg fma cx16 xtpr pdcm pcid sse4_1 sse4_2 x2apic movbe popcnt tsc_deadline_timer aes xsave avx f16c rdrand lahf_lm abm 3dnowprefetch epb intel_pt tpr_shadow vnmi flexpriority ept vpid fsgsbase tsc_adjust bmi1 avx2 smep bmi2 erms invpcid mpx rdseed adx smap clflushopt xsaveopt xsavec xgetbv1 xsaves dtherm ida arat pln pts hwp hwp_notify hwp_act_window hwp_epp
bugs		:
bogomips	: 4800.00
clflush size	: 64
cache_alignment	: 64
address sizes	: 39 bits physical, 48 bits virtual
power management:

processor	: 3
vendor_id	: GenuineIntel
cpu family	: 6
model		: 78
model name	: Intel(R) Core(TM) i5-6200U CPU @ 2.30GHz
stepping	: 3
microcode	: 0x9e
cpu MHz		: 2700.000
cache size	: 3072 KB
physical id	: 0
siblings	: 4
core id		: 1
cpu cores	: 2
apicid		: 3
initial apicid	: 3
fpu		: yes
fpu_exception	: yes
cpuid level	: 22
wp		: yes
flags		: fpu vme de pse tsc msr pae mce cx8 apic sep mtrr pge mca cmov pat pse36 clflush dts acpi mmx fxsr sse sse2 ss ht tm pbe syscall nx pdpe1gb rdtscp lm constant_tsc art arch_perfmon pebs bts rep_good nopl xtopology nonstop_tsc aperfmperf eagerfpu pni pclmulqdq dtes64 monitor ds_cpl vmx est tm2 ssse3 sdbg fma cx16 xtpr pdcm pcid sse4_1 sse4_2 x2apic movbe popcnt tsc_deadline_timer aes xsave avx f16c rdrand lahf_lm abm 3dnowprefetch epb intel_pt tpr_shadow vnmi flexpriority ept vpid fsgsbase tsc_adjust bmi1 avx2 smep bmi2 erms invpcid mpx rdseed adx smap clflushopt xsaveopt xsavec xgetbv1 xsaves dtherm ida arat pln pts hwp hwp_notify hwp_act_window hwp_epp
bugs		:
bogomips	: 4800.00
clflush size	: 64
cache_alignment	: 64
address sizes	: 39 bits physical, 48 bits virtual
power management:



Memory: 4k page, physical 8054864k(131384k free), swap 8268796k(8268796k free)

vm_info: Java HotSpot(TM) 64-Bit Server VM (25.121-b13) for linux-amd64 JRE (1.8.0_121-b13), built on Dec 12 2016 16:36:53 by "java_re" with gcc 4.3.0 20080428 (Red Hat 4.3.0-8)

time: Tue Apr 18 15:38:40 2017
elapsed time: 2 seconds (0d 0h 0m 2s)

