#
# A fatal error has been detected by the Java Runtime Environment:
#
#  SIGSEGV (0xb) at pc=0x00007f7ed0b818f8, pid=15168, tid=0x00007f7e65b24700
#
# JRE version: Java(TM) SE Runtime Environment (8.0_121-b13) (build 1.8.0_121-b13)
# Java VM: Java HotSpot(TM) 64-Bit Server VM (25.121-b13 mixed mode linux-amd64 compressed oops)
# Problematic frame:
# V  [libjvm.so+0x6d28f8]  jni_invoke_nonstatic(JNIEnv_*, JavaValue*, _jobject*, JNICallType, _jmethodID*, JNI_ArgumentPusher*, Thread*)+0x38
#
# Failed to write core dump. Core dumps have been disabled. To enable core dumping, try "ulimit -c unlimited" before starting Java again
#
# If you would like to submit a bug report, please visit:
#   http://bugreport.java.com/bugreport/crash.jsp
#

---------------  T H R E A D  ---------------

Current thread (0x00007f7e78103800):  JavaThread "JavaFX Application Thread" [_thread_in_vm, id=15195, stack(0x00007f7e65a24000,0x00007f7e65b25000)]

siginfo: si_signo: 11 (SIGSEGV), si_code: 1 (SEGV_MAPERR), si_addr: 0x00007f7e00000000

Registers:
RAX=0x00007f7e65b23440, RBX=0x00007f7e65b23350, RCX=0x0000000000000001, RDX=0x00007f7e00000000
RSP=0x00007f7e65b231a0, RBP=0x00007f7e65b23320, RSI=0x00007f7e65b233b0, RDI=0x00007f7e781039f8
R8 =0x00007f7e7804bf98, R9 =0x00007f7e65b23350, R10=0x00007f7e54000af8, R11=0x00007f7ebc2cae60
R12=0x00007f7e78103800, R13=0x00007f7e7804bf98, R14=0x0000000000000001, R15=0x00007f7e781039f8
RIP=0x00007f7ed0b818f8, EFLAGS=0x0000000000010206, CSGSFS=0x002b000000000033, ERR=0x0000000000000004
  TRAPNO=0x000000000000000e

Top of Stack: (sp=0x00007f7e65b231a0)
0x00007f7e65b231a0:   00007f7e65b238a0 00007f7e65b234c0
0x00007f7e65b231b0:   00007f7e65b23200 00007f7e65b23280
0x00007f7e65b231c0:   00007f7e65b23350 00007f7e65b233b0
0x00007f7e65b231d0:   00007f7e781039f8 00007f7ed0ba1400
0x00007f7e65b231e0:   00007f7e88071aa0 00007f7e88071ab0
0x00007f7e65b231f0:   00007f7e88071e88 00000000000003d8
0x00007f7e65b23200:   0000000000000000 00000000d8206a78
0x00007f7e65b23210:   00007f7e0000006f 00007f7e0000000a
0x00007f7e65b23220:   00000000d8956cc8 0000000000000000
0x00007f7e65b23230:   0000000000000000 0000000000000000
0x00007f7e65b23240:   00007f7ebabb77b0 0000000100000100
0x00007f7e65b23250:   0000000000000000 00007f7e65b23208
0x00007f7e65b23260:   00007f7e65b23249 0000000800000005
0x00007f7e65b23270:   0000000000000000 00007f7e780c9c00
0x00007f7e65b23280:   00007f7ed140f510 00007f7ed1efd720
0x00007f7e65b23290:   00000000780c9b80 00007f7e78103800
0x00007f7e65b232a0:   0000000000000000 00007f7ed0b81ccb
0x00007f7e65b232b0:   00007f7ebabc1860 00007f7e78103800
0x00007f7e65b232c0:   00007f7ebabc1860 00007f7e78103800
0x00007f7e65b232d0:   00007f7e65b23460 00007f7ebabc1860
0x00007f7e65b232e0:   00007f7ebabc1860 00007f7ebabc1860
0x00007f7e65b232f0:   00007f7e88071aa0 00007f7e65b23350
0x00007f7e65b23300:   00007f7e78103800 00007f7e65b23390
0x00007f7e65b23310:   00007f7e7804bf98 00007f7e781039f8
0x00007f7e65b23320:   00007f7e65b23410 00007f7ed0b8609f
0x00007f7e65b23330:   00007f7e78103800 00007f7eab791ff4
0x00007f7e65b23340:   00007f7e65b23428 00007f7e00000000
0x00007f7e65b23350:   00007f7ed1410170 00007f7ed1efd720
0x00007f7e65b23360:   0000000065b233d0 618b2e1800000063
0x00007f7e65b23370:   0000000000000000 0000003000000018
0x00007f7e65b23380:   00007f7e65b23500 00007f7e65b23440
0x00007f7e65b23390:   00007f7e78103800 0000000000000000 

Instructions: (pc=0x00007f7ed0b818f8)
0x00007f7ed0b818d8:   00 00 48 85 d2 48 89 bd b0 fe ff ff 48 89 b5 a8
0x00007f7ed0b818e8:   fe ff ff 4c 89 8d a0 fe ff ff 0f 84 78 09 00 00
0x00007f7ed0b818f8:   4c 8b 22 4d 85 e4 0f 84 6c 09 00 00 48 8b 45 10
0x00007f7ed0b81908:   48 8b 98 38 01 00 00 48 83 7b 18 f7 0f 87 16 07 

Register to memory mapping:

RAX=0x00007f7e65b23440 is pointing into the stack for thread: 0x00007f7e78103800
RBX=0x00007f7e65b23350 is pointing into the stack for thread: 0x00007f7e78103800
RCX=0x0000000000000001 is an unknown value
RDX=0x00007f7e00000000 is an unknown value
RSP=0x00007f7e65b231a0 is pointing into the stack for thread: 0x00007f7e78103800
RBP=0x00007f7e65b23320 is pointing into the stack for thread: 0x00007f7e78103800
RSI=0x00007f7e65b233b0 is pointing into the stack for thread: 0x00007f7e78103800
RDI=0x00007f7e781039f8 is an unknown value
R8 =0x00007f7e7804bf98 is an unknown value
R9 =0x00007f7e65b23350 is pointing into the stack for thread: 0x00007f7e78103800
R10=0x00007f7e54000af8 is an unknown value
R11=0x00007f7ebc2cae60 is at entry_point+32 in (nmethod*)0x00007f7ebc2cacd0
R12=0x00007f7e78103800 is a thread
R13=0x00007f7e7804bf98 is an unknown value
R14=0x0000000000000001 is an unknown value
R15=0x00007f7e781039f8 is an unknown value


Stack: [0x00007f7e65a24000,0x00007f7e65b25000],  sp=0x00007f7e65b231a0,  free space=1020k
Native frames: (J=compiled Java code, j=interpreted, Vv=VM code, C=native code)
V  [libjvm.so+0x6d28f8]  jni_invoke_nonstatic(JNIEnv_*, JavaValue*, _jobject*, JNICallType, _jmethodID*, JNI_ArgumentPusher*, Thread*)+0x38
V  [libjvm.so+0x6d709f]  jni_CallVoidMethodV+0x10f
C  [libglass.so+0x13e51]  JNIEnv_::CallVoidMethod(_jobject*, _jmethodID*, ...)+0x81
C  [libglass.so+0x1876f]  WindowContextBase::process_key(_GdkEventKey*)+0x20f
C  [libglass.so+0x15fe0]  WindowContextBase::im_filter_keypress(_GdkEventKey*)+0x1c0
C  [libglass.so+0x20a3c]  process_events(_GdkEvent*, void*)+0x22c
C  [libgdk-x11-2.0.so.0+0x5acdc]

Java frames: (J=compiled Java code, j=interpreted, Vv=VM code)
j  com.sun.glass.ui.gtk.GtkApplication._runLoop(Ljava/lang/Runnable;Z)V+0
j  com.sun.glass.ui.gtk.GtkApplication.lambda$null$49(Ljava/lang/Runnable;Z)V+7
j  com.sun.glass.ui.gtk.GtkApplication$$Lambda$43.run()V+12
j  java.lang.Thread.run()V+11
v  ~StubRoutines::call_stub

---------------  P R O C E S S  ---------------

Java Threads: ( => current thread )
  0x00007f7ecc00a000 JavaThread "DestroyJavaVM" [_thread_blocked, id=15172, stack(0x00007f7ed1fa1000,0x00007f7ed20a2000)]
  0x00007f7ecc10f800 JavaThread "Thread-5" [_thread_blocked, id=15198, stack(0x00007f7e643b6000,0x00007f7e644b7000)]
  0x00007f7ecc10e000 JavaThread "Thread-4" [_thread_in_native, id=15197, stack(0x00007f7e644b7000,0x00007f7e645b8000)]
  0x00007f7e541a2000 JavaThread "Prism Font Disposer" daemon [_thread_blocked, id=15196, stack(0x00007f7e64fcd000,0x00007f7e650ce000)]
=>0x00007f7e78103800 JavaThread "JavaFX Application Thread" [_thread_in_vm, id=15195, stack(0x00007f7e65a24000,0x00007f7e65b25000)]
  0x00007f7e780c6800 JavaThread "Thread-3" daemon [_thread_blocked, id=15194, stack(0x00007f7ea80ed000,0x00007f7ea81ee000)]
  0x00007f7e7803f000 JavaThread "QuantumRenderer-0" daemon [_thread_blocked, id=15190, stack(0x00007f7eb83ca000,0x00007f7eb84cb000)]
  0x00007f7e74080000 JavaThread "JavaFX-Launcher" [_thread_blocked, id=15189, stack(0x00007f7eb84cb000,0x00007f7eb85cc000)]
  0x00007f7ecc130000 JavaThread "Thread-0" [_thread_blocked, id=15188, stack(0x00007f7eb85cc000,0x00007f7eb86cd000)]
  0x00007f7ecc0c1000 JavaThread "Service Thread" daemon [_thread_blocked, id=15186, stack(0x00007f7eb8863000,0x00007f7eb8964000)]
  0x00007f7ecc0be000 JavaThread "C1 CompilerThread2" daemon [_thread_in_vm, id=15185, stack(0x00007f7eb8964000,0x00007f7eb8a65000)]
  0x00007f7ecc0bc800 JavaThread "C2 CompilerThread1" daemon [_thread_blocked, id=15184, stack(0x00007f7eb8a65000,0x00007f7eb8b66000)]
  0x00007f7ecc0b9800 JavaThread "C2 CompilerThread0" daemon [_thread_in_native, id=15183, stack(0x00007f7eb8b66000,0x00007f7eb8c67000)]
  0x00007f7ecc0b8000 JavaThread "Signal Dispatcher" daemon [_thread_blocked, id=15182, stack(0x00007f7eb8c67000,0x00007f7eb8d68000)]
  0x00007f7ecc084000 JavaThread "Finalizer" daemon [_thread_blocked, id=15181, stack(0x00007f7eb91c2000,0x00007f7eb92c3000)]
  0x00007f7ecc07f800 JavaThread "Reference Handler" daemon [_thread_blocked, id=15180, stack(0x00007f7eb92c3000,0x00007f7eb93c4000)]

Other Threads:
  0x00007f7ecc077800 VMThread [stack: 0x00007f7eb93c4000,0x00007f7eb94c5000] [id=15179]
  0x00007f7ecc0c4000 WatcherThread [stack: 0x00007f7eb8762000,0x00007f7eb8863000] [id=15187]

VM state:not at safepoint (normal execution)

VM Mutex/Monitor currently owned by a thread:  ([mutex/lock_event])
[0x00007f7ecc006a70] Compile_lock - owner thread: 0x00007f7ecc0be000

Heap:
 PSYoungGen      total 36864K, used 10938K [0x00000000d7000000, 0x00000000d9900000, 0x0000000100000000)
  eden space 31744K, 18% used [0x00000000d7000000,0x00000000d75afea0,0x00000000d8f00000)
  from space 5120K, 99% used [0x00000000d8f00000,0x00000000d93feae0,0x00000000d9400000)
  to   space 5120K, 0% used [0x00000000d9400000,0x00000000d9400000,0x00000000d9900000)
 ParOldGen       total 84992K, used 652K [0x0000000085000000, 0x000000008a300000, 0x00000000d7000000)
  object space 84992K, 0% used [0x0000000085000000,0x00000000850a3028,0x000000008a300000)
 Metaspace       used 14829K, capacity 15670K, committed 15744K, reserved 1062912K
  class space    used 2211K, capacity 2420K, committed 2432K, reserved 1048576K

Card table byte_map: [0x00007f7ebb7ca000,0x00007f7ebbba3000] byte_map_base: 0x00007f7ebb3a2000

Marking Bits: (ParMarkBitMap*) 0x00007f7ed1473c80
 Begin Bits: [0x00007f7eb0280000, 0x00007f7eb2140000)
 End Bits:   [0x00007f7eb2140000, 0x00007f7eb4000000)

Polling page: 0x00007f7ed20c0000

CodeCache: size=245760Kb used=4286Kb max_used=4286Kb free=241473Kb
 bounds [0x00007f7ebbf63000, 0x00007f7ebc3a3000, 0x00007f7ecaf63000]
 total_blobs=1963 nmethods=1336 adapters=538
 compilation: enabled

Compilation events (10 events):
Event: 4,358 Thread 0x00007f7ecc0be000 1330       1       javafx.scene.Parent::access$100 (5 bytes)
Event: 4,358 Thread 0x00007f7ecc0be000 nmethod 1330 0x00007f7ebc38dc90 code [0x00007f7ebc38dde0, 0x00007f7ebc38ded0]
Event: 4,358 Thread 0x00007f7ecc0be000 1327       1       javafx.scene.Parent::access$1000 (5 bytes)
Event: 4,358 Thread 0x00007f7ecc0be000 nmethod 1327 0x00007f7ebc38d9d0 code [0x00007f7ebc38db20, 0x00007f7ebc38dc10]
Event: 4,358 Thread 0x00007f7ecc0be000 1324       1       javafx.scene.layout.BackgroundFill::getRadii (5 bytes)
Event: 4,358 Thread 0x00007f7ecc0be000 nmethod 1324 0x00007f7ebc38d710 code [0x00007f7ebc38d860, 0x00007f7ebc38d970]
Event: 4,358 Thread 0x00007f7ecc0b9800 1325       4       java.util.HashMap::put (13 bytes)
Event: 4,360 Thread 0x00007f7ecc0be000 1336       3       javafx.scene.Parent::requestParentLayout (28 bytes)
Event: 4,361 Thread 0x00007f7ecc0be000 nmethod 1336 0x00007f7ebc38cc90 code [0x00007f7ebc38ce40, 0x00007f7ebc38d538]
Event: 4,361 Thread 0x00007f7ecc0be000 1340       3       javafx.scene.Parent::setLayoutFlag (32 bytes)

GC Heap History (2 events):
Event: 4,146 GC heap before
{Heap before GC invocations=1 (full 0):
 PSYoungGen      total 36864K, used 31409K [0x00000000d7000000, 0x00000000d9900000, 0x0000000100000000)
  eden space 31744K, 98% used [0x00000000d7000000,0x00000000d8eac758,0x00000000d8f00000)
  from space 5120K, 0% used [0x00000000d9400000,0x00000000d9400000,0x00000000d9900000)
  to   space 5120K, 0% used [0x00000000d8f00000,0x00000000d8f00000,0x00000000d9400000)
 ParOldGen       total 84992K, used 0K [0x0000000085000000, 0x000000008a300000, 0x00000000d7000000)
  object space 84992K, 0% used [0x0000000085000000,0x0000000085000000,0x000000008a300000)
 Metaspace       used 13922K, capacity 14622K, committed 14848K, reserved 1062912K
  class space    used 2056K, capacity 2248K, committed 2304K, reserved 1048576K
Event: 4,154 GC heap after
Heap after GC invocations=1 (full 0):
 PSYoungGen      total 36864K, used 5114K [0x00000000d7000000, 0x00000000d9900000, 0x0000000100000000)
  eden space 31744K, 0% used [0x00000000d7000000,0x00000000d7000000,0x00000000d8f00000)
  from space 5120K, 99% used [0x00000000d8f00000,0x00000000d93feae0,0x00000000d9400000)
  to   space 5120K, 0% used [0x00000000d9400000,0x00000000d9400000,0x00000000d9900000)
 ParOldGen       total 84992K, used 652K [0x0000000085000000, 0x000000008a300000, 0x00000000d7000000)
  object space 84992K, 0% used [0x0000000085000000,0x00000000850a3028,0x000000008a300000)
 Metaspace       used 13922K, capacity 14622K, committed 14848K, reserved 1062912K
  class space    used 2056K, capacity 2248K, committed 2304K, reserved 1048576K
}

Deoptimization events (10 events):
Event: 1,160 Thread 0x00007f7e78103800 Uncommon trap: reason=class_check action=maybe_recompile pc=0x00007f7ebc18d934 method=java.io.DataInputStream.readShort()S @ 4
Event: 1,166 Thread 0x00007f7e78103800 Uncommon trap: reason=class_check action=maybe_recompile pc=0x00007f7ebc078b38 method=java.lang.String.equals(Ljava/lang/Object;)Z @ 8
Event: 1,167 Thread 0x00007f7e78103800 Uncommon trap: reason=class_check action=maybe_recompile pc=0x00007f7ebc078b38 method=java.lang.String.equals(Ljava/lang/Object;)Z @ 8
Event: 1,167 Thread 0x00007f7e78103800 Uncommon trap: reason=class_check action=maybe_recompile pc=0x00007f7ebc078b38 method=java.lang.String.equals(Ljava/lang/Object;)Z @ 8
Event: 1,236 Thread 0x00007f7e78103800 Uncommon trap: reason=class_check action=maybe_recompile pc=0x00007f7ebc078b38 method=java.lang.String.equals(Ljava/lang/Object;)Z @ 8
Event: 1,311 Thread 0x00007f7e78103800 Uncommon trap: reason=unstable_if action=reinterpret pc=0x00007f7ebc1edca8 method=sun.net.www.ParseUtil.encodePath(Ljava/lang/String;Z)Ljava/lang/String; @ 109
Event: 1,408 Thread 0x00007f7e78103800 Uncommon trap: reason=unstable_if action=reinterpret pc=0x00007f7ebc247ca4 method=jdk.internal.org.objectweb.asm.Type.getArgumentsAndReturnSizes(Ljava/lang/String;)I @ 47
Event: 4,175 Thread 0x00007f7e78103800 Uncommon trap: reason=unstable_if action=reinterpret pc=0x00007f7ebc2c8c34 method=java.lang.StrictMath.floorOrCeil(DDDD)D @ 38
Event: 4,253 Thread 0x00007f7e78103800 Uncommon trap: reason=unstable_if action=reinterpret pc=0x00007f7ebc12e524 method=java.lang.String.indexOf([CII[CIII)I @ 3
Event: 4,357 Thread 0x00007f7e78103800 Uncommon trap: reason=unstable_if action=reinterpret pc=0x00007f7ebc10ae6c method=java.lang.String.startsWith(Ljava/lang/String;I)Z @ 25

Internal exceptions (10 events):
Event: 0,187 Thread 0x00007f7ecc130000 Exception <a 'java/lang/NoSuchFieldError': method resolution failed> (0x00000000d733f518) thrown at [/HUDSON3/workspace/8-2-build-linux-amd64/jdk8u121/8372/hotspot/src/share/vm/prims/methodHandles.cpp, line 1146]
Event: 0,215 Thread 0x00007f7e74080000 Exception <a 'java/security/PrivilegedActionException'> (0x00000000d74037f8) thrown at [/HUDSON3/workspace/8-2-build-linux-amd64/jdk8u121/8372/hotspot/src/share/vm/prims/jvm.cpp, line 1390]
Event: 0,215 Thread 0x00007f7e74080000 Exception <a 'java/security/PrivilegedActionException'> (0x00000000d7403a08) thrown at [/HUDSON3/workspace/8-2-build-linux-amd64/jdk8u121/8372/hotspot/src/share/vm/prims/jvm.cpp, line 1390]
Event: 0,215 Thread 0x00007f7e74080000 Exception <a 'java/security/PrivilegedActionException'> (0x00000000d7405e70) thrown at [/HUDSON3/workspace/8-2-build-linux-amd64/jdk8u121/8372/hotspot/src/share/vm/prims/jvm.cpp, line 1390]
Event: 0,215 Thread 0x00007f7e74080000 Exception <a 'java/security/PrivilegedActionException'> (0x00000000d7406080) thrown at [/HUDSON3/workspace/8-2-build-linux-amd64/jdk8u121/8372/hotspot/src/share/vm/prims/jvm.cpp, line 1390]
Event: 0,215 Thread 0x00007f7e74080000 Exception <a 'java/lang/NullPointerException'> (0x00000000d7406658) thrown at [/HUDSON3/workspace/8-2-build-linux-amd64/jdk8u121/8372/hotspot/src/share/vm/interpreter/linkResolver.cpp, line 1178]
Event: 0,465 Thread 0x00007f7e78103800 Exception <a 'java/lang/NullPointerException'> (0x00000000d7af3a90) thrown at [/HUDSON3/workspace/8-2-build-linux-amd64/jdk8u121/8372/hotspot/src/share/vm/interpreter/linkResolver.cpp, line 1178]
Event: 0,465 Thread 0x00007f7e78103800 Exception <a 'java/lang/NullPointerException'> (0x00000000d7af3a90) thrown at [/HUDSON3/workspace/8-2-build-linux-amd64/jdk8u121/8372/hotspot/src/share/vm/prims/jvm.cpp, line 1394]
Event: 0,622 Thread 0x00007f7e78103800 Implicit null exception at 0x00007f7ebc1a72b5 to 0x00007f7ebc1a7491
Event: 4,176 Thread 0x00007f7e78103800 Exception <a 'java/io/FileNotFoundException'> (0x00000000d72993a0) thrown at [/HUDSON3/workspace/8-2-build-linux-amd64/jdk8u121/8372/hotspot/src/share/vm/prims/jni.cpp, line 709]

Events (10 events):
Event: 4,319 loading class com/sun/javafx/effect/EffectDirtyBits done
Event: 4,321 loading class javafx/scene/shape/SVGPath$1
Event: 4,321 loading class javafx/scene/shape/SVGPath$1 done
Event: 4,321 loading class javafx/scene/shape/SVGPath$2
Event: 4,321 loading class javafx/scene/shape/SVGPath$2 done
Event: 4,321 loading class com/sun/javafx/sg/prism/NGSVGPath
Event: 4,321 loading class com/sun/javafx/sg/prism/NGSVGPath done
Event: 4,357 Thread 0x00007f7e78103800 Uncommon trap: trap_request=0xffffff65 fr.pc=0x00007f7ebc10ae6c
Event: 4,357 Thread 0x00007f7e78103800 DEOPT PACKING pc=0x00007f7ebc10ae6c sp=0x00007f7e65b204a0
Event: 4,357 Thread 0x00007f7e78103800 DEOPT UNPACKING pc=0x00007f7ebbf68229 sp=0x00007f7e65b20438 mode 2


Dynamic libraries:
00400000-00401000 r-xp 00000000 08:05 2243241                            /usr/lib/jvm/java-8-oracle/bin/java
00600000-00601000 rw-p 00000000 08:05 2243241                            /usr/lib/jvm/java-8-oracle/bin/java
00b6c000-00b8d000 rw-p 00000000 00:00 0                                  [heap]
85000000-8a300000 rw-p 00000000 00:00 0 
8a300000-d7000000 ---p 00000000 00:00 0 
d7000000-d9900000 rw-p 00000000 00:00 0 
d9900000-100000000 ---p 00000000 00:00 0 
100000000-100260000 rw-p 00000000 00:00 0 
100260000-140000000 ---p 00000000 00:00 0 
7f7e40000000-7f7e40021000 rw-p 00000000 00:00 0 
7f7e40021000-7f7e44000000 ---p 00000000 00:00 0 
7f7e48000000-7f7e48021000 rw-p 00000000 00:00 0 
7f7e48021000-7f7e4c000000 ---p 00000000 00:00 0 
7f7e4c000000-7f7e4c021000 rw-p 00000000 00:00 0 
7f7e4c021000-7f7e50000000 ---p 00000000 00:00 0 
7f7e50000000-7f7e50021000 rw-p 00000000 00:00 0 
7f7e50021000-7f7e54000000 ---p 00000000 00:00 0 
7f7e54000000-7f7e544d3000 rw-p 00000000 00:00 0 
7f7e544d3000-7f7e58000000 ---p 00000000 00:00 0 
7f7e58000000-7f7e58021000 rw-p 00000000 00:00 0 
7f7e58021000-7f7e5c000000 ---p 00000000 00:00 0 
7f7e5c000000-7f7e5c022000 rw-p 00000000 00:00 0 
7f7e5c022000-7f7e60000000 ---p 00000000 00:00 0 
7f7e60000000-7f7e60021000 rw-p 00000000 00:00 0 
7f7e60021000-7f7e64000000 ---p 00000000 00:00 0 
7f7e643b2000-7f7e643b6000 r--s 0009a000 08:05 2243269                    /usr/lib/jvm/java-8-oracle/jre/lib/jsse.jar
7f7e643b6000-7f7e643b9000 ---p 00000000 00:00 0 
7f7e643b9000-7f7e644b7000 rw-p 00000000 00:00 0 
7f7e644b7000-7f7e644ba000 ---p 00000000 00:00 0 
7f7e644ba000-7f7e646b8000 rw-p 00000000 00:00 0 
7f7e646b8000-7f7e647b8000 ---p 00000000 00:00 0 
7f7e647b8000-7f7e647ce000 r-xp 00000000 08:05 2243325                    /usr/lib/jvm/java-8-oracle/jre/lib/amd64/libnet.so
7f7e647ce000-7f7e649ce000 ---p 00016000 08:05 2243325                    /usr/lib/jvm/java-8-oracle/jre/lib/amd64/libnet.so
7f7e649ce000-7f7e649cf000 rw-p 00016000 08:05 2243325                    /usr/lib/jvm/java-8-oracle/jre/lib/amd64/libnet.so
7f7e649cf000-7f7e64a2f000 rw-s 00000000 00:05 437500                     /drm mm object (deleted)
7f7e64a2f000-7f7e64a3d000 rw-s 00000000 00:05 437499                     /drm mm object (deleted)
7f7e64a3d000-7f7e64bfd000 rw-s 102bdc000 00:06 391                       /dev/dri/card0
7f7e64bfd000-7f7e64dbd000 rw-s 00000000 00:05 437492                     /drm mm object (deleted)
7f7e64dbd000-7f7e64dcd000 rw-s 00000000 00:05 437496                     /drm mm object (deleted)
7f7e64dcd000-7f7e64fcd000 rw-p 00000000 00:00 0 
7f7e64fcd000-7f7e64fd0000 ---p 00000000 00:00 0 
7f7e64fd0000-7f7e650ce000 rw-p 00000000 00:00 0 
7f7e650ce000-7f7e65187000 r--p 00000000 08:05 918436                     /usr/share/fonts/truetype/dejavu/DejaVuSans.ttf
7f7e65187000-7f7e651c3000 r--p 00000000 08:05 2243419                    /usr/lib/jvm/java-8-oracle/jre/lib/fonts/LucidaTypewriterRegular.ttf
7f7e651c3000-7f7e65218000 r--p 00000000 08:05 2243416                    /usr/lib/jvm/java-8-oracle/jre/lib/fonts/LucidaBrightRegular.ttf
7f7e65218000-7f7e6521c000 r-xp 00000000 08:05 2243362                    /usr/lib/jvm/java-8-oracle/jre/lib/amd64/libjavafx_font_pango.so
7f7e6521c000-7f7e6541b000 ---p 00004000 08:05 2243362                    /usr/lib/jvm/java-8-oracle/jre/lib/amd64/libjavafx_font_pango.so
7f7e6541b000-7f7e6541c000 rw-p 00003000 08:05 2243362                    /usr/lib/jvm/java-8-oracle/jre/lib/amd64/libjavafx_font_pango.so
7f7e6541c000-7f7e6561c000 rw-p 00000000 00:00 0 
7f7e6561c000-7f7e65621000 r-xp 00000000 08:05 2243358                    /usr/lib/jvm/java-8-oracle/jre/lib/amd64/libjavafx_font_freetype.so
7f7e65621000-7f7e65820000 ---p 00005000 08:05 2243358                    /usr/lib/jvm/java-8-oracle/jre/lib/amd64/libjavafx_font_freetype.so
7f7e65820000-7f7e65821000 rw-p 00004000 08:05 2243358                    /usr/lib/jvm/java-8-oracle/jre/lib/amd64/libjavafx_font_freetype.so
7f7e65821000-7f7e65824000 r-xp 00000000 08:05 2243320                    /usr/lib/jvm/java-8-oracle/jre/lib/amd64/libjavafx_font.so
7f7e65824000-7f7e65a23000 ---p 00003000 08:05 2243320                    /usr/lib/jvm/java-8-oracle/jre/lib/amd64/libjavafx_font.so
7f7e65a23000-7f7e65a24000 rw-p 00002000 08:05 2243320                    /usr/lib/jvm/java-8-oracle/jre/lib/amd64/libjavafx_font.so
7f7e65a24000-7f7e65a27000 ---p 00000000 00:00 0 
7f7e65a27000-7f7e65b25000 rw-p 00000000 00:00 0 
7f7e65b25000-7f7e65b26000 ---p 00000000 00:00 0 
7f7e65b26000-7f7e66326000 rw-p 00000000 00:00 0 
7f7e66326000-7f7e66327000 ---p 00000000 00:00 0 
7f7e66327000-7f7e66b27000 rw-p 00000000 00:00 0 
7f7e66b27000-7f7e66b28000 ---p 00000000 00:00 0 
7f7e66b28000-7f7e67328000 rw-p 00000000 00:00 0 
7f7e67328000-7f7e67334000 r-xp 00000000 08:05 133762                     /usr/lib/x86_64-linux-gnu/gio/modules/libdconfsettings.so
7f7e67334000-7f7e67533000 ---p 0000c000 08:05 133762                     /usr/lib/x86_64-linux-gnu/gio/modules/libdconfsettings.so
7f7e67533000-7f7e67534000 r--p 0000b000 08:05 133762                     /usr/lib/x86_64-linux-gnu/gio/modules/libdconfsettings.so
7f7e67534000-7f7e67535000 rw-p 0000c000 08:05 133762                     /usr/lib/x86_64-linux-gnu/gio/modules/libdconfsettings.so
7f7e67535000-7f7e6753c000 r-xp 00000000 08:05 2239720                    /usr/lib/x86_64-linux-gnu/libogg.so.0.8.2
7f7e6753c000-7f7e6773c000 ---p 00007000 08:05 2239720                    /usr/lib/x86_64-linux-gnu/libogg.so.0.8.2
7f7e6773c000-7f7e6773d000 r--p 00007000 08:05 2239720                    /usr/lib/x86_64-linux-gnu/libogg.so.0.8.2
7f7e6773d000-7f7e6773e000 rw-p 00008000 08:05 2239720                    /usr/lib/x86_64-linux-gnu/libogg.so.0.8.2
7f7e6773e000-7f7e67768000 r-xp 00000000 08:05 2240153                    /usr/lib/x86_64-linux-gnu/libvorbis.so.0.4.8
7f7e67768000-7f7e67968000 ---p 0002a000 08:05 2240153                    /usr/lib/x86_64-linux-gnu/libvorbis.so.0.4.8
7f7e67968000-7f7e67969000 r--p 0002a000 08:05 2240153                    /usr/lib/x86_64-linux-gnu/libvorbis.so.0.4.8
7f7e67969000-7f7e6796a000 rw-p 0002b000 08:05 2240153                    /usr/lib/x86_64-linux-gnu/libvorbis.so.0.4.8
7f7e6796a000-7f7e67972000 r-xp 00000000 08:05 2239564                    /usr/lib/x86_64-linux-gnu/libltdl.so.7.3.1
7f7e67972000-7f7e67b72000 ---p 00008000 08:05 2239564                    /usr/lib/x86_64-linux-gnu/libltdl.so.7.3.1
7f7e67b72000-7f7e67b73000 r--p 00008000 08:05 2239564                    /usr/lib/x86_64-linux-gnu/libltdl.so.7.3.1
7f7e67b73000-7f7e67b74000 rw-p 00009000 08:05 2239564                    /usr/lib/x86_64-linux-gnu/libltdl.so.7.3.1
7f7e67b74000-7f7e67b88000 r-xp 00000000 08:05 2239986                    /usr/lib/x86_64-linux-gnu/libtdb.so.1.3.9
7f7e67b88000-7f7e67d87000 ---p 00014000 08:05 2239986                    /usr/lib/x86_64-linux-gnu/libtdb.so.1.3.9
7f7e67d87000-7f7e67d88000 r--p 00013000 08:05 2239986                    /usr/lib/x86_64-linux-gnu/libtdb.so.1.3.9
7f7e67d88000-7f7e67d89000 rw-p 00014000 08:05 2239986                    /usr/lib/x86_64-linux-gnu/libtdb.so.1.3.9
7f7e67d89000-7f7e67d90000 r-xp 00000000 08:05 2240157                    /usr/lib/x86_64-linux-gnu/libvorbisfile.so.3.3.7
7f7e67d90000-7f7e67f90000 ---p 00007000 08:05 2240157                    /usr/lib/x86_64-linux-gnu/libvorbisfile.so.3.3.7
7f7e67f90000-7f7e67f91000 r--p 00007000 08:05 2240157                    /usr/lib/x86_64-linux-gnu/libvorbisfile.so.3.3.7
7f7e67f91000-7f7e67f92000 rw-p 00008000 08:05 2240157                    /usr/lib/x86_64-linux-gnu/libvorbisfile.so.3.3.7
7f7e67f92000-7f7e67fa2000 r-xp 00000000 08:05 2238920                    /usr/lib/x86_64-linux-gnu/libcanberra.so.0.2.5
7f7e67fa2000-7f7e681a2000 ---p 00010000 08:05 2238920                    /usr/lib/x86_64-linux-gnu/libcanberra.so.0.2.5
7f7e681a2000-7f7e681a3000 r--p 00010000 08:05 2238920                    /usr/lib/x86_64-linux-gnu/libcanberra.so.0.2.5
7f7e681a3000-7f7e681a4000 rw-p 00011000 08:05 2238920                    /usr/lib/x86_64-linux-gnu/libcanberra.so.0.2.5
7f7e681a4000-7f7e681a8000 r-xp 00000000 08:05 2238916                    /usr/lib/x86_64-linux-gnu/libcanberra-gtk.so.0.1.9
7f7e681a8000-7f7e683a7000 ---p 00004000 08:05 2238916                    /usr/lib/x86_64-linux-gnu/libcanberra-gtk.so.0.1.9
7f7e683a7000-7f7e683a8000 r--p 00003000 08:05 2238916                    /usr/lib/x86_64-linux-gnu/libcanberra-gtk.so.0.1.9
7f7e683a8000-7f7e683a9000 rw-p 00004000 08:05 2238916                    /usr/lib/x86_64-linux-gnu/libcanberra-gtk.so.0.1.9
7f7e683a9000-7f7e683ae000 r-xp 00000000 08:05 133969                     /usr/lib/x86_64-linux-gnu/gtk-2.0/modules/libcanberra-gtk-module.so
7f7e683ae000-7f7e685ad000 ---p 00005000 08:05 133969                     /usr/lib/x86_64-linux-gnu/gtk-2.0/modules/libcanberra-gtk-module.so
7f7e685ad000-7f7e685ae000 r--p 00004000 08:05 133969                     /usr/lib/x86_64-linux-gnu/gtk-2.0/modules/libcanberra-gtk-module.so
7f7e685ae000-7f7e685af000 rw-p 00005000 08:05 133969                     /usr/lib/x86_64-linux-gnu/gtk-2.0/modules/libcanberra-gtk-module.so
7f7e685af000-7f7e685df000 r-xp 00000000 08:05 133951                     /usr/lib/x86_64-linux-gnu/gtk-2.0/2.10.0/engines/libmurrine.so
7f7e685df000-7f7e687df000 ---p 00030000 08:05 133951                     /usr/lib/x86_64-linux-gnu/gtk-2.0/2.10.0/engines/libmurrine.so
7f7e687df000-7f7e687e0000 r--p 00030000 08:05 133951                     /usr/lib/x86_64-linux-gnu/gtk-2.0/2.10.0/engines/libmurrine.so
7f7e687e0000-7f7e687e1000 rw-p 00031000 08:05 133951                     /usr/lib/x86_64-linux-gnu/gtk-2.0/2.10.0/engines/libmurrine.so
7f7e687e1000-7f7e687f1000 r-xp 00000000 08:05 2240079                    /usr/lib/x86_64-linux-gnu/libunity-gtk2-parser.so.0.0.0
7f7e687f1000-7f7e689f1000 ---p 00010000 08:05 2240079                    /usr/lib/x86_64-linux-gnu/libunity-gtk2-parser.so.0.0.0
7f7e689f1000-7f7e689f2000 r--p 00010000 08:05 2240079                    /usr/lib/x86_64-linux-gnu/libunity-gtk2-parser.so.0.0.0
7f7e689f2000-7f7e689f3000 rw-p 00011000 08:05 2240079                    /usr/lib/x86_64-linux-gnu/libunity-gtk2-parser.so.0.0.0
7f7e689f3000-7f7e689f8000 r-xp 00000000 08:05 133973                     /usr/lib/x86_64-linux-gnu/gtk-2.0/modules/libunity-gtk-module.so
7f7e689f8000-7f7e68bf7000 ---p 00005000 08:05 133973                     /usr/lib/x86_64-linux-gnu/gtk-2.0/modules/libunity-gtk-module.so
7f7e68bf7000-7f7e68bf8000 r--p 00004000 08:05 133973                     /usr/lib/x86_64-linux-gnu/gtk-2.0/modules/libunity-gtk-module.so
7f7e68bf8000-7f7e68bf9000 rw-p 00005000 08:05 133973                     /usr/lib/x86_64-linux-gnu/gtk-2.0/modules/libunity-gtk-module.so
7f7e68bf9000-7f7e68c1b000 r-xp 00000000 08:05 398679                     /lib/x86_64-linux-gnu/liblzma.so.5.0.0
7f7e68c1b000-7f7e68e1a000 ---p 00022000 08:05 398679                     /lib/x86_64-linux-gnu/liblzma.so.5.0.0
7f7e68e1a000-7f7e68e1b000 r--p 00021000 08:05 398679                     /lib/x86_64-linux-gnu/liblzma.so.5.0.0
7f7e68e1b000-7f7e68e1c000 rw-p 00022000 08:05 398679                     /lib/x86_64-linux-gnu/liblzma.so.5.0.0
7f7e68e1c000-7f7e68e66000 r-xp 00000000 08:05 399570                     /lib/x86_64-linux-gnu/libdbus-1.so.3.14.7
7f7e68e66000-7f7e69066000 ---p 0004a000 08:05 399570                     /lib/x86_64-linux-gnu/libdbus-1.so.3.14.7
7f7e69066000-7f7e69067000 r--p 0004a000 08:05 399570                     /lib/x86_64-linux-gnu/libdbus-1.so.3.14.7
7f7e69067000-7f7e69068000 rw-p 0004b000 08:05 399570                     /lib/x86_64-linux-gnu/libdbus-1.so.3.14.7
7f7e69068000-7f7e69094000 r-xp 00000000 08:05 2238852                    /usr/lib/x86_64-linux-gnu/libatspi.so.0.0.1
7f7e69094000-7f7e69293000 ---p 0002c000 08:05 2238852                    /usr/lib/x86_64-linux-gnu/libatspi.so.0.0.1
7f7e69293000-7f7e69296000 r--p 0002b000 08:05 2238852                    /usr/lib/x86_64-linux-gnu/libatspi.so.0.0.1
7f7e69296000-7f7e69297000 rw-p 0002e000 08:05 2238852                    /usr/lib/x86_64-linux-gnu/libatspi.so.0.0.1
7f7e69297000-7f7e692c4000 r-xp 00000000 08:05 2238846                    /usr/lib/x86_64-linux-gnu/libatk-bridge-2.0.so.0.0.0
7f7e692c4000-7f7e694c3000 ---p 0002d000 08:05 2238846                    /usr/lib/x86_64-linux-gnu/libatk-bridge-2.0.so.0.0.0
7f7e694c3000-7f7e694c4000 r--p 0002c000 08:05 2238846                    /usr/lib/x86_64-linux-gnu/libatk-bridge-2.0.so.0.0.0
7f7e694c4000-7f7e694c6000 rw-p 0002d000 08:05 2238846                    /usr/lib/x86_64-linux-gnu/libatk-bridge-2.0.so.0.0.0
7f7e694c6000-7f7e694c7000 r-xp 00000000 08:05 133968                     /usr/lib/x86_64-linux-gnu/gtk-2.0/modules/libatk-bridge.so
7f7e694c7000-7f7e696c6000 ---p 00001000 08:05 133968                     /usr/lib/x86_64-linux-gnu/gtk-2.0/modules/libatk-bridge.so
7f7e696c6000-7f7e696c7000 r--p 00000000 08:05 133968                     /usr/lib/x86_64-linux-gnu/gtk-2.0/modules/libatk-bridge.so
7f7e696c7000-7f7e696c8000 rw-p 00001000 08:05 133968                     /usr/lib/x86_64-linux-gnu/gtk-2.0/modules/libatk-bridge.so
7f7e696c8000-7f7e696cf000 r-xp 00000000 08:05 2228785                    /usr/lib/x86_64-linux-gnu/libgailutil.so.18.0.1
7f7e696cf000-7f7e698ce000 ---p 00007000 08:05 2228785                    /usr/lib/x86_64-linux-gnu/libgailutil.so.18.0.1
7f7e698ce000-7f7e698cf000 r--p 00006000 08:05 2228785                    /usr/lib/x86_64-linux-gnu/libgailutil.so.18.0.1
7f7e698cf000-7f7e698d0000 rw-p 00007000 08:05 2228785                    /usr/lib/x86_64-linux-gnu/libgailutil.so.18.0.1
7f7e698d0000-7f7e6991e000 r-xp 00000000 08:05 132695                     /usr/lib/x86_64-linux-gnu/gtk-2.0/modules/libgail.so
7f7e6991e000-7f7e69b1d000 ---p 0004e000 08:05 132695                     /usr/lib/x86_64-linux-gnu/gtk-2.0/modules/libgail.so
7f7e69b1d000-7f7e69b1e000 r--p 0004d000 08:05 132695                     /usr/lib/x86_64-linux-gnu/gtk-2.0/modules/libgail.so
7f7e69b1e000-7f7e69b20000 rw-p 0004e000 08:05 132695                     /usr/lib/x86_64-linux-gnu/gtk-2.0/modules/libgail.so
7f7e69b20000-7f7e69b31000 r-xp 00000000 08:05 132122                     /usr/lib/x86_64-linux-gnu/gtk-2.0/modules/liboverlay-scrollbar.so
7f7e69b31000-7f7e69d31000 ---p 00011000 08:05 132122                     /usr/lib/x86_64-linux-gnu/gtk-2.0/modules/liboverlay-scrollbar.so
7f7e69d31000-7f7e69d32000 r--p 00011000 08:05 132122                     /usr/lib/x86_64-linux-gnu/gtk-2.0/modules/liboverlay-scrollbar.so
7f7e69d32000-7f7e69d33000 rw-p 00012000 08:05 132122                     /usr/lib/x86_64-linux-gnu/gtk-2.0/modules/liboverlay-scrollbar.so
7f7e69d33000-7f7e69d5c000 r-xp 00000000 08:05 2243370                    /usr/lib/jvm/java-8-oracle/jre/lib/amd64/libglass.so
7f7e69d5c000-7f7e69f5b000 ---p 00029000 08:05 2243370                    /usr/lib/jvm/java-8-oracle/jre/lib/amd64/libglass.so
7f7e69f5b000-7f7e69f5e000 rw-p 00028000 08:05 2243370                    /usr/lib/jvm/java-8-oracle/jre/lib/amd64/libglass.so
7f7e69f5e000-7f7e69f95000 r-xp 00000000 08:05 2240033                    /usr/lib/x86_64-linux-gnu/libtxc_dxtn_s2tc.so.0.0.0
7f7e69f95000-7f7e6a194000 ---p 00037000 08:05 2240033                    /usr/lib/x86_64-linux-gnu/libtxc_dxtn_s2tc.so.0.0.0
7f7e6a194000-7f7e6a195000 r--p 00036000 08:05 2240033                    /usr/lib/x86_64-linux-gnu/libtxc_dxtn_s2tc.so.0.0.0
7f7e6a195000-7f7e6a196000 rw-p 00037000 08:05 2240033                    /usr/lib/x86_64-linux-gnu/libtxc_dxtn_s2tc.so.0.0.0
7f7e6a196000-7f7e6a19e000 r-xp 00000000 08:05 2239767                    /usr/lib/x86_64-linux-gnu/libpciaccess.so.0.11.1
7f7e6a19e000-7f7e6a39e000 ---p 00008000 08:05 2239767                    /usr/lib/x86_64-linux-gnu/libpciaccess.so.0.11.1
7f7e6a39e000-7f7e6a39f000 r--p 00008000 08:05 2239767                    /usr/lib/x86_64-linux-gnu/libpciaccess.so.0.11.1
7f7e6a39f000-7f7e6a3a0000 rw-p 00009000 08:05 2239767                    /usr/lib/x86_64-linux-gnu/libpciaccess.so.0.11.1
7f7e6a3a0000-7f7e6a3b2000 r-xp 00000000 08:05 398660                     /lib/x86_64-linux-gnu/libgpg-error.so.0.19.1
7f7e6a3b2000-7f7e6a5b2000 ---p 00012000 08:05 398660                     /lib/x86_64-linux-gnu/libgpg-error.so.0.19.1
7f7e6a5b2000-7f7e6a5b3000 r--p 00012000 08:05 398660                     /lib/x86_64-linux-gnu/libgpg-error.so.0.19.1
7f7e6a5b3000-7f7e6a5b4000 rw-p 00013000 08:05 398660                     /lib/x86_64-linux-gnu/libgpg-error.so.0.19.1
7f7e6a5b4000-7f7e6a5bf000 r-xp 00000000 08:05 2239069                    /usr/lib/x86_64-linux-gnu/libdrm_radeon.so.1.0.1
7f7e6a5bf000-7f7e6a7be000 ---p 0000b000 08:05 2239069                    /usr/lib/x86_64-linux-gnu/libdrm_radeon.so.1.0.1
7f7e6a7be000-7f7e6a7bf000 r--p 0000a000 08:05 2239069                    /usr/lib/x86_64-linux-gnu/libdrm_radeon.so.1.0.1
7f7e6a7bf000-7f7e6a7c0000 rw-p 0000b000 08:05 2239069                    /usr/lib/x86_64-linux-gnu/libdrm_radeon.so.1.0.1
7f7e6a7c0000-7f7e6a7c7000 r-xp 00000000 08:05 2239067                    /usr/lib/x86_64-linux-gnu/libdrm_nouveau.so.2.0.0
7f7e6a7c7000-7f7e6a9c6000 ---p 00007000 08:05 2239067                    /usr/lib/x86_64-linux-gnu/libdrm_nouveau.so.2.0.0
7f7e6a9c6000-7f7e6a9c7000 r--p 00006000 08:05 2239067                    /usr/lib/x86_64-linux-gnu/libdrm_nouveau.so.2.0.0
7f7e6a9c7000-7f7e6a9c8000 rw-p 00007000 08:05 2239067                    /usr/lib/x86_64-linux-gnu/libdrm_nouveau.so.2.0.0
7f7e6a9c8000-7f7e6a9e8000 r-xp 00000000 08:05 2239065                    /usr/lib/x86_64-linux-gnu/libdrm_intel.so.1.0.0
7f7e6a9e8000-7f7e6abe7000 ---p 00020000 08:05 2239065                    /usr/lib/x86_64-linux-gnu/libdrm_intel.so.1.0.0
7f7e6abe7000-7f7e6abe8000 r--p 0001f000 08:05 2239065                    /usr/lib/x86_64-linux-gnu/libdrm_intel.so.1.0.0
7f7e6abe8000-7f7e6abe9000 rw-p 00020000 08:05 2239065                    /usr/lib/x86_64-linux-gnu/libdrm_intel.so.1.0.0
7f7e6abe9000-7f7e6acf0000 r-xp 00000000 08:05 398656                     /lib/x86_64-linux-gnu/libgcrypt.so.20.1.2
7f7e6acf0000-7f7e6aeef000 ---p 00107000 08:05 398656                     /lib/x86_64-linux-gnu/libgcrypt.so.20.1.2
7f7e6aeef000-7f7e6aef1000 r--p 00106000 08:05 398656                     /lib/x86_64-linux-gnu/libgcrypt.so.20.1.2
7f7e6aef1000-7f7e6aef8000 rw-p 00108000 08:05 398656                     /lib/x86_64-linux-gnu/libgcrypt.so.20.1.2
7f7e6aef8000-7f7e6b59b000 r-xp 00000000 08:05 133427                     /usr/lib/x86_64-linux-gnu/dri/i965_dri.so
7f7e6b59b000-7f7e6b79a000 ---p 006a3000 08:05 133427                     /usr/lib/x86_64-linux-gnu/dri/i965_dri.so
7f7e6b79a000-7f7e6b7d9000 r--p 006a2000 08:05 133427                     /usr/lib/x86_64-linux-gnu/dri/i965_dri.so
7f7e6b7d9000-7f7e6b7e1000 rw-p 006e1000 08:05 133427                     /usr/lib/x86_64-linux-gnu/dri/i965_dri.so
7f7e6b7e1000-7f7e6b7e9000 rw-p 00000000 00:00 0 
7f7e6b7e9000-7f7e6b7ed000 r-xp 00000000 08:05 398105                     /lib/x86_64-linux-gnu/libuuid.so.1.3.0
7f7e6b7ed000-7f7e6b9ec000 ---p 00004000 08:05 398105                     /lib/x86_64-linux-gnu/libuuid.so.1.3.0
7f7e6b9ec000-7f7e6b9ed000 r--p 00003000 08:05 398105                     /lib/x86_64-linux-gnu/libuuid.so.1.3.0
7f7e6b9ed000-7f7e6b9ee000 rw-p 00004000 08:05 398105                     /lib/x86_64-linux-gnu/libuuid.so.1.3.0
7f7e6b9ee000-7f7e6b9f4000 r-xp 00000000 08:05 2239010                    /usr/lib/x86_64-linux-gnu/libdatrie.so.1.3.3
7f7e6b9f4000-7f7e6bbf4000 ---p 00006000 08:05 2239010                    /usr/lib/x86_64-linux-gnu/libdatrie.so.1.3.3
7f7e6bbf4000-7f7e6bbf5000 r--p 00006000 08:05 2239010                    /usr/lib/x86_64-linux-gnu/libdatrie.so.1.3.3
7f7e6bbf5000-7f7e6bbf6000 rw-p 00007000 08:05 2239010                    /usr/lib/x86_64-linux-gnu/libdatrie.so.1.3.3
7f7e6bbf6000-7f7e6bbfb000 r-xp 00000000 08:05 2238755                    /usr/lib/x86_64-linux-gnu/libXdmcp.so.6.0.0
7f7e6bbfb000-7f7e6bdfa000 ---p 00005000 08:05 2238755                    /usr/lib/x86_64-linux-gnu/libXdmcp.so.6.0.0
7f7e6bdfa000-7f7e6bdfb000 r--p 00004000 08:05 2238755                    /usr/lib/x86_64-linux-gnu/libXdmcp.so.6.0.0
7f7e6bdfb000-7f7e6bdfc000 rw-p 00005000 08:05 2238755                    /usr/lib/x86_64-linux-gnu/libXdmcp.so.6.0.0
7f7e6bdfc000-7f7e6bdfe000 r-xp 00000000 08:05 2238744                    /usr/lib/x86_64-linux-gnu/libXau.so.6.0.0
7f7e6bdfe000-7f7e6bffe000 ---p 00002000 08:05 2238744                    /usr/lib/x86_64-linux-gnu/libXau.so.6.0.0
7f7e6bffe000-7f7e6bfff000 r--p 00002000 08:05 2238744                    /usr/lib/x86_64-linux-gnu/libXau.so.6.0.0
7f7e6bfff000-7f7e6c000000 rw-p 00003000 08:05 2238744                    /usr/lib/x86_64-linux-gnu/libXau.so.6.0.0
7f7e6c000000-7f7e6de74000 rw-p 00000000 00:00 0 
7f7e6de74000-7f7e70000000 ---p 00000000 00:00 0 
7f7e70001000-7f7e70011000 rw-s 00000000 00:05 437494                     /drm mm object (deleted)
7f7e70011000-7f7e70024000 r--s 00345000 08:05 2243549                    /usr/lib/jvm/java-8-oracle/jre/lib/resources.jar
7f7e70024000-7f7e70047000 r-xp 00000000 08:05 2239322                    /usr/lib/x86_64-linux-gnu/libgraphite2.so.3.0.1
7f7e70047000-7f7e70246000 ---p 00023000 08:05 2239322                    /usr/lib/x86_64-linux-gnu/libgraphite2.so.3.0.1
7f7e70246000-7f7e70248000 r--p 00022000 08:05 2239322                    /usr/lib/x86_64-linux-gnu/libgraphite2.so.3.0.1
7f7e70248000-7f7e70249000 rw-p 00024000 08:05 2239322                    /usr/lib/x86_64-linux-gnu/libgraphite2.so.3.0.1
7f7e70249000-7f7e70286000 r-xp 00000000 08:05 398114                     /lib/x86_64-linux-gnu/libblkid.so.1.1.0
7f7e70286000-7f7e70485000 ---p 0003d000 08:05 398114                     /lib/x86_64-linux-gnu/libblkid.so.1.1.0
7f7e70485000-7f7e70489000 r--p 0003c000 08:05 398114                     /lib/x86_64-linux-gnu/libblkid.so.1.1.0
7f7e70489000-7f7e7048a000 rw-p 00040000 08:05 398114                     /lib/x86_64-linux-gnu/libblkid.so.1.1.0
7f7e7048a000-7f7e7048b000 rw-p 00000000 00:00 0 
7f7e7048b000-7f7e70499000 r-xp 00000000 08:05 2239061                    /usr/lib/x86_64-linux-gnu/libdrm.so.2.4.0
7f7e70499000-7f7e70698000 ---p 0000e000 08:05 2239061                    /usr/lib/x86_64-linux-gnu/libdrm.so.2.4.0
7f7e70698000-7f7e70699000 r--p 0000d000 08:05 2239061                    /usr/lib/x86_64-linux-gnu/libdrm.so.2.4.0
7f7e70699000-7f7e7069a000 rw-p 0000e000 08:05 2239061                    /usr/lib/x86_64-linux-gnu/libdrm.so.2.4.0
7f7e7069a000-7f7e7069e000 r-xp 00000000 08:05 2240244                    /usr/lib/x86_64-linux-gnu/libxcb-dri2.so.0.0.0
7f7e7069e000-7f7e7089d000 ---p 00004000 08:05 2240244                    /usr/lib/x86_64-linux-gnu/libxcb-dri2.so.0.0.0
7f7e7089d000-7f7e7089e000 r--p 00003000 08:05 2240244                    /usr/lib/x86_64-linux-gnu/libxcb-dri2.so.0.0.0
7f7e7089e000-7f7e7089f000 rw-p 00004000 08:05 2240244                    /usr/lib/x86_64-linux-gnu/libxcb-dri2.so.0.0.0
7f7e7089f000-7f7e708b6000 r-xp 00000000 08:05 2240248                    /usr/lib/x86_64-linux-gnu/libxcb-glx.so.0.0.0
7f7e708b6000-7f7e70ab5000 ---p 00017000 08:05 2240248                    /usr/lib/x86_64-linux-gnu/libxcb-glx.so.0.0.0
7f7e70ab5000-7f7e70ab7000 r--p 00016000 08:05 2240248                    /usr/lib/x86_64-linux-gnu/libxcb-glx.so.0.0.0
7f7e70ab7000-7f7e70ab8000 rw-p 00018000 08:05 2240248                    /usr/lib/x86_64-linux-gnu/libxcb-glx.so.0.0.0
7f7e70ab8000-7f7e70ab9000 r-xp 00000000 08:05 2238738                    /usr/lib/x86_64-linux-gnu/libX11-xcb.so.1.0.0
7f7e70ab9000-7f7e70cb8000 ---p 00001000 08:05 2238738                    /usr/lib/x86_64-linux-gnu/libX11-xcb.so.1.0.0
7f7e70cb8000-7f7e70cb9000 r--p 00000000 08:05 2238738                    /usr/lib/x86_64-linux-gnu/libX11-xcb.so.1.0.0
7f7e70cb9000-7f7e70cba000 rw-p 00001000 08:05 2238738                    /usr/lib/x86_64-linux-gnu/libX11-xcb.so.1.0.0
7f7e70cba000-7f7e70ce3000 r-xp 00000000 08:05 2231673                    /usr/lib/x86_64-linux-gnu/libglapi.so.0.0.0
7f7e70ce3000-7f7e70ee2000 ---p 00029000 08:05 2231673                    /usr/lib/x86_64-linux-gnu/libglapi.so.0.0.0
7f7e70ee2000-7f7e70ee6000 r--p 00028000 08:05 2231673                    /usr/lib/x86_64-linux-gnu/libglapi.so.0.0.0
7f7e70ee6000-7f7e70ee7000 rw-p 0002c000 08:05 2231673                    /usr/lib/x86_64-linux-gnu/libglapi.so.0.0.0
7f7e70ee7000-7f7e70ee8000 rw-p 00000000 00:00 0 
7f7e70ee8000-7f7e70ee9000 r-xp 00000000 08:05 2240290                    /usr/lib/x86_64-linux-gnu/libxshmfence.so.1.0.0
7f7e70ee9000-7f7e710e9000 ---p 00001000 08:05 2240290                    /usr/lib/x86_64-linux-gnu/libxshmfence.so.1.0.0
7f7e710e9000-7f7e710ea000 r--p 00001000 08:05 2240290                    /usr/lib/x86_64-linux-gnu/libxshmfence.so.1.0.0
7f7e710ea000-7f7e710eb000 rw-p 00002000 08:05 2240290                    /usr/lib/x86_64-linux-gnu/libxshmfence.so.1.0.0
7f7e710eb000-7f7e710f0000 r-xp 00000000 08:05 2240268                    /usr/lib/x86_64-linux-gnu/libxcb-sync.so.1.0.0
7f7e710f0000-7f7e712f0000 ---p 00005000 08:05 2240268                    /usr/lib/x86_64-linux-gnu/libxcb-sync.so.1.0.0
7f7e712f0000-7f7e712f1000 r--p 00005000 08:05 2240268                    /usr/lib/x86_64-linux-gnu/libxcb-sync.so.1.0.0
7f7e712f1000-7f7e712f2000 rw-p 00006000 08:05 2240268                    /usr/lib/x86_64-linux-gnu/libxcb-sync.so.1.0.0
7f7e712f2000-7f7e712f4000 r-xp 00000000 08:05 2240256                    /usr/lib/x86_64-linux-gnu/libxcb-present.so.0.0.0
7f7e712f4000-7f7e714f3000 ---p 00002000 08:05 2240256                    /usr/lib/x86_64-linux-gnu/libxcb-present.so.0.0.0
7f7e714f3000-7f7e714f4000 r--p 00001000 08:05 2240256                    /usr/lib/x86_64-linux-gnu/libxcb-present.so.0.0.0
7f7e714f4000-7f7e714f5000 rw-p 00002000 08:05 2240256                    /usr/lib/x86_64-linux-gnu/libxcb-present.so.0.0.0
7f7e714f5000-7f7e714f7000 r-xp 00000000 08:05 2240246                    /usr/lib/x86_64-linux-gnu/libxcb-dri3.so.0.0.0
7f7e714f7000-7f7e716f6000 ---p 00002000 08:05 2240246                    /usr/lib/x86_64-linux-gnu/libxcb-dri3.so.0.0.0
7f7e716f6000-7f7e716f7000 r--p 00001000 08:05 2240246                    /usr/lib/x86_64-linux-gnu/libxcb-dri3.so.0.0.0
7f7e716f7000-7f7e716f8000 rw-p 00002000 08:05 2240246                    /usr/lib/x86_64-linux-gnu/libxcb-dri3.so.0.0.0
7f7e716f8000-7f7e7176a000 r-xp 00000000 08:05 398742                     /lib/x86_64-linux-gnu/libpcre.so.3.13.3
7f7e7176a000-7f7e71969000 ---p 00072000 08:05 398742                     /lib/x86_64-linux-gnu/libpcre.so.3.13.3
7f7e71969000-7f7e7196a000 r--p 00071000 08:05 398742                     /lib/x86_64-linux-gnu/libpcre.so.3.13.3
7f7e7196a000-7f7e7196b000 rw-p 00072000 08:05 398742                     /lib/x86_64-linux-gnu/libpcre.so.3.13.3
7f7e7196b000-7f7e71972000 r-xp 00000000 08:05 2239141                    /usr/lib/x86_64-linux-gnu/libffi.so.6.0.4
7f7e71972000-7f7e71b71000 ---p 00007000 08:05 2239141                    /usr/lib/x86_64-linux-gnu/libffi.so.6.0.4
7f7e71b71000-7f7e71b72000 r--p 00006000 08:05 2239141                    /usr/lib/x86_64-linux-gnu/libffi.so.6.0.4
7f7e71b72000-7f7e71b73000 rw-p 00007000 08:05 2239141                    /usr/lib/x86_64-linux-gnu/libffi.so.6.0.4
7f7e71b73000-7f7e71b9a000 r-xp 00000000 08:05 398647                     /lib/x86_64-linux-gnu/libexpat.so.1.6.2
7f7e71b9a000-7f7e71d9a000 ---p 00027000 08:05 398647                     /lib/x86_64-linux-gnu/libexpat.so.1.6.2
7f7e71d9a000-7f7e71d9c000 r--p 00027000 08:05 398647                     /lib/x86_64-linux-gnu/libexpat.so.1.6.2
7f7e71d9c000-7f7e71d9d000 rw-p 00029000 08:05 398647                     /lib/x86_64-linux-gnu/libexpat.so.1.6.2
7f7e71d9d000-7f7e71da5000 r-xp 00000000 08:05 2240000                    /usr/lib/x86_64-linux-gnu/libthai.so.0.3.0
7f7e71da5000-7f7e71fa4000 ---p 00008000 08:05 2240000                    /usr/lib/x86_64-linux-gnu/libthai.so.0.3.0
7f7e71fa4000-7f7e71fa5000 r--p 00007000 08:05 2240000                    /usr/lib/x86_64-linux-gnu/libthai.so.0.3.0
7f7e71fa5000-7f7e71fa6000 rw-p 00008000 08:05 2240000                    /usr/lib/x86_64-linux-gnu/libthai.so.0.3.0
7f7e71fa6000-7f7e71fc7000 r-xp 00000000 08:05 2240278                    /usr/lib/x86_64-linux-gnu/libxcb.so.1.1.0
7f7e71fc7000-7f7e721c6000 ---p 00021000 08:05 2240278                    /usr/lib/x86_64-linux-gnu/libxcb.so.1.1.0
7f7e721c6000-7f7e721c7000 r--p 00020000 08:05 2240278                    /usr/lib/x86_64-linux-gnu/libxcb.so.1.1.0
7f7e721c7000-7f7e721c8000 rw-p 00021000 08:05 2240278                    /usr/lib/x86_64-linux-gnu/libxcb.so.1.1.0
7f7e721c8000-7f7e721d0000 r-xp 00000000 08:05 2240262                    /usr/lib/x86_64-linux-gnu/libxcb-render.so.0.0.0
7f7e721d0000-7f7e723d0000 ---p 00008000 08:05 2240262                    /usr/lib/x86_64-linux-gnu/libxcb-render.so.0.0.0
7f7e723d0000-7f7e723d1000 r--p 00008000 08:05 2240262                    /usr/lib/x86_64-linux-gnu/libxcb-render.so.0.0.0
7f7e723d1000-7f7e723d2000 rw-p 00009000 08:05 2240262                    /usr/lib/x86_64-linux-gnu/libxcb-render.so.0.0.0
7f7e723d2000-7f7e723d4000 r-xp 00000000 08:05 2240266                    /usr/lib/x86_64-linux-gnu/libxcb-shm.so.0.0.0
7f7e723d4000-7f7e725d4000 ---p 00002000 08:05 2240266                    /usr/lib/x86_64-linux-gnu/libxcb-shm.so.0.0.0
7f7e725d4000-7f7e725d5000 r--p 00002000 08:05 2240266                    /usr/lib/x86_64-linux-gnu/libxcb-shm.so.0.0.0
7f7e725d5000-7f7e725d6000 rw-p 00003000 08:05 2240266                    /usr/lib/x86_64-linux-gnu/libxcb-shm.so.0.0.0
7f7e725d6000-7f7e72607000 r-xp 00000000 08:05 2239791                    /usr/lib/x86_64-linux-gnu/libpng16.so.16.25.0
7f7e72607000-7f7e72806000 ---p 00031000 08:05 2239791                    /usr/lib/x86_64-linux-gnu/libpng16.so.16.25.0
7f7e72806000-7f7e72807000 r--p 00030000 08:05 2239791                    /usr/lib/x86_64-linux-gnu/libpng16.so.16.25.0
7f7e72807000-7f7e72808000 rw-p 00031000 08:05 2239791                    /usr/lib/x86_64-linux-gnu/libpng16.so.16.25.0
7f7e72808000-7f7e728a7000 r-xp 00000000 08:05 2239783                    /usr/lib/x86_64-linux-gnu/libpixman-1.so.0.33.6
7f7e728a7000-7f7e72aa7000 ---p 0009f000 08:05 2239783                    /usr/lib/x86_64-linux-gnu/libpixman-1.so.0.33.6
7f7e72aa7000-7f7e72aaf000 r--p 0009f000 08:05 2239783                    /usr/lib/x86_64-linux-gnu/libpixman-1.so.0.33.6
7f7e72aaf000-7f7e72ab0000 rw-p 000a7000 08:05 2239783                    /usr/lib/x86_64-linux-gnu/libpixman-1.so.0.33.6
7f7e72ab0000-7f7e72b2e000 r-xp 00000000 08:05 2239412                    /usr/lib/x86_64-linux-gnu/libharfbuzz.so.0.10200.7
7f7e72b2e000-7f7e72d2e000 ---p 0007e000 08:05 2239412                    /usr/lib/x86_64-linux-gnu/libharfbuzz.so.0.10200.7
7f7e72d2e000-7f7e72d2f000 r--p 0007e000 08:05 2239412                    /usr/lib/x86_64-linux-gnu/libharfbuzz.so.0.10200.7
7f7e72d2f000-7f7e72d30000 rw-p 0007f000 08:05 2239412                    /usr/lib/x86_64-linux-gnu/libharfbuzz.so.0.10200.7
7f7e72d30000-7f7e72d76000 r-xp 00000000 08:05 398122                     /lib/x86_64-linux-gnu/libmount.so.1.1.0
7f7e72d76000-7f7e72f75000 ---p 00046000 08:05 398122                     /lib/x86_64-linux-gnu/libmount.so.1.1.0
7f7e72f75000-7f7e72f76000 r--p 00045000 08:05 398122                     /lib/x86_64-linux-gnu/libmount.so.1.1.0
7f7e72f76000-7f7e72f77000 rw-p 00046000 08:05 398122                     /lib/x86_64-linux-gnu/libmount.so.1.1.0
7f7e72f77000-7f7e72f78000 rw-p 00000000 00:00 0 
7f7e72f78000-7f7e72f8f000 r-xp 00000000 08:05 409762                     /lib/x86_64-linux-gnu/libresolv-2.24.so
7f7e72f8f000-7f7e7318f000 ---p 00017000 08:05 409762                     /lib/x86_64-linux-gnu/libresolv-2.24.so
7f7e7318f000-7f7e73190000 r--p 00017000 08:05 409762                     /lib/x86_64-linux-gnu/libresolv-2.24.so
7f7e73190000-7f7e73191000 rw-p 00018000 08:05 409762                     /lib/x86_64-linux-gnu/libresolv-2.24.so
7f7e73191000-7f7e73193000 rw-p 00000000 00:00 0 
7f7e73193000-7f7e731b6000 r-xp 00000000 08:05 398769                     /lib/x86_64-linux-gnu/libselinux.so.1
7f7e731b6000-7f7e733b5000 ---p 00023000 08:05 398769                     /lib/x86_64-linux-gnu/libselinux.so.1
7f7e733b5000-7f7e733b6000 r--p 00022000 08:05 398769                     /lib/x86_64-linux-gnu/libselinux.so.1
7f7e733b6000-7f7e733b7000 rw-p 00023000 08:05 398769                     /lib/x86_64-linux-gnu/libselinux.so.1
7f7e733b7000-7f7e733b9000 rw-p 00000000 00:00 0 
7f7e733b9000-7f7e733d2000 r-xp 00000000 08:05 398798                     /lib/x86_64-linux-gnu/libz.so.1.2.8
7f7e733d2000-7f7e735d1000 ---p 00019000 08:05 398798                     /lib/x86_64-linux-gnu/libz.so.1.2.8
7f7e735d1000-7f7e735d2000 r--p 00018000 08:05 398798                     /lib/x86_64-linux-gnu/libz.so.1.2.8
7f7e735d2000-7f7e735d3000 rw-p 00019000 08:05 398798                     /lib/x86_64-linux-gnu/libz.so.1.2.8
7f7e735d3000-7f7e735e4000 r-xp 00000000 08:05 2238757                    /usr/lib/x86_64-linux-gnu/libXext.so.6.4.0
7f7e735e4000-7f7e737e3000 ---p 00011000 08:05 2238757                    /usr/lib/x86_64-linux-gnu/libXext.so.6.4.0
7f7e737e3000-7f7e737e4000 r--p 00010000 08:05 2238757                    /usr/lib/x86_64-linux-gnu/libXext.so.6.4.0
7f7e737e4000-7f7e737e5000 rw-p 00011000 08:05 2238757                    /usr/lib/x86_64-linux-gnu/libXext.so.6.4.0
7f7e737e5000-7f7e737e7000 r-xp 00000000 08:05 2238753                    /usr/lib/x86_64-linux-gnu/libXdamage.so.1.1.0
7f7e737e7000-7f7e739e6000 ---p 00002000 08:05 2238753                    /usr/lib/x86_64-linux-gnu/libXdamage.so.1.1.0
7f7e739e6000-7f7e739e7000 r--p 00001000 08:05 2238753                    /usr/lib/x86_64-linux-gnu/libXdamage.so.1.1.0
7f7e739e7000-7f7e739e8000 rw-p 00002000 08:05 2238753                    /usr/lib/x86_64-linux-gnu/libXdamage.so.1.1.0
7f7e739e8000-7f7e739ea000 r-xp 00000000 08:05 2238749                    /usr/lib/x86_64-linux-gnu/libXcomposite.so.1.0.0
7f7e739ea000-7f7e73be9000 ---p 00002000 08:05 2238749                    /usr/lib/x86_64-linux-gnu/libXcomposite.so.1.0.0
7f7e73be9000-7f7e73bea000 r--p 00001000 08:05 2238749                    /usr/lib/x86_64-linux-gnu/libXcomposite.so.1.0.0
7f7e73bea000-7f7e73beb000 rw-p 00002000 08:05 2238749                    /usr/lib/x86_64-linux-gnu/libXcomposite.so.1.0.0
7f7e73beb000-7f7e73bf4000 r-xp 00000000 08:05 2238751                    /usr/lib/x86_64-linux-gnu/libXcursor.so.1.0.2
7f7e73bf4000-7f7e73df3000 ---p 00009000 08:05 2238751                    /usr/lib/x86_64-linux-gnu/libXcursor.so.1.0.2
7f7e73df3000-7f7e73df4000 r--p 00008000 08:05 2238751                    /usr/lib/x86_64-linux-gnu/libXcursor.so.1.0.2
7f7e73df4000-7f7e73df5000 rw-p 00009000 08:05 2238751                    /usr/lib/x86_64-linux-gnu/libXcursor.so.1.0.2
7f7e73df5000-7f7e73dff000 r-xp 00000000 08:05 2238775                    /usr/lib/x86_64-linux-gnu/libXrandr.so.2.2.0
7f7e73dff000-7f7e73ffe000 ---p 0000a000 08:05 2238775                    /usr/lib/x86_64-linux-gnu/libXrandr.so.2.2.0
7f7e73ffe000-7f7e73fff000 r--p 00009000 08:05 2238775                    /usr/lib/x86_64-linux-gnu/libXrandr.so.2.2.0
7f7e73fff000-7f7e74000000 rw-p 0000a000 08:05 2238775                    /usr/lib/x86_64-linux-gnu/libXrandr.so.2.2.0
7f7e74000000-7f7e74082000 rw-p 00000000 00:00 0 
7f7e74082000-7f7e78000000 ---p 00000000 00:00 0 
7f7e78000000-7f7e78298000 rw-p 00000000 00:00 0 
7f7e78298000-7f7e7c000000 ---p 00000000 00:00 0 
7f7e7c000000-7f7e7c021000 rw-p 00000000 00:00 0 
7f7e7c021000-7f7e80000000 ---p 00000000 00:00 0 
7f7e80000000-7f7e80021000 rw-p 00000000 00:00 0 
7f7e80021000-7f7e84000000 ---p 00000000 00:00 0 
7f7e84000000-7f7e84149000 rw-p 00000000 00:00 0 
7f7e84149000-7f7e88000000 ---p 00000000 00:00 0 
7f7e88000000-7f7e88280000 rw-p 00000000 00:00 0 
7f7e88280000-7f7e8c000000 ---p 00000000 00:00 0 
7f7e8c000000-7f7e8c021000 rw-p 00000000 00:00 0 
7f7e8c021000-7f7e90000000 ---p 00000000 00:00 0 
7f7e90000000-7f7e900ce000 rw-p 00000000 00:00 0 
7f7e900ce000-7f7e94000000 ---p 00000000 00:00 0 
7f7e94000000-7f7e94021000 rw-p 00000000 00:00 0 
7f7e94021000-7f7e98000000 ---p 00000000 00:00 0 
7f7e98000000-7f7e98021000 rw-p 00000000 00:00 0 
7f7e98021000-7f7e9c000000 ---p 00000000 00:00 0 
7f7e9c000000-7f7e9c021000 rw-p 00000000 00:00 0 
7f7e9c021000-7f7ea0000000 ---p 00000000 00:00 0 
7f7ea0000000-7f7ea0021000 rw-p 00000000 00:00 0 
7f7ea0021000-7f7ea4000000 ---p 00000000 00:00 0 
7f7ea4000000-7f7ea4021000 rw-p 00000000 00:00 0 
7f7ea4021000-7f7ea8000000 ---p 00000000 00:00 0 
7f7ea8000000-7f7ea8008000 rw-s 00000000 00:05 437495                     /drm mm object (deleted)
7f7ea8008000-7f7ea8042000 r--p 00000000 08:05 2243415                    /usr/lib/jvm/java-8-oracle/jre/lib/fonts/LucidaTypewriterBold.ttf
7f7ea8042000-7f7ea80ed000 r--p 00000000 08:05 2243413                    /usr/lib/jvm/java-8-oracle/jre/lib/fonts/LucidaSansRegular.ttf
7f7ea80ed000-7f7ea80f0000 ---p 00000000 00:00 0 
7f7ea80f0000-7f7ea81ee000 rw-p 00000000 00:00 0 
7f7ea81ee000-7f7ea81fd000 r-xp 00000000 08:05 2238765                    /usr/lib/x86_64-linux-gnu/libXi.so.6.1.0
7f7ea81fd000-7f7ea83fc000 ---p 0000f000 08:05 2238765                    /usr/lib/x86_64-linux-gnu/libXi.so.6.1.0
7f7ea83fc000-7f7ea83fd000 r--p 0000e000 08:05 2238765                    /usr/lib/x86_64-linux-gnu/libXi.so.6.1.0
7f7ea83fd000-7f7ea83fe000 rw-p 0000f000 08:05 2238765                    /usr/lib/x86_64-linux-gnu/libXi.so.6.1.0
7f7ea83fe000-7f7ea8400000 r-xp 00000000 08:05 2238767                    /usr/lib/x86_64-linux-gnu/libXinerama.so.1.0.0
7f7ea8400000-7f7ea85ff000 ---p 00002000 08:05 2238767                    /usr/lib/x86_64-linux-gnu/libXinerama.so.1.0.0
7f7ea85ff000-7f7ea8600000 r--p 00001000 08:05 2238767                    /usr/lib/x86_64-linux-gnu/libXinerama.so.1.0.0
7f7ea8600000-7f7ea8601000 rw-p 00002000 08:05 2238767                    /usr/lib/x86_64-linux-gnu/libXinerama.so.1.0.0
7f7ea8601000-7f7ea860a000 r-xp 00000000 08:05 2238777                    /usr/lib/x86_64-linux-gnu/libXrender.so.1.3.0
7f7ea860a000-7f7ea8809000 ---p 00009000 08:05 2238777                    /usr/lib/x86_64-linux-gnu/libXrender.so.1.3.0
7f7ea8809000-7f7ea880a000 r--p 00008000 08:05 2238777                    /usr/lib/x86_64-linux-gnu/libXrender.so.1.3.0
7f7ea880a000-7f7ea880b000 rw-p 00009000 08:05 2238777                    /usr/lib/x86_64-linux-gnu/libXrender.so.1.3.0
7f7ea880b000-7f7ea8810000 r-xp 00000000 08:05 2238759                    /usr/lib/x86_64-linux-gnu/libXfixes.so.3.1.0
7f7ea8810000-7f7ea8a0f000 ---p 00005000 08:05 2238759                    /usr/lib/x86_64-linux-gnu/libXfixes.so.3.1.0
7f7ea8a0f000-7f7ea8a10000 r--p 00004000 08:05 2238759                    /usr/lib/x86_64-linux-gnu/libXfixes.so.3.1.0
7f7ea8a10000-7f7ea8a11000 rw-p 00005000 08:05 2238759                    /usr/lib/x86_64-linux-gnu/libXfixes.so.3.1.0
7f7ea8a11000-7f7ea8a27000 r-xp 00000000 08:05 398654                     /lib/x86_64-linux-gnu/libgcc_s.so.1
7f7ea8a27000-7f7ea8c26000 ---p 00016000 08:05 398654                     /lib/x86_64-linux-gnu/libgcc_s.so.1
7f7ea8c26000-7f7ea8c27000 r--p 00015000 08:05 398654                     /lib/x86_64-linux-gnu/libgcc_s.so.1
7f7ea8c27000-7f7ea8c28000 rw-p 00016000 08:05 398654                     /lib/x86_64-linux-gnu/libgcc_s.so.1
7f7ea8c28000-7f7ea8da0000 r-xp 00000000 08:05 2239972                    /usr/lib/x86_64-linux-gnu/libstdc++.so.6.0.22
7f7ea8da0000-7f7ea8fa0000 ---p 00178000 08:05 2239972                    /usr/lib/x86_64-linux-gnu/libstdc++.so.6.0.22
7f7ea8fa0000-7f7ea8faa000 r--p 00178000 08:05 2239972                    /usr/lib/x86_64-linux-gnu/libstdc++.so.6.0.22
7f7ea8faa000-7f7ea8fac000 rw-p 00182000 08:05 2239972                    /usr/lib/x86_64-linux-gnu/libstdc++.so.6.0.22
7f7ea8fac000-7f7ea8fb0000 rw-p 00000000 00:00 0 
7f7ea8fb0000-7f7ea9020000 r-xp 00000000 08:05 133030                     /usr/lib/x86_64-linux-gnu/mesa/libGL.so.1.2.0
7f7ea9020000-7f7ea921f000 ---p 00070000 08:05 133030                     /usr/lib/x86_64-linux-gnu/mesa/libGL.so.1.2.0
7f7ea921f000-7f7ea9222000 r--p 0006f000 08:05 133030                     /usr/lib/x86_64-linux-gnu/mesa/libGL.so.1.2.0
7f7ea9222000-7f7ea9223000 rw-p 00072000 08:05 133030                     /usr/lib/x86_64-linux-gnu/mesa/libGL.so.1.2.0
7f7ea9223000-7f7ea9224000 rw-p 00000000 00:00 0 
7f7ea9224000-7f7ea9229000 r-xp 00000000 08:05 2238793                    /usr/lib/x86_64-linux-gnu/libXxf86vm.so.1.0.0
7f7ea9229000-7f7ea9428000 ---p 00005000 08:05 2238793                    /usr/lib/x86_64-linux-gnu/libXxf86vm.so.1.0.0
7f7ea9428000-7f7ea9429000 r--p 00004000 08:05 2238793                    /usr/lib/x86_64-linux-gnu/libXxf86vm.so.1.0.0
7f7ea9429000-7f7ea942a000 rw-p 00005000 08:05 2238793                    /usr/lib/x86_64-linux-gnu/libXxf86vm.so.1.0.0
7f7ea942a000-7f7ea955f000 r-xp 00000000 08:05 2238740                    /usr/lib/x86_64-linux-gnu/libX11.so.6.3.0
7f7ea955f000-7f7ea975e000 ---p 00135000 08:05 2238740                    /usr/lib/x86_64-linux-gnu/libX11.so.6.3.0
7f7ea975e000-7f7ea975f000 r--p 00134000 08:05 2238740                    /usr/lib/x86_64-linux-gnu/libX11.so.6.3.0
7f7ea975f000-7f7ea9763000 rw-p 00135000 08:05 2238740                    /usr/lib/x86_64-linux-gnu/libX11.so.6.3.0
7f7ea9763000-7f7ea9768000 r-xp 00000000 08:05 2238783                    /usr/lib/x86_64-linux-gnu/libXtst.so.6.1.0
7f7ea9768000-7f7ea9967000 ---p 00005000 08:05 2238783                    /usr/lib/x86_64-linux-gnu/libXtst.so.6.1.0
7f7ea9967000-7f7ea9968000 r--p 00004000 08:05 2238783                    /usr/lib/x86_64-linux-gnu/libXtst.so.6.1.0
7f7ea9968000-7f7ea9969000 rw-p 00005000 08:05 2238783                    /usr/lib/x86_64-linux-gnu/libXtst.so.6.1.0
7f7ea9969000-7f7ea9a7b000 r-xp 00000000 08:05 399763                     /lib/x86_64-linux-gnu/libglib-2.0.so.0.5000.2
7f7ea9a7b000-7f7ea9c7a000 ---p 00112000 08:05 399763                     /lib/x86_64-linux-gnu/libglib-2.0.so.0.5000.2
7f7ea9c7a000-7f7ea9c7b000 r--p 00111000 08:05 399763                     /lib/x86_64-linux-gnu/libglib-2.0.so.0.5000.2
7f7ea9c7b000-7f7ea9c7c000 rw-p 00112000 08:05 399763                     /lib/x86_64-linux-gnu/libglib-2.0.so.0.5000.2
7f7ea9c7c000-7f7ea9c7d000 rw-p 00000000 00:00 0 
7f7ea9c7d000-7f7ea9c7e000 r-xp 00000000 08:05 2228686                    /usr/lib/x86_64-linux-gnu/libgthread-2.0.so.0.5000.2
7f7ea9c7e000-7f7ea9e7d000 ---p 00001000 08:05 2228686                    /usr/lib/x86_64-linux-gnu/libgthread-2.0.so.0.5000.2
7f7ea9e7d000-7f7ea9e7e000 r--p 00000000 08:05 2228686                    /usr/lib/x86_64-linux-gnu/libgthread-2.0.so.0.5000.2
7f7ea9e7e000-7f7ea9e7f000 rw-p 00001000 08:05 2228686                    /usr/lib/x86_64-linux-gnu/libgthread-2.0.so.0.5000.2
7f7ea9e7f000-7f7ea9e82000 r-xp 00000000 08:05 2228661                    /usr/lib/x86_64-linux-gnu/libgmodule-2.0.so.0.5000.2
7f7ea9e82000-7f7eaa081000 ---p 00003000 08:05 2228661                    /usr/lib/x86_64-linux-gnu/libgmodule-2.0.so.0.5000.2
7f7eaa081000-7f7eaa082000 r--p 00002000 08:05 2228661                    /usr/lib/x86_64-linux-gnu/libgmodule-2.0.so.0.5000.2
7f7eaa082000-7f7eaa083000 rw-p 00003000 08:05 2228661                    /usr/lib/x86_64-linux-gnu/libgmodule-2.0.so.0.5000.2
7f7eaa083000-7f7eaa0d5000 r-xp 00000000 08:05 2228683                    /usr/lib/x86_64-linux-gnu/libgobject-2.0.so.0.5000.2
7f7eaa0d5000-7f7eaa2d4000 ---p 00052000 08:05 2228683                    /usr/lib/x86_64-linux-gnu/libgobject-2.0.so.0.5000.2
7f7eaa2d4000-7f7eaa2d5000 r--p 00051000 08:05 2228683                    /usr/lib/x86_64-linux-gnu/libgobject-2.0.so.0.5000.2
7f7eaa2d5000-7f7eaa2d6000 rw-p 00052000 08:05 2228683                    /usr/lib/x86_64-linux-gnu/libgobject-2.0.so.0.5000.2
7f7eaa2d6000-7f7eaa313000 r-xp 00000000 08:05 2239159                    /usr/lib/x86_64-linux-gnu/libfontconfig.so.1.9.0
7f7eaa313000-7f7eaa512000 ---p 0003d000 08:05 2239159                    /usr/lib/x86_64-linux-gnu/libfontconfig.so.1.9.0
7f7eaa512000-7f7eaa514000 r--p 0003c000 08:05 2239159                    /usr/lib/x86_64-linux-gnu/libfontconfig.so.1.9.0
7f7eaa514000-7f7eaa519000 rw-p 0003e000 08:05 2239159                    /usr/lib/x86_64-linux-gnu/libfontconfig.so.1.9.0
7f7eaa519000-7f7eaa5c0000 r-xp 00000000 08:05 2229706                    /usr/lib/x86_64-linux-gnu/libfreetype.so.6.12.3
7f7eaa5c0000-7f7eaa7bf000 ---p 000a7000 08:05 2229706                    /usr/lib/x86_64-linux-gnu/libfreetype.so.6.12.3
7f7eaa7bf000-7f7eaa7c5000 r--p 000a6000 08:05 2229706                    /usr/lib/x86_64-linux-gnu/libfreetype.so.6.12.3
7f7eaa7c5000-7f7eaa7c6000 rw-p 000ac000 08:05 2229706                    /usr/lib/x86_64-linux-gnu/libfreetype.so.6.12.3
7f7eaa7c6000-7f7eaa80f000 r-xp 00000000 08:05 2239751                    /usr/lib/x86_64-linux-gnu/libpango-1.0.so.0.4000.1
7f7eaa80f000-7f7eaaa0f000 ---p 00049000 08:05 2239751                    /usr/lib/x86_64-linux-gnu/libpango-1.0.so.0.4000.1
7f7eaaa0f000-7f7eaaa11000 r--p 00049000 08:05 2239751                    /usr/lib/x86_64-linux-gnu/libpango-1.0.so.0.4000.1
7f7eaaa11000-7f7eaaa12000 rw-p 0004b000 08:05 2239751                    /usr/lib/x86_64-linux-gnu/libpango-1.0.so.0.4000.1
7f7eaaa12000-7f7eaab20000 r-xp 00000000 08:05 2238910                    /usr/lib/x86_64-linux-gnu/libcairo.so.2.11400.6
7f7eaab20000-7f7eaad1f000 ---p 0010e000 08:05 2238910                    /usr/lib/x86_64-linux-gnu/libcairo.so.2.11400.6
7f7eaad1f000-7f7eaad22000 r--p 0010d000 08:05 2238910                    /usr/lib/x86_64-linux-gnu/libcairo.so.2.11400.6
7f7eaad22000-7f7eaad23000 rw-p 00110000 08:05 2238910                    /usr/lib/x86_64-linux-gnu/libcairo.so.2.11400.6
7f7eaad23000-7f7eaad25000 rw-p 00000000 00:00 0 
7f7eaad25000-7f7eaad31000 r-xp 00000000 08:05 2239753                    /usr/lib/x86_64-linux-gnu/libpangocairo-1.0.so.0.4000.1
7f7eaad31000-7f7eaaf30000 ---p 0000c000 08:05 2239753                    /usr/lib/x86_64-linux-gnu/libpangocairo-1.0.so.0.4000.1
7f7eaaf30000-7f7eaaf31000 r--p 0000b000 08:05 2239753                    /usr/lib/x86_64-linux-gnu/libpangocairo-1.0.so.0.4000.1
7f7eaaf31000-7f7eaaf32000 rw-p 0000c000 08:05 2239753                    /usr/lib/x86_64-linux-gnu/libpangocairo-1.0.so.0.4000.1
7f7eaaf32000-7f7eaaf53000 r-xp 00000000 08:05 2239234                    /usr/lib/x86_64-linux-gnu/libgdk_pixbuf-2.0.so.0.3400.0
7f7eaaf53000-7f7eab152000 ---p 00021000 08:05 2239234                    /usr/lib/x86_64-linux-gnu/libgdk_pixbuf-2.0.so.0.3400.0
7f7eab152000-7f7eab153000 r--p 00020000 08:05 2239234                    /usr/lib/x86_64-linux-gnu/libgdk_pixbuf-2.0.so.0.3400.0
7f7eab153000-7f7eab154000 rw-p 00021000 08:05 2239234                    /usr/lib/x86_64-linux-gnu/libgdk_pixbuf-2.0.so.0.3400.0
7f7eab154000-7f7eab168000 r-xp 00000000 08:05 2239755                    /usr/lib/x86_64-linux-gnu/libpangoft2-1.0.so.0.4000.1
7f7eab168000-7f7eab368000 ---p 00014000 08:05 2239755                    /usr/lib/x86_64-linux-gnu/libpangoft2-1.0.so.0.4000.1
7f7eab368000-7f7eab369000 r--p 00014000 08:05 2239755                    /usr/lib/x86_64-linux-gnu/libpangoft2-1.0.so.0.4000.1
7f7eab369000-7f7eab36a000 rw-p 00015000 08:05 2239755                    /usr/lib/x86_64-linux-gnu/libpangoft2-1.0.so.0.4000.1
7f7eab36a000-7f7eab4f7000 r-xp 00000000 08:05 2228637                    /usr/lib/x86_64-linux-gnu/libgio-2.0.so.0.5000.2
7f7eab4f7000-7f7eab6f6000 ---p 0018d000 08:05 2228637                    /usr/lib/x86_64-linux-gnu/libgio-2.0.so.0.5000.2
7f7eab6f6000-7f7eab6fb000 r--p 0018c000 08:05 2228637                    /usr/lib/x86_64-linux-gnu/libgio-2.0.so.0.5000.2
7f7eab6fb000-7f7eab6fe000 rw-p 00191000 08:05 2228637                    /usr/lib/x86_64-linux-gnu/libgio-2.0.so.0.5000.2
7f7eab6fe000-7f7eab6ff000 rw-p 00000000 00:00 0 
7f7eab6ff000-7f7eab7af000 r-xp 00000000 08:05 2234326                    /usr/lib/x86_64-linux-gnu/libgdk-x11-2.0.so.0.2400.30
7f7eab7af000-7f7eab9ae000 ---p 000b0000 08:05 2234326                    /usr/lib/x86_64-linux-gnu/libgdk-x11-2.0.so.0.2400.30
7f7eab9ae000-7f7eab9b2000 r--p 000af000 08:05 2234326                    /usr/lib/x86_64-linux-gnu/libgdk-x11-2.0.so.0.2400.30
7f7eab9b2000-7f7eab9b4000 rw-p 000b3000 08:05 2234326                    /usr/lib/x86_64-linux-gnu/libgdk-x11-2.0.so.0.2400.30
7f7eab9b4000-7f7eabdf2000 r-xp 00000000 08:05 2234327                    /usr/lib/x86_64-linux-gnu/libgtk-x11-2.0.so.0.2400.30
7f7eabdf2000-7f7eabff2000 ---p 0043e000 08:05 2234327                    /usr/lib/x86_64-linux-gnu/libgtk-x11-2.0.so.0.2400.30
7f7eabff2000-7f7eabff9000 r--p 0043e000 08:05 2234327                    /usr/lib/x86_64-linux-gnu/libgtk-x11-2.0.so.0.2400.30
7f7eabff9000-7f7eabffd000 rw-p 00445000 08:05 2234327                    /usr/lib/x86_64-linux-gnu/libgtk-x11-2.0.so.0.2400.30
7f7eabffd000-7f7eac000000 rw-p 00000000 00:00 0 
7f7eac000000-7f7eac021000 rw-p 00000000 00:00 0 
7f7eac021000-7f7eb0000000 ---p 00000000 00:00 0 
7f7eb0001000-7f7eb000d000 rw-s 00000000 00:05 437340                     /drm mm object (deleted)
7f7eb000d000-7f7eb005b000 r--p 00000000 08:05 2243420                    /usr/lib/jvm/java-8-oracle/jre/lib/fonts/LucidaSansDemiBold.ttf
7f7eb005b000-7f7eb007d000 r-xp 00000000 08:05 2238844                    /usr/lib/x86_64-linux-gnu/libatk-1.0.so.0.22009.1
7f7eb007d000-7f7eb027c000 ---p 00022000 08:05 2238844                    /usr/lib/x86_64-linux-gnu/libatk-1.0.so.0.22009.1
7f7eb027c000-7f7eb027f000 r--p 00021000 08:05 2238844                    /usr/lib/x86_64-linux-gnu/libatk-1.0.so.0.22009.1
7f7eb027f000-7f7eb0280000 rw-p 00024000 08:05 2238844                    /usr/lib/x86_64-linux-gnu/libatk-1.0.so.0.22009.1
7f7eb0280000-7f7eb4000000 rw-p 00000000 00:00 0 
7f7eb4000000-7f7eb4021000 rw-p 00000000 00:00 0 
7f7eb4021000-7f7eb8000000 ---p 00000000 00:00 0 
7f7eb8003000-7f7eb8005000 rw-s 102da0000 00:06 391                       /dev/dri/card0
7f7eb8005000-7f7eb8018000 r--p 00000000 08:05 2243414                    /usr/lib/jvm/java-8-oracle/jre/lib/fonts/LucidaBrightDemiBold.ttf
7f7eb8018000-7f7eb802c000 r--p 00000000 08:05 2243417                    /usr/lib/jvm/java-8-oracle/jre/lib/fonts/LucidaBrightItalic.ttf
7f7eb802c000-7f7eb803f000 r--p 00000000 08:05 2243421                    /usr/lib/jvm/java-8-oracle/jre/lib/fonts/LucidaBrightDemiItalic.ttf
7f7eb803f000-7f7eb8044000 r--s 00084000 08:05 2243424                    /usr/lib/jvm/java-8-oracle/jre/lib/jfr.jar
7f7eb8044000-7f7eb804f000 r--s 00000000 08:05 279298                     /var/cache/fontconfig/945677eb7aeaf62f1d50efc3fb3ec7d8-le64.cache-6
7f7eb804f000-7f7eb8055000 r--s 00000000 08:05 279279                     /var/cache/fontconfig/2cd17615ca594fa2959ae173292e504c-le64.cache-6
7f7eb8055000-7f7eb8056000 r--s 00000000 08:05 279276                     /var/cache/fontconfig/0d8c3b2ac0904cb8a57a757ad11a4a08-le64.cache-6
7f7eb8056000-7f7eb806b000 r--s 00000000 08:05 279272                     /var/cache/fontconfig/04aabc0a78ac019cf9454389977116d2-le64.cache-6
7f7eb806b000-7f7eb806c000 r--s 00000000 08:05 279278                     /var/cache/fontconfig/1ac9eb803944fde146138c791f5cc56a-le64.cache-6
7f7eb806c000-7f7eb8070000 r--s 00000000 08:05 279283                     /var/cache/fontconfig/385c0604a188198f04d133e54aba7fe7-le64.cache-6
7f7eb8070000-7f7eb8071000 r--s 00000000 08:05 279311                     /var/cache/fontconfig/dc05db6664285cc2f12bf69c139ae4c3-le64.cache-6
7f7eb8071000-7f7eb8074000 r--s 00000000 08:05 279294                     /var/cache/fontconfig/767a8244fc0220cfb567a839d0392e0b-le64.cache-6
7f7eb8074000-7f7eb8075000 r--s 00000000 08:05 276021                     /var/cache/fontconfig/4794a0821666d79190d59a36cb4f44b5-le64.cache-6
7f7eb8075000-7f7eb8076000 r--s 00000000 08:05 279274                     /var/cache/fontconfig/0bd3dc0958fa2205aaaa8ebb13e2872b-le64.cache-6
7f7eb8076000-7f7eb807b000 r--s 00000000 08:05 279297                     /var/cache/fontconfig/8801497958630a81b71ace7c5f9b32a8-le64.cache-6
7f7eb807b000-7f7eb807c000 r--s 00000000 08:05 279304                     /var/cache/fontconfig/bab58bb527bb656aaa9f116d68a48d89-le64.cache-6
7f7eb807c000-7f7eb8082000 r--s 00000000 08:05 279280                     /var/cache/fontconfig/3047814df9a2f067bd2d96a2b9c36e5a-le64.cache-6
7f7eb8082000-7f7eb8083000 r--s 00000000 08:05 279288                     /var/cache/fontconfig/56cf4f4769d0f4abc89a4895d7bd3ae1-le64.cache-6
7f7eb8083000-7f7eb8089000 r--s 00000000 08:05 279302                     /var/cache/fontconfig/b47c4e1ecd0709278f4910c18777a504-le64.cache-6
7f7eb8089000-7f7eb809c000 r--s 00000000 08:05 279308                     /var/cache/fontconfig/d52a8644073d54c13679302ca1180695-le64.cache-6
7f7eb809c000-7f7eb80ae000 r--s 00000000 08:05 279300                     /var/cache/fontconfig/9b89f8e3dae116d678bbf48e5f21f69b-le64.cache-6
7f7eb80ae000-7f7eb80f9000 r--p 00000000 08:05 919055                     /usr/share/glib-2.0/schemas/gschemas.compiled
7f7eb80f9000-7f7eb817b000 r-xp 00000000 08:05 398147                     /lib/x86_64-linux-gnu/libsystemd.so.0.16.0
7f7eb817b000-7f7eb817e000 r--p 00081000 08:05 398147                     /lib/x86_64-linux-gnu/libsystemd.so.0.16.0
7f7eb817e000-7f7eb817f000 rw-p 00084000 08:05 398147                     /lib/x86_64-linux-gnu/libsystemd.so.0.16.0
7f7eb817f000-7f7eb8180000 rw-p 00000000 00:00 0 
7f7eb8180000-7f7eb819e000 r-xp 00000000 08:05 398393                     /lib/x86_64-linux-gnu/libudev.so.1.6.5
7f7eb819e000-7f7eb819f000 ---p 0001e000 08:05 398393                     /lib/x86_64-linux-gnu/libudev.so.1.6.5
7f7eb819f000-7f7eb81a0000 r--p 0001e000 08:05 398393                     /lib/x86_64-linux-gnu/libudev.so.1.6.5
7f7eb81a0000-7f7eb81a1000 rw-p 0001f000 08:05 398393                     /lib/x86_64-linux-gnu/libudev.so.1.6.5
7f7eb81a1000-7f7eb81a2000 r--s 00000000 08:05 279303                     /var/cache/fontconfig/b9d506c9ac06c20b433354fa67a72993-le64.cache-6
7f7eb81a2000-7f7eb81a6000 r--s 00000000 08:05 279309                     /var/cache/fontconfig/d589a48862398ed80a3d6066f4f56f4c-le64.cache-6
7f7eb81a6000-7f7eb81b1000 r--s 00000000 08:05 279296                     /var/cache/fontconfig/83bf95040141907cd45bb53cf7c1c148-le64.cache-6
7f7eb81b1000-7f7eb81be000 r--s 00000000 08:05 282756                     /var/cache/fontconfig/e13b20fdb08344e0e664864cc2ede53d-le64.cache-6
7f7eb81be000-7f7eb81ca000 r-xp 00000000 08:05 2243337                    /usr/lib/jvm/java-8-oracle/jre/lib/amd64/libprism_es2.so
7f7eb81ca000-7f7eb83c9000 ---p 0000c000 08:05 2243337                    /usr/lib/jvm/java-8-oracle/jre/lib/amd64/libprism_es2.so
7f7eb83c9000-7f7eb83ca000 rw-p 0000b000 08:05 2243337                    /usr/lib/jvm/java-8-oracle/jre/lib/amd64/libprism_es2.so
7f7eb83ca000-7f7eb83cd000 ---p 00000000 00:00 0 
7f7eb83cd000-7f7eb84cb000 rw-p 00000000 00:00 0 
7f7eb84cb000-7f7eb84ce000 ---p 00000000 00:00 0 
7f7eb84ce000-7f7eb85cc000 rw-p 00000000 00:00 0 
7f7eb85cc000-7f7eb85cf000 ---p 00000000 00:00 0 
7f7eb85cf000-7f7eb86cd000 rw-p 00000000 00:00 0 
7f7eb86cd000-7f7eb8762000 r--s 01109000 08:05 2243401                    /usr/lib/jvm/java-8-oracle/jre/lib/ext/jfxrt.jar
7f7eb8762000-7f7eb8763000 ---p 00000000 00:00 0 
7f7eb8763000-7f7eb8863000 rw-p 00000000 00:00 0 
7f7eb8863000-7f7eb8866000 ---p 00000000 00:00 0 
7f7eb8866000-7f7eb8964000 rw-p 00000000 00:00 0 
7f7eb8964000-7f7eb8967000 ---p 00000000 00:00 0 
7f7eb8967000-7f7eb8a65000 rw-p 00000000 00:00 0 
7f7eb8a65000-7f7eb8a68000 ---p 00000000 00:00 0 
7f7eb8a68000-7f7eb8b66000 rw-p 00000000 00:00 0 
7f7eb8b66000-7f7eb8b69000 ---p 00000000 00:00 0 
7f7eb8b69000-7f7eb8c67000 rw-p 00000000 00:00 0 
7f7eb8c67000-7f7eb8c6a000 ---p 00000000 00:00 0 
7f7eb8c6a000-7f7eb8d68000 rw-p 00000000 00:00 0 
7f7eb8d68000-7f7eb91c2000 r--p 00000000 08:05 2229872                    /usr/lib/locale/locale-archive
7f7eb91c2000-7f7eb91c5000 ---p 00000000 00:00 0 
7f7eb91c5000-7f7eb92c3000 rw-p 00000000 00:00 0 
7f7eb92c3000-7f7eb92c6000 ---p 00000000 00:00 0 
7f7eb92c6000-7f7eb93c4000 rw-p 00000000 00:00 0 
7f7eb93c4000-7f7eb93c5000 ---p 00000000 00:00 0 
7f7eb93c5000-7f7eba486000 rw-p 00000000 00:00 0 
7f7eba486000-7f7eba65f000 r--s 03d3e000 08:05 2243317                    /usr/lib/jvm/java-8-oracle/jre/lib/rt.jar
7f7eba65f000-7f7ebb237000 rw-p 00000000 00:00 0 
7f7ebb237000-7f7ebb238000 ---p 00000000 00:00 0 
7f7ebb238000-7f7ebb338000 rw-p 00000000 00:00 0 
7f7ebb338000-7f7ebb339000 ---p 00000000 00:00 0 
7f7ebb339000-7f7ebb439000 rw-p 00000000 00:00 0 
7f7ebb439000-7f7ebb43a000 ---p 00000000 00:00 0 
7f7ebb43a000-7f7ebb564000 rw-p 00000000 00:00 0 
7f7ebb564000-7f7ebb7ca000 ---p 00000000 00:00 0 
7f7ebb7ca000-7f7ebb7f4000 rw-p 00000000 00:00 0 
7f7ebb7f4000-7f7ebba5a000 ---p 00000000 00:00 0 
7f7ebba5a000-7f7ebba6f000 rw-p 00000000 00:00 0 
7f7ebba6f000-7f7ebbba2000 ---p 00000000 00:00 0 
7f7ebbba2000-7f7ebbbb4000 rw-p 00000000 00:00 0 
7f7ebbbb4000-7f7ebbf63000 ---p 00000000 00:00 0 
7f7ebbf63000-7f7ebc3a3000 rwxp 00000000 00:00 0 
7f7ebc3a3000-7f7ecaf63000 ---p 00000000 00:00 0 
7f7ecaf63000-7f7ecaf7d000 r-xp 00000000 08:05 2243348                    /usr/lib/jvm/java-8-oracle/jre/lib/amd64/libzip.so
7f7ecaf7d000-7f7ecb17d000 ---p 0001a000 08:05 2243348                    /usr/lib/jvm/java-8-oracle/jre/lib/amd64/libzip.so
7f7ecb17d000-7f7ecb17e000 rw-p 0001a000 08:05 2243348                    /usr/lib/jvm/java-8-oracle/jre/lib/amd64/libzip.so
7f7ecb17e000-7f7ecb189000 r-xp 00000000 08:05 409756                     /lib/x86_64-linux-gnu/libnss_files-2.24.so
7f7ecb189000-7f7ecb388000 ---p 0000b000 08:05 409756                     /lib/x86_64-linux-gnu/libnss_files-2.24.so
7f7ecb388000-7f7ecb389000 r--p 0000a000 08:05 409756                     /lib/x86_64-linux-gnu/libnss_files-2.24.so
7f7ecb389000-7f7ecb38a000 rw-p 0000b000 08:05 409756                     /lib/x86_64-linux-gnu/libnss_files-2.24.so
7f7ecb38a000-7f7ecb390000 rw-p 00000000 00:00 0 
7f7ecb390000-7f7ecb39b000 r-xp 00000000 08:05 409758                     /lib/x86_64-linux-gnu/libnss_nis-2.24.so
7f7ecb39b000-7f7ecb59a000 ---p 0000b000 08:05 409758                     /lib/x86_64-linux-gnu/libnss_nis-2.24.so
7f7ecb59a000-7f7ecb59b000 r--p 0000a000 08:05 409758                     /lib/x86_64-linux-gnu/libnss_nis-2.24.so
7f7ecb59b000-7f7ecb59c000 rw-p 0000b000 08:05 409758                     /lib/x86_64-linux-gnu/libnss_nis-2.24.so
7f7ecb59c000-7f7ecb5b2000 r-xp 00000000 08:05 409753                     /lib/x86_64-linux-gnu/libnsl-2.24.so
7f7ecb5b2000-7f7ecb7b1000 ---p 00016000 08:05 409753                     /lib/x86_64-linux-gnu/libnsl-2.24.so
7f7ecb7b1000-7f7ecb7b2000 r--p 00015000 08:05 409753                     /lib/x86_64-linux-gnu/libnsl-2.24.so
7f7ecb7b2000-7f7ecb7b3000 rw-p 00016000 08:05 409753                     /lib/x86_64-linux-gnu/libnsl-2.24.so
7f7ecb7b3000-7f7ecb7b5000 rw-p 00000000 00:00 0 
7f7ecb7b5000-7f7ecb7bd000 r-xp 00000000 08:05 409754                     /lib/x86_64-linux-gnu/libnss_compat-2.24.so
7f7ecb7bd000-7f7ecb9bc000 ---p 00008000 08:05 409754                     /lib/x86_64-linux-gnu/libnss_compat-2.24.so
7f7ecb9bc000-7f7ecb9bd000 r--p 00007000 08:05 409754                     /lib/x86_64-linux-gnu/libnss_compat-2.24.so
7f7ecb9bd000-7f7ecb9be000 rw-p 00008000 08:05 409754                     /lib/x86_64-linux-gnu/libnss_compat-2.24.so
7f7ecb9be000-7f7ecb9e9000 r-xp 00000000 08:05 2243375                    /usr/lib/jvm/java-8-oracle/jre/lib/amd64/libjava.so
7f7ecb9e9000-7f7ecbbe8000 ---p 0002b000 08:05 2243375                    /usr/lib/jvm/java-8-oracle/jre/lib/amd64/libjava.so
7f7ecbbe8000-7f7ecbbea000 rw-p 0002a000 08:05 2243375                    /usr/lib/jvm/java-8-oracle/jre/lib/amd64/libjava.so
7f7ecbbea000-7f7ecbbf7000 r-xp 00000000 08:05 2243326                    /usr/lib/jvm/java-8-oracle/jre/lib/amd64/libverify.so
7f7ecbbf7000-7f7ecbdf6000 ---p 0000d000 08:05 2243326                    /usr/lib/jvm/java-8-oracle/jre/lib/amd64/libverify.so
7f7ecbdf6000-7f7ecbdf8000 rw-p 0000c000 08:05 2243326                    /usr/lib/jvm/java-8-oracle/jre/lib/amd64/libverify.so
7f7ecbdf8000-7f7ecbdff000 r-xp 00000000 08:05 409763                     /lib/x86_64-linux-gnu/librt-2.24.so
7f7ecbdff000-7f7ecbffe000 ---p 00007000 08:05 409763                     /lib/x86_64-linux-gnu/librt-2.24.so
7f7ecbffe000-7f7ecbfff000 r--p 00006000 08:05 409763                     /lib/x86_64-linux-gnu/librt-2.24.so
7f7ecbfff000-7f7ecc000000 rw-p 00007000 08:05 409763                     /lib/x86_64-linux-gnu/librt-2.24.so
7f7ecc000000-7f7ecc169000 rw-p 00000000 00:00 0 
7f7ecc169000-7f7ed0000000 ---p 00000000 00:00 0 
7f7ed0000000-7f7ed0001000 r--s 00000000 08:05 279287                     /var/cache/fontconfig/551ecf3b0e8b0bca0f25c0944f561853-le64.cache-6
7f7ed0001000-7f7ed0002000 r--s 00000000 08:05 279284                     /var/cache/fontconfig/3f7329c5293ffd510edef78f73874cfd-le64.cache-6
7f7ed0002000-7f7ed0003000 r--s 00000000 08:05 279281                     /var/cache/fontconfig/30829fa25452a46451e813d634d7f916-le64.cache-6
7f7ed0003000-7f7ed0006000 r--s 00000000 08:05 279293                     /var/cache/fontconfig/75114ca45c98e8a441da0ff356701271-le64.cache-6
7f7ed0006000-7f7ed000e000 rw-s 00000000 00:05 437339                     /drm mm object (deleted)
7f7ed000e000-7f7ed00a5000 rw-p 00000000 00:00 0 
7f7ed00a5000-7f7ed00a6000 ---p 00000000 00:00 0 
7f7ed00a6000-7f7ed01a6000 rw-p 00000000 00:00 0 
7f7ed01a6000-7f7ed02ae000 r-xp 00000000 08:05 409750                     /lib/x86_64-linux-gnu/libm-2.24.so
7f7ed02ae000-7f7ed04ad000 ---p 00108000 08:05 409750                     /lib/x86_64-linux-gnu/libm-2.24.so
7f7ed04ad000-7f7ed04ae000 r--p 00107000 08:05 409750                     /lib/x86_64-linux-gnu/libm-2.24.so
7f7ed04ae000-7f7ed04af000 rw-p 00108000 08:05 409750                     /lib/x86_64-linux-gnu/libm-2.24.so
7f7ed04af000-7f7ed117d000 r-xp 00000000 08:05 2243379                    /usr/lib/jvm/java-8-oracle/jre/lib/amd64/server/libjvm.so
7f7ed117d000-7f7ed137d000 ---p 00cce000 08:05 2243379                    /usr/lib/jvm/java-8-oracle/jre/lib/amd64/server/libjvm.so
7f7ed137d000-7f7ed1456000 rw-p 00cce000 08:05 2243379                    /usr/lib/jvm/java-8-oracle/jre/lib/amd64/server/libjvm.so
7f7ed1456000-7f7ed14a1000 rw-p 00000000 00:00 0 
7f7ed14a1000-7f7ed165e000 r-xp 00000000 08:05 409746                     /lib/x86_64-linux-gnu/libc-2.24.so
7f7ed165e000-7f7ed185e000 ---p 001bd000 08:05 409746                     /lib/x86_64-linux-gnu/libc-2.24.so
7f7ed185e000-7f7ed1862000 r--p 001bd000 08:05 409746                     /lib/x86_64-linux-gnu/libc-2.24.so
7f7ed1862000-7f7ed1864000 rw-p 001c1000 08:05 409746                     /lib/x86_64-linux-gnu/libc-2.24.so
7f7ed1864000-7f7ed1868000 rw-p 00000000 00:00 0 
7f7ed1868000-7f7ed186b000 r-xp 00000000 08:05 409749                     /lib/x86_64-linux-gnu/libdl-2.24.so
7f7ed186b000-7f7ed1a6a000 ---p 00003000 08:05 409749                     /lib/x86_64-linux-gnu/libdl-2.24.so
7f7ed1a6a000-7f7ed1a6b000 r--p 00002000 08:05 409749                     /lib/x86_64-linux-gnu/libdl-2.24.so
7f7ed1a6b000-7f7ed1a6c000 rw-p 00003000 08:05 409749                     /lib/x86_64-linux-gnu/libdl-2.24.so
7f7ed1a6c000-7f7ed1a81000 r-xp 00000000 08:05 2242460                    /usr/lib/jvm/java-8-oracle/lib/amd64/jli/libjli.so
7f7ed1a81000-7f7ed1c81000 ---p 00015000 08:05 2242460                    /usr/lib/jvm/java-8-oracle/lib/amd64/jli/libjli.so
7f7ed1c81000-7f7ed1c82000 rw-p 00015000 08:05 2242460                    /usr/lib/jvm/java-8-oracle/lib/amd64/jli/libjli.so
7f7ed1c82000-7f7ed1c9a000 r-xp 00000000 08:05 409761                     /lib/x86_64-linux-gnu/libpthread-2.24.so
7f7ed1c9a000-7f7ed1e9a000 ---p 00018000 08:05 409761                     /lib/x86_64-linux-gnu/libpthread-2.24.so
7f7ed1e9a000-7f7ed1e9b000 r--p 00018000 08:05 409761                     /lib/x86_64-linux-gnu/libpthread-2.24.so
7f7ed1e9b000-7f7ed1e9c000 rw-p 00019000 08:05 409761                     /lib/x86_64-linux-gnu/libpthread-2.24.so
7f7ed1e9c000-7f7ed1ea0000 rw-p 00000000 00:00 0 
7f7ed1ea0000-7f7ed1ec5000 r-xp 00000000 08:05 409742                     /lib/x86_64-linux-gnu/ld-2.24.so
7f7ed1ec5000-7f7ed1ec9000 r--s 00000000 08:05 276027                     /var/cache/fontconfig/7ef2298fde41cc6eeb7af42e48b7d293-le64.cache-6
7f7ed1ec9000-7f7ed1ed1000 rw-s 00000000 00:05 436203                     /drm mm object (deleted)
7f7ed1ed1000-7f7ed1ed6000 r--p 00000000 08:05 546316                     /home/daan/.config/dconf/user
7f7ed1ed6000-7f7ed1fa1000 rw-p 00000000 00:00 0 
7f7ed1fa1000-7f7ed1fa4000 ---p 00000000 00:00 0 
7f7ed1fa4000-7f7ed20a4000 rw-p 00000000 00:00 0 
7f7ed20a4000-7f7ed20a5000 r--s 00000000 08:05 279275                     /var/cache/fontconfig/0c9eb80ebd1c36541ebe2852d3bb0c49-le64.cache-6
7f7ed20a7000-7f7ed20a8000 r--s 00000000 00:2c 60                         /run/user/1000/dconf/user
7f7ed20a8000-7f7ed20b0000 rw-s 00000000 00:05 438333                     /drm mm object (deleted)
7f7ed20b0000-7f7ed20b7000 r--s 00000000 08:05 148080                     /usr/lib/x86_64-linux-gnu/gconv/gconv-modules.cache
7f7ed20b7000-7f7ed20bf000 rw-s 00000000 08:05 1311138                    /tmp/hsperfdata_daan/15168
7f7ed20bf000-7f7ed20c0000 rw-p 00000000 00:00 0 
7f7ed20c0000-7f7ed20c1000 r--p 00000000 00:00 0 
7f7ed20c1000-7f7ed20c4000 rw-p 00000000 00:00 0 
7f7ed20c4000-7f7ed20c5000 r--p 00024000 08:05 409742                     /lib/x86_64-linux-gnu/ld-2.24.so
7f7ed20c5000-7f7ed20c6000 rw-p 00025000 08:05 409742                     /lib/x86_64-linux-gnu/ld-2.24.so
7f7ed20c6000-7f7ed20c7000 rw-p 00000000 00:00 0 
7fff77d4a000-7fff77d6b000 rw-p 00000000 00:00 0                          [stack]
7fff77ddd000-7fff77ddf000 r--p 00000000 00:00 0                          [vvar]
7fff77ddf000-7fff77de1000 r-xp 00000000 00:00 0                          [vdso]
ffffffffff600000-ffffffffff601000 r-xp 00000000 00:00 0                  [vsyscall]

VM Arguments:
jvm_args: -Dfile.encoding=UTF-8 
java_command: application.Main
java_class_path (initial): /home/daan/git/IntegrationProject/IntegrationProject/bin:/home/daan/.p2/pool/plugins/org.junit_4.12.0.v201504281640/junit.jar:/home/daan/.p2/pool/plugins/org.hamcrest.core_1.3.0.v201303031735.jar:/home/daan/git/IntegrationProject/IntegrationProject/commons-codec-1.10.jar
Launcher Type: SUN_STANDARD

Environment Variables:
JAVA_HOME=/usr/lib/jvm/java-8-oracle
PATH=/home/daan/bin:/home/daan/.local/bin:/usr/local/sbin:/usr/local/bin:/usr/sbin:/usr/bin:/sbin:/bin:/usr/games:/usr/local/games:/snap/bin:/usr/lib/jvm/java-8-oracle/bin:/usr/lib/jvm/java-8-oracle/db/bin:/usr/lib/jvm/java-8-oracle/jre/bin
SHELL=/bin/bash
DISPLAY=:0

Signal Handlers:
SIGSEGV: [libjvm.so+0xac78c0], sa_mask[0]=11111111011111111101111111111110, sa_flags=SA_RESTART|SA_SIGINFO
SIGBUS: [libjvm.so+0xac78c0], sa_mask[0]=11111111011111111101111111111110, sa_flags=SA_RESTART|SA_SIGINFO
SIGFPE: [libjvm.so+0x920ac0], sa_mask[0]=11111111011111111101111111111110, sa_flags=SA_RESTART|SA_SIGINFO
SIGPIPE: SIG_IGN, sa_mask[0]=00000000000010000000000000000000, sa_flags=SA_RESTART
SIGXFSZ: [libjvm.so+0x920ac0], sa_mask[0]=11111111011111111101111111111110, sa_flags=SA_RESTART|SA_SIGINFO
SIGILL: [libjvm.so+0x920ac0], sa_mask[0]=11111111011111111101111111111110, sa_flags=SA_RESTART|SA_SIGINFO
SIGUSR1: SIG_DFL, sa_mask[0]=00000000000000000000000000000000, sa_flags=none
SIGUSR2: [libjvm.so+0x922300], sa_mask[0]=00100000000000000000000000000000, sa_flags=SA_RESTART|SA_SIGINFO
SIGHUP: [libjvm.so+0x923700], sa_mask[0]=11111111011111111101111111111110, sa_flags=SA_RESTART|SA_SIGINFO
SIGINT: [libjvm.so+0x923700], sa_mask[0]=11111111011111111101111111111110, sa_flags=SA_RESTART|SA_SIGINFO
SIGTERM: [libjvm.so+0x923700], sa_mask[0]=11111111011111111101111111111110, sa_flags=SA_RESTART|SA_SIGINFO
SIGQUIT: [libjvm.so+0x923700], sa_mask[0]=11111111011111111101111111111110, sa_flags=SA_RESTART|SA_SIGINFO


---------------  S Y S T E M  ---------------

OS:DISTRIB_ID=Ubuntu
DISTRIB_RELEASE=16.10
DISTRIB_CODENAME=yakkety
DISTRIB_DESCRIPTION="Ubuntu 16.10"

uname:Linux 4.8.0-46-generic #49-Ubuntu SMP Fri Mar 31 13:57:14 UTC 2017 x86_64
libc:glibc 2.24 NPTL 2.24 
rlimit: STACK 8192k, CORE 0k, NPROC 30976, NOFILE 4096, AS infinity
load average:0,94 0,46 0,29

/proc/meminfo:
MemTotal:        8054856 kB
MemFree:         3313884 kB
MemAvailable:    4628284 kB
Buffers:           99704 kB
Cached:          1942296 kB
SwapCached:            0 kB
Active:          3289992 kB
Inactive:        1178768 kB
Active(anon):    2428180 kB
Inactive(anon):   556308 kB
Active(file):     861812 kB
Inactive(file):   622460 kB
Unevictable:         128 kB
Mlocked:             128 kB
SwapTotal:       8268796 kB
SwapFree:        8268796 kB
Dirty:               168 kB
Writeback:             0 kB
AnonPages:       2368032 kB
Mapped:           443548 kB
Shmem:            557732 kB
Slab:             153540 kB
SReclaimable:      99444 kB
SUnreclaim:        54096 kB
KernelStack:       11424 kB
PageTables:        45316 kB
NFS_Unstable:          0 kB
Bounce:                0 kB
WritebackTmp:          0 kB
CommitLimit:    12296224 kB
Committed_AS:    7318708 kB
VmallocTotal:   34359738367 kB
VmallocUsed:           0 kB
VmallocChunk:          0 kB
HardwareCorrupted:     0 kB
AnonHugePages:   1509376 kB
ShmemHugePages:        0 kB
ShmemPmdMapped:        0 kB
CmaTotal:              0 kB
CmaFree:               0 kB
HugePages_Total:       0
HugePages_Free:        0
HugePages_Rsvd:        0
HugePages_Surp:        0
Hugepagesize:       2048 kB
DirectMap4k:      187984 kB
DirectMap2M:     5984256 kB
DirectMap1G:     2097152 kB


CPU:total 4 (2 cores per cpu, 2 threads per core) family 6 model 78 stepping 3, cmov, cx8, fxsr, mmx, sse, sse2, sse3, ssse3, sse4.1, sse4.2, popcnt, avx, avx2, aes, clmul, erms, 3dnowpref, lzcnt, ht, tsc, tscinvbit, bmi1, bmi2, adx

/proc/cpuinfo:
processor	: 0
vendor_id	: GenuineIntel
cpu family	: 6
model		: 78
model name	: Intel(R) Core(TM) i5-6200U CPU @ 2.30GHz
stepping	: 3
microcode	: 0x9e
cpu MHz		: 2700.000
cache size	: 3072 KB
physical id	: 0
siblings	: 4
core id		: 0
cpu cores	: 2
apicid		: 0
initial apicid	: 0
fpu		: yes
fpu_exception	: yes
cpuid level	: 22
wp		: yes
flags		: fpu vme de pse tsc msr pae mce cx8 apic sep mtrr pge mca cmov pat pse36 clflush dts acpi mmx fxsr sse sse2 ss ht tm pbe syscall nx pdpe1gb rdtscp lm constant_tsc art arch_perfmon pebs bts rep_good nopl xtopology nonstop_tsc aperfmperf eagerfpu pni pclmulqdq dtes64 monitor ds_cpl vmx est tm2 ssse3 sdbg fma cx16 xtpr pdcm pcid sse4_1 sse4_2 x2apic movbe popcnt tsc_deadline_timer aes xsave avx f16c rdrand lahf_lm abm 3dnowprefetch epb intel_pt tpr_shadow vnmi flexpriority ept vpid fsgsbase tsc_adjust bmi1 avx2 smep bmi2 erms invpcid mpx rdseed adx smap clflushopt xsaveopt xsavec xgetbv1 xsaves dtherm ida arat pln pts hwp hwp_notify hwp_act_window hwp_epp
bugs		:
bogomips	: 4800.00
clflush size	: 64
cache_alignment	: 64
address sizes	: 39 bits physical, 48 bits virtual
power management:

processor	: 1
vendor_id	: GenuineIntel
cpu family	: 6
model		: 78
model name	: Intel(R) Core(TM) i5-6200U CPU @ 2.30GHz
stepping	: 3
microcode	: 0x9e
cpu MHz		: 2700.000
cache size	: 3072 KB
physical id	: 0
siblings	: 4
core id		: 1
cpu cores	: 2
apicid		: 2
initial apicid	: 2
fpu		: yes
fpu_exception	: yes
cpuid level	: 22
wp		: yes
flags		: fpu vme de pse tsc msr pae mce cx8 apic sep mtrr pge mca cmov pat pse36 clflush dts acpi mmx fxsr sse sse2 ss ht tm pbe syscall nx pdpe1gb rdtscp lm constant_tsc art arch_perfmon pebs bts rep_good nopl xtopology nonstop_tsc aperfmperf eagerfpu pni pclmulqdq dtes64 monitor ds_cpl vmx est tm2 ssse3 sdbg fma cx16 xtpr pdcm pcid sse4_1 sse4_2 x2apic movbe popcnt tsc_deadline_timer aes xsave avx f16c rdrand lahf_lm abm 3dnowprefetch epb intel_pt tpr_shadow vnmi flexpriority ept vpid fsgsbase tsc_adjust bmi1 avx2 smep bmi2 erms invpcid mpx rdseed adx smap clflushopt xsaveopt xsavec xgetbv1 xsaves dtherm ida arat pln pts hwp hwp_notify hwp_act_window hwp_epp
bugs		:
bogomips	: 4800.00
clflush size	: 64
cache_alignment	: 64
address sizes	: 39 bits physical, 48 bits virtual
power management:

processor	: 2
vendor_id	: GenuineIntel
cpu family	: 6
model		: 78
model name	: Intel(R) Core(TM) i5-6200U CPU @ 2.30GHz
stepping	: 3
microcode	: 0x9e
cpu MHz		: 2699.853
cache size	: 3072 KB
physical id	: 0
siblings	: 4
core id		: 0
cpu cores	: 2
apicid		: 1
initial apicid	: 1
fpu		: yes
fpu_exception	: yes
cpuid level	: 22
wp		: yes
flags		: fpu vme de pse tsc msr pae mce cx8 apic sep mtrr pge mca cmov pat pse36 clflush dts acpi mmx fxsr sse sse2 ss ht tm pbe syscall nx pdpe1gb rdtscp lm constant_tsc art arch_perfmon pebs bts rep_good nopl xtopology nonstop_tsc aperfmperf eagerfpu pni pclmulqdq dtes64 monitor ds_cpl vmx est tm2 ssse3 sdbg fma cx16 xtpr pdcm pcid sse4_1 sse4_2 x2apic movbe popcnt tsc_deadline_timer aes xsave avx f16c rdrand lahf_lm abm 3dnowprefetch epb intel_pt tpr_shadow vnmi flexpriority ept vpid fsgsbase tsc_adjust bmi1 avx2 smep bmi2 erms invpcid mpx rdseed adx smap clflushopt xsaveopt xsavec xgetbv1 xsaves dtherm ida arat pln pts hwp hwp_notify hwp_act_window hwp_epp
bugs		:
bogomips	: 4800.00
clflush size	: 64
cache_alignment	: 64
address sizes	: 39 bits physical, 48 bits virtual
power management:

processor	: 3
vendor_id	: GenuineIntel
cpu family	: 6
model		: 78
model name	: Intel(R) Core(TM) i5-6200U CPU @ 2.30GHz
stepping	: 3
microcode	: 0x9e
cpu MHz		: 2699.853
cache size	: 3072 KB
physical id	: 0
siblings	: 4
core id		: 1
cpu cores	: 2
apicid		: 3
initial apicid	: 3
fpu		: yes
fpu_exception	: yes
cpuid level	: 22
wp		: yes
flags		: fpu vme de pse tsc msr pae mce cx8 apic sep mtrr pge mca cmov pat pse36 clflush dts acpi mmx fxsr sse sse2 ss ht tm pbe syscall nx pdpe1gb rdtscp lm constant_tsc art arch_perfmon pebs bts rep_good nopl xtopology nonstop_tsc aperfmperf eagerfpu pni pclmulqdq dtes64 monitor ds_cpl vmx est tm2 ssse3 sdbg fma cx16 xtpr pdcm pcid sse4_1 sse4_2 x2apic movbe popcnt tsc_deadline_timer aes xsave avx f16c rdrand lahf_lm abm 3dnowprefetch epb intel_pt tpr_shadow vnmi flexpriority ept vpid fsgsbase tsc_adjust bmi1 avx2 smep bmi2 erms invpcid mpx rdseed adx smap clflushopt xsaveopt xsavec xgetbv1 xsaves dtherm ida arat pln pts hwp hwp_notify hwp_act_window hwp_epp
bugs		:
bogomips	: 4800.00
clflush size	: 64
cache_alignment	: 64
address sizes	: 39 bits physical, 48 bits virtual
power management:



Memory: 4k page, physical 8054856k(3313884k free), swap 8268796k(8268796k free)

vm_info: Java HotSpot(TM) 64-Bit Server VM (25.121-b13) for linux-amd64 JRE (1.8.0_121-b13), built on Dec 12 2016 16:36:53 by "java_re" with gcc 4.3.0 20080428 (Red Hat 4.3.0-8)

time: Thu Apr 13 15:16:07 2017
elapsed time: 4 seconds (0d 0h 0m 4s)

