#
# A fatal error has been detected by the Java Runtime Environment:
#
#  SIGSEGV (0xb) at pc=0x00007f04a11238f8, pid=22748, tid=0x00007f0436262700
#
# JRE version: Java(TM) SE Runtime Environment (8.0_121-b13) (build 1.8.0_121-b13)
# Java VM: Java HotSpot(TM) 64-Bit Server VM (25.121-b13 mixed mode linux-amd64 compressed oops)
# Problematic frame:
# V  [libjvm.so+0x6d28f8]  jni_invoke_nonstatic(JNIEnv_*, JavaValue*, _jobject*, JNICallType, _jmethodID*, JNI_ArgumentPusher*, Thread*)+0x38
#
# Failed to write core dump. Core dumps have been disabled. To enable core dumping, try "ulimit -c unlimited" before starting Java again
#
# If you would like to submit a bug report, please visit:
#   http://bugreport.java.com/bugreport/crash.jsp
#

---------------  T H R E A D  ---------------

Current thread (0x00007f044c106000):  JavaThread "JavaFX Application Thread" [_thread_in_vm, id=22775, stack(0x00007f0436162000,0x00007f0436263000)]

siginfo: si_signo: 11 (SIGSEGV), si_code: 1 (SEGV_MAPERR), si_addr: 0x00007f0400000000

Registers:
RAX=0x00007f0436261240, RBX=0x00007f0436261150, RCX=0x0000000000000001, RDX=0x00007f0400000000
RSP=0x00007f0436260fa0, RBP=0x00007f0436261120, RSI=0x00007f04362611b0, RDI=0x00007f044c1061f8
R8 =0x00007f044c04ff98, R9 =0x00007f0436261150, R10=0x00007f0424000a50, R11=0x00007f0436260b00
R12=0x00007f044c106000, R13=0x00007f044c04ff98, R14=0x0000000000000001, R15=0x00007f044c1061f8
RIP=0x00007f04a11238f8, EFLAGS=0x0000000000010206, CSGSFS=0x002b000000000033, ERR=0x0000000000000004
  TRAPNO=0x000000000000000e

Top of Stack: (sp=0x00007f0436260fa0)
0x00007f0436260fa0:   00007f04362616a0 00007f04362612c0
0x00007f0436260fb0:   00007f0436261000 00007f0436261080
0x00007f0436260fc0:   00007f0436261150 00007f04362611b0
0x00007f0436260fd0:   00007f044c1061f8 00007f04a1143400
0x00007f0436260fe0:   00007f046404d780 00007f046404d790
0x00007f0436260ff0:   00007f046404db68 00000000000003d8
0x00007f0436261000:   0000000000000000 00000000d81f9f48
0x00007f0436261010:   00007f040000006f 00007f040000000a
0x00007f0436261020:   00000000d8869b60 0000000000000000
0x00007f0436261030:   0000000000000000 0000000000000000
0x00007f0436261040:   00007f048746d688 0000000100000100
0x00007f0436261050:   0000000000000000 00007f0436261008
0x00007f0436261060:   00007f0436261049 0000000800000005
0x00007f0436261070:   0000000000000000 00007f044c105b20
0x00007f0436261080:   00007f04a19b1510 00007f04a249f720
0x00007f0436261090:   000000004c1059b0 00007f044c106000
0x00007f04362610a0:   0000000000000000 00007f04a1123ccb
0x00007f04362610b0:   00007f048747c768 00007f044c106000
0x00007f04362610c0:   00007f048747c768 00007f044c106000
0x00007f04362610d0:   00007f0436261260 00007f048747c768
0x00007f04362610e0:   00007f048747c768 00007f048747c768
0x00007f04362610f0:   00007f046404d780 00007f0436261150
0x00007f0436261100:   00007f044c106000 00007f0436261190
0x00007f0436261110:   00007f044c04ff98 00007f044c1061f8
0x00007f0436261120:   00007f0436261210 00007f04a112809f
0x00007f0436261130:   00007f044c106000 00007f048415dff4
0x00007f0436261140:   00007f0436261228 00007f0400000000
0x00007f0436261150:   00007f04a19b2170 00007f04a249f720
0x00007f0436261160:   00000000362611d0 02f62d6300000063
0x00007f0436261170:   0000000000000000 0000003000000018
0x00007f0436261180:   00007f0436261300 00007f0436261240
0x00007f0436261190:   00007f044c106000 0000000000000000 

Instructions: (pc=0x00007f04a11238f8)
0x00007f04a11238d8:   00 00 48 85 d2 48 89 bd b0 fe ff ff 48 89 b5 a8
0x00007f04a11238e8:   fe ff ff 4c 89 8d a0 fe ff ff 0f 84 78 09 00 00
0x00007f04a11238f8:   4c 8b 22 4d 85 e4 0f 84 6c 09 00 00 48 8b 45 10
0x00007f04a1123908:   48 8b 98 38 01 00 00 48 83 7b 18 f7 0f 87 16 07 

Register to memory mapping:

RAX=0x00007f0436261240 is pointing into the stack for thread: 0x00007f044c106000
RBX=0x00007f0436261150 is pointing into the stack for thread: 0x00007f044c106000
RCX=0x0000000000000001 is an unknown value
RDX=0x00007f0400000000 is an unknown value
RSP=0x00007f0436260fa0 is pointing into the stack for thread: 0x00007f044c106000
RBP=0x00007f0436261120 is pointing into the stack for thread: 0x00007f044c106000
RSI=0x00007f04362611b0 is pointing into the stack for thread: 0x00007f044c106000
RDI=0x00007f044c1061f8 is an unknown value
R8 =0x00007f044c04ff98 is an unknown value
R9 =0x00007f0436261150 is pointing into the stack for thread: 0x00007f044c106000
R10=0x00007f0424000a50 is an unknown value
R11=0x00007f0436260b00 is pointing into the stack for thread: 0x00007f044c106000
R12=0x00007f044c106000 is a thread
R13=0x00007f044c04ff98 is an unknown value
R14=0x0000000000000001 is an unknown value
R15=0x00007f044c1061f8 is an unknown value


Stack: [0x00007f0436162000,0x00007f0436263000],  sp=0x00007f0436260fa0,  free space=1019k
Native frames: (J=compiled Java code, j=interpreted, Vv=VM code, C=native code)
V  [libjvm.so+0x6d28f8]  jni_invoke_nonstatic(JNIEnv_*, JavaValue*, _jobject*, JNICallType, _jmethodID*, JNI_ArgumentPusher*, Thread*)+0x38
V  [libjvm.so+0x6d709f]  jni_CallVoidMethodV+0x10f
C  [libglass.so+0x13e51]  JNIEnv_::CallVoidMethod(_jobject*, _jmethodID*, ...)+0x81
C  [libglass.so+0x1876f]  WindowContextBase::process_key(_GdkEventKey*)+0x20f
C  [libglass.so+0x15fe0]  WindowContextBase::im_filter_keypress(_GdkEventKey*)+0x1c0
C  [libglass.so+0x20a3c]  process_events(_GdkEvent*, void*)+0x22c
C  [libgdk-x11-2.0.so.0+0x5acdc]

Java frames: (J=compiled Java code, j=interpreted, Vv=VM code)
j  com.sun.glass.ui.gtk.GtkApplication._runLoop(Ljava/lang/Runnable;Z)V+0
j  com.sun.glass.ui.gtk.GtkApplication.lambda$null$49(Ljava/lang/Runnable;Z)V+7
j  com.sun.glass.ui.gtk.GtkApplication$$Lambda$43.run()V+12
j  java.lang.Thread.run()V+11
v  ~StubRoutines::call_stub

---------------  P R O C E S S  ---------------

Java Threads: ( => current thread )
  0x00007f049c00a000 JavaThread "DestroyJavaVM" [_thread_blocked, id=22750, stack(0x00007f04a2543000,0x00007f04a2644000)]
  0x00007f049c10e800 JavaThread "Thread-5" [_thread_blocked, id=22780, stack(0x00007f043495c000,0x00007f0434a5d000)]
  0x00007f049c114000 JavaThread "Thread-4" [_thread_in_native, id=22779, stack(0x00007f0434c5d000,0x00007f0434d5e000)]
  0x00007f042416d800 JavaThread "Prism Font Disposer" daemon [_thread_blocked, id=22776, stack(0x00007f043559e000,0x00007f043569f000)]
=>0x00007f044c106000 JavaThread "JavaFX Application Thread" [_thread_in_vm, id=22775, stack(0x00007f0436162000,0x00007f0436263000)]
  0x00007f044c0c9800 JavaThread "Thread-3" daemon [_thread_blocked, id=22774, stack(0x00007f0436263000,0x00007f0436364000)]
  0x00007f044c041800 JavaThread "QuantumRenderer-0" daemon [_thread_blocked, id=22770, stack(0x00007f0484bf5000,0x00007f0484cf6000)]
  0x00007f0448053000 JavaThread "JavaFX-Launcher" [_thread_blocked, id=22769, stack(0x00007f0484cf6000,0x00007f0484df7000)]
  0x00007f049c130000 JavaThread "Thread-0" [_thread_blocked, id=22768, stack(0x00007f0484df7000,0x00007f0484ef8000)]
  0x00007f049c0c1000 JavaThread "Service Thread" daemon [_thread_blocked, id=22765, stack(0x00007f048508e000,0x00007f048518f000)]
  0x00007f049c0be000 JavaThread "C1 CompilerThread2" daemon [_thread_in_native, id=22764, stack(0x00007f048518f000,0x00007f0485290000)]
  0x00007f049c0bc800 JavaThread "C2 CompilerThread1" daemon [_thread_in_native, id=22763, stack(0x00007f0485290000,0x00007f0485391000)]
  0x00007f049c0b9800 JavaThread "C2 CompilerThread0" daemon [_thread_blocked, id=22762, stack(0x00007f0485391000,0x00007f0485492000)]
  0x00007f049c0b8000 JavaThread "Signal Dispatcher" daemon [_thread_blocked, id=22761, stack(0x00007f0485492000,0x00007f0485593000)]
  0x00007f049c084000 JavaThread "Finalizer" daemon [_thread_blocked, id=22760, stack(0x00007f04859ed000,0x00007f0485aee000)]
  0x00007f049c07f800 JavaThread "Reference Handler" daemon [_thread_blocked, id=22759, stack(0x00007f0485aee000,0x00007f0485bef000)]

Other Threads:
  0x00007f049c077800 VMThread [stack: 0x00007f0485bef000,0x00007f0485cf0000] [id=22758]
  0x00007f049c0c4000 WatcherThread [stack: 0x00007f0484f8d000,0x00007f048508e000] [id=22766]

VM state:not at safepoint (normal execution)

VM Mutex/Monitor currently owned by a thread: None

Heap:
 PSYoungGen      total 36864K, used 11102K [0x00000000d7000000, 0x00000000db800000, 0x0000000100000000)
  eden space 31744K, 18% used [0x00000000d7000000,0x00000000d75d9af8,0x00000000d8f00000)
  from space 5120K, 99% used [0x00000000d8f00000,0x00000000d93fe050,0x00000000d9400000)
  to   space 5120K, 0% used [0x00000000db300000,0x00000000db300000,0x00000000db800000)
 ParOldGen       total 84992K, used 657K [0x0000000085000000, 0x000000008a300000, 0x00000000d7000000)
  object space 84992K, 0% used [0x0000000085000000,0x00000000850a4528,0x000000008a300000)
 Metaspace       used 14840K, capacity 15648K, committed 15872K, reserved 1062912K
  class space    used 2244K, capacity 2453K, committed 2560K, reserved 1048576K

Card table byte_map: [0x00007f048be0c000,0x00007f048c1e5000] byte_map_base: 0x00007f048b9e4000

Marking Bits: (ParMarkBitMap*) 0x00007f04a1a15c80
 Begin Bits: [0x00007f0487af9000, 0x00007f04899b9000)
 End Bits:   [0x00007f04899b9000, 0x00007f048b879000)

Polling page: 0x00007f04a2662000

CodeCache: size=245760Kb used=3989Kb max_used=3992Kb free=241770Kb
 bounds [0x00007f048c5a5000, 0x00007f048c995000, 0x00007f049b5a5000]
 total_blobs=1783 nmethods=1158 adapters=538
 compilation: enabled

Compilation events (10 events):
Event: 2,222 Thread 0x00007f049c0b9800 nmethod 1132 0x00007f048c98ba90 code [0x00007f048c98bc40, 0x00007f048c98c178]
Event: 2,226 Thread 0x00007f049c0be000 1158       1       com.sun.javafx.scene.DirtyBits::getMask (5 bytes)
Event: 2,226 Thread 0x00007f049c0be000 nmethod 1158 0x00007f048c98b7d0 code [0x00007f048c98b920, 0x00007f048c98ba30]
Event: 2,226 Thread 0x00007f049c0be000 1148       3       javafx.scene.layout.Region::impl_notifyLayoutBoundsChanged (1 bytes)
Event: 2,226 Thread 0x00007f049c0be000 nmethod 1148 0x00007f048c98b490 code [0x00007f048c98b5e0, 0x00007f048c98b730]
Event: 2,226 Thread 0x00007f049c0be000 1152       3       com.sun.javafx.collections.VetoableListDecorator::get (11 bytes)
Event: 2,227 Thread 0x00007f049c0b9800 1156       4       java.lang.StrictMath::floorOrCeil (128 bytes)
Event: 2,228 Thread 0x00007f049c0be000 nmethod 1152 0x00007f048c98b010 code [0x00007f048c98b180, 0x00007f048c98b3a8]
Event: 2,228 Thread 0x00007f049c0be000 1159       3       javafx.beans.property.DoublePropertyBase::isBound (13 bytes)
Event: 2,229 Thread 0x00007f049c0be000 nmethod 1159 0x00007f048c98ac50 code [0x00007f048c98adc0, 0x00007f048c98af70]

GC Heap History (2 events):
Event: 1,985 GC heap before
{Heap before GC invocations=1 (full 0):
 PSYoungGen      total 36864K, used 31225K [0x00000000d7000000, 0x00000000d9900000, 0x0000000100000000)
  eden space 31744K, 98% used [0x00000000d7000000,0x00000000d8e7e408,0x00000000d8f00000)
  from space 5120K, 0% used [0x00000000d9400000,0x00000000d9400000,0x00000000d9900000)
  to   space 5120K, 0% used [0x00000000d8f00000,0x00000000d8f00000,0x00000000d9400000)
 ParOldGen       total 84992K, used 0K [0x0000000085000000, 0x000000008a300000, 0x00000000d7000000)
  object space 84992K, 0% used [0x0000000085000000,0x0000000085000000,0x000000008a300000)
 Metaspace       used 13835K, capacity 14544K, committed 14848K, reserved 1062912K
  class space    used 2071K, capacity 2247K, committed 2304K, reserved 1048576K
Event: 2,016 GC heap after
Heap after GC invocations=1 (full 0):
 PSYoungGen      total 36864K, used 5112K [0x00000000d7000000, 0x00000000db800000, 0x0000000100000000)
  eden space 31744K, 0% used [0x00000000d7000000,0x00000000d7000000,0x00000000d8f00000)
  from space 5120K, 99% used [0x00000000d8f00000,0x00000000d93fe050,0x00000000d9400000)
  to   space 5120K, 0% used [0x00000000db300000,0x00000000db300000,0x00000000db800000)
 ParOldGen       total 84992K, used 657K [0x0000000085000000, 0x000000008a300000, 0x00000000d7000000)
  object space 84992K, 0% used [0x0000000085000000,0x00000000850a4528,0x000000008a300000)
 Metaspace       used 13835K, capacity 14544K, committed 14848K, reserved 1062912K
  class space    used 2071K, capacity 2247K, committed 2304K, reserved 1048576K
}

Deoptimization events (10 events):
Event: 1,156 Thread 0x00007f044c106000 Uncommon trap: reason=class_check action=maybe_recompile pc=0x00007f048c7d98b4 method=java.io.DataInputStream.readShort()S @ 4
Event: 1,156 Thread 0x00007f044c106000 Uncommon trap: reason=class_check action=maybe_recompile pc=0x00007f048c7d98b4 method=java.io.DataInputStream.readShort()S @ 4
Event: 1,162 Thread 0x00007f044c106000 Uncommon trap: reason=class_check action=maybe_recompile pc=0x00007f048c6b62b8 method=java.lang.String.equals(Ljava/lang/Object;)Z @ 8
Event: 1,162 Thread 0x00007f044c106000 Uncommon trap: reason=class_check action=maybe_recompile pc=0x00007f048c6b62b8 method=java.lang.String.equals(Ljava/lang/Object;)Z @ 8
Event: 1,162 Thread 0x00007f044c106000 Uncommon trap: reason=class_check action=maybe_recompile pc=0x00007f048c6b62b8 method=java.lang.String.equals(Ljava/lang/Object;)Z @ 8
Event: 1,231 Thread 0x00007f044c106000 Uncommon trap: reason=class_check action=maybe_recompile pc=0x00007f048c6b62b8 method=java.lang.String.equals(Ljava/lang/Object;)Z @ 8
Event: 1,320 Thread 0x00007f044c106000 Uncommon trap: reason=unstable_if action=reinterpret pc=0x00007f048c81eb68 method=sun.net.www.ParseUtil.encodePath(Ljava/lang/String;Z)Ljava/lang/String; @ 109
Event: 1,409 Thread 0x00007f044c106000 Uncommon trap: reason=unstable_if action=reinterpret pc=0x00007f048c885ce4 method=jdk.internal.org.objectweb.asm.Type.getArgumentsAndReturnSizes(Ljava/lang/String;)I @ 47
Event: 2,110 Thread 0x00007f044c106000 Uncommon trap: reason=unstable_if action=reinterpret pc=0x00007f048c76a064 method=java.lang.String.indexOf([CII[CIII)I @ 3
Event: 2,222 Thread 0x00007f044c106000 Uncommon trap: reason=unstable_if action=reinterpret pc=0x00007f048c74c4ec method=java.lang.String.startsWith(Ljava/lang/String;I)Z @ 25

Internal exceptions (10 events):
Event: 0,195 Thread 0x00007f049c130000 Exception <a 'java/lang/NoSuchFieldError': method resolution failed> (0x00000000d730f7a0) thrown at [/HUDSON3/workspace/8-2-build-linux-amd64/jdk8u121/8372/hotspot/src/share/vm/prims/methodHandles.cpp, line 1146]
Event: 0,224 Thread 0x00007f0448053000 Exception <a 'java/security/PrivilegedActionException'> (0x00000000d73e1428) thrown at [/HUDSON3/workspace/8-2-build-linux-amd64/jdk8u121/8372/hotspot/src/share/vm/prims/jvm.cpp, line 1390]
Event: 0,224 Thread 0x00007f0448053000 Exception <a 'java/security/PrivilegedActionException'> (0x00000000d73e1638) thrown at [/HUDSON3/workspace/8-2-build-linux-amd64/jdk8u121/8372/hotspot/src/share/vm/prims/jvm.cpp, line 1390]
Event: 0,225 Thread 0x00007f0448053000 Exception <a 'java/security/PrivilegedActionException'> (0x00000000d73e3aa0) thrown at [/HUDSON3/workspace/8-2-build-linux-amd64/jdk8u121/8372/hotspot/src/share/vm/prims/jvm.cpp, line 1390]
Event: 0,225 Thread 0x00007f0448053000 Exception <a 'java/security/PrivilegedActionException'> (0x00000000d73e3cb0) thrown at [/HUDSON3/workspace/8-2-build-linux-amd64/jdk8u121/8372/hotspot/src/share/vm/prims/jvm.cpp, line 1390]
Event: 0,225 Thread 0x00007f0448053000 Exception <a 'java/lang/NullPointerException'> (0x00000000d73e4288) thrown at [/HUDSON3/workspace/8-2-build-linux-amd64/jdk8u121/8372/hotspot/src/share/vm/interpreter/linkResolver.cpp, line 1178]
Event: 0,469 Thread 0x00007f044c106000 Exception <a 'java/lang/NullPointerException'> (0x00000000d7ae3338) thrown at [/HUDSON3/workspace/8-2-build-linux-amd64/jdk8u121/8372/hotspot/src/share/vm/interpreter/linkResolver.cpp, line 1178]
Event: 0,469 Thread 0x00007f044c106000 Exception <a 'java/lang/NullPointerException'> (0x00000000d7ae3338) thrown at [/HUDSON3/workspace/8-2-build-linux-amd64/jdk8u121/8372/hotspot/src/share/vm/prims/jvm.cpp, line 1394]
Event: 0,641 Thread 0x00007f044c106000 Implicit null exception at 0x00007f048c7e28b5 to 0x00007f048c7e2ad1
Event: 2,068 Thread 0x00007f044c106000 Exception <a 'java/io/FileNotFoundException'> (0x00000000d7299388) thrown at [/HUDSON3/workspace/8-2-build-linux-amd64/jdk8u121/8372/hotspot/src/share/vm/prims/jni.cpp, line 709]

Events (10 events):
Event: 2,187 loading class com/sun/javafx/effect/EffectDirtyBits done
Event: 2,188 loading class javafx/scene/shape/SVGPath$1
Event: 2,188 loading class javafx/scene/shape/SVGPath$1 done
Event: 2,188 loading class javafx/scene/shape/SVGPath$2
Event: 2,188 loading class javafx/scene/shape/SVGPath$2 done
Event: 2,188 loading class com/sun/javafx/sg/prism/NGSVGPath
Event: 2,188 loading class com/sun/javafx/sg/prism/NGSVGPath done
Event: 2,222 Thread 0x00007f044c106000 Uncommon trap: trap_request=0xffffff65 fr.pc=0x00007f048c74c4ec
Event: 2,222 Thread 0x00007f044c106000 DEOPT PACKING pc=0x00007f048c74c4ec sp=0x00007f043625ded0
Event: 2,222 Thread 0x00007f044c106000 DEOPT UNPACKING pc=0x00007f048c5aa229 sp=0x00007f043625de68 mode 2


Dynamic libraries:
00400000-00401000 r-xp 00000000 08:05 2243241                            /usr/lib/jvm/java-8-oracle/bin/java
00600000-00601000 rw-p 00000000 08:05 2243241                            /usr/lib/jvm/java-8-oracle/bin/java
00898000-008b9000 rw-p 00000000 00:00 0                                  [heap]
85000000-8a300000 rw-p 00000000 00:00 0 
8a300000-d7000000 ---p 00000000 00:00 0 
d7000000-db800000 rw-p 00000000 00:00 0 
db800000-100000000 ---p 00000000 00:00 0 
100000000-100280000 rw-p 00000000 00:00 0 
100280000-140000000 ---p 00000000 00:00 0 
7f0410000000-7f0410021000 rw-p 00000000 00:00 0 
7f0410021000-7f0414000000 ---p 00000000 00:00 0 
7f0418000000-7f0418021000 rw-p 00000000 00:00 0 
7f0418021000-7f041c000000 ---p 00000000 00:00 0 
7f041c000000-7f041c021000 rw-p 00000000 00:00 0 
7f041c021000-7f0420000000 ---p 00000000 00:00 0 
7f0420000000-7f0420021000 rw-p 00000000 00:00 0 
7f0420021000-7f0424000000 ---p 00000000 00:00 0 
7f0424000000-7f04244ec000 rw-p 00000000 00:00 0 
7f04244ec000-7f0428000000 ---p 00000000 00:00 0 
7f0428000000-7f0428021000 rw-p 00000000 00:00 0 
7f0428021000-7f042c000000 ---p 00000000 00:00 0 
7f042c000000-7f042c022000 rw-p 00000000 00:00 0 
7f042c022000-7f0430000000 ---p 00000000 00:00 0 
7f0430000000-7f0430021000 rw-p 00000000 00:00 0 
7f0430021000-7f0434000000 ---p 00000000 00:00 0 
7f0434958000-7f043495c000 r--s 0009a000 08:05 2243269                    /usr/lib/jvm/java-8-oracle/jre/lib/jsse.jar
7f043495c000-7f043495f000 ---p 00000000 00:00 0 
7f043495f000-7f0434b5d000 rw-p 00000000 00:00 0 
7f0434b5d000-7f0434c5d000 ---p 00000000 00:00 0 
7f0434c5d000-7f0434c60000 ---p 00000000 00:00 0 
7f0434c60000-7f0434d5e000 rw-p 00000000 00:00 0 
7f0434d5e000-7f0434d74000 r-xp 00000000 08:05 2243325                    /usr/lib/jvm/java-8-oracle/jre/lib/amd64/libnet.so
7f0434d74000-7f0434f74000 ---p 00016000 08:05 2243325                    /usr/lib/jvm/java-8-oracle/jre/lib/amd64/libnet.so
7f0434f74000-7f0434f75000 rw-p 00016000 08:05 2243325                    /usr/lib/jvm/java-8-oracle/jre/lib/amd64/libnet.so
7f0434f75000-7f0434fd5000 rw-s 00000000 00:05 483969                     /drm mm object (deleted)
7f0434fd5000-7f0434fe3000 rw-s 00000000 00:05 483968                     /drm mm object (deleted)
7f0434fe3000-7f04351a3000 rw-s 103f5d000 00:06 391                       /dev/dri/card0
7f04351a3000-7f0435363000 rw-s 00000000 00:05 484927                     /drm mm object (deleted)
7f0435363000-7f0435373000 rw-s 00000000 00:05 484931                     /drm mm object (deleted)
7f0435373000-7f043537b000 rw-s 00000000 00:05 484930                     /drm mm object (deleted)
7f043537b000-7f043538b000 rw-s 00000000 00:05 484929                     /drm mm object (deleted)
7f043538b000-7f043539e000 r--s 00345000 08:05 2243549                    /usr/lib/jvm/java-8-oracle/jre/lib/resources.jar
7f043539e000-7f043559e000 rw-p 00000000 00:00 0 
7f043559e000-7f04355a1000 ---p 00000000 00:00 0 
7f04355a1000-7f043569f000 rw-p 00000000 00:00 0 
7f043569f000-7f0435758000 r--p 00000000 08:05 918436                     /usr/share/fonts/truetype/dejavu/DejaVuSans.ttf
7f0435758000-7f0435794000 r--p 00000000 08:05 2243419                    /usr/lib/jvm/java-8-oracle/jre/lib/fonts/LucidaTypewriterRegular.ttf
7f0435794000-7f04357a7000 r--p 00000000 08:05 2243414                    /usr/lib/jvm/java-8-oracle/jre/lib/fonts/LucidaBrightDemiBold.ttf
7f04357a7000-7f04357e1000 r--p 00000000 08:05 2243415                    /usr/lib/jvm/java-8-oracle/jre/lib/fonts/LucidaTypewriterBold.ttf
7f04357e1000-7f0435836000 r--p 00000000 08:05 2243416                    /usr/lib/jvm/java-8-oracle/jre/lib/fonts/LucidaBrightRegular.ttf
7f0435836000-7f04358e1000 r--p 00000000 08:05 2243413                    /usr/lib/jvm/java-8-oracle/jre/lib/fonts/LucidaSansRegular.ttf
7f04358e1000-7f04358f5000 r--p 00000000 08:05 2243417                    /usr/lib/jvm/java-8-oracle/jre/lib/fonts/LucidaBrightItalic.ttf
7f04358f5000-7f0435908000 r--p 00000000 08:05 2243421                    /usr/lib/jvm/java-8-oracle/jre/lib/fonts/LucidaBrightDemiItalic.ttf
7f0435908000-7f0435956000 r--p 00000000 08:05 2243420                    /usr/lib/jvm/java-8-oracle/jre/lib/fonts/LucidaSansDemiBold.ttf
7f0435956000-7f043595a000 r-xp 00000000 08:05 2243362                    /usr/lib/jvm/java-8-oracle/jre/lib/amd64/libjavafx_font_pango.so
7f043595a000-7f0435b59000 ---p 00004000 08:05 2243362                    /usr/lib/jvm/java-8-oracle/jre/lib/amd64/libjavafx_font_pango.so
7f0435b59000-7f0435b5a000 rw-p 00003000 08:05 2243362                    /usr/lib/jvm/java-8-oracle/jre/lib/amd64/libjavafx_font_pango.so
7f0435b5a000-7f0435d5a000 rw-p 00000000 00:00 0 
7f0435d5a000-7f0435d5f000 r-xp 00000000 08:05 2243358                    /usr/lib/jvm/java-8-oracle/jre/lib/amd64/libjavafx_font_freetype.so
7f0435d5f000-7f0435f5e000 ---p 00005000 08:05 2243358                    /usr/lib/jvm/java-8-oracle/jre/lib/amd64/libjavafx_font_freetype.so
7f0435f5e000-7f0435f5f000 rw-p 00004000 08:05 2243358                    /usr/lib/jvm/java-8-oracle/jre/lib/amd64/libjavafx_font_freetype.so
7f0435f5f000-7f0435f62000 r-xp 00000000 08:05 2243320                    /usr/lib/jvm/java-8-oracle/jre/lib/amd64/libjavafx_font.so
7f0435f62000-7f0436161000 ---p 00003000 08:05 2243320                    /usr/lib/jvm/java-8-oracle/jre/lib/amd64/libjavafx_font.so
7f0436161000-7f0436162000 rw-p 00002000 08:05 2243320                    /usr/lib/jvm/java-8-oracle/jre/lib/amd64/libjavafx_font.so
7f0436162000-7f0436165000 ---p 00000000 00:00 0 
7f0436165000-7f0436263000 rw-p 00000000 00:00 0 
7f0436263000-7f0436266000 ---p 00000000 00:00 0 
7f0436266000-7f0436364000 rw-p 00000000 00:00 0 
7f0436364000-7f0436365000 ---p 00000000 00:00 0 
7f0436365000-7f0436b65000 rw-p 00000000 00:00 0 
7f0436b65000-7f0436b66000 ---p 00000000 00:00 0 
7f0436b66000-7f0437366000 rw-p 00000000 00:00 0 
7f0437366000-7f0437367000 ---p 00000000 00:00 0 
7f0437367000-7f0437b67000 rw-p 00000000 00:00 0 
7f0437b67000-7f0437b73000 r-xp 00000000 08:05 133762                     /usr/lib/x86_64-linux-gnu/gio/modules/libdconfsettings.so
7f0437b73000-7f0437d72000 ---p 0000c000 08:05 133762                     /usr/lib/x86_64-linux-gnu/gio/modules/libdconfsettings.so
7f0437d72000-7f0437d73000 r--p 0000b000 08:05 133762                     /usr/lib/x86_64-linux-gnu/gio/modules/libdconfsettings.so
7f0437d73000-7f0437d74000 rw-p 0000c000 08:05 133762                     /usr/lib/x86_64-linux-gnu/gio/modules/libdconfsettings.so
7f0437d74000-7f0437d7b000 r-xp 00000000 08:05 2239720                    /usr/lib/x86_64-linux-gnu/libogg.so.0.8.2
7f0437d7b000-7f0437f7b000 ---p 00007000 08:05 2239720                    /usr/lib/x86_64-linux-gnu/libogg.so.0.8.2
7f0437f7b000-7f0437f7c000 r--p 00007000 08:05 2239720                    /usr/lib/x86_64-linux-gnu/libogg.so.0.8.2
7f0437f7c000-7f0437f7d000 rw-p 00008000 08:05 2239720                    /usr/lib/x86_64-linux-gnu/libogg.so.0.8.2
7f0437f7d000-7f0437fa7000 r-xp 00000000 08:05 2240153                    /usr/lib/x86_64-linux-gnu/libvorbis.so.0.4.8
7f0437fa7000-7f04381a7000 ---p 0002a000 08:05 2240153                    /usr/lib/x86_64-linux-gnu/libvorbis.so.0.4.8
7f04381a7000-7f04381a8000 r--p 0002a000 08:05 2240153                    /usr/lib/x86_64-linux-gnu/libvorbis.so.0.4.8
7f04381a8000-7f04381a9000 rw-p 0002b000 08:05 2240153                    /usr/lib/x86_64-linux-gnu/libvorbis.so.0.4.8
7f04381a9000-7f04381b1000 r-xp 00000000 08:05 2239564                    /usr/lib/x86_64-linux-gnu/libltdl.so.7.3.1
7f04381b1000-7f04383b1000 ---p 00008000 08:05 2239564                    /usr/lib/x86_64-linux-gnu/libltdl.so.7.3.1
7f04383b1000-7f04383b2000 r--p 00008000 08:05 2239564                    /usr/lib/x86_64-linux-gnu/libltdl.so.7.3.1
7f04383b2000-7f04383b3000 rw-p 00009000 08:05 2239564                    /usr/lib/x86_64-linux-gnu/libltdl.so.7.3.1
7f04383b3000-7f04383c7000 r-xp 00000000 08:05 2239986                    /usr/lib/x86_64-linux-gnu/libtdb.so.1.3.9
7f04383c7000-7f04385c6000 ---p 00014000 08:05 2239986                    /usr/lib/x86_64-linux-gnu/libtdb.so.1.3.9
7f04385c6000-7f04385c7000 r--p 00013000 08:05 2239986                    /usr/lib/x86_64-linux-gnu/libtdb.so.1.3.9
7f04385c7000-7f04385c8000 rw-p 00014000 08:05 2239986                    /usr/lib/x86_64-linux-gnu/libtdb.so.1.3.9
7f04385c8000-7f04385cf000 r-xp 00000000 08:05 2240157                    /usr/lib/x86_64-linux-gnu/libvorbisfile.so.3.3.7
7f04385cf000-7f04387cf000 ---p 00007000 08:05 2240157                    /usr/lib/x86_64-linux-gnu/libvorbisfile.so.3.3.7
7f04387cf000-7f04387d0000 r--p 00007000 08:05 2240157                    /usr/lib/x86_64-linux-gnu/libvorbisfile.so.3.3.7
7f04387d0000-7f04387d1000 rw-p 00008000 08:05 2240157                    /usr/lib/x86_64-linux-gnu/libvorbisfile.so.3.3.7
7f04387d1000-7f04387e1000 r-xp 00000000 08:05 2238920                    /usr/lib/x86_64-linux-gnu/libcanberra.so.0.2.5
7f04387e1000-7f04389e1000 ---p 00010000 08:05 2238920                    /usr/lib/x86_64-linux-gnu/libcanberra.so.0.2.5
7f04389e1000-7f04389e2000 r--p 00010000 08:05 2238920                    /usr/lib/x86_64-linux-gnu/libcanberra.so.0.2.5
7f04389e2000-7f04389e3000 rw-p 00011000 08:05 2238920                    /usr/lib/x86_64-linux-gnu/libcanberra.so.0.2.5
7f04389e3000-7f04389e7000 r-xp 00000000 08:05 2238916                    /usr/lib/x86_64-linux-gnu/libcanberra-gtk.so.0.1.9
7f04389e7000-7f0438be6000 ---p 00004000 08:05 2238916                    /usr/lib/x86_64-linux-gnu/libcanberra-gtk.so.0.1.9
7f0438be6000-7f0438be7000 r--p 00003000 08:05 2238916                    /usr/lib/x86_64-linux-gnu/libcanberra-gtk.so.0.1.9
7f0438be7000-7f0438be8000 rw-p 00004000 08:05 2238916                    /usr/lib/x86_64-linux-gnu/libcanberra-gtk.so.0.1.9
7f0438be8000-7f0438bed000 r-xp 00000000 08:05 133969                     /usr/lib/x86_64-linux-gnu/gtk-2.0/modules/libcanberra-gtk-module.so
7f0438bed000-7f0438dec000 ---p 00005000 08:05 133969                     /usr/lib/x86_64-linux-gnu/gtk-2.0/modules/libcanberra-gtk-module.so
7f0438dec000-7f0438ded000 r--p 00004000 08:05 133969                     /usr/lib/x86_64-linux-gnu/gtk-2.0/modules/libcanberra-gtk-module.so
7f0438ded000-7f0438dee000 rw-p 00005000 08:05 133969                     /usr/lib/x86_64-linux-gnu/gtk-2.0/modules/libcanberra-gtk-module.so
7f0438dee000-7f0438e1e000 r-xp 00000000 08:05 133951                     /usr/lib/x86_64-linux-gnu/gtk-2.0/2.10.0/engines/libmurrine.so
7f0438e1e000-7f043901e000 ---p 00030000 08:05 133951                     /usr/lib/x86_64-linux-gnu/gtk-2.0/2.10.0/engines/libmurrine.so
7f043901e000-7f043901f000 r--p 00030000 08:05 133951                     /usr/lib/x86_64-linux-gnu/gtk-2.0/2.10.0/engines/libmurrine.so
7f043901f000-7f0439020000 rw-p 00031000 08:05 133951                     /usr/lib/x86_64-linux-gnu/gtk-2.0/2.10.0/engines/libmurrine.so
7f0439020000-7f0439030000 r-xp 00000000 08:05 2240079                    /usr/lib/x86_64-linux-gnu/libunity-gtk2-parser.so.0.0.0
7f0439030000-7f0439230000 ---p 00010000 08:05 2240079                    /usr/lib/x86_64-linux-gnu/libunity-gtk2-parser.so.0.0.0
7f0439230000-7f0439231000 r--p 00010000 08:05 2240079                    /usr/lib/x86_64-linux-gnu/libunity-gtk2-parser.so.0.0.0
7f0439231000-7f0439232000 rw-p 00011000 08:05 2240079                    /usr/lib/x86_64-linux-gnu/libunity-gtk2-parser.so.0.0.0
7f0439232000-7f0439237000 r-xp 00000000 08:05 133973                     /usr/lib/x86_64-linux-gnu/gtk-2.0/modules/libunity-gtk-module.so
7f0439237000-7f0439436000 ---p 00005000 08:05 133973                     /usr/lib/x86_64-linux-gnu/gtk-2.0/modules/libunity-gtk-module.so
7f0439436000-7f0439437000 r--p 00004000 08:05 133973                     /usr/lib/x86_64-linux-gnu/gtk-2.0/modules/libunity-gtk-module.so
7f0439437000-7f0439438000 rw-p 00005000 08:05 133973                     /usr/lib/x86_64-linux-gnu/gtk-2.0/modules/libunity-gtk-module.so
7f0439438000-7f043945a000 r-xp 00000000 08:05 398679                     /lib/x86_64-linux-gnu/liblzma.so.5.0.0
7f043945a000-7f0439659000 ---p 00022000 08:05 398679                     /lib/x86_64-linux-gnu/liblzma.so.5.0.0
7f0439659000-7f043965a000 r--p 00021000 08:05 398679                     /lib/x86_64-linux-gnu/liblzma.so.5.0.0
7f043965a000-7f043965b000 rw-p 00022000 08:05 398679                     /lib/x86_64-linux-gnu/liblzma.so.5.0.0
7f043965b000-7f04396a5000 r-xp 00000000 08:05 399570                     /lib/x86_64-linux-gnu/libdbus-1.so.3.14.7
7f04396a5000-7f04398a5000 ---p 0004a000 08:05 399570                     /lib/x86_64-linux-gnu/libdbus-1.so.3.14.7
7f04398a5000-7f04398a6000 r--p 0004a000 08:05 399570                     /lib/x86_64-linux-gnu/libdbus-1.so.3.14.7
7f04398a6000-7f04398a7000 rw-p 0004b000 08:05 399570                     /lib/x86_64-linux-gnu/libdbus-1.so.3.14.7
7f04398a7000-7f04398d3000 r-xp 00000000 08:05 2238852                    /usr/lib/x86_64-linux-gnu/libatspi.so.0.0.1
7f04398d3000-7f0439ad2000 ---p 0002c000 08:05 2238852                    /usr/lib/x86_64-linux-gnu/libatspi.so.0.0.1
7f0439ad2000-7f0439ad5000 r--p 0002b000 08:05 2238852                    /usr/lib/x86_64-linux-gnu/libatspi.so.0.0.1
7f0439ad5000-7f0439ad6000 rw-p 0002e000 08:05 2238852                    /usr/lib/x86_64-linux-gnu/libatspi.so.0.0.1
7f0439ad6000-7f0439b03000 r-xp 00000000 08:05 2238846                    /usr/lib/x86_64-linux-gnu/libatk-bridge-2.0.so.0.0.0
7f0439b03000-7f0439d02000 ---p 0002d000 08:05 2238846                    /usr/lib/x86_64-linux-gnu/libatk-bridge-2.0.so.0.0.0
7f0439d02000-7f0439d03000 r--p 0002c000 08:05 2238846                    /usr/lib/x86_64-linux-gnu/libatk-bridge-2.0.so.0.0.0
7f0439d03000-7f0439d05000 rw-p 0002d000 08:05 2238846                    /usr/lib/x86_64-linux-gnu/libatk-bridge-2.0.so.0.0.0
7f0439d05000-7f0439d06000 r-xp 00000000 08:05 133968                     /usr/lib/x86_64-linux-gnu/gtk-2.0/modules/libatk-bridge.so
7f0439d06000-7f0439f05000 ---p 00001000 08:05 133968                     /usr/lib/x86_64-linux-gnu/gtk-2.0/modules/libatk-bridge.so
7f0439f05000-7f0439f06000 r--p 00000000 08:05 133968                     /usr/lib/x86_64-linux-gnu/gtk-2.0/modules/libatk-bridge.so
7f0439f06000-7f0439f07000 rw-p 00001000 08:05 133968                     /usr/lib/x86_64-linux-gnu/gtk-2.0/modules/libatk-bridge.so
7f0439f07000-7f0439f0e000 r-xp 00000000 08:05 2228785                    /usr/lib/x86_64-linux-gnu/libgailutil.so.18.0.1
7f0439f0e000-7f043a10d000 ---p 00007000 08:05 2228785                    /usr/lib/x86_64-linux-gnu/libgailutil.so.18.0.1
7f043a10d000-7f043a10e000 r--p 00006000 08:05 2228785                    /usr/lib/x86_64-linux-gnu/libgailutil.so.18.0.1
7f043a10e000-7f043a10f000 rw-p 00007000 08:05 2228785                    /usr/lib/x86_64-linux-gnu/libgailutil.so.18.0.1
7f043a10f000-7f043a15d000 r-xp 00000000 08:05 132695                     /usr/lib/x86_64-linux-gnu/gtk-2.0/modules/libgail.so
7f043a15d000-7f043a35c000 ---p 0004e000 08:05 132695                     /usr/lib/x86_64-linux-gnu/gtk-2.0/modules/libgail.so
7f043a35c000-7f043a35d000 r--p 0004d000 08:05 132695                     /usr/lib/x86_64-linux-gnu/gtk-2.0/modules/libgail.so
7f043a35d000-7f043a35f000 rw-p 0004e000 08:05 132695                     /usr/lib/x86_64-linux-gnu/gtk-2.0/modules/libgail.so
7f043a35f000-7f043a370000 r-xp 00000000 08:05 132122                     /usr/lib/x86_64-linux-gnu/gtk-2.0/modules/liboverlay-scrollbar.so
7f043a370000-7f043a570000 ---p 00011000 08:05 132122                     /usr/lib/x86_64-linux-gnu/gtk-2.0/modules/liboverlay-scrollbar.so
7f043a570000-7f043a571000 r--p 00011000 08:05 132122                     /usr/lib/x86_64-linux-gnu/gtk-2.0/modules/liboverlay-scrollbar.so
7f043a571000-7f043a572000 rw-p 00012000 08:05 132122                     /usr/lib/x86_64-linux-gnu/gtk-2.0/modules/liboverlay-scrollbar.so
7f043a572000-7f043a59b000 r-xp 00000000 08:05 2243370                    /usr/lib/jvm/java-8-oracle/jre/lib/amd64/libglass.so
7f043a59b000-7f043a79a000 ---p 00029000 08:05 2243370                    /usr/lib/jvm/java-8-oracle/jre/lib/amd64/libglass.so
7f043a79a000-7f043a79d000 rw-p 00028000 08:05 2243370                    /usr/lib/jvm/java-8-oracle/jre/lib/amd64/libglass.so
7f043a79d000-7f043a7d4000 r-xp 00000000 08:05 2240033                    /usr/lib/x86_64-linux-gnu/libtxc_dxtn_s2tc.so.0.0.0
7f043a7d4000-7f043a9d3000 ---p 00037000 08:05 2240033                    /usr/lib/x86_64-linux-gnu/libtxc_dxtn_s2tc.so.0.0.0
7f043a9d3000-7f043a9d4000 r--p 00036000 08:05 2240033                    /usr/lib/x86_64-linux-gnu/libtxc_dxtn_s2tc.so.0.0.0
7f043a9d4000-7f043a9d5000 rw-p 00037000 08:05 2240033                    /usr/lib/x86_64-linux-gnu/libtxc_dxtn_s2tc.so.0.0.0
7f043a9d5000-7f043a9dd000 r-xp 00000000 08:05 2239767                    /usr/lib/x86_64-linux-gnu/libpciaccess.so.0.11.1
7f043a9dd000-7f043abdd000 ---p 00008000 08:05 2239767                    /usr/lib/x86_64-linux-gnu/libpciaccess.so.0.11.1
7f043abdd000-7f043abde000 r--p 00008000 08:05 2239767                    /usr/lib/x86_64-linux-gnu/libpciaccess.so.0.11.1
7f043abde000-7f043abdf000 rw-p 00009000 08:05 2239767                    /usr/lib/x86_64-linux-gnu/libpciaccess.so.0.11.1
7f043abdf000-7f043abf1000 r-xp 00000000 08:05 398660                     /lib/x86_64-linux-gnu/libgpg-error.so.0.19.1
7f043abf1000-7f043adf1000 ---p 00012000 08:05 398660                     /lib/x86_64-linux-gnu/libgpg-error.so.0.19.1
7f043adf1000-7f043adf2000 r--p 00012000 08:05 398660                     /lib/x86_64-linux-gnu/libgpg-error.so.0.19.1
7f043adf2000-7f043adf3000 rw-p 00013000 08:05 398660                     /lib/x86_64-linux-gnu/libgpg-error.so.0.19.1
7f043adf3000-7f043adfe000 r-xp 00000000 08:05 2239069                    /usr/lib/x86_64-linux-gnu/libdrm_radeon.so.1.0.1
7f043adfe000-7f043affd000 ---p 0000b000 08:05 2239069                    /usr/lib/x86_64-linux-gnu/libdrm_radeon.so.1.0.1
7f043affd000-7f043affe000 r--p 0000a000 08:05 2239069                    /usr/lib/x86_64-linux-gnu/libdrm_radeon.so.1.0.1
7f043affe000-7f043afff000 rw-p 0000b000 08:05 2239069                    /usr/lib/x86_64-linux-gnu/libdrm_radeon.so.1.0.1
7f043afff000-7f043b006000 r-xp 00000000 08:05 2239067                    /usr/lib/x86_64-linux-gnu/libdrm_nouveau.so.2.0.0
7f043b006000-7f043b205000 ---p 00007000 08:05 2239067                    /usr/lib/x86_64-linux-gnu/libdrm_nouveau.so.2.0.0
7f043b205000-7f043b206000 r--p 00006000 08:05 2239067                    /usr/lib/x86_64-linux-gnu/libdrm_nouveau.so.2.0.0
7f043b206000-7f043b207000 rw-p 00007000 08:05 2239067                    /usr/lib/x86_64-linux-gnu/libdrm_nouveau.so.2.0.0
7f043b207000-7f043b227000 r-xp 00000000 08:05 2239065                    /usr/lib/x86_64-linux-gnu/libdrm_intel.so.1.0.0
7f043b227000-7f043b426000 ---p 00020000 08:05 2239065                    /usr/lib/x86_64-linux-gnu/libdrm_intel.so.1.0.0
7f043b426000-7f043b427000 r--p 0001f000 08:05 2239065                    /usr/lib/x86_64-linux-gnu/libdrm_intel.so.1.0.0
7f043b427000-7f043b428000 rw-p 00020000 08:05 2239065                    /usr/lib/x86_64-linux-gnu/libdrm_intel.so.1.0.0
7f043b428000-7f043b52f000 r-xp 00000000 08:05 398656                     /lib/x86_64-linux-gnu/libgcrypt.so.20.1.2
7f043b52f000-7f043b72e000 ---p 00107000 08:05 398656                     /lib/x86_64-linux-gnu/libgcrypt.so.20.1.2
7f043b72e000-7f043b730000 r--p 00106000 08:05 398656                     /lib/x86_64-linux-gnu/libgcrypt.so.20.1.2
7f043b730000-7f043b737000 rw-p 00108000 08:05 398656                     /lib/x86_64-linux-gnu/libgcrypt.so.20.1.2
7f043b737000-7f043bdda000 r-xp 00000000 08:05 133427                     /usr/lib/x86_64-linux-gnu/dri/i965_dri.so
7f043bdda000-7f043bfd9000 ---p 006a3000 08:05 133427                     /usr/lib/x86_64-linux-gnu/dri/i965_dri.so
7f043bfd9000-7f043c018000 r--p 006a2000 08:05 133427                     /usr/lib/x86_64-linux-gnu/dri/i965_dri.so
7f043c018000-7f043c020000 rw-p 006e1000 08:05 133427                     /usr/lib/x86_64-linux-gnu/dri/i965_dri.so
7f043c020000-7f043c028000 rw-p 00000000 00:00 0 
7f043c028000-7f043c02c000 r-xp 00000000 08:05 398105                     /lib/x86_64-linux-gnu/libuuid.so.1.3.0
7f043c02c000-7f043c22b000 ---p 00004000 08:05 398105                     /lib/x86_64-linux-gnu/libuuid.so.1.3.0
7f043c22b000-7f043c22c000 r--p 00003000 08:05 398105                     /lib/x86_64-linux-gnu/libuuid.so.1.3.0
7f043c22c000-7f043c22d000 rw-p 00004000 08:05 398105                     /lib/x86_64-linux-gnu/libuuid.so.1.3.0
7f043c22d000-7f043c233000 r-xp 00000000 08:05 2239010                    /usr/lib/x86_64-linux-gnu/libdatrie.so.1.3.3
7f043c233000-7f043c433000 ---p 00006000 08:05 2239010                    /usr/lib/x86_64-linux-gnu/libdatrie.so.1.3.3
7f043c433000-7f043c434000 r--p 00006000 08:05 2239010                    /usr/lib/x86_64-linux-gnu/libdatrie.so.1.3.3
7f043c434000-7f043c435000 rw-p 00007000 08:05 2239010                    /usr/lib/x86_64-linux-gnu/libdatrie.so.1.3.3
7f043c435000-7f043c43a000 r-xp 00000000 08:05 2238755                    /usr/lib/x86_64-linux-gnu/libXdmcp.so.6.0.0
7f043c43a000-7f043c639000 ---p 00005000 08:05 2238755                    /usr/lib/x86_64-linux-gnu/libXdmcp.so.6.0.0
7f043c639000-7f043c63a000 r--p 00004000 08:05 2238755                    /usr/lib/x86_64-linux-gnu/libXdmcp.so.6.0.0
7f043c63a000-7f043c63b000 rw-p 00005000 08:05 2238755                    /usr/lib/x86_64-linux-gnu/libXdmcp.so.6.0.0
7f043c63b000-7f043c63d000 r-xp 00000000 08:05 2238744                    /usr/lib/x86_64-linux-gnu/libXau.so.6.0.0
7f043c63d000-7f043c83d000 ---p 00002000 08:05 2238744                    /usr/lib/x86_64-linux-gnu/libXau.so.6.0.0
7f043c83d000-7f043c83e000 r--p 00002000 08:05 2238744                    /usr/lib/x86_64-linux-gnu/libXau.so.6.0.0
7f043c83e000-7f043c83f000 rw-p 00003000 08:05 2238744                    /usr/lib/x86_64-linux-gnu/libXau.so.6.0.0
7f043c83f000-7f043c862000 r-xp 00000000 08:05 2239322                    /usr/lib/x86_64-linux-gnu/libgraphite2.so.3.0.1
7f043c862000-7f043ca61000 ---p 00023000 08:05 2239322                    /usr/lib/x86_64-linux-gnu/libgraphite2.so.3.0.1
7f043ca61000-7f043ca63000 r--p 00022000 08:05 2239322                    /usr/lib/x86_64-linux-gnu/libgraphite2.so.3.0.1
7f043ca63000-7f043ca64000 rw-p 00024000 08:05 2239322                    /usr/lib/x86_64-linux-gnu/libgraphite2.so.3.0.1
7f043ca64000-7f043caa1000 r-xp 00000000 08:05 398114                     /lib/x86_64-linux-gnu/libblkid.so.1.1.0
7f043caa1000-7f043cca0000 ---p 0003d000 08:05 398114                     /lib/x86_64-linux-gnu/libblkid.so.1.1.0
7f043cca0000-7f043cca4000 r--p 0003c000 08:05 398114                     /lib/x86_64-linux-gnu/libblkid.so.1.1.0
7f043cca4000-7f043cca5000 rw-p 00040000 08:05 398114                     /lib/x86_64-linux-gnu/libblkid.so.1.1.0
7f043cca5000-7f043cca6000 rw-p 00000000 00:00 0 
7f043cca6000-7f043ccb4000 r-xp 00000000 08:05 2239061                    /usr/lib/x86_64-linux-gnu/libdrm.so.2.4.0
7f043ccb4000-7f043ceb3000 ---p 0000e000 08:05 2239061                    /usr/lib/x86_64-linux-gnu/libdrm.so.2.4.0
7f043ceb3000-7f043ceb4000 r--p 0000d000 08:05 2239061                    /usr/lib/x86_64-linux-gnu/libdrm.so.2.4.0
7f043ceb4000-7f043ceb5000 rw-p 0000e000 08:05 2239061                    /usr/lib/x86_64-linux-gnu/libdrm.so.2.4.0
7f043ceb5000-7f043ceb9000 r-xp 00000000 08:05 2240244                    /usr/lib/x86_64-linux-gnu/libxcb-dri2.so.0.0.0
7f043ceb9000-7f043d0b8000 ---p 00004000 08:05 2240244                    /usr/lib/x86_64-linux-gnu/libxcb-dri2.so.0.0.0
7f043d0b8000-7f043d0b9000 r--p 00003000 08:05 2240244                    /usr/lib/x86_64-linux-gnu/libxcb-dri2.so.0.0.0
7f043d0b9000-7f043d0ba000 rw-p 00004000 08:05 2240244                    /usr/lib/x86_64-linux-gnu/libxcb-dri2.so.0.0.0
7f043d0ba000-7f043d0d1000 r-xp 00000000 08:05 2240248                    /usr/lib/x86_64-linux-gnu/libxcb-glx.so.0.0.0
7f043d0d1000-7f043d2d0000 ---p 00017000 08:05 2240248                    /usr/lib/x86_64-linux-gnu/libxcb-glx.so.0.0.0
7f043d2d0000-7f043d2d2000 r--p 00016000 08:05 2240248                    /usr/lib/x86_64-linux-gnu/libxcb-glx.so.0.0.0
7f043d2d2000-7f043d2d3000 rw-p 00018000 08:05 2240248                    /usr/lib/x86_64-linux-gnu/libxcb-glx.so.0.0.0
7f043d2d3000-7f043d2d4000 r-xp 00000000 08:05 2238738                    /usr/lib/x86_64-linux-gnu/libX11-xcb.so.1.0.0
7f043d2d4000-7f043d4d3000 ---p 00001000 08:05 2238738                    /usr/lib/x86_64-linux-gnu/libX11-xcb.so.1.0.0
7f043d4d3000-7f043d4d4000 r--p 00000000 08:05 2238738                    /usr/lib/x86_64-linux-gnu/libX11-xcb.so.1.0.0
7f043d4d4000-7f043d4d5000 rw-p 00001000 08:05 2238738                    /usr/lib/x86_64-linux-gnu/libX11-xcb.so.1.0.0
7f043d4d5000-7f043d4fe000 r-xp 00000000 08:05 2231673                    /usr/lib/x86_64-linux-gnu/libglapi.so.0.0.0
7f043d4fe000-7f043d6fd000 ---p 00029000 08:05 2231673                    /usr/lib/x86_64-linux-gnu/libglapi.so.0.0.0
7f043d6fd000-7f043d701000 r--p 00028000 08:05 2231673                    /usr/lib/x86_64-linux-gnu/libglapi.so.0.0.0
7f043d701000-7f043d702000 rw-p 0002c000 08:05 2231673                    /usr/lib/x86_64-linux-gnu/libglapi.so.0.0.0
7f043d702000-7f043d703000 rw-p 00000000 00:00 0 
7f043d703000-7f043d704000 r-xp 00000000 08:05 2240290                    /usr/lib/x86_64-linux-gnu/libxshmfence.so.1.0.0
7f043d704000-7f043d904000 ---p 00001000 08:05 2240290                    /usr/lib/x86_64-linux-gnu/libxshmfence.so.1.0.0
7f043d904000-7f043d905000 r--p 00001000 08:05 2240290                    /usr/lib/x86_64-linux-gnu/libxshmfence.so.1.0.0
7f043d905000-7f043d906000 rw-p 00002000 08:05 2240290                    /usr/lib/x86_64-linux-gnu/libxshmfence.so.1.0.0
7f043d906000-7f043d90b000 r-xp 00000000 08:05 2240268                    /usr/lib/x86_64-linux-gnu/libxcb-sync.so.1.0.0
7f043d90b000-7f043db0b000 ---p 00005000 08:05 2240268                    /usr/lib/x86_64-linux-gnu/libxcb-sync.so.1.0.0
7f043db0b000-7f043db0c000 r--p 00005000 08:05 2240268                    /usr/lib/x86_64-linux-gnu/libxcb-sync.so.1.0.0
7f043db0c000-7f043db0d000 rw-p 00006000 08:05 2240268                    /usr/lib/x86_64-linux-gnu/libxcb-sync.so.1.0.0
7f043db0d000-7f043db0f000 r-xp 00000000 08:05 2240256                    /usr/lib/x86_64-linux-gnu/libxcb-present.so.0.0.0
7f043db0f000-7f043dd0e000 ---p 00002000 08:05 2240256                    /usr/lib/x86_64-linux-gnu/libxcb-present.so.0.0.0
7f043dd0e000-7f043dd0f000 r--p 00001000 08:05 2240256                    /usr/lib/x86_64-linux-gnu/libxcb-present.so.0.0.0
7f043dd0f000-7f043dd10000 rw-p 00002000 08:05 2240256                    /usr/lib/x86_64-linux-gnu/libxcb-present.so.0.0.0
7f043dd10000-7f043dd12000 r-xp 00000000 08:05 2240246                    /usr/lib/x86_64-linux-gnu/libxcb-dri3.so.0.0.0
7f043dd12000-7f043df11000 ---p 00002000 08:05 2240246                    /usr/lib/x86_64-linux-gnu/libxcb-dri3.so.0.0.0
7f043df11000-7f043df12000 r--p 00001000 08:05 2240246                    /usr/lib/x86_64-linux-gnu/libxcb-dri3.so.0.0.0
7f043df12000-7f043df13000 rw-p 00002000 08:05 2240246                    /usr/lib/x86_64-linux-gnu/libxcb-dri3.so.0.0.0
7f043df13000-7f043df85000 r-xp 00000000 08:05 398742                     /lib/x86_64-linux-gnu/libpcre.so.3.13.3
7f043df85000-7f043e184000 ---p 00072000 08:05 398742                     /lib/x86_64-linux-gnu/libpcre.so.3.13.3
7f043e184000-7f043e185000 r--p 00071000 08:05 398742                     /lib/x86_64-linux-gnu/libpcre.so.3.13.3
7f043e185000-7f043e186000 rw-p 00072000 08:05 398742                     /lib/x86_64-linux-gnu/libpcre.so.3.13.3
7f043e186000-7f043e18d000 r-xp 00000000 08:05 2239141                    /usr/lib/x86_64-linux-gnu/libffi.so.6.0.4
7f043e18d000-7f043e38c000 ---p 00007000 08:05 2239141                    /usr/lib/x86_64-linux-gnu/libffi.so.6.0.4
7f043e38c000-7f043e38d000 r--p 00006000 08:05 2239141                    /usr/lib/x86_64-linux-gnu/libffi.so.6.0.4
7f043e38d000-7f043e38e000 rw-p 00007000 08:05 2239141                    /usr/lib/x86_64-linux-gnu/libffi.so.6.0.4
7f043e38e000-7f043e3b5000 r-xp 00000000 08:05 398647                     /lib/x86_64-linux-gnu/libexpat.so.1.6.2
7f043e3b5000-7f043e5b5000 ---p 00027000 08:05 398647                     /lib/x86_64-linux-gnu/libexpat.so.1.6.2
7f043e5b5000-7f043e5b7000 r--p 00027000 08:05 398647                     /lib/x86_64-linux-gnu/libexpat.so.1.6.2
7f043e5b7000-7f043e5b8000 rw-p 00029000 08:05 398647                     /lib/x86_64-linux-gnu/libexpat.so.1.6.2
7f043e5b8000-7f043e5c0000 r-xp 00000000 08:05 2240000                    /usr/lib/x86_64-linux-gnu/libthai.so.0.3.0
7f043e5c0000-7f043e7bf000 ---p 00008000 08:05 2240000                    /usr/lib/x86_64-linux-gnu/libthai.so.0.3.0
7f043e7bf000-7f043e7c0000 r--p 00007000 08:05 2240000                    /usr/lib/x86_64-linux-gnu/libthai.so.0.3.0
7f043e7c0000-7f043e7c1000 rw-p 00008000 08:05 2240000                    /usr/lib/x86_64-linux-gnu/libthai.so.0.3.0
7f043e7c1000-7f043e7e2000 r-xp 00000000 08:05 2240278                    /usr/lib/x86_64-linux-gnu/libxcb.so.1.1.0
7f043e7e2000-7f043e9e1000 ---p 00021000 08:05 2240278                    /usr/lib/x86_64-linux-gnu/libxcb.so.1.1.0
7f043e9e1000-7f043e9e2000 r--p 00020000 08:05 2240278                    /usr/lib/x86_64-linux-gnu/libxcb.so.1.1.0
7f043e9e2000-7f043e9e3000 rw-p 00021000 08:05 2240278                    /usr/lib/x86_64-linux-gnu/libxcb.so.1.1.0
7f043e9e3000-7f043e9eb000 r-xp 00000000 08:05 2240262                    /usr/lib/x86_64-linux-gnu/libxcb-render.so.0.0.0
7f043e9eb000-7f043ebeb000 ---p 00008000 08:05 2240262                    /usr/lib/x86_64-linux-gnu/libxcb-render.so.0.0.0
7f043ebeb000-7f043ebec000 r--p 00008000 08:05 2240262                    /usr/lib/x86_64-linux-gnu/libxcb-render.so.0.0.0
7f043ebec000-7f043ebed000 rw-p 00009000 08:05 2240262                    /usr/lib/x86_64-linux-gnu/libxcb-render.so.0.0.0
7f043ebed000-7f043ebef000 r-xp 00000000 08:05 2240266                    /usr/lib/x86_64-linux-gnu/libxcb-shm.so.0.0.0
7f043ebef000-7f043edef000 ---p 00002000 08:05 2240266                    /usr/lib/x86_64-linux-gnu/libxcb-shm.so.0.0.0
7f043edef000-7f043edf0000 r--p 00002000 08:05 2240266                    /usr/lib/x86_64-linux-gnu/libxcb-shm.so.0.0.0
7f043edf0000-7f043edf1000 rw-p 00003000 08:05 2240266                    /usr/lib/x86_64-linux-gnu/libxcb-shm.so.0.0.0
7f043edf1000-7f043ee22000 r-xp 00000000 08:05 2239791                    /usr/lib/x86_64-linux-gnu/libpng16.so.16.25.0
7f043ee22000-7f043f021000 ---p 00031000 08:05 2239791                    /usr/lib/x86_64-linux-gnu/libpng16.so.16.25.0
7f043f021000-7f043f022000 r--p 00030000 08:05 2239791                    /usr/lib/x86_64-linux-gnu/libpng16.so.16.25.0
7f043f022000-7f043f023000 rw-p 00031000 08:05 2239791                    /usr/lib/x86_64-linux-gnu/libpng16.so.16.25.0
7f043f023000-7f043f0c2000 r-xp 00000000 08:05 2239783                    /usr/lib/x86_64-linux-gnu/libpixman-1.so.0.33.6
7f043f0c2000-7f043f2c2000 ---p 0009f000 08:05 2239783                    /usr/lib/x86_64-linux-gnu/libpixman-1.so.0.33.6
7f043f2c2000-7f043f2ca000 r--p 0009f000 08:05 2239783                    /usr/lib/x86_64-linux-gnu/libpixman-1.so.0.33.6
7f043f2ca000-7f043f2cb000 rw-p 000a7000 08:05 2239783                    /usr/lib/x86_64-linux-gnu/libpixman-1.so.0.33.6
7f043f2cb000-7f043f349000 r-xp 00000000 08:05 2239412                    /usr/lib/x86_64-linux-gnu/libharfbuzz.so.0.10200.7
7f043f349000-7f043f549000 ---p 0007e000 08:05 2239412                    /usr/lib/x86_64-linux-gnu/libharfbuzz.so.0.10200.7
7f043f549000-7f043f54a000 r--p 0007e000 08:05 2239412                    /usr/lib/x86_64-linux-gnu/libharfbuzz.so.0.10200.7
7f043f54a000-7f043f54b000 rw-p 0007f000 08:05 2239412                    /usr/lib/x86_64-linux-gnu/libharfbuzz.so.0.10200.7
7f043f54b000-7f043f591000 r-xp 00000000 08:05 398122                     /lib/x86_64-linux-gnu/libmount.so.1.1.0
7f043f591000-7f043f790000 ---p 00046000 08:05 398122                     /lib/x86_64-linux-gnu/libmount.so.1.1.0
7f043f790000-7f043f791000 r--p 00045000 08:05 398122                     /lib/x86_64-linux-gnu/libmount.so.1.1.0
7f043f791000-7f043f792000 rw-p 00046000 08:05 398122                     /lib/x86_64-linux-gnu/libmount.so.1.1.0
7f043f792000-7f043f793000 rw-p 00000000 00:00 0 
7f043f793000-7f043f7aa000 r-xp 00000000 08:05 409762                     /lib/x86_64-linux-gnu/libresolv-2.24.so
7f043f7aa000-7f043f9aa000 ---p 00017000 08:05 409762                     /lib/x86_64-linux-gnu/libresolv-2.24.so
7f043f9aa000-7f043f9ab000 r--p 00017000 08:05 409762                     /lib/x86_64-linux-gnu/libresolv-2.24.so
7f043f9ab000-7f043f9ac000 rw-p 00018000 08:05 409762                     /lib/x86_64-linux-gnu/libresolv-2.24.so
7f043f9ac000-7f043f9ae000 rw-p 00000000 00:00 0 
7f043f9ae000-7f043f9d1000 r-xp 00000000 08:05 398769                     /lib/x86_64-linux-gnu/libselinux.so.1
7f043f9d1000-7f043fbd0000 ---p 00023000 08:05 398769                     /lib/x86_64-linux-gnu/libselinux.so.1
7f043fbd0000-7f043fbd1000 r--p 00022000 08:05 398769                     /lib/x86_64-linux-gnu/libselinux.so.1
7f043fbd1000-7f043fbd2000 rw-p 00023000 08:05 398769                     /lib/x86_64-linux-gnu/libselinux.so.1
7f043fbd2000-7f043fbd4000 rw-p 00000000 00:00 0 
7f043fbd4000-7f043fbed000 r-xp 00000000 08:05 398798                     /lib/x86_64-linux-gnu/libz.so.1.2.8
7f043fbed000-7f043fdec000 ---p 00019000 08:05 398798                     /lib/x86_64-linux-gnu/libz.so.1.2.8
7f043fdec000-7f043fded000 r--p 00018000 08:05 398798                     /lib/x86_64-linux-gnu/libz.so.1.2.8
7f043fded000-7f043fdee000 rw-p 00019000 08:05 398798                     /lib/x86_64-linux-gnu/libz.so.1.2.8
7f043fdee000-7f043fdff000 r-xp 00000000 08:05 2238757                    /usr/lib/x86_64-linux-gnu/libXext.so.6.4.0
7f043fdff000-7f043fffe000 ---p 00011000 08:05 2238757                    /usr/lib/x86_64-linux-gnu/libXext.so.6.4.0
7f043fffe000-7f043ffff000 r--p 00010000 08:05 2238757                    /usr/lib/x86_64-linux-gnu/libXext.so.6.4.0
7f043ffff000-7f0440000000 rw-p 00011000 08:05 2238757                    /usr/lib/x86_64-linux-gnu/libXext.so.6.4.0
7f0440000000-7f0441e65000 rw-p 00000000 00:00 0 
7f0441e65000-7f0444000000 ---p 00000000 00:00 0 
7f0444000000-7f0444002000 rw-s 10411e000 00:06 391                       /dev/dri/card0
7f0444002000-7f044400e000 rw-s 00000000 00:05 484885                     /drm mm object (deleted)
7f044400e000-7f0444013000 r--s 00084000 08:05 2243424                    /usr/lib/jvm/java-8-oracle/jre/lib/jfr.jar
7f0444013000-7f044401e000 r--s 00000000 08:05 279298                     /var/cache/fontconfig/945677eb7aeaf62f1d50efc3fb3ec7d8-le64.cache-6
7f044401e000-7f0444024000 r--s 00000000 08:05 279279                     /var/cache/fontconfig/2cd17615ca594fa2959ae173292e504c-le64.cache-6
7f0444024000-7f0444025000 r--s 00000000 08:05 279276                     /var/cache/fontconfig/0d8c3b2ac0904cb8a57a757ad11a4a08-le64.cache-6
7f0444025000-7f044403a000 r--s 00000000 08:05 279272                     /var/cache/fontconfig/04aabc0a78ac019cf9454389977116d2-le64.cache-6
7f044403a000-7f044403b000 r--s 00000000 08:05 279278                     /var/cache/fontconfig/1ac9eb803944fde146138c791f5cc56a-le64.cache-6
7f044403b000-7f044403f000 r--s 00000000 08:05 279283                     /var/cache/fontconfig/385c0604a188198f04d133e54aba7fe7-le64.cache-6
7f044403f000-7f0444040000 r--s 00000000 08:05 279311                     /var/cache/fontconfig/dc05db6664285cc2f12bf69c139ae4c3-le64.cache-6
7f0444040000-7f0444043000 r--s 00000000 08:05 279294                     /var/cache/fontconfig/767a8244fc0220cfb567a839d0392e0b-le64.cache-6
7f0444043000-7f0444044000 r--s 00000000 08:05 276021                     /var/cache/fontconfig/4794a0821666d79190d59a36cb4f44b5-le64.cache-6
7f0444044000-7f0444045000 r--s 00000000 08:05 279274                     /var/cache/fontconfig/0bd3dc0958fa2205aaaa8ebb13e2872b-le64.cache-6
7f0444045000-7f044404a000 r--s 00000000 08:05 279297                     /var/cache/fontconfig/8801497958630a81b71ace7c5f9b32a8-le64.cache-6
7f044404a000-7f044404b000 r--s 00000000 08:05 279304                     /var/cache/fontconfig/bab58bb527bb656aaa9f116d68a48d89-le64.cache-6
7f044404b000-7f0444051000 r--s 00000000 08:05 279280                     /var/cache/fontconfig/3047814df9a2f067bd2d96a2b9c36e5a-le64.cache-6
7f0444051000-7f0444064000 r--s 00000000 08:05 279308                     /var/cache/fontconfig/d52a8644073d54c13679302ca1180695-le64.cache-6
7f0444064000-7f04440af000 r--p 00000000 08:05 917522                     /usr/share/glib-2.0/schemas/gschemas.compiled
7f04440af000-7f04440b1000 r-xp 00000000 08:05 2238753                    /usr/lib/x86_64-linux-gnu/libXdamage.so.1.1.0
7f04440b1000-7f04442b0000 ---p 00002000 08:05 2238753                    /usr/lib/x86_64-linux-gnu/libXdamage.so.1.1.0
7f04442b0000-7f04442b1000 r--p 00001000 08:05 2238753                    /usr/lib/x86_64-linux-gnu/libXdamage.so.1.1.0
7f04442b1000-7f04442b2000 rw-p 00002000 08:05 2238753                    /usr/lib/x86_64-linux-gnu/libXdamage.so.1.1.0
7f04442b2000-7f04442b4000 r-xp 00000000 08:05 2238749                    /usr/lib/x86_64-linux-gnu/libXcomposite.so.1.0.0
7f04442b4000-7f04444b3000 ---p 00002000 08:05 2238749                    /usr/lib/x86_64-linux-gnu/libXcomposite.so.1.0.0
7f04444b3000-7f04444b4000 r--p 00001000 08:05 2238749                    /usr/lib/x86_64-linux-gnu/libXcomposite.so.1.0.0
7f04444b4000-7f04444b5000 rw-p 00002000 08:05 2238749                    /usr/lib/x86_64-linux-gnu/libXcomposite.so.1.0.0
7f04444b5000-7f04444be000 r-xp 00000000 08:05 2238751                    /usr/lib/x86_64-linux-gnu/libXcursor.so.1.0.2
7f04444be000-7f04446bd000 ---p 00009000 08:05 2238751                    /usr/lib/x86_64-linux-gnu/libXcursor.so.1.0.2
7f04446bd000-7f04446be000 r--p 00008000 08:05 2238751                    /usr/lib/x86_64-linux-gnu/libXcursor.so.1.0.2
7f04446be000-7f04446bf000 rw-p 00009000 08:05 2238751                    /usr/lib/x86_64-linux-gnu/libXcursor.so.1.0.2
7f04446bf000-7f04446c9000 r-xp 00000000 08:05 2238775                    /usr/lib/x86_64-linux-gnu/libXrandr.so.2.2.0
7f04446c9000-7f04448c8000 ---p 0000a000 08:05 2238775                    /usr/lib/x86_64-linux-gnu/libXrandr.so.2.2.0
7f04448c8000-7f04448c9000 r--p 00009000 08:05 2238775                    /usr/lib/x86_64-linux-gnu/libXrandr.so.2.2.0
7f04448c9000-7f04448ca000 rw-p 0000a000 08:05 2238775                    /usr/lib/x86_64-linux-gnu/libXrandr.so.2.2.0
7f04448ca000-7f04448d9000 r-xp 00000000 08:05 2238765                    /usr/lib/x86_64-linux-gnu/libXi.so.6.1.0
7f04448d9000-7f0444ad8000 ---p 0000f000 08:05 2238765                    /usr/lib/x86_64-linux-gnu/libXi.so.6.1.0
7f0444ad8000-7f0444ad9000 r--p 0000e000 08:05 2238765                    /usr/lib/x86_64-linux-gnu/libXi.so.6.1.0
7f0444ad9000-7f0444ada000 rw-p 0000f000 08:05 2238765                    /usr/lib/x86_64-linux-gnu/libXi.so.6.1.0
7f0444ada000-7f0444adc000 r-xp 00000000 08:05 2238767                    /usr/lib/x86_64-linux-gnu/libXinerama.so.1.0.0
7f0444adc000-7f0444cdb000 ---p 00002000 08:05 2238767                    /usr/lib/x86_64-linux-gnu/libXinerama.so.1.0.0
7f0444cdb000-7f0444cdc000 r--p 00001000 08:05 2238767                    /usr/lib/x86_64-linux-gnu/libXinerama.so.1.0.0
7f0444cdc000-7f0444cdd000 rw-p 00002000 08:05 2238767                    /usr/lib/x86_64-linux-gnu/libXinerama.so.1.0.0
7f0444cdd000-7f0444ce6000 r-xp 00000000 08:05 2238777                    /usr/lib/x86_64-linux-gnu/libXrender.so.1.3.0
7f0444ce6000-7f0444ee5000 ---p 00009000 08:05 2238777                    /usr/lib/x86_64-linux-gnu/libXrender.so.1.3.0
7f0444ee5000-7f0444ee6000 r--p 00008000 08:05 2238777                    /usr/lib/x86_64-linux-gnu/libXrender.so.1.3.0
7f0444ee6000-7f0444ee7000 rw-p 00009000 08:05 2238777                    /usr/lib/x86_64-linux-gnu/libXrender.so.1.3.0
7f0444ee7000-7f0444eec000 r-xp 00000000 08:05 2238759                    /usr/lib/x86_64-linux-gnu/libXfixes.so.3.1.0
7f0444eec000-7f04450eb000 ---p 00005000 08:05 2238759                    /usr/lib/x86_64-linux-gnu/libXfixes.so.3.1.0
7f04450eb000-7f04450ec000 r--p 00004000 08:05 2238759                    /usr/lib/x86_64-linux-gnu/libXfixes.so.3.1.0
7f04450ec000-7f04450ed000 rw-p 00005000 08:05 2238759                    /usr/lib/x86_64-linux-gnu/libXfixes.so.3.1.0
7f04450ed000-7f0445103000 r-xp 00000000 08:05 398654                     /lib/x86_64-linux-gnu/libgcc_s.so.1
7f0445103000-7f0445302000 ---p 00016000 08:05 398654                     /lib/x86_64-linux-gnu/libgcc_s.so.1
7f0445302000-7f0445303000 r--p 00015000 08:05 398654                     /lib/x86_64-linux-gnu/libgcc_s.so.1
7f0445303000-7f0445304000 rw-p 00016000 08:05 398654                     /lib/x86_64-linux-gnu/libgcc_s.so.1
7f0445304000-7f044547c000 r-xp 00000000 08:05 2239972                    /usr/lib/x86_64-linux-gnu/libstdc++.so.6.0.22
7f044547c000-7f044567c000 ---p 00178000 08:05 2239972                    /usr/lib/x86_64-linux-gnu/libstdc++.so.6.0.22
7f044567c000-7f0445686000 r--p 00178000 08:05 2239972                    /usr/lib/x86_64-linux-gnu/libstdc++.so.6.0.22
7f0445686000-7f0445688000 rw-p 00182000 08:05 2239972                    /usr/lib/x86_64-linux-gnu/libstdc++.so.6.0.22
7f0445688000-7f044568c000 rw-p 00000000 00:00 0 
7f044568c000-7f04456fc000 r-xp 00000000 08:05 133030                     /usr/lib/x86_64-linux-gnu/mesa/libGL.so.1.2.0
7f04456fc000-7f04458fb000 ---p 00070000 08:05 133030                     /usr/lib/x86_64-linux-gnu/mesa/libGL.so.1.2.0
7f04458fb000-7f04458fe000 r--p 0006f000 08:05 133030                     /usr/lib/x86_64-linux-gnu/mesa/libGL.so.1.2.0
7f04458fe000-7f04458ff000 rw-p 00072000 08:05 133030                     /usr/lib/x86_64-linux-gnu/mesa/libGL.so.1.2.0
7f04458ff000-7f0445900000 rw-p 00000000 00:00 0 
7f0445900000-7f0445905000 r-xp 00000000 08:05 2238793                    /usr/lib/x86_64-linux-gnu/libXxf86vm.so.1.0.0
7f0445905000-7f0445b04000 ---p 00005000 08:05 2238793                    /usr/lib/x86_64-linux-gnu/libXxf86vm.so.1.0.0
7f0445b04000-7f0445b05000 r--p 00004000 08:05 2238793                    /usr/lib/x86_64-linux-gnu/libXxf86vm.so.1.0.0
7f0445b05000-7f0445b06000 rw-p 00005000 08:05 2238793                    /usr/lib/x86_64-linux-gnu/libXxf86vm.so.1.0.0
7f0445b06000-7f0445c3b000 r-xp 00000000 08:05 2238740                    /usr/lib/x86_64-linux-gnu/libX11.so.6.3.0
7f0445c3b000-7f0445e3a000 ---p 00135000 08:05 2238740                    /usr/lib/x86_64-linux-gnu/libX11.so.6.3.0
7f0445e3a000-7f0445e3b000 r--p 00134000 08:05 2238740                    /usr/lib/x86_64-linux-gnu/libX11.so.6.3.0
7f0445e3b000-7f0445e3f000 rw-p 00135000 08:05 2238740                    /usr/lib/x86_64-linux-gnu/libX11.so.6.3.0
7f0445e3f000-7f0445e44000 r-xp 00000000 08:05 2238783                    /usr/lib/x86_64-linux-gnu/libXtst.so.6.1.0
7f0445e44000-7f0446043000 ---p 00005000 08:05 2238783                    /usr/lib/x86_64-linux-gnu/libXtst.so.6.1.0
7f0446043000-7f0446044000 r--p 00004000 08:05 2238783                    /usr/lib/x86_64-linux-gnu/libXtst.so.6.1.0
7f0446044000-7f0446045000 rw-p 00005000 08:05 2238783                    /usr/lib/x86_64-linux-gnu/libXtst.so.6.1.0
7f0446045000-7f0446157000 r-xp 00000000 08:05 399763                     /lib/x86_64-linux-gnu/libglib-2.0.so.0.5000.2
7f0446157000-7f0446356000 ---p 00112000 08:05 399763                     /lib/x86_64-linux-gnu/libglib-2.0.so.0.5000.2
7f0446356000-7f0446357000 r--p 00111000 08:05 399763                     /lib/x86_64-linux-gnu/libglib-2.0.so.0.5000.2
7f0446357000-7f0446358000 rw-p 00112000 08:05 399763                     /lib/x86_64-linux-gnu/libglib-2.0.so.0.5000.2
7f0446358000-7f0446359000 rw-p 00000000 00:00 0 
7f0446359000-7f044635a000 r-xp 00000000 08:05 2228686                    /usr/lib/x86_64-linux-gnu/libgthread-2.0.so.0.5000.2
7f044635a000-7f0446559000 ---p 00001000 08:05 2228686                    /usr/lib/x86_64-linux-gnu/libgthread-2.0.so.0.5000.2
7f0446559000-7f044655a000 r--p 00000000 08:05 2228686                    /usr/lib/x86_64-linux-gnu/libgthread-2.0.so.0.5000.2
7f044655a000-7f044655b000 rw-p 00001000 08:05 2228686                    /usr/lib/x86_64-linux-gnu/libgthread-2.0.so.0.5000.2
7f044655b000-7f044655e000 r-xp 00000000 08:05 2228661                    /usr/lib/x86_64-linux-gnu/libgmodule-2.0.so.0.5000.2
7f044655e000-7f044675d000 ---p 00003000 08:05 2228661                    /usr/lib/x86_64-linux-gnu/libgmodule-2.0.so.0.5000.2
7f044675d000-7f044675e000 r--p 00002000 08:05 2228661                    /usr/lib/x86_64-linux-gnu/libgmodule-2.0.so.0.5000.2
7f044675e000-7f044675f000 rw-p 00003000 08:05 2228661                    /usr/lib/x86_64-linux-gnu/libgmodule-2.0.so.0.5000.2
7f044675f000-7f04467b1000 r-xp 00000000 08:05 2228683                    /usr/lib/x86_64-linux-gnu/libgobject-2.0.so.0.5000.2
7f04467b1000-7f04469b0000 ---p 00052000 08:05 2228683                    /usr/lib/x86_64-linux-gnu/libgobject-2.0.so.0.5000.2
7f04469b0000-7f04469b1000 r--p 00051000 08:05 2228683                    /usr/lib/x86_64-linux-gnu/libgobject-2.0.so.0.5000.2
7f04469b1000-7f04469b2000 rw-p 00052000 08:05 2228683                    /usr/lib/x86_64-linux-gnu/libgobject-2.0.so.0.5000.2
7f04469b2000-7f04469ef000 r-xp 00000000 08:05 2239159                    /usr/lib/x86_64-linux-gnu/libfontconfig.so.1.9.0
7f04469ef000-7f0446bee000 ---p 0003d000 08:05 2239159                    /usr/lib/x86_64-linux-gnu/libfontconfig.so.1.9.0
7f0446bee000-7f0446bf0000 r--p 0003c000 08:05 2239159                    /usr/lib/x86_64-linux-gnu/libfontconfig.so.1.9.0
7f0446bf0000-7f0446bf5000 rw-p 0003e000 08:05 2239159                    /usr/lib/x86_64-linux-gnu/libfontconfig.so.1.9.0
7f0446bf5000-7f0446c9c000 r-xp 00000000 08:05 2229706                    /usr/lib/x86_64-linux-gnu/libfreetype.so.6.12.3
7f0446c9c000-7f0446e9b000 ---p 000a7000 08:05 2229706                    /usr/lib/x86_64-linux-gnu/libfreetype.so.6.12.3
7f0446e9b000-7f0446ea1000 r--p 000a6000 08:05 2229706                    /usr/lib/x86_64-linux-gnu/libfreetype.so.6.12.3
7f0446ea1000-7f0446ea2000 rw-p 000ac000 08:05 2229706                    /usr/lib/x86_64-linux-gnu/libfreetype.so.6.12.3
7f0446ea2000-7f0446eeb000 r-xp 00000000 08:05 2239751                    /usr/lib/x86_64-linux-gnu/libpango-1.0.so.0.4000.1
7f0446eeb000-7f04470eb000 ---p 00049000 08:05 2239751                    /usr/lib/x86_64-linux-gnu/libpango-1.0.so.0.4000.1
7f04470eb000-7f04470ed000 r--p 00049000 08:05 2239751                    /usr/lib/x86_64-linux-gnu/libpango-1.0.so.0.4000.1
7f04470ed000-7f04470ee000 rw-p 0004b000 08:05 2239751                    /usr/lib/x86_64-linux-gnu/libpango-1.0.so.0.4000.1
7f04470ee000-7f04471fc000 r-xp 00000000 08:05 2238910                    /usr/lib/x86_64-linux-gnu/libcairo.so.2.11400.6
7f04471fc000-7f04473fb000 ---p 0010e000 08:05 2238910                    /usr/lib/x86_64-linux-gnu/libcairo.so.2.11400.6
7f04473fb000-7f04473fe000 r--p 0010d000 08:05 2238910                    /usr/lib/x86_64-linux-gnu/libcairo.so.2.11400.6
7f04473fe000-7f04473ff000 rw-p 00110000 08:05 2238910                    /usr/lib/x86_64-linux-gnu/libcairo.so.2.11400.6
7f04473ff000-7f0447401000 rw-p 00000000 00:00 0 
7f0447401000-7f044740d000 r-xp 00000000 08:05 2239753                    /usr/lib/x86_64-linux-gnu/libpangocairo-1.0.so.0.4000.1
7f044740d000-7f044760c000 ---p 0000c000 08:05 2239753                    /usr/lib/x86_64-linux-gnu/libpangocairo-1.0.so.0.4000.1
7f044760c000-7f044760d000 r--p 0000b000 08:05 2239753                    /usr/lib/x86_64-linux-gnu/libpangocairo-1.0.so.0.4000.1
7f044760d000-7f044760e000 rw-p 0000c000 08:05 2239753                    /usr/lib/x86_64-linux-gnu/libpangocairo-1.0.so.0.4000.1
7f044760e000-7f044762f000 r-xp 00000000 08:05 2239234                    /usr/lib/x86_64-linux-gnu/libgdk_pixbuf-2.0.so.0.3400.0
7f044762f000-7f044782e000 ---p 00021000 08:05 2239234                    /usr/lib/x86_64-linux-gnu/libgdk_pixbuf-2.0.so.0.3400.0
7f044782e000-7f044782f000 r--p 00020000 08:05 2239234                    /usr/lib/x86_64-linux-gnu/libgdk_pixbuf-2.0.so.0.3400.0
7f044782f000-7f0447830000 rw-p 00021000 08:05 2239234                    /usr/lib/x86_64-linux-gnu/libgdk_pixbuf-2.0.so.0.3400.0
7f0447830000-7f0447844000 r-xp 00000000 08:05 2239755                    /usr/lib/x86_64-linux-gnu/libpangoft2-1.0.so.0.4000.1
7f0447844000-7f0447a44000 ---p 00014000 08:05 2239755                    /usr/lib/x86_64-linux-gnu/libpangoft2-1.0.so.0.4000.1
7f0447a44000-7f0447a45000 r--p 00014000 08:05 2239755                    /usr/lib/x86_64-linux-gnu/libpangoft2-1.0.so.0.4000.1
7f0447a45000-7f0447a46000 rw-p 00015000 08:05 2239755                    /usr/lib/x86_64-linux-gnu/libpangoft2-1.0.so.0.4000.1
7f0447a46000-7f0447bd3000 r-xp 00000000 08:05 2228637                    /usr/lib/x86_64-linux-gnu/libgio-2.0.so.0.5000.2
7f0447bd3000-7f0447dd2000 ---p 0018d000 08:05 2228637                    /usr/lib/x86_64-linux-gnu/libgio-2.0.so.0.5000.2
7f0447dd2000-7f0447dd7000 r--p 0018c000 08:05 2228637                    /usr/lib/x86_64-linux-gnu/libgio-2.0.so.0.5000.2
7f0447dd7000-7f0447dda000 rw-p 00191000 08:05 2228637                    /usr/lib/x86_64-linux-gnu/libgio-2.0.so.0.5000.2
7f0447dda000-7f0447ddb000 rw-p 00000000 00:00 0 
7f0447ddb000-7f0447dfd000 r-xp 00000000 08:05 2238844                    /usr/lib/x86_64-linux-gnu/libatk-1.0.so.0.22009.1
7f0447dfd000-7f0447ffc000 ---p 00022000 08:05 2238844                    /usr/lib/x86_64-linux-gnu/libatk-1.0.so.0.22009.1
7f0447ffc000-7f0447fff000 r--p 00021000 08:05 2238844                    /usr/lib/x86_64-linux-gnu/libatk-1.0.so.0.22009.1
7f0447fff000-7f0448000000 rw-p 00024000 08:05 2238844                    /usr/lib/x86_64-linux-gnu/libatk-1.0.so.0.22009.1
7f0448000000-7f04482af000 rw-p 00000000 00:00 0 
7f04482af000-7f044c000000 ---p 00000000 00:00 0 
7f044c000000-7f044c109000 rw-p 00000000 00:00 0 
7f044c109000-7f0450000000 ---p 00000000 00:00 0 
7f0450000000-7f0450021000 rw-p 00000000 00:00 0 
7f0450021000-7f0454000000 ---p 00000000 00:00 0 
7f0454000000-7f0454021000 rw-p 00000000 00:00 0 
7f0454021000-7f0458000000 ---p 00000000 00:00 0 
7f0458000000-7f0458107000 rw-p 00000000 00:00 0 
7f0458107000-7f045c000000 ---p 00000000 00:00 0 
7f045c000000-7f045c196000 rw-p 00000000 00:00 0 
7f045c196000-7f0460000000 ---p 00000000 00:00 0 
7f0460000000-7f0460021000 rw-p 00000000 00:00 0 
7f0460021000-7f0464000000 ---p 00000000 00:00 0 
7f0464000000-7f046420b000 rw-p 00000000 00:00 0 
7f046420b000-7f0468000000 ---p 00000000 00:00 0 
7f0468000000-7f0468021000 rw-p 00000000 00:00 0 
7f0468021000-7f046c000000 ---p 00000000 00:00 0 
7f046c000000-7f046c021000 rw-p 00000000 00:00 0 
7f046c021000-7f0470000000 ---p 00000000 00:00 0 
7f0470000000-7f0470021000 rw-p 00000000 00:00 0 
7f0470021000-7f0474000000 ---p 00000000 00:00 0 
7f0474000000-7f0474021000 rw-p 00000000 00:00 0 
7f0474021000-7f0478000000 ---p 00000000 00:00 0 
7f0478000000-7f0478021000 rw-p 00000000 00:00 0 
7f0478021000-7f047c000000 ---p 00000000 00:00 0 
7f047c000000-7f047c021000 rw-p 00000000 00:00 0 
7f047c021000-7f0480000000 ---p 00000000 00:00 0 
7f0480000000-7f0480021000 rw-p 00000000 00:00 0 
7f0480021000-7f0484000000 ---p 00000000 00:00 0 
7f0484000000-7f0484006000 r--s 00000000 08:05 279302                     /var/cache/fontconfig/b47c4e1ecd0709278f4910c18777a504-le64.cache-6
7f0484006000-7f0484011000 r--s 00000000 08:05 279296                     /var/cache/fontconfig/83bf95040141907cd45bb53cf7c1c148-le64.cache-6
7f0484011000-7f0484023000 r--s 00000000 08:05 279300                     /var/cache/fontconfig/9b89f8e3dae116d678bbf48e5f21f69b-le64.cache-6
7f0484023000-7f04840a5000 r-xp 00000000 08:05 398147                     /lib/x86_64-linux-gnu/libsystemd.so.0.16.0
7f04840a5000-7f04840a8000 r--p 00081000 08:05 398147                     /lib/x86_64-linux-gnu/libsystemd.so.0.16.0
7f04840a8000-7f04840a9000 rw-p 00084000 08:05 398147                     /lib/x86_64-linux-gnu/libsystemd.so.0.16.0
7f04840a9000-7f04840aa000 rw-p 00000000 00:00 0 
7f04840aa000-7f04840c8000 r-xp 00000000 08:05 398393                     /lib/x86_64-linux-gnu/libudev.so.1.6.5
7f04840c8000-7f04840c9000 ---p 0001e000 08:05 398393                     /lib/x86_64-linux-gnu/libudev.so.1.6.5
7f04840c9000-7f04840ca000 r--p 0001e000 08:05 398393                     /lib/x86_64-linux-gnu/libudev.so.1.6.5
7f04840ca000-7f04840cb000 rw-p 0001f000 08:05 398393                     /lib/x86_64-linux-gnu/libudev.so.1.6.5
7f04840cb000-7f048417b000 r-xp 00000000 08:05 2234326                    /usr/lib/x86_64-linux-gnu/libgdk-x11-2.0.so.0.2400.30
7f048417b000-7f048437a000 ---p 000b0000 08:05 2234326                    /usr/lib/x86_64-linux-gnu/libgdk-x11-2.0.so.0.2400.30
7f048437a000-7f048437e000 r--p 000af000 08:05 2234326                    /usr/lib/x86_64-linux-gnu/libgdk-x11-2.0.so.0.2400.30
7f048437e000-7f0484380000 rw-p 000b3000 08:05 2234326                    /usr/lib/x86_64-linux-gnu/libgdk-x11-2.0.so.0.2400.30
7f0484380000-7f04847be000 r-xp 00000000 08:05 2234327                    /usr/lib/x86_64-linux-gnu/libgtk-x11-2.0.so.0.2400.30
7f04847be000-7f04849be000 ---p 0043e000 08:05 2234327                    /usr/lib/x86_64-linux-gnu/libgtk-x11-2.0.so.0.2400.30
7f04849be000-7f04849c5000 r--p 0043e000 08:05 2234327                    /usr/lib/x86_64-linux-gnu/libgtk-x11-2.0.so.0.2400.30
7f04849c5000-7f04849c9000 rw-p 00445000 08:05 2234327                    /usr/lib/x86_64-linux-gnu/libgtk-x11-2.0.so.0.2400.30
7f04849c9000-7f04849cc000 rw-p 00000000 00:00 0 
7f04849cc000-7f04849cd000 r--s 00000000 08:05 279288                     /var/cache/fontconfig/56cf4f4769d0f4abc89a4895d7bd3ae1-le64.cache-6
7f04849cd000-7f04849ce000 r--s 00000000 08:05 279303                     /var/cache/fontconfig/b9d506c9ac06c20b433354fa67a72993-le64.cache-6
7f04849ce000-7f04849cf000 r--s 00000000 08:05 279287                     /var/cache/fontconfig/551ecf3b0e8b0bca0f25c0944f561853-le64.cache-6
7f04849cf000-7f04849d0000 r--s 00000000 08:05 279284                     /var/cache/fontconfig/3f7329c5293ffd510edef78f73874cfd-le64.cache-6
7f04849d0000-7f04849d4000 r--s 00000000 08:05 279309                     /var/cache/fontconfig/d589a48862398ed80a3d6066f4f56f4c-le64.cache-6
7f04849d4000-7f04849e1000 r--s 00000000 08:05 282756                     /var/cache/fontconfig/e13b20fdb08344e0e664864cc2ede53d-le64.cache-6
7f04849e1000-7f04849e9000 rw-s 00000000 00:05 484884                     /drm mm object (deleted)
7f04849e9000-7f04849f5000 r-xp 00000000 08:05 2243337                    /usr/lib/jvm/java-8-oracle/jre/lib/amd64/libprism_es2.so
7f04849f5000-7f0484bf4000 ---p 0000c000 08:05 2243337                    /usr/lib/jvm/java-8-oracle/jre/lib/amd64/libprism_es2.so
7f0484bf4000-7f0484bf5000 rw-p 0000b000 08:05 2243337                    /usr/lib/jvm/java-8-oracle/jre/lib/amd64/libprism_es2.so
7f0484bf5000-7f0484bf8000 ---p 00000000 00:00 0 
7f0484bf8000-7f0484cf6000 rw-p 00000000 00:00 0 
7f0484cf6000-7f0484cf9000 ---p 00000000 00:00 0 
7f0484cf9000-7f0484df7000 rw-p 00000000 00:00 0 
7f0484df7000-7f0484dfa000 ---p 00000000 00:00 0 
7f0484dfa000-7f0484ef8000 rw-p 00000000 00:00 0 
7f0484ef8000-7f0484f8d000 r--s 01109000 08:05 2243401                    /usr/lib/jvm/java-8-oracle/jre/lib/ext/jfxrt.jar
7f0484f8d000-7f0484f8e000 ---p 00000000 00:00 0 
7f0484f8e000-7f048508e000 rw-p 00000000 00:00 0 
7f048508e000-7f0485091000 ---p 00000000 00:00 0 
7f0485091000-7f048518f000 rw-p 00000000 00:00 0 
7f048518f000-7f0485192000 ---p 00000000 00:00 0 
7f0485192000-7f0485290000 rw-p 00000000 00:00 0 
7f0485290000-7f0485293000 ---p 00000000 00:00 0 
7f0485293000-7f0485391000 rw-p 00000000 00:00 0 
7f0485391000-7f0485394000 ---p 00000000 00:00 0 
7f0485394000-7f0485492000 rw-p 00000000 00:00 0 
7f0485492000-7f0485495000 ---p 00000000 00:00 0 
7f0485495000-7f0485593000 rw-p 00000000 00:00 0 
7f0485593000-7f04859ed000 r--p 00000000 08:05 2229872                    /usr/lib/locale/locale-archive
7f04859ed000-7f04859f0000 ---p 00000000 00:00 0 
7f04859f0000-7f0485aee000 rw-p 00000000 00:00 0 
7f0485aee000-7f0485af1000 ---p 00000000 00:00 0 
7f0485af1000-7f0485bef000 rw-p 00000000 00:00 0 
7f0485bef000-7f0485bf0000 ---p 00000000 00:00 0 
7f0485bf0000-7f0486cd2000 rw-p 00000000 00:00 0 
7f0486cd2000-7f0486eab000 r--s 03d3e000 08:05 2243317                    /usr/lib/jvm/java-8-oracle/jre/lib/rt.jar
7f0486eab000-7f048b879000 rw-p 00000000 00:00 0 
7f048b879000-7f048b87a000 ---p 00000000 00:00 0 
7f048b87a000-7f048b97a000 rw-p 00000000 00:00 0 
7f048b97a000-7f048b97b000 ---p 00000000 00:00 0 
7f048b97b000-7f048ba7b000 rw-p 00000000 00:00 0 
7f048ba7b000-7f048ba7c000 ---p 00000000 00:00 0 
7f048ba7c000-7f048bba6000 rw-p 00000000 00:00 0 
7f048bba6000-7f048be0c000 ---p 00000000 00:00 0 
7f048be0c000-7f048be36000 rw-p 00000000 00:00 0 
7f048be36000-7f048c09c000 ---p 00000000 00:00 0 
7f048c09c000-7f048c0c0000 rw-p 00000000 00:00 0 
7f048c0c0000-7f048c1e4000 ---p 00000000 00:00 0 
7f048c1e4000-7f048c1f5000 rw-p 00000000 00:00 0 
7f048c1f5000-7f048c5a5000 ---p 00000000 00:00 0 
7f048c5a5000-7f048c995000 rwxp 00000000 00:00 0 
7f048c995000-7f049b5a5000 ---p 00000000 00:00 0 
7f049b5a5000-7f049b5bf000 r-xp 00000000 08:05 2243348                    /usr/lib/jvm/java-8-oracle/jre/lib/amd64/libzip.so
7f049b5bf000-7f049b7bf000 ---p 0001a000 08:05 2243348                    /usr/lib/jvm/java-8-oracle/jre/lib/amd64/libzip.so
7f049b7bf000-7f049b7c0000 rw-p 0001a000 08:05 2243348                    /usr/lib/jvm/java-8-oracle/jre/lib/amd64/libzip.so
7f049b7c0000-7f049b7cb000 r-xp 00000000 08:05 409756                     /lib/x86_64-linux-gnu/libnss_files-2.24.so
7f049b7cb000-7f049b9ca000 ---p 0000b000 08:05 409756                     /lib/x86_64-linux-gnu/libnss_files-2.24.so
7f049b9ca000-7f049b9cb000 r--p 0000a000 08:05 409756                     /lib/x86_64-linux-gnu/libnss_files-2.24.so
7f049b9cb000-7f049b9cc000 rw-p 0000b000 08:05 409756                     /lib/x86_64-linux-gnu/libnss_files-2.24.so
7f049b9cc000-7f049b9d2000 rw-p 00000000 00:00 0 
7f049b9d2000-7f049b9dd000 r-xp 00000000 08:05 409758                     /lib/x86_64-linux-gnu/libnss_nis-2.24.so
7f049b9dd000-7f049bbdc000 ---p 0000b000 08:05 409758                     /lib/x86_64-linux-gnu/libnss_nis-2.24.so
7f049bbdc000-7f049bbdd000 r--p 0000a000 08:05 409758                     /lib/x86_64-linux-gnu/libnss_nis-2.24.so
7f049bbdd000-7f049bbde000 rw-p 0000b000 08:05 409758                     /lib/x86_64-linux-gnu/libnss_nis-2.24.so
7f049bbde000-7f049bbf4000 r-xp 00000000 08:05 409753                     /lib/x86_64-linux-gnu/libnsl-2.24.so
7f049bbf4000-7f049bdf3000 ---p 00016000 08:05 409753                     /lib/x86_64-linux-gnu/libnsl-2.24.so
7f049bdf3000-7f049bdf4000 r--p 00015000 08:05 409753                     /lib/x86_64-linux-gnu/libnsl-2.24.so
7f049bdf4000-7f049bdf5000 rw-p 00016000 08:05 409753                     /lib/x86_64-linux-gnu/libnsl-2.24.so
7f049bdf5000-7f049bdf7000 rw-p 00000000 00:00 0 
7f049bdf7000-7f049bdff000 r-xp 00000000 08:05 409754                     /lib/x86_64-linux-gnu/libnss_compat-2.24.so
7f049bdff000-7f049bffe000 ---p 00008000 08:05 409754                     /lib/x86_64-linux-gnu/libnss_compat-2.24.so
7f049bffe000-7f049bfff000 r--p 00007000 08:05 409754                     /lib/x86_64-linux-gnu/libnss_compat-2.24.so
7f049bfff000-7f049c000000 rw-p 00008000 08:05 409754                     /lib/x86_64-linux-gnu/libnss_compat-2.24.so
7f049c000000-7f049c169000 rw-p 00000000 00:00 0 
7f049c169000-7f04a0000000 ---p 00000000 00:00 0 
7f04a0000000-7f04a0001000 r--s 00000000 08:05 279281                     /var/cache/fontconfig/30829fa25452a46451e813d634d7f916-le64.cache-6
7f04a0001000-7f04a0005000 r--s 00000000 08:05 276027                     /var/cache/fontconfig/7ef2298fde41cc6eeb7af42e48b7d293-le64.cache-6
7f04a0005000-7f04a0006000 ---p 00000000 00:00 0 
7f04a0006000-7f04a0106000 rw-p 00000000 00:00 0 
7f04a0106000-7f04a0131000 r-xp 00000000 08:05 2243375                    /usr/lib/jvm/java-8-oracle/jre/lib/amd64/libjava.so
7f04a0131000-7f04a0330000 ---p 0002b000 08:05 2243375                    /usr/lib/jvm/java-8-oracle/jre/lib/amd64/libjava.so
7f04a0330000-7f04a0332000 rw-p 0002a000 08:05 2243375                    /usr/lib/jvm/java-8-oracle/jre/lib/amd64/libjava.so
7f04a0332000-7f04a033f000 r-xp 00000000 08:05 2243326                    /usr/lib/jvm/java-8-oracle/jre/lib/amd64/libverify.so
7f04a033f000-7f04a053e000 ---p 0000d000 08:05 2243326                    /usr/lib/jvm/java-8-oracle/jre/lib/amd64/libverify.so
7f04a053e000-7f04a0540000 rw-p 0000c000 08:05 2243326                    /usr/lib/jvm/java-8-oracle/jre/lib/amd64/libverify.so
7f04a0540000-7f04a0547000 r-xp 00000000 08:05 409763                     /lib/x86_64-linux-gnu/librt-2.24.so
7f04a0547000-7f04a0746000 ---p 00007000 08:05 409763                     /lib/x86_64-linux-gnu/librt-2.24.so
7f04a0746000-7f04a0747000 r--p 00006000 08:05 409763                     /lib/x86_64-linux-gnu/librt-2.24.so
7f04a0747000-7f04a0748000 rw-p 00007000 08:05 409763                     /lib/x86_64-linux-gnu/librt-2.24.so
7f04a0748000-7f04a0850000 r-xp 00000000 08:05 409750                     /lib/x86_64-linux-gnu/libm-2.24.so
7f04a0850000-7f04a0a4f000 ---p 00108000 08:05 409750                     /lib/x86_64-linux-gnu/libm-2.24.so
7f04a0a4f000-7f04a0a50000 r--p 00107000 08:05 409750                     /lib/x86_64-linux-gnu/libm-2.24.so
7f04a0a50000-7f04a0a51000 rw-p 00108000 08:05 409750                     /lib/x86_64-linux-gnu/libm-2.24.so
7f04a0a51000-7f04a171f000 r-xp 00000000 08:05 2243379                    /usr/lib/jvm/java-8-oracle/jre/lib/amd64/server/libjvm.so
7f04a171f000-7f04a191f000 ---p 00cce000 08:05 2243379                    /usr/lib/jvm/java-8-oracle/jre/lib/amd64/server/libjvm.so
7f04a191f000-7f04a19f8000 rw-p 00cce000 08:05 2243379                    /usr/lib/jvm/java-8-oracle/jre/lib/amd64/server/libjvm.so
7f04a19f8000-7f04a1a43000 rw-p 00000000 00:00 0 
7f04a1a43000-7f04a1c00000 r-xp 00000000 08:05 409746                     /lib/x86_64-linux-gnu/libc-2.24.so
7f04a1c00000-7f04a1e00000 ---p 001bd000 08:05 409746                     /lib/x86_64-linux-gnu/libc-2.24.so
7f04a1e00000-7f04a1e04000 r--p 001bd000 08:05 409746                     /lib/x86_64-linux-gnu/libc-2.24.so
7f04a1e04000-7f04a1e06000 rw-p 001c1000 08:05 409746                     /lib/x86_64-linux-gnu/libc-2.24.so
7f04a1e06000-7f04a1e0a000 rw-p 00000000 00:00 0 
7f04a1e0a000-7f04a1e0d000 r-xp 00000000 08:05 409749                     /lib/x86_64-linux-gnu/libdl-2.24.so
7f04a1e0d000-7f04a200c000 ---p 00003000 08:05 409749                     /lib/x86_64-linux-gnu/libdl-2.24.so
7f04a200c000-7f04a200d000 r--p 00002000 08:05 409749                     /lib/x86_64-linux-gnu/libdl-2.24.so
7f04a200d000-7f04a200e000 rw-p 00003000 08:05 409749                     /lib/x86_64-linux-gnu/libdl-2.24.so
7f04a200e000-7f04a2023000 r-xp 00000000 08:05 2242460                    /usr/lib/jvm/java-8-oracle/lib/amd64/jli/libjli.so
7f04a2023000-7f04a2223000 ---p 00015000 08:05 2242460                    /usr/lib/jvm/java-8-oracle/lib/amd64/jli/libjli.so
7f04a2223000-7f04a2224000 rw-p 00015000 08:05 2242460                    /usr/lib/jvm/java-8-oracle/lib/amd64/jli/libjli.so
7f04a2224000-7f04a223c000 r-xp 00000000 08:05 409761                     /lib/x86_64-linux-gnu/libpthread-2.24.so
7f04a223c000-7f04a243c000 ---p 00018000 08:05 409761                     /lib/x86_64-linux-gnu/libpthread-2.24.so
7f04a243c000-7f04a243d000 r--p 00018000 08:05 409761                     /lib/x86_64-linux-gnu/libpthread-2.24.so
7f04a243d000-7f04a243e000 rw-p 00019000 08:05 409761                     /lib/x86_64-linux-gnu/libpthread-2.24.so
7f04a243e000-7f04a2442000 rw-p 00000000 00:00 0 
7f04a2442000-7f04a2467000 r-xp 00000000 08:05 409742                     /lib/x86_64-linux-gnu/ld-2.24.so
7f04a2467000-7f04a246a000 r--s 00000000 08:05 279293                     /var/cache/fontconfig/75114ca45c98e8a441da0ff356701271-le64.cache-6
7f04a246a000-7f04a2472000 rw-s 00000000 00:05 484872                     /drm mm object (deleted)
7f04a2472000-7f04a2478000 r--p 00000000 08:05 546979                     /home/daan/.config/dconf/user
7f04a2478000-7f04a2543000 rw-p 00000000 00:00 0 
7f04a2543000-7f04a2546000 ---p 00000000 00:00 0 
7f04a2546000-7f04a2646000 rw-p 00000000 00:00 0 
7f04a2646000-7f04a2647000 r--s 00000000 08:05 279275                     /var/cache/fontconfig/0c9eb80ebd1c36541ebe2852d3bb0c49-le64.cache-6
7f04a2648000-7f04a2649000 rw-s 102edb000 00:06 391                       /dev/dri/card0
7f04a2649000-7f04a264a000 r--s 00000000 00:2f 59                         /run/user/1000/dconf/user
7f04a264a000-7f04a2652000 rw-s 00000000 00:05 483926                     /drm mm object (deleted)
7f04a2652000-7f04a2659000 r--s 00000000 08:05 148080                     /usr/lib/x86_64-linux-gnu/gconv/gconv-modules.cache
7f04a2659000-7f04a2661000 rw-s 00000000 08:05 1311079                    /tmp/hsperfdata_daan/22748
7f04a2661000-7f04a2662000 rw-p 00000000 00:00 0 
7f04a2662000-7f04a2663000 r--p 00000000 00:00 0 
7f04a2663000-7f04a2666000 rw-p 00000000 00:00 0 
7f04a2666000-7f04a2667000 r--p 00024000 08:05 409742                     /lib/x86_64-linux-gnu/ld-2.24.so
7f04a2667000-7f04a2668000 rw-p 00025000 08:05 409742                     /lib/x86_64-linux-gnu/ld-2.24.so
7f04a2668000-7f04a2669000 rw-p 00000000 00:00 0 
7fff6134a000-7fff6136b000 rw-p 00000000 00:00 0                          [stack]
7fff613ba000-7fff613bc000 r--p 00000000 00:00 0                          [vvar]
7fff613bc000-7fff613be000 r-xp 00000000 00:00 0                          [vdso]
ffffffffff600000-ffffffffff601000 r-xp 00000000 00:00 0                  [vsyscall]

VM Arguments:
jvm_args: -Dfile.encoding=UTF-8 
java_command: application.Main
java_class_path (initial): /home/daan/git/IntegrationProject/IntegrationProject/bin:/home/daan/.p2/pool/plugins/org.junit_4.12.0.v201504281640/junit.jar:/home/daan/.p2/pool/plugins/org.hamcrest.core_1.3.0.v201303031735.jar:/home/daan/git/IntegrationProject/IntegrationProject/commons-codec-1.10.jar
Launcher Type: SUN_STANDARD

Environment Variables:
JAVA_HOME=/usr/lib/jvm/java-8-oracle
PATH=/home/daan/bin:/home/daan/.local/bin:/usr/local/sbin:/usr/local/bin:/usr/sbin:/usr/bin:/sbin:/bin:/usr/games:/usr/local/games:/snap/bin:/usr/lib/jvm/java-8-oracle/bin:/usr/lib/jvm/java-8-oracle/db/bin:/usr/lib/jvm/java-8-oracle/jre/bin
SHELL=/bin/bash
DISPLAY=:0

Signal Handlers:
SIGSEGV: [libjvm.so+0xac78c0], sa_mask[0]=11111111011111111101111111111110, sa_flags=SA_RESTART|SA_SIGINFO
SIGBUS: [libjvm.so+0xac78c0], sa_mask[0]=11111111011111111101111111111110, sa_flags=SA_RESTART|SA_SIGINFO
SIGFPE: [libjvm.so+0x920ac0], sa_mask[0]=11111111011111111101111111111110, sa_flags=SA_RESTART|SA_SIGINFO
SIGPIPE: SIG_IGN, sa_mask[0]=00000000000010000000000000000000, sa_flags=SA_RESTART
SIGXFSZ: [libjvm.so+0x920ac0], sa_mask[0]=11111111011111111101111111111110, sa_flags=SA_RESTART|SA_SIGINFO
SIGILL: [libjvm.so+0x920ac0], sa_mask[0]=11111111011111111101111111111110, sa_flags=SA_RESTART|SA_SIGINFO
SIGUSR1: SIG_DFL, sa_mask[0]=00000000000000000000000000000000, sa_flags=none
SIGUSR2: [libjvm.so+0x922300], sa_mask[0]=00100000000000000000000000000000, sa_flags=SA_RESTART|SA_SIGINFO
SIGHUP: [libjvm.so+0x923700], sa_mask[0]=11111111011111111101111111111110, sa_flags=SA_RESTART|SA_SIGINFO
SIGINT: [libjvm.so+0x923700], sa_mask[0]=11111111011111111101111111111110, sa_flags=SA_RESTART|SA_SIGINFO
SIGTERM: [libjvm.so+0x923700], sa_mask[0]=11111111011111111101111111111110, sa_flags=SA_RESTART|SA_SIGINFO
SIGQUIT: [libjvm.so+0x923700], sa_mask[0]=11111111011111111101111111111110, sa_flags=SA_RESTART|SA_SIGINFO


---------------  S Y S T E M  ---------------

OS:DISTRIB_ID=Ubuntu
DISTRIB_RELEASE=16.10
DISTRIB_CODENAME=yakkety
DISTRIB_DESCRIPTION="Ubuntu 16.10"

uname:Linux 4.8.0-46-generic #49-Ubuntu SMP Fri Mar 31 13:57:14 UTC 2017 x86_64
libc:glibc 2.24 NPTL 2.24 
rlimit: STACK 8192k, CORE 0k, NPROC 30976, NOFILE 4096, AS infinity
load average:1,20 1,32 1,06

/proc/meminfo:
MemTotal:        8054864 kB
MemFree:         1643004 kB
MemAvailable:    3406444 kB
Buffers:          113212 kB
Cached:          2503540 kB
SwapCached:            0 kB
Active:          4365604 kB
Inactive:        1717360 kB
Active(anon):    3467656 kB
Inactive(anon):   696340 kB
Active(file):     897948 kB
Inactive(file):  1021020 kB
Unevictable:         128 kB
Mlocked:             128 kB
SwapTotal:       8268796 kB
SwapFree:        8268796 kB
Dirty:               120 kB
Writeback:             0 kB
AnonPages:       3387108 kB
Mapped:           714312 kB
Shmem:            697788 kB
Slab:             187928 kB
SReclaimable:     127996 kB
SUnreclaim:        59932 kB
KernelStack:       13440 kB
PageTables:        59672 kB
NFS_Unstable:          0 kB
Bounce:                0 kB
WritebackTmp:          0 kB
CommitLimit:    12296228 kB
Committed_AS:   10063336 kB
VmallocTotal:   34359738367 kB
VmallocUsed:           0 kB
VmallocChunk:          0 kB
HardwareCorrupted:     0 kB
AnonHugePages:   1734656 kB
ShmemHugePages:        0 kB
ShmemPmdMapped:        0 kB
CmaTotal:              0 kB
CmaFree:               0 kB
HugePages_Total:       0
HugePages_Free:        0
HugePages_Rsvd:        0
HugePages_Surp:        0
Hugepagesize:       2048 kB
DirectMap4k:      216656 kB
DirectMap2M:     8052736 kB
DirectMap1G:           0 kB


CPU:total 4 (2 cores per cpu, 2 threads per core) family 6 model 78 stepping 3, cmov, cx8, fxsr, mmx, sse, sse2, sse3, ssse3, sse4.1, sse4.2, popcnt, avx, avx2, aes, clmul, erms, 3dnowpref, lzcnt, ht, tsc, tscinvbit, bmi1, bmi2, adx

/proc/cpuinfo:
processor	: 0
vendor_id	: GenuineIntel
cpu family	: 6
model		: 78
model name	: Intel(R) Core(TM) i5-6200U CPU @ 2.30GHz
stepping	: 3
microcode	: 0x9e
cpu MHz		: 2699.853
cache size	: 3072 KB
physical id	: 0
siblings	: 4
core id		: 0
cpu cores	: 2
apicid		: 0
initial apicid	: 0
fpu		: yes
fpu_exception	: yes
cpuid level	: 22
wp		: yes
flags		: fpu vme de pse tsc msr pae mce cx8 apic sep mtrr pge mca cmov pat pse36 clflush dts acpi mmx fxsr sse sse2 ss ht tm pbe syscall nx pdpe1gb rdtscp lm constant_tsc art arch_perfmon pebs bts rep_good nopl xtopology nonstop_tsc aperfmperf eagerfpu pni pclmulqdq dtes64 monitor ds_cpl vmx est tm2 ssse3 sdbg fma cx16 xtpr pdcm pcid sse4_1 sse4_2 x2apic movbe popcnt tsc_deadline_timer aes xsave avx f16c rdrand lahf_lm abm 3dnowprefetch epb intel_pt tpr_shadow vnmi flexpriority ept vpid fsgsbase tsc_adjust bmi1 avx2 smep bmi2 erms invpcid mpx rdseed adx smap clflushopt xsaveopt xsavec xgetbv1 xsaves dtherm ida arat pln pts hwp hwp_notify hwp_act_window hwp_epp
bugs		:
bogomips	: 4800.00
clflush size	: 64
cache_alignment	: 64
address sizes	: 39 bits physical, 48 bits virtual
power management:

processor	: 1
vendor_id	: GenuineIntel
cpu family	: 6
model		: 78
model name	: Intel(R) Core(TM) i5-6200U CPU @ 2.30GHz
stepping	: 3
microcode	: 0x9e
cpu MHz		: 2699.853
cache size	: 3072 KB
physical id	: 0
siblings	: 4
core id		: 1
cpu cores	: 2
apicid		: 2
initial apicid	: 2
fpu		: yes
fpu_exception	: yes
cpuid level	: 22
wp		: yes
flags		: fpu vme de pse tsc msr pae mce cx8 apic sep mtrr pge mca cmov pat pse36 clflush dts acpi mmx fxsr sse sse2 ss ht tm pbe syscall nx pdpe1gb rdtscp lm constant_tsc art arch_perfmon pebs bts rep_good nopl xtopology nonstop_tsc aperfmperf eagerfpu pni pclmulqdq dtes64 monitor ds_cpl vmx est tm2 ssse3 sdbg fma cx16 xtpr pdcm pcid sse4_1 sse4_2 x2apic movbe popcnt tsc_deadline_timer aes xsave avx f16c rdrand lahf_lm abm 3dnowprefetch epb intel_pt tpr_shadow vnmi flexpriority ept vpid fsgsbase tsc_adjust bmi1 avx2 smep bmi2 erms invpcid mpx rdseed adx smap clflushopt xsaveopt xsavec xgetbv1 xsaves dtherm ida arat pln pts hwp hwp_notify hwp_act_window hwp_epp
bugs		:
bogomips	: 4800.00
clflush size	: 64
cache_alignment	: 64
address sizes	: 39 bits physical, 48 bits virtual
power management:

processor	: 2
vendor_id	: GenuineIntel
cpu family	: 6
model		: 78
model name	: Intel(R) Core(TM) i5-6200U CPU @ 2.30GHz
stepping	: 3
microcode	: 0x9e
cpu MHz		: 2699.853
cache size	: 3072 KB
physical id	: 0
siblings	: 4
core id		: 0
cpu cores	: 2
apicid		: 1
initial apicid	: 1
fpu		: yes
fpu_exception	: yes
cpuid level	: 22
wp		: yes
flags		: fpu vme de pse tsc msr pae mce cx8 apic sep mtrr pge mca cmov pat pse36 clflush dts acpi mmx fxsr sse sse2 ss ht tm pbe syscall nx pdpe1gb rdtscp lm constant_tsc art arch_perfmon pebs bts rep_good nopl xtopology nonstop_tsc aperfmperf eagerfpu pni pclmulqdq dtes64 monitor ds_cpl vmx est tm2 ssse3 sdbg fma cx16 xtpr pdcm pcid sse4_1 sse4_2 x2apic movbe popcnt tsc_deadline_timer aes xsave avx f16c rdrand lahf_lm abm 3dnowprefetch epb intel_pt tpr_shadow vnmi flexpriority ept vpid fsgsbase tsc_adjust bmi1 avx2 smep bmi2 erms invpcid mpx rdseed adx smap clflushopt xsaveopt xsavec xgetbv1 xsaves dtherm ida arat pln pts hwp hwp_notify hwp_act_window hwp_epp
bugs		:
bogomips	: 4800.00
clflush size	: 64
cache_alignment	: 64
address sizes	: 39 bits physical, 48 bits virtual
power management:

processor	: 3
vendor_id	: GenuineIntel
cpu family	: 6
model		: 78
model name	: Intel(R) Core(TM) i5-6200U CPU @ 2.30GHz
stepping	: 3
microcode	: 0x9e
cpu MHz		: 2700.000
cache size	: 3072 KB
physical id	: 0
siblings	: 4
core id		: 1
cpu cores	: 2
apicid		: 3
initial apicid	: 3
fpu		: yes
fpu_exception	: yes
cpuid level	: 22
wp		: yes
flags		: fpu vme de pse tsc msr pae mce cx8 apic sep mtrr pge mca cmov pat pse36 clflush dts acpi mmx fxsr sse sse2 ss ht tm pbe syscall nx pdpe1gb rdtscp lm constant_tsc art arch_perfmon pebs bts rep_good nopl xtopology nonstop_tsc aperfmperf eagerfpu pni pclmulqdq dtes64 monitor ds_cpl vmx est tm2 ssse3 sdbg fma cx16 xtpr pdcm pcid sse4_1 sse4_2 x2apic movbe popcnt tsc_deadline_timer aes xsave avx f16c rdrand lahf_lm abm 3dnowprefetch epb intel_pt tpr_shadow vnmi flexpriority ept vpid fsgsbase tsc_adjust bmi1 avx2 smep bmi2 erms invpcid mpx rdseed adx smap clflushopt xsaveopt xsavec xgetbv1 xsaves dtherm ida arat pln pts hwp hwp_notify hwp_act_window hwp_epp
bugs		:
bogomips	: 4800.00
clflush size	: 64
cache_alignment	: 64
address sizes	: 39 bits physical, 48 bits virtual
power management:



Memory: 4k page, physical 8054864k(1643004k free), swap 8268796k(8268796k free)

vm_info: Java HotSpot(TM) 64-Bit Server VM (25.121-b13) for linux-amd64 JRE (1.8.0_121-b13), built on Dec 12 2016 16:36:53 by "java_re" with gcc 4.3.0 20080428 (Red Hat 4.3.0-8)

time: Tue Apr 18 12:05:58 2017
elapsed time: 2 seconds (0d 0h 0m 2s)

