#
# A fatal error has been detected by the Java Runtime Environment:
#
#  SIGSEGV (0xb) at pc=0x00007f1116f8e8f8, pid=30329, tid=0x00007f109ffff700
#
# JRE version: Java(TM) SE Runtime Environment (8.0_121-b13) (build 1.8.0_121-b13)
# Java VM: Java HotSpot(TM) 64-Bit Server VM (25.121-b13 mixed mode linux-amd64 compressed oops)
# Problematic frame:
# V  [libjvm.so+0x6d28f8]  jni_invoke_nonstatic(JNIEnv_*, JavaValue*, _jobject*, JNICallType, _jmethodID*, JNI_ArgumentPusher*, Thread*)+0x38
#
# Failed to write core dump. Core dumps have been disabled. To enable core dumping, try "ulimit -c unlimited" before starting Java again
#
# If you would like to submit a bug report, please visit:
#   http://bugreport.java.com/bugreport/crash.jsp
#

---------------  T H R E A D  ---------------

Current thread (0x00007f10c00fa000):  JavaThread "JavaFX Application Thread" [_thread_in_vm, id=30356, stack(0x00007f109feff000,0x00007f10a0000000)]

siginfo: si_signo: 11 (SIGSEGV), si_code: 128 (SI_KERNEL), si_addr: 0x0000000000000000

Registers:
RAX=0x00007f109fffe4c0, RBX=0x00007f109fffe3d0, RCX=0x0000000000000001, RDX=0x2f776f646e69772f
RSP=0x00007f109fffe220, RBP=0x00007f109fffe3a0, RSI=0x00007f109fffe430, RDI=0x00007f10c00fa1f8
R8 =0x00007f10c004e4e8, R9 =0x00007f109fffe3d0, R10=0x00007f1094000aa0, R11=0x00007f110136f360
R12=0x00007f10c00fa000, R13=0x00007f10c004e4e8, R14=0x0000000000000001, R15=0x00007f10c00fa1f8
RIP=0x00007f1116f8e8f8, EFLAGS=0x0000000000010202, CSGSFS=0x002b000000000033, ERR=0x0000000000000000
  TRAPNO=0x000000000000000d

Top of Stack: (sp=0x00007f109fffe220)
0x00007f109fffe220:   00007f109fffe920 00007f109fffe540
0x00007f109fffe230:   00007f109fffe280 00007f109fffe300
0x00007f109fffe240:   00007f109fffe3d0 00007f109fffe430
0x00007f109fffe250:   00007f10c00fa1f8 00007f1116fae400
0x00007f109fffe260:   00007f10d804db70 00007f10d804db80
0x00007f109fffe270:   00007f10d804df58 00000000000003d8
0x00007f109fffe280:   0000000000000000 00000000d8202488
0x00007f109fffe290:   00007f100000006f 00007f100000000a
0x00007f109fffe2a0:   00000000d8935ed8 0000000000000000
0x00007f109fffe2b0:   0000000000000000 0000000000000000
0x00007f109fffe2c0:   00007f10fcfcf688 0000000100000100
0x00007f109fffe2d0:   0000000000000000 00007f109fffe288
0x00007f109fffe2e0:   00007f109fffe2c9 0000000800000005
0x00007f109fffe2f0:   0000000000000000 00007f10c00f99e0
0x00007f109fffe300:   00007f111781c510 00007f111830a720
0x00007f109fffe310:   00000000c00f9870 00007f10c00fa000
0x00007f109fffe320:   0000000000000000 00007f1116f8eccb
0x00007f109fffe330:   00007f10fcfde768 00007f10c00fa000
0x00007f109fffe340:   00007f10fcfde768 00007f10c00fa000
0x00007f109fffe350:   00007f109fffe4e0 00007f10fcfde768
0x00007f109fffe360:   00007f10fcfde768 00007f10fcfde768
0x00007f109fffe370:   00007f10d804db70 00007f109fffe3d0
0x00007f109fffe380:   00007f10c00fa000 00007f109fffe410
0x00007f109fffe390:   00007f10c004e4e8 00007f10c00fa1f8
0x00007f109fffe3a0:   00007f109fffe490 00007f1116f9309f
0x00007f109fffe3b0:   00007f10c00fa000 00007f10edf85ff4
0x00007f109fffe3c0:   00007f109fffe4a8 2f776f646e69772f
0x00007f109fffe3d0:   00007f111781d170 00007f111830a720
0x00007f109fffe3e0:   000000009fffe450 f006c23e00000063
0x00007f109fffe3f0:   0000000000000000 0000003000000018
0x00007f109fffe400:   00007f109fffe580 00007f109fffe4c0
0x00007f109fffe410:   00007f10c00fa000 0000000000000000 

Instructions: (pc=0x00007f1116f8e8f8)
0x00007f1116f8e8d8:   00 00 48 85 d2 48 89 bd b0 fe ff ff 48 89 b5 a8
0x00007f1116f8e8e8:   fe ff ff 4c 89 8d a0 fe ff ff 0f 84 78 09 00 00
0x00007f1116f8e8f8:   4c 8b 22 4d 85 e4 0f 84 6c 09 00 00 48 8b 45 10
0x00007f1116f8e908:   48 8b 98 38 01 00 00 48 83 7b 18 f7 0f 87 16 07 

Register to memory mapping:

RAX=0x00007f109fffe4c0 is pointing into the stack for thread: 0x00007f10c00fa000
RBX=0x00007f109fffe3d0 is pointing into the stack for thread: 0x00007f10c00fa000
RCX=0x0000000000000001 is an unknown value
RDX=0x2f776f646e69772f is an unknown value
RSP=0x00007f109fffe220 is pointing into the stack for thread: 0x00007f10c00fa000
RBP=0x00007f109fffe3a0 is pointing into the stack for thread: 0x00007f10c00fa000
RSI=0x00007f109fffe430 is pointing into the stack for thread: 0x00007f10c00fa000
RDI=0x00007f10c00fa1f8 is an unknown value
R8 =0x00007f10c004e4e8 is an unknown value
R9 =0x00007f109fffe3d0 is pointing into the stack for thread: 0x00007f10c00fa000
R10=0x00007f1094000aa0 is an unknown value
R11=0x00007f110136f360 is at entry_point+32 in (nmethod*)0x00007f110136f1d0
R12=0x00007f10c00fa000 is a thread
R13=0x00007f10c004e4e8 is an unknown value
R14=0x0000000000000001 is an unknown value
R15=0x00007f10c00fa1f8 is an unknown value


Stack: [0x00007f109feff000,0x00007f10a0000000],  sp=0x00007f109fffe220,  free space=1020k
Native frames: (J=compiled Java code, j=interpreted, Vv=VM code, C=native code)
V  [libjvm.so+0x6d28f8]  jni_invoke_nonstatic(JNIEnv_*, JavaValue*, _jobject*, JNICallType, _jmethodID*, JNI_ArgumentPusher*, Thread*)+0x38
V  [libjvm.so+0x6d709f]  jni_CallVoidMethodV+0x10f
C  [libglass.so+0x13e51]  JNIEnv_::CallVoidMethod(_jobject*, _jmethodID*, ...)+0x81
C  [libglass.so+0x1876f]  WindowContextBase::process_key(_GdkEventKey*)+0x20f
C  [libglass.so+0x15fe0]  WindowContextBase::im_filter_keypress(_GdkEventKey*)+0x1c0
C  [libglass.so+0x20a3c]  process_events(_GdkEvent*, void*)+0x22c
C  [libgdk-x11-2.0.so.0+0x5acdc]

Java frames: (J=compiled Java code, j=interpreted, Vv=VM code)
j  com.sun.glass.ui.gtk.GtkApplication._runLoop(Ljava/lang/Runnable;Z)V+0
j  com.sun.glass.ui.gtk.GtkApplication.lambda$null$49(Ljava/lang/Runnable;Z)V+7
j  com.sun.glass.ui.gtk.GtkApplication$$Lambda$43.run()V+12
j  java.lang.Thread.run()V+11
v  ~StubRoutines::call_stub

---------------  P R O C E S S  ---------------

Java Threads: ( => current thread )
  0x00007f1110009800 JavaThread "DestroyJavaVM" [_thread_blocked, id=30334, stack(0x00007f11183ae000,0x00007f11184af000)]
  0x00007f1110118800 JavaThread "Thread-5" [_thread_blocked, id=30361, stack(0x00007f109e7c8000,0x00007f109e8c9000)]
  0x00007f1110115800 JavaThread "Thread-4" [_thread_in_native, id=30360, stack(0x00007f109e8c9000,0x00007f109e9ca000)]
  0x00007f10941a0800 JavaThread "Prism Font Disposer" daemon [_thread_blocked, id=30357, stack(0x00007f109f418000,0x00007f109f519000)]
=>0x00007f10c00fa000 JavaThread "JavaFX Application Thread" [_thread_in_vm, id=30356, stack(0x00007f109feff000,0x00007f10a0000000)]
  0x00007f10c00c6800 JavaThread "Thread-3" daemon [_thread_blocked, id=30355, stack(0x00007f10ac0dd000,0x00007f10ac1de000)]
  0x00007f10c003f800 JavaThread "QuantumRenderer-0" daemon [_thread_blocked, id=30351, stack(0x00007f10eea00000,0x00007f10eeb01000)]
  0x00007f10bc0aa800 JavaThread "JavaFX-Launcher" [_thread_blocked, id=30350, stack(0x00007f10eeb01000,0x00007f10eec02000)]
  0x00007f1110137000 JavaThread "Thread-0" [_thread_blocked, id=30349, stack(0x00007f10eec02000,0x00007f10eed03000)]
  0x00007f11100c1000 JavaThread "Service Thread" daemon [_thread_blocked, id=30347, stack(0x00007f10eee99000,0x00007f10eef9a000)]
  0x00007f11100be000 JavaThread "C1 CompilerThread2" daemon [_thread_in_vm, id=30346, stack(0x00007f10eef9a000,0x00007f10ef09b000)]
  0x00007f11100bc800 JavaThread "C2 CompilerThread1" daemon [_thread_in_native, id=30345, stack(0x00007f10ef09b000,0x00007f10ef19c000)]
  0x00007f11100b9800 JavaThread "C2 CompilerThread0" daemon [_thread_blocked, id=30344, stack(0x00007f10ef19c000,0x00007f10ef29d000)]
  0x00007f11100b8000 JavaThread "Signal Dispatcher" daemon [_thread_blocked, id=30343, stack(0x00007f10ef29d000,0x00007f10ef39e000)]
  0x00007f1110084000 JavaThread "Finalizer" daemon [_thread_blocked, id=30342, stack(0x00007f10ef7f8000,0x00007f10ef8f9000)]
  0x00007f111007f800 JavaThread "Reference Handler" daemon [_thread_blocked, id=30341, stack(0x00007f10ef8f9000,0x00007f10ef9fa000)]

Other Threads:
  0x00007f1110077800 VMThread [stack: 0x00007f10ef9fa000,0x00007f10efafb000] [id=30340]
  0x00007f11100c4000 WatcherThread [stack: 0x00007f10eed98000,0x00007f10eee99000] [id=30348]

VM state:not at safepoint (normal execution)

VM Mutex/Monitor currently owned by a thread: None

Heap:
 PSYoungGen      total 36864K, used 31539K [0x00000000d7000000, 0x00000000d9900000, 0x0000000100000000)
  eden space 31744K, 99% used [0x00000000d7000000,0x00000000d8eccec0,0x00000000d8f00000)
  from space 5120K, 0% used [0x00000000d9400000,0x00000000d9400000,0x00000000d9900000)
  to   space 5120K, 0% used [0x00000000d8f00000,0x00000000d8f00000,0x00000000d9400000)
 ParOldGen       total 84992K, used 0K [0x0000000085000000, 0x000000008a300000, 0x00000000d7000000)
  object space 84992K, 0% used [0x0000000085000000,0x0000000085000000,0x000000008a300000)
 Metaspace       used 14215K, capacity 14964K, committed 15232K, reserved 1062912K
  class space    used 2142K, capacity 2335K, committed 2432K, reserved 1048576K

Card table byte_map: [0x00007f1114d7d000,0x00007f1115156000] byte_map_base: 0x00007f1114955000

Marking Bits: (ParMarkBitMap*) 0x00007f1117880c80
 Begin Bits: [0x00007f10fd280000, 0x00007f10ff140000)
 End Bits:   [0x00007f10ff140000, 0x00007f1101000000)

Polling page: 0x00007f11184cd000

CodeCache: size=245760Kb used=3894Kb max_used=3899Kb free=241865Kb
 bounds [0x00007f1101000000, 0x00007f11013e0000, 0x00007f1110000000]
 total_blobs=1766 nmethods=1144 adapters=535
 compilation: enabled

Compilation events (10 events):
Event: 3,532 Thread 0x00007f11100be000 1144       3       javafx.scene.paint.Color::getGreen (6 bytes)
Event: 3,532 Thread 0x00007f11100bc800 nmethod 1148 0x00007f11013cc390 code [0x00007f11013cc4e0, 0x00007f11013cc578]
Event: 3,532 Thread 0x00007f11100be000 nmethod 1144 0x00007f11013cc050 code [0x00007f11013cc1a0, 0x00007f11013cc2f0]
Event: 3,532 Thread 0x00007f11100be000 1145       3       javafx.scene.paint.Color::getBlue (6 bytes)
Event: 3,532 Thread 0x00007f11100b9800 nmethod 1138 0x00007f11013cbd50 code [0x00007f11013cbea0, 0x00007f11013cbf98]
Event: 3,532 Thread 0x00007f11100be000 nmethod 1145 0x00007f11013cba10 code [0x00007f11013cbb60, 0x00007f11013cbcb0]
Event: 3,532 Thread 0x00007f11100be000 1140       3       javafx.scene.Parent::markDirtyLayout (61 bytes)
Event: 3,534 Thread 0x00007f11100bc800 1151       4       java.lang.StringBuilder::append (8 bytes)
Event: 3,536 Thread 0x00007f11100be000 nmethod 1140 0x00007f11013ccb90 code [0x00007f11013ccda0, 0x00007f11013cdb08]
Event: 3,536 Thread 0x00007f11100be000 1149       1       java.lang.System::getSecurityManager (4 bytes)

GC Heap History (0 events):
No events

Deoptimization events (10 events):
Event: 1,153 Thread 0x00007f10c00fa000 Uncommon trap: reason=class_check action=maybe_recompile pc=0x00007f1101233eb4 method=java.io.DataInputStream.readShort()S @ 4
Event: 1,153 Thread 0x00007f10c00fa000 Uncommon trap: reason=class_check action=maybe_recompile pc=0x00007f1101233eb4 method=java.io.DataInputStream.readShort()S @ 4
Event: 1,160 Thread 0x00007f10c00fa000 Uncommon trap: reason=class_check action=maybe_recompile pc=0x00007f1101115a78 method=java.lang.String.equals(Ljava/lang/Object;)Z @ 8
Event: 1,160 Thread 0x00007f10c00fa000 Uncommon trap: reason=class_check action=maybe_recompile pc=0x00007f1101115a78 method=java.lang.String.equals(Ljava/lang/Object;)Z @ 8
Event: 1,160 Thread 0x00007f10c00fa000 Uncommon trap: reason=class_check action=maybe_recompile pc=0x00007f1101115a78 method=java.lang.String.equals(Ljava/lang/Object;)Z @ 8
Event: 1,235 Thread 0x00007f10c00fa000 Uncommon trap: reason=class_check action=maybe_recompile pc=0x00007f1101115a78 method=java.lang.String.equals(Ljava/lang/Object;)Z @ 8
Event: 1,319 Thread 0x00007f10c00fa000 Uncommon trap: reason=unstable_if action=reinterpret pc=0x00007f1101288628 method=sun.net.www.ParseUtil.encodePath(Ljava/lang/String;Z)Ljava/lang/String; @ 109
Event: 1,421 Thread 0x00007f10c00fa000 Uncommon trap: reason=unstable_if action=reinterpret pc=0x00007f11012e6564 method=jdk.internal.org.objectweb.asm.Type.getArgumentsAndReturnSizes(Ljava/lang/String;)I @ 47
Event: 3,458 Thread 0x00007f10c00fa000 Uncommon trap: reason=unstable_if action=reinterpret pc=0x00007f110138bf74 method=java.lang.StrictMath.floorOrCeil(DDDD)D @ 38
Event: 3,534 Thread 0x00007f10c00fa000 Uncommon trap: reason=unstable_if action=reinterpret pc=0x00007f11011b2bec method=java.lang.String.startsWith(Ljava/lang/String;I)Z @ 25

Internal exceptions (10 events):
Event: 0,164 Thread 0x00007f1110137000 Exception <a 'java/lang/NoSuchFieldError': method resolution failed> (0x00000000d73149f0) thrown at [/HUDSON3/workspace/8-2-build-linux-amd64/jdk8u121/8372/hotspot/src/share/vm/prims/methodHandles.cpp, line 1146]
Event: 0,166 Thread 0x00007f1110137000 Exception <a 'java/lang/NoSuchFieldError': method resolution failed> (0x00000000d7321d70) thrown at [/HUDSON3/workspace/8-2-build-linux-amd64/jdk8u121/8372/hotspot/src/share/vm/prims/methodHandles.cpp, line 1146]
Event: 0,196 Thread 0x00007f10bc0aa800 Exception <a 'java/security/PrivilegedActionException'> (0x00000000d73f9398) thrown at [/HUDSON3/workspace/8-2-build-linux-amd64/jdk8u121/8372/hotspot/src/share/vm/prims/jvm.cpp, line 1390]
Event: 0,196 Thread 0x00007f10bc0aa800 Exception <a 'java/security/PrivilegedActionException'> (0x00000000d73f95a8) thrown at [/HUDSON3/workspace/8-2-build-linux-amd64/jdk8u121/8372/hotspot/src/share/vm/prims/jvm.cpp, line 1390]
Event: 0,197 Thread 0x00007f10bc0aa800 Exception <a 'java/security/PrivilegedActionException'> (0x00000000d73fba10) thrown at [/HUDSON3/workspace/8-2-build-linux-amd64/jdk8u121/8372/hotspot/src/share/vm/prims/jvm.cpp, line 1390]
Event: 0,197 Thread 0x00007f10bc0aa800 Exception <a 'java/security/PrivilegedActionException'> (0x00000000d73fbc20) thrown at [/HUDSON3/workspace/8-2-build-linux-amd64/jdk8u121/8372/hotspot/src/share/vm/prims/jvm.cpp, line 1390]
Event: 0,197 Thread 0x00007f10bc0aa800 Exception <a 'java/lang/NullPointerException'> (0x00000000d73fc1f8) thrown at [/HUDSON3/workspace/8-2-build-linux-amd64/jdk8u121/8372/hotspot/src/share/vm/interpreter/linkResolver.cpp, line 1178]
Event: 0,460 Thread 0x00007f10c00fa000 Exception <a 'java/lang/NullPointerException'> (0x00000000d7afb4e8) thrown at [/HUDSON3/workspace/8-2-build-linux-amd64/jdk8u121/8372/hotspot/src/share/vm/interpreter/linkResolver.cpp, line 1178]
Event: 0,460 Thread 0x00007f10c00fa000 Exception <a 'java/lang/NullPointerException'> (0x00000000d7afb4e8) thrown at [/HUDSON3/workspace/8-2-build-linux-amd64/jdk8u121/8372/hotspot/src/share/vm/prims/jvm.cpp, line 1394]
Event: 0,635 Thread 0x00007f10c00fa000 Implicit null exception at 0x00007f11012408b5 to 0x00007f1101240a99

Events (10 events):
Event: 3,533 Thread 0x00007f1110009800 Thread added: 0x00007f1110009800
Event: 3,533 loading class packet/Pulse
Event: 3,533 loading class packet/Pulse done
Event: 3,534 loading class packet/Packet
Event: 3,534 loading class packet/Packet done
Event: 3,534 loading class packet/PayloadType
Event: 3,534 loading class packet/PayloadType done
Event: 3,534 Thread 0x00007f10c00fa000 Uncommon trap: trap_request=0xffffff65 fr.pc=0x00007f11011b2bec
Event: 3,534 Thread 0x00007f10c00fa000 DEOPT PACKING pc=0x00007f11011b2bec sp=0x00007f109fffb590
Event: 3,534 Thread 0x00007f10c00fa000 DEOPT UNPACKING pc=0x00007f1101005229 sp=0x00007f109fffb528 mode 2


Dynamic libraries:
00400000-00401000 r-xp 00000000 08:05 2243241                            /usr/lib/jvm/java-8-oracle/bin/java
00600000-00601000 rw-p 00000000 08:05 2243241                            /usr/lib/jvm/java-8-oracle/bin/java
01d6f000-01d90000 rw-p 00000000 00:00 0                                  [heap]
85000000-8a300000 rw-p 00000000 00:00 0 
8a300000-d7000000 ---p 00000000 00:00 0 
d7000000-d9900000 rw-p 00000000 00:00 0 
d9900000-100000000 ---p 00000000 00:00 0 
100000000-100260000 rw-p 00000000 00:00 0 
100260000-140000000 ---p 00000000 00:00 0 
7f1084000000-7f1084021000 rw-p 00000000 00:00 0 
7f1084021000-7f1088000000 ---p 00000000 00:00 0 
7f108c000000-7f108c021000 rw-p 00000000 00:00 0 
7f108c021000-7f1090000000 ---p 00000000 00:00 0 
7f1090000000-7f1090021000 rw-p 00000000 00:00 0 
7f1090021000-7f1094000000 ---p 00000000 00:00 0 
7f1094000000-7f10944ae000 rw-p 00000000 00:00 0 
7f10944ae000-7f1098000000 ---p 00000000 00:00 0 
7f1098000000-7f1098021000 rw-p 00000000 00:00 0 
7f1098021000-7f109c000000 ---p 00000000 00:00 0 
7f109e7c8000-7f109e7cb000 ---p 00000000 00:00 0 
7f109e7cb000-7f109e8c9000 rw-p 00000000 00:00 0 
7f109e8c9000-7f109e8cc000 ---p 00000000 00:00 0 
7f109e8cc000-7f109e9ca000 rw-p 00000000 00:00 0 
7f109e9ca000-7f109e9e0000 r-xp 00000000 08:05 2243325                    /usr/lib/jvm/java-8-oracle/jre/lib/amd64/libnet.so
7f109e9e0000-7f109ebe0000 ---p 00016000 08:05 2243325                    /usr/lib/jvm/java-8-oracle/jre/lib/amd64/libnet.so
7f109ebe0000-7f109ebe1000 rw-p 00016000 08:05 2243325                    /usr/lib/jvm/java-8-oracle/jre/lib/amd64/libnet.so
7f109ebe1000-7f109ec61000 rw-p 00000000 00:00 0 
7f109ec61000-7f109ede1000 ---p 00000000 00:00 0 
7f109ede1000-7f109ee41000 rw-s 00000000 00:05 987737                     /drm mm object (deleted)
7f109ee41000-7f109ee4f000 rw-s 00000000 00:05 987736                     /drm mm object (deleted)
7f109ee4f000-7f109ee51000 rw-s 10638a000 00:06 391                       /dev/dri/card0
7f109ee51000-7f109f011000 rw-s 1061ca000 00:06 391                       /dev/dri/card0
7f109f011000-7f109f1d1000 rw-s 00000000 00:05 987729                     /drm mm object (deleted)
7f109f1d1000-7f109f1e1000 rw-s 00000000 00:05 987733                     /drm mm object (deleted)
7f109f1e1000-7f109f1e9000 rw-s 00000000 00:05 987732                     /drm mm object (deleted)
7f109f1e9000-7f109f1f9000 rw-s 00000000 00:05 987731                     /drm mm object (deleted)
7f109f1f9000-7f109f205000 rw-s 00000000 00:05 987632                     /drm mm object (deleted)
7f109f205000-7f109f218000 r--s 00345000 08:05 2243549                    /usr/lib/jvm/java-8-oracle/jre/lib/resources.jar
7f109f218000-7f109f418000 rw-p 00000000 00:00 0 
7f109f418000-7f109f41b000 ---p 00000000 00:00 0 
7f109f41b000-7f109f519000 rw-p 00000000 00:00 0 
7f109f519000-7f109f5d2000 r--p 00000000 08:05 918436                     /usr/share/fonts/truetype/dejavu/DejaVuSans.ttf
7f109f5d2000-7f109f60e000 r--p 00000000 08:05 2243419                    /usr/lib/jvm/java-8-oracle/jre/lib/fonts/LucidaTypewriterRegular.ttf
7f109f60e000-7f109f648000 r--p 00000000 08:05 2243415                    /usr/lib/jvm/java-8-oracle/jre/lib/fonts/LucidaTypewriterBold.ttf
7f109f648000-7f109f6f3000 r--p 00000000 08:05 2243413                    /usr/lib/jvm/java-8-oracle/jre/lib/fonts/LucidaSansRegular.ttf
7f109f6f3000-7f109f6f7000 r-xp 00000000 08:05 2243362                    /usr/lib/jvm/java-8-oracle/jre/lib/amd64/libjavafx_font_pango.so
7f109f6f7000-7f109f8f6000 ---p 00004000 08:05 2243362                    /usr/lib/jvm/java-8-oracle/jre/lib/amd64/libjavafx_font_pango.so
7f109f8f6000-7f109f8f7000 rw-p 00003000 08:05 2243362                    /usr/lib/jvm/java-8-oracle/jre/lib/amd64/libjavafx_font_pango.so
7f109f8f7000-7f109faf7000 rw-p 00000000 00:00 0 
7f109faf7000-7f109fafc000 r-xp 00000000 08:05 2243358                    /usr/lib/jvm/java-8-oracle/jre/lib/amd64/libjavafx_font_freetype.so
7f109fafc000-7f109fcfb000 ---p 00005000 08:05 2243358                    /usr/lib/jvm/java-8-oracle/jre/lib/amd64/libjavafx_font_freetype.so
7f109fcfb000-7f109fcfc000 rw-p 00004000 08:05 2243358                    /usr/lib/jvm/java-8-oracle/jre/lib/amd64/libjavafx_font_freetype.so
7f109fcfc000-7f109fcff000 r-xp 00000000 08:05 2243320                    /usr/lib/jvm/java-8-oracle/jre/lib/amd64/libjavafx_font.so
7f109fcff000-7f109fefe000 ---p 00003000 08:05 2243320                    /usr/lib/jvm/java-8-oracle/jre/lib/amd64/libjavafx_font.so
7f109fefe000-7f109feff000 rw-p 00002000 08:05 2243320                    /usr/lib/jvm/java-8-oracle/jre/lib/amd64/libjavafx_font.so
7f109feff000-7f109ff02000 ---p 00000000 00:00 0 
7f109ff02000-7f10a0000000 rw-p 00000000 00:00 0 
7f10a0000000-7f10a0021000 rw-p 00000000 00:00 0 
7f10a0021000-7f10a4000000 ---p 00000000 00:00 0 
7f10a4000000-7f10a4022000 rw-p 00000000 00:00 0 
7f10a4022000-7f10a8000000 ---p 00000000 00:00 0 
7f10a8000000-7f10a8021000 rw-p 00000000 00:00 0 
7f10a8021000-7f10ac000000 ---p 00000000 00:00 0 
7f10ac000000-7f10ac013000 r--p 00000000 08:05 2243414                    /usr/lib/jvm/java-8-oracle/jre/lib/fonts/LucidaBrightDemiBold.ttf
7f10ac013000-7f10ac068000 r--p 00000000 08:05 2243416                    /usr/lib/jvm/java-8-oracle/jre/lib/fonts/LucidaBrightRegular.ttf
7f10ac068000-7f10ac07c000 r--p 00000000 08:05 2243417                    /usr/lib/jvm/java-8-oracle/jre/lib/fonts/LucidaBrightItalic.ttf
7f10ac07c000-7f10ac08f000 r--p 00000000 08:05 2243421                    /usr/lib/jvm/java-8-oracle/jre/lib/fonts/LucidaBrightDemiItalic.ttf
7f10ac08f000-7f10ac0dd000 r--p 00000000 08:05 2243420                    /usr/lib/jvm/java-8-oracle/jre/lib/fonts/LucidaSansDemiBold.ttf
7f10ac0dd000-7f10ac0e0000 ---p 00000000 00:00 0 
7f10ac0e0000-7f10ac1de000 rw-p 00000000 00:00 0 
7f10ac1de000-7f10ac1df000 ---p 00000000 00:00 0 
7f10ac1df000-7f10ac9df000 rw-p 00000000 00:00 0 
7f10ac9df000-7f10ac9e0000 ---p 00000000 00:00 0 
7f10ac9e0000-7f10ad1e0000 rw-p 00000000 00:00 0 
7f10ad1e0000-7f10ad1e1000 ---p 00000000 00:00 0 
7f10ad1e1000-7f10ad9e1000 rw-p 00000000 00:00 0 
7f10ad9e1000-7f10ad9ed000 r-xp 00000000 08:05 133762                     /usr/lib/x86_64-linux-gnu/gio/modules/libdconfsettings.so
7f10ad9ed000-7f10adbec000 ---p 0000c000 08:05 133762                     /usr/lib/x86_64-linux-gnu/gio/modules/libdconfsettings.so
7f10adbec000-7f10adbed000 r--p 0000b000 08:05 133762                     /usr/lib/x86_64-linux-gnu/gio/modules/libdconfsettings.so
7f10adbed000-7f10adbee000 rw-p 0000c000 08:05 133762                     /usr/lib/x86_64-linux-gnu/gio/modules/libdconfsettings.so
7f10adbee000-7f10adbf5000 r-xp 00000000 08:05 2239720                    /usr/lib/x86_64-linux-gnu/libogg.so.0.8.2
7f10adbf5000-7f10addf5000 ---p 00007000 08:05 2239720                    /usr/lib/x86_64-linux-gnu/libogg.so.0.8.2
7f10addf5000-7f10addf6000 r--p 00007000 08:05 2239720                    /usr/lib/x86_64-linux-gnu/libogg.so.0.8.2
7f10addf6000-7f10addf7000 rw-p 00008000 08:05 2239720                    /usr/lib/x86_64-linux-gnu/libogg.so.0.8.2
7f10addf7000-7f10ade21000 r-xp 00000000 08:05 2240153                    /usr/lib/x86_64-linux-gnu/libvorbis.so.0.4.8
7f10ade21000-7f10ae021000 ---p 0002a000 08:05 2240153                    /usr/lib/x86_64-linux-gnu/libvorbis.so.0.4.8
7f10ae021000-7f10ae022000 r--p 0002a000 08:05 2240153                    /usr/lib/x86_64-linux-gnu/libvorbis.so.0.4.8
7f10ae022000-7f10ae023000 rw-p 0002b000 08:05 2240153                    /usr/lib/x86_64-linux-gnu/libvorbis.so.0.4.8
7f10ae023000-7f10ae02b000 r-xp 00000000 08:05 2239564                    /usr/lib/x86_64-linux-gnu/libltdl.so.7.3.1
7f10ae02b000-7f10ae22b000 ---p 00008000 08:05 2239564                    /usr/lib/x86_64-linux-gnu/libltdl.so.7.3.1
7f10ae22b000-7f10ae22c000 r--p 00008000 08:05 2239564                    /usr/lib/x86_64-linux-gnu/libltdl.so.7.3.1
7f10ae22c000-7f10ae22d000 rw-p 00009000 08:05 2239564                    /usr/lib/x86_64-linux-gnu/libltdl.so.7.3.1
7f10ae22d000-7f10ae241000 r-xp 00000000 08:05 2239986                    /usr/lib/x86_64-linux-gnu/libtdb.so.1.3.9
7f10ae241000-7f10ae440000 ---p 00014000 08:05 2239986                    /usr/lib/x86_64-linux-gnu/libtdb.so.1.3.9
7f10ae440000-7f10ae441000 r--p 00013000 08:05 2239986                    /usr/lib/x86_64-linux-gnu/libtdb.so.1.3.9
7f10ae441000-7f10ae442000 rw-p 00014000 08:05 2239986                    /usr/lib/x86_64-linux-gnu/libtdb.so.1.3.9
7f10ae442000-7f10ae449000 r-xp 00000000 08:05 2240157                    /usr/lib/x86_64-linux-gnu/libvorbisfile.so.3.3.7
7f10ae449000-7f10ae649000 ---p 00007000 08:05 2240157                    /usr/lib/x86_64-linux-gnu/libvorbisfile.so.3.3.7
7f10ae649000-7f10ae64a000 r--p 00007000 08:05 2240157                    /usr/lib/x86_64-linux-gnu/libvorbisfile.so.3.3.7
7f10ae64a000-7f10ae64b000 rw-p 00008000 08:05 2240157                    /usr/lib/x86_64-linux-gnu/libvorbisfile.so.3.3.7
7f10ae64b000-7f10ae65b000 r-xp 00000000 08:05 2238920                    /usr/lib/x86_64-linux-gnu/libcanberra.so.0.2.5
7f10ae65b000-7f10ae85b000 ---p 00010000 08:05 2238920                    /usr/lib/x86_64-linux-gnu/libcanberra.so.0.2.5
7f10ae85b000-7f10ae85c000 r--p 00010000 08:05 2238920                    /usr/lib/x86_64-linux-gnu/libcanberra.so.0.2.5
7f10ae85c000-7f10ae85d000 rw-p 00011000 08:05 2238920                    /usr/lib/x86_64-linux-gnu/libcanberra.so.0.2.5
7f10ae85d000-7f10ae861000 r-xp 00000000 08:05 2238916                    /usr/lib/x86_64-linux-gnu/libcanberra-gtk.so.0.1.9
7f10ae861000-7f10aea60000 ---p 00004000 08:05 2238916                    /usr/lib/x86_64-linux-gnu/libcanberra-gtk.so.0.1.9
7f10aea60000-7f10aea61000 r--p 00003000 08:05 2238916                    /usr/lib/x86_64-linux-gnu/libcanberra-gtk.so.0.1.9
7f10aea61000-7f10aea62000 rw-p 00004000 08:05 2238916                    /usr/lib/x86_64-linux-gnu/libcanberra-gtk.so.0.1.9
7f10aea62000-7f10aea67000 r-xp 00000000 08:05 133969                     /usr/lib/x86_64-linux-gnu/gtk-2.0/modules/libcanberra-gtk-module.so
7f10aea67000-7f10aec66000 ---p 00005000 08:05 133969                     /usr/lib/x86_64-linux-gnu/gtk-2.0/modules/libcanberra-gtk-module.so
7f10aec66000-7f10aec67000 r--p 00004000 08:05 133969                     /usr/lib/x86_64-linux-gnu/gtk-2.0/modules/libcanberra-gtk-module.so
7f10aec67000-7f10aec68000 rw-p 00005000 08:05 133969                     /usr/lib/x86_64-linux-gnu/gtk-2.0/modules/libcanberra-gtk-module.so
7f10aec68000-7f10aec98000 r-xp 00000000 08:05 133951                     /usr/lib/x86_64-linux-gnu/gtk-2.0/2.10.0/engines/libmurrine.so
7f10aec98000-7f10aee98000 ---p 00030000 08:05 133951                     /usr/lib/x86_64-linux-gnu/gtk-2.0/2.10.0/engines/libmurrine.so
7f10aee98000-7f10aee99000 r--p 00030000 08:05 133951                     /usr/lib/x86_64-linux-gnu/gtk-2.0/2.10.0/engines/libmurrine.so
7f10aee99000-7f10aee9a000 rw-p 00031000 08:05 133951                     /usr/lib/x86_64-linux-gnu/gtk-2.0/2.10.0/engines/libmurrine.so
7f10aee9a000-7f10aeeaa000 r-xp 00000000 08:05 2240079                    /usr/lib/x86_64-linux-gnu/libunity-gtk2-parser.so.0.0.0
7f10aeeaa000-7f10af0aa000 ---p 00010000 08:05 2240079                    /usr/lib/x86_64-linux-gnu/libunity-gtk2-parser.so.0.0.0
7f10af0aa000-7f10af0ab000 r--p 00010000 08:05 2240079                    /usr/lib/x86_64-linux-gnu/libunity-gtk2-parser.so.0.0.0
7f10af0ab000-7f10af0ac000 rw-p 00011000 08:05 2240079                    /usr/lib/x86_64-linux-gnu/libunity-gtk2-parser.so.0.0.0
7f10af0ac000-7f10af0b1000 r-xp 00000000 08:05 133973                     /usr/lib/x86_64-linux-gnu/gtk-2.0/modules/libunity-gtk-module.so
7f10af0b1000-7f10af2b0000 ---p 00005000 08:05 133973                     /usr/lib/x86_64-linux-gnu/gtk-2.0/modules/libunity-gtk-module.so
7f10af2b0000-7f10af2b1000 r--p 00004000 08:05 133973                     /usr/lib/x86_64-linux-gnu/gtk-2.0/modules/libunity-gtk-module.so
7f10af2b1000-7f10af2b2000 rw-p 00005000 08:05 133973                     /usr/lib/x86_64-linux-gnu/gtk-2.0/modules/libunity-gtk-module.so
7f10af2b2000-7f10af2d4000 r-xp 00000000 08:05 398679                     /lib/x86_64-linux-gnu/liblzma.so.5.0.0
7f10af2d4000-7f10af4d3000 ---p 00022000 08:05 398679                     /lib/x86_64-linux-gnu/liblzma.so.5.0.0
7f10af4d3000-7f10af4d4000 r--p 00021000 08:05 398679                     /lib/x86_64-linux-gnu/liblzma.so.5.0.0
7f10af4d4000-7f10af4d5000 rw-p 00022000 08:05 398679                     /lib/x86_64-linux-gnu/liblzma.so.5.0.0
7f10af4d5000-7f10af51f000 r-xp 00000000 08:05 399570                     /lib/x86_64-linux-gnu/libdbus-1.so.3.14.7
7f10af51f000-7f10af71f000 ---p 0004a000 08:05 399570                     /lib/x86_64-linux-gnu/libdbus-1.so.3.14.7
7f10af71f000-7f10af720000 r--p 0004a000 08:05 399570                     /lib/x86_64-linux-gnu/libdbus-1.so.3.14.7
7f10af720000-7f10af721000 rw-p 0004b000 08:05 399570                     /lib/x86_64-linux-gnu/libdbus-1.so.3.14.7
7f10af721000-7f10af74d000 r-xp 00000000 08:05 2238852                    /usr/lib/x86_64-linux-gnu/libatspi.so.0.0.1
7f10af74d000-7f10af94c000 ---p 0002c000 08:05 2238852                    /usr/lib/x86_64-linux-gnu/libatspi.so.0.0.1
7f10af94c000-7f10af94f000 r--p 0002b000 08:05 2238852                    /usr/lib/x86_64-linux-gnu/libatspi.so.0.0.1
7f10af94f000-7f10af950000 rw-p 0002e000 08:05 2238852                    /usr/lib/x86_64-linux-gnu/libatspi.so.0.0.1
7f10af950000-7f10af97d000 r-xp 00000000 08:05 2238846                    /usr/lib/x86_64-linux-gnu/libatk-bridge-2.0.so.0.0.0
7f10af97d000-7f10afb7c000 ---p 0002d000 08:05 2238846                    /usr/lib/x86_64-linux-gnu/libatk-bridge-2.0.so.0.0.0
7f10afb7c000-7f10afb7d000 r--p 0002c000 08:05 2238846                    /usr/lib/x86_64-linux-gnu/libatk-bridge-2.0.so.0.0.0
7f10afb7d000-7f10afb7f000 rw-p 0002d000 08:05 2238846                    /usr/lib/x86_64-linux-gnu/libatk-bridge-2.0.so.0.0.0
7f10afb7f000-7f10afb80000 r-xp 00000000 08:05 133968                     /usr/lib/x86_64-linux-gnu/gtk-2.0/modules/libatk-bridge.so
7f10afb80000-7f10afd7f000 ---p 00001000 08:05 133968                     /usr/lib/x86_64-linux-gnu/gtk-2.0/modules/libatk-bridge.so
7f10afd7f000-7f10afd80000 r--p 00000000 08:05 133968                     /usr/lib/x86_64-linux-gnu/gtk-2.0/modules/libatk-bridge.so
7f10afd80000-7f10afd81000 rw-p 00001000 08:05 133968                     /usr/lib/x86_64-linux-gnu/gtk-2.0/modules/libatk-bridge.so
7f10afd81000-7f10afd88000 r-xp 00000000 08:05 2228785                    /usr/lib/x86_64-linux-gnu/libgailutil.so.18.0.1
7f10afd88000-7f10aff87000 ---p 00007000 08:05 2228785                    /usr/lib/x86_64-linux-gnu/libgailutil.so.18.0.1
7f10aff87000-7f10aff88000 r--p 00006000 08:05 2228785                    /usr/lib/x86_64-linux-gnu/libgailutil.so.18.0.1
7f10aff88000-7f10aff89000 rw-p 00007000 08:05 2228785                    /usr/lib/x86_64-linux-gnu/libgailutil.so.18.0.1
7f10aff89000-7f10affd7000 r-xp 00000000 08:05 132695                     /usr/lib/x86_64-linux-gnu/gtk-2.0/modules/libgail.so
7f10affd7000-7f10b01d6000 ---p 0004e000 08:05 132695                     /usr/lib/x86_64-linux-gnu/gtk-2.0/modules/libgail.so
7f10b01d6000-7f10b01d7000 r--p 0004d000 08:05 132695                     /usr/lib/x86_64-linux-gnu/gtk-2.0/modules/libgail.so
7f10b01d7000-7f10b01d9000 rw-p 0004e000 08:05 132695                     /usr/lib/x86_64-linux-gnu/gtk-2.0/modules/libgail.so
7f10b01d9000-7f10b01ea000 r-xp 00000000 08:05 132122                     /usr/lib/x86_64-linux-gnu/gtk-2.0/modules/liboverlay-scrollbar.so
7f10b01ea000-7f10b03ea000 ---p 00011000 08:05 132122                     /usr/lib/x86_64-linux-gnu/gtk-2.0/modules/liboverlay-scrollbar.so
7f10b03ea000-7f10b03eb000 r--p 00011000 08:05 132122                     /usr/lib/x86_64-linux-gnu/gtk-2.0/modules/liboverlay-scrollbar.so
7f10b03eb000-7f10b03ec000 rw-p 00012000 08:05 132122                     /usr/lib/x86_64-linux-gnu/gtk-2.0/modules/liboverlay-scrollbar.so
7f10b03ec000-7f10b0415000 r-xp 00000000 08:05 2243370                    /usr/lib/jvm/java-8-oracle/jre/lib/amd64/libglass.so
7f10b0415000-7f10b0614000 ---p 00029000 08:05 2243370                    /usr/lib/jvm/java-8-oracle/jre/lib/amd64/libglass.so
7f10b0614000-7f10b0617000 rw-p 00028000 08:05 2243370                    /usr/lib/jvm/java-8-oracle/jre/lib/amd64/libglass.so
7f10b0617000-7f10b064e000 r-xp 00000000 08:05 2240033                    /usr/lib/x86_64-linux-gnu/libtxc_dxtn_s2tc.so.0.0.0
7f10b064e000-7f10b084d000 ---p 00037000 08:05 2240033                    /usr/lib/x86_64-linux-gnu/libtxc_dxtn_s2tc.so.0.0.0
7f10b084d000-7f10b084e000 r--p 00036000 08:05 2240033                    /usr/lib/x86_64-linux-gnu/libtxc_dxtn_s2tc.so.0.0.0
7f10b084e000-7f10b084f000 rw-p 00037000 08:05 2240033                    /usr/lib/x86_64-linux-gnu/libtxc_dxtn_s2tc.so.0.0.0
7f10b084f000-7f10b0857000 r-xp 00000000 08:05 2239767                    /usr/lib/x86_64-linux-gnu/libpciaccess.so.0.11.1
7f10b0857000-7f10b0a57000 ---p 00008000 08:05 2239767                    /usr/lib/x86_64-linux-gnu/libpciaccess.so.0.11.1
7f10b0a57000-7f10b0a58000 r--p 00008000 08:05 2239767                    /usr/lib/x86_64-linux-gnu/libpciaccess.so.0.11.1
7f10b0a58000-7f10b0a59000 rw-p 00009000 08:05 2239767                    /usr/lib/x86_64-linux-gnu/libpciaccess.so.0.11.1
7f10b0a59000-7f10b0a6b000 r-xp 00000000 08:05 398660                     /lib/x86_64-linux-gnu/libgpg-error.so.0.19.1
7f10b0a6b000-7f10b0c6b000 ---p 00012000 08:05 398660                     /lib/x86_64-linux-gnu/libgpg-error.so.0.19.1
7f10b0c6b000-7f10b0c6c000 r--p 00012000 08:05 398660                     /lib/x86_64-linux-gnu/libgpg-error.so.0.19.1
7f10b0c6c000-7f10b0c6d000 rw-p 00013000 08:05 398660                     /lib/x86_64-linux-gnu/libgpg-error.so.0.19.1
7f10b0c6d000-7f10b0c78000 r-xp 00000000 08:05 2239069                    /usr/lib/x86_64-linux-gnu/libdrm_radeon.so.1.0.1
7f10b0c78000-7f10b0e77000 ---p 0000b000 08:05 2239069                    /usr/lib/x86_64-linux-gnu/libdrm_radeon.so.1.0.1
7f10b0e77000-7f10b0e78000 r--p 0000a000 08:05 2239069                    /usr/lib/x86_64-linux-gnu/libdrm_radeon.so.1.0.1
7f10b0e78000-7f10b0e79000 rw-p 0000b000 08:05 2239069                    /usr/lib/x86_64-linux-gnu/libdrm_radeon.so.1.0.1
7f10b0e79000-7f10b0e80000 r-xp 00000000 08:05 2239067                    /usr/lib/x86_64-linux-gnu/libdrm_nouveau.so.2.0.0
7f10b0e80000-7f10b107f000 ---p 00007000 08:05 2239067                    /usr/lib/x86_64-linux-gnu/libdrm_nouveau.so.2.0.0
7f10b107f000-7f10b1080000 r--p 00006000 08:05 2239067                    /usr/lib/x86_64-linux-gnu/libdrm_nouveau.so.2.0.0
7f10b1080000-7f10b1081000 rw-p 00007000 08:05 2239067                    /usr/lib/x86_64-linux-gnu/libdrm_nouveau.so.2.0.0
7f10b1081000-7f10b10a1000 r-xp 00000000 08:05 2239065                    /usr/lib/x86_64-linux-gnu/libdrm_intel.so.1.0.0
7f10b10a1000-7f10b12a0000 ---p 00020000 08:05 2239065                    /usr/lib/x86_64-linux-gnu/libdrm_intel.so.1.0.0
7f10b12a0000-7f10b12a1000 r--p 0001f000 08:05 2239065                    /usr/lib/x86_64-linux-gnu/libdrm_intel.so.1.0.0
7f10b12a1000-7f10b12a2000 rw-p 00020000 08:05 2239065                    /usr/lib/x86_64-linux-gnu/libdrm_intel.so.1.0.0
7f10b12a2000-7f10b13a9000 r-xp 00000000 08:05 398656                     /lib/x86_64-linux-gnu/libgcrypt.so.20.1.2
7f10b13a9000-7f10b15a8000 ---p 00107000 08:05 398656                     /lib/x86_64-linux-gnu/libgcrypt.so.20.1.2
7f10b15a8000-7f10b15aa000 r--p 00106000 08:05 398656                     /lib/x86_64-linux-gnu/libgcrypt.so.20.1.2
7f10b15aa000-7f10b15b1000 rw-p 00108000 08:05 398656                     /lib/x86_64-linux-gnu/libgcrypt.so.20.1.2
7f10b15b1000-7f10b1c54000 r-xp 00000000 08:05 133427                     /usr/lib/x86_64-linux-gnu/dri/i965_dri.so
7f10b1c54000-7f10b1e53000 ---p 006a3000 08:05 133427                     /usr/lib/x86_64-linux-gnu/dri/i965_dri.so
7f10b1e53000-7f10b1e92000 r--p 006a2000 08:05 133427                     /usr/lib/x86_64-linux-gnu/dri/i965_dri.so
7f10b1e92000-7f10b1e9a000 rw-p 006e1000 08:05 133427                     /usr/lib/x86_64-linux-gnu/dri/i965_dri.so
7f10b1e9a000-7f10b1ea2000 rw-p 00000000 00:00 0 
7f10b1ea2000-7f10b1ea6000 r-xp 00000000 08:05 398105                     /lib/x86_64-linux-gnu/libuuid.so.1.3.0
7f10b1ea6000-7f10b20a5000 ---p 00004000 08:05 398105                     /lib/x86_64-linux-gnu/libuuid.so.1.3.0
7f10b20a5000-7f10b20a6000 r--p 00003000 08:05 398105                     /lib/x86_64-linux-gnu/libuuid.so.1.3.0
7f10b20a6000-7f10b20a7000 rw-p 00004000 08:05 398105                     /lib/x86_64-linux-gnu/libuuid.so.1.3.0
7f10b20a7000-7f10b20ad000 r-xp 00000000 08:05 2239010                    /usr/lib/x86_64-linux-gnu/libdatrie.so.1.3.3
7f10b20ad000-7f10b22ad000 ---p 00006000 08:05 2239010                    /usr/lib/x86_64-linux-gnu/libdatrie.so.1.3.3
7f10b22ad000-7f10b22ae000 r--p 00006000 08:05 2239010                    /usr/lib/x86_64-linux-gnu/libdatrie.so.1.3.3
7f10b22ae000-7f10b22af000 rw-p 00007000 08:05 2239010                    /usr/lib/x86_64-linux-gnu/libdatrie.so.1.3.3
7f10b22af000-7f10b22b4000 r-xp 00000000 08:05 2238755                    /usr/lib/x86_64-linux-gnu/libXdmcp.so.6.0.0
7f10b22b4000-7f10b24b3000 ---p 00005000 08:05 2238755                    /usr/lib/x86_64-linux-gnu/libXdmcp.so.6.0.0
7f10b24b3000-7f10b24b4000 r--p 00004000 08:05 2238755                    /usr/lib/x86_64-linux-gnu/libXdmcp.so.6.0.0
7f10b24b4000-7f10b24b5000 rw-p 00005000 08:05 2238755                    /usr/lib/x86_64-linux-gnu/libXdmcp.so.6.0.0
7f10b24b5000-7f10b24b7000 r-xp 00000000 08:05 2238744                    /usr/lib/x86_64-linux-gnu/libXau.so.6.0.0
7f10b24b7000-7f10b26b7000 ---p 00002000 08:05 2238744                    /usr/lib/x86_64-linux-gnu/libXau.so.6.0.0
7f10b26b7000-7f10b26b8000 r--p 00002000 08:05 2238744                    /usr/lib/x86_64-linux-gnu/libXau.so.6.0.0
7f10b26b8000-7f10b26b9000 rw-p 00003000 08:05 2238744                    /usr/lib/x86_64-linux-gnu/libXau.so.6.0.0
7f10b26b9000-7f10b26dc000 r-xp 00000000 08:05 2239322                    /usr/lib/x86_64-linux-gnu/libgraphite2.so.3.0.1
7f10b26dc000-7f10b28db000 ---p 00023000 08:05 2239322                    /usr/lib/x86_64-linux-gnu/libgraphite2.so.3.0.1
7f10b28db000-7f10b28dd000 r--p 00022000 08:05 2239322                    /usr/lib/x86_64-linux-gnu/libgraphite2.so.3.0.1
7f10b28dd000-7f10b28de000 rw-p 00024000 08:05 2239322                    /usr/lib/x86_64-linux-gnu/libgraphite2.so.3.0.1
7f10b28de000-7f10b291b000 r-xp 00000000 08:05 398114                     /lib/x86_64-linux-gnu/libblkid.so.1.1.0
7f10b291b000-7f10b2b1a000 ---p 0003d000 08:05 398114                     /lib/x86_64-linux-gnu/libblkid.so.1.1.0
7f10b2b1a000-7f10b2b1e000 r--p 0003c000 08:05 398114                     /lib/x86_64-linux-gnu/libblkid.so.1.1.0
7f10b2b1e000-7f10b2b1f000 rw-p 00040000 08:05 398114                     /lib/x86_64-linux-gnu/libblkid.so.1.1.0
7f10b2b1f000-7f10b2b20000 rw-p 00000000 00:00 0 
7f10b2b20000-7f10b2b2e000 r-xp 00000000 08:05 2239061                    /usr/lib/x86_64-linux-gnu/libdrm.so.2.4.0
7f10b2b2e000-7f10b2d2d000 ---p 0000e000 08:05 2239061                    /usr/lib/x86_64-linux-gnu/libdrm.so.2.4.0
7f10b2d2d000-7f10b2d2e000 r--p 0000d000 08:05 2239061                    /usr/lib/x86_64-linux-gnu/libdrm.so.2.4.0
7f10b2d2e000-7f10b2d2f000 rw-p 0000e000 08:05 2239061                    /usr/lib/x86_64-linux-gnu/libdrm.so.2.4.0
7f10b2d2f000-7f10b2d33000 r-xp 00000000 08:05 2240244                    /usr/lib/x86_64-linux-gnu/libxcb-dri2.so.0.0.0
7f10b2d33000-7f10b2f32000 ---p 00004000 08:05 2240244                    /usr/lib/x86_64-linux-gnu/libxcb-dri2.so.0.0.0
7f10b2f32000-7f10b2f33000 r--p 00003000 08:05 2240244                    /usr/lib/x86_64-linux-gnu/libxcb-dri2.so.0.0.0
7f10b2f33000-7f10b2f34000 rw-p 00004000 08:05 2240244                    /usr/lib/x86_64-linux-gnu/libxcb-dri2.so.0.0.0
7f10b2f34000-7f10b2f4b000 r-xp 00000000 08:05 2240248                    /usr/lib/x86_64-linux-gnu/libxcb-glx.so.0.0.0
7f10b2f4b000-7f10b314a000 ---p 00017000 08:05 2240248                    /usr/lib/x86_64-linux-gnu/libxcb-glx.so.0.0.0
7f10b314a000-7f10b314c000 r--p 00016000 08:05 2240248                    /usr/lib/x86_64-linux-gnu/libxcb-glx.so.0.0.0
7f10b314c000-7f10b314d000 rw-p 00018000 08:05 2240248                    /usr/lib/x86_64-linux-gnu/libxcb-glx.so.0.0.0
7f10b314d000-7f10b314e000 r-xp 00000000 08:05 2238738                    /usr/lib/x86_64-linux-gnu/libX11-xcb.so.1.0.0
7f10b314e000-7f10b334d000 ---p 00001000 08:05 2238738                    /usr/lib/x86_64-linux-gnu/libX11-xcb.so.1.0.0
7f10b334d000-7f10b334e000 r--p 00000000 08:05 2238738                    /usr/lib/x86_64-linux-gnu/libX11-xcb.so.1.0.0
7f10b334e000-7f10b334f000 rw-p 00001000 08:05 2238738                    /usr/lib/x86_64-linux-gnu/libX11-xcb.so.1.0.0
7f10b334f000-7f10b3378000 r-xp 00000000 08:05 2231673                    /usr/lib/x86_64-linux-gnu/libglapi.so.0.0.0
7f10b3378000-7f10b3577000 ---p 00029000 08:05 2231673                    /usr/lib/x86_64-linux-gnu/libglapi.so.0.0.0
7f10b3577000-7f10b357b000 r--p 00028000 08:05 2231673                    /usr/lib/x86_64-linux-gnu/libglapi.so.0.0.0
7f10b357b000-7f10b357c000 rw-p 0002c000 08:05 2231673                    /usr/lib/x86_64-linux-gnu/libglapi.so.0.0.0
7f10b357c000-7f10b357d000 rw-p 00000000 00:00 0 
7f10b357d000-7f10b357e000 r-xp 00000000 08:05 2240290                    /usr/lib/x86_64-linux-gnu/libxshmfence.so.1.0.0
7f10b357e000-7f10b377e000 ---p 00001000 08:05 2240290                    /usr/lib/x86_64-linux-gnu/libxshmfence.so.1.0.0
7f10b377e000-7f10b377f000 r--p 00001000 08:05 2240290                    /usr/lib/x86_64-linux-gnu/libxshmfence.so.1.0.0
7f10b377f000-7f10b3780000 rw-p 00002000 08:05 2240290                    /usr/lib/x86_64-linux-gnu/libxshmfence.so.1.0.0
7f10b3780000-7f10b3785000 r-xp 00000000 08:05 2240268                    /usr/lib/x86_64-linux-gnu/libxcb-sync.so.1.0.0
7f10b3785000-7f10b3985000 ---p 00005000 08:05 2240268                    /usr/lib/x86_64-linux-gnu/libxcb-sync.so.1.0.0
7f10b3985000-7f10b3986000 r--p 00005000 08:05 2240268                    /usr/lib/x86_64-linux-gnu/libxcb-sync.so.1.0.0
7f10b3986000-7f10b3987000 rw-p 00006000 08:05 2240268                    /usr/lib/x86_64-linux-gnu/libxcb-sync.so.1.0.0
7f10b3987000-7f10b3989000 r-xp 00000000 08:05 2240256                    /usr/lib/x86_64-linux-gnu/libxcb-present.so.0.0.0
7f10b3989000-7f10b3b88000 ---p 00002000 08:05 2240256                    /usr/lib/x86_64-linux-gnu/libxcb-present.so.0.0.0
7f10b3b88000-7f10b3b89000 r--p 00001000 08:05 2240256                    /usr/lib/x86_64-linux-gnu/libxcb-present.so.0.0.0
7f10b3b89000-7f10b3b8a000 rw-p 00002000 08:05 2240256                    /usr/lib/x86_64-linux-gnu/libxcb-present.so.0.0.0
7f10b3b8a000-7f10b3b8c000 r-xp 00000000 08:05 2240246                    /usr/lib/x86_64-linux-gnu/libxcb-dri3.so.0.0.0
7f10b3b8c000-7f10b3d8b000 ---p 00002000 08:05 2240246                    /usr/lib/x86_64-linux-gnu/libxcb-dri3.so.0.0.0
7f10b3d8b000-7f10b3d8c000 r--p 00001000 08:05 2240246                    /usr/lib/x86_64-linux-gnu/libxcb-dri3.so.0.0.0
7f10b3d8c000-7f10b3d8d000 rw-p 00002000 08:05 2240246                    /usr/lib/x86_64-linux-gnu/libxcb-dri3.so.0.0.0
7f10b3d8d000-7f10b3dff000 r-xp 00000000 08:05 398742                     /lib/x86_64-linux-gnu/libpcre.so.3.13.3
7f10b3dff000-7f10b3ffe000 ---p 00072000 08:05 398742                     /lib/x86_64-linux-gnu/libpcre.so.3.13.3
7f10b3ffe000-7f10b3fff000 r--p 00071000 08:05 398742                     /lib/x86_64-linux-gnu/libpcre.so.3.13.3
7f10b3fff000-7f10b4000000 rw-p 00072000 08:05 398742                     /lib/x86_64-linux-gnu/libpcre.so.3.13.3
7f10b4000000-7f10b5e87000 rw-p 00000000 00:00 0 
7f10b5e87000-7f10b8000000 ---p 00000000 00:00 0 
7f10b8000000-7f10b8005000 r--s 00084000 08:05 2243424                    /usr/lib/jvm/java-8-oracle/jre/lib/jfr.jar
7f10b8005000-7f10b8010000 r--s 00000000 08:05 279298                     /var/cache/fontconfig/945677eb7aeaf62f1d50efc3fb3ec7d8-le64.cache-6
7f10b8010000-7f10b805b000 r--p 00000000 08:05 919055                     /usr/share/glib-2.0/schemas/gschemas.compiled
7f10b805b000-7f10b80dd000 r-xp 00000000 08:05 398147                     /lib/x86_64-linux-gnu/libsystemd.so.0.16.0
7f10b80dd000-7f10b80e0000 r--p 00081000 08:05 398147                     /lib/x86_64-linux-gnu/libsystemd.so.0.16.0
7f10b80e0000-7f10b80e1000 rw-p 00084000 08:05 398147                     /lib/x86_64-linux-gnu/libsystemd.so.0.16.0
7f10b80e1000-7f10b80e2000 rw-p 00000000 00:00 0 
7f10b80e2000-7f10b80e9000 r-xp 00000000 08:05 2239141                    /usr/lib/x86_64-linux-gnu/libffi.so.6.0.4
7f10b80e9000-7f10b82e8000 ---p 00007000 08:05 2239141                    /usr/lib/x86_64-linux-gnu/libffi.so.6.0.4
7f10b82e8000-7f10b82e9000 r--p 00006000 08:05 2239141                    /usr/lib/x86_64-linux-gnu/libffi.so.6.0.4
7f10b82e9000-7f10b82ea000 rw-p 00007000 08:05 2239141                    /usr/lib/x86_64-linux-gnu/libffi.so.6.0.4
7f10b82ea000-7f10b8311000 r-xp 00000000 08:05 398647                     /lib/x86_64-linux-gnu/libexpat.so.1.6.2
7f10b8311000-7f10b8511000 ---p 00027000 08:05 398647                     /lib/x86_64-linux-gnu/libexpat.so.1.6.2
7f10b8511000-7f10b8513000 r--p 00027000 08:05 398647                     /lib/x86_64-linux-gnu/libexpat.so.1.6.2
7f10b8513000-7f10b8514000 rw-p 00029000 08:05 398647                     /lib/x86_64-linux-gnu/libexpat.so.1.6.2
7f10b8514000-7f10b851c000 r-xp 00000000 08:05 2240000                    /usr/lib/x86_64-linux-gnu/libthai.so.0.3.0
7f10b851c000-7f10b871b000 ---p 00008000 08:05 2240000                    /usr/lib/x86_64-linux-gnu/libthai.so.0.3.0
7f10b871b000-7f10b871c000 r--p 00007000 08:05 2240000                    /usr/lib/x86_64-linux-gnu/libthai.so.0.3.0
7f10b871c000-7f10b871d000 rw-p 00008000 08:05 2240000                    /usr/lib/x86_64-linux-gnu/libthai.so.0.3.0
7f10b871d000-7f10b873e000 r-xp 00000000 08:05 2240278                    /usr/lib/x86_64-linux-gnu/libxcb.so.1.1.0
7f10b873e000-7f10b893d000 ---p 00021000 08:05 2240278                    /usr/lib/x86_64-linux-gnu/libxcb.so.1.1.0
7f10b893d000-7f10b893e000 r--p 00020000 08:05 2240278                    /usr/lib/x86_64-linux-gnu/libxcb.so.1.1.0
7f10b893e000-7f10b893f000 rw-p 00021000 08:05 2240278                    /usr/lib/x86_64-linux-gnu/libxcb.so.1.1.0
7f10b893f000-7f10b8947000 r-xp 00000000 08:05 2240262                    /usr/lib/x86_64-linux-gnu/libxcb-render.so.0.0.0
7f10b8947000-7f10b8b47000 ---p 00008000 08:05 2240262                    /usr/lib/x86_64-linux-gnu/libxcb-render.so.0.0.0
7f10b8b47000-7f10b8b48000 r--p 00008000 08:05 2240262                    /usr/lib/x86_64-linux-gnu/libxcb-render.so.0.0.0
7f10b8b48000-7f10b8b49000 rw-p 00009000 08:05 2240262                    /usr/lib/x86_64-linux-gnu/libxcb-render.so.0.0.0
7f10b8b49000-7f10b8b4b000 r-xp 00000000 08:05 2240266                    /usr/lib/x86_64-linux-gnu/libxcb-shm.so.0.0.0
7f10b8b4b000-7f10b8d4b000 ---p 00002000 08:05 2240266                    /usr/lib/x86_64-linux-gnu/libxcb-shm.so.0.0.0
7f10b8d4b000-7f10b8d4c000 r--p 00002000 08:05 2240266                    /usr/lib/x86_64-linux-gnu/libxcb-shm.so.0.0.0
7f10b8d4c000-7f10b8d4d000 rw-p 00003000 08:05 2240266                    /usr/lib/x86_64-linux-gnu/libxcb-shm.so.0.0.0
7f10b8d4d000-7f10b8d7e000 r-xp 00000000 08:05 2239791                    /usr/lib/x86_64-linux-gnu/libpng16.so.16.25.0
7f10b8d7e000-7f10b8f7d000 ---p 00031000 08:05 2239791                    /usr/lib/x86_64-linux-gnu/libpng16.so.16.25.0
7f10b8f7d000-7f10b8f7e000 r--p 00030000 08:05 2239791                    /usr/lib/x86_64-linux-gnu/libpng16.so.16.25.0
7f10b8f7e000-7f10b8f7f000 rw-p 00031000 08:05 2239791                    /usr/lib/x86_64-linux-gnu/libpng16.so.16.25.0
7f10b8f7f000-7f10b901e000 r-xp 00000000 08:05 2239783                    /usr/lib/x86_64-linux-gnu/libpixman-1.so.0.33.6
7f10b901e000-7f10b921e000 ---p 0009f000 08:05 2239783                    /usr/lib/x86_64-linux-gnu/libpixman-1.so.0.33.6
7f10b921e000-7f10b9226000 r--p 0009f000 08:05 2239783                    /usr/lib/x86_64-linux-gnu/libpixman-1.so.0.33.6
7f10b9226000-7f10b9227000 rw-p 000a7000 08:05 2239783                    /usr/lib/x86_64-linux-gnu/libpixman-1.so.0.33.6
7f10b9227000-7f10b92a5000 r-xp 00000000 08:05 2239412                    /usr/lib/x86_64-linux-gnu/libharfbuzz.so.0.10200.7
7f10b92a5000-7f10b94a5000 ---p 0007e000 08:05 2239412                    /usr/lib/x86_64-linux-gnu/libharfbuzz.so.0.10200.7
7f10b94a5000-7f10b94a6000 r--p 0007e000 08:05 2239412                    /usr/lib/x86_64-linux-gnu/libharfbuzz.so.0.10200.7
7f10b94a6000-7f10b94a7000 rw-p 0007f000 08:05 2239412                    /usr/lib/x86_64-linux-gnu/libharfbuzz.so.0.10200.7
7f10b94a7000-7f10b94ed000 r-xp 00000000 08:05 398122                     /lib/x86_64-linux-gnu/libmount.so.1.1.0
7f10b94ed000-7f10b96ec000 ---p 00046000 08:05 398122                     /lib/x86_64-linux-gnu/libmount.so.1.1.0
7f10b96ec000-7f10b96ed000 r--p 00045000 08:05 398122                     /lib/x86_64-linux-gnu/libmount.so.1.1.0
7f10b96ed000-7f10b96ee000 rw-p 00046000 08:05 398122                     /lib/x86_64-linux-gnu/libmount.so.1.1.0
7f10b96ee000-7f10b96ef000 rw-p 00000000 00:00 0 
7f10b96ef000-7f10b9706000 r-xp 00000000 08:05 409762                     /lib/x86_64-linux-gnu/libresolv-2.24.so
7f10b9706000-7f10b9906000 ---p 00017000 08:05 409762                     /lib/x86_64-linux-gnu/libresolv-2.24.so
7f10b9906000-7f10b9907000 r--p 00017000 08:05 409762                     /lib/x86_64-linux-gnu/libresolv-2.24.so
7f10b9907000-7f10b9908000 rw-p 00018000 08:05 409762                     /lib/x86_64-linux-gnu/libresolv-2.24.so
7f10b9908000-7f10b990a000 rw-p 00000000 00:00 0 
7f10b990a000-7f10b992d000 r-xp 00000000 08:05 398769                     /lib/x86_64-linux-gnu/libselinux.so.1
7f10b992d000-7f10b9b2c000 ---p 00023000 08:05 398769                     /lib/x86_64-linux-gnu/libselinux.so.1
7f10b9b2c000-7f10b9b2d000 r--p 00022000 08:05 398769                     /lib/x86_64-linux-gnu/libselinux.so.1
7f10b9b2d000-7f10b9b2e000 rw-p 00023000 08:05 398769                     /lib/x86_64-linux-gnu/libselinux.so.1
7f10b9b2e000-7f10b9b30000 rw-p 00000000 00:00 0 
7f10b9b30000-7f10b9b49000 r-xp 00000000 08:05 398798                     /lib/x86_64-linux-gnu/libz.so.1.2.8
7f10b9b49000-7f10b9d48000 ---p 00019000 08:05 398798                     /lib/x86_64-linux-gnu/libz.so.1.2.8
7f10b9d48000-7f10b9d49000 r--p 00018000 08:05 398798                     /lib/x86_64-linux-gnu/libz.so.1.2.8
7f10b9d49000-7f10b9d4a000 rw-p 00019000 08:05 398798                     /lib/x86_64-linux-gnu/libz.so.1.2.8
7f10b9d4a000-7f10b9d5b000 r-xp 00000000 08:05 2238757                    /usr/lib/x86_64-linux-gnu/libXext.so.6.4.0
7f10b9d5b000-7f10b9f5a000 ---p 00011000 08:05 2238757                    /usr/lib/x86_64-linux-gnu/libXext.so.6.4.0
7f10b9f5a000-7f10b9f5b000 r--p 00010000 08:05 2238757                    /usr/lib/x86_64-linux-gnu/libXext.so.6.4.0
7f10b9f5b000-7f10b9f5c000 rw-p 00011000 08:05 2238757                    /usr/lib/x86_64-linux-gnu/libXext.so.6.4.0
7f10b9f5c000-7f10b9f5e000 r-xp 00000000 08:05 2238753                    /usr/lib/x86_64-linux-gnu/libXdamage.so.1.1.0
7f10b9f5e000-7f10ba15d000 ---p 00002000 08:05 2238753                    /usr/lib/x86_64-linux-gnu/libXdamage.so.1.1.0
7f10ba15d000-7f10ba15e000 r--p 00001000 08:05 2238753                    /usr/lib/x86_64-linux-gnu/libXdamage.so.1.1.0
7f10ba15e000-7f10ba15f000 rw-p 00002000 08:05 2238753                    /usr/lib/x86_64-linux-gnu/libXdamage.so.1.1.0
7f10ba15f000-7f10ba161000 r-xp 00000000 08:05 2238749                    /usr/lib/x86_64-linux-gnu/libXcomposite.so.1.0.0
7f10ba161000-7f10ba360000 ---p 00002000 08:05 2238749                    /usr/lib/x86_64-linux-gnu/libXcomposite.so.1.0.0
7f10ba360000-7f10ba361000 r--p 00001000 08:05 2238749                    /usr/lib/x86_64-linux-gnu/libXcomposite.so.1.0.0
7f10ba361000-7f10ba362000 rw-p 00002000 08:05 2238749                    /usr/lib/x86_64-linux-gnu/libXcomposite.so.1.0.0
7f10ba362000-7f10ba36b000 r-xp 00000000 08:05 2238751                    /usr/lib/x86_64-linux-gnu/libXcursor.so.1.0.2
7f10ba36b000-7f10ba56a000 ---p 00009000 08:05 2238751                    /usr/lib/x86_64-linux-gnu/libXcursor.so.1.0.2
7f10ba56a000-7f10ba56b000 r--p 00008000 08:05 2238751                    /usr/lib/x86_64-linux-gnu/libXcursor.so.1.0.2
7f10ba56b000-7f10ba56c000 rw-p 00009000 08:05 2238751                    /usr/lib/x86_64-linux-gnu/libXcursor.so.1.0.2
7f10ba56c000-7f10ba576000 r-xp 00000000 08:05 2238775                    /usr/lib/x86_64-linux-gnu/libXrandr.so.2.2.0
7f10ba576000-7f10ba775000 ---p 0000a000 08:05 2238775                    /usr/lib/x86_64-linux-gnu/libXrandr.so.2.2.0
7f10ba775000-7f10ba776000 r--p 00009000 08:05 2238775                    /usr/lib/x86_64-linux-gnu/libXrandr.so.2.2.0
7f10ba776000-7f10ba777000 rw-p 0000a000 08:05 2238775                    /usr/lib/x86_64-linux-gnu/libXrandr.so.2.2.0
7f10ba777000-7f10ba786000 r-xp 00000000 08:05 2238765                    /usr/lib/x86_64-linux-gnu/libXi.so.6.1.0
7f10ba786000-7f10ba985000 ---p 0000f000 08:05 2238765                    /usr/lib/x86_64-linux-gnu/libXi.so.6.1.0
7f10ba985000-7f10ba986000 r--p 0000e000 08:05 2238765                    /usr/lib/x86_64-linux-gnu/libXi.so.6.1.0
7f10ba986000-7f10ba987000 rw-p 0000f000 08:05 2238765                    /usr/lib/x86_64-linux-gnu/libXi.so.6.1.0
7f10ba987000-7f10ba989000 r-xp 00000000 08:05 2238767                    /usr/lib/x86_64-linux-gnu/libXinerama.so.1.0.0
7f10ba989000-7f10bab88000 ---p 00002000 08:05 2238767                    /usr/lib/x86_64-linux-gnu/libXinerama.so.1.0.0
7f10bab88000-7f10bab89000 r--p 00001000 08:05 2238767                    /usr/lib/x86_64-linux-gnu/libXinerama.so.1.0.0
7f10bab89000-7f10bab8a000 rw-p 00002000 08:05 2238767                    /usr/lib/x86_64-linux-gnu/libXinerama.so.1.0.0
7f10bab8a000-7f10bab93000 r-xp 00000000 08:05 2238777                    /usr/lib/x86_64-linux-gnu/libXrender.so.1.3.0
7f10bab93000-7f10bad92000 ---p 00009000 08:05 2238777                    /usr/lib/x86_64-linux-gnu/libXrender.so.1.3.0
7f10bad92000-7f10bad93000 r--p 00008000 08:05 2238777                    /usr/lib/x86_64-linux-gnu/libXrender.so.1.3.0
7f10bad93000-7f10bad94000 rw-p 00009000 08:05 2238777                    /usr/lib/x86_64-linux-gnu/libXrender.so.1.3.0
7f10bad94000-7f10bad99000 r-xp 00000000 08:05 2238759                    /usr/lib/x86_64-linux-gnu/libXfixes.so.3.1.0
7f10bad99000-7f10baf98000 ---p 00005000 08:05 2238759                    /usr/lib/x86_64-linux-gnu/libXfixes.so.3.1.0
7f10baf98000-7f10baf99000 r--p 00004000 08:05 2238759                    /usr/lib/x86_64-linux-gnu/libXfixes.so.3.1.0
7f10baf99000-7f10baf9a000 rw-p 00005000 08:05 2238759                    /usr/lib/x86_64-linux-gnu/libXfixes.so.3.1.0
7f10baf9a000-7f10bafb0000 r-xp 00000000 08:05 398654                     /lib/x86_64-linux-gnu/libgcc_s.so.1
7f10bafb0000-7f10bb1af000 ---p 00016000 08:05 398654                     /lib/x86_64-linux-gnu/libgcc_s.so.1
7f10bb1af000-7f10bb1b0000 r--p 00015000 08:05 398654                     /lib/x86_64-linux-gnu/libgcc_s.so.1
7f10bb1b0000-7f10bb1b1000 rw-p 00016000 08:05 398654                     /lib/x86_64-linux-gnu/libgcc_s.so.1
7f10bb1b1000-7f10bb329000 r-xp 00000000 08:05 2239972                    /usr/lib/x86_64-linux-gnu/libstdc++.so.6.0.22
7f10bb329000-7f10bb529000 ---p 00178000 08:05 2239972                    /usr/lib/x86_64-linux-gnu/libstdc++.so.6.0.22
7f10bb529000-7f10bb533000 r--p 00178000 08:05 2239972                    /usr/lib/x86_64-linux-gnu/libstdc++.so.6.0.22
7f10bb533000-7f10bb535000 rw-p 00182000 08:05 2239972                    /usr/lib/x86_64-linux-gnu/libstdc++.so.6.0.22
7f10bb535000-7f10bb539000 rw-p 00000000 00:00 0 
7f10bb539000-7f10bb5a9000 r-xp 00000000 08:05 133030                     /usr/lib/x86_64-linux-gnu/mesa/libGL.so.1.2.0
7f10bb5a9000-7f10bb7a8000 ---p 00070000 08:05 133030                     /usr/lib/x86_64-linux-gnu/mesa/libGL.so.1.2.0
7f10bb7a8000-7f10bb7ab000 r--p 0006f000 08:05 133030                     /usr/lib/x86_64-linux-gnu/mesa/libGL.so.1.2.0
7f10bb7ab000-7f10bb7ac000 rw-p 00072000 08:05 133030                     /usr/lib/x86_64-linux-gnu/mesa/libGL.so.1.2.0
7f10bb7ac000-7f10bb7ad000 rw-p 00000000 00:00 0 
7f10bb7ad000-7f10bb7b2000 r-xp 00000000 08:05 2238793                    /usr/lib/x86_64-linux-gnu/libXxf86vm.so.1.0.0
7f10bb7b2000-7f10bb9b1000 ---p 00005000 08:05 2238793                    /usr/lib/x86_64-linux-gnu/libXxf86vm.so.1.0.0
7f10bb9b1000-7f10bb9b2000 r--p 00004000 08:05 2238793                    /usr/lib/x86_64-linux-gnu/libXxf86vm.so.1.0.0
7f10bb9b2000-7f10bb9b3000 rw-p 00005000 08:05 2238793                    /usr/lib/x86_64-linux-gnu/libXxf86vm.so.1.0.0
7f10bb9b3000-7f10bbae8000 r-xp 00000000 08:05 2238740                    /usr/lib/x86_64-linux-gnu/libX11.so.6.3.0
7f10bbae8000-7f10bbce7000 ---p 00135000 08:05 2238740                    /usr/lib/x86_64-linux-gnu/libX11.so.6.3.0
7f10bbce7000-7f10bbce8000 r--p 00134000 08:05 2238740                    /usr/lib/x86_64-linux-gnu/libX11.so.6.3.0
7f10bbce8000-7f10bbcec000 rw-p 00135000 08:05 2238740                    /usr/lib/x86_64-linux-gnu/libX11.so.6.3.0
7f10bbcec000-7f10bbdfe000 r-xp 00000000 08:05 399763                     /lib/x86_64-linux-gnu/libglib-2.0.so.0.5000.2
7f10bbdfe000-7f10bbffd000 ---p 00112000 08:05 399763                     /lib/x86_64-linux-gnu/libglib-2.0.so.0.5000.2
7f10bbffd000-7f10bbffe000 r--p 00111000 08:05 399763                     /lib/x86_64-linux-gnu/libglib-2.0.so.0.5000.2
7f10bbffe000-7f10bbfff000 rw-p 00112000 08:05 399763                     /lib/x86_64-linux-gnu/libglib-2.0.so.0.5000.2
7f10bbfff000-7f10bc000000 rw-p 00000000 00:00 0 
7f10bc000000-7f10bc0ad000 rw-p 00000000 00:00 0 
7f10bc0ad000-7f10c0000000 ---p 00000000 00:00 0 
7f10c0000000-7f10c0297000 rw-p 00000000 00:00 0 
7f10c0297000-7f10c4000000 ---p 00000000 00:00 0 
7f10c4000000-7f10c4021000 rw-p 00000000 00:00 0 
7f10c4021000-7f10c8000000 ---p 00000000 00:00 0 
7f10c8000000-7f10c8021000 rw-p 00000000 00:00 0 
7f10c8021000-7f10cc000000 ---p 00000000 00:00 0 
7f10cc000000-7f10cc081000 rw-p 00000000 00:00 0 
7f10cc081000-7f10d0000000 ---p 00000000 00:00 0 
7f10d0000000-7f10d0209000 rw-p 00000000 00:00 0 
7f10d0209000-7f10d4000000 ---p 00000000 00:00 0 
7f10d4000000-7f10d4021000 rw-p 00000000 00:00 0 
7f10d4021000-7f10d8000000 ---p 00000000 00:00 0 
7f10d8000000-7f10d81c8000 rw-p 00000000 00:00 0 
7f10d81c8000-7f10dc000000 ---p 00000000 00:00 0 
7f10dc000000-7f10dc021000 rw-p 00000000 00:00 0 
7f10dc021000-7f10e0000000 ---p 00000000 00:00 0 
7f10e0000000-7f10e0021000 rw-p 00000000 00:00 0 
7f10e0021000-7f10e4000000 ---p 00000000 00:00 0 
7f10e4000000-7f10e4021000 rw-p 00000000 00:00 0 
7f10e4021000-7f10e8000000 ---p 00000000 00:00 0 
7f10e8000000-7f10e8021000 rw-p 00000000 00:00 0 
7f10e8021000-7f10ec000000 ---p 00000000 00:00 0 
7f10ec000000-7f10ec006000 r--s 00000000 08:05 279279                     /var/cache/fontconfig/2cd17615ca594fa2959ae173292e504c-le64.cache-6
7f10ec006000-7f10ec007000 r--s 00000000 08:05 279276                     /var/cache/fontconfig/0d8c3b2ac0904cb8a57a757ad11a4a08-le64.cache-6
7f10ec007000-7f10ec01c000 r--s 00000000 08:05 279272                     /var/cache/fontconfig/04aabc0a78ac019cf9454389977116d2-le64.cache-6
7f10ec01c000-7f10ec01d000 r--s 00000000 08:05 279278                     /var/cache/fontconfig/1ac9eb803944fde146138c791f5cc56a-le64.cache-6
7f10ec01d000-7f10ec021000 r--s 00000000 08:05 279283                     /var/cache/fontconfig/385c0604a188198f04d133e54aba7fe7-le64.cache-6
7f10ec021000-7f10ec022000 r--s 00000000 08:05 279311                     /var/cache/fontconfig/dc05db6664285cc2f12bf69c139ae4c3-le64.cache-6
7f10ec022000-7f10ec025000 r--s 00000000 08:05 279294                     /var/cache/fontconfig/767a8244fc0220cfb567a839d0392e0b-le64.cache-6
7f10ec025000-7f10ec026000 r--s 00000000 08:05 276021                     /var/cache/fontconfig/4794a0821666d79190d59a36cb4f44b5-le64.cache-6
7f10ec026000-7f10ec027000 r--s 00000000 08:05 279274                     /var/cache/fontconfig/0bd3dc0958fa2205aaaa8ebb13e2872b-le64.cache-6
7f10ec027000-7f10ec02d000 r--s 00000000 08:05 279280                     /var/cache/fontconfig/3047814df9a2f067bd2d96a2b9c36e5a-le64.cache-6
7f10ec02d000-7f10ec033000 r--s 00000000 08:05 279302                     /var/cache/fontconfig/b47c4e1ecd0709278f4910c18777a504-le64.cache-6
7f10ec033000-7f10ec046000 r--s 00000000 08:05 279308                     /var/cache/fontconfig/d52a8644073d54c13679302ca1180695-le64.cache-6
7f10ec046000-7f10ec04b000 r-xp 00000000 08:05 2238783                    /usr/lib/x86_64-linux-gnu/libXtst.so.6.1.0
7f10ec04b000-7f10ec24a000 ---p 00005000 08:05 2238783                    /usr/lib/x86_64-linux-gnu/libXtst.so.6.1.0
7f10ec24a000-7f10ec24b000 r--p 00004000 08:05 2238783                    /usr/lib/x86_64-linux-gnu/libXtst.so.6.1.0
7f10ec24b000-7f10ec24c000 rw-p 00005000 08:05 2238783                    /usr/lib/x86_64-linux-gnu/libXtst.so.6.1.0
7f10ec24c000-7f10ec24d000 r-xp 00000000 08:05 2228686                    /usr/lib/x86_64-linux-gnu/libgthread-2.0.so.0.5000.2
7f10ec24d000-7f10ec44c000 ---p 00001000 08:05 2228686                    /usr/lib/x86_64-linux-gnu/libgthread-2.0.so.0.5000.2
7f10ec44c000-7f10ec44d000 r--p 00000000 08:05 2228686                    /usr/lib/x86_64-linux-gnu/libgthread-2.0.so.0.5000.2
7f10ec44d000-7f10ec44e000 rw-p 00001000 08:05 2228686                    /usr/lib/x86_64-linux-gnu/libgthread-2.0.so.0.5000.2
7f10ec44e000-7f10ec451000 r-xp 00000000 08:05 2228661                    /usr/lib/x86_64-linux-gnu/libgmodule-2.0.so.0.5000.2
7f10ec451000-7f10ec650000 ---p 00003000 08:05 2228661                    /usr/lib/x86_64-linux-gnu/libgmodule-2.0.so.0.5000.2
7f10ec650000-7f10ec651000 r--p 00002000 08:05 2228661                    /usr/lib/x86_64-linux-gnu/libgmodule-2.0.so.0.5000.2
7f10ec651000-7f10ec652000 rw-p 00003000 08:05 2228661                    /usr/lib/x86_64-linux-gnu/libgmodule-2.0.so.0.5000.2
7f10ec652000-7f10ec6a4000 r-xp 00000000 08:05 2228683                    /usr/lib/x86_64-linux-gnu/libgobject-2.0.so.0.5000.2
7f10ec6a4000-7f10ec8a3000 ---p 00052000 08:05 2228683                    /usr/lib/x86_64-linux-gnu/libgobject-2.0.so.0.5000.2
7f10ec8a3000-7f10ec8a4000 r--p 00051000 08:05 2228683                    /usr/lib/x86_64-linux-gnu/libgobject-2.0.so.0.5000.2
7f10ec8a4000-7f10ec8a5000 rw-p 00052000 08:05 2228683                    /usr/lib/x86_64-linux-gnu/libgobject-2.0.so.0.5000.2
7f10ec8a5000-7f10ec8e2000 r-xp 00000000 08:05 2239159                    /usr/lib/x86_64-linux-gnu/libfontconfig.so.1.9.0
7f10ec8e2000-7f10ecae1000 ---p 0003d000 08:05 2239159                    /usr/lib/x86_64-linux-gnu/libfontconfig.so.1.9.0
7f10ecae1000-7f10ecae3000 r--p 0003c000 08:05 2239159                    /usr/lib/x86_64-linux-gnu/libfontconfig.so.1.9.0
7f10ecae3000-7f10ecae8000 rw-p 0003e000 08:05 2239159                    /usr/lib/x86_64-linux-gnu/libfontconfig.so.1.9.0
7f10ecae8000-7f10ecb8f000 r-xp 00000000 08:05 2229706                    /usr/lib/x86_64-linux-gnu/libfreetype.so.6.12.3
7f10ecb8f000-7f10ecd8e000 ---p 000a7000 08:05 2229706                    /usr/lib/x86_64-linux-gnu/libfreetype.so.6.12.3
7f10ecd8e000-7f10ecd94000 r--p 000a6000 08:05 2229706                    /usr/lib/x86_64-linux-gnu/libfreetype.so.6.12.3
7f10ecd94000-7f10ecd95000 rw-p 000ac000 08:05 2229706                    /usr/lib/x86_64-linux-gnu/libfreetype.so.6.12.3
7f10ecd95000-7f10ecdde000 r-xp 00000000 08:05 2239751                    /usr/lib/x86_64-linux-gnu/libpango-1.0.so.0.4000.1
7f10ecdde000-7f10ecfde000 ---p 00049000 08:05 2239751                    /usr/lib/x86_64-linux-gnu/libpango-1.0.so.0.4000.1
7f10ecfde000-7f10ecfe0000 r--p 00049000 08:05 2239751                    /usr/lib/x86_64-linux-gnu/libpango-1.0.so.0.4000.1
7f10ecfe0000-7f10ecfe1000 rw-p 0004b000 08:05 2239751                    /usr/lib/x86_64-linux-gnu/libpango-1.0.so.0.4000.1
7f10ecfe1000-7f10ed0ef000 r-xp 00000000 08:05 2238910                    /usr/lib/x86_64-linux-gnu/libcairo.so.2.11400.6
7f10ed0ef000-7f10ed2ee000 ---p 0010e000 08:05 2238910                    /usr/lib/x86_64-linux-gnu/libcairo.so.2.11400.6
7f10ed2ee000-7f10ed2f1000 r--p 0010d000 08:05 2238910                    /usr/lib/x86_64-linux-gnu/libcairo.so.2.11400.6
7f10ed2f1000-7f10ed2f2000 rw-p 00110000 08:05 2238910                    /usr/lib/x86_64-linux-gnu/libcairo.so.2.11400.6
7f10ed2f2000-7f10ed2f4000 rw-p 00000000 00:00 0 
7f10ed2f4000-7f10ed300000 r-xp 00000000 08:05 2239753                    /usr/lib/x86_64-linux-gnu/libpangocairo-1.0.so.0.4000.1
7f10ed300000-7f10ed4ff000 ---p 0000c000 08:05 2239753                    /usr/lib/x86_64-linux-gnu/libpangocairo-1.0.so.0.4000.1
7f10ed4ff000-7f10ed500000 r--p 0000b000 08:05 2239753                    /usr/lib/x86_64-linux-gnu/libpangocairo-1.0.so.0.4000.1
7f10ed500000-7f10ed501000 rw-p 0000c000 08:05 2239753                    /usr/lib/x86_64-linux-gnu/libpangocairo-1.0.so.0.4000.1
7f10ed501000-7f10ed522000 r-xp 00000000 08:05 2239234                    /usr/lib/x86_64-linux-gnu/libgdk_pixbuf-2.0.so.0.3400.0
7f10ed522000-7f10ed721000 ---p 00021000 08:05 2239234                    /usr/lib/x86_64-linux-gnu/libgdk_pixbuf-2.0.so.0.3400.0
7f10ed721000-7f10ed722000 r--p 00020000 08:05 2239234                    /usr/lib/x86_64-linux-gnu/libgdk_pixbuf-2.0.so.0.3400.0
7f10ed722000-7f10ed723000 rw-p 00021000 08:05 2239234                    /usr/lib/x86_64-linux-gnu/libgdk_pixbuf-2.0.so.0.3400.0
7f10ed723000-7f10ed737000 r-xp 00000000 08:05 2239755                    /usr/lib/x86_64-linux-gnu/libpangoft2-1.0.so.0.4000.1
7f10ed737000-7f10ed937000 ---p 00014000 08:05 2239755                    /usr/lib/x86_64-linux-gnu/libpangoft2-1.0.so.0.4000.1
7f10ed937000-7f10ed938000 r--p 00014000 08:05 2239755                    /usr/lib/x86_64-linux-gnu/libpangoft2-1.0.so.0.4000.1
7f10ed938000-7f10ed939000 rw-p 00015000 08:05 2239755                    /usr/lib/x86_64-linux-gnu/libpangoft2-1.0.so.0.4000.1
7f10ed939000-7f10edac6000 r-xp 00000000 08:05 2228637                    /usr/lib/x86_64-linux-gnu/libgio-2.0.so.0.5000.2
7f10edac6000-7f10edcc5000 ---p 0018d000 08:05 2228637                    /usr/lib/x86_64-linux-gnu/libgio-2.0.so.0.5000.2
7f10edcc5000-7f10edcca000 r--p 0018c000 08:05 2228637                    /usr/lib/x86_64-linux-gnu/libgio-2.0.so.0.5000.2
7f10edcca000-7f10edccd000 rw-p 00191000 08:05 2228637                    /usr/lib/x86_64-linux-gnu/libgio-2.0.so.0.5000.2
7f10edccd000-7f10edcce000 rw-p 00000000 00:00 0 
7f10edcce000-7f10edcf0000 r-xp 00000000 08:05 2238844                    /usr/lib/x86_64-linux-gnu/libatk-1.0.so.0.22009.1
7f10edcf0000-7f10edeef000 ---p 00022000 08:05 2238844                    /usr/lib/x86_64-linux-gnu/libatk-1.0.so.0.22009.1
7f10edeef000-7f10edef2000 r--p 00021000 08:05 2238844                    /usr/lib/x86_64-linux-gnu/libatk-1.0.so.0.22009.1
7f10edef2000-7f10edef3000 rw-p 00024000 08:05 2238844                    /usr/lib/x86_64-linux-gnu/libatk-1.0.so.0.22009.1
7f10edef3000-7f10edfa3000 r-xp 00000000 08:05 2234326                    /usr/lib/x86_64-linux-gnu/libgdk-x11-2.0.so.0.2400.30
7f10edfa3000-7f10ee1a2000 ---p 000b0000 08:05 2234326                    /usr/lib/x86_64-linux-gnu/libgdk-x11-2.0.so.0.2400.30
7f10ee1a2000-7f10ee1a6000 r--p 000af000 08:05 2234326                    /usr/lib/x86_64-linux-gnu/libgdk-x11-2.0.so.0.2400.30
7f10ee1a6000-7f10ee1a8000 rw-p 000b3000 08:05 2234326                    /usr/lib/x86_64-linux-gnu/libgdk-x11-2.0.so.0.2400.30
7f10ee1a8000-7f10ee5e6000 r-xp 00000000 08:05 2234327                    /usr/lib/x86_64-linux-gnu/libgtk-x11-2.0.so.0.2400.30
7f10ee5e6000-7f10ee7e6000 ---p 0043e000 08:05 2234327                    /usr/lib/x86_64-linux-gnu/libgtk-x11-2.0.so.0.2400.30
7f10ee7e6000-7f10ee7ed000 r--p 0043e000 08:05 2234327                    /usr/lib/x86_64-linux-gnu/libgtk-x11-2.0.so.0.2400.30
7f10ee7ed000-7f10ee7f1000 rw-p 00445000 08:05 2234327                    /usr/lib/x86_64-linux-gnu/libgtk-x11-2.0.so.0.2400.30
7f10ee7f1000-7f10ee7f4000 rw-p 00000000 00:00 0 
7f10ee7f4000-7f10ee800000 r-xp 00000000 08:05 2243337                    /usr/lib/jvm/java-8-oracle/jre/lib/amd64/libprism_es2.so
7f10ee800000-7f10ee9ff000 ---p 0000c000 08:05 2243337                    /usr/lib/jvm/java-8-oracle/jre/lib/amd64/libprism_es2.so
7f10ee9ff000-7f10eea00000 rw-p 0000b000 08:05 2243337                    /usr/lib/jvm/java-8-oracle/jre/lib/amd64/libprism_es2.so
7f10eea00000-7f10eea03000 ---p 00000000 00:00 0 
7f10eea03000-7f10eeb01000 rw-p 00000000 00:00 0 
7f10eeb01000-7f10eeb04000 ---p 00000000 00:00 0 
7f10eeb04000-7f10eec02000 rw-p 00000000 00:00 0 
7f10eec02000-7f10eec05000 ---p 00000000 00:00 0 
7f10eec05000-7f10eed03000 rw-p 00000000 00:00 0 
7f10eed03000-7f10eed98000 r--s 01109000 08:05 2243401                    /usr/lib/jvm/java-8-oracle/jre/lib/ext/jfxrt.jar
7f10eed98000-7f10eed99000 ---p 00000000 00:00 0 
7f10eed99000-7f10eee99000 rw-p 00000000 00:00 0 
7f10eee99000-7f10eee9c000 ---p 00000000 00:00 0 
7f10eee9c000-7f10eef9a000 rw-p 00000000 00:00 0 
7f10eef9a000-7f10eef9d000 ---p 00000000 00:00 0 
7f10eef9d000-7f10ef09b000 rw-p 00000000 00:00 0 
7f10ef09b000-7f10ef09e000 ---p 00000000 00:00 0 
7f10ef09e000-7f10ef19c000 rw-p 00000000 00:00 0 
7f10ef19c000-7f10ef19f000 ---p 00000000 00:00 0 
7f10ef19f000-7f10ef29d000 rw-p 00000000 00:00 0 
7f10ef29d000-7f10ef2a0000 ---p 00000000 00:00 0 
7f10ef2a0000-7f10ef39e000 rw-p 00000000 00:00 0 
7f10ef39e000-7f10ef7f8000 r--p 00000000 08:05 2229872                    /usr/lib/locale/locale-archive
7f10ef7f8000-7f10ef7fb000 ---p 00000000 00:00 0 
7f10ef7fb000-7f10ef8f9000 rw-p 00000000 00:00 0 
7f10ef8f9000-7f10ef8fc000 ---p 00000000 00:00 0 
7f10ef8fc000-7f10ef9fa000 rw-p 00000000 00:00 0 
7f10ef9fa000-7f10ef9fb000 ---p 00000000 00:00 0 
7f10ef9fb000-7f10f0000000 rw-p 00000000 00:00 0 
7f10f0000000-7f10f0021000 rw-p 00000000 00:00 0 
7f10f0021000-7f10f4000000 ---p 00000000 00:00 0 
7f10f4000000-7f10f4021000 rw-p 00000000 00:00 0 
7f10f4021000-7f10f8000000 ---p 00000000 00:00 0 
7f10f8000000-7f10f8021000 rw-p 00000000 00:00 0 
7f10f8021000-7f10fc000000 ---p 00000000 00:00 0 
7f10fc000000-7f10fc005000 r--s 00000000 08:05 279297                     /var/cache/fontconfig/8801497958630a81b71ace7c5f9b32a8-le64.cache-6
7f10fc005000-7f10fc017000 r--s 00000000 08:05 279300                     /var/cache/fontconfig/9b89f8e3dae116d678bbf48e5f21f69b-le64.cache-6
7f10fc017000-7f10fc035000 r-xp 00000000 08:05 398393                     /lib/x86_64-linux-gnu/libudev.so.1.6.5
7f10fc035000-7f10fc036000 ---p 0001e000 08:05 398393                     /lib/x86_64-linux-gnu/libudev.so.1.6.5
7f10fc036000-7f10fc037000 r--p 0001e000 08:05 398393                     /lib/x86_64-linux-gnu/libudev.so.1.6.5
7f10fc037000-7f10fc038000 rw-p 0001f000 08:05 398393                     /lib/x86_64-linux-gnu/libudev.so.1.6.5
7f10fc038000-7f10fc039000 r--s 00000000 08:05 279304                     /var/cache/fontconfig/bab58bb527bb656aaa9f116d68a48d89-le64.cache-6
7f10fc039000-7f10fc03a000 r--s 00000000 08:05 279288                     /var/cache/fontconfig/56cf4f4769d0f4abc89a4895d7bd3ae1-le64.cache-6
7f10fc03a000-7f10fc03b000 r--s 00000000 08:05 279303                     /var/cache/fontconfig/b9d506c9ac06c20b433354fa67a72993-le64.cache-6
7f10fc03b000-7f10fc03c000 r--s 00000000 08:05 279287                     /var/cache/fontconfig/551ecf3b0e8b0bca0f25c0944f561853-le64.cache-6
7f10fc03c000-7f10fc03d000 r--s 00000000 08:05 279284                     /var/cache/fontconfig/3f7329c5293ffd510edef78f73874cfd-le64.cache-6
7f10fc03d000-7f10fc048000 r--s 00000000 08:05 279296                     /var/cache/fontconfig/83bf95040141907cd45bb53cf7c1c148-le64.cache-6
7f10fc048000-7f10fc055000 r--s 00000000 08:05 282756                     /var/cache/fontconfig/e13b20fdb08344e0e664864cc2ede53d-le64.cache-6
7f10fc055000-7f1101000000 rw-p 00000000 00:00 0 
7f1101000000-7f11013e0000 rwxp 00000000 00:00 0 
7f11013e0000-7f1110000000 ---p 00000000 00:00 0 
7f1110000000-7f1110170000 rw-p 00000000 00:00 0 
7f1110170000-7f1114000000 ---p 00000000 00:00 0 
7f1114000000-7f1114004000 r--s 00000000 08:05 279309                     /var/cache/fontconfig/d589a48862398ed80a3d6066f4f56f4c-le64.cache-6
7f1114004000-7f1114005000 r--s 00000000 08:05 279281                     /var/cache/fontconfig/30829fa25452a46451e813d634d7f916-le64.cache-6
7f1114005000-7f1114008000 r--s 00000000 08:05 279293                     /var/cache/fontconfig/75114ca45c98e8a441da0ff356701271-le64.cache-6
7f1114008000-7f1114010000 rw-s 00000000 00:05 987631                     /drm mm object (deleted)
7f1114010000-7f11140c2000 rw-p 00000000 00:00 0 
7f11140c2000-7f111429b000 r--s 03d3e000 08:05 2243317                    /usr/lib/jvm/java-8-oracle/jre/lib/rt.jar
7f111429b000-7f11146e9000 rw-p 00000000 00:00 0 
7f11146e9000-7f11146ea000 ---p 00000000 00:00 0 
7f11146ea000-7f11147ea000 rw-p 00000000 00:00 0 
7f11147ea000-7f11147eb000 ---p 00000000 00:00 0 
7f11147eb000-7f11148eb000 rw-p 00000000 00:00 0 
7f11148eb000-7f11148ec000 ---p 00000000 00:00 0 
7f11148ec000-7f11149ec000 rw-p 00000000 00:00 0 
7f11149ec000-7f11149ed000 ---p 00000000 00:00 0 
7f11149ed000-7f1114b17000 rw-p 00000000 00:00 0 
7f1114b17000-7f1114d7d000 ---p 00000000 00:00 0 
7f1114d7d000-7f1114da7000 rw-p 00000000 00:00 0 
7f1114da7000-7f111500d000 ---p 00000000 00:00 0 
7f111500d000-7f1115022000 rw-p 00000000 00:00 0 
7f1115022000-7f1115155000 ---p 00000000 00:00 0 
7f1115155000-7f1115166000 rw-p 00000000 00:00 0 
7f1115166000-7f1115516000 ---p 00000000 00:00 0 
7f1115516000-7f1115530000 r-xp 00000000 08:05 2243348                    /usr/lib/jvm/java-8-oracle/jre/lib/amd64/libzip.so
7f1115530000-7f1115730000 ---p 0001a000 08:05 2243348                    /usr/lib/jvm/java-8-oracle/jre/lib/amd64/libzip.so
7f1115730000-7f1115731000 rw-p 0001a000 08:05 2243348                    /usr/lib/jvm/java-8-oracle/jre/lib/amd64/libzip.so
7f1115731000-7f111573c000 r-xp 00000000 08:05 409756                     /lib/x86_64-linux-gnu/libnss_files-2.24.so
7f111573c000-7f111593b000 ---p 0000b000 08:05 409756                     /lib/x86_64-linux-gnu/libnss_files-2.24.so
7f111593b000-7f111593c000 r--p 0000a000 08:05 409756                     /lib/x86_64-linux-gnu/libnss_files-2.24.so
7f111593c000-7f111593d000 rw-p 0000b000 08:05 409756                     /lib/x86_64-linux-gnu/libnss_files-2.24.so
7f111593d000-7f1115943000 rw-p 00000000 00:00 0 
7f1115943000-7f111594e000 r-xp 00000000 08:05 409758                     /lib/x86_64-linux-gnu/libnss_nis-2.24.so
7f111594e000-7f1115b4d000 ---p 0000b000 08:05 409758                     /lib/x86_64-linux-gnu/libnss_nis-2.24.so
7f1115b4d000-7f1115b4e000 r--p 0000a000 08:05 409758                     /lib/x86_64-linux-gnu/libnss_nis-2.24.so
7f1115b4e000-7f1115b4f000 rw-p 0000b000 08:05 409758                     /lib/x86_64-linux-gnu/libnss_nis-2.24.so
7f1115b4f000-7f1115b65000 r-xp 00000000 08:05 409753                     /lib/x86_64-linux-gnu/libnsl-2.24.so
7f1115b65000-7f1115d64000 ---p 00016000 08:05 409753                     /lib/x86_64-linux-gnu/libnsl-2.24.so
7f1115d64000-7f1115d65000 r--p 00015000 08:05 409753                     /lib/x86_64-linux-gnu/libnsl-2.24.so
7f1115d65000-7f1115d66000 rw-p 00016000 08:05 409753                     /lib/x86_64-linux-gnu/libnsl-2.24.so
7f1115d66000-7f1115d68000 rw-p 00000000 00:00 0 
7f1115d68000-7f1115d70000 r-xp 00000000 08:05 409754                     /lib/x86_64-linux-gnu/libnss_compat-2.24.so
7f1115d70000-7f1115f6f000 ---p 00008000 08:05 409754                     /lib/x86_64-linux-gnu/libnss_compat-2.24.so
7f1115f6f000-7f1115f70000 r--p 00007000 08:05 409754                     /lib/x86_64-linux-gnu/libnss_compat-2.24.so
7f1115f70000-7f1115f71000 rw-p 00008000 08:05 409754                     /lib/x86_64-linux-gnu/libnss_compat-2.24.so
7f1115f71000-7f1115f9c000 r-xp 00000000 08:05 2243375                    /usr/lib/jvm/java-8-oracle/jre/lib/amd64/libjava.so
7f1115f9c000-7f111619b000 ---p 0002b000 08:05 2243375                    /usr/lib/jvm/java-8-oracle/jre/lib/amd64/libjava.so
7f111619b000-7f111619d000 rw-p 0002a000 08:05 2243375                    /usr/lib/jvm/java-8-oracle/jre/lib/amd64/libjava.so
7f111619d000-7f11161aa000 r-xp 00000000 08:05 2243326                    /usr/lib/jvm/java-8-oracle/jre/lib/amd64/libverify.so
7f11161aa000-7f11163a9000 ---p 0000d000 08:05 2243326                    /usr/lib/jvm/java-8-oracle/jre/lib/amd64/libverify.so
7f11163a9000-7f11163ab000 rw-p 0000c000 08:05 2243326                    /usr/lib/jvm/java-8-oracle/jre/lib/amd64/libverify.so
7f11163ab000-7f11163b2000 r-xp 00000000 08:05 409763                     /lib/x86_64-linux-gnu/librt-2.24.so
7f11163b2000-7f11165b1000 ---p 00007000 08:05 409763                     /lib/x86_64-linux-gnu/librt-2.24.so
7f11165b1000-7f11165b2000 r--p 00006000 08:05 409763                     /lib/x86_64-linux-gnu/librt-2.24.so
7f11165b2000-7f11165b3000 rw-p 00007000 08:05 409763                     /lib/x86_64-linux-gnu/librt-2.24.so
7f11165b3000-7f11166bb000 r-xp 00000000 08:05 409750                     /lib/x86_64-linux-gnu/libm-2.24.so
7f11166bb000-7f11168ba000 ---p 00108000 08:05 409750                     /lib/x86_64-linux-gnu/libm-2.24.so
7f11168ba000-7f11168bb000 r--p 00107000 08:05 409750                     /lib/x86_64-linux-gnu/libm-2.24.so
7f11168bb000-7f11168bc000 rw-p 00108000 08:05 409750                     /lib/x86_64-linux-gnu/libm-2.24.so
7f11168bc000-7f111758a000 r-xp 00000000 08:05 2243379                    /usr/lib/jvm/java-8-oracle/jre/lib/amd64/server/libjvm.so
7f111758a000-7f111778a000 ---p 00cce000 08:05 2243379                    /usr/lib/jvm/java-8-oracle/jre/lib/amd64/server/libjvm.so
7f111778a000-7f1117863000 rw-p 00cce000 08:05 2243379                    /usr/lib/jvm/java-8-oracle/jre/lib/amd64/server/libjvm.so
7f1117863000-7f11178ae000 rw-p 00000000 00:00 0 
7f11178ae000-7f1117a6b000 r-xp 00000000 08:05 409746                     /lib/x86_64-linux-gnu/libc-2.24.so
7f1117a6b000-7f1117c6b000 ---p 001bd000 08:05 409746                     /lib/x86_64-linux-gnu/libc-2.24.so
7f1117c6b000-7f1117c6f000 r--p 001bd000 08:05 409746                     /lib/x86_64-linux-gnu/libc-2.24.so
7f1117c6f000-7f1117c71000 rw-p 001c1000 08:05 409746                     /lib/x86_64-linux-gnu/libc-2.24.so
7f1117c71000-7f1117c75000 rw-p 00000000 00:00 0 
7f1117c75000-7f1117c78000 r-xp 00000000 08:05 409749                     /lib/x86_64-linux-gnu/libdl-2.24.so
7f1117c78000-7f1117e77000 ---p 00003000 08:05 409749                     /lib/x86_64-linux-gnu/libdl-2.24.so
7f1117e77000-7f1117e78000 r--p 00002000 08:05 409749                     /lib/x86_64-linux-gnu/libdl-2.24.so
7f1117e78000-7f1117e79000 rw-p 00003000 08:05 409749                     /lib/x86_64-linux-gnu/libdl-2.24.so
7f1117e79000-7f1117e8e000 r-xp 00000000 08:05 2242460                    /usr/lib/jvm/java-8-oracle/lib/amd64/jli/libjli.so
7f1117e8e000-7f111808e000 ---p 00015000 08:05 2242460                    /usr/lib/jvm/java-8-oracle/lib/amd64/jli/libjli.so
7f111808e000-7f111808f000 rw-p 00015000 08:05 2242460                    /usr/lib/jvm/java-8-oracle/lib/amd64/jli/libjli.so
7f111808f000-7f11180a7000 r-xp 00000000 08:05 409761                     /lib/x86_64-linux-gnu/libpthread-2.24.so
7f11180a7000-7f11182a7000 ---p 00018000 08:05 409761                     /lib/x86_64-linux-gnu/libpthread-2.24.so
7f11182a7000-7f11182a8000 r--p 00018000 08:05 409761                     /lib/x86_64-linux-gnu/libpthread-2.24.so
7f11182a8000-7f11182a9000 rw-p 00019000 08:05 409761                     /lib/x86_64-linux-gnu/libpthread-2.24.so
7f11182a9000-7f11182ad000 rw-p 00000000 00:00 0 
7f11182ad000-7f11182d2000 r-xp 00000000 08:05 409742                     /lib/x86_64-linux-gnu/ld-2.24.so
7f11182d2000-7f11182d6000 r--s 00000000 08:05 276027                     /var/cache/fontconfig/7ef2298fde41cc6eeb7af42e48b7d293-le64.cache-6
7f11182d6000-7f11182de000 rw-s 00000000 00:05 986013                     /drm mm object (deleted)
7f11182de000-7f11182e3000 r--p 00000000 08:05 552690                     /home/daan/.config/dconf/user
7f11182e3000-7f11183ae000 rw-p 00000000 00:00 0 
7f11183ae000-7f11183b1000 ---p 00000000 00:00 0 
7f11183b1000-7f11184b1000 rw-p 00000000 00:00 0 
7f11184b1000-7f11184b2000 r--s 00000000 08:05 279275                     /var/cache/fontconfig/0c9eb80ebd1c36541ebe2852d3bb0c49-le64.cache-6
7f11184b4000-7f11184b5000 r--s 00000000 00:2c 52                         /run/user/1000/dconf/user
7f11184b5000-7f11184bd000 rw-s 00000000 00:05 986511                     /drm mm object (deleted)
7f11184bd000-7f11184c4000 r--s 00000000 08:05 148080                     /usr/lib/x86_64-linux-gnu/gconv/gconv-modules.cache
7f11184c4000-7f11184cc000 rw-s 00000000 08:05 1448231                    /tmp/hsperfdata_daan/30329
7f11184cc000-7f11184cd000 rw-p 00000000 00:00 0 
7f11184cd000-7f11184ce000 r--p 00000000 00:00 0 
7f11184ce000-7f11184d1000 rw-p 00000000 00:00 0 
7f11184d1000-7f11184d2000 r--p 00024000 08:05 409742                     /lib/x86_64-linux-gnu/ld-2.24.so
7f11184d2000-7f11184d3000 rw-p 00025000 08:05 409742                     /lib/x86_64-linux-gnu/ld-2.24.so
7f11184d3000-7f11184d4000 rw-p 00000000 00:00 0 
7fff44689000-7fff446aa000 rw-p 00000000 00:00 0                          [stack]
7fff44703000-7fff44705000 r--p 00000000 00:00 0                          [vvar]
7fff44705000-7fff44707000 r-xp 00000000 00:00 0                          [vdso]
ffffffffff600000-ffffffffff601000 r-xp 00000000 00:00 0                  [vsyscall]

VM Arguments:
jvm_args: -Dfile.encoding=UTF-8 
java_command: application.Main
java_class_path (initial): /home/daan/git/IntegrationProject/IntegrationProject/bin:/home/daan/.p2/pool/plugins/org.junit_4.12.0.v201504281640/junit.jar:/home/daan/.p2/pool/plugins/org.hamcrest.core_1.3.0.v201303031735.jar
Launcher Type: SUN_STANDARD

Environment Variables:
JAVA_HOME=/usr/lib/jvm/java-8-oracle
PATH=/home/daan/bin:/home/daan/.local/bin:/usr/local/sbin:/usr/local/bin:/usr/sbin:/usr/bin:/sbin:/bin:/usr/games:/usr/local/games:/snap/bin:/usr/lib/jvm/java-8-oracle/bin:/usr/lib/jvm/java-8-oracle/db/bin:/usr/lib/jvm/java-8-oracle/jre/bin
SHELL=/bin/bash
DISPLAY=:0

Signal Handlers:
SIGSEGV: [libjvm.so+0xac78c0], sa_mask[0]=11111111011111111101111111111110, sa_flags=SA_RESTART|SA_SIGINFO
SIGBUS: [libjvm.so+0xac78c0], sa_mask[0]=11111111011111111101111111111110, sa_flags=SA_RESTART|SA_SIGINFO
SIGFPE: [libjvm.so+0x920ac0], sa_mask[0]=11111111011111111101111111111110, sa_flags=SA_RESTART|SA_SIGINFO
SIGPIPE: SIG_IGN, sa_mask[0]=00000000000010000000000000000000, sa_flags=SA_RESTART
SIGXFSZ: [libjvm.so+0x920ac0], sa_mask[0]=11111111011111111101111111111110, sa_flags=SA_RESTART|SA_SIGINFO
SIGILL: [libjvm.so+0x920ac0], sa_mask[0]=11111111011111111101111111111110, sa_flags=SA_RESTART|SA_SIGINFO
SIGUSR1: SIG_DFL, sa_mask[0]=00000000000000000000000000000000, sa_flags=none
SIGUSR2: [libjvm.so+0x922300], sa_mask[0]=00100000000000000000000000000000, sa_flags=SA_RESTART|SA_SIGINFO
SIGHUP: [libjvm.so+0x923700], sa_mask[0]=11111111011111111101111111111110, sa_flags=SA_RESTART|SA_SIGINFO
SIGINT: [libjvm.so+0x923700], sa_mask[0]=11111111011111111101111111111110, sa_flags=SA_RESTART|SA_SIGINFO
SIGTERM: [libjvm.so+0x923700], sa_mask[0]=11111111011111111101111111111110, sa_flags=SA_RESTART|SA_SIGINFO
SIGQUIT: [libjvm.so+0x923700], sa_mask[0]=11111111011111111101111111111110, sa_flags=SA_RESTART|SA_SIGINFO


---------------  S Y S T E M  ---------------

OS:DISTRIB_ID=Ubuntu
DISTRIB_RELEASE=16.10
DISTRIB_CODENAME=yakkety
DISTRIB_DESCRIPTION="Ubuntu 16.10"

uname:Linux 4.8.0-46-generic #49-Ubuntu SMP Fri Mar 31 13:57:14 UTC 2017 x86_64
libc:glibc 2.24 NPTL 2.24 
rlimit: STACK 8192k, CORE 0k, NPROC 30976, NOFILE 4096, AS infinity
load average:0,79 0,98 0,92

/proc/meminfo:
MemTotal:        8054856 kB
MemFree:         1627884 kB
MemAvailable:    3705968 kB
Buffers:          157964 kB
Cached:          2644648 kB
SwapCached:            0 kB
Active:          4484320 kB
Inactive:        1600328 kB
Active(anon):    3288184 kB
Inactive(anon):   575520 kB
Active(file):    1196136 kB
Inactive(file):  1024808 kB
Unevictable:         160 kB
Mlocked:             160 kB
SwapTotal:       8268796 kB
SwapFree:        8268796 kB
Dirty:               248 kB
Writeback:             0 kB
AnonPages:       3180684 kB
Mapped:           512080 kB
Shmem:            581672 kB
Slab:             212912 kB
SReclaimable:     153472 kB
SUnreclaim:        59440 kB
KernelStack:       11760 kB
PageTables:        50068 kB
NFS_Unstable:          0 kB
Bounce:                0 kB
WritebackTmp:          0 kB
CommitLimit:    12296224 kB
Committed_AS:    8154976 kB
VmallocTotal:   34359738367 kB
VmallocUsed:           0 kB
VmallocChunk:          0 kB
HardwareCorrupted:     0 kB
AnonHugePages:   1984512 kB
ShmemHugePages:        0 kB
ShmemPmdMapped:        0 kB
CmaTotal:              0 kB
CmaFree:               0 kB
HugePages_Total:       0
HugePages_Free:        0
HugePages_Rsvd:        0
HugePages_Surp:        0
Hugepagesize:       2048 kB
DirectMap4k:      226896 kB
DirectMap2M:     6993920 kB
DirectMap1G:     1048576 kB


CPU:total 4 (2 cores per cpu, 2 threads per core) family 6 model 78 stepping 3, cmov, cx8, fxsr, mmx, sse, sse2, sse3, ssse3, sse4.1, sse4.2, popcnt, avx, avx2, aes, clmul, erms, 3dnowpref, lzcnt, ht, tsc, tscinvbit, bmi1, bmi2, adx

/proc/cpuinfo:
processor	: 0
vendor_id	: GenuineIntel
cpu family	: 6
model		: 78
model name	: Intel(R) Core(TM) i5-6200U CPU @ 2.30GHz
stepping	: 3
microcode	: 0x9e
cpu MHz		: 2699.853
cache size	: 3072 KB
physical id	: 0
siblings	: 4
core id		: 0
cpu cores	: 2
apicid		: 0
initial apicid	: 0
fpu		: yes
fpu_exception	: yes
cpuid level	: 22
wp		: yes
flags		: fpu vme de pse tsc msr pae mce cx8 apic sep mtrr pge mca cmov pat pse36 clflush dts acpi mmx fxsr sse sse2 ss ht tm pbe syscall nx pdpe1gb rdtscp lm constant_tsc art arch_perfmon pebs bts rep_good nopl xtopology nonstop_tsc aperfmperf eagerfpu pni pclmulqdq dtes64 monitor ds_cpl vmx est tm2 ssse3 sdbg fma cx16 xtpr pdcm pcid sse4_1 sse4_2 x2apic movbe popcnt tsc_deadline_timer aes xsave avx f16c rdrand lahf_lm abm 3dnowprefetch epb intel_pt tpr_shadow vnmi flexpriority ept vpid fsgsbase tsc_adjust bmi1 avx2 smep bmi2 erms invpcid mpx rdseed adx smap clflushopt xsaveopt xsavec xgetbv1 xsaves dtherm ida arat pln pts hwp hwp_notify hwp_act_window hwp_epp
bugs		:
bogomips	: 4800.00
clflush size	: 64
cache_alignment	: 64
address sizes	: 39 bits physical, 48 bits virtual
power management:

processor	: 1
vendor_id	: GenuineIntel
cpu family	: 6
model		: 78
model name	: Intel(R) Core(TM) i5-6200U CPU @ 2.30GHz
stepping	: 3
microcode	: 0x9e
cpu MHz		: 2653.125
cache size	: 3072 KB
physical id	: 0
siblings	: 4
core id		: 1
cpu cores	: 2
apicid		: 2
initial apicid	: 2
fpu		: yes
fpu_exception	: yes
cpuid level	: 22
wp		: yes
flags		: fpu vme de pse tsc msr pae mce cx8 apic sep mtrr pge mca cmov pat pse36 clflush dts acpi mmx fxsr sse sse2 ss ht tm pbe syscall nx pdpe1gb rdtscp lm constant_tsc art arch_perfmon pebs bts rep_good nopl xtopology nonstop_tsc aperfmperf eagerfpu pni pclmulqdq dtes64 monitor ds_cpl vmx est tm2 ssse3 sdbg fma cx16 xtpr pdcm pcid sse4_1 sse4_2 x2apic movbe popcnt tsc_deadline_timer aes xsave avx f16c rdrand lahf_lm abm 3dnowprefetch epb intel_pt tpr_shadow vnmi flexpriority ept vpid fsgsbase tsc_adjust bmi1 avx2 smep bmi2 erms invpcid mpx rdseed adx smap clflushopt xsaveopt xsavec xgetbv1 xsaves dtherm ida arat pln pts hwp hwp_notify hwp_act_window hwp_epp
bugs		:
bogomips	: 4800.00
clflush size	: 64
cache_alignment	: 64
address sizes	: 39 bits physical, 48 bits virtual
power management:

processor	: 2
vendor_id	: GenuineIntel
cpu family	: 6
model		: 78
model name	: Intel(R) Core(TM) i5-6200U CPU @ 2.30GHz
stepping	: 3
microcode	: 0x9e
cpu MHz		: 2700.000
cache size	: 3072 KB
physical id	: 0
siblings	: 4
core id		: 0
cpu cores	: 2
apicid		: 1
initial apicid	: 1
fpu		: yes
fpu_exception	: yes
cpuid level	: 22
wp		: yes
flags		: fpu vme de pse tsc msr pae mce cx8 apic sep mtrr pge mca cmov pat pse36 clflush dts acpi mmx fxsr sse sse2 ss ht tm pbe syscall nx pdpe1gb rdtscp lm constant_tsc art arch_perfmon pebs bts rep_good nopl xtopology nonstop_tsc aperfmperf eagerfpu pni pclmulqdq dtes64 monitor ds_cpl vmx est tm2 ssse3 sdbg fma cx16 xtpr pdcm pcid sse4_1 sse4_2 x2apic movbe popcnt tsc_deadline_timer aes xsave avx f16c rdrand lahf_lm abm 3dnowprefetch epb intel_pt tpr_shadow vnmi flexpriority ept vpid fsgsbase tsc_adjust bmi1 avx2 smep bmi2 erms invpcid mpx rdseed adx smap clflushopt xsaveopt xsavec xgetbv1 xsaves dtherm ida arat pln pts hwp hwp_notify hwp_act_window hwp_epp
bugs		:
bogomips	: 4800.00
clflush size	: 64
cache_alignment	: 64
address sizes	: 39 bits physical, 48 bits virtual
power management:

processor	: 3
vendor_id	: GenuineIntel
cpu family	: 6
model		: 78
model name	: Intel(R) Core(TM) i5-6200U CPU @ 2.30GHz
stepping	: 3
microcode	: 0x9e
cpu MHz		: 2699.853
cache size	: 3072 KB
physical id	: 0
siblings	: 4
core id		: 1
cpu cores	: 2
apicid		: 3
initial apicid	: 3
fpu		: yes
fpu_exception	: yes
cpuid level	: 22
wp		: yes
flags		: fpu vme de pse tsc msr pae mce cx8 apic sep mtrr pge mca cmov pat pse36 clflush dts acpi mmx fxsr sse sse2 ss ht tm pbe syscall nx pdpe1gb rdtscp lm constant_tsc art arch_perfmon pebs bts rep_good nopl xtopology nonstop_tsc aperfmperf eagerfpu pni pclmulqdq dtes64 monitor ds_cpl vmx est tm2 ssse3 sdbg fma cx16 xtpr pdcm pcid sse4_1 sse4_2 x2apic movbe popcnt tsc_deadline_timer aes xsave avx f16c rdrand lahf_lm abm 3dnowprefetch epb intel_pt tpr_shadow vnmi flexpriority ept vpid fsgsbase tsc_adjust bmi1 avx2 smep bmi2 erms invpcid mpx rdseed adx smap clflushopt xsaveopt xsavec xgetbv1 xsaves dtherm ida arat pln pts hwp hwp_notify hwp_act_window hwp_epp
bugs		:
bogomips	: 4800.00
clflush size	: 64
cache_alignment	: 64
address sizes	: 39 bits physical, 48 bits virtual
power management:



Memory: 4k page, physical 8054856k(1627884k free), swap 8268796k(8268796k free)

vm_info: Java HotSpot(TM) 64-Bit Server VM (25.121-b13) for linux-amd64 JRE (1.8.0_121-b13), built on Dec 12 2016 16:36:53 by "java_re" with gcc 4.3.0 20080428 (Red Hat 4.3.0-8)

time: Tue Apr 11 16:40:47 2017
elapsed time: 3 seconds (0d 0h 0m 3s)

