#
# A fatal error has been detected by the Java Runtime Environment:
#
#  SIGSEGV (0xb) at pc=0x00007fe3365f3c8d, pid=13632, tid=0x00007fe2b1328700
#
# JRE version: OpenJDK Runtime Environment (8.0_121-b13) (build 1.8.0_121-8u121-b13-0ubuntu1.16.10.2-b13)
# Java VM: OpenJDK 64-Bit Server VM (25.121-b13 mixed mode linux-amd64 compressed oops)
# Problematic frame:
# V  [libjvm.so+0x67cc8d]  jni_invoke_nonstatic(JNIEnv_*, JavaValue*, _jobject*, JNICallType, _jmethodID*, JNI_ArgumentPusher*, Thread*) [clone .constprop.84]+0x3d
#
# Failed to write core dump. Core dumps have been disabled. To enable core dumping, try "ulimit -c unlimited" before starting Java again
#
# If you would like to submit a bug report, please visit:
#   http://bugreport.java.com/bugreport/crash.jsp
#

---------------  T H R E A D  ---------------

Current thread (0x00007fe2bc13d000):  JavaThread "JavaFX Application Thread" [_thread_in_vm, id=13664, stack(0x00007fe2b1228000,0x00007fe2b1329000)]

siginfo: si_signo: 11 (SIGSEGV), si_code: 128 (SI_KERNEL), si_addr: 0x0000000000000000

Registers:
RAX=0x0000000000000000, RBX=0x00007fe2bc13d000, RCX=0x00007fe2bc079408, RDX=0x9e83f16000000000
RSP=0x00007fe2b1327230, RBP=0x00007fe2b13273b0, RSI=0x00007fe2b13273d0, RDI=0x00007fe2bc13d1e0
R8 =0x00007fe2b1327400, R9 =0x00007fe2bc13d000, R10=0x00007fe2a0000a90, R11=0x00007fe32139f7a0
R12=0x00007fe2bc13d1e0, R13=0x00007fe2bc13d000, R14=0x00007fe2b1327490, R15=0x9e83f16000000000
RIP=0x00007fe3365f3c8d, EFLAGS=0x0000000000010286, CSGSFS=0x002b000000000033, ERR=0x0000000000000000
  TRAPNO=0x000000000000000d

Top of Stack: (sp=0x00007fe2b1327230)
0x00007fe2b1327230:   00007fe2b1327340 00007fe3365dadb3
0x00007fe2b1327240:   0000000000000000 00007fe2b1327280
0x00007fe2b1327250:   00007fe30000000e 00007fe2bc13d1e0
0x00007fe2b1327260:   00007fe2b1327270 00007fe2b13273d0
0x00007fe2b1327270:   00007fe31f2c69f8 00007fe2bc13d000
0x00007fe2b1327280:   00007fe31f2c69f8 00007fe2bc13d000
0x00007fe2b1327290:   00007fe2bc13b870 00007fe2e0071360
0x00007fe2b13272a0:   00007fe2e0071370 00007fe2e0071748
0x00007fe2b13272b0:   00000000000003d8 0000000000000000
0x00007fe2b13272c0:   00007fe31f2c69f8 00007fe2bc13d000
0x00007fe2b13272d0:   000000001f2ba0e0 000000076f642a70
0x00007fe2b13272e0:   0000000000000000 00007fe321017748
0x00007fe2b13272f0:   00007fe31f2c69f8 00007fe2bc13d000
0x00007fe2b1327300:   0000000000000000 000000076f692240
0x00007fe2b1327310:   000000000000006f 00007fe20000000a
0x00007fe2b1327320:   0000000770922a20 00007fe200000000
0x00007fe2b1327330:   00007fe2b1327420 00007fe2b13273e0
0x00007fe2b1327340:   00007fe2b13274d0 0000000100000190
0x00007fe2b1327350:   00007fe2bc0a7000 00007fe2b1327308
0x00007fe2b1327360:   00007fe2b1327349 0000000800000005
0x00007fe2b1327370:   00007fe300000000 c96c8a70ecb69900
0x00007fe2b1327380:   00007fe2b1327390 00007fe2bc13d000
0x00007fe2b1327390:   00007fe2bc13d1e0 00007fe2bc079408
0x00007fe2b13273a0:   00007fe2b1327490 9e83f16000000000
0x00007fe2b13273b0:   00007fe2b1327480 00007fe3365f72ba
0x00007fe2b13273c0:   00007fe2e0071370 00007fe2b1327400
0x00007fe2b13273d0:   000000000000000e c96c8a7000000000
0x00007fe2b13273e0:   00007fe2bc13d000 0000000000000000
0x00007fe2b13273f0:   0000000000000067 c96c8a70ecb69900
0x00007fe2b1327400:   00007fe336dd85b0 00007fe337aff690
0x00007fe2b1327410:   000000001f2ba0e0 00007fe200000063
0x00007fe2b1327420:   0000000000000000 0000003000000018 

Instructions: (pc=0x00007fe3365f3c8d)
0x00007fe3365f3c6d:   ff 48 89 b5 b8 fe ff ff 64 48 8b 04 25 28 00 00
0x00007fe3365f3c7d:   00 48 89 45 c8 31 c0 48 85 d2 0f 84 3b 03 00 00
0x00007fe3365f3c8d:   4c 8b 32 4d 85 f6 0f 84 2f 03 00 00 49 8b b9 20
0x00007fe3365f3c9d:   01 00 00 48 89 cb 4d 89 c4 e8 f5 4c ff ff 4c 89 

Register to memory mapping:

RAX=0x0000000000000000 is an unknown value
RBX=0x00007fe2bc13d000 is a thread
RCX=0x00007fe2bc079408 is an unknown value
RDX=0x9e83f16000000000 is an unknown value
RSP=0x00007fe2b1327230 is pointing into the stack for thread: 0x00007fe2bc13d000
RBP=0x00007fe2b13273b0 is pointing into the stack for thread: 0x00007fe2bc13d000
RSI=0x00007fe2b13273d0 is pointing into the stack for thread: 0x00007fe2bc13d000
RDI=0x00007fe2bc13d1e0 is an unknown value
R8 =0x00007fe2b1327400 is pointing into the stack for thread: 0x00007fe2bc13d000
R9 =0x00007fe2bc13d000 is a thread
R10=0x00007fe2a0000a90 is an unknown value
R11=0x00007fe32139f7a0 is at entry_point+32 in (nmethod*)0x00007fe32139f610
R12=0x00007fe2bc13d1e0 is an unknown value
R13=0x00007fe2bc13d000 is a thread
R14=0x00007fe2b1327490 is pointing into the stack for thread: 0x00007fe2bc13d000
R15=0x9e83f16000000000 is an unknown value


Stack: [0x00007fe2b1228000,0x00007fe2b1329000],  sp=0x00007fe2b1327230,  free space=1020k
Native frames: (J=compiled Java code, j=interpreted, Vv=VM code, C=native code)
V  [libjvm.so+0x67cc8d]  jni_invoke_nonstatic(JNIEnv_*, JavaValue*, _jobject*, JNICallType, _jmethodID*, JNI_ArgumentPusher*, Thread*) [clone .constprop.84]+0x3d
V  [libjvm.so+0x6802ba]  jni_CallVoidMethodV+0x10a
C  [libglass.so+0x11e13]  JNIEnv_::CallVoidMethod(_jobject*, _jmethodID*, ...)+0x93
C  [libglass.so+0x19585]  WindowContextBase::process_key(_GdkEventKey*)+0x215
C  [libglass.so+0x11a80]  WindowContextBase::im_filter_keypress(_GdkEventKey*)+0x1f0
C  [libglass.so+0x1ef0c]
C  [libgdk-x11-2.0.so.0+0x5acdc]

Java frames: (J=compiled Java code, j=interpreted, Vv=VM code)
j  com.sun.glass.ui.gtk.GtkApplication._runLoop(Ljava/lang/Runnable;Z)V+0
j  com.sun.glass.ui.gtk.GtkApplication.lambda$null$5(Ljava/lang/Runnable;Z)V+7
j  com.sun.glass.ui.gtk.GtkApplication$$Lambda$43.run()V+12
j  java.lang.Thread.run()V+11
v  ~StubRoutines::call_stub

---------------  P R O C E S S  ---------------

Java Threads: ( => current thread )
  0x00007fe33000a000 JavaThread "DestroyJavaVM" [_thread_blocked, id=13638, stack(0x00007fe337bca000,0x00007fe337ccb000)]
  0x00007fe3301a3000 JavaThread "Thread-5" [_thread_blocked, id=13669, stack(0x00007fe29bce7000,0x00007fe29bde8000)]
  0x00007fe3301a1800 JavaThread "Thread-4" [_thread_in_native, id=13668, stack(0x00007fe2b00b9000,0x00007fe2b01ba000)]
  0x00007fe2a01cb000 JavaThread "Prism Font Disposer" daemon [_thread_blocked, id=13665, stack(0x00007fe2b07fb000,0x00007fe2b08fc000)]
=>0x00007fe2bc13d000 JavaThread "JavaFX Application Thread" [_thread_in_vm, id=13664, stack(0x00007fe2b1228000,0x00007fe2b1329000)]
  0x00007fe2bc138800 JavaThread "Thread-3" daemon [_thread_blocked, id=13663, stack(0x00007fe2b1329000,0x00007fe2b142a000)]
  0x00007fe2bc049800 JavaThread "QuantumRenderer-0" daemon [_thread_blocked, id=13659, stack(0x00007fe2d3afb000,0x00007fe2d3bfc000)]
  0x00007fe2c8066000 JavaThread "JavaFX-Launcher" [_thread_blocked, id=13658, stack(0x00007fe2d3bfc000,0x00007fe2d3cfd000)]
  0x00007fe330197000 JavaThread "Thread-0" [_thread_blocked, id=13657, stack(0x00007fe2d3cfd000,0x00007fe2d3dfe000)]
  0x00007fe3300cc800 JavaThread "Service Thread" daemon [_thread_blocked, id=13655, stack(0x00007fe2d3eff000,0x00007fe2d4000000)]
  0x00007fe3300bf800 JavaThread "C1 CompilerThread3" daemon [_thread_blocked, id=13654, stack(0x00007fe2f00dd000,0x00007fe2f01de000)]
  0x00007fe3300bb000 JavaThread "C2 CompilerThread2" daemon [_thread_blocked, id=13653, stack(0x00007fe2f01de000,0x00007fe2f02df000)]
  0x00007fe3300b9000 JavaThread "C2 CompilerThread1" daemon [_thread_in_native, id=13652, stack(0x00007fe2f02df000,0x00007fe2f03e0000)]
  0x00007fe3300b6800 JavaThread "C2 CompilerThread0" daemon [_thread_in_native, id=13651, stack(0x00007fe31c024000,0x00007fe31c125000)]
  0x00007fe3300b4000 JavaThread "Signal Dispatcher" daemon [_thread_blocked, id=13650, stack(0x00007fe31c125000,0x00007fe31c226000)]
  0x00007fe33008b800 JavaThread "Finalizer" daemon [_thread_blocked, id=13649, stack(0x00007fe31cbe7000,0x00007fe31cce8000)]
  0x00007fe330087000 JavaThread "Reference Handler" daemon [_thread_blocked, id=13648, stack(0x00007fe31cce8000,0x00007fe31cde9000)]

Other Threads:
  0x00007fe33007f800 VMThread [stack: 0x00007fe31cde9000,0x00007fe31ceea000] [id=13647]
  0x00007fe3300cf000 WatcherThread [stack: 0x00007fe2d3dfe000,0x00007fe2d3eff000] [id=13656]

VM state:not at safepoint (normal execution)

VM Mutex/Monitor currently owned by a thread: None

Heap:
 PSYoungGen      total 74752K, used 61997K [0x000000076d400000, 0x0000000772700000, 0x00000007c0000000)
  eden space 64512K, 96% used [0x000000076d400000,0x000000077108b568,0x0000000771300000)
  from space 10240K, 0% used [0x0000000771d00000,0x0000000771d00000,0x0000000772700000)
  to   space 10240K, 0% used [0x0000000771300000,0x0000000771300000,0x0000000771d00000)
 ParOldGen       total 171008K, used 0K [0x00000006c7c00000, 0x00000006d2300000, 0x000000076d400000)
  object space 171008K, 0% used [0x00000006c7c00000,0x00000006c7c00000,0x00000006d2300000)
 Metaspace       used 14869K, capacity 15634K, committed 15872K, reserved 1062912K
  class space    used 2100K, capacity 2302K, committed 2304K, reserved 1048576K

Card table byte_map: [0x00007fe32083d000,0x00007fe321000000] byte_map_base: 0x00007fe31d1ff000

Marking Bits: (ParMarkBitMap*) 0x00007fe336e9b220
 Begin Bits: [0x00007fe2f03e0000, 0x00007fe2f41f0000)
 End Bits:   [0x00007fe2f41f0000, 0x00007fe2f8000000)

Polling page: 0x00007fe337cea000

CodeCache: size=245760Kb used=4115Kb max_used=4115Kb free=241644Kb
 bounds [0x00007fe321000000, 0x00007fe321410000, 0x00007fe330000000]
 total_blobs=1842 nmethods=1221 adapters=535
 compilation: enabled

Compilation events (10 events):
Event: 3,389 Thread 0x00007fe3300bf800 1215       1       com.sun.javafx.css.Declaration::isImportant (5 bytes)
Event: 3,389 Thread 0x00007fe3300bf800 nmethod 1215 0x00007fe3213fb050 code [0x00007fe3213fb1a0, 0x00007fe3213fb2b0]
Event: 3,389 Thread 0x00007fe3300bf800 1219       3       javafx.scene.layout.Region::getPadding (11 bytes)
Event: 3,389 Thread 0x00007fe3300bf800 nmethod 1219 0x00007fe3213fab10 code [0x00007fe3213fac80, 0x00007fe3213faf88]
Event: 3,389 Thread 0x00007fe3300bf800 1221       3       java.lang.Character::charCount (12 bytes)
Event: 3,390 Thread 0x00007fe3300bf800 nmethod 1221 0x00007fe3213fa790 code [0x00007fe3213fa900, 0x00007fe3213faa90]
Event: 3,390 Thread 0x00007fe3300bf800 1220       3       javafx.scene.layout.Region::getInsets (8 bytes)
Event: 3,390 Thread 0x00007fe3300bf800 nmethod 1220 0x00007fe3213fa350 code [0x00007fe3213fa4c0, 0x00007fe3213fa6e8]
Event: 3,390 Thread 0x00007fe3300bf800 1222       1       com.sun.javafx.text.TextRun::getStart (5 bytes)
Event: 3,390 Thread 0x00007fe3300bf800 nmethod 1222 0x00007fe321405fd0 code [0x00007fe321406120, 0x00007fe321406230]

GC Heap History (0 events):
No events

Deoptimization events (10 events):
Event: 1,163 Thread 0x00007fe2bc13d000 Uncommon trap: reason=class_check action=maybe_recompile pc=0x00007fe321115b5c method=java.lang.String.equals(Ljava/lang/Object;)Z @ 8
Event: 1,252 Thread 0x00007fe2bc13d000 Uncommon trap: reason=unstable_if action=reinterpret pc=0x00007fe3212964d4 method=sun.net.www.ParseUtil.encodePath(Ljava/lang/String;Z)Ljava/lang/String; @ 109
Event: 1,258 Thread 0x00007fe2bc13d000 Uncommon trap: reason=unstable_if action=reinterpret pc=0x00007fe3212bb2b0 method=sun.misc.URLClassPath$JarLoader.ensureOpen()V @ 4
Event: 1,313 Thread 0x00007fe2bc13d000 Uncommon trap: reason=unstable_if action=reinterpret pc=0x00007fe321318d44 method=jdk.internal.org.objectweb.asm.Type.getArgumentsAndReturnSizes(Ljava/lang/String;)I @ 47
Event: 3,323 Thread 0x00007fe2bc13d000 Uncommon trap: reason=unstable_if action=reinterpret pc=0x00007fe3213b5bf8 method=java.lang.StrictMath.floorOrCeil(DDDD)D @ 38
Event: 3,366 Thread 0x00007fe33000a000 Uncommon trap: reason=class_check action=maybe_recompile pc=0x00007fe3212a708c method=sun.misc.URLClassPath.getLoader(I)Lsun/misc/URLClassPath$Loader; @ 239
Event: 3,372 Thread 0x00007fe33000a000 Uncommon trap: reason=class_check action=maybe_recompile pc=0x00007fe3212a708c method=sun.misc.URLClassPath.getLoader(I)Lsun/misc/URLClassPath$Loader; @ 239
Event: 3,372 Thread 0x00007fe33000a000 Uncommon trap: reason=class_check action=maybe_recompile pc=0x00007fe3212a708c method=sun.misc.URLClassPath.getLoader(I)Lsun/misc/URLClassPath$Loader; @ 239
Event: 3,373 Thread 0x00007fe33000a000 Uncommon trap: reason=class_check action=maybe_recompile pc=0x00007fe3212a896c method=sun.misc.URLClassPath.getLoader(I)Lsun/misc/URLClassPath$Loader; @ 239
Event: 3,386 Thread 0x00007fe2bc13d000 Uncommon trap: reason=unstable_if action=reinterpret pc=0x00007fe321278914 method=java.lang.String.startsWith(Ljava/lang/String;I)Z @ 25

Internal exceptions (10 events):
Event: 0,116 Thread 0x00007fe2c8066000 Exception <a 'java/security/PrivilegedActionException'> (0x000000076da68740) thrown at [/build/openjdk-8-AbQ17_/openjdk-8-8u121-b13/src/hotspot/src/share/vm/prims/jvm.cpp, line 1390]
Event: 0,116 Thread 0x00007fe2c8066000 Exception <a 'java/security/PrivilegedActionException'> (0x000000076da68950) thrown at [/build/openjdk-8-AbQ17_/openjdk-8-8u121-b13/src/hotspot/src/share/vm/prims/jvm.cpp, line 1390]
Event: 0,116 Thread 0x00007fe2c8066000 Exception <a 'java/security/PrivilegedActionException'> (0x000000076da6a9d8) thrown at [/build/openjdk-8-AbQ17_/openjdk-8-8u121-b13/src/hotspot/src/share/vm/prims/jvm.cpp, line 1390]
Event: 0,116 Thread 0x00007fe2c8066000 Exception <a 'java/security/PrivilegedActionException'> (0x000000076da6abe8) thrown at [/build/openjdk-8-AbQ17_/openjdk-8-8u121-b13/src/hotspot/src/share/vm/prims/jvm.cpp, line 1390]
Event: 0,116 Thread 0x00007fe2c8066000 Exception <a 'java/security/PrivilegedActionException'> (0x000000076da6b6c0) thrown at [/build/openjdk-8-AbQ17_/openjdk-8-8u121-b13/src/hotspot/src/share/vm/prims/jvm.cpp, line 1390]
Event: 0,116 Thread 0x00007fe2c8066000 Exception <a 'java/security/PrivilegedActionException'> (0x000000076da6b8d0) thrown at [/build/openjdk-8-AbQ17_/openjdk-8-8u121-b13/src/hotspot/src/share/vm/prims/jvm.cpp, line 1390]
Event: 0,116 Thread 0x00007fe2c8066000 Exception <a 'java/lang/NullPointerException'> (0x000000076da6cd08) thrown at [/build/openjdk-8-AbQ17_/openjdk-8-8u121-b13/src/hotspot/src/share/vm/interpreter/linkResolver.cpp, line 1178]
Event: 0,308 Thread 0x00007fe2bc13d000 Exception <a 'java/lang/NullPointerException'> (0x000000076e5a5660) thrown at [/build/openjdk-8-AbQ17_/openjdk-8-8u121-b13/src/hotspot/src/share/vm/interpreter/linkResolver.cpp, line 1178]
Event: 0,308 Thread 0x00007fe2bc13d000 Exception <a 'java/lang/NullPointerException'> (0x000000076e5a5660) thrown at [/build/openjdk-8-AbQ17_/openjdk-8-8u121-b13/src/hotspot/src/share/vm/prims/jvm.cpp, line 1394]
Event: 1,258 Thread 0x00007fe2bc13d000 Implicit null exception at 0x00007fe3212baf90 to 0x00007fe3212bb2a5

Events (10 events):
Event: 3,374 loading class packet/Pulse done
Event: 3,374 Thread 0x00007fe33000a000 Thread exited: 0x00007fe33000a000
Event: 3,375 Thread 0x00007fe33000a000 Thread added: 0x00007fe33000a000
Event: 3,375 loading class packet/Packet
Event: 3,375 loading class packet/Packet done
Event: 3,375 loading class packet/PayloadType
Event: 3,375 loading class packet/PayloadType done
Event: 3,386 Thread 0x00007fe2bc13d000 Uncommon trap: trap_request=0xffffff65 fr.pc=0x00007fe321278914
Event: 3,386 Thread 0x00007fe2bc13d000 DEOPT PACKING pc=0x00007fe321278914 sp=0x00007fe2b1324720
Event: 3,386 Thread 0x00007fe2bc13d000 DEOPT UNPACKING pc=0x00007fe321004f69 sp=0x00007fe2b13246b8 mode 2


Dynamic libraries:
6c7c00000-6d2300000 rw-p 00000000 00:00 0 
6d2300000-76d400000 ---p 00000000 00:00 0 
76d400000-772700000 rw-p 00000000 00:00 0 
772700000-7c0000000 ---p 00000000 00:00 0 
7c0000000-7c0240000 rw-p 00000000 00:00 0 
7c0240000-800000000 ---p 00000000 00:00 0 
5571b6d1e000-5571b6d1f000 r-xp 00000000 103:05 279285                    /usr/lib/jvm/java-8-openjdk-amd64/jre/bin/java
5571b6f1e000-5571b6f1f000 r--p 00000000 103:05 279285                    /usr/lib/jvm/java-8-openjdk-amd64/jre/bin/java
5571b6f1f000-5571b6f20000 rw-p 00001000 103:05 279285                    /usr/lib/jvm/java-8-openjdk-amd64/jre/bin/java
5571b72c6000-5571b72e7000 rw-p 00000000 00:00 0                          [heap]
7fe288000000-7fe288021000 rw-p 00000000 00:00 0 
7fe288021000-7fe28c000000 ---p 00000000 00:00 0 
7fe290000000-7fe290021000 rw-p 00000000 00:00 0 
7fe290021000-7fe294000000 ---p 00000000 00:00 0 
7fe294000000-7fe294021000 rw-p 00000000 00:00 0 
7fe294021000-7fe298000000 ---p 00000000 00:00 0 
7fe29bce7000-7fe29bcea000 ---p 00000000 00:00 0 
7fe29bcea000-7fe29bde8000 rw-p 00000000 00:00 0 
7fe29bde8000-7fe29bdff000 r-xp 00000000 103:05 279323                    /usr/lib/jvm/java-8-openjdk-amd64/jre/lib/amd64/libnet.so
7fe29bdff000-7fe29bffe000 ---p 00017000 103:05 279323                    /usr/lib/jvm/java-8-openjdk-amd64/jre/lib/amd64/libnet.so
7fe29bffe000-7fe29bfff000 r--p 00016000 103:05 279323                    /usr/lib/jvm/java-8-openjdk-amd64/jre/lib/amd64/libnet.so
7fe29bfff000-7fe29c000000 rw-p 00017000 103:05 279323                    /usr/lib/jvm/java-8-openjdk-amd64/jre/lib/amd64/libnet.so
7fe29c000000-7fe29c021000 rw-p 00000000 00:00 0 
7fe29c021000-7fe2a0000000 ---p 00000000 00:00 0 
7fe2a0000000-7fe2a04ed000 rw-p 00000000 00:00 0 
7fe2a04ed000-7fe2a4000000 ---p 00000000 00:00 0 
7fe2a4000000-7fe2a4022000 rw-p 00000000 00:00 0 
7fe2a4022000-7fe2a8000000 ---p 00000000 00:00 0 
7fe2a8000000-7fe2a8022000 rw-p 00000000 00:00 0 
7fe2a8022000-7fe2ac000000 ---p 00000000 00:00 0 
7fe2ac000000-7fe2ac021000 rw-p 00000000 00:00 0 
7fe2ac021000-7fe2b0000000 ---p 00000000 00:00 0 
7fe2b00b9000-7fe2b00bc000 ---p 00000000 00:00 0 
7fe2b00bc000-7fe2b01ba000 rw-p 00000000 00:00 0 
7fe2b01ba000-7fe2b01bb000 rw-s 00000000 00:05 499517                     /drm mm object (deleted)
7fe2b01bb000-7fe2b01bc000 rw-s 00000000 00:05 500993                     /drm mm object (deleted)
7fe2b01bc000-7fe2b021c000 rw-s 00000000 00:05 499509                     /drm mm object (deleted)
7fe2b021c000-7fe2b022a000 rw-s 00000000 00:05 499508                     /drm mm object (deleted)
7fe2b022a000-7fe2b022c000 rw-s 10319f000 00:06 398                       /dev/dri/card1
7fe2b022c000-7fe2b03ec000 rw-s 105589000 00:06 398                       /dev/dri/card1
7fe2b03ec000-7fe2b052c000 rw-p 00000000 00:00 0 
7fe2b052c000-7fe2b05ec000 ---p 00000000 00:00 0 
7fe2b05ec000-7fe2b05f4000 rw-s 00000000 00:05 502805                     /drm mm object (deleted)
7fe2b05f4000-7fe2b07b4000 rw-s 00000000 00:05 502800                     /drm mm object (deleted)
7fe2b07b4000-7fe2b07c4000 rw-s 00000000 00:05 502804                     /drm mm object (deleted)
7fe2b07c4000-7fe2b07cc000 rw-s 00000000 00:05 502803                     /drm mm object (deleted)
7fe2b07cc000-7fe2b07dc000 rw-s 00000000 00:05 502802                     /drm mm object (deleted)
7fe2b07dc000-7fe2b07e8000 rw-s 00000000 00:05 497627                     /drm mm object (deleted)
7fe2b07e8000-7fe2b07fb000 r--s 00346000 103:05 279373                    /usr/lib/jvm/java-8-openjdk-amd64/jre/lib/resources.jar
7fe2b07fb000-7fe2b07fe000 ---p 00000000 00:00 0 
7fe2b07fe000-7fe2b08fc000 rw-p 00000000 00:00 0 
7fe2b08fc000-7fe2b09b5000 r--p 00000000 103:05 268258                    /usr/share/fonts/truetype/dejavu/DejaVuSans.ttf
7fe2b09b5000-7fe2b0bb5000 rw-p 00000000 00:00 0 
7fe2b0bb5000-7fe2b0bc0000 r--s 00000000 103:05 1076668                   /var/cache/fontconfig/945677eb7aeaf62f1d50efc3fb3ec7d8-le64.cache-6
7fe2b0bc0000-7fe2b0bc6000 r--s 00000000 103:05 1076649                   /var/cache/fontconfig/2cd17615ca594fa2959ae173292e504c-le64.cache-6
7fe2b0bc6000-7fe2b0bc7000 r--s 00000000 103:05 1076646                   /var/cache/fontconfig/0d8c3b2ac0904cb8a57a757ad11a4a08-le64.cache-6
7fe2b0bc7000-7fe2b0bdc000 r--s 00000000 103:05 1076642                   /var/cache/fontconfig/04aabc0a78ac019cf9454389977116d2-le64.cache-6
7fe2b0bdc000-7fe2b0bdd000 r--s 00000000 103:05 1076648                   /var/cache/fontconfig/1ac9eb803944fde146138c791f5cc56a-le64.cache-6
7fe2b0bdd000-7fe2b0be1000 r--s 00000000 103:05 1076653                   /var/cache/fontconfig/385c0604a188198f04d133e54aba7fe7-le64.cache-6
7fe2b0be1000-7fe2b0be2000 r--s 00000000 103:05 1076681                   /var/cache/fontconfig/dc05db6664285cc2f12bf69c139ae4c3-le64.cache-6
7fe2b0be2000-7fe2b0be5000 r--s 00000000 103:05 1076664                   /var/cache/fontconfig/767a8244fc0220cfb567a839d0392e0b-le64.cache-6
7fe2b0be5000-7fe2b0be6000 r--s 00000000 103:05 1076655                   /var/cache/fontconfig/4794a0821666d79190d59a36cb4f44b5-le64.cache-6
7fe2b0be6000-7fe2b0be7000 r--s 00000000 103:05 1076644                   /var/cache/fontconfig/0bd3dc0958fa2205aaaa8ebb13e2872b-le64.cache-6
7fe2b0be7000-7fe2b0bec000 r--s 00000000 103:05 1076667                   /var/cache/fontconfig/8801497958630a81b71ace7c5f9b32a8-le64.cache-6
7fe2b0bec000-7fe2b0bed000 r--s 00000000 103:05 1076674                   /var/cache/fontconfig/bab58bb527bb656aaa9f116d68a48d89-le64.cache-6
7fe2b0bed000-7fe2b0bf3000 r--s 00000000 103:05 1076650                   /var/cache/fontconfig/3047814df9a2f067bd2d96a2b9c36e5a-le64.cache-6
7fe2b0bf3000-7fe2b0bf4000 r--s 00000000 103:05 1076658                   /var/cache/fontconfig/56cf4f4769d0f4abc89a4895d7bd3ae1-le64.cache-6
7fe2b0bf4000-7fe2b0bf5000 r--s 00000000 103:05 1076673                   /var/cache/fontconfig/b9d506c9ac06c20b433354fa67a72993-le64.cache-6
7fe2b0bf5000-7fe2b0bfb000 r--s 00000000 103:05 1076672                   /var/cache/fontconfig/b47c4e1ecd0709278f4910c18777a504-le64.cache-6
7fe2b0bfb000-7fe2b0c0e000 r--s 00000000 103:05 1076678                   /var/cache/fontconfig/d52a8644073d54c13679302ca1180695-le64.cache-6
7fe2b0c0e000-7fe2b0c0f000 r--s 00000000 103:05 1076657                   /var/cache/fontconfig/551ecf3b0e8b0bca0f25c0944f561853-le64.cache-6
7fe2b0c0f000-7fe2b0c1b000 r--s 00000000 103:05 1078096                   /var/cache/fontconfig/d589a48862398ed80a3d6066f4f56f4c-le64.cache-6
7fe2b0c1b000-7fe2b0c1e000 r--s 00000000 103:05 1076663                   /var/cache/fontconfig/75114ca45c98e8a441da0ff356701271-le64.cache-6
7fe2b0c1e000-7fe2b0c23000 r-xp 00000000 103:05 279198                    /usr/lib/jvm/java-8-openjdk-amd64/jre/lib/amd64/libjavafx_font_freetype.so
7fe2b0c23000-7fe2b0e22000 ---p 00005000 103:05 279198                    /usr/lib/jvm/java-8-openjdk-amd64/jre/lib/amd64/libjavafx_font_freetype.so
7fe2b0e22000-7fe2b0e23000 r--p 00004000 103:05 279198                    /usr/lib/jvm/java-8-openjdk-amd64/jre/lib/amd64/libjavafx_font_freetype.so
7fe2b0e23000-7fe2b0e24000 rw-p 00005000 103:05 279198                    /usr/lib/jvm/java-8-openjdk-amd64/jre/lib/amd64/libjavafx_font_freetype.so
7fe2b0e24000-7fe2b0e27000 r-xp 00000000 103:05 279197                    /usr/lib/jvm/java-8-openjdk-amd64/jre/lib/amd64/libjavafx_font.so
7fe2b0e27000-7fe2b1026000 ---p 00003000 103:05 279197                    /usr/lib/jvm/java-8-openjdk-amd64/jre/lib/amd64/libjavafx_font.so
7fe2b1026000-7fe2b1027000 r--p 00002000 103:05 279197                    /usr/lib/jvm/java-8-openjdk-amd64/jre/lib/amd64/libjavafx_font.so
7fe2b1027000-7fe2b1028000 rw-p 00003000 103:05 279197                    /usr/lib/jvm/java-8-openjdk-amd64/jre/lib/amd64/libjavafx_font.so
7fe2b1028000-7fe2b1228000 rw-p 00000000 00:00 0 
7fe2b1228000-7fe2b122b000 ---p 00000000 00:00 0 
7fe2b122b000-7fe2b1329000 rw-p 00000000 00:00 0 
7fe2b1329000-7fe2b132c000 ---p 00000000 00:00 0 
7fe2b132c000-7fe2b142a000 rw-p 00000000 00:00 0 
7fe2b142a000-7fe2b142b000 ---p 00000000 00:00 0 
7fe2b142b000-7fe2b1c2b000 rw-p 00000000 00:00 0 
7fe2b1c2b000-7fe2b1c37000 r-xp 00000000 103:05 137877                    /usr/lib/x86_64-linux-gnu/gio/modules/libdconfsettings.so
7fe2b1c37000-7fe2b1e36000 ---p 0000c000 103:05 137877                    /usr/lib/x86_64-linux-gnu/gio/modules/libdconfsettings.so
7fe2b1e36000-7fe2b1e37000 r--p 0000b000 103:05 137877                    /usr/lib/x86_64-linux-gnu/gio/modules/libdconfsettings.so
7fe2b1e37000-7fe2b1e38000 rw-p 0000c000 103:05 137877                    /usr/lib/x86_64-linux-gnu/gio/modules/libdconfsettings.so
7fe2b1e38000-7fe2b1e39000 ---p 00000000 00:00 0 
7fe2b1e39000-7fe2b2639000 rw-p 00000000 00:00 0 
7fe2b2639000-7fe2b263a000 ---p 00000000 00:00 0 
7fe2b263a000-7fe2b2e3a000 rw-p 00000000 00:00 0 
7fe2b2e3a000-7fe2b2e53000 r-xp 00000000 103:05 137881                    /usr/lib/x86_64-linux-gnu/gio/modules/libgioremote-volume-monitor.so
7fe2b2e53000-7fe2b3053000 ---p 00019000 103:05 137881                    /usr/lib/x86_64-linux-gnu/gio/modules/libgioremote-volume-monitor.so
7fe2b3053000-7fe2b3056000 r--p 00019000 103:05 137881                    /usr/lib/x86_64-linux-gnu/gio/modules/libgioremote-volume-monitor.so
7fe2b3056000-7fe2b3057000 rw-p 0001c000 103:05 137881                    /usr/lib/x86_64-linux-gnu/gio/modules/libgioremote-volume-monitor.so
7fe2b3057000-7fe2b308d000 r-xp 00000000 103:05 138390                    /usr/lib/x86_64-linux-gnu/gvfs/libgvfscommon.so
7fe2b308d000-7fe2b328d000 ---p 00036000 103:05 138390                    /usr/lib/x86_64-linux-gnu/gvfs/libgvfscommon.so
7fe2b328d000-7fe2b3292000 r--p 00036000 103:05 138390                    /usr/lib/x86_64-linux-gnu/gvfs/libgvfscommon.so
7fe2b3292000-7fe2b3293000 rw-p 0003b000 103:05 138390                    /usr/lib/x86_64-linux-gnu/gvfs/libgvfscommon.so
7fe2b3293000-7fe2b32c3000 r-xp 00000000 103:05 137882                    /usr/lib/x86_64-linux-gnu/gio/modules/libgvfsdbus.so
7fe2b32c3000-7fe2b34c2000 ---p 00030000 103:05 137882                    /usr/lib/x86_64-linux-gnu/gio/modules/libgvfsdbus.so
7fe2b34c2000-7fe2b34c3000 r--p 0002f000 103:05 137882                    /usr/lib/x86_64-linux-gnu/gio/modules/libgvfsdbus.so
7fe2b34c3000-7fe2b34c4000 rw-p 00030000 103:05 137882                    /usr/lib/x86_64-linux-gnu/gio/modules/libgvfsdbus.so
7fe2b34c4000-7fe2b34c5000 rw-p 00000000 00:00 0 
7fe2b34c5000-7fe2b3510000 r--p 00000000 103:05 526830                    /usr/share/glib-2.0/schemas/gschemas.compiled
7fe2b3510000-7fe2b3517000 r-xp 00000000 103:05 1061780                   /usr/lib/x86_64-linux-gnu/libogg.so.0.8.2
7fe2b3517000-7fe2b3717000 ---p 00007000 103:05 1061780                   /usr/lib/x86_64-linux-gnu/libogg.so.0.8.2
7fe2b3717000-7fe2b3718000 r--p 00007000 103:05 1061780                   /usr/lib/x86_64-linux-gnu/libogg.so.0.8.2
7fe2b3718000-7fe2b3719000 rw-p 00008000 103:05 1061780                   /usr/lib/x86_64-linux-gnu/libogg.so.0.8.2
7fe2b3719000-7fe2b3743000 r-xp 00000000 103:05 1062213                   /usr/lib/x86_64-linux-gnu/libvorbis.so.0.4.8
7fe2b3743000-7fe2b3943000 ---p 0002a000 103:05 1062213                   /usr/lib/x86_64-linux-gnu/libvorbis.so.0.4.8
7fe2b3943000-7fe2b3944000 r--p 0002a000 103:05 1062213                   /usr/lib/x86_64-linux-gnu/libvorbis.so.0.4.8
7fe2b3944000-7fe2b3945000 rw-p 0002b000 103:05 1062213                   /usr/lib/x86_64-linux-gnu/libvorbis.so.0.4.8
7fe2b3945000-7fe2b394d000 r-xp 00000000 103:05 1061624                   /usr/lib/x86_64-linux-gnu/libltdl.so.7.3.1
7fe2b394d000-7fe2b3b4d000 ---p 00008000 103:05 1061624                   /usr/lib/x86_64-linux-gnu/libltdl.so.7.3.1
7fe2b3b4d000-7fe2b3b4e000 r--p 00008000 103:05 1061624                   /usr/lib/x86_64-linux-gnu/libltdl.so.7.3.1
7fe2b3b4e000-7fe2b3b4f000 rw-p 00009000 103:05 1061624                   /usr/lib/x86_64-linux-gnu/libltdl.so.7.3.1
7fe2b3b4f000-7fe2b3b63000 r-xp 00000000 103:05 1062046                   /usr/lib/x86_64-linux-gnu/libtdb.so.1.3.9
7fe2b3b63000-7fe2b3d62000 ---p 00014000 103:05 1062046                   /usr/lib/x86_64-linux-gnu/libtdb.so.1.3.9
7fe2b3d62000-7fe2b3d63000 r--p 00013000 103:05 1062046                   /usr/lib/x86_64-linux-gnu/libtdb.so.1.3.9
7fe2b3d63000-7fe2b3d64000 rw-p 00014000 103:05 1062046                   /usr/lib/x86_64-linux-gnu/libtdb.so.1.3.9
7fe2b3d64000-7fe2b3d6b000 r-xp 00000000 103:05 1062217                   /usr/lib/x86_64-linux-gnu/libvorbisfile.so.3.3.7
7fe2b3d6b000-7fe2b3f6b000 ---p 00007000 103:05 1062217                   /usr/lib/x86_64-linux-gnu/libvorbisfile.so.3.3.7
7fe2b3f6b000-7fe2b3f6c000 r--p 00007000 103:05 1062217                   /usr/lib/x86_64-linux-gnu/libvorbisfile.so.3.3.7
7fe2b3f6c000-7fe2b3f6d000 rw-p 00008000 103:05 1062217                   /usr/lib/x86_64-linux-gnu/libvorbisfile.so.3.3.7
7fe2b3f6d000-7fe2b3f7d000 r-xp 00000000 103:05 1060980                   /usr/lib/x86_64-linux-gnu/libcanberra.so.0.2.5
7fe2b3f7d000-7fe2b417d000 ---p 00010000 103:05 1060980                   /usr/lib/x86_64-linux-gnu/libcanberra.so.0.2.5
7fe2b417d000-7fe2b417e000 r--p 00010000 103:05 1060980                   /usr/lib/x86_64-linux-gnu/libcanberra.so.0.2.5
7fe2b417e000-7fe2b417f000 rw-p 00011000 103:05 1060980                   /usr/lib/x86_64-linux-gnu/libcanberra.so.0.2.5
7fe2b417f000-7fe2b4183000 r-xp 00000000 103:05 1060976                   /usr/lib/x86_64-linux-gnu/libcanberra-gtk.so.0.1.9
7fe2b4183000-7fe2b4382000 ---p 00004000 103:05 1060976                   /usr/lib/x86_64-linux-gnu/libcanberra-gtk.so.0.1.9
7fe2b4382000-7fe2b4383000 r--p 00003000 103:05 1060976                   /usr/lib/x86_64-linux-gnu/libcanberra-gtk.so.0.1.9
7fe2b4383000-7fe2b4384000 rw-p 00004000 103:05 1060976                   /usr/lib/x86_64-linux-gnu/libcanberra-gtk.so.0.1.9
7fe2b4384000-7fe2b4389000 r-xp 00000000 103:05 138084                    /usr/lib/x86_64-linux-gnu/gtk-2.0/modules/libcanberra-gtk-module.so
7fe2b4389000-7fe2b4588000 ---p 00005000 103:05 138084                    /usr/lib/x86_64-linux-gnu/gtk-2.0/modules/libcanberra-gtk-module.so
7fe2b4588000-7fe2b4589000 r--p 00004000 103:05 138084                    /usr/lib/x86_64-linux-gnu/gtk-2.0/modules/libcanberra-gtk-module.so
7fe2b4589000-7fe2b458a000 rw-p 00005000 103:05 138084                    /usr/lib/x86_64-linux-gnu/gtk-2.0/modules/libcanberra-gtk-module.so
7fe2b458a000-7fe2b45ba000 r-xp 00000000 103:05 138066                    /usr/lib/x86_64-linux-gnu/gtk-2.0/2.10.0/engines/libmurrine.so
7fe2b45ba000-7fe2b47ba000 ---p 00030000 103:05 138066                    /usr/lib/x86_64-linux-gnu/gtk-2.0/2.10.0/engines/libmurrine.so
7fe2b47ba000-7fe2b47bb000 r--p 00030000 103:05 138066                    /usr/lib/x86_64-linux-gnu/gtk-2.0/2.10.0/engines/libmurrine.so
7fe2b47bb000-7fe2b47bc000 rw-p 00031000 103:05 138066                    /usr/lib/x86_64-linux-gnu/gtk-2.0/2.10.0/engines/libmurrine.so
7fe2b47bc000-7fe2b47cc000 r-xp 00000000 103:05 1062139                   /usr/lib/x86_64-linux-gnu/libunity-gtk2-parser.so.0.0.0
7fe2b47cc000-7fe2b49cc000 ---p 00010000 103:05 1062139                   /usr/lib/x86_64-linux-gnu/libunity-gtk2-parser.so.0.0.0
7fe2b49cc000-7fe2b49cd000 r--p 00010000 103:05 1062139                   /usr/lib/x86_64-linux-gnu/libunity-gtk2-parser.so.0.0.0
7fe2b49cd000-7fe2b49ce000 rw-p 00011000 103:05 1062139                   /usr/lib/x86_64-linux-gnu/libunity-gtk2-parser.so.0.0.0
7fe2b49ce000-7fe2b49d3000 r-xp 00000000 103:05 138088                    /usr/lib/x86_64-linux-gnu/gtk-2.0/modules/libunity-gtk-module.so
7fe2b49d3000-7fe2b4bd2000 ---p 00005000 103:05 138088                    /usr/lib/x86_64-linux-gnu/gtk-2.0/modules/libunity-gtk-module.so
7fe2b4bd2000-7fe2b4bd3000 r--p 00004000 103:05 138088                    /usr/lib/x86_64-linux-gnu/gtk-2.0/modules/libunity-gtk-module.so
7fe2b4bd3000-7fe2b4bd4000 rw-p 00005000 103:05 138088                    /usr/lib/x86_64-linux-gnu/gtk-2.0/modules/libunity-gtk-module.so
7fe2b4bd4000-7fe2b4bf6000 r-xp 00000000 103:05 136952                    /lib/x86_64-linux-gnu/liblzma.so.5.0.0
7fe2b4bf6000-7fe2b4df5000 ---p 00022000 103:05 136952                    /lib/x86_64-linux-gnu/liblzma.so.5.0.0
7fe2b4df5000-7fe2b4df6000 r--p 00021000 103:05 136952                    /lib/x86_64-linux-gnu/liblzma.so.5.0.0
7fe2b4df6000-7fe2b4df7000 rw-p 00022000 103:05 136952                    /lib/x86_64-linux-gnu/liblzma.so.5.0.0
7fe2b4df7000-7fe2b4e79000 r-xp 00000000 103:05 137052                    /lib/x86_64-linux-gnu/libsystemd.so.0.16.0
7fe2b4e79000-7fe2b4e7c000 r--p 00081000 103:05 137052                    /lib/x86_64-linux-gnu/libsystemd.so.0.16.0
7fe2b4e7c000-7fe2b4e7d000 rw-p 00084000 103:05 137052                    /lib/x86_64-linux-gnu/libsystemd.so.0.16.0
7fe2b4e7d000-7fe2b4e7e000 rw-p 00000000 00:00 0 
7fe2b4e7e000-7fe2b4ec8000 r-xp 00000000 103:05 138779                    /lib/x86_64-linux-gnu/libdbus-1.so.3.14.7
7fe2b4ec8000-7fe2b50c8000 ---p 0004a000 103:05 138779                    /lib/x86_64-linux-gnu/libdbus-1.so.3.14.7
7fe2b50c8000-7fe2b50c9000 r--p 0004a000 103:05 138779                    /lib/x86_64-linux-gnu/libdbus-1.so.3.14.7
7fe2b50c9000-7fe2b50ca000 rw-p 0004b000 103:05 138779                    /lib/x86_64-linux-gnu/libdbus-1.so.3.14.7
7fe2b50ca000-7fe2b50f6000 r-xp 00000000 103:05 1060912                   /usr/lib/x86_64-linux-gnu/libatspi.so.0.0.1
7fe2b50f6000-7fe2b52f5000 ---p 0002c000 103:05 1060912                   /usr/lib/x86_64-linux-gnu/libatspi.so.0.0.1
7fe2b52f5000-7fe2b52f8000 r--p 0002b000 103:05 1060912                   /usr/lib/x86_64-linux-gnu/libatspi.so.0.0.1
7fe2b52f8000-7fe2b52f9000 rw-p 0002e000 103:05 1060912                   /usr/lib/x86_64-linux-gnu/libatspi.so.0.0.1
7fe2b52f9000-7fe2b5326000 r-xp 00000000 103:05 1060906                   /usr/lib/x86_64-linux-gnu/libatk-bridge-2.0.so.0.0.0
7fe2b5326000-7fe2b5525000 ---p 0002d000 103:05 1060906                   /usr/lib/x86_64-linux-gnu/libatk-bridge-2.0.so.0.0.0
7fe2b5525000-7fe2b5526000 r--p 0002c000 103:05 1060906                   /usr/lib/x86_64-linux-gnu/libatk-bridge-2.0.so.0.0.0
7fe2b5526000-7fe2b5528000 rw-p 0002d000 103:05 1060906                   /usr/lib/x86_64-linux-gnu/libatk-bridge-2.0.so.0.0.0
7fe2b5528000-7fe2b5529000 r-xp 00000000 103:05 138083                    /usr/lib/x86_64-linux-gnu/gtk-2.0/modules/libatk-bridge.so
7fe2b5529000-7fe2b5728000 ---p 00001000 103:05 138083                    /usr/lib/x86_64-linux-gnu/gtk-2.0/modules/libatk-bridge.so
7fe2b5728000-7fe2b5729000 r--p 00000000 103:05 138083                    /usr/lib/x86_64-linux-gnu/gtk-2.0/modules/libatk-bridge.so
7fe2b5729000-7fe2b572a000 rw-p 00001000 103:05 138083                    /usr/lib/x86_64-linux-gnu/gtk-2.0/modules/libatk-bridge.so
7fe2b572a000-7fe2b5731000 r-xp 00000000 103:05 1061264                   /usr/lib/x86_64-linux-gnu/libgailutil.so.18.0.1
7fe2b5731000-7fe2b5930000 ---p 00007000 103:05 1061264                   /usr/lib/x86_64-linux-gnu/libgailutil.so.18.0.1
7fe2b5930000-7fe2b5931000 r--p 00006000 103:05 1061264                   /usr/lib/x86_64-linux-gnu/libgailutil.so.18.0.1
7fe2b5931000-7fe2b5932000 rw-p 00007000 103:05 1061264                   /usr/lib/x86_64-linux-gnu/libgailutil.so.18.0.1
7fe2b5932000-7fe2b5980000 r-xp 00000000 103:05 138086                    /usr/lib/x86_64-linux-gnu/gtk-2.0/modules/libgail.so
7fe2b5980000-7fe2b5b7f000 ---p 0004e000 103:05 138086                    /usr/lib/x86_64-linux-gnu/gtk-2.0/modules/libgail.so
7fe2b5b7f000-7fe2b5b80000 r--p 0004d000 103:05 138086                    /usr/lib/x86_64-linux-gnu/gtk-2.0/modules/libgail.so
7fe2b5b80000-7fe2b5b82000 rw-p 0004e000 103:05 138086                    /usr/lib/x86_64-linux-gnu/gtk-2.0/modules/libgail.so
7fe2b5b82000-7fe2b5b93000 r-xp 00000000 103:05 138087                    /usr/lib/x86_64-linux-gnu/gtk-2.0/modules/liboverlay-scrollbar.so
7fe2b5b93000-7fe2b5d93000 ---p 00011000 103:05 138087                    /usr/lib/x86_64-linux-gnu/gtk-2.0/modules/liboverlay-scrollbar.so
7fe2b5d93000-7fe2b5d94000 r--p 00011000 103:05 138087                    /usr/lib/x86_64-linux-gnu/gtk-2.0/modules/liboverlay-scrollbar.so
7fe2b5d94000-7fe2b5d95000 rw-p 00012000 103:05 138087                    /usr/lib/x86_64-linux-gnu/gtk-2.0/modules/liboverlay-scrollbar.so
7fe2b5d95000-7fe2b5d99000 r-xp 00000000 103:05 137066                    /lib/x86_64-linux-gnu/libuuid.so.1.3.0
7fe2b5d99000-7fe2b5f98000 ---p 00004000 103:05 137066                    /lib/x86_64-linux-gnu/libuuid.so.1.3.0
7fe2b5f98000-7fe2b5f99000 r--p 00003000 103:05 137066                    /lib/x86_64-linux-gnu/libuuid.so.1.3.0
7fe2b5f99000-7fe2b5f9a000 rw-p 00004000 103:05 137066                    /lib/x86_64-linux-gnu/libuuid.so.1.3.0
7fe2b5f9a000-7fe2b5fa0000 r-xp 00000000 103:05 1061070                   /usr/lib/x86_64-linux-gnu/libdatrie.so.1.3.3
7fe2b5fa0000-7fe2b61a0000 ---p 00006000 103:05 1061070                   /usr/lib/x86_64-linux-gnu/libdatrie.so.1.3.3
7fe2b61a0000-7fe2b61a1000 r--p 00006000 103:05 1061070                   /usr/lib/x86_64-linux-gnu/libdatrie.so.1.3.3
7fe2b61a1000-7fe2b61a2000 rw-p 00007000 103:05 1061070                   /usr/lib/x86_64-linux-gnu/libdatrie.so.1.3.3
7fe2b61a2000-7fe2b61c5000 r-xp 00000000 103:05 1061382                   /usr/lib/x86_64-linux-gnu/libgraphite2.so.3.0.1
7fe2b61c5000-7fe2b63c4000 ---p 00023000 103:05 1061382                   /usr/lib/x86_64-linux-gnu/libgraphite2.so.3.0.1
7fe2b63c4000-7fe2b63c6000 r--p 00022000 103:05 1061382                   /usr/lib/x86_64-linux-gnu/libgraphite2.so.3.0.1
7fe2b63c6000-7fe2b63c7000 rw-p 00024000 103:05 1061382                   /usr/lib/x86_64-linux-gnu/libgraphite2.so.3.0.1
7fe2b63c7000-7fe2b6404000 r-xp 00000000 103:05 136879                    /lib/x86_64-linux-gnu/libblkid.so.1.1.0
7fe2b6404000-7fe2b6603000 ---p 0003d000 103:05 136879                    /lib/x86_64-linux-gnu/libblkid.so.1.1.0
7fe2b6603000-7fe2b6607000 r--p 0003c000 103:05 136879                    /lib/x86_64-linux-gnu/libblkid.so.1.1.0
7fe2b6607000-7fe2b6608000 rw-p 00040000 103:05 136879                    /lib/x86_64-linux-gnu/libblkid.so.1.1.0
7fe2b6608000-7fe2b6609000 rw-p 00000000 00:00 0 
7fe2b6609000-7fe2b6611000 r-xp 00000000 103:05 1062060                   /usr/lib/x86_64-linux-gnu/libthai.so.0.3.0
7fe2b6611000-7fe2b6810000 ---p 00008000 103:05 1062060                   /usr/lib/x86_64-linux-gnu/libthai.so.0.3.0
7fe2b6810000-7fe2b6811000 r--p 00007000 103:05 1062060                   /usr/lib/x86_64-linux-gnu/libthai.so.0.3.0
7fe2b6811000-7fe2b6812000 rw-p 00008000 103:05 1062060                   /usr/lib/x86_64-linux-gnu/libthai.so.0.3.0
7fe2b6812000-7fe2b6890000 r-xp 00000000 103:05 1061472                   /usr/lib/x86_64-linux-gnu/libharfbuzz.so.0.10200.7
7fe2b6890000-7fe2b6a90000 ---p 0007e000 103:05 1061472                   /usr/lib/x86_64-linux-gnu/libharfbuzz.so.0.10200.7
7fe2b6a90000-7fe2b6a91000 r--p 0007e000 103:05 1061472                   /usr/lib/x86_64-linux-gnu/libharfbuzz.so.0.10200.7
7fe2b6a91000-7fe2b6a92000 rw-p 0007f000 103:05 1061472                   /usr/lib/x86_64-linux-gnu/libharfbuzz.so.0.10200.7
7fe2b6a92000-7fe2b6b04000 r-xp 00000000 103:05 137015                    /lib/x86_64-linux-gnu/libpcre.so.3.13.3
7fe2b6b04000-7fe2b6d03000 ---p 00072000 103:05 137015                    /lib/x86_64-linux-gnu/libpcre.so.3.13.3
7fe2b6d03000-7fe2b6d04000 r--p 00071000 103:05 137015                    /lib/x86_64-linux-gnu/libpcre.so.3.13.3
7fe2b6d04000-7fe2b6d05000 rw-p 00072000 103:05 137015                    /lib/x86_64-linux-gnu/libpcre.so.3.13.3
7fe2b6d05000-7fe2b6d0c000 r-xp 00000000 103:05 1061201                   /usr/lib/x86_64-linux-gnu/libffi.so.6.0.4
7fe2b6d0c000-7fe2b6f0b000 ---p 00007000 103:05 1061201                   /usr/lib/x86_64-linux-gnu/libffi.so.6.0.4
7fe2b6f0b000-7fe2b6f0c000 r--p 00006000 103:05 1061201                   /usr/lib/x86_64-linux-gnu/libffi.so.6.0.4
7fe2b6f0c000-7fe2b6f0d000 rw-p 00007000 103:05 1061201                   /usr/lib/x86_64-linux-gnu/libffi.so.6.0.4
7fe2b6f0d000-7fe2b6f53000 r-xp 00000000 103:05 136961                    /lib/x86_64-linux-gnu/libmount.so.1.1.0
7fe2b6f53000-7fe2b7152000 ---p 00046000 103:05 136961                    /lib/x86_64-linux-gnu/libmount.so.1.1.0
7fe2b7152000-7fe2b7153000 r--p 00045000 103:05 136961                    /lib/x86_64-linux-gnu/libmount.so.1.1.0
7fe2b7153000-7fe2b7154000 rw-p 00046000 103:05 136961                    /lib/x86_64-linux-gnu/libmount.so.1.1.0
7fe2b7154000-7fe2b7155000 rw-p 00000000 00:00 0 
7fe2b7155000-7fe2b716c000 r-xp 00000000 103:05 149410                    /lib/x86_64-linux-gnu/libresolv-2.24.so
7fe2b716c000-7fe2b736c000 ---p 00017000 103:05 149410                    /lib/x86_64-linux-gnu/libresolv-2.24.so
7fe2b736c000-7fe2b736d000 r--p 00017000 103:05 149410                    /lib/x86_64-linux-gnu/libresolv-2.24.so
7fe2b736d000-7fe2b736e000 rw-p 00018000 103:05 149410                    /lib/x86_64-linux-gnu/libresolv-2.24.so
7fe2b736e000-7fe2b7370000 rw-p 00000000 00:00 0 
7fe2b7370000-7fe2b7393000 r-xp 00000000 103:05 137042                    /lib/x86_64-linux-gnu/libselinux.so.1
7fe2b7393000-7fe2b7592000 ---p 00023000 103:05 137042                    /lib/x86_64-linux-gnu/libselinux.so.1
7fe2b7592000-7fe2b7593000 r--p 00022000 103:05 137042                    /lib/x86_64-linux-gnu/libselinux.so.1
7fe2b7593000-7fe2b7594000 rw-p 00023000 103:05 137042                    /lib/x86_64-linux-gnu/libselinux.so.1
7fe2b7594000-7fe2b7596000 rw-p 00000000 00:00 0 
7fe2b7596000-7fe2b759e000 r-xp 00000000 103:05 1062322                   /usr/lib/x86_64-linux-gnu/libxcb-render.so.0.0.0
7fe2b759e000-7fe2b779e000 ---p 00008000 103:05 1062322                   /usr/lib/x86_64-linux-gnu/libxcb-render.so.0.0.0
7fe2b779e000-7fe2b779f000 r--p 00008000 103:05 1062322                   /usr/lib/x86_64-linux-gnu/libxcb-render.so.0.0.0
7fe2b779f000-7fe2b77a0000 rw-p 00009000 103:05 1062322                   /usr/lib/x86_64-linux-gnu/libxcb-render.so.0.0.0
7fe2b77a0000-7fe2b77a2000 r-xp 00000000 103:05 1062326                   /usr/lib/x86_64-linux-gnu/libxcb-shm.so.0.0.0
7fe2b77a2000-7fe2b79a2000 ---p 00002000 103:05 1062326                   /usr/lib/x86_64-linux-gnu/libxcb-shm.so.0.0.0
7fe2b79a2000-7fe2b79a3000 r--p 00002000 103:05 1062326                   /usr/lib/x86_64-linux-gnu/libxcb-shm.so.0.0.0
7fe2b79a3000-7fe2b79a4000 rw-p 00003000 103:05 1062326                   /usr/lib/x86_64-linux-gnu/libxcb-shm.so.0.0.0
7fe2b79a4000-7fe2b79d5000 r-xp 00000000 103:05 1061851                   /usr/lib/x86_64-linux-gnu/libpng16.so.16.25.0
7fe2b79d5000-7fe2b7bd4000 ---p 00031000 103:05 1061851                   /usr/lib/x86_64-linux-gnu/libpng16.so.16.25.0
7fe2b7bd4000-7fe2b7bd5000 r--p 00030000 103:05 1061851                   /usr/lib/x86_64-linux-gnu/libpng16.so.16.25.0
7fe2b7bd5000-7fe2b7bd6000 rw-p 00031000 103:05 1061851                   /usr/lib/x86_64-linux-gnu/libpng16.so.16.25.0
7fe2b7bd6000-7fe2b7c7d000 r-xp 00000000 103:05 1048730                   /usr/lib/x86_64-linux-gnu/libfreetype.so.6.12.3
7fe2b7c7d000-7fe2b7e7c000 ---p 000a7000 103:05 1048730                   /usr/lib/x86_64-linux-gnu/libfreetype.so.6.12.3
7fe2b7e7c000-7fe2b7e82000 r--p 000a6000 103:05 1048730                   /usr/lib/x86_64-linux-gnu/libfreetype.so.6.12.3
7fe2b7e82000-7fe2b7e83000 rw-p 000ac000 103:05 1048730                   /usr/lib/x86_64-linux-gnu/libfreetype.so.6.12.3
7fe2b7e83000-7fe2b7f22000 r-xp 00000000 103:05 1061843                   /usr/lib/x86_64-linux-gnu/libpixman-1.so.0.33.6
7fe2b7f22000-7fe2b8122000 ---p 0009f000 103:05 1061843                   /usr/lib/x86_64-linux-gnu/libpixman-1.so.0.33.6
7fe2b8122000-7fe2b812a000 r--p 0009f000 103:05 1061843                   /usr/lib/x86_64-linux-gnu/libpixman-1.so.0.33.6
7fe2b812a000-7fe2b812b000 rw-p 000a7000 103:05 1061843                   /usr/lib/x86_64-linux-gnu/libpixman-1.so.0.33.6
7fe2b812b000-7fe2b812d000 r-xp 00000000 103:05 1060809                   /usr/lib/x86_64-linux-gnu/libXcomposite.so.1.0.0
7fe2b812d000-7fe2b832c000 ---p 00002000 103:05 1060809                   /usr/lib/x86_64-linux-gnu/libXcomposite.so.1.0.0
7fe2b832c000-7fe2b832d000 r--p 00001000 103:05 1060809                   /usr/lib/x86_64-linux-gnu/libXcomposite.so.1.0.0
7fe2b832d000-7fe2b832e000 rw-p 00002000 103:05 1060809                   /usr/lib/x86_64-linux-gnu/libXcomposite.so.1.0.0
7fe2b832e000-7fe2b8337000 r-xp 00000000 103:05 1060811                   /usr/lib/x86_64-linux-gnu/libXcursor.so.1.0.2
7fe2b8337000-7fe2b8536000 ---p 00009000 103:05 1060811                   /usr/lib/x86_64-linux-gnu/libXcursor.so.1.0.2
7fe2b8536000-7fe2b8537000 r--p 00008000 103:05 1060811                   /usr/lib/x86_64-linux-gnu/libXcursor.so.1.0.2
7fe2b8537000-7fe2b8538000 rw-p 00009000 103:05 1060811                   /usr/lib/x86_64-linux-gnu/libXcursor.so.1.0.2
7fe2b8538000-7fe2b8542000 r-xp 00000000 103:05 1060835                   /usr/lib/x86_64-linux-gnu/libXrandr.so.2.2.0
7fe2b8542000-7fe2b8741000 ---p 0000a000 103:05 1060835                   /usr/lib/x86_64-linux-gnu/libXrandr.so.2.2.0
7fe2b8741000-7fe2b8742000 r--p 00009000 103:05 1060835                   /usr/lib/x86_64-linux-gnu/libXrandr.so.2.2.0
7fe2b8742000-7fe2b8743000 rw-p 0000a000 103:05 1060835                   /usr/lib/x86_64-linux-gnu/libXrandr.so.2.2.0
7fe2b8743000-7fe2b8752000 r-xp 00000000 103:05 1060825                   /usr/lib/x86_64-linux-gnu/libXi.so.6.1.0
7fe2b8752000-7fe2b8951000 ---p 0000f000 103:05 1060825                   /usr/lib/x86_64-linux-gnu/libXi.so.6.1.0
7fe2b8951000-7fe2b8952000 r--p 0000e000 103:05 1060825                   /usr/lib/x86_64-linux-gnu/libXi.so.6.1.0
7fe2b8952000-7fe2b8953000 rw-p 0000f000 103:05 1060825                   /usr/lib/x86_64-linux-gnu/libXi.so.6.1.0
7fe2b8953000-7fe2b8955000 r-xp 00000000 103:05 1060827                   /usr/lib/x86_64-linux-gnu/libXinerama.so.1.0.0
7fe2b8955000-7fe2b8b54000 ---p 00002000 103:05 1060827                   /usr/lib/x86_64-linux-gnu/libXinerama.so.1.0.0
7fe2b8b54000-7fe2b8b55000 r--p 00001000 103:05 1060827                   /usr/lib/x86_64-linux-gnu/libXinerama.so.1.0.0
7fe2b8b55000-7fe2b8b56000 rw-p 00002000 103:05 1060827                   /usr/lib/x86_64-linux-gnu/libXinerama.so.1.0.0
7fe2b8b56000-7fe2b8b5f000 r-xp 00000000 103:05 1060837                   /usr/lib/x86_64-linux-gnu/libXrender.so.1.3.0
7fe2b8b5f000-7fe2b8d5e000 ---p 00009000 103:05 1060837                   /usr/lib/x86_64-linux-gnu/libXrender.so.1.3.0
7fe2b8d5e000-7fe2b8d5f000 r--p 00008000 103:05 1060837                   /usr/lib/x86_64-linux-gnu/libXrender.so.1.3.0
7fe2b8d5f000-7fe2b8d60000 rw-p 00009000 103:05 1060837                   /usr/lib/x86_64-linux-gnu/libXrender.so.1.3.0
7fe2b8d60000-7fe2b8d9d000 r-xp 00000000 103:05 1061219                   /usr/lib/x86_64-linux-gnu/libfontconfig.so.1.9.0
7fe2b8d9d000-7fe2b8f9c000 ---p 0003d000 103:05 1061219                   /usr/lib/x86_64-linux-gnu/libfontconfig.so.1.9.0
7fe2b8f9c000-7fe2b8f9e000 r--p 0003c000 103:05 1061219                   /usr/lib/x86_64-linux-gnu/libfontconfig.so.1.9.0
7fe2b8f9e000-7fe2b8fa3000 rw-p 0003e000 103:05 1061219                   /usr/lib/x86_64-linux-gnu/libfontconfig.so.1.9.0
7fe2b8fa3000-7fe2b8fec000 r-xp 00000000 103:05 1061811                   /usr/lib/x86_64-linux-gnu/libpango-1.0.so.0.4000.1
7fe2b8fec000-7fe2b91ec000 ---p 00049000 103:05 1061811                   /usr/lib/x86_64-linux-gnu/libpango-1.0.so.0.4000.1
7fe2b91ec000-7fe2b91ee000 r--p 00049000 103:05 1061811                   /usr/lib/x86_64-linux-gnu/libpango-1.0.so.0.4000.1
7fe2b91ee000-7fe2b91ef000 rw-p 0004b000 103:05 1061811                   /usr/lib/x86_64-linux-gnu/libpango-1.0.so.0.4000.1
7fe2b91ef000-7fe2b9203000 r-xp 00000000 103:05 1061815                   /usr/lib/x86_64-linux-gnu/libpangoft2-1.0.so.0.4000.1
7fe2b9203000-7fe2b9403000 ---p 00014000 103:05 1061815                   /usr/lib/x86_64-linux-gnu/libpangoft2-1.0.so.0.4000.1
7fe2b9403000-7fe2b9404000 r--p 00014000 103:05 1061815                   /usr/lib/x86_64-linux-gnu/libpangoft2-1.0.so.0.4000.1
7fe2b9404000-7fe2b9405000 rw-p 00015000 103:05 1061815                   /usr/lib/x86_64-linux-gnu/libpangoft2-1.0.so.0.4000.1
7fe2b9405000-7fe2b9427000 r-xp 00000000 103:05 1060904                   /usr/lib/x86_64-linux-gnu/libatk-1.0.so.0.22009.1
7fe2b9427000-7fe2b9626000 ---p 00022000 103:05 1060904                   /usr/lib/x86_64-linux-gnu/libatk-1.0.so.0.22009.1
7fe2b9626000-7fe2b9629000 r--p 00021000 103:05 1060904                   /usr/lib/x86_64-linux-gnu/libatk-1.0.so.0.22009.1
7fe2b9629000-7fe2b962a000 rw-p 00024000 103:05 1060904                   /usr/lib/x86_64-linux-gnu/libatk-1.0.so.0.22009.1
7fe2b962a000-7fe2b9636000 r-xp 00000000 103:05 1061813                   /usr/lib/x86_64-linux-gnu/libpangocairo-1.0.so.0.4000.1
7fe2b9636000-7fe2b9835000 ---p 0000c000 103:05 1061813                   /usr/lib/x86_64-linux-gnu/libpangocairo-1.0.so.0.4000.1
7fe2b9835000-7fe2b9836000 r--p 0000b000 103:05 1061813                   /usr/lib/x86_64-linux-gnu/libpangocairo-1.0.so.0.4000.1
7fe2b9836000-7fe2b9837000 rw-p 0000c000 103:05 1061813                   /usr/lib/x86_64-linux-gnu/libpangocairo-1.0.so.0.4000.1
7fe2b9837000-7fe2b983a000 r-xp 00000000 103:05 1061340                   /usr/lib/x86_64-linux-gnu/libgmodule-2.0.so.0.5000.0
7fe2b983a000-7fe2b9a39000 ---p 00003000 103:05 1061340                   /usr/lib/x86_64-linux-gnu/libgmodule-2.0.so.0.5000.0
7fe2b9a39000-7fe2b9a3a000 r--p 00002000 103:05 1061340                   /usr/lib/x86_64-linux-gnu/libgmodule-2.0.so.0.5000.0
7fe2b9a3a000-7fe2b9a3b000 rw-p 00003000 103:05 1061340                   /usr/lib/x86_64-linux-gnu/libgmodule-2.0.so.0.5000.0
7fe2b9a3b000-7fe2b9a40000 r-xp 00000000 103:05 1060843                   /usr/lib/x86_64-linux-gnu/libXtst.so.6.1.0
7fe2b9a40000-7fe2b9c3f000 ---p 00005000 103:05 1060843                   /usr/lib/x86_64-linux-gnu/libXtst.so.6.1.0
7fe2b9c3f000-7fe2b9c40000 r--p 00004000 103:05 1060843                   /usr/lib/x86_64-linux-gnu/libXtst.so.6.1.0
7fe2b9c40000-7fe2b9c41000 rw-p 00005000 103:05 1060843                   /usr/lib/x86_64-linux-gnu/libXtst.so.6.1.0
7fe2b9c41000-7fe2b9d51000 r-xp 00000000 103:05 136931                    /lib/x86_64-linux-gnu/libglib-2.0.so.0.5000.0
7fe2b9d51000-7fe2b9f51000 ---p 00110000 103:05 136931                    /lib/x86_64-linux-gnu/libglib-2.0.so.0.5000.0
7fe2b9f51000-7fe2b9f52000 r--p 00110000 103:05 136931                    /lib/x86_64-linux-gnu/libglib-2.0.so.0.5000.0
7fe2b9f52000-7fe2b9f53000 rw-p 00111000 103:05 136931                    /lib/x86_64-linux-gnu/libglib-2.0.so.0.5000.0
7fe2b9f53000-7fe2b9f54000 rw-p 00000000 00:00 0 
7fe2b9f54000-7fe2b9f55000 r-xp 00000000 103:05 1061437                   /usr/lib/x86_64-linux-gnu/libgthread-2.0.so.0.5000.0
7fe2b9f55000-7fe2ba154000 ---p 00001000 103:05 1061437                   /usr/lib/x86_64-linux-gnu/libgthread-2.0.so.0.5000.0
7fe2ba154000-7fe2ba155000 r--p 00000000 103:05 1061437                   /usr/lib/x86_64-linux-gnu/libgthread-2.0.so.0.5000.0
7fe2ba155000-7fe2ba156000 rw-p 00001000 103:05 1061437                   /usr/lib/x86_64-linux-gnu/libgthread-2.0.so.0.5000.0
7fe2ba156000-7fe2ba1a8000 r-xp 00000000 103:05 1061362                   /usr/lib/x86_64-linux-gnu/libgobject-2.0.so.0.5000.0
7fe2ba1a8000-7fe2ba3a7000 ---p 00052000 103:05 1061362                   /usr/lib/x86_64-linux-gnu/libgobject-2.0.so.0.5000.0
7fe2ba3a7000-7fe2ba3a8000 r--p 00051000 103:05 1061362                   /usr/lib/x86_64-linux-gnu/libgobject-2.0.so.0.5000.0
7fe2ba3a8000-7fe2ba3a9000 rw-p 00052000 103:05 1061362                   /usr/lib/x86_64-linux-gnu/libgobject-2.0.so.0.5000.0
7fe2ba3a9000-7fe2ba536000 r-xp 00000000 103:05 1061324                   /usr/lib/x86_64-linux-gnu/libgio-2.0.so.0.5000.0
7fe2ba536000-7fe2ba735000 ---p 0018d000 103:05 1061324                   /usr/lib/x86_64-linux-gnu/libgio-2.0.so.0.5000.0
7fe2ba735000-7fe2ba73a000 r--p 0018c000 103:05 1061324                   /usr/lib/x86_64-linux-gnu/libgio-2.0.so.0.5000.0
7fe2ba73a000-7fe2ba73d000 rw-p 00191000 103:05 1061324                   /usr/lib/x86_64-linux-gnu/libgio-2.0.so.0.5000.0
7fe2ba73d000-7fe2ba73e000 rw-p 00000000 00:00 0 
7fe2ba73e000-7fe2ba75f000 r-xp 00000000 103:05 1061294                   /usr/lib/x86_64-linux-gnu/libgdk_pixbuf-2.0.so.0.3400.0
7fe2ba75f000-7fe2ba95e000 ---p 00021000 103:05 1061294                   /usr/lib/x86_64-linux-gnu/libgdk_pixbuf-2.0.so.0.3400.0
7fe2ba95e000-7fe2ba95f000 r--p 00020000 103:05 1061294                   /usr/lib/x86_64-linux-gnu/libgdk_pixbuf-2.0.so.0.3400.0
7fe2ba95f000-7fe2ba960000 rw-p 00021000 103:05 1061294                   /usr/lib/x86_64-linux-gnu/libgdk_pixbuf-2.0.so.0.3400.0
7fe2ba960000-7fe2baa6e000 r-xp 00000000 103:05 1060970                   /usr/lib/x86_64-linux-gnu/libcairo.so.2.11400.6
7fe2baa6e000-7fe2bac6d000 ---p 0010e000 103:05 1060970                   /usr/lib/x86_64-linux-gnu/libcairo.so.2.11400.6
7fe2bac6d000-7fe2bac70000 r--p 0010d000 103:05 1060970                   /usr/lib/x86_64-linux-gnu/libcairo.so.2.11400.6
7fe2bac70000-7fe2bac71000 rw-p 00110000 103:05 1060970                   /usr/lib/x86_64-linux-gnu/libcairo.so.2.11400.6
7fe2bac71000-7fe2bac73000 rw-p 00000000 00:00 0 
7fe2bac73000-7fe2bad23000 r-xp 00000000 103:05 1061292                   /usr/lib/x86_64-linux-gnu/libgdk-x11-2.0.so.0.2400.30
7fe2bad23000-7fe2baf22000 ---p 000b0000 103:05 1061292                   /usr/lib/x86_64-linux-gnu/libgdk-x11-2.0.so.0.2400.30
7fe2baf22000-7fe2baf26000 r--p 000af000 103:05 1061292                   /usr/lib/x86_64-linux-gnu/libgdk-x11-2.0.so.0.2400.30
7fe2baf26000-7fe2baf28000 rw-p 000b3000 103:05 1061292                   /usr/lib/x86_64-linux-gnu/libgdk-x11-2.0.so.0.2400.30
7fe2baf28000-7fe2bb366000 r-xp 00000000 103:05 1061441                   /usr/lib/x86_64-linux-gnu/libgtk-x11-2.0.so.0.2400.30
7fe2bb366000-7fe2bb566000 ---p 0043e000 103:05 1061441                   /usr/lib/x86_64-linux-gnu/libgtk-x11-2.0.so.0.2400.30
7fe2bb566000-7fe2bb56d000 r--p 0043e000 103:05 1061441                   /usr/lib/x86_64-linux-gnu/libgtk-x11-2.0.so.0.2400.30
7fe2bb56d000-7fe2bb571000 rw-p 00445000 103:05 1061441                   /usr/lib/x86_64-linux-gnu/libgtk-x11-2.0.so.0.2400.30
7fe2bb571000-7fe2bb574000 rw-p 00000000 00:00 0 
7fe2bb574000-7fe2bb59c000 r-xp 00000000 103:05 279195                    /usr/lib/jvm/java-8-openjdk-amd64/jre/lib/amd64/libglass.so
7fe2bb59c000-7fe2bb79c000 ---p 00028000 103:05 279195                    /usr/lib/jvm/java-8-openjdk-amd64/jre/lib/amd64/libglass.so
7fe2bb79c000-7fe2bb79d000 r--p 00028000 103:05 279195                    /usr/lib/jvm/java-8-openjdk-amd64/jre/lib/amd64/libglass.so
7fe2bb79d000-7fe2bb79e000 rw-p 00029000 103:05 279195                    /usr/lib/jvm/java-8-openjdk-amd64/jre/lib/amd64/libglass.so
7fe2bb79e000-7fe2bb7d5000 r-xp 00000000 103:05 1062093                   /usr/lib/x86_64-linux-gnu/libtxc_dxtn_s2tc.so.0.0.0
7fe2bb7d5000-7fe2bb9d4000 ---p 00037000 103:05 1062093                   /usr/lib/x86_64-linux-gnu/libtxc_dxtn_s2tc.so.0.0.0
7fe2bb9d4000-7fe2bb9d5000 r--p 00036000 103:05 1062093                   /usr/lib/x86_64-linux-gnu/libtxc_dxtn_s2tc.so.0.0.0
7fe2bb9d5000-7fe2bb9d6000 rw-p 00037000 103:05 1062093                   /usr/lib/x86_64-linux-gnu/libtxc_dxtn_s2tc.so.0.0.0
7fe2bb9d6000-7fe2bb9de000 r-xp 00000000 103:05 1061827                   /usr/lib/x86_64-linux-gnu/libpciaccess.so.0.11.1
7fe2bb9de000-7fe2bbbde000 ---p 00008000 103:05 1061827                   /usr/lib/x86_64-linux-gnu/libpciaccess.so.0.11.1
7fe2bbbde000-7fe2bbbdf000 r--p 00008000 103:05 1061827                   /usr/lib/x86_64-linux-gnu/libpciaccess.so.0.11.1
7fe2bbbdf000-7fe2bbbe0000 rw-p 00009000 103:05 1061827                   /usr/lib/x86_64-linux-gnu/libpciaccess.so.0.11.1
7fe2bbbe0000-7fe2bbbf2000 r-xp 00000000 103:05 136933                    /lib/x86_64-linux-gnu/libgpg-error.so.0.19.1
7fe2bbbf2000-7fe2bbdf2000 ---p 00012000 103:05 136933                    /lib/x86_64-linux-gnu/libgpg-error.so.0.19.1
7fe2bbdf2000-7fe2bbdf3000 r--p 00012000 103:05 136933                    /lib/x86_64-linux-gnu/libgpg-error.so.0.19.1
7fe2bbdf3000-7fe2bbdf4000 rw-p 00013000 103:05 136933                    /lib/x86_64-linux-gnu/libgpg-error.so.0.19.1
7fe2bbdf4000-7fe2bbdff000 r-xp 00000000 103:05 1061129                   /usr/lib/x86_64-linux-gnu/libdrm_radeon.so.1.0.1
7fe2bbdff000-7fe2bbffe000 ---p 0000b000 103:05 1061129                   /usr/lib/x86_64-linux-gnu/libdrm_radeon.so.1.0.1
7fe2bbffe000-7fe2bbfff000 r--p 0000a000 103:05 1061129                   /usr/lib/x86_64-linux-gnu/libdrm_radeon.so.1.0.1
7fe2bbfff000-7fe2bc000000 rw-p 0000b000 103:05 1061129                   /usr/lib/x86_64-linux-gnu/libdrm_radeon.so.1.0.1
7fe2bc000000-7fe2bc14a000 rw-p 00000000 00:00 0 
7fe2bc14a000-7fe2c0000000 ---p 00000000 00:00 0 
7fe2c0000000-7fe2c1e53000 rw-p 00000000 00:00 0 
7fe2c1e53000-7fe2c4000000 ---p 00000000 00:00 0 
7fe2c4000000-7fe2c4021000 rw-p 00000000 00:00 0 
7fe2c4021000-7fe2c8000000 ---p 00000000 00:00 0 
7fe2c8000000-7fe2c829a000 rw-p 00000000 00:00 0 
7fe2c829a000-7fe2cc000000 ---p 00000000 00:00 0 
7fe2cc000000-7fe2cc021000 rw-p 00000000 00:00 0 
7fe2cc021000-7fe2d0000000 ---p 00000000 00:00 0 
7fe2d0000000-7fe2d0001000 r--s 00000000 103:05 1076654                   /var/cache/fontconfig/3f7329c5293ffd510edef78f73874cfd-le64.cache-6
7fe2d0001000-7fe2d0013000 r--s 00000000 103:05 1076670                   /var/cache/fontconfig/9b89f8e3dae116d678bbf48e5f21f69b-le64.cache-6
7fe2d0013000-7fe2d001a000 r-xp 00000000 103:05 1061127                   /usr/lib/x86_64-linux-gnu/libdrm_nouveau.so.2.0.0
7fe2d001a000-7fe2d0219000 ---p 00007000 103:05 1061127                   /usr/lib/x86_64-linux-gnu/libdrm_nouveau.so.2.0.0
7fe2d0219000-7fe2d021a000 r--p 00006000 103:05 1061127                   /usr/lib/x86_64-linux-gnu/libdrm_nouveau.so.2.0.0
7fe2d021a000-7fe2d021b000 rw-p 00007000 103:05 1061127                   /usr/lib/x86_64-linux-gnu/libdrm_nouveau.so.2.0.0
7fe2d021b000-7fe2d023b000 r-xp 00000000 103:05 1061125                   /usr/lib/x86_64-linux-gnu/libdrm_intel.so.1.0.0
7fe2d023b000-7fe2d043a000 ---p 00020000 103:05 1061125                   /usr/lib/x86_64-linux-gnu/libdrm_intel.so.1.0.0
7fe2d043a000-7fe2d043b000 r--p 0001f000 103:05 1061125                   /usr/lib/x86_64-linux-gnu/libdrm_intel.so.1.0.0
7fe2d043b000-7fe2d043c000 rw-p 00020000 103:05 1061125                   /usr/lib/x86_64-linux-gnu/libdrm_intel.so.1.0.0
7fe2d043c000-7fe2d0543000 r-xp 00000000 103:05 136929                    /lib/x86_64-linux-gnu/libgcrypt.so.20.1.2
7fe2d0543000-7fe2d0742000 ---p 00107000 103:05 136929                    /lib/x86_64-linux-gnu/libgcrypt.so.20.1.2
7fe2d0742000-7fe2d0744000 r--p 00106000 103:05 136929                    /lib/x86_64-linux-gnu/libgcrypt.so.20.1.2
7fe2d0744000-7fe2d074b000 rw-p 00108000 103:05 136929                    /lib/x86_64-linux-gnu/libgcrypt.so.20.1.2
7fe2d074b000-7fe2d0dee000 r-xp 00000000 103:05 8121                      /usr/lib/x86_64-linux-gnu/dri/i965_dri.so
7fe2d0dee000-7fe2d0fed000 ---p 006a3000 103:05 8121                      /usr/lib/x86_64-linux-gnu/dri/i965_dri.so
7fe2d0fed000-7fe2d102c000 r--p 006a2000 103:05 8121                      /usr/lib/x86_64-linux-gnu/dri/i965_dri.so
7fe2d102c000-7fe2d1034000 rw-p 006e1000 103:05 8121                      /usr/lib/x86_64-linux-gnu/dri/i965_dri.so
7fe2d1034000-7fe2d103c000 rw-p 00000000 00:00 0 
7fe2d103c000-7fe2d105a000 r-xp 00000000 103:05 136726                    /lib/x86_64-linux-gnu/libudev.so.1.6.5
7fe2d105a000-7fe2d105b000 ---p 0001e000 103:05 136726                    /lib/x86_64-linux-gnu/libudev.so.1.6.5
7fe2d105b000-7fe2d105c000 r--p 0001e000 103:05 136726                    /lib/x86_64-linux-gnu/libudev.so.1.6.5
7fe2d105c000-7fe2d105d000 rw-p 0001f000 103:05 136726                    /lib/x86_64-linux-gnu/libudev.so.1.6.5
7fe2d105d000-7fe2d1062000 r-xp 00000000 103:05 1060815                   /usr/lib/x86_64-linux-gnu/libXdmcp.so.6.0.0
7fe2d1062000-7fe2d1261000 ---p 00005000 103:05 1060815                   /usr/lib/x86_64-linux-gnu/libXdmcp.so.6.0.0
7fe2d1261000-7fe2d1262000 r--p 00004000 103:05 1060815                   /usr/lib/x86_64-linux-gnu/libXdmcp.so.6.0.0
7fe2d1262000-7fe2d1263000 rw-p 00005000 103:05 1060815                   /usr/lib/x86_64-linux-gnu/libXdmcp.so.6.0.0
7fe2d1263000-7fe2d1265000 r-xp 00000000 103:05 1060804                   /usr/lib/x86_64-linux-gnu/libXau.so.6.0.0
7fe2d1265000-7fe2d1465000 ---p 00002000 103:05 1060804                   /usr/lib/x86_64-linux-gnu/libXau.so.6.0.0
7fe2d1465000-7fe2d1466000 r--p 00002000 103:05 1060804                   /usr/lib/x86_64-linux-gnu/libXau.so.6.0.0
7fe2d1466000-7fe2d1467000 rw-p 00003000 103:05 1060804                   /usr/lib/x86_64-linux-gnu/libXau.so.6.0.0
7fe2d1467000-7fe2d1475000 r-xp 00000000 103:05 1061121                   /usr/lib/x86_64-linux-gnu/libdrm.so.2.4.0
7fe2d1475000-7fe2d1674000 ---p 0000e000 103:05 1061121                   /usr/lib/x86_64-linux-gnu/libdrm.so.2.4.0
7fe2d1674000-7fe2d1675000 r--p 0000d000 103:05 1061121                   /usr/lib/x86_64-linux-gnu/libdrm.so.2.4.0
7fe2d1675000-7fe2d1676000 rw-p 0000e000 103:05 1061121                   /usr/lib/x86_64-linux-gnu/libdrm.so.2.4.0
7fe2d1676000-7fe2d167b000 r-xp 00000000 103:05 1060853                   /usr/lib/x86_64-linux-gnu/libXxf86vm.so.1.0.0
7fe2d167b000-7fe2d187a000 ---p 00005000 103:05 1060853                   /usr/lib/x86_64-linux-gnu/libXxf86vm.so.1.0.0
7fe2d187a000-7fe2d187b000 r--p 00004000 103:05 1060853                   /usr/lib/x86_64-linux-gnu/libXxf86vm.so.1.0.0
7fe2d187b000-7fe2d187c000 rw-p 00005000 103:05 1060853                   /usr/lib/x86_64-linux-gnu/libXxf86vm.so.1.0.0
7fe2d187c000-7fe2d1880000 r-xp 00000000 103:05 1062304                   /usr/lib/x86_64-linux-gnu/libxcb-dri2.so.0.0.0
7fe2d1880000-7fe2d1a7f000 ---p 00004000 103:05 1062304                   /usr/lib/x86_64-linux-gnu/libxcb-dri2.so.0.0.0
7fe2d1a7f000-7fe2d1a80000 r--p 00003000 103:05 1062304                   /usr/lib/x86_64-linux-gnu/libxcb-dri2.so.0.0.0
7fe2d1a80000-7fe2d1a81000 rw-p 00004000 103:05 1062304                   /usr/lib/x86_64-linux-gnu/libxcb-dri2.so.0.0.0
7fe2d1a81000-7fe2d1a98000 r-xp 00000000 103:05 1062308                   /usr/lib/x86_64-linux-gnu/libxcb-glx.so.0.0.0
7fe2d1a98000-7fe2d1c97000 ---p 00017000 103:05 1062308                   /usr/lib/x86_64-linux-gnu/libxcb-glx.so.0.0.0
7fe2d1c97000-7fe2d1c99000 r--p 00016000 103:05 1062308                   /usr/lib/x86_64-linux-gnu/libxcb-glx.so.0.0.0
7fe2d1c99000-7fe2d1c9a000 rw-p 00018000 103:05 1062308                   /usr/lib/x86_64-linux-gnu/libxcb-glx.so.0.0.0
7fe2d1c9a000-7fe2d1c9b000 r-xp 00000000 103:05 1060798                   /usr/lib/x86_64-linux-gnu/libX11-xcb.so.1.0.0
7fe2d1c9b000-7fe2d1e9a000 ---p 00001000 103:05 1060798                   /usr/lib/x86_64-linux-gnu/libX11-xcb.so.1.0.0
7fe2d1e9a000-7fe2d1e9b000 r--p 00000000 103:05 1060798                   /usr/lib/x86_64-linux-gnu/libX11-xcb.so.1.0.0
7fe2d1e9b000-7fe2d1e9c000 rw-p 00001000 103:05 1060798                   /usr/lib/x86_64-linux-gnu/libX11-xcb.so.1.0.0
7fe2d1e9c000-7fe2d1ea1000 r-xp 00000000 103:05 1060819                   /usr/lib/x86_64-linux-gnu/libXfixes.so.3.1.0
7fe2d1ea1000-7fe2d20a0000 ---p 00005000 103:05 1060819                   /usr/lib/x86_64-linux-gnu/libXfixes.so.3.1.0
7fe2d20a0000-7fe2d20a1000 r--p 00004000 103:05 1060819                   /usr/lib/x86_64-linux-gnu/libXfixes.so.3.1.0
7fe2d20a1000-7fe2d20a2000 rw-p 00005000 103:05 1060819                   /usr/lib/x86_64-linux-gnu/libXfixes.so.3.1.0
7fe2d20a2000-7fe2d20a4000 r-xp 00000000 103:05 1060813                   /usr/lib/x86_64-linux-gnu/libXdamage.so.1.1.0
7fe2d20a4000-7fe2d22a3000 ---p 00002000 103:05 1060813                   /usr/lib/x86_64-linux-gnu/libXdamage.so.1.1.0
7fe2d22a3000-7fe2d22a4000 r--p 00001000 103:05 1060813                   /usr/lib/x86_64-linux-gnu/libXdamage.so.1.1.0
7fe2d22a4000-7fe2d22a5000 rw-p 00002000 103:05 1060813                   /usr/lib/x86_64-linux-gnu/libXdamage.so.1.1.0
7fe2d22a5000-7fe2d22b6000 r-xp 00000000 103:05 1060817                   /usr/lib/x86_64-linux-gnu/libXext.so.6.4.0
7fe2d22b6000-7fe2d24b5000 ---p 00011000 103:05 1060817                   /usr/lib/x86_64-linux-gnu/libXext.so.6.4.0
7fe2d24b5000-7fe2d24b6000 r--p 00010000 103:05 1060817                   /usr/lib/x86_64-linux-gnu/libXext.so.6.4.0
7fe2d24b6000-7fe2d24b7000 rw-p 00011000 103:05 1060817                   /usr/lib/x86_64-linux-gnu/libXext.so.6.4.0
7fe2d24b7000-7fe2d24e0000 r-xp 00000000 103:05 1052288                   /usr/lib/x86_64-linux-gnu/libglapi.so.0.0.0
7fe2d24e0000-7fe2d26df000 ---p 00029000 103:05 1052288                   /usr/lib/x86_64-linux-gnu/libglapi.so.0.0.0
7fe2d26df000-7fe2d26e3000 r--p 00028000 103:05 1052288                   /usr/lib/x86_64-linux-gnu/libglapi.so.0.0.0
7fe2d26e3000-7fe2d26e4000 rw-p 0002c000 103:05 1052288                   /usr/lib/x86_64-linux-gnu/libglapi.so.0.0.0
7fe2d26e4000-7fe2d26e5000 rw-p 00000000 00:00 0 
7fe2d26e5000-7fe2d26e6000 r-xp 00000000 103:05 1062350                   /usr/lib/x86_64-linux-gnu/libxshmfence.so.1.0.0
7fe2d26e6000-7fe2d28e6000 ---p 00001000 103:05 1062350                   /usr/lib/x86_64-linux-gnu/libxshmfence.so.1.0.0
7fe2d28e6000-7fe2d28e7000 r--p 00001000 103:05 1062350                   /usr/lib/x86_64-linux-gnu/libxshmfence.so.1.0.0
7fe2d28e7000-7fe2d28e8000 rw-p 00002000 103:05 1062350                   /usr/lib/x86_64-linux-gnu/libxshmfence.so.1.0.0
7fe2d28e8000-7fe2d28ed000 r-xp 00000000 103:05 1062328                   /usr/lib/x86_64-linux-gnu/libxcb-sync.so.1.0.0
7fe2d28ed000-7fe2d2aed000 ---p 00005000 103:05 1062328                   /usr/lib/x86_64-linux-gnu/libxcb-sync.so.1.0.0
7fe2d2aed000-7fe2d2aee000 r--p 00005000 103:05 1062328                   /usr/lib/x86_64-linux-gnu/libxcb-sync.so.1.0.0
7fe2d2aee000-7fe2d2aef000 rw-p 00006000 103:05 1062328                   /usr/lib/x86_64-linux-gnu/libxcb-sync.so.1.0.0
7fe2d2aef000-7fe2d2af1000 r-xp 00000000 103:05 1062316                   /usr/lib/x86_64-linux-gnu/libxcb-present.so.0.0.0
7fe2d2af1000-7fe2d2cf0000 ---p 00002000 103:05 1062316                   /usr/lib/x86_64-linux-gnu/libxcb-present.so.0.0.0
7fe2d2cf0000-7fe2d2cf1000 r--p 00001000 103:05 1062316                   /usr/lib/x86_64-linux-gnu/libxcb-present.so.0.0.0
7fe2d2cf1000-7fe2d2cf2000 rw-p 00002000 103:05 1062316                   /usr/lib/x86_64-linux-gnu/libxcb-present.so.0.0.0
7fe2d2cf2000-7fe2d2cf4000 r-xp 00000000 103:05 1062306                   /usr/lib/x86_64-linux-gnu/libxcb-dri3.so.0.0.0
7fe2d2cf4000-7fe2d2ef3000 ---p 00002000 103:05 1062306                   /usr/lib/x86_64-linux-gnu/libxcb-dri3.so.0.0.0
7fe2d2ef3000-7fe2d2ef4000 r--p 00001000 103:05 1062306                   /usr/lib/x86_64-linux-gnu/libxcb-dri3.so.0.0.0
7fe2d2ef4000-7fe2d2ef5000 rw-p 00002000 103:05 1062306                   /usr/lib/x86_64-linux-gnu/libxcb-dri3.so.0.0.0
7fe2d2ef5000-7fe2d2f1c000 r-xp 00000000 103:05 136920                    /lib/x86_64-linux-gnu/libexpat.so.1.6.2
7fe2d2f1c000-7fe2d311c000 ---p 00027000 103:05 136920                    /lib/x86_64-linux-gnu/libexpat.so.1.6.2
7fe2d311c000-7fe2d311e000 r--p 00027000 103:05 136920                    /lib/x86_64-linux-gnu/libexpat.so.1.6.2
7fe2d311e000-7fe2d311f000 rw-p 00029000 103:05 136920                    /lib/x86_64-linux-gnu/libexpat.so.1.6.2
7fe2d311f000-7fe2d3140000 r-xp 00000000 103:05 1062338                   /usr/lib/x86_64-linux-gnu/libxcb.so.1.1.0
7fe2d3140000-7fe2d333f000 ---p 00021000 103:05 1062338                   /usr/lib/x86_64-linux-gnu/libxcb.so.1.1.0
7fe2d333f000-7fe2d3340000 r--p 00020000 103:05 1062338                   /usr/lib/x86_64-linux-gnu/libxcb.so.1.1.0
7fe2d3340000-7fe2d3341000 rw-p 00021000 103:05 1062338                   /usr/lib/x86_64-linux-gnu/libxcb.so.1.1.0
7fe2d3341000-7fe2d33b1000 r-xp 00000000 103:05 137678                    /usr/lib/x86_64-linux-gnu/mesa/libGL.so.1.2.0
7fe2d33b1000-7fe2d35b0000 ---p 00070000 103:05 137678                    /usr/lib/x86_64-linux-gnu/mesa/libGL.so.1.2.0
7fe2d35b0000-7fe2d35b3000 r--p 0006f000 103:05 137678                    /usr/lib/x86_64-linux-gnu/mesa/libGL.so.1.2.0
7fe2d35b3000-7fe2d35b4000 rw-p 00072000 103:05 137678                    /usr/lib/x86_64-linux-gnu/mesa/libGL.so.1.2.0
7fe2d35b4000-7fe2d35b5000 rw-p 00000000 00:00 0 
7fe2d35b5000-7fe2d36ea000 r-xp 00000000 103:05 1060800                   /usr/lib/x86_64-linux-gnu/libX11.so.6.3.0
7fe2d36ea000-7fe2d38e9000 ---p 00135000 103:05 1060800                   /usr/lib/x86_64-linux-gnu/libX11.so.6.3.0
7fe2d38e9000-7fe2d38ea000 r--p 00134000 103:05 1060800                   /usr/lib/x86_64-linux-gnu/libX11.so.6.3.0
7fe2d38ea000-7fe2d38ee000 rw-p 00135000 103:05 1060800                   /usr/lib/x86_64-linux-gnu/libX11.so.6.3.0
7fe2d38ee000-7fe2d38fa000 r-xp 00000000 103:05 279204                    /usr/lib/jvm/java-8-openjdk-amd64/jre/lib/amd64/libprism_es2.so
7fe2d38fa000-7fe2d3af9000 ---p 0000c000 103:05 279204                    /usr/lib/jvm/java-8-openjdk-amd64/jre/lib/amd64/libprism_es2.so
7fe2d3af9000-7fe2d3afa000 r--p 0000b000 103:05 279204                    /usr/lib/jvm/java-8-openjdk-amd64/jre/lib/amd64/libprism_es2.so
7fe2d3afa000-7fe2d3afb000 rw-p 0000c000 103:05 279204                    /usr/lib/jvm/java-8-openjdk-amd64/jre/lib/amd64/libprism_es2.so
7fe2d3afb000-7fe2d3afe000 ---p 00000000 00:00 0 
7fe2d3afe000-7fe2d3bfc000 rw-p 00000000 00:00 0 
7fe2d3bfc000-7fe2d3bff000 ---p 00000000 00:00 0 
7fe2d3bff000-7fe2d3cfd000 rw-p 00000000 00:00 0 
7fe2d3cfd000-7fe2d3d00000 ---p 00000000 00:00 0 
7fe2d3d00000-7fe2d3dfe000 rw-p 00000000 00:00 0 
7fe2d3dfe000-7fe2d3dff000 ---p 00000000 00:00 0 
7fe2d3dff000-7fe2d3eff000 rw-p 00000000 00:00 0 
7fe2d3eff000-7fe2d3f02000 ---p 00000000 00:00 0 
7fe2d3f02000-7fe2d4000000 rw-p 00000000 00:00 0 
7fe2d4000000-7fe2d41d9000 rw-p 00000000 00:00 0 
7fe2d41d9000-7fe2d8000000 ---p 00000000 00:00 0 
7fe2d8000000-7fe2d81de000 rw-p 00000000 00:00 0 
7fe2d81de000-7fe2dc000000 ---p 00000000 00:00 0 
7fe2dc000000-7fe2dc10b000 rw-p 00000000 00:00 0 
7fe2dc10b000-7fe2e0000000 ---p 00000000 00:00 0 
7fe2e0000000-7fe2e01ba000 rw-p 00000000 00:00 0 
7fe2e01ba000-7fe2e4000000 ---p 00000000 00:00 0 
7fe2e4000000-7fe2e4021000 rw-p 00000000 00:00 0 
7fe2e4021000-7fe2e8000000 ---p 00000000 00:00 0 
7fe2e8000000-7fe2e8021000 rw-p 00000000 00:00 0 
7fe2e8021000-7fe2ec000000 ---p 00000000 00:00 0 
7fe2ec000000-7fe2ec021000 rw-p 00000000 00:00 0 
7fe2ec021000-7fe2f0000000 ---p 00000000 00:00 0 
7fe2f0000000-7fe2f0001000 r--s 00000000 103:05 1076651                   /var/cache/fontconfig/30829fa25452a46451e813d634d7f916-le64.cache-6
7fe2f0001000-7fe2f0002000 r--s 00000000 103:05 1076645                   /var/cache/fontconfig/0c9eb80ebd1c36541ebe2852d3bb0c49-le64.cache-6
7fe2f0002000-7fe2f000d000 r--s 00000000 103:05 1076666                   /var/cache/fontconfig/83bf95040141907cd45bb53cf7c1c148-le64.cache-6
7fe2f000d000-7fe2f0010000 r--s 00000000 103:05 1076682                   /var/cache/fontconfig/e13b20fdb08344e0e664864cc2ede53d-le64.cache-6
7fe2f0010000-7fe2f0014000 r--s 00000000 103:05 1048703                   /var/cache/fontconfig/7ef2298fde41cc6eeb7af42e48b7d293-le64.cache-6
7fe2f0014000-7fe2f001c000 rw-s 00000000 00:05 497626                     /drm mm object (deleted)
7fe2f001c000-7fe2f0024000 rw-s 00000000 00:05 500991                     /drm mm object (deleted)
7fe2f0024000-7fe2f002c000 rw-s 00000000 00:05 500974                     /drm mm object (deleted)
7fe2f002c000-7fe2f0047000 r--s 001d6000 103:05 279350                    /usr/lib/jvm/java-8-openjdk-amd64/jre/lib/ext/nashorn.jar
7fe2f0047000-7fe2f00dd000 r--s 008d6000 103:05 279517                    /usr/share/java/openjfx/jre/lib/ext/jfxrt.jar
7fe2f00dd000-7fe2f00e0000 ---p 00000000 00:00 0 
7fe2f00e0000-7fe2f01de000 rw-p 00000000 00:00 0 
7fe2f01de000-7fe2f01e1000 ---p 00000000 00:00 0 
7fe2f01e1000-7fe2f02df000 rw-p 00000000 00:00 0 
7fe2f02df000-7fe2f02e2000 ---p 00000000 00:00 0 
7fe2f02e2000-7fe2f8000000 rw-p 00000000 00:00 0 
7fe2f8000000-7fe2f8021000 rw-p 00000000 00:00 0 
7fe2f8021000-7fe2fc000000 ---p 00000000 00:00 0 
7fe2fc000000-7fe2fc021000 rw-p 00000000 00:00 0 
7fe2fc021000-7fe300000000 ---p 00000000 00:00 0 
7fe300000000-7fe300021000 rw-p 00000000 00:00 0 
7fe300021000-7fe304000000 ---p 00000000 00:00 0 
7fe304000000-7fe304021000 rw-p 00000000 00:00 0 
7fe304021000-7fe308000000 ---p 00000000 00:00 0 
7fe308000000-7fe308021000 rw-p 00000000 00:00 0 
7fe308021000-7fe30c000000 ---p 00000000 00:00 0 
7fe30c000000-7fe30c021000 rw-p 00000000 00:00 0 
7fe30c021000-7fe310000000 ---p 00000000 00:00 0 
7fe310000000-7fe310021000 rw-p 00000000 00:00 0 
7fe310021000-7fe314000000 ---p 00000000 00:00 0 
7fe314000000-7fe314021000 rw-p 00000000 00:00 0 
7fe314021000-7fe318000000 ---p 00000000 00:00 0 
7fe318000000-7fe318021000 rw-p 00000000 00:00 0 
7fe318021000-7fe31c000000 ---p 00000000 00:00 0 
7fe31c001000-7fe31c002000 rw-s 102f38000 00:06 398                       /dev/dri/card1
7fe31c002000-7fe31c009000 r--s 00000000 103:05 154219                    /usr/lib/x86_64-linux-gnu/gconv/gconv-modules.cache
7fe31c009000-7fe31c024000 r--s 00394000 103:05 279345                    /usr/lib/jvm/java-8-openjdk-amd64/jre/lib/ext/cldrdata.jar
7fe31c024000-7fe31c027000 ---p 00000000 00:00 0 
7fe31c027000-7fe31c125000 rw-p 00000000 00:00 0 
7fe31c125000-7fe31c128000 ---p 00000000 00:00 0 
7fe31c128000-7fe31c226000 rw-p 00000000 00:00 0 
7fe31c226000-7fe31cbe7000 r--p 00000000 103:05 1058289                   /usr/lib/locale/locale-archive
7fe31cbe7000-7fe31cbea000 ---p 00000000 00:00 0 
7fe31cbea000-7fe31cce8000 rw-p 00000000 00:00 0 
7fe31cce8000-7fe31cceb000 ---p 00000000 00:00 0 
7fe31cceb000-7fe31cde9000 rw-p 00000000 00:00 0 
7fe31cde9000-7fe31cdea000 ---p 00000000 00:00 0 
7fe31cdea000-7fe31eb7b000 rw-p 00000000 00:00 0 
7fe31eb7b000-7fe31ed49000 r--s 03c06000 103:05 279374                    /usr/lib/jvm/java-8-openjdk-amd64/jre/lib/rt.jar
7fe31ed49000-7fe31fd0b000 rw-p 00000000 00:00 0 
7fe31fd0b000-7fe31fd0c000 ---p 00000000 00:00 0 
7fe31fd0c000-7fe31fe0c000 rw-p 00000000 00:00 0 
7fe31fe0c000-7fe31fe0d000 ---p 00000000 00:00 0 
7fe31fe0d000-7fe31ff0d000 rw-p 00000000 00:00 0 
7fe31ff0d000-7fe31ff0e000 ---p 00000000 00:00 0 
7fe31ff0e000-7fe32000e000 rw-p 00000000 00:00 0 
7fe32000e000-7fe32000f000 ---p 00000000 00:00 0 
7fe32000f000-7fe32010f000 rw-p 00000000 00:00 0 
7fe32010f000-7fe320110000 ---p 00000000 00:00 0 
7fe320110000-7fe320210000 rw-p 00000000 00:00 0 
7fe320210000-7fe320211000 ---p 00000000 00:00 0 
7fe320211000-7fe320365000 rw-p 00000000 00:00 0 
7fe320365000-7fe32083d000 ---p 00000000 00:00 0 
7fe32083d000-7fe320891000 rw-p 00000000 00:00 0 
7fe320891000-7fe320d69000 ---p 00000000 00:00 0 
7fe320d69000-7fe320d93000 rw-p 00000000 00:00 0 
7fe320d93000-7fe320fff000 ---p 00000000 00:00 0 
7fe320fff000-7fe321000000 rw-p 00000000 00:00 0 
7fe321000000-7fe321410000 rwxp 00000000 00:00 0 
7fe321410000-7fe330000000 ---p 00000000 00:00 0 
7fe330000000-7fe330205000 rw-p 00000000 00:00 0 
7fe330205000-7fe334000000 ---p 00000000 00:00 0 
7fe334000000-7fe334005000 r--p 00000000 103:05 786557                    /home/justin/.config/dconf/user
7fe334005000-7fe334006000 r--s 00000000 00:30 56                         /run/user/1000/dconf/user
7fe334006000-7fe33407c000 rw-p 00000000 00:00 0 
7fe33407c000-7fe33407d000 ---p 00000000 00:00 0 
7fe33407d000-7fe33417d000 rw-p 00000000 00:00 0 
7fe33417d000-7fe33417e000 ---p 00000000 00:00 0 
7fe33417e000-7fe33428f000 rw-p 00000000 00:00 0 
7fe33428f000-7fe33463e000 ---p 00000000 00:00 0 
7fe33463e000-7fe334646000 r-xp 00000000 103:05 279331                    /usr/lib/jvm/java-8-openjdk-amd64/jre/lib/amd64/libzip.so
7fe334646000-7fe334845000 ---p 00008000 103:05 279331                    /usr/lib/jvm/java-8-openjdk-amd64/jre/lib/amd64/libzip.so
7fe334845000-7fe334846000 r--p 00007000 103:05 279331                    /usr/lib/jvm/java-8-openjdk-amd64/jre/lib/amd64/libzip.so
7fe334846000-7fe334847000 rw-p 00008000 103:05 279331                    /usr/lib/jvm/java-8-openjdk-amd64/jre/lib/amd64/libzip.so
7fe334847000-7fe334852000 r-xp 00000000 103:05 149387                    /lib/x86_64-linux-gnu/libnss_files-2.24.so
7fe334852000-7fe334a51000 ---p 0000b000 103:05 149387                    /lib/x86_64-linux-gnu/libnss_files-2.24.so
7fe334a51000-7fe334a52000 r--p 0000a000 103:05 149387                    /lib/x86_64-linux-gnu/libnss_files-2.24.so
7fe334a52000-7fe334a53000 rw-p 0000b000 103:05 149387                    /lib/x86_64-linux-gnu/libnss_files-2.24.so
7fe334a53000-7fe334a59000 rw-p 00000000 00:00 0 
7fe334a59000-7fe334a64000 r-xp 00000000 103:05 149392                    /lib/x86_64-linux-gnu/libnss_nis-2.24.so
7fe334a64000-7fe334c63000 ---p 0000b000 103:05 149392                    /lib/x86_64-linux-gnu/libnss_nis-2.24.so
7fe334c63000-7fe334c64000 r--p 0000a000 103:05 149392                    /lib/x86_64-linux-gnu/libnss_nis-2.24.so
7fe334c64000-7fe334c65000 rw-p 0000b000 103:05 149392                    /lib/x86_64-linux-gnu/libnss_nis-2.24.so
7fe334c65000-7fe334c7b000 r-xp 00000000 103:05 149279                    /lib/x86_64-linux-gnu/libnsl-2.24.so
7fe334c7b000-7fe334e7a000 ---p 00016000 103:05 149279                    /lib/x86_64-linux-gnu/libnsl-2.24.so
7fe334e7a000-7fe334e7b000 r--p 00015000 103:05 149279                    /lib/x86_64-linux-gnu/libnsl-2.24.so
7fe334e7b000-7fe334e7c000 rw-p 00016000 103:05 149279                    /lib/x86_64-linux-gnu/libnsl-2.24.so
7fe334e7c000-7fe334e7e000 rw-p 00000000 00:00 0 
7fe334e7e000-7fe334e86000 r-xp 00000000 103:05 149380                    /lib/x86_64-linux-gnu/libnss_compat-2.24.so
7fe334e86000-7fe335085000 ---p 00008000 103:05 149380                    /lib/x86_64-linux-gnu/libnss_compat-2.24.so
7fe335085000-7fe335086000 r--p 00007000 103:05 149380                    /lib/x86_64-linux-gnu/libnss_compat-2.24.so
7fe335086000-7fe335087000 rw-p 00008000 103:05 149380                    /lib/x86_64-linux-gnu/libnss_compat-2.24.so
7fe335087000-7fe3350b4000 r-xp 00000000 103:05 279312                    /usr/lib/jvm/java-8-openjdk-amd64/jre/lib/amd64/libjava.so
7fe3350b4000-7fe3352b3000 ---p 0002d000 103:05 279312                    /usr/lib/jvm/java-8-openjdk-amd64/jre/lib/amd64/libjava.so
7fe3352b3000-7fe3352b4000 r--p 0002c000 103:05 279312                    /usr/lib/jvm/java-8-openjdk-amd64/jre/lib/amd64/libjava.so
7fe3352b4000-7fe3352b6000 rw-p 0002d000 103:05 279312                    /usr/lib/jvm/java-8-openjdk-amd64/jre/lib/amd64/libjava.so
7fe3352b6000-7fe3352c5000 r-xp 00000000 103:05 279330                    /usr/lib/jvm/java-8-openjdk-amd64/jre/lib/amd64/libverify.so
7fe3352c5000-7fe3354c4000 ---p 0000f000 103:05 279330                    /usr/lib/jvm/java-8-openjdk-amd64/jre/lib/amd64/libverify.so
7fe3354c4000-7fe3354c6000 r--p 0000e000 103:05 279330                    /usr/lib/jvm/java-8-openjdk-amd64/jre/lib/amd64/libverify.so
7fe3354c6000-7fe3354c7000 rw-p 00010000 103:05 279330                    /usr/lib/jvm/java-8-openjdk-amd64/jre/lib/amd64/libverify.so
7fe3354c7000-7fe3354ce000 r-xp 00000000 103:05 149411                    /lib/x86_64-linux-gnu/librt-2.24.so
7fe3354ce000-7fe3356cd000 ---p 00007000 103:05 149411                    /lib/x86_64-linux-gnu/librt-2.24.so
7fe3356cd000-7fe3356ce000 r--p 00006000 103:05 149411                    /lib/x86_64-linux-gnu/librt-2.24.so
7fe3356ce000-7fe3356cf000 rw-p 00007000 103:05 149411                    /lib/x86_64-linux-gnu/librt-2.24.so
7fe3356cf000-7fe3356e5000 r-xp 00000000 103:05 136927                    /lib/x86_64-linux-gnu/libgcc_s.so.1
7fe3356e5000-7fe3358e4000 ---p 00016000 103:05 136927                    /lib/x86_64-linux-gnu/libgcc_s.so.1
7fe3358e4000-7fe3358e5000 r--p 00015000 103:05 136927                    /lib/x86_64-linux-gnu/libgcc_s.so.1
7fe3358e5000-7fe3358e6000 rw-p 00016000 103:05 136927                    /lib/x86_64-linux-gnu/libgcc_s.so.1
7fe3358e6000-7fe3359ee000 r-xp 00000000 103:05 148713                    /lib/x86_64-linux-gnu/libm-2.24.so
7fe3359ee000-7fe335bed000 ---p 00108000 103:05 148713                    /lib/x86_64-linux-gnu/libm-2.24.so
7fe335bed000-7fe335bee000 r--p 00107000 103:05 148713                    /lib/x86_64-linux-gnu/libm-2.24.so
7fe335bee000-7fe335bef000 rw-p 00108000 103:05 148713                    /lib/x86_64-linux-gnu/libm-2.24.so
7fe335bef000-7fe335d67000 r-xp 00000000 103:05 1062032                   /usr/lib/x86_64-linux-gnu/libstdc++.so.6.0.22
7fe335d67000-7fe335f67000 ---p 00178000 103:05 1062032                   /usr/lib/x86_64-linux-gnu/libstdc++.so.6.0.22
7fe335f67000-7fe335f71000 r--p 00178000 103:05 1062032                   /usr/lib/x86_64-linux-gnu/libstdc++.so.6.0.22
7fe335f71000-7fe335f73000 rw-p 00182000 103:05 1062032                   /usr/lib/x86_64-linux-gnu/libstdc++.so.6.0.22
7fe335f73000-7fe335f77000 rw-p 00000000 00:00 0 
7fe335f77000-7fe336bcc000 r-xp 00000000 103:05 279334                    /usr/lib/jvm/java-8-openjdk-amd64/jre/lib/amd64/server/libjvm.so
7fe336bcc000-7fe336dcc000 ---p 00c55000 103:05 279334                    /usr/lib/jvm/java-8-openjdk-amd64/jre/lib/amd64/server/libjvm.so
7fe336dcc000-7fe336e5f000 r--p 00c55000 103:05 279334                    /usr/lib/jvm/java-8-openjdk-amd64/jre/lib/amd64/server/libjvm.so
7fe336e5f000-7fe336e88000 rw-p 00ce8000 103:05 279334                    /usr/lib/jvm/java-8-openjdk-amd64/jre/lib/amd64/server/libjvm.so
7fe336e88000-7fe336eb8000 rw-p 00000000 00:00 0 
7fe336eb8000-7fe336ed0000 r-xp 00000000 103:05 149403                    /lib/x86_64-linux-gnu/libpthread-2.24.so
7fe336ed0000-7fe3370d0000 ---p 00018000 103:05 149403                    /lib/x86_64-linux-gnu/libpthread-2.24.so
7fe3370d0000-7fe3370d1000 r--p 00018000 103:05 149403                    /lib/x86_64-linux-gnu/libpthread-2.24.so
7fe3370d1000-7fe3370d2000 rw-p 00019000 103:05 149403                    /lib/x86_64-linux-gnu/libpthread-2.24.so
7fe3370d2000-7fe3370d6000 rw-p 00000000 00:00 0 
7fe3370d6000-7fe3370d9000 r-xp 00000000 103:05 148709                    /lib/x86_64-linux-gnu/libdl-2.24.so
7fe3370d9000-7fe3372d8000 ---p 00003000 103:05 148709                    /lib/x86_64-linux-gnu/libdl-2.24.so
7fe3372d8000-7fe3372d9000 r--p 00002000 103:05 148709                    /lib/x86_64-linux-gnu/libdl-2.24.so
7fe3372d9000-7fe3372da000 rw-p 00003000 103:05 148709                    /lib/x86_64-linux-gnu/libdl-2.24.so
7fe3372da000-7fe3372f3000 r-xp 00000000 103:05 137071                    /lib/x86_64-linux-gnu/libz.so.1.2.8
7fe3372f3000-7fe3374f2000 ---p 00019000 103:05 137071                    /lib/x86_64-linux-gnu/libz.so.1.2.8
7fe3374f2000-7fe3374f3000 r--p 00018000 103:05 137071                    /lib/x86_64-linux-gnu/libz.so.1.2.8
7fe3374f3000-7fe3374f4000 rw-p 00019000 103:05 137071                    /lib/x86_64-linux-gnu/libz.so.1.2.8
7fe3374f4000-7fe3376b1000 r-xp 00000000 103:05 148700                    /lib/x86_64-linux-gnu/libc-2.24.so
7fe3376b1000-7fe3378b1000 ---p 001bd000 103:05 148700                    /lib/x86_64-linux-gnu/libc-2.24.so
7fe3378b1000-7fe3378b5000 r--p 001bd000 103:05 148700                    /lib/x86_64-linux-gnu/libc-2.24.so
7fe3378b5000-7fe3378b7000 rw-p 001c1000 103:05 148700                    /lib/x86_64-linux-gnu/libc-2.24.so
7fe3378b7000-7fe3378bb000 rw-p 00000000 00:00 0 
7fe3378bb000-7fe3378c8000 r-xp 00000000 103:05 279298                    /usr/lib/jvm/java-8-openjdk-amd64/jre/lib/amd64/jli/libjli.so
7fe3378c8000-7fe337ac8000 ---p 0000d000 103:05 279298                    /usr/lib/jvm/java-8-openjdk-amd64/jre/lib/amd64/jli/libjli.so
7fe337ac8000-7fe337ac9000 r--p 0000d000 103:05 279298                    /usr/lib/jvm/java-8-openjdk-amd64/jre/lib/amd64/jli/libjli.so
7fe337ac9000-7fe337aca000 rw-p 0000e000 103:05 279298                    /usr/lib/jvm/java-8-openjdk-amd64/jre/lib/amd64/jli/libjli.so
7fe337aca000-7fe337aef000 r-xp 00000000 103:05 148690                    /lib/x86_64-linux-gnu/ld-2.24.so
7fe337aef000-7fe337af9000 r--s 00116000 103:05 279349                    /usr/lib/jvm/java-8-openjdk-amd64/jre/lib/ext/localedata.jar
7fe337af9000-7fe337bca000 rw-p 00000000 00:00 0 
7fe337bca000-7fe337bcd000 ---p 00000000 00:00 0 
7fe337bcd000-7fe337ccf000 rw-p 00000000 00:00 0 
7fe337ccf000-7fe337cd1000 r--s 00008000 103:05 279351                    /usr/lib/jvm/java-8-openjdk-amd64/jre/lib/ext/sunec.jar
7fe337cd1000-7fe337cd2000 r--s 0000a000 103:05 279348                    /usr/lib/jvm/java-8-openjdk-amd64/jre/lib/ext/jaccess.jar
7fe337cd2000-7fe337cd3000 r--s 00010000 103:05 279354                    /usr/lib/jvm/java-8-openjdk-amd64/jre/lib/ext/zipfs.jar
7fe337cd3000-7fe337cd8000 r--s 0003b000 103:05 279352                    /usr/lib/jvm/java-8-openjdk-amd64/jre/lib/ext/sunjce_provider.jar
7fe337cd8000-7fe337cdc000 r--s 00037000 103:05 279353                    /usr/lib/jvm/java-8-openjdk-amd64/jre/lib/ext/sunpkcs11.jar
7fe337cdc000-7fe337cdf000 r--s 0000f000 103:05 279347                    /usr/lib/jvm/java-8-openjdk-amd64/jre/lib/ext/icedtea-sound.jar
7fe337cdf000-7fe337ce1000 r--s 00001000 103:05 279346                    /usr/lib/jvm/java-8-openjdk-amd64/jre/lib/ext/dnsns.jar
7fe337ce1000-7fe337ce9000 rw-s 00000000 103:05 422273                    /tmp/hsperfdata_justin/13632
7fe337ce9000-7fe337cea000 rw-p 00000000 00:00 0 
7fe337cea000-7fe337ceb000 r--p 00000000 00:00 0 
7fe337ceb000-7fe337cee000 rw-p 00000000 00:00 0 
7fe337cee000-7fe337cef000 r--p 00024000 103:05 148690                    /lib/x86_64-linux-gnu/ld-2.24.so
7fe337cef000-7fe337cf0000 rw-p 00025000 103:05 148690                    /lib/x86_64-linux-gnu/ld-2.24.so
7fe337cf0000-7fe337cf1000 rw-p 00000000 00:00 0 
7fff5b9e4000-7fff5ba05000 rw-p 00000000 00:00 0                          [stack]
7fff5ba7f000-7fff5ba81000 r--p 00000000 00:00 0                          [vvar]
7fff5ba81000-7fff5ba83000 r-xp 00000000 00:00 0                          [vdso]
ffffffffff600000-ffffffffff601000 r-xp 00000000 00:00 0                  [vsyscall]

VM Arguments:
jvm_args: -Dfile.encoding=UTF-8 
java_command: application.Main
java_class_path (initial): /home/justin/git/IntegrationProject/IntegrationProject/bin:/home/justin/.p2/pool/plugins/org.junit_4.12.0.v201504281640/junit.jar:/home/justin/.p2/pool/plugins/org.hamcrest.core_1.3.0.v201303031735.jar
Launcher Type: SUN_STANDARD

Environment Variables:
PATH=/home/justin/bin:/home/justin/.local/bin:/usr/local/sbin:/usr/local/bin:/usr/sbin:/usr/bin:/sbin:/bin:/usr/games:/usr/local/games:/snap/bin
SHELL=/bin/bash
DISPLAY=:0

Signal Handlers:
SIGSEGV: [libjvm.so+0xa6c900], sa_mask[0]=11111111011111111101111111111110, sa_flags=SA_RESTART|SA_SIGINFO
SIGBUS: [libjvm.so+0xa6c900], sa_mask[0]=11111111011111111101111111111110, sa_flags=SA_RESTART|SA_SIGINFO
SIGFPE: [libjvm.so+0x8b6400], sa_mask[0]=11111111011111111101111111111110, sa_flags=SA_RESTART|SA_SIGINFO
SIGPIPE: SIG_IGN, sa_mask[0]=00000000000010000000000000000000, sa_flags=SA_RESTART
SIGXFSZ: [libjvm.so+0x8b6400], sa_mask[0]=11111111011111111101111111111110, sa_flags=SA_RESTART|SA_SIGINFO
SIGILL: [libjvm.so+0x8b6400], sa_mask[0]=11111111011111111101111111111110, sa_flags=SA_RESTART|SA_SIGINFO
SIGUSR1: SIG_DFL, sa_mask[0]=00000000000000000000000000000000, sa_flags=none
SIGUSR2: [libjvm.so+0x8b62b0], sa_mask[0]=00100000000000000000000000000000, sa_flags=SA_RESTART|SA_SIGINFO
SIGHUP: [libjvm.so+0x8b6760], sa_mask[0]=11111111011111111101111111111110, sa_flags=SA_RESTART|SA_SIGINFO
SIGINT: [libjvm.so+0x8b6760], sa_mask[0]=11111111011111111101111111111110, sa_flags=SA_RESTART|SA_SIGINFO
SIGTERM: [libjvm.so+0x8b6760], sa_mask[0]=11111111011111111101111111111110, sa_flags=SA_RESTART|SA_SIGINFO
SIGQUIT: [libjvm.so+0x8b6760], sa_mask[0]=11111111011111111101111111111110, sa_flags=SA_RESTART|SA_SIGINFO


---------------  S Y S T E M  ---------------

OS:DISTRIB_ID=Ubuntu
DISTRIB_RELEASE=16.10
DISTRIB_CODENAME=yakkety
DISTRIB_DESCRIPTION="Ubuntu 16.10"

uname:Linux 4.8.0-46-generic #49-Ubuntu SMP Fri Mar 31 13:57:14 UTC 2017 x86_64
libc:glibc 2.24 NPTL 2.24 
rlimit: STACK 8192k, CORE 0k, NPROC 63036, NOFILE 4096, AS infinity
load average:0,44 0,39 0,42

/proc/meminfo:
MemTotal:       16264244 kB
MemFree:         9366980 kB
MemAvailable:   11460476 kB
Buffers:          239672 kB
Cached:          2870928 kB
SwapCached:            0 kB
Active:          4449452 kB
Inactive:        2012392 kB
Active(anon):    3352500 kB
Inactive(anon):   846628 kB
Active(file):    1096952 kB
Inactive(file):  1165764 kB
Unevictable:          48 kB
Mlocked:              48 kB
SwapTotal:             0 kB
SwapFree:              0 kB
Dirty:               704 kB
Writeback:             0 kB
AnonPages:       3275400 kB
Mapped:           747876 kB
Shmem:            847888 kB
Slab:             244812 kB
SReclaimable:     175144 kB
SUnreclaim:        69668 kB
KernelStack:       13712 kB
PageTables:        57076 kB
NFS_Unstable:          0 kB
Bounce:                0 kB
WritebackTmp:          0 kB
CommitLimit:     8132120 kB
Committed_AS:    9918720 kB
VmallocTotal:   34359738367 kB
VmallocUsed:           0 kB
VmallocChunk:          0 kB
HardwareCorrupted:     0 kB
AnonHugePages:   1431552 kB
ShmemHugePages:        0 kB
ShmemPmdMapped:        0 kB
CmaTotal:              0 kB
CmaFree:               0 kB
HugePages_Total:       0
HugePages_Free:        0
HugePages_Rsvd:        0
HugePages_Surp:        0
Hugepagesize:       2048 kB
DirectMap4k:      219700 kB
DirectMap2M:     7999488 kB
DirectMap1G:     9437184 kB


CPU:total 8 (4 cores per cpu, 2 threads per core) family 6 model 94 stepping 3, cmov, cx8, fxsr, mmx, sse, sse2, sse3, ssse3, sse4.1, sse4.2, popcnt, avx, avx2, aes, clmul, erms, rtm, 3dnowpref, lzcnt, ht, tsc, tscinvbit, bmi1, bmi2, adx

/proc/cpuinfo:
processor	: 0
vendor_id	: GenuineIntel
cpu family	: 6
model		: 94
model name	: Intel(R) Core(TM) i7-6700HQ CPU @ 2.60GHz
stepping	: 3
microcode	: 0x9e
cpu MHz		: 2593.652
cache size	: 6144 KB
physical id	: 0
siblings	: 8
core id		: 0
cpu cores	: 4
apicid		: 0
initial apicid	: 0
fpu		: yes
fpu_exception	: yes
cpuid level	: 22
wp		: yes
flags		: fpu vme de pse tsc msr pae mce cx8 apic sep mtrr pge mca cmov pat pse36 clflush dts acpi mmx fxsr sse sse2 ss ht tm pbe syscall nx pdpe1gb rdtscp lm constant_tsc art arch_perfmon pebs bts rep_good nopl xtopology nonstop_tsc aperfmperf eagerfpu pni pclmulqdq dtes64 monitor ds_cpl vmx est tm2 ssse3 sdbg fma cx16 xtpr pdcm pcid sse4_1 sse4_2 x2apic movbe popcnt tsc_deadline_timer aes xsave avx f16c rdrand lahf_lm abm 3dnowprefetch epb intel_pt tpr_shadow vnmi flexpriority ept vpid fsgsbase tsc_adjust bmi1 hle avx2 smep bmi2 erms invpcid rtm mpx rdseed adx smap clflushopt xsaveopt xsavec xgetbv1 xsaves dtherm ida arat pln pts hwp hwp_notify hwp_act_window hwp_epp
bugs		:
bogomips	: 5184.00
clflush size	: 64
cache_alignment	: 64
address sizes	: 39 bits physical, 48 bits virtual
power management:

processor	: 1
vendor_id	: GenuineIntel
cpu family	: 6
model		: 94
model name	: Intel(R) Core(TM) i7-6700HQ CPU @ 2.60GHz
stepping	: 3
microcode	: 0x9e
cpu MHz		: 2117.736
cache size	: 6144 KB
physical id	: 0
siblings	: 8
core id		: 1
cpu cores	: 4
apicid		: 2
initial apicid	: 2
fpu		: yes
fpu_exception	: yes
cpuid level	: 22
wp		: yes
flags		: fpu vme de pse tsc msr pae mce cx8 apic sep mtrr pge mca cmov pat pse36 clflush dts acpi mmx fxsr sse sse2 ss ht tm pbe syscall nx pdpe1gb rdtscp lm constant_tsc art arch_perfmon pebs bts rep_good nopl xtopology nonstop_tsc aperfmperf eagerfpu pni pclmulqdq dtes64 monitor ds_cpl vmx est tm2 ssse3 sdbg fma cx16 xtpr pdcm pcid sse4_1 sse4_2 x2apic movbe popcnt tsc_deadline_timer aes xsave avx f16c rdrand lahf_lm abm 3dnowprefetch epb intel_pt tpr_shadow vnmi flexpriority ept vpid fsgsbase tsc_adjust bmi1 hle avx2 smep bmi2 erms invpcid rtm mpx rdseed adx smap clflushopt xsaveopt xsavec xgetbv1 xsaves dtherm ida arat pln pts hwp hwp_notify hwp_act_window hwp_epp
bugs		:
bogomips	: 5184.00
clflush size	: 64
cache_alignment	: 64
address sizes	: 39 bits physical, 48 bits virtual
power management:

processor	: 2
vendor_id	: GenuineIntel
cpu family	: 6
model		: 94
model name	: Intel(R) Core(TM) i7-6700HQ CPU @ 2.60GHz
stepping	: 3
microcode	: 0x9e
cpu MHz		: 2406.872
cache size	: 6144 KB
physical id	: 0
siblings	: 8
core id		: 2
cpu cores	: 4
apicid		: 4
initial apicid	: 4
fpu		: yes
fpu_exception	: yes
cpuid level	: 22
wp		: yes
flags		: fpu vme de pse tsc msr pae mce cx8 apic sep mtrr pge mca cmov pat pse36 clflush dts acpi mmx fxsr sse sse2 ss ht tm pbe syscall nx pdpe1gb rdtscp lm constant_tsc art arch_perfmon pebs bts rep_good nopl xtopology nonstop_tsc aperfmperf eagerfpu pni pclmulqdq dtes64 monitor ds_cpl vmx est tm2 ssse3 sdbg fma cx16 xtpr pdcm pcid sse4_1 sse4_2 x2apic movbe popcnt tsc_deadline_timer aes xsave avx f16c rdrand lahf_lm abm 3dnowprefetch epb intel_pt tpr_shadow vnmi flexpriority ept vpid fsgsbase tsc_adjust bmi1 hle avx2 smep bmi2 erms invpcid rtm mpx rdseed adx smap clflushopt xsaveopt xsavec xgetbv1 xsaves dtherm ida arat pln pts hwp hwp_notify hwp_act_window hwp_epp
bugs		:
bogomips	: 5184.00
clflush size	: 64
cache_alignment	: 64
address sizes	: 39 bits physical, 48 bits virtual
power management:

processor	: 3
vendor_id	: GenuineIntel
cpu family	: 6
model		: 94
model name	: Intel(R) Core(TM) i7-6700HQ CPU @ 2.60GHz
stepping	: 3
microcode	: 0x9e
cpu MHz		: 1812.573
cache size	: 6144 KB
physical id	: 0
siblings	: 8
core id		: 3
cpu cores	: 4
apicid		: 6
initial apicid	: 6
fpu		: yes
fpu_exception	: yes
cpuid level	: 22
wp		: yes
flags		: fpu vme de pse tsc msr pae mce cx8 apic sep mtrr pge mca cmov pat pse36 clflush dts acpi mmx fxsr sse sse2 ss ht tm pbe syscall nx pdpe1gb rdtscp lm constant_tsc art arch_perfmon pebs bts rep_good nopl xtopology nonstop_tsc aperfmperf eagerfpu pni pclmulqdq dtes64 monitor ds_cpl vmx est tm2 ssse3 sdbg fma cx16 xtpr pdcm pcid sse4_1 sse4_2 x2apic movbe popcnt tsc_deadline_timer aes xsave avx f16c rdrand lahf_lm abm 3dnowprefetch epb intel_pt tpr_shadow vnmi flexpriority ept vpid fsgsbase tsc_adjust bmi1 hle avx2 smep bmi2 erms invpcid rtm mpx rdseed adx smap clflushopt xsaveopt xsavec xgetbv1 xsaves dtherm ida arat pln pts hwp hwp_notify hwp_act_window hwp_epp
bugs		:
bogomips	: 5184.00
clflush size	: 64
cache_alignment	: 64
address sizes	: 39 bits physical, 48 bits virtual
power management:

processor	: 4
vendor_id	: GenuineIntel
cpu family	: 6
model		: 94
model name	: Intel(R) Core(TM) i7-6700HQ CPU @ 2.60GHz
stepping	: 3
microcode	: 0x9e
cpu MHz		: 2582.702
cache size	: 6144 KB
physical id	: 0
siblings	: 8
core id		: 0
cpu cores	: 4
apicid		: 1
initial apicid	: 1
fpu		: yes
fpu_exception	: yes
cpuid level	: 22
wp		: yes
flags		: fpu vme de pse tsc msr pae mce cx8 apic sep mtrr pge mca cmov pat pse36 clflush dts acpi mmx fxsr sse sse2 ss ht tm pbe syscall nx pdpe1gb rdtscp lm constant_tsc art arch_perfmon pebs bts rep_good nopl xtopology nonstop_tsc aperfmperf eagerfpu pni pclmulqdq dtes64 monitor ds_cpl vmx est tm2 ssse3 sdbg fma cx16 xtpr pdcm pcid sse4_1 sse4_2 x2apic movbe popcnt tsc_deadline_timer aes xsave avx f16c rdrand lahf_lm abm 3dnowprefetch epb intel_pt tpr_shadow vnmi flexpriority ept vpid fsgsbase tsc_adjust bmi1 hle avx2 smep bmi2 erms invpcid rtm mpx rdseed adx smap clflushopt xsaveopt xsavec xgetbv1 xsaves dtherm ida arat pln pts hwp hwp_notify hwp_act_window hwp_epp
bugs		:
bogomips	: 5184.00
clflush size	: 64
cache_alignment	: 64
address sizes	: 39 bits physical, 48 bits virtual
power management:

processor	: 5
vendor_id	: GenuineIntel
cpu family	: 6
model		: 94
model name	: Intel(R) Core(TM) i7-6700HQ CPU @ 2.60GHz
stepping	: 3
microcode	: 0x9e
cpu MHz		: 2364.343
cache size	: 6144 KB
physical id	: 0
siblings	: 8
core id		: 1
cpu cores	: 4
apicid		: 3
initial apicid	: 3
fpu		: yes
fpu_exception	: yes
cpuid level	: 22
wp		: yes
flags		: fpu vme de pse tsc msr pae mce cx8 apic sep mtrr pge mca cmov pat pse36 clflush dts acpi mmx fxsr sse sse2 ss ht tm pbe syscall nx pdpe1gb rdtscp lm constant_tsc art arch_perfmon pebs bts rep_good nopl xtopology nonstop_tsc aperfmperf eagerfpu pni pclmulqdq dtes64 monitor ds_cpl vmx est tm2 ssse3 sdbg fma cx16 xtpr pdcm pcid sse4_1 sse4_2 x2apic movbe popcnt tsc_deadline_timer aes xsave avx f16c rdrand lahf_lm abm 3dnowprefetch epb intel_pt tpr_shadow vnmi flexpriority ept vpid fsgsbase tsc_adjust bmi1 hle avx2 smep bmi2 erms invpcid rtm mpx rdseed adx smap clflushopt xsaveopt xsavec xgetbv1 xsaves dtherm ida arat pln pts hwp hwp_notify hwp_act_window hwp_epp
bugs		:
bogomips	: 5184.00
clflush size	: 64
cache_alignment	: 64
address sizes	: 39 bits physical, 48 bits virtual
power management:

processor	: 6
vendor_id	: GenuineIntel
cpu family	: 6
model		: 94
model name	: Intel(R) Core(TM) i7-6700HQ CPU @ 2.60GHz
stepping	: 3
microcode	: 0x9e
cpu MHz		: 1515.185
cache size	: 6144 KB
physical id	: 0
siblings	: 8
core id		: 2
cpu cores	: 4
apicid		: 5
initial apicid	: 5
fpu		: yes
fpu_exception	: yes
cpuid level	: 22
wp		: yes
flags		: fpu vme de pse tsc msr pae mce cx8 apic sep mtrr pge mca cmov pat pse36 clflush dts acpi mmx fxsr sse sse2 ss ht tm pbe syscall nx pdpe1gb rdtscp lm constant_tsc art arch_perfmon pebs bts rep_good nopl xtopology nonstop_tsc aperfmperf eagerfpu pni pclmulqdq dtes64 monitor ds_cpl vmx est tm2 ssse3 sdbg fma cx16 xtpr pdcm pcid sse4_1 sse4_2 x2apic movbe popcnt tsc_deadline_timer aes xsave avx f16c rdrand lahf_lm abm 3dnowprefetch epb intel_pt tpr_shadow vnmi flexpriority ept vpid fsgsbase tsc_adjust bmi1 hle avx2 smep bmi2 erms invpcid rtm mpx rdseed adx smap clflushopt xsaveopt xsavec xgetbv1 xsaves dtherm ida arat pln pts hwp hwp_notify hwp_act_window hwp_epp
bugs		:
bogomips	: 5184.00
clflush size	: 64
cache_alignment	: 64
address sizes	: 39 bits physical, 48 bits virtual
power management:

processor	: 7
vendor_id	: GenuineIntel
cpu family	: 6
model		: 94
model name	: Intel(R) Core(TM) i7-6700HQ CPU @ 2.60GHz
stepping	: 3
microcode	: 0x9e
cpu MHz		: 1487.890
cache size	: 6144 KB
physical id	: 0
siblings	: 8
core id		: 3
cpu cores	: 4
apicid		: 7
initial apicid	: 7
fpu		: yes
fpu_exception	: yes
cpuid level	: 22
wp		: yes
flags		: fpu vme de pse tsc msr pae mce cx8 apic sep mtrr pge mca cmov pat pse36 clflush dts acpi mmx fxsr sse sse2 ss ht tm pbe syscall nx pdpe1gb rdtscp lm constant_tsc art arch_perfmon pebs bts rep_good nopl xtopology nonstop_tsc aperfmperf eagerfpu pni pclmulqdq dtes64 monitor ds_cpl vmx est tm2 ssse3 sdbg fma cx16 xtpr pdcm pcid sse4_1 sse4_2 x2apic movbe popcnt tsc_deadline_timer aes xsave avx f16c rdrand lahf_lm abm 3dnowprefetch epb intel_pt tpr_shadow vnmi flexpriority ept vpid fsgsbase tsc_adjust bmi1 hle avx2 smep bmi2 erms invpcid rtm mpx rdseed adx smap clflushopt xsaveopt xsavec xgetbv1 xsaves dtherm ida arat pln pts hwp hwp_notify hwp_act_window hwp_epp
bugs		:
bogomips	: 5184.00
clflush size	: 64
cache_alignment	: 64
address sizes	: 39 bits physical, 48 bits virtual
power management:



Memory: 4k page, physical 16264244k(9366980k free), swap 0k(0k free)

vm_info: OpenJDK 64-Bit Server VM (25.121-b13) for linux-amd64 JRE (1.8.0_121-8u121-b13-0ubuntu1.16.10.2-b13), built on Jan 23 2017 11:22:24 by "buildd" with gcc 6.2.0 20161005

time: Tue Apr 11 19:02:34 2017
elapsed time: 3 seconds (0d 0h 0m 3s)

