#
# A fatal error has been detected by the Java Runtime Environment:
#
#  SIGSEGV (0xb) at pc=0x00007f5808690c8d, pid=16478, tid=0x00007f57d0101700
#
# JRE version: OpenJDK Runtime Environment (8.0_121-b13) (build 1.8.0_121-8u121-b13-0ubuntu1.16.10.2-b13)
# Java VM: OpenJDK 64-Bit Server VM (25.121-b13 mixed mode linux-amd64 compressed oops)
# Problematic frame:
# V  [libjvm.so+0x67cc8d]  jni_invoke_nonstatic(JNIEnv_*, JavaValue*, _jobject*, JNICallType, _jmethodID*, JNI_ArgumentPusher*, Thread*) [clone .constprop.84]+0x3d
#
# Failed to write core dump. Core dumps have been disabled. To enable core dumping, try "ulimit -c unlimited" before starting Java again
#
# If you would like to submit a bug report, please visit:
#   http://bugreport.java.com/bugreport/crash.jsp
#

---------------  T H R E A D  ---------------

Current thread (0x00007f578413d000):  JavaThread "JavaFX Application Thread" [_thread_in_vm, id=16509, stack(0x00007f57d0001000,0x00007f57d0102000)]

siginfo: si_signo: 11 (SIGSEGV), si_code: 1 (SEGV_MAPERR), si_addr: 0x00007f5700000000

Registers:
RAX=0x0000000000000000, RBX=0x00007f578413d000, RCX=0x00007f57840788e8, RDX=0x00007f5700000000
RSP=0x00007f57d0100230, RBP=0x00007f57d01003b0, RSI=0x00007f57d01003d0, RDI=0x00007f578413d1e0
R8 =0x00007f57d0100400, R9 =0x00007f578413d000, R10=0x00007f5768000b10, R11=0x00007f57f138cb20
R12=0x00007f578413d1e0, R13=0x00007f578413d000, R14=0x00007f57d0100490, R15=0x00007f5700000000
RIP=0x00007f5808690c8d, EFLAGS=0x0000000000010206, CSGSFS=0x002b000000000033, ERR=0x0000000000000004
  TRAPNO=0x000000000000000e

Top of Stack: (sp=0x00007f57d0100230)
0x00007f57d0100230:   00007f57d0100340 00007f5808677db3
0x00007f57d0100240:   0000000000000000 00007f57d0100280
0x00007f57d0100250:   00007f580000000e 00007f578413d1e0
0x00007f57d0100260:   00007f57d0100270 00007f57d01003d0
0x00007f57d0100270:   00007f57f0d83b90 00007f578413d000
0x00007f57d0100280:   00007f57f0d83b90 00007f578413d000
0x00007f57d0100290:   00007f578413b640 00007f579c000a30
0x00007f57d01002a0:   00007f579c000a40 00007f579c000e18
0x00007f57d01002b0:   00000000000003d8 0000000000000000
0x00007f57d01002c0:   00007f57f0d83b90 00007f578413d000
0x00007f57d01002d0:   00000000f0d78030 000000076f62d408
0x00007f57d01002e0:   0000000000000000 00007f57f1017748
0x00007f57d01002f0:   00007f57f0d83b90 00007f578413d000
0x00007f57d0100300:   0000000000000000 000000076f67cbd8
0x00007f57d0100310:   000000000000006f 00007f570000000a
0x00007f57d0100320:   000000077092fd70 00007f5700000000
0x00007f57d0100330:   00007f57d0100420 00007f57d01003e0
0x00007f57d0100340:   00007f57d01004d0 0000000100000190
0x00007f57d0100350:   00007f57840a6000 00007f57d0100308
0x00007f57d0100360:   00007f57d0100349 0000000800000005
0x00007f57d0100370:   00007f5800000000 ec4d4ae975467300
0x00007f57d0100380:   00007f57d0100390 00007f578413d000
0x00007f57d0100390:   00007f578413d1e0 00007f57840788e8
0x00007f57d01003a0:   00007f57d0100490 00007f5700000000
0x00007f57d01003b0:   00007f57d0100480 00007f58086942ba
0x00007f57d01003c0:   00007f579c000a40 00007f57d0100400
0x00007f57d01003d0:   000000000000000e ec4d4ae900000000
0x00007f57d01003e0:   00007f578413d000 0000000000000000
0x00007f57d01003f0:   0000000000000067 ec4d4ae975467300
0x00007f57d0100400:   00007f5808e755b0 00007f5809b9c690
0x00007f57d0100410:   00000000f0d78030 00007f5700000063
0x00007f57d0100420:   0000000000000000 0000003000000018 

Instructions: (pc=0x00007f5808690c8d)
0x00007f5808690c6d:   ff 48 89 b5 b8 fe ff ff 64 48 8b 04 25 28 00 00
0x00007f5808690c7d:   00 48 89 45 c8 31 c0 48 85 d2 0f 84 3b 03 00 00
0x00007f5808690c8d:   4c 8b 32 4d 85 f6 0f 84 2f 03 00 00 49 8b b9 20
0x00007f5808690c9d:   01 00 00 48 89 cb 4d 89 c4 e8 f5 4c ff ff 4c 89 

Register to memory mapping:

RAX=0x0000000000000000 is an unknown value
RBX=0x00007f578413d000 is a thread
RCX=0x00007f57840788e8 is an unknown value
RDX=0x00007f5700000000 is an unknown value
RSP=0x00007f57d0100230 is pointing into the stack for thread: 0x00007f578413d000
RBP=0x00007f57d01003b0 is pointing into the stack for thread: 0x00007f578413d000
RSI=0x00007f57d01003d0 is pointing into the stack for thread: 0x00007f578413d000
RDI=0x00007f578413d1e0 is an unknown value
R8 =0x00007f57d0100400 is pointing into the stack for thread: 0x00007f578413d000
R9 =0x00007f578413d000 is a thread
R10=0x00007f5768000b10 is an unknown value
R11=0x00007f57f138cb20 is at entry_point+32 in (nmethod*)0x00007f57f138c990
R12=0x00007f578413d1e0 is an unknown value
R13=0x00007f578413d000 is a thread
R14=0x00007f57d0100490 is pointing into the stack for thread: 0x00007f578413d000
R15=0x00007f5700000000 is an unknown value


Stack: [0x00007f57d0001000,0x00007f57d0102000],  sp=0x00007f57d0100230,  free space=1020k
Native frames: (J=compiled Java code, j=interpreted, Vv=VM code, C=native code)
V  [libjvm.so+0x67cc8d]  jni_invoke_nonstatic(JNIEnv_*, JavaValue*, _jobject*, JNICallType, _jmethodID*, JNI_ArgumentPusher*, Thread*) [clone .constprop.84]+0x3d
V  [libjvm.so+0x6802ba]  jni_CallVoidMethodV+0x10a
C  [libglass.so+0x11e13]  JNIEnv_::CallVoidMethod(_jobject*, _jmethodID*, ...)+0x93
C  [libglass.so+0x19585]  WindowContextBase::process_key(_GdkEventKey*)+0x215
C  [libglass.so+0x11a80]  WindowContextBase::im_filter_keypress(_GdkEventKey*)+0x1f0
C  [libglass.so+0x1ef0c]
C  [libgdk-x11-2.0.so.0+0x5acdc]

Java frames: (J=compiled Java code, j=interpreted, Vv=VM code)
j  com.sun.glass.ui.gtk.GtkApplication._runLoop(Ljava/lang/Runnable;Z)V+0
j  com.sun.glass.ui.gtk.GtkApplication.lambda$null$5(Ljava/lang/Runnable;Z)V+7
j  com.sun.glass.ui.gtk.GtkApplication$$Lambda$43.run()V+12
j  java.lang.Thread.run()V+11
v  ~StubRoutines::call_stub

---------------  P R O C E S S  ---------------

Java Threads: ( => current thread )
  0x00007f580000a000 JavaThread "DestroyJavaVM" [_thread_blocked, id=16483, stack(0x00007f5809c67000,0x00007f5809d68000)]
  0x00007f58001a2000 JavaThread "Thread-5" [_thread_blocked, id=16514, stack(0x00007f57c9a33000,0x00007f57c9b34000)]
  0x00007f58001a0800 JavaThread "Thread-4" [_thread_in_native, id=16513, stack(0x00007f57c9b34000,0x00007f57c9c35000)]
  0x00007f5768195800 JavaThread "Prism Font Disposer" daemon [_thread_blocked, id=16511, stack(0x00007f57ca42d000,0x00007f57ca52e000)]
=>0x00007f578413d000 JavaThread "JavaFX Application Thread" [_thread_in_vm, id=16509, stack(0x00007f57d0001000,0x00007f57d0102000)]
  0x00007f5784138800 JavaThread "Thread-3" daemon [_thread_blocked, id=16508, stack(0x00007f57d801d000,0x00007f57d811e000)]
  0x00007f5784049000 JavaThread "QuantumRenderer-0" daemon [_thread_blocked, id=16504, stack(0x00007f57e978b000,0x00007f57e988c000)]
  0x00007f5780077800 JavaThread "JavaFX-Launcher" [_thread_blocked, id=16503, stack(0x00007f57e988c000,0x00007f57e998d000)]
  0x00007f580018f800 JavaThread "Thread-0" [_thread_blocked, id=16502, stack(0x00007f57e998d000,0x00007f57e9a8e000)]
  0x00007f58000cc800 JavaThread "Service Thread" daemon [_thread_blocked, id=16500, stack(0x00007f57e9c25000,0x00007f57e9d26000)]
  0x00007f58000bf800 JavaThread "C1 CompilerThread3" daemon [_thread_blocked, id=16499, stack(0x00007f57e9d26000,0x00007f57e9e27000)]
  0x00007f58000bb000 JavaThread "C2 CompilerThread2" daemon [_thread_blocked, id=16498, stack(0x00007f57e9e27000,0x00007f57e9f28000)]
  0x00007f58000b9800 JavaThread "C2 CompilerThread1" daemon [_thread_blocked, id=16497, stack(0x00007f57e9f28000,0x00007f57ea029000)]
  0x00007f58000b6800 JavaThread "C2 CompilerThread0" daemon [_thread_blocked, id=16496, stack(0x00007f57ea029000,0x00007f57ea12a000)]
  0x00007f58000b4800 JavaThread "Signal Dispatcher" daemon [_thread_blocked, id=16495, stack(0x00007f57ea12a000,0x00007f57ea22b000)]
  0x00007f580008b800 JavaThread "Finalizer" daemon [_thread_blocked, id=16494, stack(0x00007f57eabec000,0x00007f57eaced000)]
  0x00007f5800087000 JavaThread "Reference Handler" daemon [_thread_blocked, id=16493, stack(0x00007f57eaced000,0x00007f57eadee000)]

Other Threads:
  0x00007f580007f800 VMThread [stack: 0x00007f57eadee000,0x00007f57eaeef000] [id=16492]
  0x00007f58000cf000 WatcherThread [stack: 0x00007f57e9b24000,0x00007f57e9c25000] [id=16501]

VM state:not at safepoint (normal execution)

VM Mutex/Monitor currently owned by a thread: None

Heap:
 PSYoungGen      total 74752K, used 63979K [0x000000076d400000, 0x0000000772700000, 0x00000007c0000000)
  eden space 64512K, 99% used [0x000000076d400000,0x000000077127af08,0x0000000771300000)
  from space 10240K, 0% used [0x0000000771d00000,0x0000000771d00000,0x0000000772700000)
  to   space 10240K, 0% used [0x0000000771300000,0x0000000771300000,0x0000000771d00000)
 ParOldGen       total 171008K, used 0K [0x00000006c7c00000, 0x00000006d2300000, 0x000000076d400000)
  object space 171008K, 0% used [0x00000006c7c00000,0x00000006c7c00000,0x00000006d2300000)
 Metaspace       used 15545K, capacity 16404K, committed 16512K, reserved 1062912K
  class space    used 2168K, capacity 2387K, committed 2432K, reserved 1048576K

Card table byte_map: [0x00007f5805b58000,0x00007f580631b000] byte_map_base: 0x00007f580251a000

Marking Bits: (ParMarkBitMap*) 0x00007f5808f38220
 Begin Bits: [0x00007f57ac3e0000, 0x00007f57b01f0000)
 End Bits:   [0x00007f57b01f0000, 0x00007f57b4000000)

Polling page: 0x00007f5809d87000

CodeCache: size=245760Kb used=4540Kb max_used=4547Kb free=241219Kb
 bounds [0x00007f57f1000000, 0x00007f57f1480000, 0x00007f5800000000]
 total_blobs=2036 nmethods=1412 adapters=538
 compilation: enabled

Compilation events (10 events):
Event: 3,866 Thread 0x00007f58000bf800 nmethod 1408 0x00007f57f1471fd0 code [0x00007f57f1472180, 0x00007f57f1472810]
Event: 3,866 Thread 0x00007f58000bf800 1406       3       javafx.beans.property.DoublePropertyBase::fireValueChangedEvent (8 bytes)
Event: 3,866 Thread 0x00007f58000bb000 nmethod 1397 0x00007f57f1472a90 code [0x00007f57f1472c40, 0x00007f57f1473178]
Event: 3,866 Thread 0x00007f58000bf800 nmethod 1406 0x00007f57f1471ad0 code [0x00007f57f1471c40, 0x00007f57f1471ee8]
Event: 3,866 Thread 0x00007f58000bf800 1411       1       javafx.scene.layout.Region::impl_notifyLayoutBoundsChanged (1 bytes)
Event: 3,866 Thread 0x00007f58000bf800 nmethod 1411 0x00007f57f145e010 code [0x00007f57f145e160, 0x00007f57f145e270]
Event: 3,866 Thread 0x00007f58000bf800 1409       3       javafx.scene.control.Labeled::getLabelPadding (24 bytes)
Event: 3,866 Thread 0x00007f58000bf800 nmethod 1409 0x00007f57f1471510 code [0x00007f57f14716a0, 0x00007f57f1471a08]
Event: 3,866 Thread 0x00007f58000bf800 1410       3       com.sun.javafx.util.Logging::getLayoutLogger (18 bytes)
Event: 3,866 Thread 0x00007f58000bf800 nmethod 1410 0x00007f57f1471110 code [0x00007f57f1471280, 0x00007f57f1471468]

GC Heap History (0 events):
No events

Deoptimization events (10 events):
Event: 1,170 Thread 0x00007f578413d000 Uncommon trap: reason=class_check action=maybe_recompile pc=0x00007f57f1115ddc method=java.lang.String.equals(Ljava/lang/Object;)Z @ 8
Event: 1,262 Thread 0x00007f578413d000 Uncommon trap: reason=unstable_if action=reinterpret pc=0x00007f57f1292b14 method=sun.net.www.ParseUtil.encodePath(Ljava/lang/String;Z)Ljava/lang/String; @ 109
Event: 1,268 Thread 0x00007f578413d000 Uncommon trap: reason=unstable_if action=reinterpret pc=0x00007f57f12e4c14 method=sun.misc.URLClassPath$JarLoader.ensureOpen()V @ 4
Event: 1,323 Thread 0x00007f578413d000 Uncommon trap: reason=unstable_if action=reinterpret pc=0x00007f57f1313584 method=jdk.internal.org.objectweb.asm.Type.getArgumentsAndReturnSizes(Ljava/lang/String;)I @ 47
Event: 3,784 Thread 0x00007f578413d000 Uncommon trap: reason=unstable_if action=reinterpret pc=0x00007f57f139eff4 method=java.lang.StrictMath.floorOrCeil(DDDD)D @ 38
Event: 3,809 Thread 0x00007f578413d000 Uncommon trap: reason=unstable_if action=reinterpret pc=0x00007f57f11d28e4 method=java.lang.String.indexOf([CII[CIII)I @ 3
Event: 3,812 Thread 0x00007f578413d000 Uncommon trap: reason=bimorphic action=maybe_recompile pc=0x00007f57f12552a0 method=java.util.HashMap.getNode(ILjava/lang/Object;)Ljava/util/HashMap$Node; @ 126
Event: 3,812 Thread 0x00007f578413d000 Uncommon trap: reason=bimorphic action=maybe_recompile pc=0x00007f57f12552a0 method=java.util.HashMap.getNode(ILjava/lang/Object;)Ljava/util/HashMap$Node; @ 126
Event: 3,812 Thread 0x00007f578413d000 Uncommon trap: reason=bimorphic action=maybe_recompile pc=0x00007f57f12552a0 method=java.util.HashMap.getNode(ILjava/lang/Object;)Ljava/util/HashMap$Node; @ 126
Event: 3,864 Thread 0x00007f578413d000 Uncommon trap: reason=unstable_if action=reinterpret pc=0x00007f57f1282d94 method=java.lang.String.startsWith(Ljava/lang/String;I)Z @ 25

Internal exceptions (10 events):
Event: 0,125 Thread 0x00007f5780077800 Exception <a 'java/security/PrivilegedActionException'> (0x000000076da68d90) thrown at [/build/openjdk-8-AbQ17_/openjdk-8-8u121-b13/src/hotspot/src/share/vm/prims/jvm.cpp, line 1390]
Event: 0,125 Thread 0x00007f5780077800 Exception <a 'java/security/PrivilegedActionException'> (0x000000076da6ae18) thrown at [/build/openjdk-8-AbQ17_/openjdk-8-8u121-b13/src/hotspot/src/share/vm/prims/jvm.cpp, line 1390]
Event: 0,125 Thread 0x00007f5780077800 Exception <a 'java/security/PrivilegedActionException'> (0x000000076da6b028) thrown at [/build/openjdk-8-AbQ17_/openjdk-8-8u121-b13/src/hotspot/src/share/vm/prims/jvm.cpp, line 1390]
Event: 0,125 Thread 0x00007f5780077800 Exception <a 'java/security/PrivilegedActionException'> (0x000000076da6bb00) thrown at [/build/openjdk-8-AbQ17_/openjdk-8-8u121-b13/src/hotspot/src/share/vm/prims/jvm.cpp, line 1390]
Event: 0,125 Thread 0x00007f5780077800 Exception <a 'java/security/PrivilegedActionException'> (0x000000076da6bd10) thrown at [/build/openjdk-8-AbQ17_/openjdk-8-8u121-b13/src/hotspot/src/share/vm/prims/jvm.cpp, line 1390]
Event: 0,126 Thread 0x00007f5780077800 Exception <a 'java/lang/NullPointerException'> (0x000000076da6d148) thrown at [/build/openjdk-8-AbQ17_/openjdk-8-8u121-b13/src/hotspot/src/share/vm/interpreter/linkResolver.cpp, line 1178]
Event: 0,337 Thread 0x00007f578413d000 Exception <a 'java/lang/NullPointerException'> (0x000000076e5896d8) thrown at [/build/openjdk-8-AbQ17_/openjdk-8-8u121-b13/src/hotspot/src/share/vm/interpreter/linkResolver.cpp, line 1178]
Event: 0,337 Thread 0x00007f578413d000 Exception <a 'java/lang/NullPointerException'> (0x000000076e5896d8) thrown at [/build/openjdk-8-AbQ17_/openjdk-8-8u121-b13/src/hotspot/src/share/vm/prims/jvm.cpp, line 1394]
Event: 1,268 Thread 0x00007f578413d000 Implicit null exception at 0x00007f57f12e48d0 to 0x00007f57f12e4c09
Event: 3,785 Thread 0x00007f578413d000 Exception <a 'java/io/FileNotFoundException'> (0x0000000770944aa8) thrown at [/build/openjdk-8-AbQ17_/openjdk-8-8u121-b13/src/hotspot/src/share/vm/prims/jni.cpp, line 709]

Events (10 events):
Event: 3,840 loading class com/sun/javafx/effect/EffectDirtyBits done
Event: 3,841 loading class javafx/scene/shape/SVGPath$1
Event: 3,841 loading class javafx/scene/shape/SVGPath$1 done
Event: 3,841 loading class javafx/scene/shape/SVGPath$2
Event: 3,841 loading class javafx/scene/shape/SVGPath$2 done
Event: 3,842 loading class com/sun/javafx/sg/prism/NGSVGPath
Event: 3,842 loading class com/sun/javafx/sg/prism/NGSVGPath done
Event: 3,864 Thread 0x00007f578413d000 Uncommon trap: trap_request=0xffffff65 fr.pc=0x00007f57f1282d94
Event: 3,864 Thread 0x00007f578413d000 DEOPT PACKING pc=0x00007f57f1282d94 sp=0x00007f57d00fd6b0
Event: 3,864 Thread 0x00007f578413d000 DEOPT UNPACKING pc=0x00007f57f1004f69 sp=0x00007f57d00fd648 mode 2


Dynamic libraries:
6c7c00000-6d2300000 rw-p 00000000 00:00 0 
6d2300000-76d400000 ---p 00000000 00:00 0 
76d400000-772700000 rw-p 00000000 00:00 0 
772700000-7c0000000 ---p 00000000 00:00 0 
7c0000000-7c0260000 rw-p 00000000 00:00 0 
7c0260000-800000000 ---p 00000000 00:00 0 
55d0a0c2c000-55d0a0c2d000 r-xp 00000000 103:05 279285                    /usr/lib/jvm/java-8-openjdk-amd64/jre/bin/java
55d0a0e2c000-55d0a0e2d000 r--p 00000000 103:05 279285                    /usr/lib/jvm/java-8-openjdk-amd64/jre/bin/java
55d0a0e2d000-55d0a0e2e000 rw-p 00001000 103:05 279285                    /usr/lib/jvm/java-8-openjdk-amd64/jre/bin/java
55d0a18d3000-55d0a18f4000 rw-p 00000000 00:00 0                          [heap]
7f5760000000-7f5760021000 rw-p 00000000 00:00 0 
7f5760021000-7f5764000000 ---p 00000000 00:00 0 
7f5764000000-7f5764021000 rw-p 00000000 00:00 0 
7f5764021000-7f5768000000 ---p 00000000 00:00 0 
7f5768000000-7f57684dc000 rw-p 00000000 00:00 0 
7f57684dc000-7f576c000000 ---p 00000000 00:00 0 
7f576c000000-7f576c021000 rw-p 00000000 00:00 0 
7f576c021000-7f5770000000 ---p 00000000 00:00 0 
7f5770000000-7f5770022000 rw-p 00000000 00:00 0 
7f5770022000-7f5774000000 ---p 00000000 00:00 0 
7f5774000000-7f5774021000 rw-p 00000000 00:00 0 
7f5774021000-7f5778000000 ---p 00000000 00:00 0 
7f5778000000-7f5779e54000 rw-p 00000000 00:00 0 
7f5779e54000-7f577c000000 ---p 00000000 00:00 0 
7f577c000000-7f577c021000 rw-p 00000000 00:00 0 
7f577c021000-7f5780000000 ---p 00000000 00:00 0 
7f5780000000-7f578007b000 rw-p 00000000 00:00 0 
7f578007b000-7f5784000000 ---p 00000000 00:00 0 
7f5784000000-7f578427d000 rw-p 00000000 00:00 0 
7f578427d000-7f5788000000 ---p 00000000 00:00 0 
7f5788000000-7f5788021000 rw-p 00000000 00:00 0 
7f5788021000-7f578c000000 ---p 00000000 00:00 0 
7f578c000000-7f578c021000 rw-p 00000000 00:00 0 
7f578c021000-7f5790000000 ---p 00000000 00:00 0 
7f5790000000-7f57901e2000 rw-p 00000000 00:00 0 
7f57901e2000-7f5794000000 ---p 00000000 00:00 0 
7f5794000000-7f5794282000 rw-p 00000000 00:00 0 
7f5794282000-7f5798000000 ---p 00000000 00:00 0 
7f5798000000-7f57981a6000 rw-p 00000000 00:00 0 
7f57981a6000-7f579c000000 ---p 00000000 00:00 0 
7f579c000000-7f579c10a000 rw-p 00000000 00:00 0 
7f579c10a000-7f57a0000000 ---p 00000000 00:00 0 
7f57a0000000-7f57a0021000 rw-p 00000000 00:00 0 
7f57a0021000-7f57a4000000 ---p 00000000 00:00 0 
7f57a4000000-7f57a4021000 rw-p 00000000 00:00 0 
7f57a4021000-7f57a8000000 ---p 00000000 00:00 0 
7f57a8000000-7f57a8021000 rw-p 00000000 00:00 0 
7f57a8021000-7f57ac000000 ---p 00000000 00:00 0 
7f57ac3e0000-7f57b4000000 rw-p 00000000 00:00 0 
7f57b4000000-7f57b4021000 rw-p 00000000 00:00 0 
7f57b4021000-7f57b8000000 ---p 00000000 00:00 0 
7f57b8000000-7f57b8021000 rw-p 00000000 00:00 0 
7f57b8021000-7f57bc000000 ---p 00000000 00:00 0 
7f57bc000000-7f57bc021000 rw-p 00000000 00:00 0 
7f57bc021000-7f57c0000000 ---p 00000000 00:00 0 
7f57c0000000-7f57c0021000 rw-p 00000000 00:00 0 
7f57c0021000-7f57c4000000 ---p 00000000 00:00 0 
7f57c4000000-7f57c4021000 rw-p 00000000 00:00 0 
7f57c4021000-7f57c8000000 ---p 00000000 00:00 0 
7f57c9a33000-7f57c9a36000 ---p 00000000 00:00 0 
7f57c9a36000-7f57c9b34000 rw-p 00000000 00:00 0 
7f57c9b34000-7f57c9b37000 ---p 00000000 00:00 0 
7f57c9b37000-7f57c9c35000 rw-p 00000000 00:00 0 
7f57c9c35000-7f57c9c4c000 r-xp 00000000 103:05 279323                    /usr/lib/jvm/java-8-openjdk-amd64/jre/lib/amd64/libnet.so
7f57c9c4c000-7f57c9e4b000 ---p 00017000 103:05 279323                    /usr/lib/jvm/java-8-openjdk-amd64/jre/lib/amd64/libnet.so
7f57c9e4b000-7f57c9e4c000 r--p 00016000 103:05 279323                    /usr/lib/jvm/java-8-openjdk-amd64/jre/lib/amd64/libnet.so
7f57c9e4c000-7f57c9e4d000 rw-p 00017000 103:05 279323                    /usr/lib/jvm/java-8-openjdk-amd64/jre/lib/amd64/libnet.so
7f57c9e4d000-7f57c9ead000 rw-s 00000000 00:05 467318                     /drm mm object (deleted)
7f57c9ead000-7f57ca06d000 rw-s 1051b7000 00:06 415                       /dev/dri/card1
7f57ca06d000-7f57ca22d000 rw-s 00000000 00:05 467310                     /drm mm object (deleted)
7f57ca22d000-7f57ca3ed000 rw-p 00000000 00:00 0 
7f57ca3ed000-7f57ca42d000 ---p 00000000 00:00 0 
7f57ca42d000-7f57ca430000 ---p 00000000 00:00 0 
7f57ca430000-7f57ca52e000 rw-p 00000000 00:00 0 
7f57ca52e000-7f57ca5e7000 r--p 00000000 103:05 268258                    /usr/share/fonts/truetype/dejavu/DejaVuSans.ttf
7f57ca5e7000-7f57ca7e7000 rw-p 00000000 00:00 0 
7f57ca7e7000-7f57ca7ec000 r-xp 00000000 103:05 279198                    /usr/lib/jvm/java-8-openjdk-amd64/jre/lib/amd64/libjavafx_font_freetype.so
7f57ca7ec000-7f57ca9eb000 ---p 00005000 103:05 279198                    /usr/lib/jvm/java-8-openjdk-amd64/jre/lib/amd64/libjavafx_font_freetype.so
7f57ca9eb000-7f57ca9ec000 r--p 00004000 103:05 279198                    /usr/lib/jvm/java-8-openjdk-amd64/jre/lib/amd64/libjavafx_font_freetype.so
7f57ca9ec000-7f57ca9ed000 rw-p 00005000 103:05 279198                    /usr/lib/jvm/java-8-openjdk-amd64/jre/lib/amd64/libjavafx_font_freetype.so
7f57ca9ed000-7f57ca9f0000 r-xp 00000000 103:05 279197                    /usr/lib/jvm/java-8-openjdk-amd64/jre/lib/amd64/libjavafx_font.so
7f57ca9f0000-7f57cabef000 ---p 00003000 103:05 279197                    /usr/lib/jvm/java-8-openjdk-amd64/jre/lib/amd64/libjavafx_font.so
7f57cabef000-7f57cabf0000 r--p 00002000 103:05 279197                    /usr/lib/jvm/java-8-openjdk-amd64/jre/lib/amd64/libjavafx_font.so
7f57cabf0000-7f57cabf1000 rw-p 00003000 103:05 279197                    /usr/lib/jvm/java-8-openjdk-amd64/jre/lib/amd64/libjavafx_font.so
7f57cabf1000-7f57cadf1000 rw-p 00000000 00:00 0 
7f57cadf1000-7f57cadf2000 ---p 00000000 00:00 0 
7f57cadf2000-7f57cb5f2000 rw-p 00000000 00:00 0 
7f57cb5f2000-7f57cb5fe000 r-xp 00000000 103:05 137877                    /usr/lib/x86_64-linux-gnu/gio/modules/libdconfsettings.so
7f57cb5fe000-7f57cb7fd000 ---p 0000c000 103:05 137877                    /usr/lib/x86_64-linux-gnu/gio/modules/libdconfsettings.so
7f57cb7fd000-7f57cb7fe000 r--p 0000b000 103:05 137877                    /usr/lib/x86_64-linux-gnu/gio/modules/libdconfsettings.so
7f57cb7fe000-7f57cb7ff000 rw-p 0000c000 103:05 137877                    /usr/lib/x86_64-linux-gnu/gio/modules/libdconfsettings.so
7f57cb7ff000-7f57cb800000 ---p 00000000 00:00 0 
7f57cb800000-7f57cc000000 rw-p 00000000 00:00 0 
7f57cc000000-7f57cc021000 rw-p 00000000 00:00 0 
7f57cc021000-7f57d0000000 ---p 00000000 00:00 0 
7f57d0001000-7f57d0004000 ---p 00000000 00:00 0 
7f57d0004000-7f57d0102000 rw-p 00000000 00:00 0 
7f57d0102000-7f57d0103000 ---p 00000000 00:00 0 
7f57d0103000-7f57d0903000 rw-p 00000000 00:00 0 
7f57d0903000-7f57d091c000 r-xp 00000000 103:05 137881                    /usr/lib/x86_64-linux-gnu/gio/modules/libgioremote-volume-monitor.so
7f57d091c000-7f57d0b1c000 ---p 00019000 103:05 137881                    /usr/lib/x86_64-linux-gnu/gio/modules/libgioremote-volume-monitor.so
7f57d0b1c000-7f57d0b1f000 r--p 00019000 103:05 137881                    /usr/lib/x86_64-linux-gnu/gio/modules/libgioremote-volume-monitor.so
7f57d0b1f000-7f57d0b20000 rw-p 0001c000 103:05 137881                    /usr/lib/x86_64-linux-gnu/gio/modules/libgioremote-volume-monitor.so
7f57d0b20000-7f57d0b56000 r-xp 00000000 103:05 138390                    /usr/lib/x86_64-linux-gnu/gvfs/libgvfscommon.so
7f57d0b56000-7f57d0d56000 ---p 00036000 103:05 138390                    /usr/lib/x86_64-linux-gnu/gvfs/libgvfscommon.so
7f57d0d56000-7f57d0d5b000 r--p 00036000 103:05 138390                    /usr/lib/x86_64-linux-gnu/gvfs/libgvfscommon.so
7f57d0d5b000-7f57d0d5c000 rw-p 0003b000 103:05 138390                    /usr/lib/x86_64-linux-gnu/gvfs/libgvfscommon.so
7f57d0d5c000-7f57d0d8c000 r-xp 00000000 103:05 137882                    /usr/lib/x86_64-linux-gnu/gio/modules/libgvfsdbus.so
7f57d0d8c000-7f57d0f8b000 ---p 00030000 103:05 137882                    /usr/lib/x86_64-linux-gnu/gio/modules/libgvfsdbus.so
7f57d0f8b000-7f57d0f8c000 r--p 0002f000 103:05 137882                    /usr/lib/x86_64-linux-gnu/gio/modules/libgvfsdbus.so
7f57d0f8c000-7f57d0f8d000 rw-p 00030000 103:05 137882                    /usr/lib/x86_64-linux-gnu/gio/modules/libgvfsdbus.so
7f57d0f8d000-7f57d0f8e000 rw-p 00000000 00:00 0 
7f57d0f8e000-7f57d0f95000 r-xp 00000000 103:05 1061780                   /usr/lib/x86_64-linux-gnu/libogg.so.0.8.2
7f57d0f95000-7f57d1195000 ---p 00007000 103:05 1061780                   /usr/lib/x86_64-linux-gnu/libogg.so.0.8.2
7f57d1195000-7f57d1196000 r--p 00007000 103:05 1061780                   /usr/lib/x86_64-linux-gnu/libogg.so.0.8.2
7f57d1196000-7f57d1197000 rw-p 00008000 103:05 1061780                   /usr/lib/x86_64-linux-gnu/libogg.so.0.8.2
7f57d1197000-7f57d11c1000 r-xp 00000000 103:05 1062213                   /usr/lib/x86_64-linux-gnu/libvorbis.so.0.4.8
7f57d11c1000-7f57d13c1000 ---p 0002a000 103:05 1062213                   /usr/lib/x86_64-linux-gnu/libvorbis.so.0.4.8
7f57d13c1000-7f57d13c2000 r--p 0002a000 103:05 1062213                   /usr/lib/x86_64-linux-gnu/libvorbis.so.0.4.8
7f57d13c2000-7f57d13c3000 rw-p 0002b000 103:05 1062213                   /usr/lib/x86_64-linux-gnu/libvorbis.so.0.4.8
7f57d13c3000-7f57d13cb000 r-xp 00000000 103:05 1061624                   /usr/lib/x86_64-linux-gnu/libltdl.so.7.3.1
7f57d13cb000-7f57d15cb000 ---p 00008000 103:05 1061624                   /usr/lib/x86_64-linux-gnu/libltdl.so.7.3.1
7f57d15cb000-7f57d15cc000 r--p 00008000 103:05 1061624                   /usr/lib/x86_64-linux-gnu/libltdl.so.7.3.1
7f57d15cc000-7f57d15cd000 rw-p 00009000 103:05 1061624                   /usr/lib/x86_64-linux-gnu/libltdl.so.7.3.1
7f57d15cd000-7f57d15e1000 r-xp 00000000 103:05 1062046                   /usr/lib/x86_64-linux-gnu/libtdb.so.1.3.9
7f57d15e1000-7f57d17e0000 ---p 00014000 103:05 1062046                   /usr/lib/x86_64-linux-gnu/libtdb.so.1.3.9
7f57d17e0000-7f57d17e1000 r--p 00013000 103:05 1062046                   /usr/lib/x86_64-linux-gnu/libtdb.so.1.3.9
7f57d17e1000-7f57d17e2000 rw-p 00014000 103:05 1062046                   /usr/lib/x86_64-linux-gnu/libtdb.so.1.3.9
7f57d17e2000-7f57d17e9000 r-xp 00000000 103:05 1062217                   /usr/lib/x86_64-linux-gnu/libvorbisfile.so.3.3.7
7f57d17e9000-7f57d19e9000 ---p 00007000 103:05 1062217                   /usr/lib/x86_64-linux-gnu/libvorbisfile.so.3.3.7
7f57d19e9000-7f57d19ea000 r--p 00007000 103:05 1062217                   /usr/lib/x86_64-linux-gnu/libvorbisfile.so.3.3.7
7f57d19ea000-7f57d19eb000 rw-p 00008000 103:05 1062217                   /usr/lib/x86_64-linux-gnu/libvorbisfile.so.3.3.7
7f57d19eb000-7f57d19fb000 r-xp 00000000 103:05 1060980                   /usr/lib/x86_64-linux-gnu/libcanberra.so.0.2.5
7f57d19fb000-7f57d1bfb000 ---p 00010000 103:05 1060980                   /usr/lib/x86_64-linux-gnu/libcanberra.so.0.2.5
7f57d1bfb000-7f57d1bfc000 r--p 00010000 103:05 1060980                   /usr/lib/x86_64-linux-gnu/libcanberra.so.0.2.5
7f57d1bfc000-7f57d1bfd000 rw-p 00011000 103:05 1060980                   /usr/lib/x86_64-linux-gnu/libcanberra.so.0.2.5
7f57d1bfd000-7f57d1c01000 r-xp 00000000 103:05 1060976                   /usr/lib/x86_64-linux-gnu/libcanberra-gtk.so.0.1.9
7f57d1c01000-7f57d1e00000 ---p 00004000 103:05 1060976                   /usr/lib/x86_64-linux-gnu/libcanberra-gtk.so.0.1.9
7f57d1e00000-7f57d1e01000 r--p 00003000 103:05 1060976                   /usr/lib/x86_64-linux-gnu/libcanberra-gtk.so.0.1.9
7f57d1e01000-7f57d1e02000 rw-p 00004000 103:05 1060976                   /usr/lib/x86_64-linux-gnu/libcanberra-gtk.so.0.1.9
7f57d1e02000-7f57d1e07000 r-xp 00000000 103:05 138084                    /usr/lib/x86_64-linux-gnu/gtk-2.0/modules/libcanberra-gtk-module.so
7f57d1e07000-7f57d2006000 ---p 00005000 103:05 138084                    /usr/lib/x86_64-linux-gnu/gtk-2.0/modules/libcanberra-gtk-module.so
7f57d2006000-7f57d2007000 r--p 00004000 103:05 138084                    /usr/lib/x86_64-linux-gnu/gtk-2.0/modules/libcanberra-gtk-module.so
7f57d2007000-7f57d2008000 rw-p 00005000 103:05 138084                    /usr/lib/x86_64-linux-gnu/gtk-2.0/modules/libcanberra-gtk-module.so
7f57d2008000-7f57d2038000 r-xp 00000000 103:05 138066                    /usr/lib/x86_64-linux-gnu/gtk-2.0/2.10.0/engines/libmurrine.so
7f57d2038000-7f57d2238000 ---p 00030000 103:05 138066                    /usr/lib/x86_64-linux-gnu/gtk-2.0/2.10.0/engines/libmurrine.so
7f57d2238000-7f57d2239000 r--p 00030000 103:05 138066                    /usr/lib/x86_64-linux-gnu/gtk-2.0/2.10.0/engines/libmurrine.so
7f57d2239000-7f57d223a000 rw-p 00031000 103:05 138066                    /usr/lib/x86_64-linux-gnu/gtk-2.0/2.10.0/engines/libmurrine.so
7f57d223a000-7f57d224a000 r-xp 00000000 103:05 1062139                   /usr/lib/x86_64-linux-gnu/libunity-gtk2-parser.so.0.0.0
7f57d224a000-7f57d244a000 ---p 00010000 103:05 1062139                   /usr/lib/x86_64-linux-gnu/libunity-gtk2-parser.so.0.0.0
7f57d244a000-7f57d244b000 r--p 00010000 103:05 1062139                   /usr/lib/x86_64-linux-gnu/libunity-gtk2-parser.so.0.0.0
7f57d244b000-7f57d244c000 rw-p 00011000 103:05 1062139                   /usr/lib/x86_64-linux-gnu/libunity-gtk2-parser.so.0.0.0
7f57d244c000-7f57d2451000 r-xp 00000000 103:05 138088                    /usr/lib/x86_64-linux-gnu/gtk-2.0/modules/libunity-gtk-module.so
7f57d2451000-7f57d2650000 ---p 00005000 103:05 138088                    /usr/lib/x86_64-linux-gnu/gtk-2.0/modules/libunity-gtk-module.so
7f57d2650000-7f57d2651000 r--p 00004000 103:05 138088                    /usr/lib/x86_64-linux-gnu/gtk-2.0/modules/libunity-gtk-module.so
7f57d2651000-7f57d2652000 rw-p 00005000 103:05 138088                    /usr/lib/x86_64-linux-gnu/gtk-2.0/modules/libunity-gtk-module.so
7f57d2652000-7f57d2674000 r-xp 00000000 103:05 136952                    /lib/x86_64-linux-gnu/liblzma.so.5.0.0
7f57d2674000-7f57d2873000 ---p 00022000 103:05 136952                    /lib/x86_64-linux-gnu/liblzma.so.5.0.0
7f57d2873000-7f57d2874000 r--p 00021000 103:05 136952                    /lib/x86_64-linux-gnu/liblzma.so.5.0.0
7f57d2874000-7f57d2875000 rw-p 00022000 103:05 136952                    /lib/x86_64-linux-gnu/liblzma.so.5.0.0
7f57d2875000-7f57d28bf000 r-xp 00000000 103:05 138779                    /lib/x86_64-linux-gnu/libdbus-1.so.3.14.7
7f57d28bf000-7f57d2abf000 ---p 0004a000 103:05 138779                    /lib/x86_64-linux-gnu/libdbus-1.so.3.14.7
7f57d2abf000-7f57d2ac0000 r--p 0004a000 103:05 138779                    /lib/x86_64-linux-gnu/libdbus-1.so.3.14.7
7f57d2ac0000-7f57d2ac1000 rw-p 0004b000 103:05 138779                    /lib/x86_64-linux-gnu/libdbus-1.so.3.14.7
7f57d2ac1000-7f57d2aed000 r-xp 00000000 103:05 1060912                   /usr/lib/x86_64-linux-gnu/libatspi.so.0.0.1
7f57d2aed000-7f57d2cec000 ---p 0002c000 103:05 1060912                   /usr/lib/x86_64-linux-gnu/libatspi.so.0.0.1
7f57d2cec000-7f57d2cef000 r--p 0002b000 103:05 1060912                   /usr/lib/x86_64-linux-gnu/libatspi.so.0.0.1
7f57d2cef000-7f57d2cf0000 rw-p 0002e000 103:05 1060912                   /usr/lib/x86_64-linux-gnu/libatspi.so.0.0.1
7f57d2cf0000-7f57d2d1d000 r-xp 00000000 103:05 1060906                   /usr/lib/x86_64-linux-gnu/libatk-bridge-2.0.so.0.0.0
7f57d2d1d000-7f57d2f1c000 ---p 0002d000 103:05 1060906                   /usr/lib/x86_64-linux-gnu/libatk-bridge-2.0.so.0.0.0
7f57d2f1c000-7f57d2f1d000 r--p 0002c000 103:05 1060906                   /usr/lib/x86_64-linux-gnu/libatk-bridge-2.0.so.0.0.0
7f57d2f1d000-7f57d2f1f000 rw-p 0002d000 103:05 1060906                   /usr/lib/x86_64-linux-gnu/libatk-bridge-2.0.so.0.0.0
7f57d2f1f000-7f57d2f20000 r-xp 00000000 103:05 138083                    /usr/lib/x86_64-linux-gnu/gtk-2.0/modules/libatk-bridge.so
7f57d2f20000-7f57d311f000 ---p 00001000 103:05 138083                    /usr/lib/x86_64-linux-gnu/gtk-2.0/modules/libatk-bridge.so
7f57d311f000-7f57d3120000 r--p 00000000 103:05 138083                    /usr/lib/x86_64-linux-gnu/gtk-2.0/modules/libatk-bridge.so
7f57d3120000-7f57d3121000 rw-p 00001000 103:05 138083                    /usr/lib/x86_64-linux-gnu/gtk-2.0/modules/libatk-bridge.so
7f57d3121000-7f57d3128000 r-xp 00000000 103:05 1061264                   /usr/lib/x86_64-linux-gnu/libgailutil.so.18.0.1
7f57d3128000-7f57d3327000 ---p 00007000 103:05 1061264                   /usr/lib/x86_64-linux-gnu/libgailutil.so.18.0.1
7f57d3327000-7f57d3328000 r--p 00006000 103:05 1061264                   /usr/lib/x86_64-linux-gnu/libgailutil.so.18.0.1
7f57d3328000-7f57d3329000 rw-p 00007000 103:05 1061264                   /usr/lib/x86_64-linux-gnu/libgailutil.so.18.0.1
7f57d3329000-7f57d3377000 r-xp 00000000 103:05 138086                    /usr/lib/x86_64-linux-gnu/gtk-2.0/modules/libgail.so
7f57d3377000-7f57d3576000 ---p 0004e000 103:05 138086                    /usr/lib/x86_64-linux-gnu/gtk-2.0/modules/libgail.so
7f57d3576000-7f57d3577000 r--p 0004d000 103:05 138086                    /usr/lib/x86_64-linux-gnu/gtk-2.0/modules/libgail.so
7f57d3577000-7f57d3579000 rw-p 0004e000 103:05 138086                    /usr/lib/x86_64-linux-gnu/gtk-2.0/modules/libgail.so
7f57d3579000-7f57d358a000 r-xp 00000000 103:05 138087                    /usr/lib/x86_64-linux-gnu/gtk-2.0/modules/liboverlay-scrollbar.so
7f57d358a000-7f57d378a000 ---p 00011000 103:05 138087                    /usr/lib/x86_64-linux-gnu/gtk-2.0/modules/liboverlay-scrollbar.so
7f57d378a000-7f57d378b000 r--p 00011000 103:05 138087                    /usr/lib/x86_64-linux-gnu/gtk-2.0/modules/liboverlay-scrollbar.so
7f57d378b000-7f57d378c000 rw-p 00012000 103:05 138087                    /usr/lib/x86_64-linux-gnu/gtk-2.0/modules/liboverlay-scrollbar.so
7f57d378c000-7f57d3790000 r-xp 00000000 103:05 137066                    /lib/x86_64-linux-gnu/libuuid.so.1.3.0
7f57d3790000-7f57d398f000 ---p 00004000 103:05 137066                    /lib/x86_64-linux-gnu/libuuid.so.1.3.0
7f57d398f000-7f57d3990000 r--p 00003000 103:05 137066                    /lib/x86_64-linux-gnu/libuuid.so.1.3.0
7f57d3990000-7f57d3991000 rw-p 00004000 103:05 137066                    /lib/x86_64-linux-gnu/libuuid.so.1.3.0
7f57d3991000-7f57d3997000 r-xp 00000000 103:05 1061070                   /usr/lib/x86_64-linux-gnu/libdatrie.so.1.3.3
7f57d3997000-7f57d3b97000 ---p 00006000 103:05 1061070                   /usr/lib/x86_64-linux-gnu/libdatrie.so.1.3.3
7f57d3b97000-7f57d3b98000 r--p 00006000 103:05 1061070                   /usr/lib/x86_64-linux-gnu/libdatrie.so.1.3.3
7f57d3b98000-7f57d3b99000 rw-p 00007000 103:05 1061070                   /usr/lib/x86_64-linux-gnu/libdatrie.so.1.3.3
7f57d3b99000-7f57d3bbc000 r-xp 00000000 103:05 1061382                   /usr/lib/x86_64-linux-gnu/libgraphite2.so.3.0.1
7f57d3bbc000-7f57d3dbb000 ---p 00023000 103:05 1061382                   /usr/lib/x86_64-linux-gnu/libgraphite2.so.3.0.1
7f57d3dbb000-7f57d3dbd000 r--p 00022000 103:05 1061382                   /usr/lib/x86_64-linux-gnu/libgraphite2.so.3.0.1
7f57d3dbd000-7f57d3dbe000 rw-p 00024000 103:05 1061382                   /usr/lib/x86_64-linux-gnu/libgraphite2.so.3.0.1
7f57d3dbe000-7f57d3dfb000 r-xp 00000000 103:05 136879                    /lib/x86_64-linux-gnu/libblkid.so.1.1.0
7f57d3dfb000-7f57d3ffa000 ---p 0003d000 103:05 136879                    /lib/x86_64-linux-gnu/libblkid.so.1.1.0
7f57d3ffa000-7f57d3ffe000 r--p 0003c000 103:05 136879                    /lib/x86_64-linux-gnu/libblkid.so.1.1.0
7f57d3ffe000-7f57d3fff000 rw-p 00040000 103:05 136879                    /lib/x86_64-linux-gnu/libblkid.so.1.1.0
7f57d3fff000-7f57d4000000 rw-p 00000000 00:00 0 
7f57d4000000-7f57d4021000 rw-p 00000000 00:00 0 
7f57d4021000-7f57d8000000 ---p 00000000 00:00 0 
7f57d801d000-7f57d8020000 ---p 00000000 00:00 0 
7f57d8020000-7f57d811e000 rw-p 00000000 00:00 0 
7f57d811e000-7f57d8126000 r-xp 00000000 103:05 1062060                   /usr/lib/x86_64-linux-gnu/libthai.so.0.3.0
7f57d8126000-7f57d8325000 ---p 00008000 103:05 1062060                   /usr/lib/x86_64-linux-gnu/libthai.so.0.3.0
7f57d8325000-7f57d8326000 r--p 00007000 103:05 1062060                   /usr/lib/x86_64-linux-gnu/libthai.so.0.3.0
7f57d8326000-7f57d8327000 rw-p 00008000 103:05 1062060                   /usr/lib/x86_64-linux-gnu/libthai.so.0.3.0
7f57d8327000-7f57d83a5000 r-xp 00000000 103:05 1061472                   /usr/lib/x86_64-linux-gnu/libharfbuzz.so.0.10200.7
7f57d83a5000-7f57d85a5000 ---p 0007e000 103:05 1061472                   /usr/lib/x86_64-linux-gnu/libharfbuzz.so.0.10200.7
7f57d85a5000-7f57d85a6000 r--p 0007e000 103:05 1061472                   /usr/lib/x86_64-linux-gnu/libharfbuzz.so.0.10200.7
7f57d85a6000-7f57d85a7000 rw-p 0007f000 103:05 1061472                   /usr/lib/x86_64-linux-gnu/libharfbuzz.so.0.10200.7
7f57d85a7000-7f57d8619000 r-xp 00000000 103:05 137015                    /lib/x86_64-linux-gnu/libpcre.so.3.13.3
7f57d8619000-7f57d8818000 ---p 00072000 103:05 137015                    /lib/x86_64-linux-gnu/libpcre.so.3.13.3
7f57d8818000-7f57d8819000 r--p 00071000 103:05 137015                    /lib/x86_64-linux-gnu/libpcre.so.3.13.3
7f57d8819000-7f57d881a000 rw-p 00072000 103:05 137015                    /lib/x86_64-linux-gnu/libpcre.so.3.13.3
7f57d881a000-7f57d8821000 r-xp 00000000 103:05 1061201                   /usr/lib/x86_64-linux-gnu/libffi.so.6.0.4
7f57d8821000-7f57d8a20000 ---p 00007000 103:05 1061201                   /usr/lib/x86_64-linux-gnu/libffi.so.6.0.4
7f57d8a20000-7f57d8a21000 r--p 00006000 103:05 1061201                   /usr/lib/x86_64-linux-gnu/libffi.so.6.0.4
7f57d8a21000-7f57d8a22000 rw-p 00007000 103:05 1061201                   /usr/lib/x86_64-linux-gnu/libffi.so.6.0.4
7f57d8a22000-7f57d8a68000 r-xp 00000000 103:05 136961                    /lib/x86_64-linux-gnu/libmount.so.1.1.0
7f57d8a68000-7f57d8c67000 ---p 00046000 103:05 136961                    /lib/x86_64-linux-gnu/libmount.so.1.1.0
7f57d8c67000-7f57d8c68000 r--p 00045000 103:05 136961                    /lib/x86_64-linux-gnu/libmount.so.1.1.0
7f57d8c68000-7f57d8c69000 rw-p 00046000 103:05 136961                    /lib/x86_64-linux-gnu/libmount.so.1.1.0
7f57d8c69000-7f57d8c6a000 rw-p 00000000 00:00 0 
7f57d8c6a000-7f57d8c81000 r-xp 00000000 103:05 149410                    /lib/x86_64-linux-gnu/libresolv-2.24.so
7f57d8c81000-7f57d8e81000 ---p 00017000 103:05 149410                    /lib/x86_64-linux-gnu/libresolv-2.24.so
7f57d8e81000-7f57d8e82000 r--p 00017000 103:05 149410                    /lib/x86_64-linux-gnu/libresolv-2.24.so
7f57d8e82000-7f57d8e83000 rw-p 00018000 103:05 149410                    /lib/x86_64-linux-gnu/libresolv-2.24.so
7f57d8e83000-7f57d8e85000 rw-p 00000000 00:00 0 
7f57d8e85000-7f57d8ea8000 r-xp 00000000 103:05 137042                    /lib/x86_64-linux-gnu/libselinux.so.1
7f57d8ea8000-7f57d90a7000 ---p 00023000 103:05 137042                    /lib/x86_64-linux-gnu/libselinux.so.1
7f57d90a7000-7f57d90a8000 r--p 00022000 103:05 137042                    /lib/x86_64-linux-gnu/libselinux.so.1
7f57d90a8000-7f57d90a9000 rw-p 00023000 103:05 137042                    /lib/x86_64-linux-gnu/libselinux.so.1
7f57d90a9000-7f57d90ab000 rw-p 00000000 00:00 0 
7f57d90ab000-7f57d90b3000 r-xp 00000000 103:05 1062322                   /usr/lib/x86_64-linux-gnu/libxcb-render.so.0.0.0
7f57d90b3000-7f57d92b3000 ---p 00008000 103:05 1062322                   /usr/lib/x86_64-linux-gnu/libxcb-render.so.0.0.0
7f57d92b3000-7f57d92b4000 r--p 00008000 103:05 1062322                   /usr/lib/x86_64-linux-gnu/libxcb-render.so.0.0.0
7f57d92b4000-7f57d92b5000 rw-p 00009000 103:05 1062322                   /usr/lib/x86_64-linux-gnu/libxcb-render.so.0.0.0
7f57d92b5000-7f57d92b7000 r-xp 00000000 103:05 1062326                   /usr/lib/x86_64-linux-gnu/libxcb-shm.so.0.0.0
7f57d92b7000-7f57d94b7000 ---p 00002000 103:05 1062326                   /usr/lib/x86_64-linux-gnu/libxcb-shm.so.0.0.0
7f57d94b7000-7f57d94b8000 r--p 00002000 103:05 1062326                   /usr/lib/x86_64-linux-gnu/libxcb-shm.so.0.0.0
7f57d94b8000-7f57d94b9000 rw-p 00003000 103:05 1062326                   /usr/lib/x86_64-linux-gnu/libxcb-shm.so.0.0.0
7f57d94b9000-7f57d94ea000 r-xp 00000000 103:05 1061851                   /usr/lib/x86_64-linux-gnu/libpng16.so.16.25.0
7f57d94ea000-7f57d96e9000 ---p 00031000 103:05 1061851                   /usr/lib/x86_64-linux-gnu/libpng16.so.16.25.0
7f57d96e9000-7f57d96ea000 r--p 00030000 103:05 1061851                   /usr/lib/x86_64-linux-gnu/libpng16.so.16.25.0
7f57d96ea000-7f57d96eb000 rw-p 00031000 103:05 1061851                   /usr/lib/x86_64-linux-gnu/libpng16.so.16.25.0
7f57d96eb000-7f57d9792000 r-xp 00000000 103:05 1048730                   /usr/lib/x86_64-linux-gnu/libfreetype.so.6.12.3
7f57d9792000-7f57d9991000 ---p 000a7000 103:05 1048730                   /usr/lib/x86_64-linux-gnu/libfreetype.so.6.12.3
7f57d9991000-7f57d9997000 r--p 000a6000 103:05 1048730                   /usr/lib/x86_64-linux-gnu/libfreetype.so.6.12.3
7f57d9997000-7f57d9998000 rw-p 000ac000 103:05 1048730                   /usr/lib/x86_64-linux-gnu/libfreetype.so.6.12.3
7f57d9998000-7f57d9a37000 r-xp 00000000 103:05 1061843                   /usr/lib/x86_64-linux-gnu/libpixman-1.so.0.33.6
7f57d9a37000-7f57d9c37000 ---p 0009f000 103:05 1061843                   /usr/lib/x86_64-linux-gnu/libpixman-1.so.0.33.6
7f57d9c37000-7f57d9c3f000 r--p 0009f000 103:05 1061843                   /usr/lib/x86_64-linux-gnu/libpixman-1.so.0.33.6
7f57d9c3f000-7f57d9c40000 rw-p 000a7000 103:05 1061843                   /usr/lib/x86_64-linux-gnu/libpixman-1.so.0.33.6
7f57d9c40000-7f57d9c42000 r-xp 00000000 103:05 1060809                   /usr/lib/x86_64-linux-gnu/libXcomposite.so.1.0.0
7f57d9c42000-7f57d9e41000 ---p 00002000 103:05 1060809                   /usr/lib/x86_64-linux-gnu/libXcomposite.so.1.0.0
7f57d9e41000-7f57d9e42000 r--p 00001000 103:05 1060809                   /usr/lib/x86_64-linux-gnu/libXcomposite.so.1.0.0
7f57d9e42000-7f57d9e43000 rw-p 00002000 103:05 1060809                   /usr/lib/x86_64-linux-gnu/libXcomposite.so.1.0.0
7f57d9e43000-7f57d9e4c000 r-xp 00000000 103:05 1060811                   /usr/lib/x86_64-linux-gnu/libXcursor.so.1.0.2
7f57d9e4c000-7f57da04b000 ---p 00009000 103:05 1060811                   /usr/lib/x86_64-linux-gnu/libXcursor.so.1.0.2
7f57da04b000-7f57da04c000 r--p 00008000 103:05 1060811                   /usr/lib/x86_64-linux-gnu/libXcursor.so.1.0.2
7f57da04c000-7f57da04d000 rw-p 00009000 103:05 1060811                   /usr/lib/x86_64-linux-gnu/libXcursor.so.1.0.2
7f57da04d000-7f57da057000 r-xp 00000000 103:05 1060835                   /usr/lib/x86_64-linux-gnu/libXrandr.so.2.2.0
7f57da057000-7f57da256000 ---p 0000a000 103:05 1060835                   /usr/lib/x86_64-linux-gnu/libXrandr.so.2.2.0
7f57da256000-7f57da257000 r--p 00009000 103:05 1060835                   /usr/lib/x86_64-linux-gnu/libXrandr.so.2.2.0
7f57da257000-7f57da258000 rw-p 0000a000 103:05 1060835                   /usr/lib/x86_64-linux-gnu/libXrandr.so.2.2.0
7f57da258000-7f57da267000 r-xp 00000000 103:05 1060825                   /usr/lib/x86_64-linux-gnu/libXi.so.6.1.0
7f57da267000-7f57da466000 ---p 0000f000 103:05 1060825                   /usr/lib/x86_64-linux-gnu/libXi.so.6.1.0
7f57da466000-7f57da467000 r--p 0000e000 103:05 1060825                   /usr/lib/x86_64-linux-gnu/libXi.so.6.1.0
7f57da467000-7f57da468000 rw-p 0000f000 103:05 1060825                   /usr/lib/x86_64-linux-gnu/libXi.so.6.1.0
7f57da468000-7f57da46a000 r-xp 00000000 103:05 1060827                   /usr/lib/x86_64-linux-gnu/libXinerama.so.1.0.0
7f57da46a000-7f57da669000 ---p 00002000 103:05 1060827                   /usr/lib/x86_64-linux-gnu/libXinerama.so.1.0.0
7f57da669000-7f57da66a000 r--p 00001000 103:05 1060827                   /usr/lib/x86_64-linux-gnu/libXinerama.so.1.0.0
7f57da66a000-7f57da66b000 rw-p 00002000 103:05 1060827                   /usr/lib/x86_64-linux-gnu/libXinerama.so.1.0.0
7f57da66b000-7f57da674000 r-xp 00000000 103:05 1060837                   /usr/lib/x86_64-linux-gnu/libXrender.so.1.3.0
7f57da674000-7f57da873000 ---p 00009000 103:05 1060837                   /usr/lib/x86_64-linux-gnu/libXrender.so.1.3.0
7f57da873000-7f57da874000 r--p 00008000 103:05 1060837                   /usr/lib/x86_64-linux-gnu/libXrender.so.1.3.0
7f57da874000-7f57da875000 rw-p 00009000 103:05 1060837                   /usr/lib/x86_64-linux-gnu/libXrender.so.1.3.0
7f57da875000-7f57da8b2000 r-xp 00000000 103:05 1061219                   /usr/lib/x86_64-linux-gnu/libfontconfig.so.1.9.0
7f57da8b2000-7f57daab1000 ---p 0003d000 103:05 1061219                   /usr/lib/x86_64-linux-gnu/libfontconfig.so.1.9.0
7f57daab1000-7f57daab3000 r--p 0003c000 103:05 1061219                   /usr/lib/x86_64-linux-gnu/libfontconfig.so.1.9.0
7f57daab3000-7f57daab8000 rw-p 0003e000 103:05 1061219                   /usr/lib/x86_64-linux-gnu/libfontconfig.so.1.9.0
7f57daab8000-7f57dab01000 r-xp 00000000 103:05 1061811                   /usr/lib/x86_64-linux-gnu/libpango-1.0.so.0.4000.1
7f57dab01000-7f57dad01000 ---p 00049000 103:05 1061811                   /usr/lib/x86_64-linux-gnu/libpango-1.0.so.0.4000.1
7f57dad01000-7f57dad03000 r--p 00049000 103:05 1061811                   /usr/lib/x86_64-linux-gnu/libpango-1.0.so.0.4000.1
7f57dad03000-7f57dad04000 rw-p 0004b000 103:05 1061811                   /usr/lib/x86_64-linux-gnu/libpango-1.0.so.0.4000.1
7f57dad04000-7f57dad18000 r-xp 00000000 103:05 1061815                   /usr/lib/x86_64-linux-gnu/libpangoft2-1.0.so.0.4000.1
7f57dad18000-7f57daf18000 ---p 00014000 103:05 1061815                   /usr/lib/x86_64-linux-gnu/libpangoft2-1.0.so.0.4000.1
7f57daf18000-7f57daf19000 r--p 00014000 103:05 1061815                   /usr/lib/x86_64-linux-gnu/libpangoft2-1.0.so.0.4000.1
7f57daf19000-7f57daf1a000 rw-p 00015000 103:05 1061815                   /usr/lib/x86_64-linux-gnu/libpangoft2-1.0.so.0.4000.1
7f57daf1a000-7f57daf3c000 r-xp 00000000 103:05 1060904                   /usr/lib/x86_64-linux-gnu/libatk-1.0.so.0.22009.1
7f57daf3c000-7f57db13b000 ---p 00022000 103:05 1060904                   /usr/lib/x86_64-linux-gnu/libatk-1.0.so.0.22009.1
7f57db13b000-7f57db13e000 r--p 00021000 103:05 1060904                   /usr/lib/x86_64-linux-gnu/libatk-1.0.so.0.22009.1
7f57db13e000-7f57db13f000 rw-p 00024000 103:05 1060904                   /usr/lib/x86_64-linux-gnu/libatk-1.0.so.0.22009.1
7f57db13f000-7f57db14b000 r-xp 00000000 103:05 1061813                   /usr/lib/x86_64-linux-gnu/libpangocairo-1.0.so.0.4000.1
7f57db14b000-7f57db34a000 ---p 0000c000 103:05 1061813                   /usr/lib/x86_64-linux-gnu/libpangocairo-1.0.so.0.4000.1
7f57db34a000-7f57db34b000 r--p 0000b000 103:05 1061813                   /usr/lib/x86_64-linux-gnu/libpangocairo-1.0.so.0.4000.1
7f57db34b000-7f57db34c000 rw-p 0000c000 103:05 1061813                   /usr/lib/x86_64-linux-gnu/libpangocairo-1.0.so.0.4000.1
7f57db34c000-7f57db34f000 r-xp 00000000 103:05 1061340                   /usr/lib/x86_64-linux-gnu/libgmodule-2.0.so.0.5000.0
7f57db34f000-7f57db54e000 ---p 00003000 103:05 1061340                   /usr/lib/x86_64-linux-gnu/libgmodule-2.0.so.0.5000.0
7f57db54e000-7f57db54f000 r--p 00002000 103:05 1061340                   /usr/lib/x86_64-linux-gnu/libgmodule-2.0.so.0.5000.0
7f57db54f000-7f57db550000 rw-p 00003000 103:05 1061340                   /usr/lib/x86_64-linux-gnu/libgmodule-2.0.so.0.5000.0
7f57db550000-7f57db555000 r-xp 00000000 103:05 1060843                   /usr/lib/x86_64-linux-gnu/libXtst.so.6.1.0
7f57db555000-7f57db754000 ---p 00005000 103:05 1060843                   /usr/lib/x86_64-linux-gnu/libXtst.so.6.1.0
7f57db754000-7f57db755000 r--p 00004000 103:05 1060843                   /usr/lib/x86_64-linux-gnu/libXtst.so.6.1.0
7f57db755000-7f57db756000 rw-p 00005000 103:05 1060843                   /usr/lib/x86_64-linux-gnu/libXtst.so.6.1.0
7f57db756000-7f57db866000 r-xp 00000000 103:05 136931                    /lib/x86_64-linux-gnu/libglib-2.0.so.0.5000.0
7f57db866000-7f57dba66000 ---p 00110000 103:05 136931                    /lib/x86_64-linux-gnu/libglib-2.0.so.0.5000.0
7f57dba66000-7f57dba67000 r--p 00110000 103:05 136931                    /lib/x86_64-linux-gnu/libglib-2.0.so.0.5000.0
7f57dba67000-7f57dba68000 rw-p 00111000 103:05 136931                    /lib/x86_64-linux-gnu/libglib-2.0.so.0.5000.0
7f57dba68000-7f57dba69000 rw-p 00000000 00:00 0 
7f57dba69000-7f57dba6a000 r-xp 00000000 103:05 1061437                   /usr/lib/x86_64-linux-gnu/libgthread-2.0.so.0.5000.0
7f57dba6a000-7f57dbc69000 ---p 00001000 103:05 1061437                   /usr/lib/x86_64-linux-gnu/libgthread-2.0.so.0.5000.0
7f57dbc69000-7f57dbc6a000 r--p 00000000 103:05 1061437                   /usr/lib/x86_64-linux-gnu/libgthread-2.0.so.0.5000.0
7f57dbc6a000-7f57dbc6b000 rw-p 00001000 103:05 1061437                   /usr/lib/x86_64-linux-gnu/libgthread-2.0.so.0.5000.0
7f57dbc6b000-7f57dbdf8000 r-xp 00000000 103:05 1061324                   /usr/lib/x86_64-linux-gnu/libgio-2.0.so.0.5000.0
7f57dbdf8000-7f57dbff7000 ---p 0018d000 103:05 1061324                   /usr/lib/x86_64-linux-gnu/libgio-2.0.so.0.5000.0
7f57dbff7000-7f57dbffc000 r--p 0018c000 103:05 1061324                   /usr/lib/x86_64-linux-gnu/libgio-2.0.so.0.5000.0
7f57dbffc000-7f57dbfff000 rw-p 00191000 103:05 1061324                   /usr/lib/x86_64-linux-gnu/libgio-2.0.so.0.5000.0
7f57dbfff000-7f57dc000000 rw-p 00000000 00:00 0 
7f57dc000000-7f57dc021000 rw-p 00000000 00:00 0 
7f57dc021000-7f57e0000000 ---p 00000000 00:00 0 
7f57e000f000-7f57e0013000 r--s 0009a000 103:05 279368                    /usr/lib/jvm/java-8-openjdk-amd64/jre/lib/jsse.jar
7f57e0013000-7f57e0021000 rw-s 00000000 00:05 467317                     /drm mm object (deleted)
7f57e0021000-7f57e0031000 rw-s 00000000 00:05 467314                     /drm mm object (deleted)
7f57e0031000-7f57e0039000 rw-s 00000000 00:05 467313                     /drm mm object (deleted)
7f57e0039000-7f57e0049000 rw-s 00000000 00:05 467312                     /drm mm object (deleted)
7f57e0049000-7f57e0055000 rw-s 00000000 00:05 467293                     /drm mm object (deleted)
7f57e0055000-7f57e0068000 r--s 00346000 103:05 279373                    /usr/lib/jvm/java-8-openjdk-amd64/jre/lib/resources.jar
7f57e0068000-7f57e00ba000 r-xp 00000000 103:05 1061362                   /usr/lib/x86_64-linux-gnu/libgobject-2.0.so.0.5000.0
7f57e00ba000-7f57e02b9000 ---p 00052000 103:05 1061362                   /usr/lib/x86_64-linux-gnu/libgobject-2.0.so.0.5000.0
7f57e02b9000-7f57e02ba000 r--p 00051000 103:05 1061362                   /usr/lib/x86_64-linux-gnu/libgobject-2.0.so.0.5000.0
7f57e02ba000-7f57e02bb000 rw-p 00052000 103:05 1061362                   /usr/lib/x86_64-linux-gnu/libgobject-2.0.so.0.5000.0
7f57e02bb000-7f57e02dc000 r-xp 00000000 103:05 1061294                   /usr/lib/x86_64-linux-gnu/libgdk_pixbuf-2.0.so.0.3400.0
7f57e02dc000-7f57e04db000 ---p 00021000 103:05 1061294                   /usr/lib/x86_64-linux-gnu/libgdk_pixbuf-2.0.so.0.3400.0
7f57e04db000-7f57e04dc000 r--p 00020000 103:05 1061294                   /usr/lib/x86_64-linux-gnu/libgdk_pixbuf-2.0.so.0.3400.0
7f57e04dc000-7f57e04dd000 rw-p 00021000 103:05 1061294                   /usr/lib/x86_64-linux-gnu/libgdk_pixbuf-2.0.so.0.3400.0
7f57e04dd000-7f57e05eb000 r-xp 00000000 103:05 1060970                   /usr/lib/x86_64-linux-gnu/libcairo.so.2.11400.6
7f57e05eb000-7f57e07ea000 ---p 0010e000 103:05 1060970                   /usr/lib/x86_64-linux-gnu/libcairo.so.2.11400.6
7f57e07ea000-7f57e07ed000 r--p 0010d000 103:05 1060970                   /usr/lib/x86_64-linux-gnu/libcairo.so.2.11400.6
7f57e07ed000-7f57e07ee000 rw-p 00110000 103:05 1060970                   /usr/lib/x86_64-linux-gnu/libcairo.so.2.11400.6
7f57e07ee000-7f57e07f0000 rw-p 00000000 00:00 0 
7f57e07f0000-7f57e08a0000 r-xp 00000000 103:05 1061292                   /usr/lib/x86_64-linux-gnu/libgdk-x11-2.0.so.0.2400.30
7f57e08a0000-7f57e0a9f000 ---p 000b0000 103:05 1061292                   /usr/lib/x86_64-linux-gnu/libgdk-x11-2.0.so.0.2400.30
7f57e0a9f000-7f57e0aa3000 r--p 000af000 103:05 1061292                   /usr/lib/x86_64-linux-gnu/libgdk-x11-2.0.so.0.2400.30
7f57e0aa3000-7f57e0aa5000 rw-p 000b3000 103:05 1061292                   /usr/lib/x86_64-linux-gnu/libgdk-x11-2.0.so.0.2400.30
7f57e0aa5000-7f57e0ee3000 r-xp 00000000 103:05 1061441                   /usr/lib/x86_64-linux-gnu/libgtk-x11-2.0.so.0.2400.30
7f57e0ee3000-7f57e10e3000 ---p 0043e000 103:05 1061441                   /usr/lib/x86_64-linux-gnu/libgtk-x11-2.0.so.0.2400.30
7f57e10e3000-7f57e10ea000 r--p 0043e000 103:05 1061441                   /usr/lib/x86_64-linux-gnu/libgtk-x11-2.0.so.0.2400.30
7f57e10ea000-7f57e10ee000 rw-p 00445000 103:05 1061441                   /usr/lib/x86_64-linux-gnu/libgtk-x11-2.0.so.0.2400.30
7f57e10ee000-7f57e10f1000 rw-p 00000000 00:00 0 
7f57e10f1000-7f57e1119000 r-xp 00000000 103:05 279195                    /usr/lib/jvm/java-8-openjdk-amd64/jre/lib/amd64/libglass.so
7f57e1119000-7f57e1319000 ---p 00028000 103:05 279195                    /usr/lib/jvm/java-8-openjdk-amd64/jre/lib/amd64/libglass.so
7f57e1319000-7f57e131a000 r--p 00028000 103:05 279195                    /usr/lib/jvm/java-8-openjdk-amd64/jre/lib/amd64/libglass.so
7f57e131a000-7f57e131b000 rw-p 00029000 103:05 279195                    /usr/lib/jvm/java-8-openjdk-amd64/jre/lib/amd64/libglass.so
7f57e131b000-7f57e1352000 r-xp 00000000 103:05 1062093                   /usr/lib/x86_64-linux-gnu/libtxc_dxtn_s2tc.so.0.0.0
7f57e1352000-7f57e1551000 ---p 00037000 103:05 1062093                   /usr/lib/x86_64-linux-gnu/libtxc_dxtn_s2tc.so.0.0.0
7f57e1551000-7f57e1552000 r--p 00036000 103:05 1062093                   /usr/lib/x86_64-linux-gnu/libtxc_dxtn_s2tc.so.0.0.0
7f57e1552000-7f57e1553000 rw-p 00037000 103:05 1062093                   /usr/lib/x86_64-linux-gnu/libtxc_dxtn_s2tc.so.0.0.0
7f57e1553000-7f57e155b000 r-xp 00000000 103:05 1061827                   /usr/lib/x86_64-linux-gnu/libpciaccess.so.0.11.1
7f57e155b000-7f57e175b000 ---p 00008000 103:05 1061827                   /usr/lib/x86_64-linux-gnu/libpciaccess.so.0.11.1
7f57e175b000-7f57e175c000 r--p 00008000 103:05 1061827                   /usr/lib/x86_64-linux-gnu/libpciaccess.so.0.11.1
7f57e175c000-7f57e175d000 rw-p 00009000 103:05 1061827                   /usr/lib/x86_64-linux-gnu/libpciaccess.so.0.11.1
7f57e175d000-7f57e176f000 r-xp 00000000 103:05 136933                    /lib/x86_64-linux-gnu/libgpg-error.so.0.19.1
7f57e176f000-7f57e196f000 ---p 00012000 103:05 136933                    /lib/x86_64-linux-gnu/libgpg-error.so.0.19.1
7f57e196f000-7f57e1970000 r--p 00012000 103:05 136933                    /lib/x86_64-linux-gnu/libgpg-error.so.0.19.1
7f57e1970000-7f57e1971000 rw-p 00013000 103:05 136933                    /lib/x86_64-linux-gnu/libgpg-error.so.0.19.1
7f57e1971000-7f57e197c000 r-xp 00000000 103:05 1061129                   /usr/lib/x86_64-linux-gnu/libdrm_radeon.so.1.0.1
7f57e197c000-7f57e1b7b000 ---p 0000b000 103:05 1061129                   /usr/lib/x86_64-linux-gnu/libdrm_radeon.so.1.0.1
7f57e1b7b000-7f57e1b7c000 r--p 0000a000 103:05 1061129                   /usr/lib/x86_64-linux-gnu/libdrm_radeon.so.1.0.1
7f57e1b7c000-7f57e1b7d000 rw-p 0000b000 103:05 1061129                   /usr/lib/x86_64-linux-gnu/libdrm_radeon.so.1.0.1
7f57e1b7d000-7f57e1b84000 r-xp 00000000 103:05 1061127                   /usr/lib/x86_64-linux-gnu/libdrm_nouveau.so.2.0.0
7f57e1b84000-7f57e1d83000 ---p 00007000 103:05 1061127                   /usr/lib/x86_64-linux-gnu/libdrm_nouveau.so.2.0.0
7f57e1d83000-7f57e1d84000 r--p 00006000 103:05 1061127                   /usr/lib/x86_64-linux-gnu/libdrm_nouveau.so.2.0.0
7f57e1d84000-7f57e1d85000 rw-p 00007000 103:05 1061127                   /usr/lib/x86_64-linux-gnu/libdrm_nouveau.so.2.0.0
7f57e1d85000-7f57e1da5000 r-xp 00000000 103:05 1061125                   /usr/lib/x86_64-linux-gnu/libdrm_intel.so.1.0.0
7f57e1da5000-7f57e1fa4000 ---p 00020000 103:05 1061125                   /usr/lib/x86_64-linux-gnu/libdrm_intel.so.1.0.0
7f57e1fa4000-7f57e1fa5000 r--p 0001f000 103:05 1061125                   /usr/lib/x86_64-linux-gnu/libdrm_intel.so.1.0.0
7f57e1fa5000-7f57e1fa6000 rw-p 00020000 103:05 1061125                   /usr/lib/x86_64-linux-gnu/libdrm_intel.so.1.0.0
7f57e1fa6000-7f57e20ad000 r-xp 00000000 103:05 136929                    /lib/x86_64-linux-gnu/libgcrypt.so.20.1.2
7f57e20ad000-7f57e22ac000 ---p 00107000 103:05 136929                    /lib/x86_64-linux-gnu/libgcrypt.so.20.1.2
7f57e22ac000-7f57e22ae000 r--p 00106000 103:05 136929                    /lib/x86_64-linux-gnu/libgcrypt.so.20.1.2
7f57e22ae000-7f57e22b5000 rw-p 00108000 103:05 136929                    /lib/x86_64-linux-gnu/libgcrypt.so.20.1.2
7f57e22b5000-7f57e2958000 r-xp 00000000 103:05 8121                      /usr/lib/x86_64-linux-gnu/dri/i965_dri.so
7f57e2958000-7f57e2b57000 ---p 006a3000 103:05 8121                      /usr/lib/x86_64-linux-gnu/dri/i965_dri.so
7f57e2b57000-7f57e2b96000 r--p 006a2000 103:05 8121                      /usr/lib/x86_64-linux-gnu/dri/i965_dri.so
7f57e2b96000-7f57e2b9e000 rw-p 006e1000 103:05 8121                      /usr/lib/x86_64-linux-gnu/dri/i965_dri.so
7f57e2b9e000-7f57e2ba6000 rw-p 00000000 00:00 0 
7f57e2ba6000-7f57e2bab000 r-xp 00000000 103:05 1060815                   /usr/lib/x86_64-linux-gnu/libXdmcp.so.6.0.0
7f57e2bab000-7f57e2daa000 ---p 00005000 103:05 1060815                   /usr/lib/x86_64-linux-gnu/libXdmcp.so.6.0.0
7f57e2daa000-7f57e2dab000 r--p 00004000 103:05 1060815                   /usr/lib/x86_64-linux-gnu/libXdmcp.so.6.0.0
7f57e2dab000-7f57e2dac000 rw-p 00005000 103:05 1060815                   /usr/lib/x86_64-linux-gnu/libXdmcp.so.6.0.0
7f57e2dac000-7f57e2dae000 r-xp 00000000 103:05 1060804                   /usr/lib/x86_64-linux-gnu/libXau.so.6.0.0
7f57e2dae000-7f57e2fae000 ---p 00002000 103:05 1060804                   /usr/lib/x86_64-linux-gnu/libXau.so.6.0.0
7f57e2fae000-7f57e2faf000 r--p 00002000 103:05 1060804                   /usr/lib/x86_64-linux-gnu/libXau.so.6.0.0
7f57e2faf000-7f57e2fb0000 rw-p 00003000 103:05 1060804                   /usr/lib/x86_64-linux-gnu/libXau.so.6.0.0
7f57e2fb0000-7f57e2fbe000 r-xp 00000000 103:05 1061121                   /usr/lib/x86_64-linux-gnu/libdrm.so.2.4.0
7f57e2fbe000-7f57e31bd000 ---p 0000e000 103:05 1061121                   /usr/lib/x86_64-linux-gnu/libdrm.so.2.4.0
7f57e31bd000-7f57e31be000 r--p 0000d000 103:05 1061121                   /usr/lib/x86_64-linux-gnu/libdrm.so.2.4.0
7f57e31be000-7f57e31bf000 rw-p 0000e000 103:05 1061121                   /usr/lib/x86_64-linux-gnu/libdrm.so.2.4.0
7f57e31bf000-7f57e31c4000 r-xp 00000000 103:05 1060853                   /usr/lib/x86_64-linux-gnu/libXxf86vm.so.1.0.0
7f57e31c4000-7f57e33c3000 ---p 00005000 103:05 1060853                   /usr/lib/x86_64-linux-gnu/libXxf86vm.so.1.0.0
7f57e33c3000-7f57e33c4000 r--p 00004000 103:05 1060853                   /usr/lib/x86_64-linux-gnu/libXxf86vm.so.1.0.0
7f57e33c4000-7f57e33c5000 rw-p 00005000 103:05 1060853                   /usr/lib/x86_64-linux-gnu/libXxf86vm.so.1.0.0
7f57e33c5000-7f57e33c9000 r-xp 00000000 103:05 1062304                   /usr/lib/x86_64-linux-gnu/libxcb-dri2.so.0.0.0
7f57e33c9000-7f57e35c8000 ---p 00004000 103:05 1062304                   /usr/lib/x86_64-linux-gnu/libxcb-dri2.so.0.0.0
7f57e35c8000-7f57e35c9000 r--p 00003000 103:05 1062304                   /usr/lib/x86_64-linux-gnu/libxcb-dri2.so.0.0.0
7f57e35c9000-7f57e35ca000 rw-p 00004000 103:05 1062304                   /usr/lib/x86_64-linux-gnu/libxcb-dri2.so.0.0.0
7f57e35ca000-7f57e35e1000 r-xp 00000000 103:05 1062308                   /usr/lib/x86_64-linux-gnu/libxcb-glx.so.0.0.0
7f57e35e1000-7f57e37e0000 ---p 00017000 103:05 1062308                   /usr/lib/x86_64-linux-gnu/libxcb-glx.so.0.0.0
7f57e37e0000-7f57e37e2000 r--p 00016000 103:05 1062308                   /usr/lib/x86_64-linux-gnu/libxcb-glx.so.0.0.0
7f57e37e2000-7f57e37e3000 rw-p 00018000 103:05 1062308                   /usr/lib/x86_64-linux-gnu/libxcb-glx.so.0.0.0
7f57e37e3000-7f57e37e4000 r-xp 00000000 103:05 1060798                   /usr/lib/x86_64-linux-gnu/libX11-xcb.so.1.0.0
7f57e37e4000-7f57e39e3000 ---p 00001000 103:05 1060798                   /usr/lib/x86_64-linux-gnu/libX11-xcb.so.1.0.0
7f57e39e3000-7f57e39e4000 r--p 00000000 103:05 1060798                   /usr/lib/x86_64-linux-gnu/libX11-xcb.so.1.0.0
7f57e39e4000-7f57e39e5000 rw-p 00001000 103:05 1060798                   /usr/lib/x86_64-linux-gnu/libX11-xcb.so.1.0.0
7f57e39e5000-7f57e39ea000 r-xp 00000000 103:05 1060819                   /usr/lib/x86_64-linux-gnu/libXfixes.so.3.1.0
7f57e39ea000-7f57e3be9000 ---p 00005000 103:05 1060819                   /usr/lib/x86_64-linux-gnu/libXfixes.so.3.1.0
7f57e3be9000-7f57e3bea000 r--p 00004000 103:05 1060819                   /usr/lib/x86_64-linux-gnu/libXfixes.so.3.1.0
7f57e3bea000-7f57e3beb000 rw-p 00005000 103:05 1060819                   /usr/lib/x86_64-linux-gnu/libXfixes.so.3.1.0
7f57e3beb000-7f57e3bed000 r-xp 00000000 103:05 1060813                   /usr/lib/x86_64-linux-gnu/libXdamage.so.1.1.0
7f57e3bed000-7f57e3dec000 ---p 00002000 103:05 1060813                   /usr/lib/x86_64-linux-gnu/libXdamage.so.1.1.0
7f57e3dec000-7f57e3ded000 r--p 00001000 103:05 1060813                   /usr/lib/x86_64-linux-gnu/libXdamage.so.1.1.0
7f57e3ded000-7f57e3dee000 rw-p 00002000 103:05 1060813                   /usr/lib/x86_64-linux-gnu/libXdamage.so.1.1.0
7f57e3dee000-7f57e3dff000 r-xp 00000000 103:05 1060817                   /usr/lib/x86_64-linux-gnu/libXext.so.6.4.0
7f57e3dff000-7f57e3ffe000 ---p 00011000 103:05 1060817                   /usr/lib/x86_64-linux-gnu/libXext.so.6.4.0
7f57e3ffe000-7f57e3fff000 r--p 00010000 103:05 1060817                   /usr/lib/x86_64-linux-gnu/libXext.so.6.4.0
7f57e3fff000-7f57e4000000 rw-p 00011000 103:05 1060817                   /usr/lib/x86_64-linux-gnu/libXext.so.6.4.0
7f57e4000000-7f57e4021000 rw-p 00000000 00:00 0 
7f57e4021000-7f57e8000000 ---p 00000000 00:00 0 
7f57e8003000-7f57e8005000 rw-s 105377000 00:06 415                       /dev/dri/card1
7f57e8005000-7f57e8010000 r--s 00000000 103:05 1076668                   /var/cache/fontconfig/945677eb7aeaf62f1d50efc3fb3ec7d8-le64.cache-6
7f57e8010000-7f57e8016000 r--s 00000000 103:05 1076649                   /var/cache/fontconfig/2cd17615ca594fa2959ae173292e504c-le64.cache-6
7f57e8016000-7f57e8017000 r--s 00000000 103:05 1076646                   /var/cache/fontconfig/0d8c3b2ac0904cb8a57a757ad11a4a08-le64.cache-6
7f57e8017000-7f57e802c000 r--s 00000000 103:05 1076642                   /var/cache/fontconfig/04aabc0a78ac019cf9454389977116d2-le64.cache-6
7f57e802c000-7f57e802d000 r--s 00000000 103:05 1076648                   /var/cache/fontconfig/1ac9eb803944fde146138c791f5cc56a-le64.cache-6
7f57e802d000-7f57e8031000 r--s 00000000 103:05 1076653                   /var/cache/fontconfig/385c0604a188198f04d133e54aba7fe7-le64.cache-6
7f57e8031000-7f57e8032000 r--s 00000000 103:05 1076681                   /var/cache/fontconfig/dc05db6664285cc2f12bf69c139ae4c3-le64.cache-6
7f57e8032000-7f57e8035000 r--s 00000000 103:05 1076664                   /var/cache/fontconfig/767a8244fc0220cfb567a839d0392e0b-le64.cache-6
7f57e8035000-7f57e8036000 r--s 00000000 103:05 1076655                   /var/cache/fontconfig/4794a0821666d79190d59a36cb4f44b5-le64.cache-6
7f57e8036000-7f57e8037000 r--s 00000000 103:05 1076644                   /var/cache/fontconfig/0bd3dc0958fa2205aaaa8ebb13e2872b-le64.cache-6
7f57e8037000-7f57e803c000 r--s 00000000 103:05 1076667                   /var/cache/fontconfig/8801497958630a81b71ace7c5f9b32a8-le64.cache-6
7f57e803c000-7f57e803d000 r--s 00000000 103:05 1076674                   /var/cache/fontconfig/bab58bb527bb656aaa9f116d68a48d89-le64.cache-6
7f57e803d000-7f57e8043000 r--s 00000000 103:05 1076650                   /var/cache/fontconfig/3047814df9a2f067bd2d96a2b9c36e5a-le64.cache-6
7f57e8043000-7f57e8044000 r--s 00000000 103:05 1076658                   /var/cache/fontconfig/56cf4f4769d0f4abc89a4895d7bd3ae1-le64.cache-6
7f57e8044000-7f57e8045000 r--s 00000000 103:05 1076673                   /var/cache/fontconfig/b9d506c9ac06c20b433354fa67a72993-le64.cache-6
7f57e8045000-7f57e804b000 r--s 00000000 103:05 1076672                   /var/cache/fontconfig/b47c4e1ecd0709278f4910c18777a504-le64.cache-6
7f57e804b000-7f57e805e000 r--s 00000000 103:05 1076678                   /var/cache/fontconfig/d52a8644073d54c13679302ca1180695-le64.cache-6
7f57e805e000-7f57e806a000 r--s 00000000 103:05 1078096                   /var/cache/fontconfig/d589a48862398ed80a3d6066f4f56f4c-le64.cache-6
7f57e806a000-7f57e8075000 r--s 00000000 103:05 1076666                   /var/cache/fontconfig/83bf95040141907cd45bb53cf7c1c148-le64.cache-6
7f57e8075000-7f57e80c0000 r--p 00000000 103:05 526830                    /usr/share/glib-2.0/schemas/gschemas.compiled
7f57e80c0000-7f57e8142000 r-xp 00000000 103:05 137052                    /lib/x86_64-linux-gnu/libsystemd.so.0.16.0
7f57e8142000-7f57e8145000 r--p 00081000 103:05 137052                    /lib/x86_64-linux-gnu/libsystemd.so.0.16.0
7f57e8145000-7f57e8146000 rw-p 00084000 103:05 137052                    /lib/x86_64-linux-gnu/libsystemd.so.0.16.0
7f57e8146000-7f57e8147000 rw-p 00000000 00:00 0 
7f57e8147000-7f57e8170000 r-xp 00000000 103:05 1052288                   /usr/lib/x86_64-linux-gnu/libglapi.so.0.0.0
7f57e8170000-7f57e836f000 ---p 00029000 103:05 1052288                   /usr/lib/x86_64-linux-gnu/libglapi.so.0.0.0
7f57e836f000-7f57e8373000 r--p 00028000 103:05 1052288                   /usr/lib/x86_64-linux-gnu/libglapi.so.0.0.0
7f57e8373000-7f57e8374000 rw-p 0002c000 103:05 1052288                   /usr/lib/x86_64-linux-gnu/libglapi.so.0.0.0
7f57e8374000-7f57e8375000 rw-p 00000000 00:00 0 
7f57e8375000-7f57e8376000 r-xp 00000000 103:05 1062350                   /usr/lib/x86_64-linux-gnu/libxshmfence.so.1.0.0
7f57e8376000-7f57e8576000 ---p 00001000 103:05 1062350                   /usr/lib/x86_64-linux-gnu/libxshmfence.so.1.0.0
7f57e8576000-7f57e8577000 r--p 00001000 103:05 1062350                   /usr/lib/x86_64-linux-gnu/libxshmfence.so.1.0.0
7f57e8577000-7f57e8578000 rw-p 00002000 103:05 1062350                   /usr/lib/x86_64-linux-gnu/libxshmfence.so.1.0.0
7f57e8578000-7f57e857d000 r-xp 00000000 103:05 1062328                   /usr/lib/x86_64-linux-gnu/libxcb-sync.so.1.0.0
7f57e857d000-7f57e877d000 ---p 00005000 103:05 1062328                   /usr/lib/x86_64-linux-gnu/libxcb-sync.so.1.0.0
7f57e877d000-7f57e877e000 r--p 00005000 103:05 1062328                   /usr/lib/x86_64-linux-gnu/libxcb-sync.so.1.0.0
7f57e877e000-7f57e877f000 rw-p 00006000 103:05 1062328                   /usr/lib/x86_64-linux-gnu/libxcb-sync.so.1.0.0
7f57e877f000-7f57e8781000 r-xp 00000000 103:05 1062316                   /usr/lib/x86_64-linux-gnu/libxcb-present.so.0.0.0
7f57e8781000-7f57e8980000 ---p 00002000 103:05 1062316                   /usr/lib/x86_64-linux-gnu/libxcb-present.so.0.0.0
7f57e8980000-7f57e8981000 r--p 00001000 103:05 1062316                   /usr/lib/x86_64-linux-gnu/libxcb-present.so.0.0.0
7f57e8981000-7f57e8982000 rw-p 00002000 103:05 1062316                   /usr/lib/x86_64-linux-gnu/libxcb-present.so.0.0.0
7f57e8982000-7f57e8984000 r-xp 00000000 103:05 1062306                   /usr/lib/x86_64-linux-gnu/libxcb-dri3.so.0.0.0
7f57e8984000-7f57e8b83000 ---p 00002000 103:05 1062306                   /usr/lib/x86_64-linux-gnu/libxcb-dri3.so.0.0.0
7f57e8b83000-7f57e8b84000 r--p 00001000 103:05 1062306                   /usr/lib/x86_64-linux-gnu/libxcb-dri3.so.0.0.0
7f57e8b84000-7f57e8b85000 rw-p 00002000 103:05 1062306                   /usr/lib/x86_64-linux-gnu/libxcb-dri3.so.0.0.0
7f57e8b85000-7f57e8bac000 r-xp 00000000 103:05 136920                    /lib/x86_64-linux-gnu/libexpat.so.1.6.2
7f57e8bac000-7f57e8dac000 ---p 00027000 103:05 136920                    /lib/x86_64-linux-gnu/libexpat.so.1.6.2
7f57e8dac000-7f57e8dae000 r--p 00027000 103:05 136920                    /lib/x86_64-linux-gnu/libexpat.so.1.6.2
7f57e8dae000-7f57e8daf000 rw-p 00029000 103:05 136920                    /lib/x86_64-linux-gnu/libexpat.so.1.6.2
7f57e8daf000-7f57e8dd0000 r-xp 00000000 103:05 1062338                   /usr/lib/x86_64-linux-gnu/libxcb.so.1.1.0
7f57e8dd0000-7f57e8fcf000 ---p 00021000 103:05 1062338                   /usr/lib/x86_64-linux-gnu/libxcb.so.1.1.0
7f57e8fcf000-7f57e8fd0000 r--p 00020000 103:05 1062338                   /usr/lib/x86_64-linux-gnu/libxcb.so.1.1.0
7f57e8fd0000-7f57e8fd1000 rw-p 00021000 103:05 1062338                   /usr/lib/x86_64-linux-gnu/libxcb.so.1.1.0
7f57e8fd1000-7f57e9041000 r-xp 00000000 103:05 137678                    /usr/lib/x86_64-linux-gnu/mesa/libGL.so.1.2.0
7f57e9041000-7f57e9240000 ---p 00070000 103:05 137678                    /usr/lib/x86_64-linux-gnu/mesa/libGL.so.1.2.0
7f57e9240000-7f57e9243000 r--p 0006f000 103:05 137678                    /usr/lib/x86_64-linux-gnu/mesa/libGL.so.1.2.0
7f57e9243000-7f57e9244000 rw-p 00072000 103:05 137678                    /usr/lib/x86_64-linux-gnu/mesa/libGL.so.1.2.0
7f57e9244000-7f57e9245000 rw-p 00000000 00:00 0 
7f57e9245000-7f57e937a000 r-xp 00000000 103:05 1060800                   /usr/lib/x86_64-linux-gnu/libX11.so.6.3.0
7f57e937a000-7f57e9579000 ---p 00135000 103:05 1060800                   /usr/lib/x86_64-linux-gnu/libX11.so.6.3.0
7f57e9579000-7f57e957a000 r--p 00134000 103:05 1060800                   /usr/lib/x86_64-linux-gnu/libX11.so.6.3.0
7f57e957a000-7f57e957e000 rw-p 00135000 103:05 1060800                   /usr/lib/x86_64-linux-gnu/libX11.so.6.3.0
7f57e957e000-7f57e958a000 r-xp 00000000 103:05 279204                    /usr/lib/jvm/java-8-openjdk-amd64/jre/lib/amd64/libprism_es2.so
7f57e958a000-7f57e9789000 ---p 0000c000 103:05 279204                    /usr/lib/jvm/java-8-openjdk-amd64/jre/lib/amd64/libprism_es2.so
7f57e9789000-7f57e978a000 r--p 0000b000 103:05 279204                    /usr/lib/jvm/java-8-openjdk-amd64/jre/lib/amd64/libprism_es2.so
7f57e978a000-7f57e978b000 rw-p 0000c000 103:05 279204                    /usr/lib/jvm/java-8-openjdk-amd64/jre/lib/amd64/libprism_es2.so
7f57e978b000-7f57e978e000 ---p 00000000 00:00 0 
7f57e978e000-7f57e988c000 rw-p 00000000 00:00 0 
7f57e988c000-7f57e988f000 ---p 00000000 00:00 0 
7f57e988f000-7f57e998d000 rw-p 00000000 00:00 0 
7f57e998d000-7f57e9990000 ---p 00000000 00:00 0 
7f57e9990000-7f57e9a8e000 rw-p 00000000 00:00 0 
7f57e9a8e000-7f57e9b24000 r--s 008d6000 103:05 279517                    /usr/share/java/openjfx/jre/lib/ext/jfxrt.jar
7f57e9b24000-7f57e9b25000 ---p 00000000 00:00 0 
7f57e9b25000-7f57e9c25000 rw-p 00000000 00:00 0 
7f57e9c25000-7f57e9c28000 ---p 00000000 00:00 0 
7f57e9c28000-7f57e9d26000 rw-p 00000000 00:00 0 
7f57e9d26000-7f57e9d29000 ---p 00000000 00:00 0 
7f57e9d29000-7f57e9e27000 rw-p 00000000 00:00 0 
7f57e9e27000-7f57e9e2a000 ---p 00000000 00:00 0 
7f57e9e2a000-7f57e9f28000 rw-p 00000000 00:00 0 
7f57e9f28000-7f57e9f2b000 ---p 00000000 00:00 0 
7f57e9f2b000-7f57ea029000 rw-p 00000000 00:00 0 
7f57ea029000-7f57ea02c000 ---p 00000000 00:00 0 
7f57ea02c000-7f57ea12a000 rw-p 00000000 00:00 0 
7f57ea12a000-7f57ea12d000 ---p 00000000 00:00 0 
7f57ea12d000-7f57ea22b000 rw-p 00000000 00:00 0 
7f57ea22b000-7f57eabec000 r--p 00000000 103:05 1058289                   /usr/lib/locale/locale-archive
7f57eabec000-7f57eabef000 ---p 00000000 00:00 0 
7f57eabef000-7f57eaced000 rw-p 00000000 00:00 0 
7f57eaced000-7f57eacf0000 ---p 00000000 00:00 0 
7f57eacf0000-7f57eadee000 rw-p 00000000 00:00 0 
7f57eadee000-7f57eadef000 ---p 00000000 00:00 0 
7f57eadef000-7f57ec000000 rw-p 00000000 00:00 0 
7f57ec000000-7f57ec021000 rw-p 00000000 00:00 0 
7f57ec021000-7f57f0000000 ---p 00000000 00:00 0 
7f57f0000000-7f57f0001000 r--s 00000000 103:05 1076657                   /var/cache/fontconfig/551ecf3b0e8b0bca0f25c0944f561853-le64.cache-6
7f57f0001000-7f57f0002000 r--s 00000000 103:05 1076654                   /var/cache/fontconfig/3f7329c5293ffd510edef78f73874cfd-le64.cache-6
7f57f0002000-7f57f0003000 r--s 00000000 103:05 1076651                   /var/cache/fontconfig/30829fa25452a46451e813d634d7f916-le64.cache-6
7f57f0003000-7f57f0006000 r--s 00000000 103:05 1076663                   /var/cache/fontconfig/75114ca45c98e8a441da0ff356701271-le64.cache-6
7f57f0006000-7f57f0018000 r--s 00000000 103:05 1076670                   /var/cache/fontconfig/9b89f8e3dae116d678bbf48e5f21f69b-le64.cache-6
7f57f0018000-7f57f001b000 r--s 00000000 103:05 1076682                   /var/cache/fontconfig/e13b20fdb08344e0e664864cc2ede53d-le64.cache-6
7f57f001b000-7f57f0023000 rw-s 00000000 00:05 467292                     /drm mm object (deleted)
7f57f0023000-7f57f0041000 r-xp 00000000 103:05 136726                    /lib/x86_64-linux-gnu/libudev.so.1.6.5
7f57f0041000-7f57f0042000 ---p 0001e000 103:05 136726                    /lib/x86_64-linux-gnu/libudev.so.1.6.5
7f57f0042000-7f57f0043000 r--p 0001e000 103:05 136726                    /lib/x86_64-linux-gnu/libudev.so.1.6.5
7f57f0043000-7f57f0044000 rw-p 0001f000 103:05 136726                    /lib/x86_64-linux-gnu/libudev.so.1.6.5
7f57f0044000-7f57f0045000 r--s 00000000 103:05 1076645                   /var/cache/fontconfig/0c9eb80ebd1c36541ebe2852d3bb0c49-le64.cache-6
7f57f0045000-7f57f0049000 r--s 00000000 103:05 1048703                   /var/cache/fontconfig/7ef2298fde41cc6eeb7af42e48b7d293-le64.cache-6
7f57f004b000-7f57f0053000 rw-s 00000000 00:05 470182                     /drm mm object (deleted)
7f57f0053000-7f57f0058000 r--p 00000000 103:05 797336                    /home/justin/.config/dconf/user
7f57f0058000-7f57f0060000 rw-s 00000000 00:05 466416                     /drm mm object (deleted)
7f57f0060000-7f57f007b000 r--s 001d6000 103:05 279350                    /usr/lib/jvm/java-8-openjdk-amd64/jre/lib/ext/nashorn.jar
7f57f007b000-7f57f0096000 r--s 00394000 103:05 279345                    /usr/lib/jvm/java-8-openjdk-amd64/jre/lib/ext/cldrdata.jar
7f57f0096000-7f57f1000000 rw-p 00000000 00:00 0 
7f57f1000000-7f57f1480000 rwxp 00000000 00:00 0 
7f57f1480000-7f5800000000 ---p 00000000 00:00 0 
7f5800000000-7f58001fe000 rw-p 00000000 00:00 0 
7f58001fe000-7f5804000000 ---p 00000000 00:00 0 
7f5804000000-7f5804001000 r--s 00000000 00:2d 56                         /run/user/1000/dconf/user
7f5804001000-7f5804008000 r--s 00000000 103:05 154219                    /usr/lib/x86_64-linux-gnu/gconv/gconv-modules.cache
7f5804008000-7f580441e000 rw-p 00000000 00:00 0 
7f580441e000-7f58045ec000 r--s 03c06000 103:05 279374                    /usr/lib/jvm/java-8-openjdk-amd64/jre/lib/rt.jar
7f58045ec000-7f5804e24000 rw-p 00000000 00:00 0 
7f5804e24000-7f5804e25000 ---p 00000000 00:00 0 
7f5804e25000-7f5804f25000 rw-p 00000000 00:00 0 
7f5804f25000-7f5804f26000 ---p 00000000 00:00 0 
7f5804f26000-7f5805026000 rw-p 00000000 00:00 0 
7f5805026000-7f5805027000 ---p 00000000 00:00 0 
7f5805027000-7f5805127000 rw-p 00000000 00:00 0 
7f5805127000-7f5805128000 ---p 00000000 00:00 0 
7f5805128000-7f5805228000 rw-p 00000000 00:00 0 
7f5805228000-7f5805229000 ---p 00000000 00:00 0 
7f5805229000-7f5805329000 rw-p 00000000 00:00 0 
7f5805329000-7f580532a000 ---p 00000000 00:00 0 
7f580532a000-7f580542a000 rw-p 00000000 00:00 0 
7f580542a000-7f580542b000 ---p 00000000 00:00 0 
7f580542b000-7f580552b000 rw-p 00000000 00:00 0 
7f580552b000-7f580552c000 ---p 00000000 00:00 0 
7f580552c000-7f5805680000 rw-p 00000000 00:00 0 
7f5805680000-7f5805b58000 ---p 00000000 00:00 0 
7f5805b58000-7f5805bac000 rw-p 00000000 00:00 0 
7f5805bac000-7f5806084000 ---p 00000000 00:00 0 
7f5806084000-7f58060ae000 rw-p 00000000 00:00 0 
7f58060ae000-7f580631a000 ---p 00000000 00:00 0 
7f580631a000-7f580632d000 rw-p 00000000 00:00 0 
7f580632d000-7f58066db000 ---p 00000000 00:00 0 
7f58066db000-7f58066e3000 r-xp 00000000 103:05 279331                    /usr/lib/jvm/java-8-openjdk-amd64/jre/lib/amd64/libzip.so
7f58066e3000-7f58068e2000 ---p 00008000 103:05 279331                    /usr/lib/jvm/java-8-openjdk-amd64/jre/lib/amd64/libzip.so
7f58068e2000-7f58068e3000 r--p 00007000 103:05 279331                    /usr/lib/jvm/java-8-openjdk-amd64/jre/lib/amd64/libzip.so
7f58068e3000-7f58068e4000 rw-p 00008000 103:05 279331                    /usr/lib/jvm/java-8-openjdk-amd64/jre/lib/amd64/libzip.so
7f58068e4000-7f58068ef000 r-xp 00000000 103:05 149387                    /lib/x86_64-linux-gnu/libnss_files-2.24.so
7f58068ef000-7f5806aee000 ---p 0000b000 103:05 149387                    /lib/x86_64-linux-gnu/libnss_files-2.24.so
7f5806aee000-7f5806aef000 r--p 0000a000 103:05 149387                    /lib/x86_64-linux-gnu/libnss_files-2.24.so
7f5806aef000-7f5806af0000 rw-p 0000b000 103:05 149387                    /lib/x86_64-linux-gnu/libnss_files-2.24.so
7f5806af0000-7f5806af6000 rw-p 00000000 00:00 0 
7f5806af6000-7f5806b01000 r-xp 00000000 103:05 149392                    /lib/x86_64-linux-gnu/libnss_nis-2.24.so
7f5806b01000-7f5806d00000 ---p 0000b000 103:05 149392                    /lib/x86_64-linux-gnu/libnss_nis-2.24.so
7f5806d00000-7f5806d01000 r--p 0000a000 103:05 149392                    /lib/x86_64-linux-gnu/libnss_nis-2.24.so
7f5806d01000-7f5806d02000 rw-p 0000b000 103:05 149392                    /lib/x86_64-linux-gnu/libnss_nis-2.24.so
7f5806d02000-7f5806d18000 r-xp 00000000 103:05 149279                    /lib/x86_64-linux-gnu/libnsl-2.24.so
7f5806d18000-7f5806f17000 ---p 00016000 103:05 149279                    /lib/x86_64-linux-gnu/libnsl-2.24.so
7f5806f17000-7f5806f18000 r--p 00015000 103:05 149279                    /lib/x86_64-linux-gnu/libnsl-2.24.so
7f5806f18000-7f5806f19000 rw-p 00016000 103:05 149279                    /lib/x86_64-linux-gnu/libnsl-2.24.so
7f5806f19000-7f5806f1b000 rw-p 00000000 00:00 0 
7f5806f1b000-7f5806f23000 r-xp 00000000 103:05 149380                    /lib/x86_64-linux-gnu/libnss_compat-2.24.so
7f5806f23000-7f5807122000 ---p 00008000 103:05 149380                    /lib/x86_64-linux-gnu/libnss_compat-2.24.so
7f5807122000-7f5807123000 r--p 00007000 103:05 149380                    /lib/x86_64-linux-gnu/libnss_compat-2.24.so
7f5807123000-7f5807124000 rw-p 00008000 103:05 149380                    /lib/x86_64-linux-gnu/libnss_compat-2.24.so
7f5807124000-7f5807151000 r-xp 00000000 103:05 279312                    /usr/lib/jvm/java-8-openjdk-amd64/jre/lib/amd64/libjava.so
7f5807151000-7f5807350000 ---p 0002d000 103:05 279312                    /usr/lib/jvm/java-8-openjdk-amd64/jre/lib/amd64/libjava.so
7f5807350000-7f5807351000 r--p 0002c000 103:05 279312                    /usr/lib/jvm/java-8-openjdk-amd64/jre/lib/amd64/libjava.so
7f5807351000-7f5807353000 rw-p 0002d000 103:05 279312                    /usr/lib/jvm/java-8-openjdk-amd64/jre/lib/amd64/libjava.so
7f5807353000-7f5807362000 r-xp 00000000 103:05 279330                    /usr/lib/jvm/java-8-openjdk-amd64/jre/lib/amd64/libverify.so
7f5807362000-7f5807561000 ---p 0000f000 103:05 279330                    /usr/lib/jvm/java-8-openjdk-amd64/jre/lib/amd64/libverify.so
7f5807561000-7f5807563000 r--p 0000e000 103:05 279330                    /usr/lib/jvm/java-8-openjdk-amd64/jre/lib/amd64/libverify.so
7f5807563000-7f5807564000 rw-p 00010000 103:05 279330                    /usr/lib/jvm/java-8-openjdk-amd64/jre/lib/amd64/libverify.so
7f5807564000-7f580756b000 r-xp 00000000 103:05 149411                    /lib/x86_64-linux-gnu/librt-2.24.so
7f580756b000-7f580776a000 ---p 00007000 103:05 149411                    /lib/x86_64-linux-gnu/librt-2.24.so
7f580776a000-7f580776b000 r--p 00006000 103:05 149411                    /lib/x86_64-linux-gnu/librt-2.24.so
7f580776b000-7f580776c000 rw-p 00007000 103:05 149411                    /lib/x86_64-linux-gnu/librt-2.24.so
7f580776c000-7f5807782000 r-xp 00000000 103:05 136927                    /lib/x86_64-linux-gnu/libgcc_s.so.1
7f5807782000-7f5807981000 ---p 00016000 103:05 136927                    /lib/x86_64-linux-gnu/libgcc_s.so.1
7f5807981000-7f5807982000 r--p 00015000 103:05 136927                    /lib/x86_64-linux-gnu/libgcc_s.so.1
7f5807982000-7f5807983000 rw-p 00016000 103:05 136927                    /lib/x86_64-linux-gnu/libgcc_s.so.1
7f5807983000-7f5807a8b000 r-xp 00000000 103:05 148713                    /lib/x86_64-linux-gnu/libm-2.24.so
7f5807a8b000-7f5807c8a000 ---p 00108000 103:05 148713                    /lib/x86_64-linux-gnu/libm-2.24.so
7f5807c8a000-7f5807c8b000 r--p 00107000 103:05 148713                    /lib/x86_64-linux-gnu/libm-2.24.so
7f5807c8b000-7f5807c8c000 rw-p 00108000 103:05 148713                    /lib/x86_64-linux-gnu/libm-2.24.so
7f5807c8c000-7f5807e04000 r-xp 00000000 103:05 1062032                   /usr/lib/x86_64-linux-gnu/libstdc++.so.6.0.22
7f5807e04000-7f5808004000 ---p 00178000 103:05 1062032                   /usr/lib/x86_64-linux-gnu/libstdc++.so.6.0.22
7f5808004000-7f580800e000 r--p 00178000 103:05 1062032                   /usr/lib/x86_64-linux-gnu/libstdc++.so.6.0.22
7f580800e000-7f5808010000 rw-p 00182000 103:05 1062032                   /usr/lib/x86_64-linux-gnu/libstdc++.so.6.0.22
7f5808010000-7f5808014000 rw-p 00000000 00:00 0 
7f5808014000-7f5808c69000 r-xp 00000000 103:05 279334                    /usr/lib/jvm/java-8-openjdk-amd64/jre/lib/amd64/server/libjvm.so
7f5808c69000-7f5808e69000 ---p 00c55000 103:05 279334                    /usr/lib/jvm/java-8-openjdk-amd64/jre/lib/amd64/server/libjvm.so
7f5808e69000-7f5808efc000 r--p 00c55000 103:05 279334                    /usr/lib/jvm/java-8-openjdk-amd64/jre/lib/amd64/server/libjvm.so
7f5808efc000-7f5808f25000 rw-p 00ce8000 103:05 279334                    /usr/lib/jvm/java-8-openjdk-amd64/jre/lib/amd64/server/libjvm.so
7f5808f25000-7f5808f55000 rw-p 00000000 00:00 0 
7f5808f55000-7f5808f6d000 r-xp 00000000 103:05 149403                    /lib/x86_64-linux-gnu/libpthread-2.24.so
7f5808f6d000-7f580916d000 ---p 00018000 103:05 149403                    /lib/x86_64-linux-gnu/libpthread-2.24.so
7f580916d000-7f580916e000 r--p 00018000 103:05 149403                    /lib/x86_64-linux-gnu/libpthread-2.24.so
7f580916e000-7f580916f000 rw-p 00019000 103:05 149403                    /lib/x86_64-linux-gnu/libpthread-2.24.so
7f580916f000-7f5809173000 rw-p 00000000 00:00 0 
7f5809173000-7f5809176000 r-xp 00000000 103:05 148709                    /lib/x86_64-linux-gnu/libdl-2.24.so
7f5809176000-7f5809375000 ---p 00003000 103:05 148709                    /lib/x86_64-linux-gnu/libdl-2.24.so
7f5809375000-7f5809376000 r--p 00002000 103:05 148709                    /lib/x86_64-linux-gnu/libdl-2.24.so
7f5809376000-7f5809377000 rw-p 00003000 103:05 148709                    /lib/x86_64-linux-gnu/libdl-2.24.so
7f5809377000-7f5809390000 r-xp 00000000 103:05 137071                    /lib/x86_64-linux-gnu/libz.so.1.2.8
7f5809390000-7f580958f000 ---p 00019000 103:05 137071                    /lib/x86_64-linux-gnu/libz.so.1.2.8
7f580958f000-7f5809590000 r--p 00018000 103:05 137071                    /lib/x86_64-linux-gnu/libz.so.1.2.8
7f5809590000-7f5809591000 rw-p 00019000 103:05 137071                    /lib/x86_64-linux-gnu/libz.so.1.2.8
7f5809591000-7f580974e000 r-xp 00000000 103:05 148700                    /lib/x86_64-linux-gnu/libc-2.24.so
7f580974e000-7f580994e000 ---p 001bd000 103:05 148700                    /lib/x86_64-linux-gnu/libc-2.24.so
7f580994e000-7f5809952000 r--p 001bd000 103:05 148700                    /lib/x86_64-linux-gnu/libc-2.24.so
7f5809952000-7f5809954000 rw-p 001c1000 103:05 148700                    /lib/x86_64-linux-gnu/libc-2.24.so
7f5809954000-7f5809958000 rw-p 00000000 00:00 0 
7f5809958000-7f5809965000 r-xp 00000000 103:05 279298                    /usr/lib/jvm/java-8-openjdk-amd64/jre/lib/amd64/jli/libjli.so
7f5809965000-7f5809b65000 ---p 0000d000 103:05 279298                    /usr/lib/jvm/java-8-openjdk-amd64/jre/lib/amd64/jli/libjli.so
7f5809b65000-7f5809b66000 r--p 0000d000 103:05 279298                    /usr/lib/jvm/java-8-openjdk-amd64/jre/lib/amd64/jli/libjli.so
7f5809b66000-7f5809b67000 rw-p 0000e000 103:05 279298                    /usr/lib/jvm/java-8-openjdk-amd64/jre/lib/amd64/jli/libjli.so
7f5809b67000-7f5809b8c000 r-xp 00000000 103:05 148690                    /lib/x86_64-linux-gnu/ld-2.24.so
7f5809b8c000-7f5809b96000 r--s 00116000 103:05 279349                    /usr/lib/jvm/java-8-openjdk-amd64/jre/lib/ext/localedata.jar
7f5809b96000-7f5809c67000 rw-p 00000000 00:00 0 
7f5809c67000-7f5809c6a000 ---p 00000000 00:00 0 
7f5809c6a000-7f5809d6c000 rw-p 00000000 00:00 0 
7f5809d6c000-7f5809d6e000 r--s 00008000 103:05 279351                    /usr/lib/jvm/java-8-openjdk-amd64/jre/lib/ext/sunec.jar
7f5809d6e000-7f5809d6f000 r--s 0000a000 103:05 279348                    /usr/lib/jvm/java-8-openjdk-amd64/jre/lib/ext/jaccess.jar
7f5809d6f000-7f5809d70000 r--s 00010000 103:05 279354                    /usr/lib/jvm/java-8-openjdk-amd64/jre/lib/ext/zipfs.jar
7f5809d70000-7f5809d75000 r--s 0003b000 103:05 279352                    /usr/lib/jvm/java-8-openjdk-amd64/jre/lib/ext/sunjce_provider.jar
7f5809d75000-7f5809d79000 r--s 00037000 103:05 279353                    /usr/lib/jvm/java-8-openjdk-amd64/jre/lib/ext/sunpkcs11.jar
7f5809d79000-7f5809d7c000 r--s 0000f000 103:05 279347                    /usr/lib/jvm/java-8-openjdk-amd64/jre/lib/ext/icedtea-sound.jar
7f5809d7c000-7f5809d7e000 r--s 00001000 103:05 279346                    /usr/lib/jvm/java-8-openjdk-amd64/jre/lib/ext/dnsns.jar
7f5809d7e000-7f5809d86000 rw-s 00000000 103:05 12673                     /tmp/hsperfdata_justin/16478
7f5809d86000-7f5809d87000 rw-p 00000000 00:00 0 
7f5809d87000-7f5809d88000 r--p 00000000 00:00 0 
7f5809d88000-7f5809d8b000 rw-p 00000000 00:00 0 
7f5809d8b000-7f5809d8c000 r--p 00024000 103:05 148690                    /lib/x86_64-linux-gnu/ld-2.24.so
7f5809d8c000-7f5809d8d000 rw-p 00025000 103:05 148690                    /lib/x86_64-linux-gnu/ld-2.24.so
7f5809d8d000-7f5809d8e000 rw-p 00000000 00:00 0 
7fff8cbf7000-7fff8cc18000 rw-p 00000000 00:00 0                          [stack]
7fff8cd15000-7fff8cd17000 r--p 00000000 00:00 0                          [vvar]
7fff8cd17000-7fff8cd19000 r-xp 00000000 00:00 0                          [vdso]
ffffffffff600000-ffffffffff601000 r-xp 00000000 00:00 0                  [vsyscall]

VM Arguments:
jvm_args: -Dfile.encoding=UTF-8 
java_command: application.Main
java_class_path (initial): /home/justin/git/IntegrationProject/IntegrationProject/bin:/home/justin/.p2/pool/plugins/org.junit_4.12.0.v201504281640/junit.jar:/home/justin/.p2/pool/plugins/org.hamcrest.core_1.3.0.v201303031735.jar:/home/justin/git/IntegrationProject/IntegrationProject/commons-codec-1.10.jar
Launcher Type: SUN_STANDARD

Environment Variables:
PATH=/home/justin/bin:/home/justin/.local/bin:/usr/local/sbin:/usr/local/bin:/usr/sbin:/usr/bin:/sbin:/bin:/usr/games:/usr/local/games:/snap/bin
SHELL=/bin/bash
DISPLAY=:0

Signal Handlers:
SIGSEGV: [libjvm.so+0xa6c900], sa_mask[0]=11111111011111111101111111111110, sa_flags=SA_RESTART|SA_SIGINFO
SIGBUS: [libjvm.so+0xa6c900], sa_mask[0]=11111111011111111101111111111110, sa_flags=SA_RESTART|SA_SIGINFO
SIGFPE: [libjvm.so+0x8b6400], sa_mask[0]=11111111011111111101111111111110, sa_flags=SA_RESTART|SA_SIGINFO
SIGPIPE: SIG_IGN, sa_mask[0]=00000000000010000000000000000000, sa_flags=SA_RESTART
SIGXFSZ: [libjvm.so+0x8b6400], sa_mask[0]=11111111011111111101111111111110, sa_flags=SA_RESTART|SA_SIGINFO
SIGILL: [libjvm.so+0x8b6400], sa_mask[0]=11111111011111111101111111111110, sa_flags=SA_RESTART|SA_SIGINFO
SIGUSR1: SIG_DFL, sa_mask[0]=00000000000000000000000000000000, sa_flags=none
SIGUSR2: [libjvm.so+0x8b62b0], sa_mask[0]=00100000000000000000000000000000, sa_flags=SA_RESTART|SA_SIGINFO
SIGHUP: [libjvm.so+0x8b6760], sa_mask[0]=11111111011111111101111111111110, sa_flags=SA_RESTART|SA_SIGINFO
SIGINT: [libjvm.so+0x8b6760], sa_mask[0]=11111111011111111101111111111110, sa_flags=SA_RESTART|SA_SIGINFO
SIGTERM: [libjvm.so+0x8b6760], sa_mask[0]=11111111011111111101111111111110, sa_flags=SA_RESTART|SA_SIGINFO
SIGQUIT: [libjvm.so+0x8b6760], sa_mask[0]=11111111011111111101111111111110, sa_flags=SA_RESTART|SA_SIGINFO


---------------  S Y S T E M  ---------------

OS:DISTRIB_ID=Ubuntu
DISTRIB_RELEASE=16.10
DISTRIB_CODENAME=yakkety
DISTRIB_DESCRIPTION="Ubuntu 16.10"

uname:Linux 4.8.0-46-generic #49-Ubuntu SMP Fri Mar 31 13:57:14 UTC 2017 x86_64
libc:glibc 2.24 NPTL 2.24 
rlimit: STACK 8192k, CORE 0k, NPROC 63036, NOFILE 4096, AS infinity
load average:0,91 0,70 0,56

/proc/meminfo:
MemTotal:       16264244 kB
MemFree:         9919156 kB
MemAvailable:   10776224 kB
Buffers:          128768 kB
Cached:          1885144 kB
SwapCached:            0 kB
Active:          4567080 kB
Inactive:        1412184 kB
Active(anon):    3966744 kB
Inactive(anon):   950036 kB
Active(file):     600336 kB
Inactive(file):   462148 kB
Unevictable:          48 kB
Mlocked:              48 kB
SwapTotal:             0 kB
SwapFree:              0 kB
Dirty:               168 kB
Writeback:             0 kB
AnonPages:       3889892 kB
Mapped:           895904 kB
Shmem:            951432 kB
Slab:             177444 kB
SReclaimable:     108948 kB
SUnreclaim:        68496 kB
KernelStack:       12640 kB
PageTables:        52152 kB
NFS_Unstable:          0 kB
Bounce:                0 kB
WritebackTmp:          0 kB
CommitLimit:     8132120 kB
Committed_AS:    9187900 kB
VmallocTotal:   34359738367 kB
VmallocUsed:           0 kB
VmallocChunk:          0 kB
HardwareCorrupted:     0 kB
AnonHugePages:   2623488 kB
ShmemHugePages:        0 kB
ShmemPmdMapped:        0 kB
CmaTotal:              0 kB
CmaFree:               0 kB
HugePages_Total:       0
HugePages_Free:        0
HugePages_Rsvd:        0
HugePages_Surp:        0
Hugepagesize:       2048 kB
DirectMap4k:      229940 kB
DirectMap2M:     7989248 kB
DirectMap1G:     9437184 kB


CPU:total 8 (4 cores per cpu, 2 threads per core) family 6 model 94 stepping 3, cmov, cx8, fxsr, mmx, sse, sse2, sse3, ssse3, sse4.1, sse4.2, popcnt, avx, avx2, aes, clmul, erms, rtm, 3dnowpref, lzcnt, ht, tsc, tscinvbit, bmi1, bmi2, adx

/proc/cpuinfo:
processor	: 0
vendor_id	: GenuineIntel
cpu family	: 6
model		: 94
model name	: Intel(R) Core(TM) i7-6700HQ CPU @ 2.60GHz
stepping	: 3
microcode	: 0x9e
cpu MHz		: 2702.038
cache size	: 6144 KB
physical id	: 0
siblings	: 8
core id		: 0
cpu cores	: 4
apicid		: 0
initial apicid	: 0
fpu		: yes
fpu_exception	: yes
cpuid level	: 22
wp		: yes
flags		: fpu vme de pse tsc msr pae mce cx8 apic sep mtrr pge mca cmov pat pse36 clflush dts acpi mmx fxsr sse sse2 ss ht tm pbe syscall nx pdpe1gb rdtscp lm constant_tsc art arch_perfmon pebs bts rep_good nopl xtopology nonstop_tsc aperfmperf eagerfpu pni pclmulqdq dtes64 monitor ds_cpl vmx est tm2 ssse3 sdbg fma cx16 xtpr pdcm pcid sse4_1 sse4_2 x2apic movbe popcnt tsc_deadline_timer aes xsave avx f16c rdrand lahf_lm abm 3dnowprefetch epb intel_pt tpr_shadow vnmi flexpriority ept vpid fsgsbase tsc_adjust bmi1 hle avx2 smep bmi2 erms invpcid rtm mpx rdseed adx smap clflushopt xsaveopt xsavec xgetbv1 xsaves dtherm ida arat pln pts hwp hwp_notify hwp_act_window hwp_epp
bugs		:
bogomips	: 5184.00
clflush size	: 64
cache_alignment	: 64
address sizes	: 39 bits physical, 48 bits virtual
power management:

processor	: 1
vendor_id	: GenuineIntel
cpu family	: 6
model		: 94
model name	: Intel(R) Core(TM) i7-6700HQ CPU @ 2.60GHz
stepping	: 3
microcode	: 0x9e
cpu MHz		: 2709.814
cache size	: 6144 KB
physical id	: 0
siblings	: 8
core id		: 1
cpu cores	: 4
apicid		: 2
initial apicid	: 2
fpu		: yes
fpu_exception	: yes
cpuid level	: 22
wp		: yes
flags		: fpu vme de pse tsc msr pae mce cx8 apic sep mtrr pge mca cmov pat pse36 clflush dts acpi mmx fxsr sse sse2 ss ht tm pbe syscall nx pdpe1gb rdtscp lm constant_tsc art arch_perfmon pebs bts rep_good nopl xtopology nonstop_tsc aperfmperf eagerfpu pni pclmulqdq dtes64 monitor ds_cpl vmx est tm2 ssse3 sdbg fma cx16 xtpr pdcm pcid sse4_1 sse4_2 x2apic movbe popcnt tsc_deadline_timer aes xsave avx f16c rdrand lahf_lm abm 3dnowprefetch epb intel_pt tpr_shadow vnmi flexpriority ept vpid fsgsbase tsc_adjust bmi1 hle avx2 smep bmi2 erms invpcid rtm mpx rdseed adx smap clflushopt xsaveopt xsavec xgetbv1 xsaves dtherm ida arat pln pts hwp hwp_notify hwp_act_window hwp_epp
bugs		:
bogomips	: 5184.00
clflush size	: 64
cache_alignment	: 64
address sizes	: 39 bits physical, 48 bits virtual
power management:

processor	: 2
vendor_id	: GenuineIntel
cpu family	: 6
model		: 94
model name	: Intel(R) Core(TM) i7-6700HQ CPU @ 2.60GHz
stepping	: 3
microcode	: 0x9e
cpu MHz		: 2701.245
cache size	: 6144 KB
physical id	: 0
siblings	: 8
core id		: 2
cpu cores	: 4
apicid		: 4
initial apicid	: 4
fpu		: yes
fpu_exception	: yes
cpuid level	: 22
wp		: yes
flags		: fpu vme de pse tsc msr pae mce cx8 apic sep mtrr pge mca cmov pat pse36 clflush dts acpi mmx fxsr sse sse2 ss ht tm pbe syscall nx pdpe1gb rdtscp lm constant_tsc art arch_perfmon pebs bts rep_good nopl xtopology nonstop_tsc aperfmperf eagerfpu pni pclmulqdq dtes64 monitor ds_cpl vmx est tm2 ssse3 sdbg fma cx16 xtpr pdcm pcid sse4_1 sse4_2 x2apic movbe popcnt tsc_deadline_timer aes xsave avx f16c rdrand lahf_lm abm 3dnowprefetch epb intel_pt tpr_shadow vnmi flexpriority ept vpid fsgsbase tsc_adjust bmi1 hle avx2 smep bmi2 erms invpcid rtm mpx rdseed adx smap clflushopt xsaveopt xsavec xgetbv1 xsaves dtherm ida arat pln pts hwp hwp_notify hwp_act_window hwp_epp
bugs		:
bogomips	: 5184.00
clflush size	: 64
cache_alignment	: 64
address sizes	: 39 bits physical, 48 bits virtual
power management:

processor	: 3
vendor_id	: GenuineIntel
cpu family	: 6
model		: 94
model name	: Intel(R) Core(TM) i7-6700HQ CPU @ 2.60GHz
stepping	: 3
microcode	: 0x9e
cpu MHz		: 2700.769
cache size	: 6144 KB
physical id	: 0
siblings	: 8
core id		: 3
cpu cores	: 4
apicid		: 6
initial apicid	: 6
fpu		: yes
fpu_exception	: yes
cpuid level	: 22
wp		: yes
flags		: fpu vme de pse tsc msr pae mce cx8 apic sep mtrr pge mca cmov pat pse36 clflush dts acpi mmx fxsr sse sse2 ss ht tm pbe syscall nx pdpe1gb rdtscp lm constant_tsc art arch_perfmon pebs bts rep_good nopl xtopology nonstop_tsc aperfmperf eagerfpu pni pclmulqdq dtes64 monitor ds_cpl vmx est tm2 ssse3 sdbg fma cx16 xtpr pdcm pcid sse4_1 sse4_2 x2apic movbe popcnt tsc_deadline_timer aes xsave avx f16c rdrand lahf_lm abm 3dnowprefetch epb intel_pt tpr_shadow vnmi flexpriority ept vpid fsgsbase tsc_adjust bmi1 hle avx2 smep bmi2 erms invpcid rtm mpx rdseed adx smap clflushopt xsaveopt xsavec xgetbv1 xsaves dtherm ida arat pln pts hwp hwp_notify hwp_act_window hwp_epp
bugs		:
bogomips	: 5184.00
clflush size	: 64
cache_alignment	: 64
address sizes	: 39 bits physical, 48 bits virtual
power management:

processor	: 4
vendor_id	: GenuineIntel
cpu family	: 6
model		: 94
model name	: Intel(R) Core(TM) i7-6700HQ CPU @ 2.60GHz
stepping	: 3
microcode	: 0x9e
cpu MHz		: 2704.577
cache size	: 6144 KB
physical id	: 0
siblings	: 8
core id		: 0
cpu cores	: 4
apicid		: 1
initial apicid	: 1
fpu		: yes
fpu_exception	: yes
cpuid level	: 22
wp		: yes
flags		: fpu vme de pse tsc msr pae mce cx8 apic sep mtrr pge mca cmov pat pse36 clflush dts acpi mmx fxsr sse sse2 ss ht tm pbe syscall nx pdpe1gb rdtscp lm constant_tsc art arch_perfmon pebs bts rep_good nopl xtopology nonstop_tsc aperfmperf eagerfpu pni pclmulqdq dtes64 monitor ds_cpl vmx est tm2 ssse3 sdbg fma cx16 xtpr pdcm pcid sse4_1 sse4_2 x2apic movbe popcnt tsc_deadline_timer aes xsave avx f16c rdrand lahf_lm abm 3dnowprefetch epb intel_pt tpr_shadow vnmi flexpriority ept vpid fsgsbase tsc_adjust bmi1 hle avx2 smep bmi2 erms invpcid rtm mpx rdseed adx smap clflushopt xsaveopt xsavec xgetbv1 xsaves dtherm ida arat pln pts hwp hwp_notify hwp_act_window hwp_epp
bugs		:
bogomips	: 5184.00
clflush size	: 64
cache_alignment	: 64
address sizes	: 39 bits physical, 48 bits virtual
power management:

processor	: 5
vendor_id	: GenuineIntel
cpu family	: 6
model		: 94
model name	: Intel(R) Core(TM) i7-6700HQ CPU @ 2.60GHz
stepping	: 3
microcode	: 0x9e
cpu MHz		: 2707.592
cache size	: 6144 KB
physical id	: 0
siblings	: 8
core id		: 1
cpu cores	: 4
apicid		: 3
initial apicid	: 3
fpu		: yes
fpu_exception	: yes
cpuid level	: 22
wp		: yes
flags		: fpu vme de pse tsc msr pae mce cx8 apic sep mtrr pge mca cmov pat pse36 clflush dts acpi mmx fxsr sse sse2 ss ht tm pbe syscall nx pdpe1gb rdtscp lm constant_tsc art arch_perfmon pebs bts rep_good nopl xtopology nonstop_tsc aperfmperf eagerfpu pni pclmulqdq dtes64 monitor ds_cpl vmx est tm2 ssse3 sdbg fma cx16 xtpr pdcm pcid sse4_1 sse4_2 x2apic movbe popcnt tsc_deadline_timer aes xsave avx f16c rdrand lahf_lm abm 3dnowprefetch epb intel_pt tpr_shadow vnmi flexpriority ept vpid fsgsbase tsc_adjust bmi1 hle avx2 smep bmi2 erms invpcid rtm mpx rdseed adx smap clflushopt xsaveopt xsavec xgetbv1 xsaves dtherm ida arat pln pts hwp hwp_notify hwp_act_window hwp_epp
bugs		:
bogomips	: 5184.00
clflush size	: 64
cache_alignment	: 64
address sizes	: 39 bits physical, 48 bits virtual
power management:

processor	: 6
vendor_id	: GenuineIntel
cpu family	: 6
model		: 94
model name	: Intel(R) Core(TM) i7-6700HQ CPU @ 2.60GHz
stepping	: 3
microcode	: 0x9e
cpu MHz		: 2703.942
cache size	: 6144 KB
physical id	: 0
siblings	: 8
core id		: 2
cpu cores	: 4
apicid		: 5
initial apicid	: 5
fpu		: yes
fpu_exception	: yes
cpuid level	: 22
wp		: yes
flags		: fpu vme de pse tsc msr pae mce cx8 apic sep mtrr pge mca cmov pat pse36 clflush dts acpi mmx fxsr sse sse2 ss ht tm pbe syscall nx pdpe1gb rdtscp lm constant_tsc art arch_perfmon pebs bts rep_good nopl xtopology nonstop_tsc aperfmperf eagerfpu pni pclmulqdq dtes64 monitor ds_cpl vmx est tm2 ssse3 sdbg fma cx16 xtpr pdcm pcid sse4_1 sse4_2 x2apic movbe popcnt tsc_deadline_timer aes xsave avx f16c rdrand lahf_lm abm 3dnowprefetch epb intel_pt tpr_shadow vnmi flexpriority ept vpid fsgsbase tsc_adjust bmi1 hle avx2 smep bmi2 erms invpcid rtm mpx rdseed adx smap clflushopt xsaveopt xsavec xgetbv1 xsaves dtherm ida arat pln pts hwp hwp_notify hwp_act_window hwp_epp
bugs		:
bogomips	: 5184.00
clflush size	: 64
cache_alignment	: 64
address sizes	: 39 bits physical, 48 bits virtual
power management:

processor	: 7
vendor_id	: GenuineIntel
cpu family	: 6
model		: 94
model name	: Intel(R) Core(TM) i7-6700HQ CPU @ 2.60GHz
stepping	: 3
microcode	: 0x9e
cpu MHz		: 2700.927
cache size	: 6144 KB
physical id	: 0
siblings	: 8
core id		: 3
cpu cores	: 4
apicid		: 7
initial apicid	: 7
fpu		: yes
fpu_exception	: yes
cpuid level	: 22
wp		: yes
flags		: fpu vme de pse tsc msr pae mce cx8 apic sep mtrr pge mca cmov pat pse36 clflush dts acpi mmx fxsr sse sse2 ss ht tm pbe syscall nx pdpe1gb rdtscp lm constant_tsc art arch_perfmon pebs bts rep_good nopl xtopology nonstop_tsc aperfmperf eagerfpu pni pclmulqdq dtes64 monitor ds_cpl vmx est tm2 ssse3 sdbg fma cx16 xtpr pdcm pcid sse4_1 sse4_2 x2apic movbe popcnt tsc_deadline_timer aes xsave avx f16c rdrand lahf_lm abm 3dnowprefetch epb intel_pt tpr_shadow vnmi flexpriority ept vpid fsgsbase tsc_adjust bmi1 hle avx2 smep bmi2 erms invpcid rtm mpx rdseed adx smap clflushopt xsaveopt xsavec xgetbv1 xsaves dtherm ida arat pln pts hwp hwp_notify hwp_act_window hwp_epp
bugs		:
bogomips	: 5184.00
clflush size	: 64
cache_alignment	: 64
address sizes	: 39 bits physical, 48 bits virtual
power management:



Memory: 4k page, physical 16264244k(9919156k free), swap 0k(0k free)

vm_info: OpenJDK 64-Bit Server VM (25.121-b13) for linux-amd64 JRE (1.8.0_121-8u121-b13-0ubuntu1.16.10.2-b13), built on Jan 23 2017 11:22:24 by "buildd" with gcc 6.2.0 20161005

time: Thu Apr 13 15:29:25 2017
elapsed time: 3 seconds (0d 0h 0m 3s)

