#
# A fatal error has been detected by the Java Runtime Environment:
#
#  SIGSEGV (0xb) at pc=0x00007fd51f0778f8, pid=1898, tid=0x00007fd4a7fff700
#
# JRE version: Java(TM) SE Runtime Environment (8.0_121-b13) (build 1.8.0_121-b13)
# Java VM: Java HotSpot(TM) 64-Bit Server VM (25.121-b13 mixed mode linux-amd64 compressed oops)
# Problematic frame:
# V  [libjvm.so+0x6d28f8]  jni_invoke_nonstatic(JNIEnv_*, JavaValue*, _jobject*, JNICallType, _jmethodID*, JNI_ArgumentPusher*, Thread*)+0x38
#
# Failed to write core dump. Core dumps have been disabled. To enable core dumping, try "ulimit -c unlimited" before starting Java again
#
# If you would like to submit a bug report, please visit:
#   http://bugreport.java.com/bugreport/crash.jsp
#

---------------  T H R E A D  ---------------

Current thread (0x00007fd4c8106000):  JavaThread "JavaFX Application Thread" [_thread_in_vm, id=1936, stack(0x00007fd4a7eff000,0x00007fd4a8000000)]

siginfo: si_signo: 11 (SIGSEGV), si_code: 1 (SEGV_MAPERR), si_addr: 0x00007fd400000000

Registers:
RAX=0x00007fd4a7ffe340, RBX=0x00007fd4a7ffe250, RCX=0x0000000000000001, RDX=0x00007fd400000000
RSP=0x00007fd4a7ffe0a0, RBP=0x00007fd4a7ffe220, RSI=0x00007fd4a7ffe2b0, RDI=0x00007fd4c81061f8
R8 =0x00007fd4c804e618, R9 =0x00007fd4a7ffe250, R10=0x00007fd49c000a80, R11=0x00007fd5093607a0
R12=0x00007fd4c8106000, R13=0x00007fd4c804e618, R14=0x0000000000000001, R15=0x00007fd4c81061f8
RIP=0x00007fd51f0778f8, EFLAGS=0x0000000000010206, CSGSFS=0x002b000000000033, ERR=0x0000000000000004
  TRAPNO=0x000000000000000e

Top of Stack: (sp=0x00007fd4a7ffe0a0)
0x00007fd4a7ffe0a0:   00007fd4a7ffe7a0 00007fd4a7ffe3c0
0x00007fd4a7ffe0b0:   00007fd4a7ffe100 00007fd4a7ffe180
0x00007fd4a7ffe0c0:   00007fd4a7ffe250 00007fd4a7ffe2b0
0x00007fd4a7ffe0d0:   00007fd4c81061f8 00007fd51f097400
0x00007fd4a7ffe0e0:   00007fd4d80099f0 00007fd4d8009a00
0x00007fd4a7ffe0f0:   00007fd4d8009dd8 00000000000003d8
0x00007fd4a7ffe100:   0000000000000000 00000000d82032f8
0x00007fd4a7ffe110:   00007fd50000006f 00007fd40000000a
0x00007fd4a7ffe120:   00000000d8885848 0000000000000000
0x00007fd4a7ffe130:   0000000000000000 0000000000000000
0x00007fd4a7ffe140:   00007fd508d4c688 0000000100000100
0x00007fd4a7ffe150:   0000000000000000 00007fd4a7ffe108
0x00007fd4a7ffe160:   00007fd4a7ffe149 0000000800000005
0x00007fd4a7ffe170:   0000000000000000 00007fd4c8105ac0
0x00007fd4a7ffe180:   00007fd51f905510 00007fd5203f3720
0x00007fd4a7ffe190:   00000000c8105950 00007fd4c8106000
0x00007fd4a7ffe1a0:   0000000000000000 00007fd51f077ccb
0x00007fd4a7ffe1b0:   00007fd508d5b768 00007fd4c8106000
0x00007fd4a7ffe1c0:   00007fd508d5b768 00007fd4c8106000
0x00007fd4a7ffe1d0:   00007fd4a7ffe360 00007fd508d5b768
0x00007fd4a7ffe1e0:   00007fd508d5b768 00007fd508d5b768
0x00007fd4a7ffe1f0:   00007fd4d80099f0 00007fd4a7ffe250
0x00007fd4a7ffe200:   00007fd4c8106000 00007fd4a7ffe290
0x00007fd4a7ffe210:   00007fd4c804e618 00007fd4c81061f8
0x00007fd4a7ffe220:   00007fd4a7ffe310 00007fd51f07c09f
0x00007fd4a7ffe230:   00007fd4c8106000 00007fd4fa01aff4
0x00007fd4a7ffe240:   00007fd4a7ffe328 00007fd400000000
0x00007fd4a7ffe250:   00007fd51f906170 00007fd5203f3720
0x00007fd4a7ffe260:   00000000a7ffe2d0 65015a8000000063
0x00007fd4a7ffe270:   0000000000000000 0000003000000018
0x00007fd4a7ffe280:   00007fd4a7ffe400 00007fd4a7ffe340
0x00007fd4a7ffe290:   00007fd4c8106000 0000000000000000 

Instructions: (pc=0x00007fd51f0778f8)
0x00007fd51f0778d8:   00 00 48 85 d2 48 89 bd b0 fe ff ff 48 89 b5 a8
0x00007fd51f0778e8:   fe ff ff 4c 89 8d a0 fe ff ff 0f 84 78 09 00 00
0x00007fd51f0778f8:   4c 8b 22 4d 85 e4 0f 84 6c 09 00 00 48 8b 45 10
0x00007fd51f077908:   48 8b 98 38 01 00 00 48 83 7b 18 f7 0f 87 16 07 

Register to memory mapping:

RAX=0x00007fd4a7ffe340 is pointing into the stack for thread: 0x00007fd4c8106000
RBX=0x00007fd4a7ffe250 is pointing into the stack for thread: 0x00007fd4c8106000
RCX=0x0000000000000001 is an unknown value
RDX=0x00007fd400000000 is an unknown value
RSP=0x00007fd4a7ffe0a0 is pointing into the stack for thread: 0x00007fd4c8106000
RBP=0x00007fd4a7ffe220 is pointing into the stack for thread: 0x00007fd4c8106000
RSI=0x00007fd4a7ffe2b0 is pointing into the stack for thread: 0x00007fd4c8106000
RDI=0x00007fd4c81061f8 is an unknown value
R8 =0x00007fd4c804e618 is an unknown value
R9 =0x00007fd4a7ffe250 is pointing into the stack for thread: 0x00007fd4c8106000
R10=0x00007fd49c000a80 is an unknown value
R11=0x00007fd5093607a0 is at entry_point+32 in (nmethod*)0x00007fd509360610
R12=0x00007fd4c8106000 is a thread
R13=0x00007fd4c804e618 is an unknown value
R14=0x0000000000000001 is an unknown value
R15=0x00007fd4c81061f8 is an unknown value


Stack: [0x00007fd4a7eff000,0x00007fd4a8000000],  sp=0x00007fd4a7ffe0a0,  free space=1020k
Native frames: (J=compiled Java code, j=interpreted, Vv=VM code, C=native code)
V  [libjvm.so+0x6d28f8]  jni_invoke_nonstatic(JNIEnv_*, JavaValue*, _jobject*, JNICallType, _jmethodID*, JNI_ArgumentPusher*, Thread*)+0x38
V  [libjvm.so+0x6d709f]  jni_CallVoidMethodV+0x10f
C  [libglass.so+0x13e51]  JNIEnv_::CallVoidMethod(_jobject*, _jmethodID*, ...)+0x81
C  [libglass.so+0x1876f]  WindowContextBase::process_key(_GdkEventKey*)+0x20f
C  [libglass.so+0x15fe0]  WindowContextBase::im_filter_keypress(_GdkEventKey*)+0x1c0
C  [libglass.so+0x20a3c]  process_events(_GdkEvent*, void*)+0x22c
C  [libgdk-x11-2.0.so.0+0x5acdc]

Java frames: (J=compiled Java code, j=interpreted, Vv=VM code)
j  com.sun.glass.ui.gtk.GtkApplication._runLoop(Ljava/lang/Runnable;Z)V+0
j  com.sun.glass.ui.gtk.GtkApplication.lambda$null$49(Ljava/lang/Runnable;Z)V+7
j  com.sun.glass.ui.gtk.GtkApplication$$Lambda$43.run()V+12
j  java.lang.Thread.run()V+11
v  ~StubRoutines::call_stub

---------------  P R O C E S S  ---------------

Java Threads: ( => current thread )
  0x00007fd51800a000 JavaThread "DestroyJavaVM" [_thread_blocked, id=1900, stack(0x00007fd520497000,0x00007fd520598000)]
  0x00007fd518145000 JavaThread "Thread-5" [_thread_blocked, id=1943, stack(0x00007fd4a68a4000,0x00007fd4a69a5000)]
  0x00007fd518142800 JavaThread "Thread-4" [_thread_in_native, id=1942, stack(0x00007fd4a69a5000,0x00007fd4a6aa6000)]
  0x00007fd49c1a5000 JavaThread "Prism Font Disposer" daemon [_thread_blocked, id=1937, stack(0x00007fd4a74c3000,0x00007fd4a75c4000)]
=>0x00007fd4c8106000 JavaThread "JavaFX Application Thread" [_thread_in_vm, id=1936, stack(0x00007fd4a7eff000,0x00007fd4a8000000)]
  0x00007fd4c80c9000 JavaThread "Thread-3" daemon [_thread_blocked, id=1935, stack(0x00007fd4b40dd000,0x00007fd4b41de000)]
  0x00007fd4c8041800 JavaThread "QuantumRenderer-0" daemon [_thread_blocked, id=1930, stack(0x00007fd4faa95000,0x00007fd4fab96000)]
  0x00007fd4c407b000 JavaThread "JavaFX-Launcher" [_thread_blocked, id=1928, stack(0x00007fd4fab96000,0x00007fd4fac97000)]
  0x00007fd518160800 JavaThread "Thread-0" [_thread_blocked, id=1927, stack(0x00007fd4fac97000,0x00007fd4fad98000)]
  0x00007fd5180c1800 JavaThread "Service Thread" daemon [_thread_blocked, id=1923, stack(0x00007fd4fae99000,0x00007fd4faf9a000)]
  0x00007fd5180be000 JavaThread "C1 CompilerThread2" daemon [_thread_blocked, id=1920, stack(0x00007fd4faf9a000,0x00007fd4fb09b000)]
  0x00007fd5180bc800 JavaThread "C2 CompilerThread1" daemon [_thread_in_native, id=1918, stack(0x00007fd4fb09b000,0x00007fd4fb19c000)]
  0x00007fd5180b9800 JavaThread "C2 CompilerThread0" daemon [_thread_in_native, id=1917, stack(0x00007fd4fb19c000,0x00007fd4fb29d000)]
  0x00007fd5180b8000 JavaThread "Signal Dispatcher" daemon [_thread_blocked, id=1916, stack(0x00007fd4fb29d000,0x00007fd4fb39e000)]
  0x00007fd518084000 JavaThread "Finalizer" daemon [_thread_blocked, id=1915, stack(0x00007fd4fb7f8000,0x00007fd4fb8f9000)]
  0x00007fd51807f800 JavaThread "Reference Handler" daemon [_thread_blocked, id=1914, stack(0x00007fd4fb8f9000,0x00007fd4fb9fa000)]

Other Threads:
  0x00007fd518077800 VMThread [stack: 0x00007fd4fb9fa000,0x00007fd4fbafb000] [id=1913]
  0x00007fd5180c4800 WatcherThread [stack: 0x00007fd4fad98000,0x00007fd4fae99000] [id=1926]

VM state:not at safepoint (normal execution)

VM Mutex/Monitor currently owned by a thread: None

Heap:
 PSYoungGen      total 36864K, used 11105K [0x00000000d7000000, 0x00000000d9900000, 0x0000000100000000)
  eden space 31744K, 18% used [0x00000000d7000000,0x00000000d75d9b80,0x00000000d8f00000)
  from space 5120K, 99% used [0x00000000d8f00000,0x00000000d93fead8,0x00000000d9400000)
  to   space 5120K, 0% used [0x00000000d9400000,0x00000000d9400000,0x00000000d9900000)
 ParOldGen       total 84992K, used 680K [0x0000000085000000, 0x000000008a300000, 0x00000000d7000000)
  object space 84992K, 0% used [0x0000000085000000,0x00000000850aa000,0x000000008a300000)
 Metaspace       used 14891K, capacity 15714K, committed 15872K, reserved 1062912K
  class space    used 2246K, capacity 2454K, committed 2560K, reserved 1048576K

Card table byte_map: [0x00007fd51ce66000,0x00007fd51d23f000] byte_map_base: 0x00007fd51ca3e000

Marking Bits: (ParMarkBitMap*) 0x00007fd51f969c80
 Begin Bits: [0x00007fd500280000, 0x00007fd502140000)
 End Bits:   [0x00007fd502140000, 0x00007fd504000000)

Polling page: 0x00007fd5205b6000

CodeCache: size=245760Kb used=4136Kb max_used=4136Kb free=241623Kb
 bounds [0x00007fd509000000, 0x00007fd509410000, 0x00007fd518000000]
 total_blobs=1867 nmethods=1242 adapters=538
 compilation: enabled

Compilation events (10 events):
Event: 2,697 Thread 0x00007fd5180be000 nmethod 1232 0x00007fd509406110 code [0x00007fd509406280, 0x00007fd509406508]
Event: 2,697 Thread 0x00007fd5180be000 1235       3       javafx.geometry.Insets::getLeft (5 bytes)
Event: 2,697 Thread 0x00007fd5180be000 nmethod 1235 0x00007fd509406590 code [0x00007fd5094066e0, 0x00007fd509406830]
Event: 2,697 Thread 0x00007fd5180be000 1237       3       javafx.geometry.Insets::getBottom (5 bytes)
Event: 2,698 Thread 0x00007fd5180be000 nmethod 1237 0x00007fd5094068d0 code [0x00007fd509406a20, 0x00007fd509406b70]
Event: 2,698 Thread 0x00007fd5180be000 1238       3       javafx.scene.Node::getLayoutBounds (11 bytes)
Event: 2,698 Thread 0x00007fd5180be000 nmethod 1238 0x00007fd509406c10 code [0x00007fd509406d80, 0x00007fd509407108]
Event: 2,698 Thread 0x00007fd5180be000 1240       3       sun.util.logging.PlatformLogger$DefaultLoggerProxy::isLoggable (29 bytes)
Event: 2,698 Thread 0x00007fd5180be000 nmethod 1240 0x00007fd5094071d0 code [0x00007fd509407360, 0x00007fd509407890]
Event: 2,698 Thread 0x00007fd5180be000 1241       3       javafx.beans.property.DoublePropertyBase::set (111 bytes)

GC Heap History (2 events):
Event: 2,493 GC heap before
{Heap before GC invocations=1 (full 0):
 PSYoungGen      total 36864K, used 31262K [0x00000000d7000000, 0x00000000d9900000, 0x0000000100000000)
  eden space 31744K, 98% used [0x00000000d7000000,0x00000000d8e87908,0x00000000d8f00000)
  from space 5120K, 0% used [0x00000000d9400000,0x00000000d9400000,0x00000000d9900000)
  to   space 5120K, 0% used [0x00000000d8f00000,0x00000000d8f00000,0x00000000d9400000)
 ParOldGen       total 84992K, used 0K [0x0000000085000000, 0x000000008a300000, 0x00000000d7000000)
  object space 84992K, 0% used [0x0000000085000000,0x0000000085000000,0x000000008a300000)
 Metaspace       used 13873K, capacity 14554K, committed 14848K, reserved 1062912K
  class space    used 2073K, capacity 2248K, committed 2304K, reserved 1048576K
Event: 2,503 GC heap after
Heap after GC invocations=1 (full 0):
 PSYoungGen      total 36864K, used 5114K [0x00000000d7000000, 0x00000000d9900000, 0x0000000100000000)
  eden space 31744K, 0% used [0x00000000d7000000,0x00000000d7000000,0x00000000d8f00000)
  from space 5120K, 99% used [0x00000000d8f00000,0x00000000d93fead8,0x00000000d9400000)
  to   space 5120K, 0% used [0x00000000d9400000,0x00000000d9400000,0x00000000d9900000)
 ParOldGen       total 84992K, used 680K [0x0000000085000000, 0x000000008a300000, 0x00000000d7000000)
  object space 84992K, 0% used [0x0000000085000000,0x00000000850aa000,0x000000008a300000)
 Metaspace       used 13873K, capacity 14554K, committed 14848K, reserved 1062912K
  class space    used 2073K, capacity 2248K, committed 2304K, reserved 1048576K
}

Deoptimization events (10 events):
Event: 1,113 Thread 0x00007fd4c8106000 Uncommon trap: reason=class_check action=maybe_recompile pc=0x00007fd509227174 method=java.io.DataInputStream.readShort()S @ 4
Event: 1,120 Thread 0x00007fd4c8106000 Uncommon trap: reason=class_check action=maybe_recompile pc=0x00007fd509117d78 method=java.lang.String.equals(Ljava/lang/Object;)Z @ 8
Event: 1,120 Thread 0x00007fd4c8106000 Uncommon trap: reason=class_check action=maybe_recompile pc=0x00007fd509117d78 method=java.lang.String.equals(Ljava/lang/Object;)Z @ 8
Event: 1,120 Thread 0x00007fd4c8106000 Uncommon trap: reason=class_check action=maybe_recompile pc=0x00007fd509117d78 method=java.lang.String.equals(Ljava/lang/Object;)Z @ 8
Event: 1,184 Thread 0x00007fd4c8106000 Uncommon trap: reason=class_check action=maybe_recompile pc=0x00007fd509117d78 method=java.lang.String.equals(Ljava/lang/Object;)Z @ 8
Event: 1,263 Thread 0x00007fd4c8106000 Uncommon trap: reason=unstable_if action=reinterpret pc=0x00007fd50927ff68 method=sun.net.www.ParseUtil.encodePath(Ljava/lang/String;Z)Ljava/lang/String; @ 109
Event: 1,376 Thread 0x00007fd4c8106000 Uncommon trap: reason=unstable_if action=reinterpret pc=0x00007fd5092dd064 method=jdk.internal.org.objectweb.asm.Type.getArgumentsAndReturnSizes(Ljava/lang/String;)I @ 47
Event: 2,552 Thread 0x00007fd4c8106000 Uncommon trap: reason=unstable_if action=reinterpret pc=0x00007fd5093757f4 method=java.lang.StrictMath.floorOrCeil(DDDD)D @ 38
Event: 2,599 Thread 0x00007fd4c8106000 Uncommon trap: reason=unstable_if action=reinterpret pc=0x00007fd5091c8448 method=java.lang.String.indexOf([CII[CIII)I @ 3
Event: 2,694 Thread 0x00007fd4c8106000 Uncommon trap: reason=unstable_if action=reinterpret pc=0x00007fd5091a88ac method=java.lang.String.startsWith(Ljava/lang/String;I)Z @ 25

Internal exceptions (10 events):
Event: 0,122 Thread 0x00007fd518160800 Exception <a 'java/lang/NoSuchFieldError': method resolution failed> (0x00000000d730ac60) thrown at [/HUDSON3/workspace/8-2-build-linux-amd64/jdk8u121/8372/hotspot/src/share/vm/prims/methodHandles.cpp, line 1146]
Event: 0,152 Thread 0x00007fd4c407b000 Exception <a 'java/security/PrivilegedActionException'> (0x00000000d73e1498) thrown at [/HUDSON3/workspace/8-2-build-linux-amd64/jdk8u121/8372/hotspot/src/share/vm/prims/jvm.cpp, line 1390]
Event: 0,152 Thread 0x00007fd4c407b000 Exception <a 'java/security/PrivilegedActionException'> (0x00000000d73e16a8) thrown at [/HUDSON3/workspace/8-2-build-linux-amd64/jdk8u121/8372/hotspot/src/share/vm/prims/jvm.cpp, line 1390]
Event: 0,152 Thread 0x00007fd4c407b000 Exception <a 'java/security/PrivilegedActionException'> (0x00000000d73e3b10) thrown at [/HUDSON3/workspace/8-2-build-linux-amd64/jdk8u121/8372/hotspot/src/share/vm/prims/jvm.cpp, line 1390]
Event: 0,152 Thread 0x00007fd4c407b000 Exception <a 'java/security/PrivilegedActionException'> (0x00000000d73e3d20) thrown at [/HUDSON3/workspace/8-2-build-linux-amd64/jdk8u121/8372/hotspot/src/share/vm/prims/jvm.cpp, line 1390]
Event: 0,152 Thread 0x00007fd4c407b000 Exception <a 'java/lang/NullPointerException'> (0x00000000d73e42f8) thrown at [/HUDSON3/workspace/8-2-build-linux-amd64/jdk8u121/8372/hotspot/src/share/vm/interpreter/linkResolver.cpp, line 1178]
Event: 0,384 Thread 0x00007fd4c8106000 Exception <a 'java/lang/NullPointerException'> (0x00000000d7ae35e8) thrown at [/HUDSON3/workspace/8-2-build-linux-amd64/jdk8u121/8372/hotspot/src/share/vm/interpreter/linkResolver.cpp, line 1178]
Event: 0,384 Thread 0x00007fd4c8106000 Exception <a 'java/lang/NullPointerException'> (0x00000000d7ae35e8) thrown at [/HUDSON3/workspace/8-2-build-linux-amd64/jdk8u121/8372/hotspot/src/share/vm/prims/jvm.cpp, line 1394]
Event: 0,547 Thread 0x00007fd4c8106000 Implicit null exception at 0x00007fd509234435 to 0x00007fd509234651
Event: 2,553 Thread 0x00007fd4c8106000 Exception <a 'java/io/FileNotFoundException'> (0x00000000d7299388) thrown at [/HUDSON3/workspace/8-2-build-linux-amd64/jdk8u121/8372/hotspot/src/share/vm/prims/jni.cpp, line 709]

Events (10 events):
Event: 2,666 loading class com/sun/javafx/effect/EffectDirtyBits done
Event: 2,667 loading class javafx/scene/shape/SVGPath$1
Event: 2,668 loading class javafx/scene/shape/SVGPath$1 done
Event: 2,668 loading class javafx/scene/shape/SVGPath$2
Event: 2,668 loading class javafx/scene/shape/SVGPath$2 done
Event: 2,668 loading class com/sun/javafx/sg/prism/NGSVGPath
Event: 2,668 loading class com/sun/javafx/sg/prism/NGSVGPath done
Event: 2,694 Thread 0x00007fd4c8106000 Uncommon trap: trap_request=0xffffff65 fr.pc=0x00007fd5091a88ac
Event: 2,694 Thread 0x00007fd4c8106000 DEOPT PACKING pc=0x00007fd5091a88ac sp=0x00007fd4a7ffafe0
Event: 2,694 Thread 0x00007fd4c8106000 DEOPT UNPACKING pc=0x00007fd509005229 sp=0x00007fd4a7ffaf78 mode 2


Dynamic libraries:
00400000-00401000 r-xp 00000000 08:05 2243241                            /usr/lib/jvm/java-8-oracle/bin/java
00600000-00601000 rw-p 00000000 08:05 2243241                            /usr/lib/jvm/java-8-oracle/bin/java
0118a000-011ab000 rw-p 00000000 00:00 0                                  [heap]
85000000-8a300000 rw-p 00000000 00:00 0 
8a300000-d7000000 ---p 00000000 00:00 0 
d7000000-d9900000 rw-p 00000000 00:00 0 
d9900000-100000000 ---p 00000000 00:00 0 
100000000-100280000 rw-p 00000000 00:00 0 
100280000-140000000 ---p 00000000 00:00 0 
7fd48c000000-7fd48c021000 rw-p 00000000 00:00 0 
7fd48c021000-7fd490000000 ---p 00000000 00:00 0 
7fd494000000-7fd494021000 rw-p 00000000 00:00 0 
7fd494021000-7fd498000000 ---p 00000000 00:00 0 
7fd498000000-7fd498021000 rw-p 00000000 00:00 0 
7fd498021000-7fd49c000000 ---p 00000000 00:00 0 
7fd49c000000-7fd49c4f4000 rw-p 00000000 00:00 0 
7fd49c4f4000-7fd4a0000000 ---p 00000000 00:00 0 
7fd4a0000000-7fd4a0021000 rw-p 00000000 00:00 0 
7fd4a0021000-7fd4a4000000 ---p 00000000 00:00 0 
7fd4a68a4000-7fd4a68a7000 ---p 00000000 00:00 0 
7fd4a68a7000-7fd4a69a5000 rw-p 00000000 00:00 0 
7fd4a69a5000-7fd4a69a8000 ---p 00000000 00:00 0 
7fd4a69a8000-7fd4a6ba6000 rw-p 00000000 00:00 0 
7fd4a6ba6000-7fd4a6ca6000 ---p 00000000 00:00 0 
7fd4a6ca6000-7fd4a6cbc000 r-xp 00000000 08:05 2243325                    /usr/lib/jvm/java-8-oracle/jre/lib/amd64/libnet.so
7fd4a6cbc000-7fd4a6ebc000 ---p 00016000 08:05 2243325                    /usr/lib/jvm/java-8-oracle/jre/lib/amd64/libnet.so
7fd4a6ebc000-7fd4a6ebd000 rw-p 00016000 08:05 2243325                    /usr/lib/jvm/java-8-oracle/jre/lib/amd64/libnet.so
7fd4a6ebd000-7fd4a6f1d000 rw-s 00000000 00:05 927006                     /drm mm object (deleted)
7fd4a6f1d000-7fd4a6f2b000 rw-s 00000000 00:05 927005                     /drm mm object (deleted)
7fd4a6f2b000-7fd4a70eb000 rw-s 100220000 00:06 391                       /dev/dri/card0
7fd4a70eb000-7fd4a70fb000 rw-s 00000000 00:05 928040                     /drm mm object (deleted)
7fd4a70fb000-7fd4a72bb000 rw-s 00000000 00:05 928036                     /drm mm object (deleted)
7fd4a72bb000-7fd4a72c3000 rw-s 00000000 00:05 928039                     /drm mm object (deleted)
7fd4a72c3000-7fd4a74c3000 rw-p 00000000 00:00 0 
7fd4a74c3000-7fd4a74c6000 ---p 00000000 00:00 0 
7fd4a74c6000-7fd4a75c4000 rw-p 00000000 00:00 0 
7fd4a75c4000-7fd4a767d000 r--p 00000000 08:05 918436                     /usr/share/fonts/truetype/dejavu/DejaVuSans.ttf
7fd4a767d000-7fd4a76b9000 r--p 00000000 08:05 2243419                    /usr/lib/jvm/java-8-oracle/jre/lib/fonts/LucidaTypewriterRegular.ttf
7fd4a76b9000-7fd4a76f3000 r--p 00000000 08:05 2243415                    /usr/lib/jvm/java-8-oracle/jre/lib/fonts/LucidaTypewriterBold.ttf
7fd4a76f3000-7fd4a76f7000 r-xp 00000000 08:05 2243362                    /usr/lib/jvm/java-8-oracle/jre/lib/amd64/libjavafx_font_pango.so
7fd4a76f7000-7fd4a78f6000 ---p 00004000 08:05 2243362                    /usr/lib/jvm/java-8-oracle/jre/lib/amd64/libjavafx_font_pango.so
7fd4a78f6000-7fd4a78f7000 rw-p 00003000 08:05 2243362                    /usr/lib/jvm/java-8-oracle/jre/lib/amd64/libjavafx_font_pango.so
7fd4a78f7000-7fd4a7af7000 rw-p 00000000 00:00 0 
7fd4a7af7000-7fd4a7afc000 r-xp 00000000 08:05 2243358                    /usr/lib/jvm/java-8-oracle/jre/lib/amd64/libjavafx_font_freetype.so
7fd4a7afc000-7fd4a7cfb000 ---p 00005000 08:05 2243358                    /usr/lib/jvm/java-8-oracle/jre/lib/amd64/libjavafx_font_freetype.so
7fd4a7cfb000-7fd4a7cfc000 rw-p 00004000 08:05 2243358                    /usr/lib/jvm/java-8-oracle/jre/lib/amd64/libjavafx_font_freetype.so
7fd4a7cfc000-7fd4a7cff000 r-xp 00000000 08:05 2243320                    /usr/lib/jvm/java-8-oracle/jre/lib/amd64/libjavafx_font.so
7fd4a7cff000-7fd4a7efe000 ---p 00003000 08:05 2243320                    /usr/lib/jvm/java-8-oracle/jre/lib/amd64/libjavafx_font.so
7fd4a7efe000-7fd4a7eff000 rw-p 00002000 08:05 2243320                    /usr/lib/jvm/java-8-oracle/jre/lib/amd64/libjavafx_font.so
7fd4a7eff000-7fd4a7f02000 ---p 00000000 00:00 0 
7fd4a7f02000-7fd4a8000000 rw-p 00000000 00:00 0 
7fd4a8000000-7fd4a8022000 rw-p 00000000 00:00 0 
7fd4a8022000-7fd4ac000000 ---p 00000000 00:00 0 
7fd4ac000000-7fd4ac021000 rw-p 00000000 00:00 0 
7fd4ac021000-7fd4b0000000 ---p 00000000 00:00 0 
7fd4b0000000-7fd4b0021000 rw-p 00000000 00:00 0 
7fd4b0021000-7fd4b4000000 ---p 00000000 00:00 0 
7fd4b4003000-7fd4b4013000 rw-s 00000000 00:05 928038                     /drm mm object (deleted)
7fd4b4013000-7fd4b401f000 rw-s 00000000 00:05 927998                     /drm mm object (deleted)
7fd4b401f000-7fd4b4032000 r--s 00345000 08:05 2243549                    /usr/lib/jvm/java-8-oracle/jre/lib/resources.jar
7fd4b4032000-7fd4b40dd000 r--p 00000000 08:05 2243413                    /usr/lib/jvm/java-8-oracle/jre/lib/fonts/LucidaSansRegular.ttf
7fd4b40dd000-7fd4b40e0000 ---p 00000000 00:00 0 
7fd4b40e0000-7fd4b41de000 rw-p 00000000 00:00 0 
7fd4b41de000-7fd4b41df000 ---p 00000000 00:00 0 
7fd4b41df000-7fd4b49df000 rw-p 00000000 00:00 0 
7fd4b49df000-7fd4b49e0000 ---p 00000000 00:00 0 
7fd4b49e0000-7fd4b51e0000 rw-p 00000000 00:00 0 
7fd4b51e0000-7fd4b51e1000 ---p 00000000 00:00 0 
7fd4b51e1000-7fd4b59e1000 rw-p 00000000 00:00 0 
7fd4b59e1000-7fd4b59ed000 r-xp 00000000 08:05 133762                     /usr/lib/x86_64-linux-gnu/gio/modules/libdconfsettings.so
7fd4b59ed000-7fd4b5bec000 ---p 0000c000 08:05 133762                     /usr/lib/x86_64-linux-gnu/gio/modules/libdconfsettings.so
7fd4b5bec000-7fd4b5bed000 r--p 0000b000 08:05 133762                     /usr/lib/x86_64-linux-gnu/gio/modules/libdconfsettings.so
7fd4b5bed000-7fd4b5bee000 rw-p 0000c000 08:05 133762                     /usr/lib/x86_64-linux-gnu/gio/modules/libdconfsettings.so
7fd4b5bee000-7fd4b5bf5000 r-xp 00000000 08:05 2239720                    /usr/lib/x86_64-linux-gnu/libogg.so.0.8.2
7fd4b5bf5000-7fd4b5df5000 ---p 00007000 08:05 2239720                    /usr/lib/x86_64-linux-gnu/libogg.so.0.8.2
7fd4b5df5000-7fd4b5df6000 r--p 00007000 08:05 2239720                    /usr/lib/x86_64-linux-gnu/libogg.so.0.8.2
7fd4b5df6000-7fd4b5df7000 rw-p 00008000 08:05 2239720                    /usr/lib/x86_64-linux-gnu/libogg.so.0.8.2
7fd4b5df7000-7fd4b5e21000 r-xp 00000000 08:05 2240153                    /usr/lib/x86_64-linux-gnu/libvorbis.so.0.4.8
7fd4b5e21000-7fd4b6021000 ---p 0002a000 08:05 2240153                    /usr/lib/x86_64-linux-gnu/libvorbis.so.0.4.8
7fd4b6021000-7fd4b6022000 r--p 0002a000 08:05 2240153                    /usr/lib/x86_64-linux-gnu/libvorbis.so.0.4.8
7fd4b6022000-7fd4b6023000 rw-p 0002b000 08:05 2240153                    /usr/lib/x86_64-linux-gnu/libvorbis.so.0.4.8
7fd4b6023000-7fd4b602b000 r-xp 00000000 08:05 2239564                    /usr/lib/x86_64-linux-gnu/libltdl.so.7.3.1
7fd4b602b000-7fd4b622b000 ---p 00008000 08:05 2239564                    /usr/lib/x86_64-linux-gnu/libltdl.so.7.3.1
7fd4b622b000-7fd4b622c000 r--p 00008000 08:05 2239564                    /usr/lib/x86_64-linux-gnu/libltdl.so.7.3.1
7fd4b622c000-7fd4b622d000 rw-p 00009000 08:05 2239564                    /usr/lib/x86_64-linux-gnu/libltdl.so.7.3.1
7fd4b622d000-7fd4b6241000 r-xp 00000000 08:05 2239986                    /usr/lib/x86_64-linux-gnu/libtdb.so.1.3.9
7fd4b6241000-7fd4b6440000 ---p 00014000 08:05 2239986                    /usr/lib/x86_64-linux-gnu/libtdb.so.1.3.9
7fd4b6440000-7fd4b6441000 r--p 00013000 08:05 2239986                    /usr/lib/x86_64-linux-gnu/libtdb.so.1.3.9
7fd4b6441000-7fd4b6442000 rw-p 00014000 08:05 2239986                    /usr/lib/x86_64-linux-gnu/libtdb.so.1.3.9
7fd4b6442000-7fd4b6449000 r-xp 00000000 08:05 2240157                    /usr/lib/x86_64-linux-gnu/libvorbisfile.so.3.3.7
7fd4b6449000-7fd4b6649000 ---p 00007000 08:05 2240157                    /usr/lib/x86_64-linux-gnu/libvorbisfile.so.3.3.7
7fd4b6649000-7fd4b664a000 r--p 00007000 08:05 2240157                    /usr/lib/x86_64-linux-gnu/libvorbisfile.so.3.3.7
7fd4b664a000-7fd4b664b000 rw-p 00008000 08:05 2240157                    /usr/lib/x86_64-linux-gnu/libvorbisfile.so.3.3.7
7fd4b664b000-7fd4b665b000 r-xp 00000000 08:05 2238920                    /usr/lib/x86_64-linux-gnu/libcanberra.so.0.2.5
7fd4b665b000-7fd4b685b000 ---p 00010000 08:05 2238920                    /usr/lib/x86_64-linux-gnu/libcanberra.so.0.2.5
7fd4b685b000-7fd4b685c000 r--p 00010000 08:05 2238920                    /usr/lib/x86_64-linux-gnu/libcanberra.so.0.2.5
7fd4b685c000-7fd4b685d000 rw-p 00011000 08:05 2238920                    /usr/lib/x86_64-linux-gnu/libcanberra.so.0.2.5
7fd4b685d000-7fd4b6861000 r-xp 00000000 08:05 2238916                    /usr/lib/x86_64-linux-gnu/libcanberra-gtk.so.0.1.9
7fd4b6861000-7fd4b6a60000 ---p 00004000 08:05 2238916                    /usr/lib/x86_64-linux-gnu/libcanberra-gtk.so.0.1.9
7fd4b6a60000-7fd4b6a61000 r--p 00003000 08:05 2238916                    /usr/lib/x86_64-linux-gnu/libcanberra-gtk.so.0.1.9
7fd4b6a61000-7fd4b6a62000 rw-p 00004000 08:05 2238916                    /usr/lib/x86_64-linux-gnu/libcanberra-gtk.so.0.1.9
7fd4b6a62000-7fd4b6a67000 r-xp 00000000 08:05 133969                     /usr/lib/x86_64-linux-gnu/gtk-2.0/modules/libcanberra-gtk-module.so
7fd4b6a67000-7fd4b6c66000 ---p 00005000 08:05 133969                     /usr/lib/x86_64-linux-gnu/gtk-2.0/modules/libcanberra-gtk-module.so
7fd4b6c66000-7fd4b6c67000 r--p 00004000 08:05 133969                     /usr/lib/x86_64-linux-gnu/gtk-2.0/modules/libcanberra-gtk-module.so
7fd4b6c67000-7fd4b6c68000 rw-p 00005000 08:05 133969                     /usr/lib/x86_64-linux-gnu/gtk-2.0/modules/libcanberra-gtk-module.so
7fd4b6c68000-7fd4b6c98000 r-xp 00000000 08:05 133951                     /usr/lib/x86_64-linux-gnu/gtk-2.0/2.10.0/engines/libmurrine.so
7fd4b6c98000-7fd4b6e98000 ---p 00030000 08:05 133951                     /usr/lib/x86_64-linux-gnu/gtk-2.0/2.10.0/engines/libmurrine.so
7fd4b6e98000-7fd4b6e99000 r--p 00030000 08:05 133951                     /usr/lib/x86_64-linux-gnu/gtk-2.0/2.10.0/engines/libmurrine.so
7fd4b6e99000-7fd4b6e9a000 rw-p 00031000 08:05 133951                     /usr/lib/x86_64-linux-gnu/gtk-2.0/2.10.0/engines/libmurrine.so
7fd4b6e9a000-7fd4b6eaa000 r-xp 00000000 08:05 2240079                    /usr/lib/x86_64-linux-gnu/libunity-gtk2-parser.so.0.0.0
7fd4b6eaa000-7fd4b70aa000 ---p 00010000 08:05 2240079                    /usr/lib/x86_64-linux-gnu/libunity-gtk2-parser.so.0.0.0
7fd4b70aa000-7fd4b70ab000 r--p 00010000 08:05 2240079                    /usr/lib/x86_64-linux-gnu/libunity-gtk2-parser.so.0.0.0
7fd4b70ab000-7fd4b70ac000 rw-p 00011000 08:05 2240079                    /usr/lib/x86_64-linux-gnu/libunity-gtk2-parser.so.0.0.0
7fd4b70ac000-7fd4b70b1000 r-xp 00000000 08:05 133973                     /usr/lib/x86_64-linux-gnu/gtk-2.0/modules/libunity-gtk-module.so
7fd4b70b1000-7fd4b72b0000 ---p 00005000 08:05 133973                     /usr/lib/x86_64-linux-gnu/gtk-2.0/modules/libunity-gtk-module.so
7fd4b72b0000-7fd4b72b1000 r--p 00004000 08:05 133973                     /usr/lib/x86_64-linux-gnu/gtk-2.0/modules/libunity-gtk-module.so
7fd4b72b1000-7fd4b72b2000 rw-p 00005000 08:05 133973                     /usr/lib/x86_64-linux-gnu/gtk-2.0/modules/libunity-gtk-module.so
7fd4b72b2000-7fd4b72d4000 r-xp 00000000 08:05 398679                     /lib/x86_64-linux-gnu/liblzma.so.5.0.0
7fd4b72d4000-7fd4b74d3000 ---p 00022000 08:05 398679                     /lib/x86_64-linux-gnu/liblzma.so.5.0.0
7fd4b74d3000-7fd4b74d4000 r--p 00021000 08:05 398679                     /lib/x86_64-linux-gnu/liblzma.so.5.0.0
7fd4b74d4000-7fd4b74d5000 rw-p 00022000 08:05 398679                     /lib/x86_64-linux-gnu/liblzma.so.5.0.0
7fd4b74d5000-7fd4b751f000 r-xp 00000000 08:05 399570                     /lib/x86_64-linux-gnu/libdbus-1.so.3.14.7
7fd4b751f000-7fd4b771f000 ---p 0004a000 08:05 399570                     /lib/x86_64-linux-gnu/libdbus-1.so.3.14.7
7fd4b771f000-7fd4b7720000 r--p 0004a000 08:05 399570                     /lib/x86_64-linux-gnu/libdbus-1.so.3.14.7
7fd4b7720000-7fd4b7721000 rw-p 0004b000 08:05 399570                     /lib/x86_64-linux-gnu/libdbus-1.so.3.14.7
7fd4b7721000-7fd4b774d000 r-xp 00000000 08:05 2238852                    /usr/lib/x86_64-linux-gnu/libatspi.so.0.0.1
7fd4b774d000-7fd4b794c000 ---p 0002c000 08:05 2238852                    /usr/lib/x86_64-linux-gnu/libatspi.so.0.0.1
7fd4b794c000-7fd4b794f000 r--p 0002b000 08:05 2238852                    /usr/lib/x86_64-linux-gnu/libatspi.so.0.0.1
7fd4b794f000-7fd4b7950000 rw-p 0002e000 08:05 2238852                    /usr/lib/x86_64-linux-gnu/libatspi.so.0.0.1
7fd4b7950000-7fd4b797d000 r-xp 00000000 08:05 2238846                    /usr/lib/x86_64-linux-gnu/libatk-bridge-2.0.so.0.0.0
7fd4b797d000-7fd4b7b7c000 ---p 0002d000 08:05 2238846                    /usr/lib/x86_64-linux-gnu/libatk-bridge-2.0.so.0.0.0
7fd4b7b7c000-7fd4b7b7d000 r--p 0002c000 08:05 2238846                    /usr/lib/x86_64-linux-gnu/libatk-bridge-2.0.so.0.0.0
7fd4b7b7d000-7fd4b7b7f000 rw-p 0002d000 08:05 2238846                    /usr/lib/x86_64-linux-gnu/libatk-bridge-2.0.so.0.0.0
7fd4b7b7f000-7fd4b7b80000 r-xp 00000000 08:05 133968                     /usr/lib/x86_64-linux-gnu/gtk-2.0/modules/libatk-bridge.so
7fd4b7b80000-7fd4b7d7f000 ---p 00001000 08:05 133968                     /usr/lib/x86_64-linux-gnu/gtk-2.0/modules/libatk-bridge.so
7fd4b7d7f000-7fd4b7d80000 r--p 00000000 08:05 133968                     /usr/lib/x86_64-linux-gnu/gtk-2.0/modules/libatk-bridge.so
7fd4b7d80000-7fd4b7d81000 rw-p 00001000 08:05 133968                     /usr/lib/x86_64-linux-gnu/gtk-2.0/modules/libatk-bridge.so
7fd4b7d81000-7fd4b7d88000 r-xp 00000000 08:05 2228785                    /usr/lib/x86_64-linux-gnu/libgailutil.so.18.0.1
7fd4b7d88000-7fd4b7f87000 ---p 00007000 08:05 2228785                    /usr/lib/x86_64-linux-gnu/libgailutil.so.18.0.1
7fd4b7f87000-7fd4b7f88000 r--p 00006000 08:05 2228785                    /usr/lib/x86_64-linux-gnu/libgailutil.so.18.0.1
7fd4b7f88000-7fd4b7f89000 rw-p 00007000 08:05 2228785                    /usr/lib/x86_64-linux-gnu/libgailutil.so.18.0.1
7fd4b7f89000-7fd4b7fd7000 r-xp 00000000 08:05 132695                     /usr/lib/x86_64-linux-gnu/gtk-2.0/modules/libgail.so
7fd4b7fd7000-7fd4b81d6000 ---p 0004e000 08:05 132695                     /usr/lib/x86_64-linux-gnu/gtk-2.0/modules/libgail.so
7fd4b81d6000-7fd4b81d7000 r--p 0004d000 08:05 132695                     /usr/lib/x86_64-linux-gnu/gtk-2.0/modules/libgail.so
7fd4b81d7000-7fd4b81d9000 rw-p 0004e000 08:05 132695                     /usr/lib/x86_64-linux-gnu/gtk-2.0/modules/libgail.so
7fd4b81d9000-7fd4b81ea000 r-xp 00000000 08:05 132122                     /usr/lib/x86_64-linux-gnu/gtk-2.0/modules/liboverlay-scrollbar.so
7fd4b81ea000-7fd4b83ea000 ---p 00011000 08:05 132122                     /usr/lib/x86_64-linux-gnu/gtk-2.0/modules/liboverlay-scrollbar.so
7fd4b83ea000-7fd4b83eb000 r--p 00011000 08:05 132122                     /usr/lib/x86_64-linux-gnu/gtk-2.0/modules/liboverlay-scrollbar.so
7fd4b83eb000-7fd4b83ec000 rw-p 00012000 08:05 132122                     /usr/lib/x86_64-linux-gnu/gtk-2.0/modules/liboverlay-scrollbar.so
7fd4b83ec000-7fd4b8415000 r-xp 00000000 08:05 2243370                    /usr/lib/jvm/java-8-oracle/jre/lib/amd64/libglass.so
7fd4b8415000-7fd4b8614000 ---p 00029000 08:05 2243370                    /usr/lib/jvm/java-8-oracle/jre/lib/amd64/libglass.so
7fd4b8614000-7fd4b8617000 rw-p 00028000 08:05 2243370                    /usr/lib/jvm/java-8-oracle/jre/lib/amd64/libglass.so
7fd4b8617000-7fd4b864e000 r-xp 00000000 08:05 2240033                    /usr/lib/x86_64-linux-gnu/libtxc_dxtn_s2tc.so.0.0.0
7fd4b864e000-7fd4b884d000 ---p 00037000 08:05 2240033                    /usr/lib/x86_64-linux-gnu/libtxc_dxtn_s2tc.so.0.0.0
7fd4b884d000-7fd4b884e000 r--p 00036000 08:05 2240033                    /usr/lib/x86_64-linux-gnu/libtxc_dxtn_s2tc.so.0.0.0
7fd4b884e000-7fd4b884f000 rw-p 00037000 08:05 2240033                    /usr/lib/x86_64-linux-gnu/libtxc_dxtn_s2tc.so.0.0.0
7fd4b884f000-7fd4b8857000 r-xp 00000000 08:05 2239767                    /usr/lib/x86_64-linux-gnu/libpciaccess.so.0.11.1
7fd4b8857000-7fd4b8a57000 ---p 00008000 08:05 2239767                    /usr/lib/x86_64-linux-gnu/libpciaccess.so.0.11.1
7fd4b8a57000-7fd4b8a58000 r--p 00008000 08:05 2239767                    /usr/lib/x86_64-linux-gnu/libpciaccess.so.0.11.1
7fd4b8a58000-7fd4b8a59000 rw-p 00009000 08:05 2239767                    /usr/lib/x86_64-linux-gnu/libpciaccess.so.0.11.1
7fd4b8a59000-7fd4b8a6b000 r-xp 00000000 08:05 398660                     /lib/x86_64-linux-gnu/libgpg-error.so.0.19.1
7fd4b8a6b000-7fd4b8c6b000 ---p 00012000 08:05 398660                     /lib/x86_64-linux-gnu/libgpg-error.so.0.19.1
7fd4b8c6b000-7fd4b8c6c000 r--p 00012000 08:05 398660                     /lib/x86_64-linux-gnu/libgpg-error.so.0.19.1
7fd4b8c6c000-7fd4b8c6d000 rw-p 00013000 08:05 398660                     /lib/x86_64-linux-gnu/libgpg-error.so.0.19.1
7fd4b8c6d000-7fd4b8c78000 r-xp 00000000 08:05 2239069                    /usr/lib/x86_64-linux-gnu/libdrm_radeon.so.1.0.1
7fd4b8c78000-7fd4b8e77000 ---p 0000b000 08:05 2239069                    /usr/lib/x86_64-linux-gnu/libdrm_radeon.so.1.0.1
7fd4b8e77000-7fd4b8e78000 r--p 0000a000 08:05 2239069                    /usr/lib/x86_64-linux-gnu/libdrm_radeon.so.1.0.1
7fd4b8e78000-7fd4b8e79000 rw-p 0000b000 08:05 2239069                    /usr/lib/x86_64-linux-gnu/libdrm_radeon.so.1.0.1
7fd4b8e79000-7fd4b8e80000 r-xp 00000000 08:05 2239067                    /usr/lib/x86_64-linux-gnu/libdrm_nouveau.so.2.0.0
7fd4b8e80000-7fd4b907f000 ---p 00007000 08:05 2239067                    /usr/lib/x86_64-linux-gnu/libdrm_nouveau.so.2.0.0
7fd4b907f000-7fd4b9080000 r--p 00006000 08:05 2239067                    /usr/lib/x86_64-linux-gnu/libdrm_nouveau.so.2.0.0
7fd4b9080000-7fd4b9081000 rw-p 00007000 08:05 2239067                    /usr/lib/x86_64-linux-gnu/libdrm_nouveau.so.2.0.0
7fd4b9081000-7fd4b90a1000 r-xp 00000000 08:05 2239065                    /usr/lib/x86_64-linux-gnu/libdrm_intel.so.1.0.0
7fd4b90a1000-7fd4b92a0000 ---p 00020000 08:05 2239065                    /usr/lib/x86_64-linux-gnu/libdrm_intel.so.1.0.0
7fd4b92a0000-7fd4b92a1000 r--p 0001f000 08:05 2239065                    /usr/lib/x86_64-linux-gnu/libdrm_intel.so.1.0.0
7fd4b92a1000-7fd4b92a2000 rw-p 00020000 08:05 2239065                    /usr/lib/x86_64-linux-gnu/libdrm_intel.so.1.0.0
7fd4b92a2000-7fd4b93a9000 r-xp 00000000 08:05 398656                     /lib/x86_64-linux-gnu/libgcrypt.so.20.1.2
7fd4b93a9000-7fd4b95a8000 ---p 00107000 08:05 398656                     /lib/x86_64-linux-gnu/libgcrypt.so.20.1.2
7fd4b95a8000-7fd4b95aa000 r--p 00106000 08:05 398656                     /lib/x86_64-linux-gnu/libgcrypt.so.20.1.2
7fd4b95aa000-7fd4b95b1000 rw-p 00108000 08:05 398656                     /lib/x86_64-linux-gnu/libgcrypt.so.20.1.2
7fd4b95b1000-7fd4b9c54000 r-xp 00000000 08:05 133427                     /usr/lib/x86_64-linux-gnu/dri/i965_dri.so
7fd4b9c54000-7fd4b9e53000 ---p 006a3000 08:05 133427                     /usr/lib/x86_64-linux-gnu/dri/i965_dri.so
7fd4b9e53000-7fd4b9e92000 r--p 006a2000 08:05 133427                     /usr/lib/x86_64-linux-gnu/dri/i965_dri.so
7fd4b9e92000-7fd4b9e9a000 rw-p 006e1000 08:05 133427                     /usr/lib/x86_64-linux-gnu/dri/i965_dri.so
7fd4b9e9a000-7fd4b9ea2000 rw-p 00000000 00:00 0 
7fd4b9ea2000-7fd4b9ea6000 r-xp 00000000 08:05 398105                     /lib/x86_64-linux-gnu/libuuid.so.1.3.0
7fd4b9ea6000-7fd4ba0a5000 ---p 00004000 08:05 398105                     /lib/x86_64-linux-gnu/libuuid.so.1.3.0
7fd4ba0a5000-7fd4ba0a6000 r--p 00003000 08:05 398105                     /lib/x86_64-linux-gnu/libuuid.so.1.3.0
7fd4ba0a6000-7fd4ba0a7000 rw-p 00004000 08:05 398105                     /lib/x86_64-linux-gnu/libuuid.so.1.3.0
7fd4ba0a7000-7fd4ba0ad000 r-xp 00000000 08:05 2239010                    /usr/lib/x86_64-linux-gnu/libdatrie.so.1.3.3
7fd4ba0ad000-7fd4ba2ad000 ---p 00006000 08:05 2239010                    /usr/lib/x86_64-linux-gnu/libdatrie.so.1.3.3
7fd4ba2ad000-7fd4ba2ae000 r--p 00006000 08:05 2239010                    /usr/lib/x86_64-linux-gnu/libdatrie.so.1.3.3
7fd4ba2ae000-7fd4ba2af000 rw-p 00007000 08:05 2239010                    /usr/lib/x86_64-linux-gnu/libdatrie.so.1.3.3
7fd4ba2af000-7fd4ba2b4000 r-xp 00000000 08:05 2238755                    /usr/lib/x86_64-linux-gnu/libXdmcp.so.6.0.0
7fd4ba2b4000-7fd4ba4b3000 ---p 00005000 08:05 2238755                    /usr/lib/x86_64-linux-gnu/libXdmcp.so.6.0.0
7fd4ba4b3000-7fd4ba4b4000 r--p 00004000 08:05 2238755                    /usr/lib/x86_64-linux-gnu/libXdmcp.so.6.0.0
7fd4ba4b4000-7fd4ba4b5000 rw-p 00005000 08:05 2238755                    /usr/lib/x86_64-linux-gnu/libXdmcp.so.6.0.0
7fd4ba4b5000-7fd4ba4b7000 r-xp 00000000 08:05 2238744                    /usr/lib/x86_64-linux-gnu/libXau.so.6.0.0
7fd4ba4b7000-7fd4ba6b7000 ---p 00002000 08:05 2238744                    /usr/lib/x86_64-linux-gnu/libXau.so.6.0.0
7fd4ba6b7000-7fd4ba6b8000 r--p 00002000 08:05 2238744                    /usr/lib/x86_64-linux-gnu/libXau.so.6.0.0
7fd4ba6b8000-7fd4ba6b9000 rw-p 00003000 08:05 2238744                    /usr/lib/x86_64-linux-gnu/libXau.so.6.0.0
7fd4ba6b9000-7fd4ba6dc000 r-xp 00000000 08:05 2239322                    /usr/lib/x86_64-linux-gnu/libgraphite2.so.3.0.1
7fd4ba6dc000-7fd4ba8db000 ---p 00023000 08:05 2239322                    /usr/lib/x86_64-linux-gnu/libgraphite2.so.3.0.1
7fd4ba8db000-7fd4ba8dd000 r--p 00022000 08:05 2239322                    /usr/lib/x86_64-linux-gnu/libgraphite2.so.3.0.1
7fd4ba8dd000-7fd4ba8de000 rw-p 00024000 08:05 2239322                    /usr/lib/x86_64-linux-gnu/libgraphite2.so.3.0.1
7fd4ba8de000-7fd4ba91b000 r-xp 00000000 08:05 398114                     /lib/x86_64-linux-gnu/libblkid.so.1.1.0
7fd4ba91b000-7fd4bab1a000 ---p 0003d000 08:05 398114                     /lib/x86_64-linux-gnu/libblkid.so.1.1.0
7fd4bab1a000-7fd4bab1e000 r--p 0003c000 08:05 398114                     /lib/x86_64-linux-gnu/libblkid.so.1.1.0
7fd4bab1e000-7fd4bab1f000 rw-p 00040000 08:05 398114                     /lib/x86_64-linux-gnu/libblkid.so.1.1.0
7fd4bab1f000-7fd4bab20000 rw-p 00000000 00:00 0 
7fd4bab20000-7fd4bab2e000 r-xp 00000000 08:05 2239061                    /usr/lib/x86_64-linux-gnu/libdrm.so.2.4.0
7fd4bab2e000-7fd4bad2d000 ---p 0000e000 08:05 2239061                    /usr/lib/x86_64-linux-gnu/libdrm.so.2.4.0
7fd4bad2d000-7fd4bad2e000 r--p 0000d000 08:05 2239061                    /usr/lib/x86_64-linux-gnu/libdrm.so.2.4.0
7fd4bad2e000-7fd4bad2f000 rw-p 0000e000 08:05 2239061                    /usr/lib/x86_64-linux-gnu/libdrm.so.2.4.0
7fd4bad2f000-7fd4bad33000 r-xp 00000000 08:05 2240244                    /usr/lib/x86_64-linux-gnu/libxcb-dri2.so.0.0.0
7fd4bad33000-7fd4baf32000 ---p 00004000 08:05 2240244                    /usr/lib/x86_64-linux-gnu/libxcb-dri2.so.0.0.0
7fd4baf32000-7fd4baf33000 r--p 00003000 08:05 2240244                    /usr/lib/x86_64-linux-gnu/libxcb-dri2.so.0.0.0
7fd4baf33000-7fd4baf34000 rw-p 00004000 08:05 2240244                    /usr/lib/x86_64-linux-gnu/libxcb-dri2.so.0.0.0
7fd4baf34000-7fd4baf4b000 r-xp 00000000 08:05 2240248                    /usr/lib/x86_64-linux-gnu/libxcb-glx.so.0.0.0
7fd4baf4b000-7fd4bb14a000 ---p 00017000 08:05 2240248                    /usr/lib/x86_64-linux-gnu/libxcb-glx.so.0.0.0
7fd4bb14a000-7fd4bb14c000 r--p 00016000 08:05 2240248                    /usr/lib/x86_64-linux-gnu/libxcb-glx.so.0.0.0
7fd4bb14c000-7fd4bb14d000 rw-p 00018000 08:05 2240248                    /usr/lib/x86_64-linux-gnu/libxcb-glx.so.0.0.0
7fd4bb14d000-7fd4bb14e000 r-xp 00000000 08:05 2238738                    /usr/lib/x86_64-linux-gnu/libX11-xcb.so.1.0.0
7fd4bb14e000-7fd4bb34d000 ---p 00001000 08:05 2238738                    /usr/lib/x86_64-linux-gnu/libX11-xcb.so.1.0.0
7fd4bb34d000-7fd4bb34e000 r--p 00000000 08:05 2238738                    /usr/lib/x86_64-linux-gnu/libX11-xcb.so.1.0.0
7fd4bb34e000-7fd4bb34f000 rw-p 00001000 08:05 2238738                    /usr/lib/x86_64-linux-gnu/libX11-xcb.so.1.0.0
7fd4bb34f000-7fd4bb378000 r-xp 00000000 08:05 2231673                    /usr/lib/x86_64-linux-gnu/libglapi.so.0.0.0
7fd4bb378000-7fd4bb577000 ---p 00029000 08:05 2231673                    /usr/lib/x86_64-linux-gnu/libglapi.so.0.0.0
7fd4bb577000-7fd4bb57b000 r--p 00028000 08:05 2231673                    /usr/lib/x86_64-linux-gnu/libglapi.so.0.0.0
7fd4bb57b000-7fd4bb57c000 rw-p 0002c000 08:05 2231673                    /usr/lib/x86_64-linux-gnu/libglapi.so.0.0.0
7fd4bb57c000-7fd4bb57d000 rw-p 00000000 00:00 0 
7fd4bb57d000-7fd4bb57e000 r-xp 00000000 08:05 2240290                    /usr/lib/x86_64-linux-gnu/libxshmfence.so.1.0.0
7fd4bb57e000-7fd4bb77e000 ---p 00001000 08:05 2240290                    /usr/lib/x86_64-linux-gnu/libxshmfence.so.1.0.0
7fd4bb77e000-7fd4bb77f000 r--p 00001000 08:05 2240290                    /usr/lib/x86_64-linux-gnu/libxshmfence.so.1.0.0
7fd4bb77f000-7fd4bb780000 rw-p 00002000 08:05 2240290                    /usr/lib/x86_64-linux-gnu/libxshmfence.so.1.0.0
7fd4bb780000-7fd4bb785000 r-xp 00000000 08:05 2240268                    /usr/lib/x86_64-linux-gnu/libxcb-sync.so.1.0.0
7fd4bb785000-7fd4bb985000 ---p 00005000 08:05 2240268                    /usr/lib/x86_64-linux-gnu/libxcb-sync.so.1.0.0
7fd4bb985000-7fd4bb986000 r--p 00005000 08:05 2240268                    /usr/lib/x86_64-linux-gnu/libxcb-sync.so.1.0.0
7fd4bb986000-7fd4bb987000 rw-p 00006000 08:05 2240268                    /usr/lib/x86_64-linux-gnu/libxcb-sync.so.1.0.0
7fd4bb987000-7fd4bb989000 r-xp 00000000 08:05 2240256                    /usr/lib/x86_64-linux-gnu/libxcb-present.so.0.0.0
7fd4bb989000-7fd4bbb88000 ---p 00002000 08:05 2240256                    /usr/lib/x86_64-linux-gnu/libxcb-present.so.0.0.0
7fd4bbb88000-7fd4bbb89000 r--p 00001000 08:05 2240256                    /usr/lib/x86_64-linux-gnu/libxcb-present.so.0.0.0
7fd4bbb89000-7fd4bbb8a000 rw-p 00002000 08:05 2240256                    /usr/lib/x86_64-linux-gnu/libxcb-present.so.0.0.0
7fd4bbb8a000-7fd4bbb8c000 r-xp 00000000 08:05 2240246                    /usr/lib/x86_64-linux-gnu/libxcb-dri3.so.0.0.0
7fd4bbb8c000-7fd4bbd8b000 ---p 00002000 08:05 2240246                    /usr/lib/x86_64-linux-gnu/libxcb-dri3.so.0.0.0
7fd4bbd8b000-7fd4bbd8c000 r--p 00001000 08:05 2240246                    /usr/lib/x86_64-linux-gnu/libxcb-dri3.so.0.0.0
7fd4bbd8c000-7fd4bbd8d000 rw-p 00002000 08:05 2240246                    /usr/lib/x86_64-linux-gnu/libxcb-dri3.so.0.0.0
7fd4bbd8d000-7fd4bbdff000 r-xp 00000000 08:05 398742                     /lib/x86_64-linux-gnu/libpcre.so.3.13.3
7fd4bbdff000-7fd4bbffe000 ---p 00072000 08:05 398742                     /lib/x86_64-linux-gnu/libpcre.so.3.13.3
7fd4bbffe000-7fd4bbfff000 r--p 00071000 08:05 398742                     /lib/x86_64-linux-gnu/libpcre.so.3.13.3
7fd4bbfff000-7fd4bc000000 rw-p 00072000 08:05 398742                     /lib/x86_64-linux-gnu/libpcre.so.3.13.3
7fd4bc000000-7fd4bde77000 rw-p 00000000 00:00 0 
7fd4bde77000-7fd4c0000000 ---p 00000000 00:00 0 
7fd4c0005000-7fd4c0018000 r--p 00000000 08:05 2243414                    /usr/lib/jvm/java-8-oracle/jre/lib/fonts/LucidaBrightDemiBold.ttf
7fd4c0018000-7fd4c006d000 r--p 00000000 08:05 2243416                    /usr/lib/jvm/java-8-oracle/jre/lib/fonts/LucidaBrightRegular.ttf
7fd4c006d000-7fd4c0081000 r--p 00000000 08:05 2243417                    /usr/lib/jvm/java-8-oracle/jre/lib/fonts/LucidaBrightItalic.ttf
7fd4c0081000-7fd4c0094000 r--p 00000000 08:05 2243421                    /usr/lib/jvm/java-8-oracle/jre/lib/fonts/LucidaBrightDemiItalic.ttf
7fd4c0094000-7fd4c00e2000 r--p 00000000 08:05 2243420                    /usr/lib/jvm/java-8-oracle/jre/lib/fonts/LucidaSansDemiBold.ttf
7fd4c00e2000-7fd4c00e9000 r-xp 00000000 08:05 2239141                    /usr/lib/x86_64-linux-gnu/libffi.so.6.0.4
7fd4c00e9000-7fd4c02e8000 ---p 00007000 08:05 2239141                    /usr/lib/x86_64-linux-gnu/libffi.so.6.0.4
7fd4c02e8000-7fd4c02e9000 r--p 00006000 08:05 2239141                    /usr/lib/x86_64-linux-gnu/libffi.so.6.0.4
7fd4c02e9000-7fd4c02ea000 rw-p 00007000 08:05 2239141                    /usr/lib/x86_64-linux-gnu/libffi.so.6.0.4
7fd4c02ea000-7fd4c0311000 r-xp 00000000 08:05 398647                     /lib/x86_64-linux-gnu/libexpat.so.1.6.2
7fd4c0311000-7fd4c0511000 ---p 00027000 08:05 398647                     /lib/x86_64-linux-gnu/libexpat.so.1.6.2
7fd4c0511000-7fd4c0513000 r--p 00027000 08:05 398647                     /lib/x86_64-linux-gnu/libexpat.so.1.6.2
7fd4c0513000-7fd4c0514000 rw-p 00029000 08:05 398647                     /lib/x86_64-linux-gnu/libexpat.so.1.6.2
7fd4c0514000-7fd4c051c000 r-xp 00000000 08:05 2240000                    /usr/lib/x86_64-linux-gnu/libthai.so.0.3.0
7fd4c051c000-7fd4c071b000 ---p 00008000 08:05 2240000                    /usr/lib/x86_64-linux-gnu/libthai.so.0.3.0
7fd4c071b000-7fd4c071c000 r--p 00007000 08:05 2240000                    /usr/lib/x86_64-linux-gnu/libthai.so.0.3.0
7fd4c071c000-7fd4c071d000 rw-p 00008000 08:05 2240000                    /usr/lib/x86_64-linux-gnu/libthai.so.0.3.0
7fd4c071d000-7fd4c073e000 r-xp 00000000 08:05 2240278                    /usr/lib/x86_64-linux-gnu/libxcb.so.1.1.0
7fd4c073e000-7fd4c093d000 ---p 00021000 08:05 2240278                    /usr/lib/x86_64-linux-gnu/libxcb.so.1.1.0
7fd4c093d000-7fd4c093e000 r--p 00020000 08:05 2240278                    /usr/lib/x86_64-linux-gnu/libxcb.so.1.1.0
7fd4c093e000-7fd4c093f000 rw-p 00021000 08:05 2240278                    /usr/lib/x86_64-linux-gnu/libxcb.so.1.1.0
7fd4c093f000-7fd4c0947000 r-xp 00000000 08:05 2240262                    /usr/lib/x86_64-linux-gnu/libxcb-render.so.0.0.0
7fd4c0947000-7fd4c0b47000 ---p 00008000 08:05 2240262                    /usr/lib/x86_64-linux-gnu/libxcb-render.so.0.0.0
7fd4c0b47000-7fd4c0b48000 r--p 00008000 08:05 2240262                    /usr/lib/x86_64-linux-gnu/libxcb-render.so.0.0.0
7fd4c0b48000-7fd4c0b49000 rw-p 00009000 08:05 2240262                    /usr/lib/x86_64-linux-gnu/libxcb-render.so.0.0.0
7fd4c0b49000-7fd4c0b4b000 r-xp 00000000 08:05 2240266                    /usr/lib/x86_64-linux-gnu/libxcb-shm.so.0.0.0
7fd4c0b4b000-7fd4c0d4b000 ---p 00002000 08:05 2240266                    /usr/lib/x86_64-linux-gnu/libxcb-shm.so.0.0.0
7fd4c0d4b000-7fd4c0d4c000 r--p 00002000 08:05 2240266                    /usr/lib/x86_64-linux-gnu/libxcb-shm.so.0.0.0
7fd4c0d4c000-7fd4c0d4d000 rw-p 00003000 08:05 2240266                    /usr/lib/x86_64-linux-gnu/libxcb-shm.so.0.0.0
7fd4c0d4d000-7fd4c0d7e000 r-xp 00000000 08:05 2239791                    /usr/lib/x86_64-linux-gnu/libpng16.so.16.25.0
7fd4c0d7e000-7fd4c0f7d000 ---p 00031000 08:05 2239791                    /usr/lib/x86_64-linux-gnu/libpng16.so.16.25.0
7fd4c0f7d000-7fd4c0f7e000 r--p 00030000 08:05 2239791                    /usr/lib/x86_64-linux-gnu/libpng16.so.16.25.0
7fd4c0f7e000-7fd4c0f7f000 rw-p 00031000 08:05 2239791                    /usr/lib/x86_64-linux-gnu/libpng16.so.16.25.0
7fd4c0f7f000-7fd4c101e000 r-xp 00000000 08:05 2239783                    /usr/lib/x86_64-linux-gnu/libpixman-1.so.0.33.6
7fd4c101e000-7fd4c121e000 ---p 0009f000 08:05 2239783                    /usr/lib/x86_64-linux-gnu/libpixman-1.so.0.33.6
7fd4c121e000-7fd4c1226000 r--p 0009f000 08:05 2239783                    /usr/lib/x86_64-linux-gnu/libpixman-1.so.0.33.6
7fd4c1226000-7fd4c1227000 rw-p 000a7000 08:05 2239783                    /usr/lib/x86_64-linux-gnu/libpixman-1.so.0.33.6
7fd4c1227000-7fd4c12a5000 r-xp 00000000 08:05 2239412                    /usr/lib/x86_64-linux-gnu/libharfbuzz.so.0.10200.7
7fd4c12a5000-7fd4c14a5000 ---p 0007e000 08:05 2239412                    /usr/lib/x86_64-linux-gnu/libharfbuzz.so.0.10200.7
7fd4c14a5000-7fd4c14a6000 r--p 0007e000 08:05 2239412                    /usr/lib/x86_64-linux-gnu/libharfbuzz.so.0.10200.7
7fd4c14a6000-7fd4c14a7000 rw-p 0007f000 08:05 2239412                    /usr/lib/x86_64-linux-gnu/libharfbuzz.so.0.10200.7
7fd4c14a7000-7fd4c14ed000 r-xp 00000000 08:05 398122                     /lib/x86_64-linux-gnu/libmount.so.1.1.0
7fd4c14ed000-7fd4c16ec000 ---p 00046000 08:05 398122                     /lib/x86_64-linux-gnu/libmount.so.1.1.0
7fd4c16ec000-7fd4c16ed000 r--p 00045000 08:05 398122                     /lib/x86_64-linux-gnu/libmount.so.1.1.0
7fd4c16ed000-7fd4c16ee000 rw-p 00046000 08:05 398122                     /lib/x86_64-linux-gnu/libmount.so.1.1.0
7fd4c16ee000-7fd4c16ef000 rw-p 00000000 00:00 0 
7fd4c16ef000-7fd4c1706000 r-xp 00000000 08:05 409762                     /lib/x86_64-linux-gnu/libresolv-2.24.so
7fd4c1706000-7fd4c1906000 ---p 00017000 08:05 409762                     /lib/x86_64-linux-gnu/libresolv-2.24.so
7fd4c1906000-7fd4c1907000 r--p 00017000 08:05 409762                     /lib/x86_64-linux-gnu/libresolv-2.24.so
7fd4c1907000-7fd4c1908000 rw-p 00018000 08:05 409762                     /lib/x86_64-linux-gnu/libresolv-2.24.so
7fd4c1908000-7fd4c190a000 rw-p 00000000 00:00 0 
7fd4c190a000-7fd4c192d000 r-xp 00000000 08:05 398769                     /lib/x86_64-linux-gnu/libselinux.so.1
7fd4c192d000-7fd4c1b2c000 ---p 00023000 08:05 398769                     /lib/x86_64-linux-gnu/libselinux.so.1
7fd4c1b2c000-7fd4c1b2d000 r--p 00022000 08:05 398769                     /lib/x86_64-linux-gnu/libselinux.so.1
7fd4c1b2d000-7fd4c1b2e000 rw-p 00023000 08:05 398769                     /lib/x86_64-linux-gnu/libselinux.so.1
7fd4c1b2e000-7fd4c1b30000 rw-p 00000000 00:00 0 
7fd4c1b30000-7fd4c1b49000 r-xp 00000000 08:05 398798                     /lib/x86_64-linux-gnu/libz.so.1.2.8
7fd4c1b49000-7fd4c1d48000 ---p 00019000 08:05 398798                     /lib/x86_64-linux-gnu/libz.so.1.2.8
7fd4c1d48000-7fd4c1d49000 r--p 00018000 08:05 398798                     /lib/x86_64-linux-gnu/libz.so.1.2.8
7fd4c1d49000-7fd4c1d4a000 rw-p 00019000 08:05 398798                     /lib/x86_64-linux-gnu/libz.so.1.2.8
7fd4c1d4a000-7fd4c1d5b000 r-xp 00000000 08:05 2238757                    /usr/lib/x86_64-linux-gnu/libXext.so.6.4.0
7fd4c1d5b000-7fd4c1f5a000 ---p 00011000 08:05 2238757                    /usr/lib/x86_64-linux-gnu/libXext.so.6.4.0
7fd4c1f5a000-7fd4c1f5b000 r--p 00010000 08:05 2238757                    /usr/lib/x86_64-linux-gnu/libXext.so.6.4.0
7fd4c1f5b000-7fd4c1f5c000 rw-p 00011000 08:05 2238757                    /usr/lib/x86_64-linux-gnu/libXext.so.6.4.0
7fd4c1f5c000-7fd4c1f5e000 r-xp 00000000 08:05 2238753                    /usr/lib/x86_64-linux-gnu/libXdamage.so.1.1.0
7fd4c1f5e000-7fd4c215d000 ---p 00002000 08:05 2238753                    /usr/lib/x86_64-linux-gnu/libXdamage.so.1.1.0
7fd4c215d000-7fd4c215e000 r--p 00001000 08:05 2238753                    /usr/lib/x86_64-linux-gnu/libXdamage.so.1.1.0
7fd4c215e000-7fd4c215f000 rw-p 00002000 08:05 2238753                    /usr/lib/x86_64-linux-gnu/libXdamage.so.1.1.0
7fd4c215f000-7fd4c2161000 r-xp 00000000 08:05 2238749                    /usr/lib/x86_64-linux-gnu/libXcomposite.so.1.0.0
7fd4c2161000-7fd4c2360000 ---p 00002000 08:05 2238749                    /usr/lib/x86_64-linux-gnu/libXcomposite.so.1.0.0
7fd4c2360000-7fd4c2361000 r--p 00001000 08:05 2238749                    /usr/lib/x86_64-linux-gnu/libXcomposite.so.1.0.0
7fd4c2361000-7fd4c2362000 rw-p 00002000 08:05 2238749                    /usr/lib/x86_64-linux-gnu/libXcomposite.so.1.0.0
7fd4c2362000-7fd4c236b000 r-xp 00000000 08:05 2238751                    /usr/lib/x86_64-linux-gnu/libXcursor.so.1.0.2
7fd4c236b000-7fd4c256a000 ---p 00009000 08:05 2238751                    /usr/lib/x86_64-linux-gnu/libXcursor.so.1.0.2
7fd4c256a000-7fd4c256b000 r--p 00008000 08:05 2238751                    /usr/lib/x86_64-linux-gnu/libXcursor.so.1.0.2
7fd4c256b000-7fd4c256c000 rw-p 00009000 08:05 2238751                    /usr/lib/x86_64-linux-gnu/libXcursor.so.1.0.2
7fd4c256c000-7fd4c2576000 r-xp 00000000 08:05 2238775                    /usr/lib/x86_64-linux-gnu/libXrandr.so.2.2.0
7fd4c2576000-7fd4c2775000 ---p 0000a000 08:05 2238775                    /usr/lib/x86_64-linux-gnu/libXrandr.so.2.2.0
7fd4c2775000-7fd4c2776000 r--p 00009000 08:05 2238775                    /usr/lib/x86_64-linux-gnu/libXrandr.so.2.2.0
7fd4c2776000-7fd4c2777000 rw-p 0000a000 08:05 2238775                    /usr/lib/x86_64-linux-gnu/libXrandr.so.2.2.0
7fd4c2777000-7fd4c2786000 r-xp 00000000 08:05 2238765                    /usr/lib/x86_64-linux-gnu/libXi.so.6.1.0
7fd4c2786000-7fd4c2985000 ---p 0000f000 08:05 2238765                    /usr/lib/x86_64-linux-gnu/libXi.so.6.1.0
7fd4c2985000-7fd4c2986000 r--p 0000e000 08:05 2238765                    /usr/lib/x86_64-linux-gnu/libXi.so.6.1.0
7fd4c2986000-7fd4c2987000 rw-p 0000f000 08:05 2238765                    /usr/lib/x86_64-linux-gnu/libXi.so.6.1.0
7fd4c2987000-7fd4c2989000 r-xp 00000000 08:05 2238767                    /usr/lib/x86_64-linux-gnu/libXinerama.so.1.0.0
7fd4c2989000-7fd4c2b88000 ---p 00002000 08:05 2238767                    /usr/lib/x86_64-linux-gnu/libXinerama.so.1.0.0
7fd4c2b88000-7fd4c2b89000 r--p 00001000 08:05 2238767                    /usr/lib/x86_64-linux-gnu/libXinerama.so.1.0.0
7fd4c2b89000-7fd4c2b8a000 rw-p 00002000 08:05 2238767                    /usr/lib/x86_64-linux-gnu/libXinerama.so.1.0.0
7fd4c2b8a000-7fd4c2b93000 r-xp 00000000 08:05 2238777                    /usr/lib/x86_64-linux-gnu/libXrender.so.1.3.0
7fd4c2b93000-7fd4c2d92000 ---p 00009000 08:05 2238777                    /usr/lib/x86_64-linux-gnu/libXrender.so.1.3.0
7fd4c2d92000-7fd4c2d93000 r--p 00008000 08:05 2238777                    /usr/lib/x86_64-linux-gnu/libXrender.so.1.3.0
7fd4c2d93000-7fd4c2d94000 rw-p 00009000 08:05 2238777                    /usr/lib/x86_64-linux-gnu/libXrender.so.1.3.0
7fd4c2d94000-7fd4c2d99000 r-xp 00000000 08:05 2238759                    /usr/lib/x86_64-linux-gnu/libXfixes.so.3.1.0
7fd4c2d99000-7fd4c2f98000 ---p 00005000 08:05 2238759                    /usr/lib/x86_64-linux-gnu/libXfixes.so.3.1.0
7fd4c2f98000-7fd4c2f99000 r--p 00004000 08:05 2238759                    /usr/lib/x86_64-linux-gnu/libXfixes.so.3.1.0
7fd4c2f99000-7fd4c2f9a000 rw-p 00005000 08:05 2238759                    /usr/lib/x86_64-linux-gnu/libXfixes.so.3.1.0
7fd4c2f9a000-7fd4c2fb0000 r-xp 00000000 08:05 398654                     /lib/x86_64-linux-gnu/libgcc_s.so.1
7fd4c2fb0000-7fd4c31af000 ---p 00016000 08:05 398654                     /lib/x86_64-linux-gnu/libgcc_s.so.1
7fd4c31af000-7fd4c31b0000 r--p 00015000 08:05 398654                     /lib/x86_64-linux-gnu/libgcc_s.so.1
7fd4c31b0000-7fd4c31b1000 rw-p 00016000 08:05 398654                     /lib/x86_64-linux-gnu/libgcc_s.so.1
7fd4c31b1000-7fd4c3329000 r-xp 00000000 08:05 2239972                    /usr/lib/x86_64-linux-gnu/libstdc++.so.6.0.22
7fd4c3329000-7fd4c3529000 ---p 00178000 08:05 2239972                    /usr/lib/x86_64-linux-gnu/libstdc++.so.6.0.22
7fd4c3529000-7fd4c3533000 r--p 00178000 08:05 2239972                    /usr/lib/x86_64-linux-gnu/libstdc++.so.6.0.22
7fd4c3533000-7fd4c3535000 rw-p 00182000 08:05 2239972                    /usr/lib/x86_64-linux-gnu/libstdc++.so.6.0.22
7fd4c3535000-7fd4c3539000 rw-p 00000000 00:00 0 
7fd4c3539000-7fd4c35a9000 r-xp 00000000 08:05 133030                     /usr/lib/x86_64-linux-gnu/mesa/libGL.so.1.2.0
7fd4c35a9000-7fd4c37a8000 ---p 00070000 08:05 133030                     /usr/lib/x86_64-linux-gnu/mesa/libGL.so.1.2.0
7fd4c37a8000-7fd4c37ab000 r--p 0006f000 08:05 133030                     /usr/lib/x86_64-linux-gnu/mesa/libGL.so.1.2.0
7fd4c37ab000-7fd4c37ac000 rw-p 00072000 08:05 133030                     /usr/lib/x86_64-linux-gnu/mesa/libGL.so.1.2.0
7fd4c37ac000-7fd4c37ad000 rw-p 00000000 00:00 0 
7fd4c37ad000-7fd4c37b2000 r-xp 00000000 08:05 2238793                    /usr/lib/x86_64-linux-gnu/libXxf86vm.so.1.0.0
7fd4c37b2000-7fd4c39b1000 ---p 00005000 08:05 2238793                    /usr/lib/x86_64-linux-gnu/libXxf86vm.so.1.0.0
7fd4c39b1000-7fd4c39b2000 r--p 00004000 08:05 2238793                    /usr/lib/x86_64-linux-gnu/libXxf86vm.so.1.0.0
7fd4c39b2000-7fd4c39b3000 rw-p 00005000 08:05 2238793                    /usr/lib/x86_64-linux-gnu/libXxf86vm.so.1.0.0
7fd4c39b3000-7fd4c3ae8000 r-xp 00000000 08:05 2238740                    /usr/lib/x86_64-linux-gnu/libX11.so.6.3.0
7fd4c3ae8000-7fd4c3ce7000 ---p 00135000 08:05 2238740                    /usr/lib/x86_64-linux-gnu/libX11.so.6.3.0
7fd4c3ce7000-7fd4c3ce8000 r--p 00134000 08:05 2238740                    /usr/lib/x86_64-linux-gnu/libX11.so.6.3.0
7fd4c3ce8000-7fd4c3cec000 rw-p 00135000 08:05 2238740                    /usr/lib/x86_64-linux-gnu/libX11.so.6.3.0
7fd4c3cec000-7fd4c3dfe000 r-xp 00000000 08:05 399763                     /lib/x86_64-linux-gnu/libglib-2.0.so.0.5000.2
7fd4c3dfe000-7fd4c3ffd000 ---p 00112000 08:05 399763                     /lib/x86_64-linux-gnu/libglib-2.0.so.0.5000.2
7fd4c3ffd000-7fd4c3ffe000 r--p 00111000 08:05 399763                     /lib/x86_64-linux-gnu/libglib-2.0.so.0.5000.2
7fd4c3ffe000-7fd4c3fff000 rw-p 00112000 08:05 399763                     /lib/x86_64-linux-gnu/libglib-2.0.so.0.5000.2
7fd4c3fff000-7fd4c4000000 rw-p 00000000 00:00 0 
7fd4c4000000-7fd4c407d000 rw-p 00000000 00:00 0 
7fd4c407d000-7fd4c8000000 ---p 00000000 00:00 0 
7fd4c8000000-7fd4c8297000 rw-p 00000000 00:00 0 
7fd4c8297000-7fd4cc000000 ---p 00000000 00:00 0 
7fd4cc000000-7fd4cc021000 rw-p 00000000 00:00 0 
7fd4cc021000-7fd4d0000000 ---p 00000000 00:00 0 
7fd4d0000000-7fd4d0021000 rw-p 00000000 00:00 0 
7fd4d0021000-7fd4d4000000 ---p 00000000 00:00 0 
7fd4d4000000-7fd4d40f8000 rw-p 00000000 00:00 0 
7fd4d40f8000-7fd4d8000000 ---p 00000000 00:00 0 
7fd4d8000000-7fd4d828f000 rw-p 00000000 00:00 0 
7fd4d828f000-7fd4dc000000 ---p 00000000 00:00 0 
7fd4dc000000-7fd4dc021000 rw-p 00000000 00:00 0 
7fd4dc021000-7fd4e0000000 ---p 00000000 00:00 0 
7fd4e0000000-7fd4e01f7000 rw-p 00000000 00:00 0 
7fd4e01f7000-7fd4e4000000 ---p 00000000 00:00 0 
7fd4e4000000-7fd4e4021000 rw-p 00000000 00:00 0 
7fd4e4021000-7fd4e8000000 ---p 00000000 00:00 0 
7fd4e8000000-7fd4e8021000 rw-p 00000000 00:00 0 
7fd4e8021000-7fd4ec000000 ---p 00000000 00:00 0 
7fd4ec000000-7fd4ec021000 rw-p 00000000 00:00 0 
7fd4ec021000-7fd4f0000000 ---p 00000000 00:00 0 
7fd4f0000000-7fd4f0021000 rw-p 00000000 00:00 0 
7fd4f0021000-7fd4f4000000 ---p 00000000 00:00 0 
7fd4f4000000-7fd4f4021000 rw-p 00000000 00:00 0 
7fd4f4021000-7fd4f8000000 ---p 00000000 00:00 0 
7fd4f8000000-7fd4f8004000 r--s 0009a000 08:05 2243269                    /usr/lib/jvm/java-8-oracle/jre/lib/jsse.jar
7fd4f8004000-7fd4f8006000 rw-s 1003e0000 00:06 391                       /dev/dri/card0
7fd4f8006000-7fd4f800b000 r--s 00084000 08:05 2243424                    /usr/lib/jvm/java-8-oracle/jre/lib/jfr.jar
7fd4f800b000-7fd4f8016000 r--s 00000000 08:05 279298                     /var/cache/fontconfig/945677eb7aeaf62f1d50efc3fb3ec7d8-le64.cache-6
7fd4f8016000-7fd4f801c000 r--s 00000000 08:05 279279                     /var/cache/fontconfig/2cd17615ca594fa2959ae173292e504c-le64.cache-6
7fd4f801c000-7fd4f801d000 r--s 00000000 08:05 279276                     /var/cache/fontconfig/0d8c3b2ac0904cb8a57a757ad11a4a08-le64.cache-6
7fd4f801d000-7fd4f8032000 r--s 00000000 08:05 279272                     /var/cache/fontconfig/04aabc0a78ac019cf9454389977116d2-le64.cache-6
7fd4f8032000-7fd4f8033000 r--s 00000000 08:05 279278                     /var/cache/fontconfig/1ac9eb803944fde146138c791f5cc56a-le64.cache-6
7fd4f8033000-7fd4f8037000 r--s 00000000 08:05 279283                     /var/cache/fontconfig/385c0604a188198f04d133e54aba7fe7-le64.cache-6
7fd4f8037000-7fd4f8038000 r--s 00000000 08:05 279311                     /var/cache/fontconfig/dc05db6664285cc2f12bf69c139ae4c3-le64.cache-6
7fd4f8038000-7fd4f803b000 r--s 00000000 08:05 279294                     /var/cache/fontconfig/767a8244fc0220cfb567a839d0392e0b-le64.cache-6
7fd4f803b000-7fd4f803c000 r--s 00000000 08:05 276021                     /var/cache/fontconfig/4794a0821666d79190d59a36cb4f44b5-le64.cache-6
7fd4f803c000-7fd4f8041000 r--s 00000000 08:05 279297                     /var/cache/fontconfig/8801497958630a81b71ace7c5f9b32a8-le64.cache-6
7fd4f8041000-7fd4f8054000 r--s 00000000 08:05 279308                     /var/cache/fontconfig/d52a8644073d54c13679302ca1180695-le64.cache-6
7fd4f8054000-7fd4f80d6000 r-xp 00000000 08:05 398147                     /lib/x86_64-linux-gnu/libsystemd.so.0.16.0
7fd4f80d6000-7fd4f80d9000 r--p 00081000 08:05 398147                     /lib/x86_64-linux-gnu/libsystemd.so.0.16.0
7fd4f80d9000-7fd4f80da000 rw-p 00084000 08:05 398147                     /lib/x86_64-linux-gnu/libsystemd.so.0.16.0
7fd4f80da000-7fd4f80db000 rw-p 00000000 00:00 0 
7fd4f80db000-7fd4f80e0000 r-xp 00000000 08:05 2238783                    /usr/lib/x86_64-linux-gnu/libXtst.so.6.1.0
7fd4f80e0000-7fd4f82df000 ---p 00005000 08:05 2238783                    /usr/lib/x86_64-linux-gnu/libXtst.so.6.1.0
7fd4f82df000-7fd4f82e0000 r--p 00004000 08:05 2238783                    /usr/lib/x86_64-linux-gnu/libXtst.so.6.1.0
7fd4f82e0000-7fd4f82e1000 rw-p 00005000 08:05 2238783                    /usr/lib/x86_64-linux-gnu/libXtst.so.6.1.0
7fd4f82e1000-7fd4f82e2000 r-xp 00000000 08:05 2228686                    /usr/lib/x86_64-linux-gnu/libgthread-2.0.so.0.5000.2
7fd4f82e2000-7fd4f84e1000 ---p 00001000 08:05 2228686                    /usr/lib/x86_64-linux-gnu/libgthread-2.0.so.0.5000.2
7fd4f84e1000-7fd4f84e2000 r--p 00000000 08:05 2228686                    /usr/lib/x86_64-linux-gnu/libgthread-2.0.so.0.5000.2
7fd4f84e2000-7fd4f84e3000 rw-p 00001000 08:05 2228686                    /usr/lib/x86_64-linux-gnu/libgthread-2.0.so.0.5000.2
7fd4f84e3000-7fd4f84e6000 r-xp 00000000 08:05 2228661                    /usr/lib/x86_64-linux-gnu/libgmodule-2.0.so.0.5000.2
7fd4f84e6000-7fd4f86e5000 ---p 00003000 08:05 2228661                    /usr/lib/x86_64-linux-gnu/libgmodule-2.0.so.0.5000.2
7fd4f86e5000-7fd4f86e6000 r--p 00002000 08:05 2228661                    /usr/lib/x86_64-linux-gnu/libgmodule-2.0.so.0.5000.2
7fd4f86e6000-7fd4f86e7000 rw-p 00003000 08:05 2228661                    /usr/lib/x86_64-linux-gnu/libgmodule-2.0.so.0.5000.2
7fd4f86e7000-7fd4f8739000 r-xp 00000000 08:05 2228683                    /usr/lib/x86_64-linux-gnu/libgobject-2.0.so.0.5000.2
7fd4f8739000-7fd4f8938000 ---p 00052000 08:05 2228683                    /usr/lib/x86_64-linux-gnu/libgobject-2.0.so.0.5000.2
7fd4f8938000-7fd4f8939000 r--p 00051000 08:05 2228683                    /usr/lib/x86_64-linux-gnu/libgobject-2.0.so.0.5000.2
7fd4f8939000-7fd4f893a000 rw-p 00052000 08:05 2228683                    /usr/lib/x86_64-linux-gnu/libgobject-2.0.so.0.5000.2
7fd4f893a000-7fd4f8977000 r-xp 00000000 08:05 2239159                    /usr/lib/x86_64-linux-gnu/libfontconfig.so.1.9.0
7fd4f8977000-7fd4f8b76000 ---p 0003d000 08:05 2239159                    /usr/lib/x86_64-linux-gnu/libfontconfig.so.1.9.0
7fd4f8b76000-7fd4f8b78000 r--p 0003c000 08:05 2239159                    /usr/lib/x86_64-linux-gnu/libfontconfig.so.1.9.0
7fd4f8b78000-7fd4f8b7d000 rw-p 0003e000 08:05 2239159                    /usr/lib/x86_64-linux-gnu/libfontconfig.so.1.9.0
7fd4f8b7d000-7fd4f8c24000 r-xp 00000000 08:05 2229706                    /usr/lib/x86_64-linux-gnu/libfreetype.so.6.12.3
7fd4f8c24000-7fd4f8e23000 ---p 000a7000 08:05 2229706                    /usr/lib/x86_64-linux-gnu/libfreetype.so.6.12.3
7fd4f8e23000-7fd4f8e29000 r--p 000a6000 08:05 2229706                    /usr/lib/x86_64-linux-gnu/libfreetype.so.6.12.3
7fd4f8e29000-7fd4f8e2a000 rw-p 000ac000 08:05 2229706                    /usr/lib/x86_64-linux-gnu/libfreetype.so.6.12.3
7fd4f8e2a000-7fd4f8e73000 r-xp 00000000 08:05 2239751                    /usr/lib/x86_64-linux-gnu/libpango-1.0.so.0.4000.1
7fd4f8e73000-7fd4f9073000 ---p 00049000 08:05 2239751                    /usr/lib/x86_64-linux-gnu/libpango-1.0.so.0.4000.1
7fd4f9073000-7fd4f9075000 r--p 00049000 08:05 2239751                    /usr/lib/x86_64-linux-gnu/libpango-1.0.so.0.4000.1
7fd4f9075000-7fd4f9076000 rw-p 0004b000 08:05 2239751                    /usr/lib/x86_64-linux-gnu/libpango-1.0.so.0.4000.1
7fd4f9076000-7fd4f9184000 r-xp 00000000 08:05 2238910                    /usr/lib/x86_64-linux-gnu/libcairo.so.2.11400.6
7fd4f9184000-7fd4f9383000 ---p 0010e000 08:05 2238910                    /usr/lib/x86_64-linux-gnu/libcairo.so.2.11400.6
7fd4f9383000-7fd4f9386000 r--p 0010d000 08:05 2238910                    /usr/lib/x86_64-linux-gnu/libcairo.so.2.11400.6
7fd4f9386000-7fd4f9387000 rw-p 00110000 08:05 2238910                    /usr/lib/x86_64-linux-gnu/libcairo.so.2.11400.6
7fd4f9387000-7fd4f9389000 rw-p 00000000 00:00 0 
7fd4f9389000-7fd4f9395000 r-xp 00000000 08:05 2239753                    /usr/lib/x86_64-linux-gnu/libpangocairo-1.0.so.0.4000.1
7fd4f9395000-7fd4f9594000 ---p 0000c000 08:05 2239753                    /usr/lib/x86_64-linux-gnu/libpangocairo-1.0.so.0.4000.1
7fd4f9594000-7fd4f9595000 r--p 0000b000 08:05 2239753                    /usr/lib/x86_64-linux-gnu/libpangocairo-1.0.so.0.4000.1
7fd4f9595000-7fd4f9596000 rw-p 0000c000 08:05 2239753                    /usr/lib/x86_64-linux-gnu/libpangocairo-1.0.so.0.4000.1
7fd4f9596000-7fd4f95b7000 r-xp 00000000 08:05 2239234                    /usr/lib/x86_64-linux-gnu/libgdk_pixbuf-2.0.so.0.3400.0
7fd4f95b7000-7fd4f97b6000 ---p 00021000 08:05 2239234                    /usr/lib/x86_64-linux-gnu/libgdk_pixbuf-2.0.so.0.3400.0
7fd4f97b6000-7fd4f97b7000 r--p 00020000 08:05 2239234                    /usr/lib/x86_64-linux-gnu/libgdk_pixbuf-2.0.so.0.3400.0
7fd4f97b7000-7fd4f97b8000 rw-p 00021000 08:05 2239234                    /usr/lib/x86_64-linux-gnu/libgdk_pixbuf-2.0.so.0.3400.0
7fd4f97b8000-7fd4f97cc000 r-xp 00000000 08:05 2239755                    /usr/lib/x86_64-linux-gnu/libpangoft2-1.0.so.0.4000.1
7fd4f97cc000-7fd4f99cc000 ---p 00014000 08:05 2239755                    /usr/lib/x86_64-linux-gnu/libpangoft2-1.0.so.0.4000.1
7fd4f99cc000-7fd4f99cd000 r--p 00014000 08:05 2239755                    /usr/lib/x86_64-linux-gnu/libpangoft2-1.0.so.0.4000.1
7fd4f99cd000-7fd4f99ce000 rw-p 00015000 08:05 2239755                    /usr/lib/x86_64-linux-gnu/libpangoft2-1.0.so.0.4000.1
7fd4f99ce000-7fd4f9b5b000 r-xp 00000000 08:05 2228637                    /usr/lib/x86_64-linux-gnu/libgio-2.0.so.0.5000.2
7fd4f9b5b000-7fd4f9d5a000 ---p 0018d000 08:05 2228637                    /usr/lib/x86_64-linux-gnu/libgio-2.0.so.0.5000.2
7fd4f9d5a000-7fd4f9d5f000 r--p 0018c000 08:05 2228637                    /usr/lib/x86_64-linux-gnu/libgio-2.0.so.0.5000.2
7fd4f9d5f000-7fd4f9d62000 rw-p 00191000 08:05 2228637                    /usr/lib/x86_64-linux-gnu/libgio-2.0.so.0.5000.2
7fd4f9d62000-7fd4f9d63000 rw-p 00000000 00:00 0 
7fd4f9d63000-7fd4f9d85000 r-xp 00000000 08:05 2238844                    /usr/lib/x86_64-linux-gnu/libatk-1.0.so.0.22009.1
7fd4f9d85000-7fd4f9f84000 ---p 00022000 08:05 2238844                    /usr/lib/x86_64-linux-gnu/libatk-1.0.so.0.22009.1
7fd4f9f84000-7fd4f9f87000 r--p 00021000 08:05 2238844                    /usr/lib/x86_64-linux-gnu/libatk-1.0.so.0.22009.1
7fd4f9f87000-7fd4f9f88000 rw-p 00024000 08:05 2238844                    /usr/lib/x86_64-linux-gnu/libatk-1.0.so.0.22009.1
7fd4f9f88000-7fd4fa038000 r-xp 00000000 08:05 2234326                    /usr/lib/x86_64-linux-gnu/libgdk-x11-2.0.so.0.2400.30
7fd4fa038000-7fd4fa237000 ---p 000b0000 08:05 2234326                    /usr/lib/x86_64-linux-gnu/libgdk-x11-2.0.so.0.2400.30
7fd4fa237000-7fd4fa23b000 r--p 000af000 08:05 2234326                    /usr/lib/x86_64-linux-gnu/libgdk-x11-2.0.so.0.2400.30
7fd4fa23b000-7fd4fa23d000 rw-p 000b3000 08:05 2234326                    /usr/lib/x86_64-linux-gnu/libgdk-x11-2.0.so.0.2400.30
7fd4fa23d000-7fd4fa67b000 r-xp 00000000 08:05 2234327                    /usr/lib/x86_64-linux-gnu/libgtk-x11-2.0.so.0.2400.30
7fd4fa67b000-7fd4fa87b000 ---p 0043e000 08:05 2234327                    /usr/lib/x86_64-linux-gnu/libgtk-x11-2.0.so.0.2400.30
7fd4fa87b000-7fd4fa882000 r--p 0043e000 08:05 2234327                    /usr/lib/x86_64-linux-gnu/libgtk-x11-2.0.so.0.2400.30
7fd4fa882000-7fd4fa886000 rw-p 00445000 08:05 2234327                    /usr/lib/x86_64-linux-gnu/libgtk-x11-2.0.so.0.2400.30
7fd4fa886000-7fd4fa889000 rw-p 00000000 00:00 0 
7fd4fa889000-7fd4fa895000 r-xp 00000000 08:05 2243337                    /usr/lib/jvm/java-8-oracle/jre/lib/amd64/libprism_es2.so
7fd4fa895000-7fd4faa94000 ---p 0000c000 08:05 2243337                    /usr/lib/jvm/java-8-oracle/jre/lib/amd64/libprism_es2.so
7fd4faa94000-7fd4faa95000 rw-p 0000b000 08:05 2243337                    /usr/lib/jvm/java-8-oracle/jre/lib/amd64/libprism_es2.so
7fd4faa95000-7fd4faa98000 ---p 00000000 00:00 0 
7fd4faa98000-7fd4fab96000 rw-p 00000000 00:00 0 
7fd4fab96000-7fd4fab99000 ---p 00000000 00:00 0 
7fd4fab99000-7fd4fac97000 rw-p 00000000 00:00 0 
7fd4fac97000-7fd4fac9a000 ---p 00000000 00:00 0 
7fd4fac9a000-7fd4fad98000 rw-p 00000000 00:00 0 
7fd4fad98000-7fd4fad99000 ---p 00000000 00:00 0 
7fd4fad99000-7fd4fae99000 rw-p 00000000 00:00 0 
7fd4fae99000-7fd4fae9c000 ---p 00000000 00:00 0 
7fd4fae9c000-7fd4faf9a000 rw-p 00000000 00:00 0 
7fd4faf9a000-7fd4faf9d000 ---p 00000000 00:00 0 
7fd4faf9d000-7fd4fb09b000 rw-p 00000000 00:00 0 
7fd4fb09b000-7fd4fb09e000 ---p 00000000 00:00 0 
7fd4fb09e000-7fd4fb19c000 rw-p 00000000 00:00 0 
7fd4fb19c000-7fd4fb19f000 ---p 00000000 00:00 0 
7fd4fb19f000-7fd4fb29d000 rw-p 00000000 00:00 0 
7fd4fb29d000-7fd4fb2a0000 ---p 00000000 00:00 0 
7fd4fb2a0000-7fd4fb39e000 rw-p 00000000 00:00 0 
7fd4fb39e000-7fd4fb7f8000 r--p 00000000 08:05 2229872                    /usr/lib/locale/locale-archive
7fd4fb7f8000-7fd4fb7fb000 ---p 00000000 00:00 0 
7fd4fb7fb000-7fd4fb8f9000 rw-p 00000000 00:00 0 
7fd4fb8f9000-7fd4fb8fc000 ---p 00000000 00:00 0 
7fd4fb8fc000-7fd4fb9fa000 rw-p 00000000 00:00 0 
7fd4fb9fa000-7fd4fb9fb000 ---p 00000000 00:00 0 
7fd4fb9fb000-7fd4fc000000 rw-p 00000000 00:00 0 
7fd4fc000000-7fd4fc021000 rw-p 00000000 00:00 0 
7fd4fc021000-7fd500000000 ---p 00000000 00:00 0 
7fd500000000-7fd500001000 r--s 00000000 08:05 279274                     /var/cache/fontconfig/0bd3dc0958fa2205aaaa8ebb13e2872b-le64.cache-6
7fd500001000-7fd500002000 r--s 00000000 08:05 279304                     /var/cache/fontconfig/bab58bb527bb656aaa9f116d68a48d89-le64.cache-6
7fd500002000-7fd500008000 r--s 00000000 08:05 279280                     /var/cache/fontconfig/3047814df9a2f067bd2d96a2b9c36e5a-le64.cache-6
7fd500008000-7fd500009000 r--s 00000000 08:05 279288                     /var/cache/fontconfig/56cf4f4769d0f4abc89a4895d7bd3ae1-le64.cache-6
7fd500009000-7fd50000a000 r--s 00000000 08:05 279303                     /var/cache/fontconfig/b9d506c9ac06c20b433354fa67a72993-le64.cache-6
7fd50000a000-7fd500010000 r--s 00000000 08:05 279302                     /var/cache/fontconfig/b47c4e1ecd0709278f4910c18777a504-le64.cache-6
7fd500010000-7fd500011000 r--s 00000000 08:05 279287                     /var/cache/fontconfig/551ecf3b0e8b0bca0f25c0944f561853-le64.cache-6
7fd500011000-7fd500012000 r--s 00000000 08:05 279284                     /var/cache/fontconfig/3f7329c5293ffd510edef78f73874cfd-le64.cache-6
7fd500012000-7fd50005d000 r--p 00000000 08:05 917522                     /usr/share/glib-2.0/schemas/gschemas.compiled
7fd50005d000-7fd50007b000 r-xp 00000000 08:05 398393                     /lib/x86_64-linux-gnu/libudev.so.1.6.5
7fd50007b000-7fd50007c000 ---p 0001e000 08:05 398393                     /lib/x86_64-linux-gnu/libudev.so.1.6.5
7fd50007c000-7fd50007d000 r--p 0001e000 08:05 398393                     /lib/x86_64-linux-gnu/libudev.so.1.6.5
7fd50007d000-7fd50007e000 rw-p 0001f000 08:05 398393                     /lib/x86_64-linux-gnu/libudev.so.1.6.5
7fd50007e000-7fd504000000 rw-p 00000000 00:00 0 
7fd504000000-7fd504021000 rw-p 00000000 00:00 0 
7fd504021000-7fd508000000 ---p 00000000 00:00 0 
7fd508000000-7fd508004000 r--s 00000000 08:05 279309                     /var/cache/fontconfig/d589a48862398ed80a3d6066f4f56f4c-le64.cache-6
7fd508004000-7fd508005000 r--s 00000000 08:05 279281                     /var/cache/fontconfig/30829fa25452a46451e813d634d7f916-le64.cache-6
7fd508005000-7fd508010000 r--s 00000000 08:05 279296                     /var/cache/fontconfig/83bf95040141907cd45bb53cf7c1c148-le64.cache-6
7fd508010000-7fd508022000 r--s 00000000 08:05 279300                     /var/cache/fontconfig/9b89f8e3dae116d678bbf48e5f21f69b-le64.cache-6
7fd508022000-7fd5080b7000 r--s 01109000 08:05 2243401                    /usr/lib/jvm/java-8-oracle/jre/lib/ext/jfxrt.jar
7fd5080b7000-7fd509000000 rw-p 00000000 00:00 0 
7fd509000000-7fd509410000 rwxp 00000000 00:00 0 
7fd509410000-7fd518000000 ---p 00000000 00:00 0 
7fd518000000-7fd51819a000 rw-p 00000000 00:00 0 
7fd51819a000-7fd51c000000 ---p 00000000 00:00 0 
7fd51c000000-7fd51c00d000 r--s 00000000 08:05 282756                     /var/cache/fontconfig/e13b20fdb08344e0e664864cc2ede53d-le64.cache-6
7fd51c00d000-7fd51c011000 r--s 00000000 08:05 276027                     /var/cache/fontconfig/7ef2298fde41cc6eeb7af42e48b7d293-le64.cache-6
7fd51c011000-7fd51c019000 rw-s 00000000 00:05 927997                     /drm mm object (deleted)
7fd51c019000-7fd51c1ab000 rw-p 00000000 00:00 0 
7fd51c1ab000-7fd51c384000 r--s 03d3e000 08:05 2243317                    /usr/lib/jvm/java-8-oracle/jre/lib/rt.jar
7fd51c384000-7fd51c7d2000 rw-p 00000000 00:00 0 
7fd51c7d2000-7fd51c7d3000 ---p 00000000 00:00 0 
7fd51c7d3000-7fd51c8d3000 rw-p 00000000 00:00 0 
7fd51c8d3000-7fd51c8d4000 ---p 00000000 00:00 0 
7fd51c8d4000-7fd51c9d4000 rw-p 00000000 00:00 0 
7fd51c9d4000-7fd51c9d5000 ---p 00000000 00:00 0 
7fd51c9d5000-7fd51cad5000 rw-p 00000000 00:00 0 
7fd51cad5000-7fd51cad6000 ---p 00000000 00:00 0 
7fd51cad6000-7fd51cc00000 rw-p 00000000 00:00 0 
7fd51cc00000-7fd51ce66000 ---p 00000000 00:00 0 
7fd51ce66000-7fd51ce90000 rw-p 00000000 00:00 0 
7fd51ce90000-7fd51d0f6000 ---p 00000000 00:00 0 
7fd51d0f6000-7fd51d10b000 rw-p 00000000 00:00 0 
7fd51d10b000-7fd51d23e000 ---p 00000000 00:00 0 
7fd51d23e000-7fd51d250000 rw-p 00000000 00:00 0 
7fd51d250000-7fd51d5ff000 ---p 00000000 00:00 0 
7fd51d5ff000-7fd51d619000 r-xp 00000000 08:05 2243348                    /usr/lib/jvm/java-8-oracle/jre/lib/amd64/libzip.so
7fd51d619000-7fd51d819000 ---p 0001a000 08:05 2243348                    /usr/lib/jvm/java-8-oracle/jre/lib/amd64/libzip.so
7fd51d819000-7fd51d81a000 rw-p 0001a000 08:05 2243348                    /usr/lib/jvm/java-8-oracle/jre/lib/amd64/libzip.so
7fd51d81a000-7fd51d825000 r-xp 00000000 08:05 409756                     /lib/x86_64-linux-gnu/libnss_files-2.24.so
7fd51d825000-7fd51da24000 ---p 0000b000 08:05 409756                     /lib/x86_64-linux-gnu/libnss_files-2.24.so
7fd51da24000-7fd51da25000 r--p 0000a000 08:05 409756                     /lib/x86_64-linux-gnu/libnss_files-2.24.so
7fd51da25000-7fd51da26000 rw-p 0000b000 08:05 409756                     /lib/x86_64-linux-gnu/libnss_files-2.24.so
7fd51da26000-7fd51da2c000 rw-p 00000000 00:00 0 
7fd51da2c000-7fd51da37000 r-xp 00000000 08:05 409758                     /lib/x86_64-linux-gnu/libnss_nis-2.24.so
7fd51da37000-7fd51dc36000 ---p 0000b000 08:05 409758                     /lib/x86_64-linux-gnu/libnss_nis-2.24.so
7fd51dc36000-7fd51dc37000 r--p 0000a000 08:05 409758                     /lib/x86_64-linux-gnu/libnss_nis-2.24.so
7fd51dc37000-7fd51dc38000 rw-p 0000b000 08:05 409758                     /lib/x86_64-linux-gnu/libnss_nis-2.24.so
7fd51dc38000-7fd51dc4e000 r-xp 00000000 08:05 409753                     /lib/x86_64-linux-gnu/libnsl-2.24.so
7fd51dc4e000-7fd51de4d000 ---p 00016000 08:05 409753                     /lib/x86_64-linux-gnu/libnsl-2.24.so
7fd51de4d000-7fd51de4e000 r--p 00015000 08:05 409753                     /lib/x86_64-linux-gnu/libnsl-2.24.so
7fd51de4e000-7fd51de4f000 rw-p 00016000 08:05 409753                     /lib/x86_64-linux-gnu/libnsl-2.24.so
7fd51de4f000-7fd51de51000 rw-p 00000000 00:00 0 
7fd51de51000-7fd51de59000 r-xp 00000000 08:05 409754                     /lib/x86_64-linux-gnu/libnss_compat-2.24.so
7fd51de59000-7fd51e058000 ---p 00008000 08:05 409754                     /lib/x86_64-linux-gnu/libnss_compat-2.24.so
7fd51e058000-7fd51e059000 r--p 00007000 08:05 409754                     /lib/x86_64-linux-gnu/libnss_compat-2.24.so
7fd51e059000-7fd51e05a000 rw-p 00008000 08:05 409754                     /lib/x86_64-linux-gnu/libnss_compat-2.24.so
7fd51e05a000-7fd51e085000 r-xp 00000000 08:05 2243375                    /usr/lib/jvm/java-8-oracle/jre/lib/amd64/libjava.so
7fd51e085000-7fd51e284000 ---p 0002b000 08:05 2243375                    /usr/lib/jvm/java-8-oracle/jre/lib/amd64/libjava.so
7fd51e284000-7fd51e286000 rw-p 0002a000 08:05 2243375                    /usr/lib/jvm/java-8-oracle/jre/lib/amd64/libjava.so
7fd51e286000-7fd51e293000 r-xp 00000000 08:05 2243326                    /usr/lib/jvm/java-8-oracle/jre/lib/amd64/libverify.so
7fd51e293000-7fd51e492000 ---p 0000d000 08:05 2243326                    /usr/lib/jvm/java-8-oracle/jre/lib/amd64/libverify.so
7fd51e492000-7fd51e494000 rw-p 0000c000 08:05 2243326                    /usr/lib/jvm/java-8-oracle/jre/lib/amd64/libverify.so
7fd51e494000-7fd51e49b000 r-xp 00000000 08:05 409763                     /lib/x86_64-linux-gnu/librt-2.24.so
7fd51e49b000-7fd51e69a000 ---p 00007000 08:05 409763                     /lib/x86_64-linux-gnu/librt-2.24.so
7fd51e69a000-7fd51e69b000 r--p 00006000 08:05 409763                     /lib/x86_64-linux-gnu/librt-2.24.so
7fd51e69b000-7fd51e69c000 rw-p 00007000 08:05 409763                     /lib/x86_64-linux-gnu/librt-2.24.so
7fd51e69c000-7fd51e7a4000 r-xp 00000000 08:05 409750                     /lib/x86_64-linux-gnu/libm-2.24.so
7fd51e7a4000-7fd51e9a3000 ---p 00108000 08:05 409750                     /lib/x86_64-linux-gnu/libm-2.24.so
7fd51e9a3000-7fd51e9a4000 r--p 00107000 08:05 409750                     /lib/x86_64-linux-gnu/libm-2.24.so
7fd51e9a4000-7fd51e9a5000 rw-p 00108000 08:05 409750                     /lib/x86_64-linux-gnu/libm-2.24.so
7fd51e9a5000-7fd51f673000 r-xp 00000000 08:05 2243379                    /usr/lib/jvm/java-8-oracle/jre/lib/amd64/server/libjvm.so
7fd51f673000-7fd51f873000 ---p 00cce000 08:05 2243379                    /usr/lib/jvm/java-8-oracle/jre/lib/amd64/server/libjvm.so
7fd51f873000-7fd51f94c000 rw-p 00cce000 08:05 2243379                    /usr/lib/jvm/java-8-oracle/jre/lib/amd64/server/libjvm.so
7fd51f94c000-7fd51f997000 rw-p 00000000 00:00 0 
7fd51f997000-7fd51fb54000 r-xp 00000000 08:05 409746                     /lib/x86_64-linux-gnu/libc-2.24.so
7fd51fb54000-7fd51fd54000 ---p 001bd000 08:05 409746                     /lib/x86_64-linux-gnu/libc-2.24.so
7fd51fd54000-7fd51fd58000 r--p 001bd000 08:05 409746                     /lib/x86_64-linux-gnu/libc-2.24.so
7fd51fd58000-7fd51fd5a000 rw-p 001c1000 08:05 409746                     /lib/x86_64-linux-gnu/libc-2.24.so
7fd51fd5a000-7fd51fd5e000 rw-p 00000000 00:00 0 
7fd51fd5e000-7fd51fd61000 r-xp 00000000 08:05 409749                     /lib/x86_64-linux-gnu/libdl-2.24.so
7fd51fd61000-7fd51ff60000 ---p 00003000 08:05 409749                     /lib/x86_64-linux-gnu/libdl-2.24.so
7fd51ff60000-7fd51ff61000 r--p 00002000 08:05 409749                     /lib/x86_64-linux-gnu/libdl-2.24.so
7fd51ff61000-7fd51ff62000 rw-p 00003000 08:05 409749                     /lib/x86_64-linux-gnu/libdl-2.24.so
7fd51ff62000-7fd51ff77000 r-xp 00000000 08:05 2242460                    /usr/lib/jvm/java-8-oracle/lib/amd64/jli/libjli.so
7fd51ff77000-7fd520177000 ---p 00015000 08:05 2242460                    /usr/lib/jvm/java-8-oracle/lib/amd64/jli/libjli.so
7fd520177000-7fd520178000 rw-p 00015000 08:05 2242460                    /usr/lib/jvm/java-8-oracle/lib/amd64/jli/libjli.so
7fd520178000-7fd520190000 r-xp 00000000 08:05 409761                     /lib/x86_64-linux-gnu/libpthread-2.24.so
7fd520190000-7fd520390000 ---p 00018000 08:05 409761                     /lib/x86_64-linux-gnu/libpthread-2.24.so
7fd520390000-7fd520391000 r--p 00018000 08:05 409761                     /lib/x86_64-linux-gnu/libpthread-2.24.so
7fd520391000-7fd520392000 rw-p 00019000 08:05 409761                     /lib/x86_64-linux-gnu/libpthread-2.24.so
7fd520392000-7fd520396000 rw-p 00000000 00:00 0 
7fd520396000-7fd5203bb000 r-xp 00000000 08:05 409742                     /lib/x86_64-linux-gnu/ld-2.24.so
7fd5203bb000-7fd5203be000 r--s 00000000 08:05 279293                     /var/cache/fontconfig/75114ca45c98e8a441da0ff356701271-le64.cache-6
7fd5203be000-7fd5203c6000 rw-s 00000000 00:05 927985                     /drm mm object (deleted)
7fd5203c6000-7fd5203cc000 r--p 00000000 08:05 549835                     /home/daan/.config/dconf/user
7fd5203cc000-7fd520497000 rw-p 00000000 00:00 0 
7fd520497000-7fd52049a000 ---p 00000000 00:00 0 
7fd52049a000-7fd52059a000 rw-p 00000000 00:00 0 
7fd52059a000-7fd52059b000 r--s 00000000 08:05 279275                     /var/cache/fontconfig/0c9eb80ebd1c36541ebe2852d3bb0c49-le64.cache-6
7fd52059c000-7fd52059d000 rw-s 101937000 00:06 391                       /dev/dri/card0
7fd52059d000-7fd52059e000 r--s 00000000 00:2f 60                         /run/user/1000/dconf/user
7fd52059e000-7fd5205a6000 rw-s 00000000 00:05 927948                     /drm mm object (deleted)
7fd5205a6000-7fd5205ad000 r--s 00000000 08:05 148080                     /usr/lib/x86_64-linux-gnu/gconv/gconv-modules.cache
7fd5205ad000-7fd5205b5000 rw-s 00000000 08:05 1311089                    /tmp/hsperfdata_daan/1898
7fd5205b5000-7fd5205b6000 rw-p 00000000 00:00 0 
7fd5205b6000-7fd5205b7000 r--p 00000000 00:00 0 
7fd5205b7000-7fd5205ba000 rw-p 00000000 00:00 0 
7fd5205ba000-7fd5205bb000 r--p 00024000 08:05 409742                     /lib/x86_64-linux-gnu/ld-2.24.so
7fd5205bb000-7fd5205bc000 rw-p 00025000 08:05 409742                     /lib/x86_64-linux-gnu/ld-2.24.so
7fd5205bc000-7fd5205bd000 rw-p 00000000 00:00 0 
7ffc8f8bb000-7ffc8f8dc000 rw-p 00000000 00:00 0                          [stack]
7ffc8f919000-7ffc8f91b000 r--p 00000000 00:00 0                          [vvar]
7ffc8f91b000-7ffc8f91d000 r-xp 00000000 00:00 0                          [vdso]
ffffffffff600000-ffffffffff601000 r-xp 00000000 00:00 0                  [vsyscall]

VM Arguments:
jvm_args: -Dfile.encoding=UTF-8 
java_command: application.Main
java_class_path (initial): /home/daan/git/IntegrationProject/IntegrationProject/bin:/home/daan/.p2/pool/plugins/org.junit_4.12.0.v201504281640/junit.jar:/home/daan/.p2/pool/plugins/org.hamcrest.core_1.3.0.v201303031735.jar:/home/daan/git/IntegrationProject/IntegrationProject/commons-codec-1.10.jar
Launcher Type: SUN_STANDARD

Environment Variables:
JAVA_HOME=/usr/lib/jvm/java-8-oracle
PATH=/home/daan/bin:/home/daan/.local/bin:/usr/local/sbin:/usr/local/bin:/usr/sbin:/usr/bin:/sbin:/bin:/usr/games:/usr/local/games:/snap/bin:/usr/lib/jvm/java-8-oracle/bin:/usr/lib/jvm/java-8-oracle/db/bin:/usr/lib/jvm/java-8-oracle/jre/bin
SHELL=/bin/bash
DISPLAY=:0

Signal Handlers:
SIGSEGV: [libjvm.so+0xac78c0], sa_mask[0]=11111111011111111101111111111110, sa_flags=SA_RESTART|SA_SIGINFO
SIGBUS: [libjvm.so+0xac78c0], sa_mask[0]=11111111011111111101111111111110, sa_flags=SA_RESTART|SA_SIGINFO
SIGFPE: [libjvm.so+0x920ac0], sa_mask[0]=11111111011111111101111111111110, sa_flags=SA_RESTART|SA_SIGINFO
SIGPIPE: SIG_IGN, sa_mask[0]=00000000000010000000000000000000, sa_flags=SA_RESTART
SIGXFSZ: [libjvm.so+0x920ac0], sa_mask[0]=11111111011111111101111111111110, sa_flags=SA_RESTART|SA_SIGINFO
SIGILL: [libjvm.so+0x920ac0], sa_mask[0]=11111111011111111101111111111110, sa_flags=SA_RESTART|SA_SIGINFO
SIGUSR1: SIG_DFL, sa_mask[0]=00000000000000000000000000000000, sa_flags=none
SIGUSR2: [libjvm.so+0x922300], sa_mask[0]=00100000000000000000000000000000, sa_flags=SA_RESTART|SA_SIGINFO
SIGHUP: [libjvm.so+0x923700], sa_mask[0]=11111111011111111101111111111110, sa_flags=SA_RESTART|SA_SIGINFO
SIGINT: [libjvm.so+0x923700], sa_mask[0]=11111111011111111101111111111110, sa_flags=SA_RESTART|SA_SIGINFO
SIGTERM: [libjvm.so+0x923700], sa_mask[0]=11111111011111111101111111111110, sa_flags=SA_RESTART|SA_SIGINFO
SIGQUIT: [libjvm.so+0x923700], sa_mask[0]=11111111011111111101111111111110, sa_flags=SA_RESTART|SA_SIGINFO


---------------  S Y S T E M  ---------------

OS:DISTRIB_ID=Ubuntu
DISTRIB_RELEASE=16.10
DISTRIB_CODENAME=yakkety
DISTRIB_DESCRIPTION="Ubuntu 16.10"

uname:Linux 4.8.0-46-generic #49-Ubuntu SMP Fri Mar 31 13:57:14 UTC 2017 x86_64
libc:glibc 2.24 NPTL 2.24 
rlimit: STACK 8192k, CORE 0k, NPROC 30976, NOFILE 4096, AS infinity
load average:1,01 0,95 0,85

/proc/meminfo:
MemTotal:        8054864 kB
MemFree:          438264 kB
MemAvailable:    2640220 kB
Buffers:          137916 kB
Cached:          2928832 kB
SwapCached:            0 kB
Active:          5130160 kB
Inactive:        2141328 kB
Active(anon):    4206160 kB
Inactive(anon):   714968 kB
Active(file):     924000 kB
Inactive(file):  1426360 kB
Unevictable:         128 kB
Mlocked:             128 kB
SwapTotal:       8268796 kB
SwapFree:        8268796 kB
Dirty:               284 kB
Writeback:             0 kB
AnonPages:       4111740 kB
Mapped:           700124 kB
Shmem:            716392 kB
Slab:             202264 kB
SReclaimable:     142248 kB
SUnreclaim:        60016 kB
KernelStack:       13072 kB
PageTables:        60132 kB
NFS_Unstable:          0 kB
Bounce:                0 kB
WritebackTmp:          0 kB
CommitLimit:    12296228 kB
Committed_AS:   10083656 kB
VmallocTotal:   34359738367 kB
VmallocUsed:           0 kB
VmallocChunk:          0 kB
HardwareCorrupted:     0 kB
AnonHugePages:   2447360 kB
ShmemHugePages:        0 kB
ShmemPmdMapped:        0 kB
CmaTotal:              0 kB
CmaFree:               0 kB
HugePages_Total:       0
HugePages_Free:        0
HugePages_Rsvd:        0
HugePages_Surp:        0
Hugepagesize:       2048 kB
DirectMap4k:      239184 kB
DirectMap2M:     8030208 kB
DirectMap1G:           0 kB


CPU:total 4 (2 cores per cpu, 2 threads per core) family 6 model 78 stepping 3, cmov, cx8, fxsr, mmx, sse, sse2, sse3, ssse3, sse4.1, sse4.2, popcnt, avx, avx2, aes, clmul, erms, 3dnowpref, lzcnt, ht, tsc, tscinvbit, bmi1, bmi2, adx

/proc/cpuinfo:
processor	: 0
vendor_id	: GenuineIntel
cpu family	: 6
model		: 78
model name	: Intel(R) Core(TM) i5-6200U CPU @ 2.30GHz
stepping	: 3
microcode	: 0x9e
cpu MHz		: 2700.000
cache size	: 3072 KB
physical id	: 0
siblings	: 4
core id		: 0
cpu cores	: 2
apicid		: 0
initial apicid	: 0
fpu		: yes
fpu_exception	: yes
cpuid level	: 22
wp		: yes
flags		: fpu vme de pse tsc msr pae mce cx8 apic sep mtrr pge mca cmov pat pse36 clflush dts acpi mmx fxsr sse sse2 ss ht tm pbe syscall nx pdpe1gb rdtscp lm constant_tsc art arch_perfmon pebs bts rep_good nopl xtopology nonstop_tsc aperfmperf eagerfpu pni pclmulqdq dtes64 monitor ds_cpl vmx est tm2 ssse3 sdbg fma cx16 xtpr pdcm pcid sse4_1 sse4_2 x2apic movbe popcnt tsc_deadline_timer aes xsave avx f16c rdrand lahf_lm abm 3dnowprefetch epb intel_pt tpr_shadow vnmi flexpriority ept vpid fsgsbase tsc_adjust bmi1 avx2 smep bmi2 erms invpcid mpx rdseed adx smap clflushopt xsaveopt xsavec xgetbv1 xsaves dtherm ida arat pln pts hwp hwp_notify hwp_act_window hwp_epp
bugs		:
bogomips	: 4800.00
clflush size	: 64
cache_alignment	: 64
address sizes	: 39 bits physical, 48 bits virtual
power management:

processor	: 1
vendor_id	: GenuineIntel
cpu family	: 6
model		: 78
model name	: Intel(R) Core(TM) i5-6200U CPU @ 2.30GHz
stepping	: 3
microcode	: 0x9e
cpu MHz		: 2700.000
cache size	: 3072 KB
physical id	: 0
siblings	: 4
core id		: 1
cpu cores	: 2
apicid		: 2
initial apicid	: 2
fpu		: yes
fpu_exception	: yes
cpuid level	: 22
wp		: yes
flags		: fpu vme de pse tsc msr pae mce cx8 apic sep mtrr pge mca cmov pat pse36 clflush dts acpi mmx fxsr sse sse2 ss ht tm pbe syscall nx pdpe1gb rdtscp lm constant_tsc art arch_perfmon pebs bts rep_good nopl xtopology nonstop_tsc aperfmperf eagerfpu pni pclmulqdq dtes64 monitor ds_cpl vmx est tm2 ssse3 sdbg fma cx16 xtpr pdcm pcid sse4_1 sse4_2 x2apic movbe popcnt tsc_deadline_timer aes xsave avx f16c rdrand lahf_lm abm 3dnowprefetch epb intel_pt tpr_shadow vnmi flexpriority ept vpid fsgsbase tsc_adjust bmi1 avx2 smep bmi2 erms invpcid mpx rdseed adx smap clflushopt xsaveopt xsavec xgetbv1 xsaves dtherm ida arat pln pts hwp hwp_notify hwp_act_window hwp_epp
bugs		:
bogomips	: 4800.00
clflush size	: 64
cache_alignment	: 64
address sizes	: 39 bits physical, 48 bits virtual
power management:

processor	: 2
vendor_id	: GenuineIntel
cpu family	: 6
model		: 78
model name	: Intel(R) Core(TM) i5-6200U CPU @ 2.30GHz
stepping	: 3
microcode	: 0x9e
cpu MHz		: 2700.000
cache size	: 3072 KB
physical id	: 0
siblings	: 4
core id		: 0
cpu cores	: 2
apicid		: 1
initial apicid	: 1
fpu		: yes
fpu_exception	: yes
cpuid level	: 22
wp		: yes
flags		: fpu vme de pse tsc msr pae mce cx8 apic sep mtrr pge mca cmov pat pse36 clflush dts acpi mmx fxsr sse sse2 ss ht tm pbe syscall nx pdpe1gb rdtscp lm constant_tsc art arch_perfmon pebs bts rep_good nopl xtopology nonstop_tsc aperfmperf eagerfpu pni pclmulqdq dtes64 monitor ds_cpl vmx est tm2 ssse3 sdbg fma cx16 xtpr pdcm pcid sse4_1 sse4_2 x2apic movbe popcnt tsc_deadline_timer aes xsave avx f16c rdrand lahf_lm abm 3dnowprefetch epb intel_pt tpr_shadow vnmi flexpriority ept vpid fsgsbase tsc_adjust bmi1 avx2 smep bmi2 erms invpcid mpx rdseed adx smap clflushopt xsaveopt xsavec xgetbv1 xsaves dtherm ida arat pln pts hwp hwp_notify hwp_act_window hwp_epp
bugs		:
bogomips	: 4800.00
clflush size	: 64
cache_alignment	: 64
address sizes	: 39 bits physical, 48 bits virtual
power management:

processor	: 3
vendor_id	: GenuineIntel
cpu family	: 6
model		: 78
model name	: Intel(R) Core(TM) i5-6200U CPU @ 2.30GHz
stepping	: 3
microcode	: 0x9e
cpu MHz		: 2699.853
cache size	: 3072 KB
physical id	: 0
siblings	: 4
core id		: 1
cpu cores	: 2
apicid		: 3
initial apicid	: 3
fpu		: yes
fpu_exception	: yes
cpuid level	: 22
wp		: yes
flags		: fpu vme de pse tsc msr pae mce cx8 apic sep mtrr pge mca cmov pat pse36 clflush dts acpi mmx fxsr sse sse2 ss ht tm pbe syscall nx pdpe1gb rdtscp lm constant_tsc art arch_perfmon pebs bts rep_good nopl xtopology nonstop_tsc aperfmperf eagerfpu pni pclmulqdq dtes64 monitor ds_cpl vmx est tm2 ssse3 sdbg fma cx16 xtpr pdcm pcid sse4_1 sse4_2 x2apic movbe popcnt tsc_deadline_timer aes xsave avx f16c rdrand lahf_lm abm 3dnowprefetch epb intel_pt tpr_shadow vnmi flexpriority ept vpid fsgsbase tsc_adjust bmi1 avx2 smep bmi2 erms invpcid mpx rdseed adx smap clflushopt xsaveopt xsavec xgetbv1 xsaves dtherm ida arat pln pts hwp hwp_notify hwp_act_window hwp_epp
bugs		:
bogomips	: 4800.00
clflush size	: 64
cache_alignment	: 64
address sizes	: 39 bits physical, 48 bits virtual
power management:



Memory: 4k page, physical 8054864k(438264k free), swap 8268796k(8268796k free)

vm_info: Java HotSpot(TM) 64-Bit Server VM (25.121-b13) for linux-amd64 JRE (1.8.0_121-b13), built on Dec 12 2016 16:36:53 by "java_re" with gcc 4.3.0 20080428 (Red Hat 4.3.0-8)

time: Tue Apr 18 15:21:31 2017
elapsed time: 2 seconds (0d 0h 0m 2s)

