#
# A fatal error has been detected by the Java Runtime Environment:
#
#  SIGSEGV (0xb) at pc=0x00007fcb01c4a8f8, pid=14001, tid=0x00007fca96e02700
#
# JRE version: Java(TM) SE Runtime Environment (8.0_121-b13) (build 1.8.0_121-b13)
# Java VM: Java HotSpot(TM) 64-Bit Server VM (25.121-b13 mixed mode linux-amd64 compressed oops)
# Problematic frame:
# V  [libjvm.so+0x6d28f8]  jni_invoke_nonstatic(JNIEnv_*, JavaValue*, _jobject*, JNICallType, _jmethodID*, JNI_ArgumentPusher*, Thread*)+0x38
#
# Failed to write core dump. Core dumps have been disabled. To enable core dumping, try "ulimit -c unlimited" before starting Java again
#
# If you would like to submit a bug report, please visit:
#   http://bugreport.java.com/bugreport/crash.jsp
#

---------------  T H R E A D  ---------------

Current thread (0x00007fcaac0f9800):  JavaThread "JavaFX Application Thread" [_thread_in_vm, id=14027, stack(0x00007fca96d02000,0x00007fca96e03000)]

siginfo: si_signo: 11 (SIGSEGV), si_code: 1 (SEGV_MAPERR), si_addr: 0x00007fca00000000

Registers:
RAX=0x00007fca96e014c0, RBX=0x00007fca96e013d0, RCX=0x0000000000000001, RDX=0x00007fca00000000
RSP=0x00007fca96e01220, RBP=0x00007fca96e013a0, RSI=0x00007fca96e01430, RDI=0x00007fcaac0f99f8
R8 =0x00007fcaac04d648, R9 =0x00007fca96e013d0, R10=0x00007fca84000b70, R11=0x00007fcaed4aa8c0
R12=0x00007fcaac0f9800, R13=0x00007fcaac04d648, R14=0x0000000000000001, R15=0x00007fcaac0f99f8
RIP=0x00007fcb01c4a8f8, EFLAGS=0x0000000000010206, CSGSFS=0x002b000000000033, ERR=0x0000000000000004
  TRAPNO=0x000000000000000e

Top of Stack: (sp=0x00007fca96e01220)
0x00007fca96e01220:   00007fca96e01920 00007fca96e01540
0x00007fca96e01230:   00007fca96e01280 00007fca96e01300
0x00007fca96e01240:   00007fca96e013d0 00007fca96e01430
0x00007fca96e01250:   00007fcaac0f99f8 00007fcb01c6a400
0x00007fca96e01260:   00007fcac40be850 00007fcac40be860
0x00007fca96e01270:   00007fcac40bec38 00000000000003d8
0x00007fca96e01280:   0000000000000000 00000000d8f00be8
0x00007fca96e01290:   00007fca0000006f 00007fca0000000a
0x00007fca96e012a0:   00000000d78c0780 0000000000000000
0x00007fca96e012b0:   0000000000000000 0000000000000000
0x00007fca96e012c0:   00007fcae7ed47b0 0000000100000100
0x00007fca96e012d0:   0000000000000000 00007fca96e01288
0x00007fca96e012e0:   00007fca96e012c9 0000000800000005
0x00007fca96e012f0:   0000000000000000 00007fcaac0f9220
0x00007fca96e01300:   00007fcb024d8510 00007fcb02fc6720
0x00007fca96e01310:   00000000ac0f90b0 00007fcaac0f9800
0x00007fca96e01320:   0000000000000000 00007fcb01c4accb
0x00007fca96e01330:   00007fcae7ede860 00007fcaac0f9800
0x00007fca96e01340:   00007fcae7ede860 00007fcaac0f9800
0x00007fca96e01350:   00007fca96e014e0 00007fcae7ede860
0x00007fca96e01360:   00007fcae7ede860 00007fcae7ede860
0x00007fca96e01370:   00007fcac40be850 00007fca96e013d0
0x00007fca96e01380:   00007fcaac0f9800 00007fca96e01410
0x00007fca96e01390:   00007fcaac04d648 00007fcaac0f99f8
0x00007fca96e013a0:   00007fca96e01490 00007fcb01c4f09f
0x00007fca96e013b0:   00007fcaac0f9800 00007fcae4c7dff4
0x00007fca96e013c0:   00007fca96e014a8 00007fca00000000
0x00007fca96e013d0:   00007fcb024d9170 00007fcb02fc6720
0x00007fca96e013e0:   0000000096e01450 0d9183dd00000063
0x00007fca96e013f0:   0000000000000000 0000003000000018
0x00007fca96e01400:   00007fca96e01580 00007fca96e014c0
0x00007fca96e01410:   00007fcaac0f9800 0000000000000000 

Instructions: (pc=0x00007fcb01c4a8f8)
0x00007fcb01c4a8d8:   00 00 48 85 d2 48 89 bd b0 fe ff ff 48 89 b5 a8
0x00007fcb01c4a8e8:   fe ff ff 4c 89 8d a0 fe ff ff 0f 84 78 09 00 00
0x00007fcb01c4a8f8:   4c 8b 22 4d 85 e4 0f 84 6c 09 00 00 48 8b 45 10
0x00007fcb01c4a908:   48 8b 98 38 01 00 00 48 83 7b 18 f7 0f 87 16 07 

Register to memory mapping:

RAX=0x00007fca96e014c0 is pointing into the stack for thread: 0x00007fcaac0f9800
RBX=0x00007fca96e013d0 is pointing into the stack for thread: 0x00007fcaac0f9800
RCX=0x0000000000000001 is an unknown value
RDX=0x00007fca00000000 is an unknown value
RSP=0x00007fca96e01220 is pointing into the stack for thread: 0x00007fcaac0f9800
RBP=0x00007fca96e013a0 is pointing into the stack for thread: 0x00007fcaac0f9800
RSI=0x00007fca96e01430 is pointing into the stack for thread: 0x00007fcaac0f9800
RDI=0x00007fcaac0f99f8 is an unknown value
R8 =0x00007fcaac04d648 is an unknown value
R9 =0x00007fca96e013d0 is pointing into the stack for thread: 0x00007fcaac0f9800
R10=0x00007fca84000b70 is an unknown value
R11=0x00007fcaed4aa8c0 is at entry_point+32 in (nmethod*)0x00007fcaed4aa750
R12=0x00007fcaac0f9800 is a thread
R13=0x00007fcaac04d648 is an unknown value
R14=0x0000000000000001 is an unknown value
R15=0x00007fcaac0f99f8 is an unknown value


Stack: [0x00007fca96d02000,0x00007fca96e03000],  sp=0x00007fca96e01220,  free space=1020k
Native frames: (J=compiled Java code, j=interpreted, Vv=VM code, C=native code)
V  [libjvm.so+0x6d28f8]  jni_invoke_nonstatic(JNIEnv_*, JavaValue*, _jobject*, JNICallType, _jmethodID*, JNI_ArgumentPusher*, Thread*)+0x38
V  [libjvm.so+0x6d709f]  jni_CallVoidMethodV+0x10f
C  [libglass.so+0x13e51]  JNIEnv_::CallVoidMethod(_jobject*, _jmethodID*, ...)+0x81
C  [libglass.so+0x1876f]  WindowContextBase::process_key(_GdkEventKey*)+0x20f
C  [libglass.so+0x15fe0]  WindowContextBase::im_filter_keypress(_GdkEventKey*)+0x1c0
C  [libglass.so+0x20a3c]  process_events(_GdkEvent*, void*)+0x22c
C  [libgdk-x11-2.0.so.0+0x5acdc]

Java frames: (J=compiled Java code, j=interpreted, Vv=VM code)
j  com.sun.glass.ui.gtk.GtkApplication._runLoop(Ljava/lang/Runnable;Z)V+0
j  com.sun.glass.ui.gtk.GtkApplication.lambda$null$49(Ljava/lang/Runnable;Z)V+7
j  com.sun.glass.ui.gtk.GtkApplication$$Lambda$43.run()V+12
j  java.lang.Thread.run()V+11
v  ~StubRoutines::call_stub

---------------  P R O C E S S  ---------------

Java Threads: ( => current thread )
  0x00007fcafc00a000 JavaThread "DestroyJavaVM" [_thread_blocked, id=14003, stack(0x00007fcb0306a000,0x00007fcb0316b000)]
  0x00007fcafc10e800 JavaThread "Thread-5" [_thread_blocked, id=14036, stack(0x00007fca951c0000,0x00007fca952c1000)]
  0x00007fcafc10d800 JavaThread "Thread-4" [_thread_in_native, id=14035, stack(0x00007fca952c1000,0x00007fca953c2000)]
  0x00007fca8419d000 JavaThread "Prism Font Disposer" daemon [_thread_blocked, id=14028, stack(0x00007fca960d4000,0x00007fca961d5000)]
=>0x00007fcaac0f9800 JavaThread "JavaFX Application Thread" [_thread_in_vm, id=14027, stack(0x00007fca96d02000,0x00007fca96e03000)]
  0x00007fcaac0c7000 JavaThread "Thread-3" daemon [_thread_blocked, id=14026, stack(0x00007fcae4005000,0x00007fcae4106000)]
  0x00007fcaac03f000 JavaThread "QuantumRenderer-0" daemon [_thread_blocked, id=14022, stack(0x00007fcae5715000,0x00007fcae5816000)]
  0x00007fcaa8078000 JavaThread "JavaFX-Launcher" [_thread_blocked, id=14021, stack(0x00007fcae5816000,0x00007fcae5917000)]
  0x00007fcafc130000 JavaThread "Thread-0" [_thread_blocked, id=14020, stack(0x00007fcae5917000,0x00007fcae5a18000)]
  0x00007fcafc0c1800 JavaThread "Service Thread" daemon [_thread_blocked, id=14018, stack(0x00007fcae5bae000,0x00007fcae5caf000)]
  0x00007fcafc0be000 JavaThread "C1 CompilerThread2" daemon [_thread_blocked, id=14017, stack(0x00007fcae5caf000,0x00007fcae5db0000)]
  0x00007fcafc0bc800 JavaThread "C2 CompilerThread1" daemon [_thread_in_native, id=14016, stack(0x00007fcae5db0000,0x00007fcae5eb1000)]
  0x00007fcafc0b9800 JavaThread "C2 CompilerThread0" daemon [_thread_in_native, id=14015, stack(0x00007fcae5eb1000,0x00007fcae5fb2000)]
  0x00007fcafc0b8000 JavaThread "Signal Dispatcher" daemon [_thread_blocked, id=14014, stack(0x00007fcae5fb2000,0x00007fcae60b3000)]
  0x00007fcafc084000 JavaThread "Finalizer" daemon [_thread_blocked, id=14013, stack(0x00007fcae650d000,0x00007fcae660e000)]
  0x00007fcafc07f800 JavaThread "Reference Handler" daemon [_thread_blocked, id=14012, stack(0x00007fcae660e000,0x00007fcae670f000)]

Other Threads:
  0x00007fcafc077800 VMThread [stack: 0x00007fcae670f000,0x00007fcae6810000] [id=14011]
  0x00007fcafc0c4000 WatcherThread [stack: 0x00007fcae5aad000,0x00007fcae5bae000] [id=14019]

VM state:not at safepoint (normal execution)

VM Mutex/Monitor currently owned by a thread: None

Heap:
 PSYoungGen      total 36864K, used 20758K [0x00000000d7000000, 0x00000000d9900000, 0x0000000100000000)
  eden space 31744K, 49% used [0x00000000d7000000,0x00000000d7f49030,0x00000000d8f00000)
  from space 5120K, 99% used [0x00000000d8f00000,0x00000000d93fcae8,0x00000000d9400000)
  to   space 5120K, 0% used [0x00000000d9400000,0x00000000d9400000,0x00000000d9900000)
 ParOldGen       total 84992K, used 16K [0x0000000085000000, 0x000000008a300000, 0x00000000d7000000)
  object space 84992K, 0% used [0x0000000085000000,0x0000000085004000,0x000000008a300000)
 Metaspace       used 17458K, capacity 18452K, committed 18688K, reserved 1064960K
  class space    used 2496K, capacity 2731K, committed 2816K, reserved 1048576K

Card table byte_map: [0x00007fcaec867000,0x00007fcaecc40000] byte_map_base: 0x00007fcaec43f000

Marking Bits: (ParMarkBitMap*) 0x00007fcb0253cc80
 Begin Bits: [0x00007fcae8554000, 0x00007fcaea414000)
 End Bits:   [0x00007fcaea414000, 0x00007fcaec2d4000)

Polling page: 0x00007fcb03189000

CodeCache: size=245760Kb used=9399Kb max_used=9399Kb free=236360Kb
 bounds [0x00007fcaed000000, 0x00007fcaed940000, 0x00007fcafc000000]
 total_blobs=3713 nmethods=3057 adapters=567
 compilation: enabled

Compilation events (10 events):
Event: 46,458 Thread 0x00007fcafc0be000 3069       3       javafx.scene.Scene::getUserAgentStylesheet (22 bytes)
Event: 46,458 Thread 0x00007fcafc0b9800 3070       4       com.sun.javafx.css.ParsedValueImpl::containsFontRelativeSize (237 bytes)
Event: 46,459 Thread 0x00007fcafc0bc800 nmethod 3064 0x00007fcaed92fb50 code [0x00007fcaed92fcc0, 0x00007fcaed92fe98]
Event: 46,465 Thread 0x00007fcafc0bc800 3080       4       javafx.scene.CssStyleHelper::getStyleMap (22 bytes)
Event: 46,471 Thread 0x00007fcafc0be000 nmethod 3069 0x00007fcaed92f590 code [0x00007fcaed92f720, 0x00007fcaed92fa88]
Event: 46,471 Thread 0x00007fcafc0be000 3082       3       java.lang.String::startsWith (72 bytes)
Event: 46,471 Thread 0x00007fcafc0be000 nmethod 3082 0x00007fcaed92ef10 code [0x00007fcaed92f080, 0x00007fcaed92f3b0]
Event: 46,471 Thread 0x00007fcafc0be000 3079       3       javafx.scene.text.Font::getSize (5 bytes)
Event: 46,471 Thread 0x00007fcafc0be000 nmethod 3079 0x00007fcaed92ebd0 code [0x00007fcaed92ed20, 0x00007fcaed92ee70]
Event: 46,471 Thread 0x00007fcafc0be000 3074       3       com.sun.javafx.collections.ListListenerHelper::addListener (34 bytes)

GC Heap History (2 events):
Event: 20,919 GC heap before
{Heap before GC invocations=1 (full 0):
 PSYoungGen      total 36864K, used 31744K [0x00000000d7000000, 0x00000000d9900000, 0x0000000100000000)
  eden space 31744K, 100% used [0x00000000d7000000,0x00000000d8f00000,0x00000000d8f00000)
  from space 5120K, 0% used [0x00000000d9400000,0x00000000d9400000,0x00000000d9900000)
  to   space 5120K, 0% used [0x00000000d8f00000,0x00000000d8f00000,0x00000000d9400000)
 ParOldGen       total 84992K, used 0K [0x0000000085000000, 0x000000008a300000, 0x00000000d7000000)
  object space 84992K, 0% used [0x0000000085000000,0x0000000085000000,0x000000008a300000)
 Metaspace       used 14760K, capacity 15500K, committed 15744K, reserved 1062912K
  class space    used 2186K, capacity 2373K, committed 2432K, reserved 1048576K
Event: 20,944 GC heap after
Heap after GC invocations=1 (full 0):
 PSYoungGen      total 36864K, used 5106K [0x00000000d7000000, 0x00000000d9900000, 0x0000000100000000)
  eden space 31744K, 0% used [0x00000000d7000000,0x00000000d7000000,0x00000000d8f00000)
  from space 5120K, 99% used [0x00000000d8f00000,0x00000000d93fcae8,0x00000000d9400000)
  to   space 5120K, 0% used [0x00000000d9400000,0x00000000d9400000,0x00000000d9900000)
 ParOldGen       total 84992K, used 16K [0x0000000085000000, 0x000000008a300000, 0x00000000d7000000)
  object space 84992K, 0% used [0x0000000085000000,0x0000000085004000,0x000000008a300000)
 Metaspace       used 14760K, capacity 15500K, committed 15744K, reserved 1062912K
  class space    used 2186K, capacity 2373K, committed 2432K, reserved 1048576K
}

Deoptimization events (10 events):
Event: 22,606 Thread 0x00007fcaac0f9800 Uncommon trap: reason=class_check action=maybe_recompile pc=0x00007fcaed31568c method=java.io.FilterInputStream.read()I @ 4
Event: 22,606 Thread 0x00007fcaac0f9800 Uncommon trap: reason=class_check action=maybe_recompile pc=0x00007fcaed31568c method=java.io.FilterInputStream.read()I @ 4
Event: 36,650 Thread 0x00007fcaac0f9800 Uncommon trap: reason=array_check action=maybe_recompile pc=0x00007fcaed6dbc1c method=com.sun.javafx.css.SimpleSelector.applies(Ljavafx/css/Styleable;[Ljava/util/Set;I)Z @ 37
Event: 36,650 Thread 0x00007fcaac0f9800 Uncommon trap: reason=array_check action=maybe_recompile pc=0x00007fcaed6dbc1c method=com.sun.javafx.css.SimpleSelector.applies(Ljavafx/css/Styleable;[Ljava/util/Set;I)Z @ 37
Event: 36,651 Thread 0x00007fcaac0f9800 Uncommon trap: reason=array_check action=maybe_recompile pc=0x00007fcaed6dbc1c method=com.sun.javafx.css.SimpleSelector.applies(Ljavafx/css/Styleable;[Ljava/util/Set;I)Z @ 37
Event: 36,651 Thread 0x00007fcaac0f9800 Uncommon trap: reason=array_check action=maybe_recompile pc=0x00007fcaed6dbc1c method=com.sun.javafx.css.SimpleSelector.applies(Ljavafx/css/Styleable;[Ljava/util/Set;I)Z @ 37
Event: 36,660 Thread 0x00007fcaac0f9800 Uncommon trap: reason=unstable_if action=reinterpret pc=0x00007fcaed557760 method=com.sun.javafx.css.BitSet.add(Ljava/lang/Object;)Z @ 91
Event: 46,266 Thread 0x00007fcafc10d800 Uncommon trap: reason=unstable_if action=reinterpret pc=0x00007fcaed595f98 method=java.lang.ThreadLocal.get()Ljava/lang/Object; @ 11
Event: 46,417 Thread 0x00007fcaac0f9800 Uncommon trap: reason=unstable_if action=reinterpret pc=0x00007fcaed1cc3a4 method=java.lang.String.indexOf([CII[CIII)I @ 3
Event: 46,466 Thread 0x00007fcaac0f9800 Uncommon trap: reason=unstable_if action=reinterpret pc=0x00007fcaed1b052c method=java.lang.String.startsWith(Ljava/lang/String;I)Z @ 25

Internal exceptions (10 events):
Event: 0,232 Thread 0x00007fcafc130000 Exception <a 'java/lang/NoSuchFieldError': method resolution failed> (0x00000000d733f450) thrown at [/HUDSON3/workspace/8-2-build-linux-amd64/jdk8u121/8372/hotspot/src/share/vm/prims/methodHandles.cpp, line 1146]
Event: 0,261 Thread 0x00007fcaa8078000 Exception <a 'java/security/PrivilegedActionException'> (0x00000000d74037f8) thrown at [/HUDSON3/workspace/8-2-build-linux-amd64/jdk8u121/8372/hotspot/src/share/vm/prims/jvm.cpp, line 1390]
Event: 0,261 Thread 0x00007fcaa8078000 Exception <a 'java/security/PrivilegedActionException'> (0x00000000d7403a08) thrown at [/HUDSON3/workspace/8-2-build-linux-amd64/jdk8u121/8372/hotspot/src/share/vm/prims/jvm.cpp, line 1390]
Event: 0,261 Thread 0x00007fcaa8078000 Exception <a 'java/security/PrivilegedActionException'> (0x00000000d7405e70) thrown at [/HUDSON3/workspace/8-2-build-linux-amd64/jdk8u121/8372/hotspot/src/share/vm/prims/jvm.cpp, line 1390]
Event: 0,261 Thread 0x00007fcaa8078000 Exception <a 'java/security/PrivilegedActionException'> (0x00000000d7406080) thrown at [/HUDSON3/workspace/8-2-build-linux-amd64/jdk8u121/8372/hotspot/src/share/vm/prims/jvm.cpp, line 1390]
Event: 0,261 Thread 0x00007fcaa8078000 Exception <a 'java/lang/NullPointerException'> (0x00000000d7406658) thrown at [/HUDSON3/workspace/8-2-build-linux-amd64/jdk8u121/8372/hotspot/src/share/vm/interpreter/linkResolver.cpp, line 1178]
Event: 0,498 Thread 0x00007fcaac0f9800 Exception <a 'java/lang/NullPointerException'> (0x00000000d7af3a40) thrown at [/HUDSON3/workspace/8-2-build-linux-amd64/jdk8u121/8372/hotspot/src/share/vm/interpreter/linkResolver.cpp, line 1178]
Event: 0,498 Thread 0x00007fcaac0f9800 Exception <a 'java/lang/NullPointerException'> (0x00000000d7af3a40) thrown at [/HUDSON3/workspace/8-2-build-linux-amd64/jdk8u121/8372/hotspot/src/share/vm/prims/jvm.cpp, line 1394]
Event: 46,266 Thread 0x00007fcafc10d800 Implicit null exception at 0x00007fcaed595ebc to 0x00007fcaed595f81
Event: 46,372 Thread 0x00007fcaac0f9800 Exception <a 'java/io/FileNotFoundException'> (0x00000000d78c9bf0) thrown at [/HUDSON3/workspace/8-2-build-linux-amd64/jdk8u121/8372/hotspot/src/share/vm/prims/jni.cpp, line 709]

Events (10 events):
Event: 46,449 loading class javafx/scene/input/ScrollEvent done
Event: 46,449 loading class com/sun/javafx/scene/control/skin/ScrollBarSkin
Event: 46,449 loading class com/sun/javafx/scene/control/skin/ScrollBarSkin done
Event: 46,449 loading class javafx/scene/input/ScrollEvent
Event: 46,449 loading class javafx/scene/input/ScrollEvent done
Event: 46,449 loading class com/sun/javafx/scene/control/skin/ScrollBarSkin
Event: 46,449 loading class com/sun/javafx/scene/control/skin/ScrollBarSkin done
Event: 46,466 Thread 0x00007fcaac0f9800 Uncommon trap: trap_request=0xffffff65 fr.pc=0x00007fcaed1b052c
Event: 46,466 Thread 0x00007fcaac0f9800 DEOPT PACKING pc=0x00007fcaed1b052c sp=0x00007fca96dfe780
Event: 46,466 Thread 0x00007fcaac0f9800 DEOPT UNPACKING pc=0x00007fcaed005229 sp=0x00007fca96dfe718 mode 2


Dynamic libraries:
00400000-00401000 r-xp 00000000 08:05 2243241                            /usr/lib/jvm/java-8-oracle/bin/java
00600000-00601000 rw-p 00000000 08:05 2243241                            /usr/lib/jvm/java-8-oracle/bin/java
01f95000-01fb6000 rw-p 00000000 00:00 0                                  [heap]
85000000-8a300000 rw-p 00000000 00:00 0 
8a300000-d7000000 ---p 00000000 00:00 0 
d7000000-d9900000 rw-p 00000000 00:00 0 
d9900000-100000000 ---p 00000000 00:00 0 
100000000-1002c0000 rw-p 00000000 00:00 0 
1002c0000-140000000 ---p 00000000 00:00 0 
7fca70000000-7fca70021000 rw-p 00000000 00:00 0 
7fca70021000-7fca74000000 ---p 00000000 00:00 0 
7fca78000000-7fca78021000 rw-p 00000000 00:00 0 
7fca78021000-7fca7c000000 ---p 00000000 00:00 0 
7fca7c000000-7fca7c021000 rw-p 00000000 00:00 0 
7fca7c021000-7fca80000000 ---p 00000000 00:00 0 
7fca80000000-7fca80021000 rw-p 00000000 00:00 0 
7fca80021000-7fca84000000 ---p 00000000 00:00 0 
7fca84000000-7fca8451f000 rw-p 00000000 00:00 0 
7fca8451f000-7fca88000000 ---p 00000000 00:00 0 
7fca88000000-7fca88022000 rw-p 00000000 00:00 0 
7fca88022000-7fca8c000000 ---p 00000000 00:00 0 
7fca8c000000-7fca8c021000 rw-p 00000000 00:00 0 
7fca8c021000-7fca90000000 ---p 00000000 00:00 0 
7fca90000000-7fca90021000 rw-p 00000000 00:00 0 
7fca90021000-7fca94000000 ---p 00000000 00:00 0 
7fca951c0000-7fca951c3000 ---p 00000000 00:00 0 
7fca951c3000-7fca952c1000 rw-p 00000000 00:00 0 
7fca952c1000-7fca952c4000 ---p 00000000 00:00 0 
7fca952c4000-7fca953c2000 rw-p 00000000 00:00 0 
7fca953c2000-7fca953d8000 r-xp 00000000 08:05 2243325                    /usr/lib/jvm/java-8-oracle/jre/lib/amd64/libnet.so
7fca953d8000-7fca955d8000 ---p 00016000 08:05 2243325                    /usr/lib/jvm/java-8-oracle/jre/lib/amd64/libnet.so
7fca955d8000-7fca955d9000 rw-p 00016000 08:05 2243325                    /usr/lib/jvm/java-8-oracle/jre/lib/amd64/libnet.so
7fca955d9000-7fca955e9000 rw-s 00000000 00:05 393136                     /drm mm object (deleted)
7fca955e9000-7fca95619000 rw-s 00000000 00:05 394361                     /drm mm object (deleted)
7fca95619000-7fca95799000 rw-p 00000000 00:00 0 
7fca95799000-7fca95819000 ---p 00000000 00:00 0 
7fca95819000-7fca9581f000 rw-s 00000000 00:05 393807                     /drm mm object (deleted)
7fca9581f000-7fca9582f000 rw-s 00000000 00:05 391857                     /drm mm object (deleted)
7fca9582f000-7fca9583f000 rw-s 00000000 00:05 391858                     /drm mm object (deleted)
7fca9583f000-7fca9584f000 rw-s 00000000 00:05 391703                     /drm mm object (deleted)
7fca9584f000-7fca9587f000 rw-s 00000000 00:05 391682                     /drm mm object (deleted)
7fca9587f000-7fca95883000 rw-s 101946000 00:06 391                       /dev/dri/card0
7fca95883000-7fca95893000 rw-s 00000000 00:05 392678                     /drm mm object (deleted)
7fca95893000-7fca95a93000 rw-p 00000000 00:00 0 
7fca95a93000-7fca95a9b000 rw-s 00000000 00:05 392689                     /drm mm object (deleted)
7fca95a9d000-7fca95afd000 rw-s 00000000 00:05 393427                     /drm mm object (deleted)
7fca95afd000-7fca95b0b000 rw-s 00000000 00:05 393426                     /drm mm object (deleted)
7fca95b0b000-7fca95b0d000 rw-s 101ff1000 00:06 391                       /dev/dri/card0
7fca95b0d000-7fca95ccd000 rw-s 101e31000 00:06 391                       /dev/dri/card0
7fca95ccd000-7fca95e8d000 rw-s 00000000 00:05 392680                     /drm mm object (deleted)
7fca95e95000-7fca95ea5000 rw-s 00000000 00:05 392679                     /drm mm object (deleted)
7fca95ea6000-7fca95eaa000 r--s 0009a000 08:05 2243269                    /usr/lib/jvm/java-8-oracle/jre/lib/jsse.jar
7fca95eaa000-7fca95eab000 rw-s 00000000 00:05 394588                     /drm mm object (deleted)
7fca95eab000-7fca95eac000 rw-s 00000000 00:05 394587                     /drm mm object (deleted)
7fca95eac000-7fca95ead000 rw-s 00000000 00:05 394079                     /drm mm object (deleted)
7fca95ead000-7fca95eb5000 rw-s 00000000 00:05 393883                     /drm mm object (deleted)
7fca95eb5000-7fca95ec1000 rw-s 00000000 00:05 391586                     /drm mm object (deleted)
7fca95ec1000-7fca95ed4000 r--s 00345000 08:05 2243549                    /usr/lib/jvm/java-8-oracle/jre/lib/resources.jar
7fca95ed4000-7fca960d4000 rw-p 00000000 00:00 0 
7fca960d4000-7fca960d7000 ---p 00000000 00:00 0 
7fca960d7000-7fca961d5000 rw-p 00000000 00:00 0 
7fca961d5000-7fca9628e000 r--p 00000000 08:05 918436                     /usr/share/fonts/truetype/dejavu/DejaVuSans.ttf
7fca9628e000-7fca962ca000 r--p 00000000 08:05 2243419                    /usr/lib/jvm/java-8-oracle/jre/lib/fonts/LucidaTypewriterRegular.ttf
7fca962ca000-7fca962dd000 r--p 00000000 08:05 2243414                    /usr/lib/jvm/java-8-oracle/jre/lib/fonts/LucidaBrightDemiBold.ttf
7fca962dd000-7fca96317000 r--p 00000000 08:05 2243415                    /usr/lib/jvm/java-8-oracle/jre/lib/fonts/LucidaTypewriterBold.ttf
7fca96317000-7fca9636c000 r--p 00000000 08:05 2243416                    /usr/lib/jvm/java-8-oracle/jre/lib/fonts/LucidaBrightRegular.ttf
7fca9636c000-7fca96417000 r--p 00000000 08:05 2243413                    /usr/lib/jvm/java-8-oracle/jre/lib/fonts/LucidaSansRegular.ttf
7fca96417000-7fca9642b000 r--p 00000000 08:05 2243417                    /usr/lib/jvm/java-8-oracle/jre/lib/fonts/LucidaBrightItalic.ttf
7fca9642b000-7fca9643e000 r--p 00000000 08:05 2243421                    /usr/lib/jvm/java-8-oracle/jre/lib/fonts/LucidaBrightDemiItalic.ttf
7fca9643e000-7fca9648c000 r--p 00000000 08:05 2243420                    /usr/lib/jvm/java-8-oracle/jre/lib/fonts/LucidaSansDemiBold.ttf
7fca9648c000-7fca96490000 r-xp 00000000 08:05 2243362                    /usr/lib/jvm/java-8-oracle/jre/lib/amd64/libjavafx_font_pango.so
7fca96490000-7fca9668f000 ---p 00004000 08:05 2243362                    /usr/lib/jvm/java-8-oracle/jre/lib/amd64/libjavafx_font_pango.so
7fca9668f000-7fca96690000 rw-p 00003000 08:05 2243362                    /usr/lib/jvm/java-8-oracle/jre/lib/amd64/libjavafx_font_pango.so
7fca96690000-7fca96695000 r--s 00084000 08:05 2243424                    /usr/lib/jvm/java-8-oracle/jre/lib/jfr.jar
7fca96695000-7fca966a0000 r--s 00000000 08:05 279298                     /var/cache/fontconfig/945677eb7aeaf62f1d50efc3fb3ec7d8-le64.cache-6
7fca966a0000-7fca966a6000 r--s 00000000 08:05 279279                     /var/cache/fontconfig/2cd17615ca594fa2959ae173292e504c-le64.cache-6
7fca966a6000-7fca966a7000 r--s 00000000 08:05 279276                     /var/cache/fontconfig/0d8c3b2ac0904cb8a57a757ad11a4a08-le64.cache-6
7fca966a7000-7fca966bc000 r--s 00000000 08:05 279272                     /var/cache/fontconfig/04aabc0a78ac019cf9454389977116d2-le64.cache-6
7fca966bc000-7fca966bd000 r--s 00000000 08:05 279278                     /var/cache/fontconfig/1ac9eb803944fde146138c791f5cc56a-le64.cache-6
7fca966bd000-7fca966c1000 r--s 00000000 08:05 279283                     /var/cache/fontconfig/385c0604a188198f04d133e54aba7fe7-le64.cache-6
7fca966c1000-7fca966c4000 r--s 00000000 08:05 279294                     /var/cache/fontconfig/767a8244fc0220cfb567a839d0392e0b-le64.cache-6
7fca966c4000-7fca966c9000 r--s 00000000 08:05 279297                     /var/cache/fontconfig/8801497958630a81b71ace7c5f9b32a8-le64.cache-6
7fca966c9000-7fca966cf000 r--s 00000000 08:05 279280                     /var/cache/fontconfig/3047814df9a2f067bd2d96a2b9c36e5a-le64.cache-6
7fca966cf000-7fca966d5000 r--s 00000000 08:05 279302                     /var/cache/fontconfig/b47c4e1ecd0709278f4910c18777a504-le64.cache-6
7fca966d5000-7fca966e8000 r--s 00000000 08:05 279308                     /var/cache/fontconfig/d52a8644073d54c13679302ca1180695-le64.cache-6
7fca966e8000-7fca966fa000 r--s 00000000 08:05 279300                     /var/cache/fontconfig/9b89f8e3dae116d678bbf48e5f21f69b-le64.cache-6
7fca966fa000-7fca968fa000 rw-p 00000000 00:00 0 
7fca968fa000-7fca968ff000 r-xp 00000000 08:05 2243358                    /usr/lib/jvm/java-8-oracle/jre/lib/amd64/libjavafx_font_freetype.so
7fca968ff000-7fca96afe000 ---p 00005000 08:05 2243358                    /usr/lib/jvm/java-8-oracle/jre/lib/amd64/libjavafx_font_freetype.so
7fca96afe000-7fca96aff000 rw-p 00004000 08:05 2243358                    /usr/lib/jvm/java-8-oracle/jre/lib/amd64/libjavafx_font_freetype.so
7fca96aff000-7fca96b02000 r-xp 00000000 08:05 2243320                    /usr/lib/jvm/java-8-oracle/jre/lib/amd64/libjavafx_font.so
7fca96b02000-7fca96d01000 ---p 00003000 08:05 2243320                    /usr/lib/jvm/java-8-oracle/jre/lib/amd64/libjavafx_font.so
7fca96d01000-7fca96d02000 rw-p 00002000 08:05 2243320                    /usr/lib/jvm/java-8-oracle/jre/lib/amd64/libjavafx_font.so
7fca96d02000-7fca96d05000 ---p 00000000 00:00 0 
7fca96d05000-7fca96e03000 rw-p 00000000 00:00 0 
7fca96e03000-7fca96e04000 ---p 00000000 00:00 0 
7fca96e04000-7fca97604000 rw-p 00000000 00:00 0 
7fca97604000-7fca97605000 ---p 00000000 00:00 0 
7fca97605000-7fca97e05000 rw-p 00000000 00:00 0 
7fca97e05000-7fca97e06000 ---p 00000000 00:00 0 
7fca97e06000-7fca98606000 rw-p 00000000 00:00 0 
7fca98606000-7fca98612000 r-xp 00000000 08:05 133762                     /usr/lib/x86_64-linux-gnu/gio/modules/libdconfsettings.so
7fca98612000-7fca98811000 ---p 0000c000 08:05 133762                     /usr/lib/x86_64-linux-gnu/gio/modules/libdconfsettings.so
7fca98811000-7fca98812000 r--p 0000b000 08:05 133762                     /usr/lib/x86_64-linux-gnu/gio/modules/libdconfsettings.so
7fca98812000-7fca98813000 rw-p 0000c000 08:05 133762                     /usr/lib/x86_64-linux-gnu/gio/modules/libdconfsettings.so
7fca98813000-7fca9881a000 r-xp 00000000 08:05 2239720                    /usr/lib/x86_64-linux-gnu/libogg.so.0.8.2
7fca9881a000-7fca98a1a000 ---p 00007000 08:05 2239720                    /usr/lib/x86_64-linux-gnu/libogg.so.0.8.2
7fca98a1a000-7fca98a1b000 r--p 00007000 08:05 2239720                    /usr/lib/x86_64-linux-gnu/libogg.so.0.8.2
7fca98a1b000-7fca98a1c000 rw-p 00008000 08:05 2239720                    /usr/lib/x86_64-linux-gnu/libogg.so.0.8.2
7fca98a1c000-7fca98a46000 r-xp 00000000 08:05 2240153                    /usr/lib/x86_64-linux-gnu/libvorbis.so.0.4.8
7fca98a46000-7fca98c46000 ---p 0002a000 08:05 2240153                    /usr/lib/x86_64-linux-gnu/libvorbis.so.0.4.8
7fca98c46000-7fca98c47000 r--p 0002a000 08:05 2240153                    /usr/lib/x86_64-linux-gnu/libvorbis.so.0.4.8
7fca98c47000-7fca98c48000 rw-p 0002b000 08:05 2240153                    /usr/lib/x86_64-linux-gnu/libvorbis.so.0.4.8
7fca98c48000-7fca98c50000 r-xp 00000000 08:05 2239564                    /usr/lib/x86_64-linux-gnu/libltdl.so.7.3.1
7fca98c50000-7fca98e50000 ---p 00008000 08:05 2239564                    /usr/lib/x86_64-linux-gnu/libltdl.so.7.3.1
7fca98e50000-7fca98e51000 r--p 00008000 08:05 2239564                    /usr/lib/x86_64-linux-gnu/libltdl.so.7.3.1
7fca98e51000-7fca98e52000 rw-p 00009000 08:05 2239564                    /usr/lib/x86_64-linux-gnu/libltdl.so.7.3.1
7fca98e52000-7fca98e66000 r-xp 00000000 08:05 2239986                    /usr/lib/x86_64-linux-gnu/libtdb.so.1.3.9
7fca98e66000-7fca99065000 ---p 00014000 08:05 2239986                    /usr/lib/x86_64-linux-gnu/libtdb.so.1.3.9
7fca99065000-7fca99066000 r--p 00013000 08:05 2239986                    /usr/lib/x86_64-linux-gnu/libtdb.so.1.3.9
7fca99066000-7fca99067000 rw-p 00014000 08:05 2239986                    /usr/lib/x86_64-linux-gnu/libtdb.so.1.3.9
7fca99067000-7fca9906e000 r-xp 00000000 08:05 2240157                    /usr/lib/x86_64-linux-gnu/libvorbisfile.so.3.3.7
7fca9906e000-7fca9926e000 ---p 00007000 08:05 2240157                    /usr/lib/x86_64-linux-gnu/libvorbisfile.so.3.3.7
7fca9926e000-7fca9926f000 r--p 00007000 08:05 2240157                    /usr/lib/x86_64-linux-gnu/libvorbisfile.so.3.3.7
7fca9926f000-7fca99270000 rw-p 00008000 08:05 2240157                    /usr/lib/x86_64-linux-gnu/libvorbisfile.so.3.3.7
7fca99270000-7fca99280000 r-xp 00000000 08:05 2238920                    /usr/lib/x86_64-linux-gnu/libcanberra.so.0.2.5
7fca99280000-7fca99480000 ---p 00010000 08:05 2238920                    /usr/lib/x86_64-linux-gnu/libcanberra.so.0.2.5
7fca99480000-7fca99481000 r--p 00010000 08:05 2238920                    /usr/lib/x86_64-linux-gnu/libcanberra.so.0.2.5
7fca99481000-7fca99482000 rw-p 00011000 08:05 2238920                    /usr/lib/x86_64-linux-gnu/libcanberra.so.0.2.5
7fca99482000-7fca99486000 r-xp 00000000 08:05 2238916                    /usr/lib/x86_64-linux-gnu/libcanberra-gtk.so.0.1.9
7fca99486000-7fca99685000 ---p 00004000 08:05 2238916                    /usr/lib/x86_64-linux-gnu/libcanberra-gtk.so.0.1.9
7fca99685000-7fca99686000 r--p 00003000 08:05 2238916                    /usr/lib/x86_64-linux-gnu/libcanberra-gtk.so.0.1.9
7fca99686000-7fca99687000 rw-p 00004000 08:05 2238916                    /usr/lib/x86_64-linux-gnu/libcanberra-gtk.so.0.1.9
7fca99687000-7fca9968c000 r-xp 00000000 08:05 133969                     /usr/lib/x86_64-linux-gnu/gtk-2.0/modules/libcanberra-gtk-module.so
7fca9968c000-7fca9988b000 ---p 00005000 08:05 133969                     /usr/lib/x86_64-linux-gnu/gtk-2.0/modules/libcanberra-gtk-module.so
7fca9988b000-7fca9988c000 r--p 00004000 08:05 133969                     /usr/lib/x86_64-linux-gnu/gtk-2.0/modules/libcanberra-gtk-module.so
7fca9988c000-7fca9988d000 rw-p 00005000 08:05 133969                     /usr/lib/x86_64-linux-gnu/gtk-2.0/modules/libcanberra-gtk-module.so
7fca9988d000-7fca998bd000 r-xp 00000000 08:05 133951                     /usr/lib/x86_64-linux-gnu/gtk-2.0/2.10.0/engines/libmurrine.so
7fca998bd000-7fca99abd000 ---p 00030000 08:05 133951                     /usr/lib/x86_64-linux-gnu/gtk-2.0/2.10.0/engines/libmurrine.so
7fca99abd000-7fca99abe000 r--p 00030000 08:05 133951                     /usr/lib/x86_64-linux-gnu/gtk-2.0/2.10.0/engines/libmurrine.so
7fca99abe000-7fca99abf000 rw-p 00031000 08:05 133951                     /usr/lib/x86_64-linux-gnu/gtk-2.0/2.10.0/engines/libmurrine.so
7fca99abf000-7fca99acf000 r-xp 00000000 08:05 2240079                    /usr/lib/x86_64-linux-gnu/libunity-gtk2-parser.so.0.0.0
7fca99acf000-7fca99ccf000 ---p 00010000 08:05 2240079                    /usr/lib/x86_64-linux-gnu/libunity-gtk2-parser.so.0.0.0
7fca99ccf000-7fca99cd0000 r--p 00010000 08:05 2240079                    /usr/lib/x86_64-linux-gnu/libunity-gtk2-parser.so.0.0.0
7fca99cd0000-7fca99cd1000 rw-p 00011000 08:05 2240079                    /usr/lib/x86_64-linux-gnu/libunity-gtk2-parser.so.0.0.0
7fca99cd1000-7fca99cd6000 r-xp 00000000 08:05 133973                     /usr/lib/x86_64-linux-gnu/gtk-2.0/modules/libunity-gtk-module.so
7fca99cd6000-7fca99ed5000 ---p 00005000 08:05 133973                     /usr/lib/x86_64-linux-gnu/gtk-2.0/modules/libunity-gtk-module.so
7fca99ed5000-7fca99ed6000 r--p 00004000 08:05 133973                     /usr/lib/x86_64-linux-gnu/gtk-2.0/modules/libunity-gtk-module.so
7fca99ed6000-7fca99ed7000 rw-p 00005000 08:05 133973                     /usr/lib/x86_64-linux-gnu/gtk-2.0/modules/libunity-gtk-module.so
7fca99ed7000-7fca99ef9000 r-xp 00000000 08:05 398679                     /lib/x86_64-linux-gnu/liblzma.so.5.0.0
7fca99ef9000-7fca9a0f8000 ---p 00022000 08:05 398679                     /lib/x86_64-linux-gnu/liblzma.so.5.0.0
7fca9a0f8000-7fca9a0f9000 r--p 00021000 08:05 398679                     /lib/x86_64-linux-gnu/liblzma.so.5.0.0
7fca9a0f9000-7fca9a0fa000 rw-p 00022000 08:05 398679                     /lib/x86_64-linux-gnu/liblzma.so.5.0.0
7fca9a0fa000-7fca9a144000 r-xp 00000000 08:05 399570                     /lib/x86_64-linux-gnu/libdbus-1.so.3.14.7
7fca9a144000-7fca9a344000 ---p 0004a000 08:05 399570                     /lib/x86_64-linux-gnu/libdbus-1.so.3.14.7
7fca9a344000-7fca9a345000 r--p 0004a000 08:05 399570                     /lib/x86_64-linux-gnu/libdbus-1.so.3.14.7
7fca9a345000-7fca9a346000 rw-p 0004b000 08:05 399570                     /lib/x86_64-linux-gnu/libdbus-1.so.3.14.7
7fca9a346000-7fca9a372000 r-xp 00000000 08:05 2238852                    /usr/lib/x86_64-linux-gnu/libatspi.so.0.0.1
7fca9a372000-7fca9a571000 ---p 0002c000 08:05 2238852                    /usr/lib/x86_64-linux-gnu/libatspi.so.0.0.1
7fca9a571000-7fca9a574000 r--p 0002b000 08:05 2238852                    /usr/lib/x86_64-linux-gnu/libatspi.so.0.0.1
7fca9a574000-7fca9a575000 rw-p 0002e000 08:05 2238852                    /usr/lib/x86_64-linux-gnu/libatspi.so.0.0.1
7fca9a575000-7fca9a5a2000 r-xp 00000000 08:05 2238846                    /usr/lib/x86_64-linux-gnu/libatk-bridge-2.0.so.0.0.0
7fca9a5a2000-7fca9a7a1000 ---p 0002d000 08:05 2238846                    /usr/lib/x86_64-linux-gnu/libatk-bridge-2.0.so.0.0.0
7fca9a7a1000-7fca9a7a2000 r--p 0002c000 08:05 2238846                    /usr/lib/x86_64-linux-gnu/libatk-bridge-2.0.so.0.0.0
7fca9a7a2000-7fca9a7a4000 rw-p 0002d000 08:05 2238846                    /usr/lib/x86_64-linux-gnu/libatk-bridge-2.0.so.0.0.0
7fca9a7a4000-7fca9a7a5000 r-xp 00000000 08:05 133968                     /usr/lib/x86_64-linux-gnu/gtk-2.0/modules/libatk-bridge.so
7fca9a7a5000-7fca9a9a4000 ---p 00001000 08:05 133968                     /usr/lib/x86_64-linux-gnu/gtk-2.0/modules/libatk-bridge.so
7fca9a9a4000-7fca9a9a5000 r--p 00000000 08:05 133968                     /usr/lib/x86_64-linux-gnu/gtk-2.0/modules/libatk-bridge.so
7fca9a9a5000-7fca9a9a6000 rw-p 00001000 08:05 133968                     /usr/lib/x86_64-linux-gnu/gtk-2.0/modules/libatk-bridge.so
7fca9a9a6000-7fca9a9ad000 r-xp 00000000 08:05 2228785                    /usr/lib/x86_64-linux-gnu/libgailutil.so.18.0.1
7fca9a9ad000-7fca9abac000 ---p 00007000 08:05 2228785                    /usr/lib/x86_64-linux-gnu/libgailutil.so.18.0.1
7fca9abac000-7fca9abad000 r--p 00006000 08:05 2228785                    /usr/lib/x86_64-linux-gnu/libgailutil.so.18.0.1
7fca9abad000-7fca9abae000 rw-p 00007000 08:05 2228785                    /usr/lib/x86_64-linux-gnu/libgailutil.so.18.0.1
7fca9abae000-7fca9abfc000 r-xp 00000000 08:05 132695                     /usr/lib/x86_64-linux-gnu/gtk-2.0/modules/libgail.so
7fca9abfc000-7fca9adfb000 ---p 0004e000 08:05 132695                     /usr/lib/x86_64-linux-gnu/gtk-2.0/modules/libgail.so
7fca9adfb000-7fca9adfc000 r--p 0004d000 08:05 132695                     /usr/lib/x86_64-linux-gnu/gtk-2.0/modules/libgail.so
7fca9adfc000-7fca9adfe000 rw-p 0004e000 08:05 132695                     /usr/lib/x86_64-linux-gnu/gtk-2.0/modules/libgail.so
7fca9adfe000-7fca9ae0f000 r-xp 00000000 08:05 132122                     /usr/lib/x86_64-linux-gnu/gtk-2.0/modules/liboverlay-scrollbar.so
7fca9ae0f000-7fca9b00f000 ---p 00011000 08:05 132122                     /usr/lib/x86_64-linux-gnu/gtk-2.0/modules/liboverlay-scrollbar.so
7fca9b00f000-7fca9b010000 r--p 00011000 08:05 132122                     /usr/lib/x86_64-linux-gnu/gtk-2.0/modules/liboverlay-scrollbar.so
7fca9b010000-7fca9b011000 rw-p 00012000 08:05 132122                     /usr/lib/x86_64-linux-gnu/gtk-2.0/modules/liboverlay-scrollbar.so
7fca9b011000-7fca9b03a000 r-xp 00000000 08:05 2243370                    /usr/lib/jvm/java-8-oracle/jre/lib/amd64/libglass.so
7fca9b03a000-7fca9b239000 ---p 00029000 08:05 2243370                    /usr/lib/jvm/java-8-oracle/jre/lib/amd64/libglass.so
7fca9b239000-7fca9b23c000 rw-p 00028000 08:05 2243370                    /usr/lib/jvm/java-8-oracle/jre/lib/amd64/libglass.so
7fca9b23c000-7fca9b273000 r-xp 00000000 08:05 2240033                    /usr/lib/x86_64-linux-gnu/libtxc_dxtn_s2tc.so.0.0.0
7fca9b273000-7fca9b472000 ---p 00037000 08:05 2240033                    /usr/lib/x86_64-linux-gnu/libtxc_dxtn_s2tc.so.0.0.0
7fca9b472000-7fca9b473000 r--p 00036000 08:05 2240033                    /usr/lib/x86_64-linux-gnu/libtxc_dxtn_s2tc.so.0.0.0
7fca9b473000-7fca9b474000 rw-p 00037000 08:05 2240033                    /usr/lib/x86_64-linux-gnu/libtxc_dxtn_s2tc.so.0.0.0
7fca9b474000-7fca9b47c000 r-xp 00000000 08:05 2239767                    /usr/lib/x86_64-linux-gnu/libpciaccess.so.0.11.1
7fca9b47c000-7fca9b67c000 ---p 00008000 08:05 2239767                    /usr/lib/x86_64-linux-gnu/libpciaccess.so.0.11.1
7fca9b67c000-7fca9b67d000 r--p 00008000 08:05 2239767                    /usr/lib/x86_64-linux-gnu/libpciaccess.so.0.11.1
7fca9b67d000-7fca9b67e000 rw-p 00009000 08:05 2239767                    /usr/lib/x86_64-linux-gnu/libpciaccess.so.0.11.1
7fca9b67e000-7fca9b690000 r-xp 00000000 08:05 398660                     /lib/x86_64-linux-gnu/libgpg-error.so.0.19.1
7fca9b690000-7fca9b890000 ---p 00012000 08:05 398660                     /lib/x86_64-linux-gnu/libgpg-error.so.0.19.1
7fca9b890000-7fca9b891000 r--p 00012000 08:05 398660                     /lib/x86_64-linux-gnu/libgpg-error.so.0.19.1
7fca9b891000-7fca9b892000 rw-p 00013000 08:05 398660                     /lib/x86_64-linux-gnu/libgpg-error.so.0.19.1
7fca9b892000-7fca9b89d000 r-xp 00000000 08:05 2239069                    /usr/lib/x86_64-linux-gnu/libdrm_radeon.so.1.0.1
7fca9b89d000-7fca9ba9c000 ---p 0000b000 08:05 2239069                    /usr/lib/x86_64-linux-gnu/libdrm_radeon.so.1.0.1
7fca9ba9c000-7fca9ba9d000 r--p 0000a000 08:05 2239069                    /usr/lib/x86_64-linux-gnu/libdrm_radeon.so.1.0.1
7fca9ba9d000-7fca9ba9e000 rw-p 0000b000 08:05 2239069                    /usr/lib/x86_64-linux-gnu/libdrm_radeon.so.1.0.1
7fca9ba9e000-7fca9baa5000 r-xp 00000000 08:05 2239067                    /usr/lib/x86_64-linux-gnu/libdrm_nouveau.so.2.0.0
7fca9baa5000-7fca9bca4000 ---p 00007000 08:05 2239067                    /usr/lib/x86_64-linux-gnu/libdrm_nouveau.so.2.0.0
7fca9bca4000-7fca9bca5000 r--p 00006000 08:05 2239067                    /usr/lib/x86_64-linux-gnu/libdrm_nouveau.so.2.0.0
7fca9bca5000-7fca9bca6000 rw-p 00007000 08:05 2239067                    /usr/lib/x86_64-linux-gnu/libdrm_nouveau.so.2.0.0
7fca9bca6000-7fca9bcc6000 r-xp 00000000 08:05 2239065                    /usr/lib/x86_64-linux-gnu/libdrm_intel.so.1.0.0
7fca9bcc6000-7fca9bec5000 ---p 00020000 08:05 2239065                    /usr/lib/x86_64-linux-gnu/libdrm_intel.so.1.0.0
7fca9bec5000-7fca9bec6000 r--p 0001f000 08:05 2239065                    /usr/lib/x86_64-linux-gnu/libdrm_intel.so.1.0.0
7fca9bec6000-7fca9bec7000 rw-p 00020000 08:05 2239065                    /usr/lib/x86_64-linux-gnu/libdrm_intel.so.1.0.0
7fca9bec7000-7fca9bfce000 r-xp 00000000 08:05 398656                     /lib/x86_64-linux-gnu/libgcrypt.so.20.1.2
7fca9bfce000-7fca9c1cd000 ---p 00107000 08:05 398656                     /lib/x86_64-linux-gnu/libgcrypt.so.20.1.2
7fca9c1cd000-7fca9c1cf000 r--p 00106000 08:05 398656                     /lib/x86_64-linux-gnu/libgcrypt.so.20.1.2
7fca9c1cf000-7fca9c1d6000 rw-p 00108000 08:05 398656                     /lib/x86_64-linux-gnu/libgcrypt.so.20.1.2
7fca9c1d6000-7fca9c879000 r-xp 00000000 08:05 133427                     /usr/lib/x86_64-linux-gnu/dri/i965_dri.so
7fca9c879000-7fca9ca78000 ---p 006a3000 08:05 133427                     /usr/lib/x86_64-linux-gnu/dri/i965_dri.so
7fca9ca78000-7fca9cab7000 r--p 006a2000 08:05 133427                     /usr/lib/x86_64-linux-gnu/dri/i965_dri.so
7fca9cab7000-7fca9cabf000 rw-p 006e1000 08:05 133427                     /usr/lib/x86_64-linux-gnu/dri/i965_dri.so
7fca9cabf000-7fca9cac7000 rw-p 00000000 00:00 0 
7fca9cac7000-7fca9cacb000 r-xp 00000000 08:05 398105                     /lib/x86_64-linux-gnu/libuuid.so.1.3.0
7fca9cacb000-7fca9ccca000 ---p 00004000 08:05 398105                     /lib/x86_64-linux-gnu/libuuid.so.1.3.0
7fca9ccca000-7fca9cccb000 r--p 00003000 08:05 398105                     /lib/x86_64-linux-gnu/libuuid.so.1.3.0
7fca9cccb000-7fca9cccc000 rw-p 00004000 08:05 398105                     /lib/x86_64-linux-gnu/libuuid.so.1.3.0
7fca9cccc000-7fca9ccd2000 r-xp 00000000 08:05 2239010                    /usr/lib/x86_64-linux-gnu/libdatrie.so.1.3.3
7fca9ccd2000-7fca9ced2000 ---p 00006000 08:05 2239010                    /usr/lib/x86_64-linux-gnu/libdatrie.so.1.3.3
7fca9ced2000-7fca9ced3000 r--p 00006000 08:05 2239010                    /usr/lib/x86_64-linux-gnu/libdatrie.so.1.3.3
7fca9ced3000-7fca9ced4000 rw-p 00007000 08:05 2239010                    /usr/lib/x86_64-linux-gnu/libdatrie.so.1.3.3
7fca9ced4000-7fca9ced9000 r-xp 00000000 08:05 2238755                    /usr/lib/x86_64-linux-gnu/libXdmcp.so.6.0.0
7fca9ced9000-7fca9d0d8000 ---p 00005000 08:05 2238755                    /usr/lib/x86_64-linux-gnu/libXdmcp.so.6.0.0
7fca9d0d8000-7fca9d0d9000 r--p 00004000 08:05 2238755                    /usr/lib/x86_64-linux-gnu/libXdmcp.so.6.0.0
7fca9d0d9000-7fca9d0da000 rw-p 00005000 08:05 2238755                    /usr/lib/x86_64-linux-gnu/libXdmcp.so.6.0.0
7fca9d0da000-7fca9d0dc000 r-xp 00000000 08:05 2238744                    /usr/lib/x86_64-linux-gnu/libXau.so.6.0.0
7fca9d0dc000-7fca9d2dc000 ---p 00002000 08:05 2238744                    /usr/lib/x86_64-linux-gnu/libXau.so.6.0.0
7fca9d2dc000-7fca9d2dd000 r--p 00002000 08:05 2238744                    /usr/lib/x86_64-linux-gnu/libXau.so.6.0.0
7fca9d2dd000-7fca9d2de000 rw-p 00003000 08:05 2238744                    /usr/lib/x86_64-linux-gnu/libXau.so.6.0.0
7fca9d2de000-7fca9d301000 r-xp 00000000 08:05 2239322                    /usr/lib/x86_64-linux-gnu/libgraphite2.so.3.0.1
7fca9d301000-7fca9d500000 ---p 00023000 08:05 2239322                    /usr/lib/x86_64-linux-gnu/libgraphite2.so.3.0.1
7fca9d500000-7fca9d502000 r--p 00022000 08:05 2239322                    /usr/lib/x86_64-linux-gnu/libgraphite2.so.3.0.1
7fca9d502000-7fca9d503000 rw-p 00024000 08:05 2239322                    /usr/lib/x86_64-linux-gnu/libgraphite2.so.3.0.1
7fca9d503000-7fca9d540000 r-xp 00000000 08:05 398114                     /lib/x86_64-linux-gnu/libblkid.so.1.1.0
7fca9d540000-7fca9d73f000 ---p 0003d000 08:05 398114                     /lib/x86_64-linux-gnu/libblkid.so.1.1.0
7fca9d73f000-7fca9d743000 r--p 0003c000 08:05 398114                     /lib/x86_64-linux-gnu/libblkid.so.1.1.0
7fca9d743000-7fca9d744000 rw-p 00040000 08:05 398114                     /lib/x86_64-linux-gnu/libblkid.so.1.1.0
7fca9d744000-7fca9d745000 rw-p 00000000 00:00 0 
7fca9d745000-7fca9d753000 r-xp 00000000 08:05 2239061                    /usr/lib/x86_64-linux-gnu/libdrm.so.2.4.0
7fca9d753000-7fca9d952000 ---p 0000e000 08:05 2239061                    /usr/lib/x86_64-linux-gnu/libdrm.so.2.4.0
7fca9d952000-7fca9d953000 r--p 0000d000 08:05 2239061                    /usr/lib/x86_64-linux-gnu/libdrm.so.2.4.0
7fca9d953000-7fca9d954000 rw-p 0000e000 08:05 2239061                    /usr/lib/x86_64-linux-gnu/libdrm.so.2.4.0
7fca9d954000-7fca9d958000 r-xp 00000000 08:05 2240244                    /usr/lib/x86_64-linux-gnu/libxcb-dri2.so.0.0.0
7fca9d958000-7fca9db57000 ---p 00004000 08:05 2240244                    /usr/lib/x86_64-linux-gnu/libxcb-dri2.so.0.0.0
7fca9db57000-7fca9db58000 r--p 00003000 08:05 2240244                    /usr/lib/x86_64-linux-gnu/libxcb-dri2.so.0.0.0
7fca9db58000-7fca9db59000 rw-p 00004000 08:05 2240244                    /usr/lib/x86_64-linux-gnu/libxcb-dri2.so.0.0.0
7fca9db59000-7fca9db70000 r-xp 00000000 08:05 2240248                    /usr/lib/x86_64-linux-gnu/libxcb-glx.so.0.0.0
7fca9db70000-7fca9dd6f000 ---p 00017000 08:05 2240248                    /usr/lib/x86_64-linux-gnu/libxcb-glx.so.0.0.0
7fca9dd6f000-7fca9dd71000 r--p 00016000 08:05 2240248                    /usr/lib/x86_64-linux-gnu/libxcb-glx.so.0.0.0
7fca9dd71000-7fca9dd72000 rw-p 00018000 08:05 2240248                    /usr/lib/x86_64-linux-gnu/libxcb-glx.so.0.0.0
7fca9dd72000-7fca9dd73000 r-xp 00000000 08:05 2238738                    /usr/lib/x86_64-linux-gnu/libX11-xcb.so.1.0.0
7fca9dd73000-7fca9df72000 ---p 00001000 08:05 2238738                    /usr/lib/x86_64-linux-gnu/libX11-xcb.so.1.0.0
7fca9df72000-7fca9df73000 r--p 00000000 08:05 2238738                    /usr/lib/x86_64-linux-gnu/libX11-xcb.so.1.0.0
7fca9df73000-7fca9df74000 rw-p 00001000 08:05 2238738                    /usr/lib/x86_64-linux-gnu/libX11-xcb.so.1.0.0
7fca9df74000-7fca9df9d000 r-xp 00000000 08:05 2231673                    /usr/lib/x86_64-linux-gnu/libglapi.so.0.0.0
7fca9df9d000-7fca9e19c000 ---p 00029000 08:05 2231673                    /usr/lib/x86_64-linux-gnu/libglapi.so.0.0.0
7fca9e19c000-7fca9e1a0000 r--p 00028000 08:05 2231673                    /usr/lib/x86_64-linux-gnu/libglapi.so.0.0.0
7fca9e1a0000-7fca9e1a1000 rw-p 0002c000 08:05 2231673                    /usr/lib/x86_64-linux-gnu/libglapi.so.0.0.0
7fca9e1a1000-7fca9e1a2000 rw-p 00000000 00:00 0 
7fca9e1a2000-7fca9e1a3000 r-xp 00000000 08:05 2240290                    /usr/lib/x86_64-linux-gnu/libxshmfence.so.1.0.0
7fca9e1a3000-7fca9e3a3000 ---p 00001000 08:05 2240290                    /usr/lib/x86_64-linux-gnu/libxshmfence.so.1.0.0
7fca9e3a3000-7fca9e3a4000 r--p 00001000 08:05 2240290                    /usr/lib/x86_64-linux-gnu/libxshmfence.so.1.0.0
7fca9e3a4000-7fca9e3a5000 rw-p 00002000 08:05 2240290                    /usr/lib/x86_64-linux-gnu/libxshmfence.so.1.0.0
7fca9e3a5000-7fca9e3aa000 r-xp 00000000 08:05 2240268                    /usr/lib/x86_64-linux-gnu/libxcb-sync.so.1.0.0
7fca9e3aa000-7fca9e5aa000 ---p 00005000 08:05 2240268                    /usr/lib/x86_64-linux-gnu/libxcb-sync.so.1.0.0
7fca9e5aa000-7fca9e5ab000 r--p 00005000 08:05 2240268                    /usr/lib/x86_64-linux-gnu/libxcb-sync.so.1.0.0
7fca9e5ab000-7fca9e5ac000 rw-p 00006000 08:05 2240268                    /usr/lib/x86_64-linux-gnu/libxcb-sync.so.1.0.0
7fca9e5ac000-7fca9e5ae000 r-xp 00000000 08:05 2240256                    /usr/lib/x86_64-linux-gnu/libxcb-present.so.0.0.0
7fca9e5ae000-7fca9e7ad000 ---p 00002000 08:05 2240256                    /usr/lib/x86_64-linux-gnu/libxcb-present.so.0.0.0
7fca9e7ad000-7fca9e7ae000 r--p 00001000 08:05 2240256                    /usr/lib/x86_64-linux-gnu/libxcb-present.so.0.0.0
7fca9e7ae000-7fca9e7af000 rw-p 00002000 08:05 2240256                    /usr/lib/x86_64-linux-gnu/libxcb-present.so.0.0.0
7fca9e7af000-7fca9e7b1000 r-xp 00000000 08:05 2240246                    /usr/lib/x86_64-linux-gnu/libxcb-dri3.so.0.0.0
7fca9e7b1000-7fca9e9b0000 ---p 00002000 08:05 2240246                    /usr/lib/x86_64-linux-gnu/libxcb-dri3.so.0.0.0
7fca9e9b0000-7fca9e9b1000 r--p 00001000 08:05 2240246                    /usr/lib/x86_64-linux-gnu/libxcb-dri3.so.0.0.0
7fca9e9b1000-7fca9e9b2000 rw-p 00002000 08:05 2240246                    /usr/lib/x86_64-linux-gnu/libxcb-dri3.so.0.0.0
7fca9e9b2000-7fca9ea24000 r-xp 00000000 08:05 398742                     /lib/x86_64-linux-gnu/libpcre.so.3.13.3
7fca9ea24000-7fca9ec23000 ---p 00072000 08:05 398742                     /lib/x86_64-linux-gnu/libpcre.so.3.13.3
7fca9ec23000-7fca9ec24000 r--p 00071000 08:05 398742                     /lib/x86_64-linux-gnu/libpcre.so.3.13.3
7fca9ec24000-7fca9ec25000 rw-p 00072000 08:05 398742                     /lib/x86_64-linux-gnu/libpcre.so.3.13.3
7fca9ec25000-7fca9ec2c000 r-xp 00000000 08:05 2239141                    /usr/lib/x86_64-linux-gnu/libffi.so.6.0.4
7fca9ec2c000-7fca9ee2b000 ---p 00007000 08:05 2239141                    /usr/lib/x86_64-linux-gnu/libffi.so.6.0.4
7fca9ee2b000-7fca9ee2c000 r--p 00006000 08:05 2239141                    /usr/lib/x86_64-linux-gnu/libffi.so.6.0.4
7fca9ee2c000-7fca9ee2d000 rw-p 00007000 08:05 2239141                    /usr/lib/x86_64-linux-gnu/libffi.so.6.0.4
7fca9ee2d000-7fca9ee54000 r-xp 00000000 08:05 398647                     /lib/x86_64-linux-gnu/libexpat.so.1.6.2
7fca9ee54000-7fca9f054000 ---p 00027000 08:05 398647                     /lib/x86_64-linux-gnu/libexpat.so.1.6.2
7fca9f054000-7fca9f056000 r--p 00027000 08:05 398647                     /lib/x86_64-linux-gnu/libexpat.so.1.6.2
7fca9f056000-7fca9f057000 rw-p 00029000 08:05 398647                     /lib/x86_64-linux-gnu/libexpat.so.1.6.2
7fca9f057000-7fca9f05f000 r-xp 00000000 08:05 2240000                    /usr/lib/x86_64-linux-gnu/libthai.so.0.3.0
7fca9f05f000-7fca9f25e000 ---p 00008000 08:05 2240000                    /usr/lib/x86_64-linux-gnu/libthai.so.0.3.0
7fca9f25e000-7fca9f25f000 r--p 00007000 08:05 2240000                    /usr/lib/x86_64-linux-gnu/libthai.so.0.3.0
7fca9f25f000-7fca9f260000 rw-p 00008000 08:05 2240000                    /usr/lib/x86_64-linux-gnu/libthai.so.0.3.0
7fca9f260000-7fca9f281000 r-xp 00000000 08:05 2240278                    /usr/lib/x86_64-linux-gnu/libxcb.so.1.1.0
7fca9f281000-7fca9f480000 ---p 00021000 08:05 2240278                    /usr/lib/x86_64-linux-gnu/libxcb.so.1.1.0
7fca9f480000-7fca9f481000 r--p 00020000 08:05 2240278                    /usr/lib/x86_64-linux-gnu/libxcb.so.1.1.0
7fca9f481000-7fca9f482000 rw-p 00021000 08:05 2240278                    /usr/lib/x86_64-linux-gnu/libxcb.so.1.1.0
7fca9f482000-7fca9f48a000 r-xp 00000000 08:05 2240262                    /usr/lib/x86_64-linux-gnu/libxcb-render.so.0.0.0
7fca9f48a000-7fca9f68a000 ---p 00008000 08:05 2240262                    /usr/lib/x86_64-linux-gnu/libxcb-render.so.0.0.0
7fca9f68a000-7fca9f68b000 r--p 00008000 08:05 2240262                    /usr/lib/x86_64-linux-gnu/libxcb-render.so.0.0.0
7fca9f68b000-7fca9f68c000 rw-p 00009000 08:05 2240262                    /usr/lib/x86_64-linux-gnu/libxcb-render.so.0.0.0
7fca9f68c000-7fca9f68e000 r-xp 00000000 08:05 2240266                    /usr/lib/x86_64-linux-gnu/libxcb-shm.so.0.0.0
7fca9f68e000-7fca9f88e000 ---p 00002000 08:05 2240266                    /usr/lib/x86_64-linux-gnu/libxcb-shm.so.0.0.0
7fca9f88e000-7fca9f88f000 r--p 00002000 08:05 2240266                    /usr/lib/x86_64-linux-gnu/libxcb-shm.so.0.0.0
7fca9f88f000-7fca9f890000 rw-p 00003000 08:05 2240266                    /usr/lib/x86_64-linux-gnu/libxcb-shm.so.0.0.0
7fca9f890000-7fca9f92f000 r-xp 00000000 08:05 2239783                    /usr/lib/x86_64-linux-gnu/libpixman-1.so.0.33.6
7fca9f92f000-7fca9fb2f000 ---p 0009f000 08:05 2239783                    /usr/lib/x86_64-linux-gnu/libpixman-1.so.0.33.6
7fca9fb2f000-7fca9fb37000 r--p 0009f000 08:05 2239783                    /usr/lib/x86_64-linux-gnu/libpixman-1.so.0.33.6
7fca9fb37000-7fca9fb38000 rw-p 000a7000 08:05 2239783                    /usr/lib/x86_64-linux-gnu/libpixman-1.so.0.33.6
7fca9fb38000-7fca9fbb6000 r-xp 00000000 08:05 2239412                    /usr/lib/x86_64-linux-gnu/libharfbuzz.so.0.10200.7
7fca9fbb6000-7fca9fdb6000 ---p 0007e000 08:05 2239412                    /usr/lib/x86_64-linux-gnu/libharfbuzz.so.0.10200.7
7fca9fdb6000-7fca9fdb7000 r--p 0007e000 08:05 2239412                    /usr/lib/x86_64-linux-gnu/libharfbuzz.so.0.10200.7
7fca9fdb7000-7fca9fdb8000 rw-p 0007f000 08:05 2239412                    /usr/lib/x86_64-linux-gnu/libharfbuzz.so.0.10200.7
7fca9fdb8000-7fca9fdfe000 r-xp 00000000 08:05 398122                     /lib/x86_64-linux-gnu/libmount.so.1.1.0
7fca9fdfe000-7fca9fffd000 ---p 00046000 08:05 398122                     /lib/x86_64-linux-gnu/libmount.so.1.1.0
7fca9fffd000-7fca9fffe000 r--p 00045000 08:05 398122                     /lib/x86_64-linux-gnu/libmount.so.1.1.0
7fca9fffe000-7fca9ffff000 rw-p 00046000 08:05 398122                     /lib/x86_64-linux-gnu/libmount.so.1.1.0
7fca9ffff000-7fcaa0000000 rw-p 00000000 00:00 0 
7fcaa0000000-7fcaa23fe000 rw-p 00000000 00:00 0 
7fcaa23fe000-7fcaa4000000 ---p 00000000 00:00 0 
7fcaa4000000-7fcaa4001000 r--s 00000000 08:05 279311                     /var/cache/fontconfig/dc05db6664285cc2f12bf69c139ae4c3-le64.cache-6
7fcaa4001000-7fcaa4002000 r--s 00000000 08:05 276021                     /var/cache/fontconfig/4794a0821666d79190d59a36cb4f44b5-le64.cache-6
7fcaa4002000-7fcaa4033000 r-xp 00000000 08:05 2239791                    /usr/lib/x86_64-linux-gnu/libpng16.so.16.25.0
7fcaa4033000-7fcaa4232000 ---p 00031000 08:05 2239791                    /usr/lib/x86_64-linux-gnu/libpng16.so.16.25.0
7fcaa4232000-7fcaa4233000 r--p 00030000 08:05 2239791                    /usr/lib/x86_64-linux-gnu/libpng16.so.16.25.0
7fcaa4233000-7fcaa4234000 rw-p 00031000 08:05 2239791                    /usr/lib/x86_64-linux-gnu/libpng16.so.16.25.0
7fcaa4234000-7fcaa424b000 r-xp 00000000 08:05 409762                     /lib/x86_64-linux-gnu/libresolv-2.24.so
7fcaa424b000-7fcaa444b000 ---p 00017000 08:05 409762                     /lib/x86_64-linux-gnu/libresolv-2.24.so
7fcaa444b000-7fcaa444c000 r--p 00017000 08:05 409762                     /lib/x86_64-linux-gnu/libresolv-2.24.so
7fcaa444c000-7fcaa444d000 rw-p 00018000 08:05 409762                     /lib/x86_64-linux-gnu/libresolv-2.24.so
7fcaa444d000-7fcaa444f000 rw-p 00000000 00:00 0 
7fcaa444f000-7fcaa4472000 r-xp 00000000 08:05 398769                     /lib/x86_64-linux-gnu/libselinux.so.1
7fcaa4472000-7fcaa4671000 ---p 00023000 08:05 398769                     /lib/x86_64-linux-gnu/libselinux.so.1
7fcaa4671000-7fcaa4672000 r--p 00022000 08:05 398769                     /lib/x86_64-linux-gnu/libselinux.so.1
7fcaa4672000-7fcaa4673000 rw-p 00023000 08:05 398769                     /lib/x86_64-linux-gnu/libselinux.so.1
7fcaa4673000-7fcaa4675000 rw-p 00000000 00:00 0 
7fcaa4675000-7fcaa468e000 r-xp 00000000 08:05 398798                     /lib/x86_64-linux-gnu/libz.so.1.2.8
7fcaa468e000-7fcaa488d000 ---p 00019000 08:05 398798                     /lib/x86_64-linux-gnu/libz.so.1.2.8
7fcaa488d000-7fcaa488e000 r--p 00018000 08:05 398798                     /lib/x86_64-linux-gnu/libz.so.1.2.8
7fcaa488e000-7fcaa488f000 rw-p 00019000 08:05 398798                     /lib/x86_64-linux-gnu/libz.so.1.2.8
7fcaa488f000-7fcaa48a0000 r-xp 00000000 08:05 2238757                    /usr/lib/x86_64-linux-gnu/libXext.so.6.4.0
7fcaa48a0000-7fcaa4a9f000 ---p 00011000 08:05 2238757                    /usr/lib/x86_64-linux-gnu/libXext.so.6.4.0
7fcaa4a9f000-7fcaa4aa0000 r--p 00010000 08:05 2238757                    /usr/lib/x86_64-linux-gnu/libXext.so.6.4.0
7fcaa4aa0000-7fcaa4aa1000 rw-p 00011000 08:05 2238757                    /usr/lib/x86_64-linux-gnu/libXext.so.6.4.0
7fcaa4aa1000-7fcaa4aa3000 r-xp 00000000 08:05 2238753                    /usr/lib/x86_64-linux-gnu/libXdamage.so.1.1.0
7fcaa4aa3000-7fcaa4ca2000 ---p 00002000 08:05 2238753                    /usr/lib/x86_64-linux-gnu/libXdamage.so.1.1.0
7fcaa4ca2000-7fcaa4ca3000 r--p 00001000 08:05 2238753                    /usr/lib/x86_64-linux-gnu/libXdamage.so.1.1.0
7fcaa4ca3000-7fcaa4ca4000 rw-p 00002000 08:05 2238753                    /usr/lib/x86_64-linux-gnu/libXdamage.so.1.1.0
7fcaa4ca4000-7fcaa4ca6000 r-xp 00000000 08:05 2238749                    /usr/lib/x86_64-linux-gnu/libXcomposite.so.1.0.0
7fcaa4ca6000-7fcaa4ea5000 ---p 00002000 08:05 2238749                    /usr/lib/x86_64-linux-gnu/libXcomposite.so.1.0.0
7fcaa4ea5000-7fcaa4ea6000 r--p 00001000 08:05 2238749                    /usr/lib/x86_64-linux-gnu/libXcomposite.so.1.0.0
7fcaa4ea6000-7fcaa4ea7000 rw-p 00002000 08:05 2238749                    /usr/lib/x86_64-linux-gnu/libXcomposite.so.1.0.0
7fcaa4ea7000-7fcaa4eb0000 r-xp 00000000 08:05 2238751                    /usr/lib/x86_64-linux-gnu/libXcursor.so.1.0.2
7fcaa4eb0000-7fcaa50af000 ---p 00009000 08:05 2238751                    /usr/lib/x86_64-linux-gnu/libXcursor.so.1.0.2
7fcaa50af000-7fcaa50b0000 r--p 00008000 08:05 2238751                    /usr/lib/x86_64-linux-gnu/libXcursor.so.1.0.2
7fcaa50b0000-7fcaa50b1000 rw-p 00009000 08:05 2238751                    /usr/lib/x86_64-linux-gnu/libXcursor.so.1.0.2
7fcaa50b1000-7fcaa50bb000 r-xp 00000000 08:05 2238775                    /usr/lib/x86_64-linux-gnu/libXrandr.so.2.2.0
7fcaa50bb000-7fcaa52ba000 ---p 0000a000 08:05 2238775                    /usr/lib/x86_64-linux-gnu/libXrandr.so.2.2.0
7fcaa52ba000-7fcaa52bb000 r--p 00009000 08:05 2238775                    /usr/lib/x86_64-linux-gnu/libXrandr.so.2.2.0
7fcaa52bb000-7fcaa52bc000 rw-p 0000a000 08:05 2238775                    /usr/lib/x86_64-linux-gnu/libXrandr.so.2.2.0
7fcaa52bc000-7fcaa52cb000 r-xp 00000000 08:05 2238765                    /usr/lib/x86_64-linux-gnu/libXi.so.6.1.0
7fcaa52cb000-7fcaa54ca000 ---p 0000f000 08:05 2238765                    /usr/lib/x86_64-linux-gnu/libXi.so.6.1.0
7fcaa54ca000-7fcaa54cb000 r--p 0000e000 08:05 2238765                    /usr/lib/x86_64-linux-gnu/libXi.so.6.1.0
7fcaa54cb000-7fcaa54cc000 rw-p 0000f000 08:05 2238765                    /usr/lib/x86_64-linux-gnu/libXi.so.6.1.0
7fcaa54cc000-7fcaa54ce000 r-xp 00000000 08:05 2238767                    /usr/lib/x86_64-linux-gnu/libXinerama.so.1.0.0
7fcaa54ce000-7fcaa56cd000 ---p 00002000 08:05 2238767                    /usr/lib/x86_64-linux-gnu/libXinerama.so.1.0.0
7fcaa56cd000-7fcaa56ce000 r--p 00001000 08:05 2238767                    /usr/lib/x86_64-linux-gnu/libXinerama.so.1.0.0
7fcaa56ce000-7fcaa56cf000 rw-p 00002000 08:05 2238767                    /usr/lib/x86_64-linux-gnu/libXinerama.so.1.0.0
7fcaa56cf000-7fcaa56d8000 r-xp 00000000 08:05 2238777                    /usr/lib/x86_64-linux-gnu/libXrender.so.1.3.0
7fcaa56d8000-7fcaa58d7000 ---p 00009000 08:05 2238777                    /usr/lib/x86_64-linux-gnu/libXrender.so.1.3.0
7fcaa58d7000-7fcaa58d8000 r--p 00008000 08:05 2238777                    /usr/lib/x86_64-linux-gnu/libXrender.so.1.3.0
7fcaa58d8000-7fcaa58d9000 rw-p 00009000 08:05 2238777                    /usr/lib/x86_64-linux-gnu/libXrender.so.1.3.0
7fcaa58d9000-7fcaa58de000 r-xp 00000000 08:05 2238759                    /usr/lib/x86_64-linux-gnu/libXfixes.so.3.1.0
7fcaa58de000-7fcaa5add000 ---p 00005000 08:05 2238759                    /usr/lib/x86_64-linux-gnu/libXfixes.so.3.1.0
7fcaa5add000-7fcaa5ade000 r--p 00004000 08:05 2238759                    /usr/lib/x86_64-linux-gnu/libXfixes.so.3.1.0
7fcaa5ade000-7fcaa5adf000 rw-p 00005000 08:05 2238759                    /usr/lib/x86_64-linux-gnu/libXfixes.so.3.1.0
7fcaa5adf000-7fcaa5af5000 r-xp 00000000 08:05 398654                     /lib/x86_64-linux-gnu/libgcc_s.so.1
7fcaa5af5000-7fcaa5cf4000 ---p 00016000 08:05 398654                     /lib/x86_64-linux-gnu/libgcc_s.so.1
7fcaa5cf4000-7fcaa5cf5000 r--p 00015000 08:05 398654                     /lib/x86_64-linux-gnu/libgcc_s.so.1
7fcaa5cf5000-7fcaa5cf6000 rw-p 00016000 08:05 398654                     /lib/x86_64-linux-gnu/libgcc_s.so.1
7fcaa5cf6000-7fcaa5e6e000 r-xp 00000000 08:05 2239972                    /usr/lib/x86_64-linux-gnu/libstdc++.so.6.0.22
7fcaa5e6e000-7fcaa606e000 ---p 00178000 08:05 2239972                    /usr/lib/x86_64-linux-gnu/libstdc++.so.6.0.22
7fcaa606e000-7fcaa6078000 r--p 00178000 08:05 2239972                    /usr/lib/x86_64-linux-gnu/libstdc++.so.6.0.22
7fcaa6078000-7fcaa607a000 rw-p 00182000 08:05 2239972                    /usr/lib/x86_64-linux-gnu/libstdc++.so.6.0.22
7fcaa607a000-7fcaa607e000 rw-p 00000000 00:00 0 
7fcaa607e000-7fcaa60ee000 r-xp 00000000 08:05 133030                     /usr/lib/x86_64-linux-gnu/mesa/libGL.so.1.2.0
7fcaa60ee000-7fcaa62ed000 ---p 00070000 08:05 133030                     /usr/lib/x86_64-linux-gnu/mesa/libGL.so.1.2.0
7fcaa62ed000-7fcaa62f0000 r--p 0006f000 08:05 133030                     /usr/lib/x86_64-linux-gnu/mesa/libGL.so.1.2.0
7fcaa62f0000-7fcaa62f1000 rw-p 00072000 08:05 133030                     /usr/lib/x86_64-linux-gnu/mesa/libGL.so.1.2.0
7fcaa62f1000-7fcaa62f2000 rw-p 00000000 00:00 0 
7fcaa62f2000-7fcaa62f7000 r-xp 00000000 08:05 2238793                    /usr/lib/x86_64-linux-gnu/libXxf86vm.so.1.0.0
7fcaa62f7000-7fcaa64f6000 ---p 00005000 08:05 2238793                    /usr/lib/x86_64-linux-gnu/libXxf86vm.so.1.0.0
7fcaa64f6000-7fcaa64f7000 r--p 00004000 08:05 2238793                    /usr/lib/x86_64-linux-gnu/libXxf86vm.so.1.0.0
7fcaa64f7000-7fcaa64f8000 rw-p 00005000 08:05 2238793                    /usr/lib/x86_64-linux-gnu/libXxf86vm.so.1.0.0
7fcaa64f8000-7fcaa662d000 r-xp 00000000 08:05 2238740                    /usr/lib/x86_64-linux-gnu/libX11.so.6.3.0
7fcaa662d000-7fcaa682c000 ---p 00135000 08:05 2238740                    /usr/lib/x86_64-linux-gnu/libX11.so.6.3.0
7fcaa682c000-7fcaa682d000 r--p 00134000 08:05 2238740                    /usr/lib/x86_64-linux-gnu/libX11.so.6.3.0
7fcaa682d000-7fcaa6831000 rw-p 00135000 08:05 2238740                    /usr/lib/x86_64-linux-gnu/libX11.so.6.3.0
7fcaa6831000-7fcaa6836000 r-xp 00000000 08:05 2238783                    /usr/lib/x86_64-linux-gnu/libXtst.so.6.1.0
7fcaa6836000-7fcaa6a35000 ---p 00005000 08:05 2238783                    /usr/lib/x86_64-linux-gnu/libXtst.so.6.1.0
7fcaa6a35000-7fcaa6a36000 r--p 00004000 08:05 2238783                    /usr/lib/x86_64-linux-gnu/libXtst.so.6.1.0
7fcaa6a36000-7fcaa6a37000 rw-p 00005000 08:05 2238783                    /usr/lib/x86_64-linux-gnu/libXtst.so.6.1.0
7fcaa6a37000-7fcaa6b49000 r-xp 00000000 08:05 399763                     /lib/x86_64-linux-gnu/libglib-2.0.so.0.5000.2
7fcaa6b49000-7fcaa6d48000 ---p 00112000 08:05 399763                     /lib/x86_64-linux-gnu/libglib-2.0.so.0.5000.2
7fcaa6d48000-7fcaa6d49000 r--p 00111000 08:05 399763                     /lib/x86_64-linux-gnu/libglib-2.0.so.0.5000.2
7fcaa6d49000-7fcaa6d4a000 rw-p 00112000 08:05 399763                     /lib/x86_64-linux-gnu/libglib-2.0.so.0.5000.2
7fcaa6d4a000-7fcaa6d4b000 rw-p 00000000 00:00 0 
7fcaa6d4b000-7fcaa6d4c000 r-xp 00000000 08:05 2228686                    /usr/lib/x86_64-linux-gnu/libgthread-2.0.so.0.5000.2
7fcaa6d4c000-7fcaa6f4b000 ---p 00001000 08:05 2228686                    /usr/lib/x86_64-linux-gnu/libgthread-2.0.so.0.5000.2
7fcaa6f4b000-7fcaa6f4c000 r--p 00000000 08:05 2228686                    /usr/lib/x86_64-linux-gnu/libgthread-2.0.so.0.5000.2
7fcaa6f4c000-7fcaa6f4d000 rw-p 00001000 08:05 2228686                    /usr/lib/x86_64-linux-gnu/libgthread-2.0.so.0.5000.2
7fcaa6f4d000-7fcaa6f50000 r-xp 00000000 08:05 2228661                    /usr/lib/x86_64-linux-gnu/libgmodule-2.0.so.0.5000.2
7fcaa6f50000-7fcaa714f000 ---p 00003000 08:05 2228661                    /usr/lib/x86_64-linux-gnu/libgmodule-2.0.so.0.5000.2
7fcaa714f000-7fcaa7150000 r--p 00002000 08:05 2228661                    /usr/lib/x86_64-linux-gnu/libgmodule-2.0.so.0.5000.2
7fcaa7150000-7fcaa7151000 rw-p 00003000 08:05 2228661                    /usr/lib/x86_64-linux-gnu/libgmodule-2.0.so.0.5000.2
7fcaa7151000-7fcaa71a3000 r-xp 00000000 08:05 2228683                    /usr/lib/x86_64-linux-gnu/libgobject-2.0.so.0.5000.2
7fcaa71a3000-7fcaa73a2000 ---p 00052000 08:05 2228683                    /usr/lib/x86_64-linux-gnu/libgobject-2.0.so.0.5000.2
7fcaa73a2000-7fcaa73a3000 r--p 00051000 08:05 2228683                    /usr/lib/x86_64-linux-gnu/libgobject-2.0.so.0.5000.2
7fcaa73a3000-7fcaa73a4000 rw-p 00052000 08:05 2228683                    /usr/lib/x86_64-linux-gnu/libgobject-2.0.so.0.5000.2
7fcaa73a4000-7fcaa73e1000 r-xp 00000000 08:05 2239159                    /usr/lib/x86_64-linux-gnu/libfontconfig.so.1.9.0
7fcaa73e1000-7fcaa75e0000 ---p 0003d000 08:05 2239159                    /usr/lib/x86_64-linux-gnu/libfontconfig.so.1.9.0
7fcaa75e0000-7fcaa75e2000 r--p 0003c000 08:05 2239159                    /usr/lib/x86_64-linux-gnu/libfontconfig.so.1.9.0
7fcaa75e2000-7fcaa75e7000 rw-p 0003e000 08:05 2239159                    /usr/lib/x86_64-linux-gnu/libfontconfig.so.1.9.0
7fcaa75e7000-7fcaa768e000 r-xp 00000000 08:05 2229706                    /usr/lib/x86_64-linux-gnu/libfreetype.so.6.12.3
7fcaa768e000-7fcaa788d000 ---p 000a7000 08:05 2229706                    /usr/lib/x86_64-linux-gnu/libfreetype.so.6.12.3
7fcaa788d000-7fcaa7893000 r--p 000a6000 08:05 2229706                    /usr/lib/x86_64-linux-gnu/libfreetype.so.6.12.3
7fcaa7893000-7fcaa7894000 rw-p 000ac000 08:05 2229706                    /usr/lib/x86_64-linux-gnu/libfreetype.so.6.12.3
7fcaa7894000-7fcaa78dd000 r-xp 00000000 08:05 2239751                    /usr/lib/x86_64-linux-gnu/libpango-1.0.so.0.4000.1
7fcaa78dd000-7fcaa7add000 ---p 00049000 08:05 2239751                    /usr/lib/x86_64-linux-gnu/libpango-1.0.so.0.4000.1
7fcaa7add000-7fcaa7adf000 r--p 00049000 08:05 2239751                    /usr/lib/x86_64-linux-gnu/libpango-1.0.so.0.4000.1
7fcaa7adf000-7fcaa7ae0000 rw-p 0004b000 08:05 2239751                    /usr/lib/x86_64-linux-gnu/libpango-1.0.so.0.4000.1
7fcaa7ae0000-7fcaa7bee000 r-xp 00000000 08:05 2238910                    /usr/lib/x86_64-linux-gnu/libcairo.so.2.11400.6
7fcaa7bee000-7fcaa7ded000 ---p 0010e000 08:05 2238910                    /usr/lib/x86_64-linux-gnu/libcairo.so.2.11400.6
7fcaa7ded000-7fcaa7df0000 r--p 0010d000 08:05 2238910                    /usr/lib/x86_64-linux-gnu/libcairo.so.2.11400.6
7fcaa7df0000-7fcaa7df1000 rw-p 00110000 08:05 2238910                    /usr/lib/x86_64-linux-gnu/libcairo.so.2.11400.6
7fcaa7df1000-7fcaa7df3000 rw-p 00000000 00:00 0 
7fcaa7df3000-7fcaa7dff000 r-xp 00000000 08:05 2239753                    /usr/lib/x86_64-linux-gnu/libpangocairo-1.0.so.0.4000.1
7fcaa7dff000-7fcaa7ffe000 ---p 0000c000 08:05 2239753                    /usr/lib/x86_64-linux-gnu/libpangocairo-1.0.so.0.4000.1
7fcaa7ffe000-7fcaa7fff000 r--p 0000b000 08:05 2239753                    /usr/lib/x86_64-linux-gnu/libpangocairo-1.0.so.0.4000.1
7fcaa7fff000-7fcaa8000000 rw-p 0000c000 08:05 2239753                    /usr/lib/x86_64-linux-gnu/libpangocairo-1.0.so.0.4000.1
7fcaa8000000-7fcaa82b4000 rw-p 00000000 00:00 0 
7fcaa82b4000-7fcaac000000 ---p 00000000 00:00 0 
7fcaac000000-7fcaac0fd000 rw-p 00000000 00:00 0 
7fcaac0fd000-7fcab0000000 ---p 00000000 00:00 0 
7fcab0000000-7fcab0021000 rw-p 00000000 00:00 0 
7fcab0021000-7fcab4000000 ---p 00000000 00:00 0 
7fcab4000000-7fcab4021000 rw-p 00000000 00:00 0 
7fcab4021000-7fcab8000000 ---p 00000000 00:00 0 
7fcab8000000-7fcab8a61000 rw-p 00000000 00:00 0 
7fcab8a61000-7fcabc000000 ---p 00000000 00:00 0 
7fcabc000000-7fcabc4e1000 rw-p 00000000 00:00 0 
7fcabc4e1000-7fcac0000000 ---p 00000000 00:00 0 
7fcac0000000-7fcac0021000 rw-p 00000000 00:00 0 
7fcac0021000-7fcac4000000 ---p 00000000 00:00 0 
7fcac4000000-7fcac4741000 rw-p 00000000 00:00 0 
7fcac4741000-7fcac8000000 ---p 00000000 00:00 0 
7fcac8000000-7fcac8021000 rw-p 00000000 00:00 0 
7fcac8021000-7fcacc000000 ---p 00000000 00:00 0 
7fcacc000000-7fcacc021000 rw-p 00000000 00:00 0 
7fcacc021000-7fcad0000000 ---p 00000000 00:00 0 
7fcad0000000-7fcad0021000 rw-p 00000000 00:00 0 
7fcad0021000-7fcad4000000 ---p 00000000 00:00 0 
7fcad4000000-7fcad4021000 rw-p 00000000 00:00 0 
7fcad4021000-7fcad8000000 ---p 00000000 00:00 0 
7fcad8000000-7fcad8021000 rw-p 00000000 00:00 0 
7fcad8021000-7fcadc000000 ---p 00000000 00:00 0 
7fcadc000000-7fcadc021000 rw-p 00000000 00:00 0 
7fcadc021000-7fcae0000000 ---p 00000000 00:00 0 
7fcae0000000-7fcae0021000 rw-p 00000000 00:00 0 
7fcae0021000-7fcae4000000 ---p 00000000 00:00 0 
7fcae4000000-7fcae4001000 r--s 00000000 08:05 279274                     /var/cache/fontconfig/0bd3dc0958fa2205aaaa8ebb13e2872b-le64.cache-6
7fcae4001000-7fcae4002000 r--s 00000000 08:05 279304                     /var/cache/fontconfig/bab58bb527bb656aaa9f116d68a48d89-le64.cache-6
7fcae4002000-7fcae4003000 r--s 00000000 08:05 279288                     /var/cache/fontconfig/56cf4f4769d0f4abc89a4895d7bd3ae1-le64.cache-6
7fcae4003000-7fcae4004000 r--s 00000000 08:05 279303                     /var/cache/fontconfig/b9d506c9ac06c20b433354fa67a72993-le64.cache-6
7fcae4004000-7fcae4005000 r--s 00000000 08:05 279287                     /var/cache/fontconfig/551ecf3b0e8b0bca0f25c0944f561853-le64.cache-6
7fcae4005000-7fcae4008000 ---p 00000000 00:00 0 
7fcae4008000-7fcae4106000 rw-p 00000000 00:00 0 
7fcae4106000-7fcae4151000 r--p 00000000 08:05 919055                     /usr/share/glib-2.0/schemas/gschemas.compiled
7fcae4151000-7fcae41d3000 r-xp 00000000 08:05 398147                     /lib/x86_64-linux-gnu/libsystemd.so.0.16.0
7fcae41d3000-7fcae41d6000 r--p 00081000 08:05 398147                     /lib/x86_64-linux-gnu/libsystemd.so.0.16.0
7fcae41d6000-7fcae41d7000 rw-p 00084000 08:05 398147                     /lib/x86_64-linux-gnu/libsystemd.so.0.16.0
7fcae41d7000-7fcae41d8000 rw-p 00000000 00:00 0 
7fcae41d8000-7fcae41f6000 r-xp 00000000 08:05 398393                     /lib/x86_64-linux-gnu/libudev.so.1.6.5
7fcae41f6000-7fcae41f7000 ---p 0001e000 08:05 398393                     /lib/x86_64-linux-gnu/libudev.so.1.6.5
7fcae41f7000-7fcae41f8000 r--p 0001e000 08:05 398393                     /lib/x86_64-linux-gnu/libudev.so.1.6.5
7fcae41f8000-7fcae41f9000 rw-p 0001f000 08:05 398393                     /lib/x86_64-linux-gnu/libudev.so.1.6.5
7fcae41f9000-7fcae421a000 r-xp 00000000 08:05 2239234                    /usr/lib/x86_64-linux-gnu/libgdk_pixbuf-2.0.so.0.3400.0
7fcae421a000-7fcae4419000 ---p 00021000 08:05 2239234                    /usr/lib/x86_64-linux-gnu/libgdk_pixbuf-2.0.so.0.3400.0
7fcae4419000-7fcae441a000 r--p 00020000 08:05 2239234                    /usr/lib/x86_64-linux-gnu/libgdk_pixbuf-2.0.so.0.3400.0
7fcae441a000-7fcae441b000 rw-p 00021000 08:05 2239234                    /usr/lib/x86_64-linux-gnu/libgdk_pixbuf-2.0.so.0.3400.0
7fcae441b000-7fcae442f000 r-xp 00000000 08:05 2239755                    /usr/lib/x86_64-linux-gnu/libpangoft2-1.0.so.0.4000.1
7fcae442f000-7fcae462f000 ---p 00014000 08:05 2239755                    /usr/lib/x86_64-linux-gnu/libpangoft2-1.0.so.0.4000.1
7fcae462f000-7fcae4630000 r--p 00014000 08:05 2239755                    /usr/lib/x86_64-linux-gnu/libpangoft2-1.0.so.0.4000.1
7fcae4630000-7fcae4631000 rw-p 00015000 08:05 2239755                    /usr/lib/x86_64-linux-gnu/libpangoft2-1.0.so.0.4000.1
7fcae4631000-7fcae47be000 r-xp 00000000 08:05 2228637                    /usr/lib/x86_64-linux-gnu/libgio-2.0.so.0.5000.2
7fcae47be000-7fcae49bd000 ---p 0018d000 08:05 2228637                    /usr/lib/x86_64-linux-gnu/libgio-2.0.so.0.5000.2
7fcae49bd000-7fcae49c2000 r--p 0018c000 08:05 2228637                    /usr/lib/x86_64-linux-gnu/libgio-2.0.so.0.5000.2
7fcae49c2000-7fcae49c5000 rw-p 00191000 08:05 2228637                    /usr/lib/x86_64-linux-gnu/libgio-2.0.so.0.5000.2
7fcae49c5000-7fcae49c6000 rw-p 00000000 00:00 0 
7fcae49c6000-7fcae49e8000 r-xp 00000000 08:05 2238844                    /usr/lib/x86_64-linux-gnu/libatk-1.0.so.0.22009.1
7fcae49e8000-7fcae4be7000 ---p 00022000 08:05 2238844                    /usr/lib/x86_64-linux-gnu/libatk-1.0.so.0.22009.1
7fcae4be7000-7fcae4bea000 r--p 00021000 08:05 2238844                    /usr/lib/x86_64-linux-gnu/libatk-1.0.so.0.22009.1
7fcae4bea000-7fcae4beb000 rw-p 00024000 08:05 2238844                    /usr/lib/x86_64-linux-gnu/libatk-1.0.so.0.22009.1
7fcae4beb000-7fcae4c9b000 r-xp 00000000 08:05 2234326                    /usr/lib/x86_64-linux-gnu/libgdk-x11-2.0.so.0.2400.30
7fcae4c9b000-7fcae4e9a000 ---p 000b0000 08:05 2234326                    /usr/lib/x86_64-linux-gnu/libgdk-x11-2.0.so.0.2400.30
7fcae4e9a000-7fcae4e9e000 r--p 000af000 08:05 2234326                    /usr/lib/x86_64-linux-gnu/libgdk-x11-2.0.so.0.2400.30
7fcae4e9e000-7fcae4ea0000 rw-p 000b3000 08:05 2234326                    /usr/lib/x86_64-linux-gnu/libgdk-x11-2.0.so.0.2400.30
7fcae4ea0000-7fcae52de000 r-xp 00000000 08:05 2234327                    /usr/lib/x86_64-linux-gnu/libgtk-x11-2.0.so.0.2400.30
7fcae52de000-7fcae54de000 ---p 0043e000 08:05 2234327                    /usr/lib/x86_64-linux-gnu/libgtk-x11-2.0.so.0.2400.30
7fcae54de000-7fcae54e5000 r--p 0043e000 08:05 2234327                    /usr/lib/x86_64-linux-gnu/libgtk-x11-2.0.so.0.2400.30
7fcae54e5000-7fcae54e9000 rw-p 00445000 08:05 2234327                    /usr/lib/x86_64-linux-gnu/libgtk-x11-2.0.so.0.2400.30
7fcae54e9000-7fcae54ec000 rw-p 00000000 00:00 0 
7fcae54ec000-7fcae54ed000 r--s 00000000 08:05 279284                     /var/cache/fontconfig/3f7329c5293ffd510edef78f73874cfd-le64.cache-6
7fcae54ed000-7fcae54f1000 r--s 00000000 08:05 279309                     /var/cache/fontconfig/d589a48862398ed80a3d6066f4f56f4c-le64.cache-6
7fcae54f1000-7fcae54fc000 r--s 00000000 08:05 279296                     /var/cache/fontconfig/83bf95040141907cd45bb53cf7c1c148-le64.cache-6
7fcae54fc000-7fcae5509000 r--s 00000000 08:05 282756                     /var/cache/fontconfig/e13b20fdb08344e0e664864cc2ede53d-le64.cache-6
7fcae5509000-7fcae5515000 r-xp 00000000 08:05 2243337                    /usr/lib/jvm/java-8-oracle/jre/lib/amd64/libprism_es2.so
7fcae5515000-7fcae5714000 ---p 0000c000 08:05 2243337                    /usr/lib/jvm/java-8-oracle/jre/lib/amd64/libprism_es2.so
7fcae5714000-7fcae5715000 rw-p 0000b000 08:05 2243337                    /usr/lib/jvm/java-8-oracle/jre/lib/amd64/libprism_es2.so
7fcae5715000-7fcae5718000 ---p 00000000 00:00 0 
7fcae5718000-7fcae5816000 rw-p 00000000 00:00 0 
7fcae5816000-7fcae5819000 ---p 00000000 00:00 0 
7fcae5819000-7fcae5917000 rw-p 00000000 00:00 0 
7fcae5917000-7fcae591a000 ---p 00000000 00:00 0 
7fcae591a000-7fcae5a18000 rw-p 00000000 00:00 0 
7fcae5a18000-7fcae5aad000 r--s 01109000 08:05 2243401                    /usr/lib/jvm/java-8-oracle/jre/lib/ext/jfxrt.jar
7fcae5aad000-7fcae5aae000 ---p 00000000 00:00 0 
7fcae5aae000-7fcae5bae000 rw-p 00000000 00:00 0 
7fcae5bae000-7fcae5bb1000 ---p 00000000 00:00 0 
7fcae5bb1000-7fcae5caf000 rw-p 00000000 00:00 0 
7fcae5caf000-7fcae5cb2000 ---p 00000000 00:00 0 
7fcae5cb2000-7fcae5db0000 rw-p 00000000 00:00 0 
7fcae5db0000-7fcae5db3000 ---p 00000000 00:00 0 
7fcae5db3000-7fcae5eb1000 rw-p 00000000 00:00 0 
7fcae5eb1000-7fcae5eb4000 ---p 00000000 00:00 0 
7fcae5eb4000-7fcae5fb2000 rw-p 00000000 00:00 0 
7fcae5fb2000-7fcae5fb5000 ---p 00000000 00:00 0 
7fcae5fb5000-7fcae60b3000 rw-p 00000000 00:00 0 
7fcae60b3000-7fcae650d000 r--p 00000000 08:05 2229872                    /usr/lib/locale/locale-archive
7fcae650d000-7fcae6510000 ---p 00000000 00:00 0 
7fcae6510000-7fcae660e000 rw-p 00000000 00:00 0 
7fcae660e000-7fcae6611000 ---p 00000000 00:00 0 
7fcae6611000-7fcae670f000 rw-p 00000000 00:00 0 
7fcae670f000-7fcae6710000 ---p 00000000 00:00 0 
7fcae6710000-7fcae77a3000 rw-p 00000000 00:00 0 
7fcae77a3000-7fcae797c000 r--s 03d3e000 08:05 2243317                    /usr/lib/jvm/java-8-oracle/jre/lib/rt.jar
7fcae797c000-7fcaec2d4000 rw-p 00000000 00:00 0 
7fcaec2d4000-7fcaec2d5000 ---p 00000000 00:00 0 
7fcaec2d5000-7fcaec3d5000 rw-p 00000000 00:00 0 
7fcaec3d5000-7fcaec3d6000 ---p 00000000 00:00 0 
7fcaec3d6000-7fcaec4d6000 rw-p 00000000 00:00 0 
7fcaec4d6000-7fcaec4d7000 ---p 00000000 00:00 0 
7fcaec4d7000-7fcaec601000 rw-p 00000000 00:00 0 
7fcaec601000-7fcaec867000 ---p 00000000 00:00 0 
7fcaec867000-7fcaec891000 rw-p 00000000 00:00 0 
7fcaec891000-7fcaecaf7000 ---p 00000000 00:00 0 
7fcaecaf7000-7fcaecb0c000 rw-p 00000000 00:00 0 
7fcaecb0c000-7fcaecc3f000 ---p 00000000 00:00 0 
7fcaecc3f000-7fcaecc65000 rw-p 00000000 00:00 0 
7fcaecc65000-7fcaed000000 ---p 00000000 00:00 0 
7fcaed000000-7fcaed940000 rwxp 00000000 00:00 0 
7fcaed940000-7fcafc000000 ---p 00000000 00:00 0 
7fcafc000000-7fcafc3bf000 rw-p 00000000 00:00 0 
7fcafc3bf000-7fcb00000000 ---p 00000000 00:00 0 
7fcb00000000-7fcb00001000 r--s 00000000 08:05 279281                     /var/cache/fontconfig/30829fa25452a46451e813d634d7f916-le64.cache-6
7fcb00001000-7fcb00004000 r--s 00000000 08:05 279293                     /var/cache/fontconfig/75114ca45c98e8a441da0ff356701271-le64.cache-6
7fcb00004000-7fcb0000c000 rw-s 00000000 00:05 391585                     /drm mm object (deleted)
7fcb0000c000-7fcb000d1000 rw-p 00000000 00:00 0 
7fcb000d1000-7fcb000d2000 ---p 00000000 00:00 0 
7fcb000d2000-7fcb001d2000 rw-p 00000000 00:00 0 
7fcb001d2000-7fcb001ec000 r-xp 00000000 08:05 2243348                    /usr/lib/jvm/java-8-oracle/jre/lib/amd64/libzip.so
7fcb001ec000-7fcb003ec000 ---p 0001a000 08:05 2243348                    /usr/lib/jvm/java-8-oracle/jre/lib/amd64/libzip.so
7fcb003ec000-7fcb003ed000 rw-p 0001a000 08:05 2243348                    /usr/lib/jvm/java-8-oracle/jre/lib/amd64/libzip.so
7fcb003ed000-7fcb003f8000 r-xp 00000000 08:05 409756                     /lib/x86_64-linux-gnu/libnss_files-2.24.so
7fcb003f8000-7fcb005f7000 ---p 0000b000 08:05 409756                     /lib/x86_64-linux-gnu/libnss_files-2.24.so
7fcb005f7000-7fcb005f8000 r--p 0000a000 08:05 409756                     /lib/x86_64-linux-gnu/libnss_files-2.24.so
7fcb005f8000-7fcb005f9000 rw-p 0000b000 08:05 409756                     /lib/x86_64-linux-gnu/libnss_files-2.24.so
7fcb005f9000-7fcb005ff000 rw-p 00000000 00:00 0 
7fcb005ff000-7fcb0060a000 r-xp 00000000 08:05 409758                     /lib/x86_64-linux-gnu/libnss_nis-2.24.so
7fcb0060a000-7fcb00809000 ---p 0000b000 08:05 409758                     /lib/x86_64-linux-gnu/libnss_nis-2.24.so
7fcb00809000-7fcb0080a000 r--p 0000a000 08:05 409758                     /lib/x86_64-linux-gnu/libnss_nis-2.24.so
7fcb0080a000-7fcb0080b000 rw-p 0000b000 08:05 409758                     /lib/x86_64-linux-gnu/libnss_nis-2.24.so
7fcb0080b000-7fcb00821000 r-xp 00000000 08:05 409753                     /lib/x86_64-linux-gnu/libnsl-2.24.so
7fcb00821000-7fcb00a20000 ---p 00016000 08:05 409753                     /lib/x86_64-linux-gnu/libnsl-2.24.so
7fcb00a20000-7fcb00a21000 r--p 00015000 08:05 409753                     /lib/x86_64-linux-gnu/libnsl-2.24.so
7fcb00a21000-7fcb00a22000 rw-p 00016000 08:05 409753                     /lib/x86_64-linux-gnu/libnsl-2.24.so
7fcb00a22000-7fcb00a24000 rw-p 00000000 00:00 0 
7fcb00a24000-7fcb00a2c000 r-xp 00000000 08:05 409754                     /lib/x86_64-linux-gnu/libnss_compat-2.24.so
7fcb00a2c000-7fcb00c2b000 ---p 00008000 08:05 409754                     /lib/x86_64-linux-gnu/libnss_compat-2.24.so
7fcb00c2b000-7fcb00c2c000 r--p 00007000 08:05 409754                     /lib/x86_64-linux-gnu/libnss_compat-2.24.so
7fcb00c2c000-7fcb00c2d000 rw-p 00008000 08:05 409754                     /lib/x86_64-linux-gnu/libnss_compat-2.24.so
7fcb00c2d000-7fcb00c58000 r-xp 00000000 08:05 2243375                    /usr/lib/jvm/java-8-oracle/jre/lib/amd64/libjava.so
7fcb00c58000-7fcb00e57000 ---p 0002b000 08:05 2243375                    /usr/lib/jvm/java-8-oracle/jre/lib/amd64/libjava.so
7fcb00e57000-7fcb00e59000 rw-p 0002a000 08:05 2243375                    /usr/lib/jvm/java-8-oracle/jre/lib/amd64/libjava.so
7fcb00e59000-7fcb00e66000 r-xp 00000000 08:05 2243326                    /usr/lib/jvm/java-8-oracle/jre/lib/amd64/libverify.so
7fcb00e66000-7fcb01065000 ---p 0000d000 08:05 2243326                    /usr/lib/jvm/java-8-oracle/jre/lib/amd64/libverify.so
7fcb01065000-7fcb01067000 rw-p 0000c000 08:05 2243326                    /usr/lib/jvm/java-8-oracle/jre/lib/amd64/libverify.so
7fcb01067000-7fcb0106e000 r-xp 00000000 08:05 409763                     /lib/x86_64-linux-gnu/librt-2.24.so
7fcb0106e000-7fcb0126d000 ---p 00007000 08:05 409763                     /lib/x86_64-linux-gnu/librt-2.24.so
7fcb0126d000-7fcb0126e000 r--p 00006000 08:05 409763                     /lib/x86_64-linux-gnu/librt-2.24.so
7fcb0126e000-7fcb0126f000 rw-p 00007000 08:05 409763                     /lib/x86_64-linux-gnu/librt-2.24.so
7fcb0126f000-7fcb01377000 r-xp 00000000 08:05 409750                     /lib/x86_64-linux-gnu/libm-2.24.so
7fcb01377000-7fcb01576000 ---p 00108000 08:05 409750                     /lib/x86_64-linux-gnu/libm-2.24.so
7fcb01576000-7fcb01577000 r--p 00107000 08:05 409750                     /lib/x86_64-linux-gnu/libm-2.24.so
7fcb01577000-7fcb01578000 rw-p 00108000 08:05 409750                     /lib/x86_64-linux-gnu/libm-2.24.so
7fcb01578000-7fcb02246000 r-xp 00000000 08:05 2243379                    /usr/lib/jvm/java-8-oracle/jre/lib/amd64/server/libjvm.so
7fcb02246000-7fcb02446000 ---p 00cce000 08:05 2243379                    /usr/lib/jvm/java-8-oracle/jre/lib/amd64/server/libjvm.so
7fcb02446000-7fcb0251f000 rw-p 00cce000 08:05 2243379                    /usr/lib/jvm/java-8-oracle/jre/lib/amd64/server/libjvm.so
7fcb0251f000-7fcb0256a000 rw-p 00000000 00:00 0 
7fcb0256a000-7fcb02727000 r-xp 00000000 08:05 409746                     /lib/x86_64-linux-gnu/libc-2.24.so
7fcb02727000-7fcb02927000 ---p 001bd000 08:05 409746                     /lib/x86_64-linux-gnu/libc-2.24.so
7fcb02927000-7fcb0292b000 r--p 001bd000 08:05 409746                     /lib/x86_64-linux-gnu/libc-2.24.so
7fcb0292b000-7fcb0292d000 rw-p 001c1000 08:05 409746                     /lib/x86_64-linux-gnu/libc-2.24.so
7fcb0292d000-7fcb02931000 rw-p 00000000 00:00 0 
7fcb02931000-7fcb02934000 r-xp 00000000 08:05 409749                     /lib/x86_64-linux-gnu/libdl-2.24.so
7fcb02934000-7fcb02b33000 ---p 00003000 08:05 409749                     /lib/x86_64-linux-gnu/libdl-2.24.so
7fcb02b33000-7fcb02b34000 r--p 00002000 08:05 409749                     /lib/x86_64-linux-gnu/libdl-2.24.so
7fcb02b34000-7fcb02b35000 rw-p 00003000 08:05 409749                     /lib/x86_64-linux-gnu/libdl-2.24.so
7fcb02b35000-7fcb02b4a000 r-xp 00000000 08:05 2242460                    /usr/lib/jvm/java-8-oracle/lib/amd64/jli/libjli.so
7fcb02b4a000-7fcb02d4a000 ---p 00015000 08:05 2242460                    /usr/lib/jvm/java-8-oracle/lib/amd64/jli/libjli.so
7fcb02d4a000-7fcb02d4b000 rw-p 00015000 08:05 2242460                    /usr/lib/jvm/java-8-oracle/lib/amd64/jli/libjli.so
7fcb02d4b000-7fcb02d63000 r-xp 00000000 08:05 409761                     /lib/x86_64-linux-gnu/libpthread-2.24.so
7fcb02d63000-7fcb02f63000 ---p 00018000 08:05 409761                     /lib/x86_64-linux-gnu/libpthread-2.24.so
7fcb02f63000-7fcb02f64000 r--p 00018000 08:05 409761                     /lib/x86_64-linux-gnu/libpthread-2.24.so
7fcb02f64000-7fcb02f65000 rw-p 00019000 08:05 409761                     /lib/x86_64-linux-gnu/libpthread-2.24.so
7fcb02f65000-7fcb02f69000 rw-p 00000000 00:00 0 
7fcb02f69000-7fcb02f8e000 r-xp 00000000 08:05 409742                     /lib/x86_64-linux-gnu/ld-2.24.so
7fcb02f8e000-7fcb02f92000 r--s 00000000 08:05 276027                     /var/cache/fontconfig/7ef2298fde41cc6eeb7af42e48b7d293-le64.cache-6
7fcb02f92000-7fcb02f9a000 rw-s 00000000 00:05 391573                     /drm mm object (deleted)
7fcb02f9a000-7fcb02f9f000 r--p 00000000 08:05 546105                     /home/daan/.config/dconf/user
7fcb02f9f000-7fcb0306a000 rw-p 00000000 00:00 0 
7fcb0306a000-7fcb0306d000 ---p 00000000 00:00 0 
7fcb0306d000-7fcb0316d000 rw-p 00000000 00:00 0 
7fcb0316d000-7fcb0316e000 r--s 00000000 08:05 279275                     /var/cache/fontconfig/0c9eb80ebd1c36541ebe2852d3bb0c49-le64.cache-6
7fcb0316f000-7fcb03170000 rw-s 00000000 00:05 391854                     /drm mm object (deleted)
7fcb03170000-7fcb03171000 r--s 00000000 00:2c 55                         /run/user/1000/dconf/user
7fcb03171000-7fcb03179000 rw-s 00000000 00:05 391555                     /drm mm object (deleted)
7fcb03179000-7fcb03180000 r--s 00000000 08:05 148080                     /usr/lib/x86_64-linux-gnu/gconv/gconv-modules.cache
7fcb03180000-7fcb03188000 rw-s 00000000 08:05 1311137                    /tmp/hsperfdata_daan/14001
7fcb03188000-7fcb03189000 rw-p 00000000 00:00 0 
7fcb03189000-7fcb0318a000 r--p 00000000 00:00 0 
7fcb0318a000-7fcb0318d000 rw-p 00000000 00:00 0 
7fcb0318d000-7fcb0318e000 r--p 00024000 08:05 409742                     /lib/x86_64-linux-gnu/ld-2.24.so
7fcb0318e000-7fcb0318f000 rw-p 00025000 08:05 409742                     /lib/x86_64-linux-gnu/ld-2.24.so
7fcb0318f000-7fcb03190000 rw-p 00000000 00:00 0 
7ffd6bad6000-7ffd6baf7000 rw-p 00000000 00:00 0                          [stack]
7ffd6bb99000-7ffd6bb9b000 r--p 00000000 00:00 0                          [vvar]
7ffd6bb9b000-7ffd6bb9d000 r-xp 00000000 00:00 0                          [vdso]
ffffffffff600000-ffffffffff601000 r-xp 00000000 00:00 0                  [vsyscall]

VM Arguments:
jvm_args: -Dfile.encoding=UTF-8 
java_command: application.Main
java_class_path (initial): /home/daan/git/IntegrationProject/IntegrationProject/bin:/home/daan/.p2/pool/plugins/org.junit_4.12.0.v201504281640/junit.jar:/home/daan/.p2/pool/plugins/org.hamcrest.core_1.3.0.v201303031735.jar:/home/daan/git/IntegrationProject/IntegrationProject/commons-codec-1.10.jar
Launcher Type: SUN_STANDARD

Environment Variables:
JAVA_HOME=/usr/lib/jvm/java-8-oracle
PATH=/home/daan/bin:/home/daan/.local/bin:/usr/local/sbin:/usr/local/bin:/usr/sbin:/usr/bin:/sbin:/bin:/usr/games:/usr/local/games:/snap/bin:/usr/lib/jvm/java-8-oracle/bin:/usr/lib/jvm/java-8-oracle/db/bin:/usr/lib/jvm/java-8-oracle/jre/bin
SHELL=/bin/bash
DISPLAY=:0

Signal Handlers:
SIGSEGV: [libjvm.so+0xac78c0], sa_mask[0]=11111111011111111101111111111110, sa_flags=SA_RESTART|SA_SIGINFO
SIGBUS: [libjvm.so+0xac78c0], sa_mask[0]=11111111011111111101111111111110, sa_flags=SA_RESTART|SA_SIGINFO
SIGFPE: [libjvm.so+0x920ac0], sa_mask[0]=11111111011111111101111111111110, sa_flags=SA_RESTART|SA_SIGINFO
SIGPIPE: SIG_IGN, sa_mask[0]=00000000000010000000000000000000, sa_flags=SA_RESTART
SIGXFSZ: [libjvm.so+0x920ac0], sa_mask[0]=11111111011111111101111111111110, sa_flags=SA_RESTART|SA_SIGINFO
SIGILL: [libjvm.so+0x920ac0], sa_mask[0]=11111111011111111101111111111110, sa_flags=SA_RESTART|SA_SIGINFO
SIGUSR1: SIG_DFL, sa_mask[0]=00000000000000000000000000000000, sa_flags=none
SIGUSR2: [libjvm.so+0x922300], sa_mask[0]=00100000000000000000000000000000, sa_flags=SA_RESTART|SA_SIGINFO
SIGHUP: [libjvm.so+0x923700], sa_mask[0]=11111111011111111101111111111110, sa_flags=SA_RESTART|SA_SIGINFO
SIGINT: [libjvm.so+0x923700], sa_mask[0]=11111111011111111101111111111110, sa_flags=SA_RESTART|SA_SIGINFO
SIGTERM: [libjvm.so+0x923700], sa_mask[0]=11111111011111111101111111111110, sa_flags=SA_RESTART|SA_SIGINFO
SIGQUIT: [libjvm.so+0x923700], sa_mask[0]=11111111011111111101111111111110, sa_flags=SA_RESTART|SA_SIGINFO


---------------  S Y S T E M  ---------------

OS:DISTRIB_ID=Ubuntu
DISTRIB_RELEASE=16.10
DISTRIB_CODENAME=yakkety
DISTRIB_DESCRIPTION="Ubuntu 16.10"

uname:Linux 4.8.0-46-generic #49-Ubuntu SMP Fri Mar 31 13:57:14 UTC 2017 x86_64
libc:glibc 2.24 NPTL 2.24 
rlimit: STACK 8192k, CORE 0k, NPROC 30976, NOFILE 4096, AS infinity
load average:0,39 0,31 0,39

/proc/meminfo:
MemTotal:        8054856 kB
MemFree:         3519808 kB
MemAvailable:    4818776 kB
Buffers:           94924 kB
Cached:          1832372 kB
SwapCached:            0 kB
Active:          3218072 kB
Inactive:        1050028 kB
Active(anon):    2342216 kB
Inactive(anon):   456632 kB
Active(file):     875856 kB
Inactive(file):   593396 kB
Unevictable:         128 kB
Mlocked:             128 kB
SwapTotal:       8268796 kB
SwapFree:        8268796 kB
Dirty:                76 kB
Writeback:             0 kB
AnonPages:       2289232 kB
Mapped:           425144 kB
Shmem:            458048 kB
Slab:             152948 kB
SReclaimable:      98624 kB
SUnreclaim:        54324 kB
KernelStack:       10736 kB
PageTables:        43556 kB
NFS_Unstable:          0 kB
Bounce:                0 kB
WritebackTmp:          0 kB
CommitLimit:    12296224 kB
Committed_AS:    6808540 kB
VmallocTotal:   34359738367 kB
VmallocUsed:           0 kB
VmallocChunk:          0 kB
HardwareCorrupted:     0 kB
AnonHugePages:   1443840 kB
ShmemHugePages:        0 kB
ShmemPmdMapped:        0 kB
CmaTotal:              0 kB
CmaFree:               0 kB
HugePages_Total:       0
HugePages_Free:        0
HugePages_Rsvd:        0
HugePages_Surp:        0
Hugepagesize:       2048 kB
DirectMap4k:      185936 kB
DirectMap2M:     5986304 kB
DirectMap1G:     2097152 kB


CPU:total 4 (2 cores per cpu, 2 threads per core) family 6 model 78 stepping 3, cmov, cx8, fxsr, mmx, sse, sse2, sse3, ssse3, sse4.1, sse4.2, popcnt, avx, avx2, aes, clmul, erms, 3dnowpref, lzcnt, ht, tsc, tscinvbit, bmi1, bmi2, adx

/proc/cpuinfo:
processor	: 0
vendor_id	: GenuineIntel
cpu family	: 6
model		: 78
model name	: Intel(R) Core(TM) i5-6200U CPU @ 2.30GHz
stepping	: 3
microcode	: 0x9e
cpu MHz		: 2699.853
cache size	: 3072 KB
physical id	: 0
siblings	: 4
core id		: 0
cpu cores	: 2
apicid		: 0
initial apicid	: 0
fpu		: yes
fpu_exception	: yes
cpuid level	: 22
wp		: yes
flags		: fpu vme de pse tsc msr pae mce cx8 apic sep mtrr pge mca cmov pat pse36 clflush dts acpi mmx fxsr sse sse2 ss ht tm pbe syscall nx pdpe1gb rdtscp lm constant_tsc art arch_perfmon pebs bts rep_good nopl xtopology nonstop_tsc aperfmperf eagerfpu pni pclmulqdq dtes64 monitor ds_cpl vmx est tm2 ssse3 sdbg fma cx16 xtpr pdcm pcid sse4_1 sse4_2 x2apic movbe popcnt tsc_deadline_timer aes xsave avx f16c rdrand lahf_lm abm 3dnowprefetch epb intel_pt tpr_shadow vnmi flexpriority ept vpid fsgsbase tsc_adjust bmi1 avx2 smep bmi2 erms invpcid mpx rdseed adx smap clflushopt xsaveopt xsavec xgetbv1 xsaves dtherm ida arat pln pts hwp hwp_notify hwp_act_window hwp_epp
bugs		:
bogomips	: 4800.00
clflush size	: 64
cache_alignment	: 64
address sizes	: 39 bits physical, 48 bits virtual
power management:

processor	: 1
vendor_id	: GenuineIntel
cpu family	: 6
model		: 78
model name	: Intel(R) Core(TM) i5-6200U CPU @ 2.30GHz
stepping	: 3
microcode	: 0x9e
cpu MHz		: 2700.000
cache size	: 3072 KB
physical id	: 0
siblings	: 4
core id		: 1
cpu cores	: 2
apicid		: 2
initial apicid	: 2
fpu		: yes
fpu_exception	: yes
cpuid level	: 22
wp		: yes
flags		: fpu vme de pse tsc msr pae mce cx8 apic sep mtrr pge mca cmov pat pse36 clflush dts acpi mmx fxsr sse sse2 ss ht tm pbe syscall nx pdpe1gb rdtscp lm constant_tsc art arch_perfmon pebs bts rep_good nopl xtopology nonstop_tsc aperfmperf eagerfpu pni pclmulqdq dtes64 monitor ds_cpl vmx est tm2 ssse3 sdbg fma cx16 xtpr pdcm pcid sse4_1 sse4_2 x2apic movbe popcnt tsc_deadline_timer aes xsave avx f16c rdrand lahf_lm abm 3dnowprefetch epb intel_pt tpr_shadow vnmi flexpriority ept vpid fsgsbase tsc_adjust bmi1 avx2 smep bmi2 erms invpcid mpx rdseed adx smap clflushopt xsaveopt xsavec xgetbv1 xsaves dtherm ida arat pln pts hwp hwp_notify hwp_act_window hwp_epp
bugs		:
bogomips	: 4800.00
clflush size	: 64
cache_alignment	: 64
address sizes	: 39 bits physical, 48 bits virtual
power management:

processor	: 2
vendor_id	: GenuineIntel
cpu family	: 6
model		: 78
model name	: Intel(R) Core(TM) i5-6200U CPU @ 2.30GHz
stepping	: 3
microcode	: 0x9e
cpu MHz		: 2699.853
cache size	: 3072 KB
physical id	: 0
siblings	: 4
core id		: 0
cpu cores	: 2
apicid		: 1
initial apicid	: 1
fpu		: yes
fpu_exception	: yes
cpuid level	: 22
wp		: yes
flags		: fpu vme de pse tsc msr pae mce cx8 apic sep mtrr pge mca cmov pat pse36 clflush dts acpi mmx fxsr sse sse2 ss ht tm pbe syscall nx pdpe1gb rdtscp lm constant_tsc art arch_perfmon pebs bts rep_good nopl xtopology nonstop_tsc aperfmperf eagerfpu pni pclmulqdq dtes64 monitor ds_cpl vmx est tm2 ssse3 sdbg fma cx16 xtpr pdcm pcid sse4_1 sse4_2 x2apic movbe popcnt tsc_deadline_timer aes xsave avx f16c rdrand lahf_lm abm 3dnowprefetch epb intel_pt tpr_shadow vnmi flexpriority ept vpid fsgsbase tsc_adjust bmi1 avx2 smep bmi2 erms invpcid mpx rdseed adx smap clflushopt xsaveopt xsavec xgetbv1 xsaves dtherm ida arat pln pts hwp hwp_notify hwp_act_window hwp_epp
bugs		:
bogomips	: 4800.00
clflush size	: 64
cache_alignment	: 64
address sizes	: 39 bits physical, 48 bits virtual
power management:

processor	: 3
vendor_id	: GenuineIntel
cpu family	: 6
model		: 78
model name	: Intel(R) Core(TM) i5-6200U CPU @ 2.30GHz
stepping	: 3
microcode	: 0x9e
cpu MHz		: 2699.853
cache size	: 3072 KB
physical id	: 0
siblings	: 4
core id		: 1
cpu cores	: 2
apicid		: 3
initial apicid	: 3
fpu		: yes
fpu_exception	: yes
cpuid level	: 22
wp		: yes
flags		: fpu vme de pse tsc msr pae mce cx8 apic sep mtrr pge mca cmov pat pse36 clflush dts acpi mmx fxsr sse sse2 ss ht tm pbe syscall nx pdpe1gb rdtscp lm constant_tsc art arch_perfmon pebs bts rep_good nopl xtopology nonstop_tsc aperfmperf eagerfpu pni pclmulqdq dtes64 monitor ds_cpl vmx est tm2 ssse3 sdbg fma cx16 xtpr pdcm pcid sse4_1 sse4_2 x2apic movbe popcnt tsc_deadline_timer aes xsave avx f16c rdrand lahf_lm abm 3dnowprefetch epb intel_pt tpr_shadow vnmi flexpriority ept vpid fsgsbase tsc_adjust bmi1 avx2 smep bmi2 erms invpcid mpx rdseed adx smap clflushopt xsaveopt xsavec xgetbv1 xsaves dtherm ida arat pln pts hwp hwp_notify hwp_act_window hwp_epp
bugs		:
bogomips	: 4800.00
clflush size	: 64
cache_alignment	: 64
address sizes	: 39 bits physical, 48 bits virtual
power management:



Memory: 4k page, physical 8054856k(3519808k free), swap 8268796k(8268796k free)

vm_info: Java HotSpot(TM) 64-Bit Server VM (25.121-b13) for linux-amd64 JRE (1.8.0_121-b13), built on Dec 12 2016 16:36:53 by "java_re" with gcc 4.3.0 20080428 (Red Hat 4.3.0-8)

time: Thu Apr 13 14:25:33 2017
elapsed time: 46 seconds (0d 0h 0m 46s)

