#
# A fatal error has been detected by the Java Runtime Environment:
#
#  SIGSEGV (0xb) at pc=0x00007fefffed48f8, pid=22358, tid=0x00007fef94f8f700
#
# JRE version: Java(TM) SE Runtime Environment (8.0_121-b13) (build 1.8.0_121-b13)
# Java VM: Java HotSpot(TM) 64-Bit Server VM (25.121-b13 mixed mode linux-amd64 compressed oops)
# Problematic frame:
# V  [libjvm.so+0x6d28f8]  jni_invoke_nonstatic(JNIEnv_*, JavaValue*, _jobject*, JNICallType, _jmethodID*, JNI_ArgumentPusher*, Thread*)+0x38
#
# Failed to write core dump. Core dumps have been disabled. To enable core dumping, try "ulimit -c unlimited" before starting Java again
#
# If you would like to submit a bug report, please visit:
#   http://bugreport.java.com/bugreport/crash.jsp
#

---------------  T H R E A D  ---------------

Current thread (0x00007fefa8106800):  JavaThread "JavaFX Application Thread" [_thread_in_vm, id=22385, stack(0x00007fef94e8f000,0x00007fef94f90000)]

siginfo: si_signo: 11 (SIGSEGV), si_code: 1 (SEGV_MAPERR), si_addr: 0x00007fef00000000

Registers:
RAX=0x00007fef94f8e140, RBX=0x00007fef94f8e050, RCX=0x0000000000000001, RDX=0x00007fef00000000
RSP=0x00007fef94f8dea0, RBP=0x00007fef94f8e020, RSI=0x00007fef94f8e0b0, RDI=0x00007fefa81069f8
R8 =0x00007fefa804ffa8, R9 =0x00007fef94f8e050, R10=0x00007fef80000a48, R11=0x00007fef94f8da00
R12=0x00007fefa8106800, R13=0x00007fefa804ffa8, R14=0x0000000000000001, R15=0x00007fefa81069f8
RIP=0x00007fefffed48f8, EFLAGS=0x0000000000010206, CSGSFS=0x002b000000000033, ERR=0x0000000000000004
  TRAPNO=0x000000000000000e

Top of Stack: (sp=0x00007fef94f8dea0)
0x00007fef94f8dea0:   00007fef94f8e5a0 00007fef94f8e1c0
0x00007fef94f8deb0:   00007fef94f8df00 00007fef94f8df80
0x00007fef94f8dec0:   00007fef94f8e050 00007fef94f8e0b0
0x00007fef94f8ded0:   00007fefa81069f8 00007fefffef4400
0x00007fef94f8dee0:   00007fefc40557f0 00007fefc4055800
0x00007fef94f8def0:   00007fefc4055bd8 00000000000003d8
0x00007fef94f8df00:   0000000000000000 00000000d81fa3c0
0x00007fef94f8df10:   00007fef0000006f 00007fef0000000a
0x00007fef94f8df20:   00000000d886d930 0000000000000000
0x00007fef94f8df30:   0000000000000000 0000000000000000
0x00007fef94f8df40:   00007feffcfa3688 0000000100000100
0x00007fef94f8df50:   0000000000000000 00007fef94f8df08
0x00007fef94f8df60:   00007fef94f8df49 0000000800000005
0x00007fef94f8df70:   0000000000000000 00007fefa80cc010
0x00007fef94f8df80:   00007ff000762510 00007ff001250720
0x00007fef94f8df90:   00000000a80cb840 00007fefa8106800
0x00007fef94f8dfa0:   0000000000000000 00007fefffed4ccb
0x00007fef94f8dfb0:   00007feffcfb2768 00007fefa8106800
0x00007fef94f8dfc0:   00007feffcfb2768 00007fefa8106800
0x00007fef94f8dfd0:   00007fef94f8e160 00007feffcfb2768
0x00007fef94f8dfe0:   00007feffcfb2768 00007feffcfb2768
0x00007fef94f8dff0:   00007fefc40557f0 00007fef94f8e050
0x00007fef94f8e000:   00007fefa8106800 00007fef94f8e090
0x00007fef94f8e010:   00007fefa804ffa8 00007fefa81069f8
0x00007fef94f8e020:   00007fef94f8e110 00007fefffed909f
0x00007fef94f8e030:   00007fefa8106800 00007fefbeeeaff4
0x00007fef94f8e040:   00007fef94f8e128 00007fef00000000
0x00007fef94f8e050:   00007ff000763170 00007ff001250720
0x00007fef94f8e060:   0000000094f8e0d0 e933022100000063
0x00007fef94f8e070:   0000000000000000 0000003000000018
0x00007fef94f8e080:   00007fef94f8e200 00007fef94f8e140
0x00007fef94f8e090:   00007fefa8106800 0000000000000000 

Instructions: (pc=0x00007fefffed48f8)
0x00007fefffed48d8:   00 00 48 85 d2 48 89 bd b0 fe ff ff 48 89 b5 a8
0x00007fefffed48e8:   fe ff ff 4c 89 8d a0 fe ff ff 0f 84 78 09 00 00
0x00007fefffed48f8:   4c 8b 22 4d 85 e4 0f 84 6c 09 00 00 48 8b 45 10
0x00007fefffed4908:   48 8b 98 38 01 00 00 48 83 7b 18 f7 0f 87 16 07 

Register to memory mapping:

RAX=0x00007fef94f8e140 is pointing into the stack for thread: 0x00007fefa8106800
RBX=0x00007fef94f8e050 is pointing into the stack for thread: 0x00007fefa8106800
RCX=0x0000000000000001 is an unknown value
RDX=0x00007fef00000000 is an unknown value
RSP=0x00007fef94f8dea0 is pointing into the stack for thread: 0x00007fefa8106800
RBP=0x00007fef94f8e020 is pointing into the stack for thread: 0x00007fefa8106800
RSI=0x00007fef94f8e0b0 is pointing into the stack for thread: 0x00007fefa8106800
RDI=0x00007fefa81069f8 is an unknown value
R8 =0x00007fefa804ffa8 is an unknown value
R9 =0x00007fef94f8e050 is pointing into the stack for thread: 0x00007fefa8106800
R10=0x00007fef80000a48 is an unknown value
R11=0x00007fef94f8da00 is pointing into the stack for thread: 0x00007fefa8106800
R12=0x00007fefa8106800 is a thread
R13=0x00007fefa804ffa8 is an unknown value
R14=0x0000000000000001 is an unknown value
R15=0x00007fefa81069f8 is an unknown value


Stack: [0x00007fef94e8f000,0x00007fef94f90000],  sp=0x00007fef94f8dea0,  free space=1019k
Native frames: (J=compiled Java code, j=interpreted, Vv=VM code, C=native code)
V  [libjvm.so+0x6d28f8]  jni_invoke_nonstatic(JNIEnv_*, JavaValue*, _jobject*, JNICallType, _jmethodID*, JNI_ArgumentPusher*, Thread*)+0x38
V  [libjvm.so+0x6d709f]  jni_CallVoidMethodV+0x10f
C  [libglass.so+0x13e51]  JNIEnv_::CallVoidMethod(_jobject*, _jmethodID*, ...)+0x81
C  [libglass.so+0x1876f]  WindowContextBase::process_key(_GdkEventKey*)+0x20f
C  [libglass.so+0x15fe0]  WindowContextBase::im_filter_keypress(_GdkEventKey*)+0x1c0
C  [libglass.so+0x20a3c]  process_events(_GdkEvent*, void*)+0x22c
C  [libgdk-x11-2.0.so.0+0x5acdc]

Java frames: (J=compiled Java code, j=interpreted, Vv=VM code)
j  com.sun.glass.ui.gtk.GtkApplication._runLoop(Ljava/lang/Runnable;Z)V+0
j  com.sun.glass.ui.gtk.GtkApplication.lambda$null$49(Ljava/lang/Runnable;Z)V+7
j  com.sun.glass.ui.gtk.GtkApplication$$Lambda$43.run()V+12
j  java.lang.Thread.run()V+11
v  ~StubRoutines::call_stub

---------------  P R O C E S S  ---------------

Java Threads: ( => current thread )
  0x00007feff800a000 JavaThread "DestroyJavaVM" [_thread_blocked, id=22360, stack(0x00007ff0012f4000,0x00007ff0013f5000)]
  0x00007feff8116800 JavaThread "Thread-5" [_thread_blocked, id=22390, stack(0x00007fef8f667000,0x00007fef8f768000)]
  0x00007feff811b800 JavaThread "Thread-4" [_thread_in_native, id=22389, stack(0x00007fef8f968000,0x00007fef8fa69000)]
  0x00007fef801bc800 JavaThread "Prism Font Disposer" daemon [_thread_blocked, id=22386, stack(0x00007fef94353000,0x00007fef94454000)]
=>0x00007fefa8106800 JavaThread "JavaFX Application Thread" [_thread_in_vm, id=22385, stack(0x00007fef94e8f000,0x00007fef94f90000)]
  0x00007fefa80c9000 JavaThread "Thread-3" daemon [_thread_blocked, id=22384, stack(0x00007fef94f90000,0x00007fef95091000)]
  0x00007fefa8041800 JavaThread "QuantumRenderer-0" daemon [_thread_blocked, id=22380, stack(0x00007fefbf965000,0x00007fefbfa66000)]
  0x00007fefa4073800 JavaThread "JavaFX-Launcher" [_thread_blocked, id=22379, stack(0x00007fefbfa66000,0x00007fefbfb67000)]
  0x00007feff8137800 JavaThread "Thread-0" [_thread_blocked, id=22378, stack(0x00007fefbfb67000,0x00007fefbfc68000)]
  0x00007feff80c1000 JavaThread "Service Thread" daemon [_thread_blocked, id=22376, stack(0x00007fefbfdfe000,0x00007fefbfeff000)]
  0x00007feff80be000 JavaThread "C1 CompilerThread2" daemon [_thread_blocked, id=22375, stack(0x00007fefbfeff000,0x00007fefc0000000)]
  0x00007feff80bc800 JavaThread "C2 CompilerThread1" daemon [_thread_blocked, id=22374, stack(0x00007fefe4018000,0x00007fefe4119000)]
  0x00007feff80b9800 JavaThread "C2 CompilerThread0" daemon [_thread_blocked, id=22373, stack(0x00007fefe4119000,0x00007fefe421a000)]
  0x00007feff80b8000 JavaThread "Signal Dispatcher" daemon [_thread_blocked, id=22372, stack(0x00007fefe421a000,0x00007fefe431b000)]
  0x00007feff8084000 JavaThread "Finalizer" daemon [_thread_blocked, id=22371, stack(0x00007fefe4775000,0x00007fefe4876000)]
  0x00007feff807f800 JavaThread "Reference Handler" daemon [_thread_blocked, id=22370, stack(0x00007fefe4876000,0x00007fefe4977000)]

Other Threads:
  0x00007feff8077800 VMThread [stack: 0x00007fefe4977000,0x00007fefe4a78000] [id=22369]
  0x00007feff80c4000 WatcherThread [stack: 0x00007fefbfcfd000,0x00007fefbfdfe000] [id=22377]

VM state:not at safepoint (normal execution)

VM Mutex/Monitor currently owned by a thread: None

Heap:
 PSYoungGen      total 36864K, used 11092K [0x00000000d7000000, 0x00000000d9900000, 0x0000000100000000)
  eden space 31744K, 18% used [0x00000000d7000000,0x00000000d75da700,0x00000000d8f00000)
  from space 5120K, 99% used [0x00000000d8f00000,0x00000000d93faae8,0x00000000d9400000)
  to   space 5120K, 0% used [0x00000000d9400000,0x00000000d9400000,0x00000000d9900000)
 ParOldGen       total 84992K, used 664K [0x0000000085000000, 0x000000008a300000, 0x00000000d7000000)
  object space 84992K, 0% used [0x0000000085000000,0x00000000850a6000,0x000000008a300000)
 Metaspace       used 14837K, capacity 15648K, committed 15872K, reserved 1062912K
  class space    used 2244K, capacity 2453K, committed 2560K, reserved 1048576K

Card table byte_map: [0x00007feffdcc3000,0x00007feffe09c000] byte_map_base: 0x00007feffd89b000

Marking Bits: (ParMarkBitMap*) 0x00007ff0007c6c80
 Begin Bits: [0x00007fefe5280000, 0x00007fefe7140000)
 End Bits:   [0x00007fefe7140000, 0x00007fefe9000000)

Polling page: 0x00007ff001413000

CodeCache: size=245760Kb used=4039Kb max_used=4039Kb free=241720Kb
 bounds [0x00007fefe9000000, 0x00007fefe9400000, 0x00007feff8000000]
 total_blobs=1808 nmethods=1183 adapters=538
 compilation: enabled

Compilation events (10 events):
Event: 2,441 Thread 0x00007feff80be000 nmethod 1175 0x00007fefe93ee9d0 code [0x00007fefe93eeb60, 0x00007fefe93eeff0]
Event: 2,441 Thread 0x00007feff80be000 1177       3       javafx.scene.Node::impl_markDirty (27 bytes)
Event: 2,441 Thread 0x00007feff80b9800 nmethod 1172 0x00007fefe93eda10 code [0x00007fefe93edb80, 0x00007fefe93edc58]
Event: 2,443 Thread 0x00007feff80be000 nmethod 1177 0x00007fefe93ecb90 code [0x00007fefe93ecd60, 0x00007fefe93ed728]
Event: 2,443 Thread 0x00007feff80be000 1181       1       com.sun.javafx.scene.DirtyBits::getMask (5 bytes)
Event: 2,443 Thread 0x00007feff80be000 nmethod 1181 0x00007fefe93ec8d0 code [0x00007fefe93eca20, 0x00007fefe93ecb30]
Event: 2,443 Thread 0x00007feff80be000 1178       3       javafx.beans.property.DoublePropertyBase::isBound (13 bytes)
Event: 2,443 Thread 0x00007feff80be000 nmethod 1178 0x00007fefe93ee610 code [0x00007fefe93ee780, 0x00007fefe93ee930]
Event: 2,443 Thread 0x00007feff80be000 1180       3       javafx.beans.property.DoublePropertyBase::set (111 bytes)
Event: 2,444 Thread 0x00007feff80bc800 nmethod 1161 0x00007fefe93f2790 code [0x00007fefe93f2940, 0x00007fefe93f2e78]

GC Heap History (2 events):
Event: 2,255 GC heap before
{Heap before GC invocations=1 (full 0):
 PSYoungGen      total 36864K, used 31280K [0x00000000d7000000, 0x00000000d9900000, 0x0000000100000000)
  eden space 31744K, 98% used [0x00000000d7000000,0x00000000d8e8c0b0,0x00000000d8f00000)
  from space 5120K, 0% used [0x00000000d9400000,0x00000000d9400000,0x00000000d9900000)
  to   space 5120K, 0% used [0x00000000d8f00000,0x00000000d8f00000,0x00000000d9400000)
 ParOldGen       total 84992K, used 0K [0x0000000085000000, 0x000000008a300000, 0x00000000d7000000)
  object space 84992K, 0% used [0x0000000085000000,0x0000000085000000,0x000000008a300000)
 Metaspace       used 13844K, capacity 14548K, committed 14848K, reserved 1062912K
  class space    used 2072K, capacity 2247K, committed 2304K, reserved 1048576K
Event: 2,275 GC heap after
Heap after GC invocations=1 (full 0):
 PSYoungGen      total 36864K, used 5098K [0x00000000d7000000, 0x00000000d9900000, 0x0000000100000000)
  eden space 31744K, 0% used [0x00000000d7000000,0x00000000d7000000,0x00000000d8f00000)
  from space 5120K, 99% used [0x00000000d8f00000,0x00000000d93faae8,0x00000000d9400000)
  to   space 5120K, 0% used [0x00000000d9400000,0x00000000d9400000,0x00000000d9900000)
 ParOldGen       total 84992K, used 664K [0x0000000085000000, 0x000000008a300000, 0x00000000d7000000)
  object space 84992K, 0% used [0x0000000085000000,0x00000000850a6000,0x000000008a300000)
 Metaspace       used 13844K, capacity 14548K, committed 14848K, reserved 1062912K
  class space    used 2072K, capacity 2247K, committed 2304K, reserved 1048576K
}

Deoptimization events (10 events):
Event: 1,207 Thread 0x00007fefa8106800 Uncommon trap: reason=class_check action=maybe_recompile pc=0x00007fefe9232674 method=java.io.DataInputStream.readShort()S @ 4
Event: 1,207 Thread 0x00007fefa8106800 Uncommon trap: reason=class_check action=maybe_recompile pc=0x00007fefe9232674 method=java.io.DataInputStream.readShort()S @ 4
Event: 1,213 Thread 0x00007fefa8106800 Uncommon trap: reason=class_check action=maybe_recompile pc=0x00007fefe9116238 method=java.lang.String.equals(Ljava/lang/Object;)Z @ 8
Event: 1,213 Thread 0x00007fefa8106800 Uncommon trap: reason=class_check action=maybe_recompile pc=0x00007fefe9116238 method=java.lang.String.equals(Ljava/lang/Object;)Z @ 8
Event: 1,213 Thread 0x00007fefa8106800 Uncommon trap: reason=class_check action=maybe_recompile pc=0x00007fefe9116238 method=java.lang.String.equals(Ljava/lang/Object;)Z @ 8
Event: 1,277 Thread 0x00007fefa8106800 Uncommon trap: reason=class_check action=maybe_recompile pc=0x00007fefe9116238 method=java.lang.String.equals(Ljava/lang/Object;)Z @ 8
Event: 1,344 Thread 0x00007fefa8106800 Uncommon trap: reason=unstable_if action=reinterpret pc=0x00007fefe9287ea8 method=sun.net.www.ParseUtil.encodePath(Ljava/lang/String;Z)Ljava/lang/String; @ 109
Event: 1,422 Thread 0x00007fefa8106800 Uncommon trap: reason=unstable_if action=reinterpret pc=0x00007fefe92f36e4 method=jdk.internal.org.objectweb.asm.Type.getArgumentsAndReturnSizes(Ljava/lang/String;)I @ 47
Event: 2,342 Thread 0x00007fefa8106800 Uncommon trap: reason=unstable_if action=reinterpret pc=0x00007fefe91c08a4 method=java.lang.String.indexOf([CII[CIII)I @ 3
Event: 2,439 Thread 0x00007fefa8106800 Uncommon trap: reason=unstable_if action=reinterpret pc=0x00007fefe91a11ec method=java.lang.String.startsWith(Ljava/lang/String;I)Z @ 25

Internal exceptions (10 events):
Event: 0,229 Thread 0x00007feff8137800 Exception <a 'java/lang/NoSuchFieldError': method resolution failed> (0x00000000d730f7d0) thrown at [/HUDSON3/workspace/8-2-build-linux-amd64/jdk8u121/8372/hotspot/src/share/vm/prims/methodHandles.cpp, line 1146]
Event: 0,258 Thread 0x00007fefa4073800 Exception <a 'java/security/PrivilegedActionException'> (0x00000000d73e1440) thrown at [/HUDSON3/workspace/8-2-build-linux-amd64/jdk8u121/8372/hotspot/src/share/vm/prims/jvm.cpp, line 1390]
Event: 0,258 Thread 0x00007fefa4073800 Exception <a 'java/security/PrivilegedActionException'> (0x00000000d73e1650) thrown at [/HUDSON3/workspace/8-2-build-linux-amd64/jdk8u121/8372/hotspot/src/share/vm/prims/jvm.cpp, line 1390]
Event: 0,258 Thread 0x00007fefa4073800 Exception <a 'java/security/PrivilegedActionException'> (0x00000000d73e3b48) thrown at [/HUDSON3/workspace/8-2-build-linux-amd64/jdk8u121/8372/hotspot/src/share/vm/prims/jvm.cpp, line 1390]
Event: 0,258 Thread 0x00007fefa4073800 Exception <a 'java/security/PrivilegedActionException'> (0x00000000d73e3d58) thrown at [/HUDSON3/workspace/8-2-build-linux-amd64/jdk8u121/8372/hotspot/src/share/vm/prims/jvm.cpp, line 1390]
Event: 0,259 Thread 0x00007fefa4073800 Exception <a 'java/lang/NullPointerException'> (0x00000000d73e4330) thrown at [/HUDSON3/workspace/8-2-build-linux-amd64/jdk8u121/8372/hotspot/src/share/vm/interpreter/linkResolver.cpp, line 1178]
Event: 0,503 Thread 0x00007fefa8106800 Exception <a 'java/lang/NullPointerException'> (0x00000000d7ae32b8) thrown at [/HUDSON3/workspace/8-2-build-linux-amd64/jdk8u121/8372/hotspot/src/share/vm/interpreter/linkResolver.cpp, line 1178]
Event: 0,503 Thread 0x00007fefa8106800 Exception <a 'java/lang/NullPointerException'> (0x00000000d7ae32b8) thrown at [/HUDSON3/workspace/8-2-build-linux-amd64/jdk8u121/8372/hotspot/src/share/vm/prims/jvm.cpp, line 1394]
Event: 0,676 Thread 0x00007fefa8106800 Implicit null exception at 0x00007fefe9243eb5 to 0x00007fefe9244091
Event: 2,290 Thread 0x00007fefa8106800 Exception <a 'java/io/FileNotFoundException'> (0x00000000d7249db0) thrown at [/HUDSON3/workspace/8-2-build-linux-amd64/jdk8u121/8372/hotspot/src/share/vm/prims/jni.cpp, line 709]

Events (10 events):
Event: 2,409 loading class com/sun/javafx/effect/EffectDirtyBits done
Event: 2,411 loading class javafx/scene/shape/SVGPath$1
Event: 2,411 loading class javafx/scene/shape/SVGPath$1 done
Event: 2,411 loading class javafx/scene/shape/SVGPath$2
Event: 2,411 loading class javafx/scene/shape/SVGPath$2 done
Event: 2,411 loading class com/sun/javafx/sg/prism/NGSVGPath
Event: 2,411 loading class com/sun/javafx/sg/prism/NGSVGPath done
Event: 2,439 Thread 0x00007fefa8106800 Uncommon trap: trap_request=0xffffff65 fr.pc=0x00007fefe91a11ec
Event: 2,439 Thread 0x00007fefa8106800 DEOPT PACKING pc=0x00007fefe91a11ec sp=0x00007fef94f8add0
Event: 2,439 Thread 0x00007fefa8106800 DEOPT UNPACKING pc=0x00007fefe9005229 sp=0x00007fef94f8ad68 mode 2


Dynamic libraries:
00400000-00401000 r-xp 00000000 08:05 2243241                            /usr/lib/jvm/java-8-oracle/bin/java
00600000-00601000 rw-p 00000000 08:05 2243241                            /usr/lib/jvm/java-8-oracle/bin/java
01aee000-01b0f000 rw-p 00000000 00:00 0                                  [heap]
85000000-8a300000 rw-p 00000000 00:00 0 
8a300000-d7000000 ---p 00000000 00:00 0 
d7000000-d9900000 rw-p 00000000 00:00 0 
d9900000-100000000 ---p 00000000 00:00 0 
100000000-100280000 rw-p 00000000 00:00 0 
100280000-140000000 ---p 00000000 00:00 0 
7fef6c000000-7fef6c021000 rw-p 00000000 00:00 0 
7fef6c021000-7fef70000000 ---p 00000000 00:00 0 
7fef74000000-7fef74021000 rw-p 00000000 00:00 0 
7fef74021000-7fef78000000 ---p 00000000 00:00 0 
7fef78000000-7fef78021000 rw-p 00000000 00:00 0 
7fef78021000-7fef7c000000 ---p 00000000 00:00 0 
7fef7c000000-7fef7c021000 rw-p 00000000 00:00 0 
7fef7c021000-7fef80000000 ---p 00000000 00:00 0 
7fef80000000-7fef804f4000 rw-p 00000000 00:00 0 
7fef804f4000-7fef84000000 ---p 00000000 00:00 0 
7fef84000000-7fef84022000 rw-p 00000000 00:00 0 
7fef84022000-7fef88000000 ---p 00000000 00:00 0 
7fef88000000-7fef88021000 rw-p 00000000 00:00 0 
7fef88021000-7fef8c000000 ---p 00000000 00:00 0 
7fef8f667000-7fef8f66a000 ---p 00000000 00:00 0 
7fef8f66a000-7fef8f868000 rw-p 00000000 00:00 0 
7fef8f868000-7fef8f968000 ---p 00000000 00:00 0 
7fef8f968000-7fef8f96b000 ---p 00000000 00:00 0 
7fef8f96b000-7fef8fa69000 rw-p 00000000 00:00 0 
7fef8fa69000-7fef8fa7f000 r-xp 00000000 08:05 2243325                    /usr/lib/jvm/java-8-oracle/jre/lib/amd64/libnet.so
7fef8fa7f000-7fef8fc7f000 ---p 00016000 08:05 2243325                    /usr/lib/jvm/java-8-oracle/jre/lib/amd64/libnet.so
7fef8fc7f000-7fef8fc80000 rw-p 00016000 08:05 2243325                    /usr/lib/jvm/java-8-oracle/jre/lib/amd64/libnet.so
7fef8fc80000-7fef8fe40000 rw-s 103ca9000 00:06 391                       /dev/dri/card0
7fef8fe40000-7fef90000000 rw-s 00000000 00:05 474278                     /drm mm object (deleted)
7fef90000000-7fef90021000 rw-p 00000000 00:00 0 
7fef90021000-7fef94000000 ---p 00000000 00:00 0 
7fef940a0000-7fef940a4000 r--s 0009a000 08:05 2243269                    /usr/lib/jvm/java-8-oracle/jre/lib/jsse.jar
7fef940a4000-7fef94104000 rw-s 00000000 00:05 474286                     /drm mm object (deleted)
7fef94104000-7fef94112000 rw-s 00000000 00:05 474285                     /drm mm object (deleted)
7fef94112000-7fef94114000 rw-s 103e69000 00:06 391                       /dev/dri/card0
7fef94114000-7fef94124000 rw-s 00000000 00:05 474282                     /drm mm object (deleted)
7fef94124000-7fef94134000 rw-s 00000000 00:05 474280                     /drm mm object (deleted)
7fef94134000-7fef94140000 rw-s 00000000 00:05 471772                     /drm mm object (deleted)
7fef94140000-7fef94153000 r--s 00345000 08:05 2243549                    /usr/lib/jvm/java-8-oracle/jre/lib/resources.jar
7fef94153000-7fef94353000 rw-p 00000000 00:00 0 
7fef94353000-7fef94356000 ---p 00000000 00:00 0 
7fef94356000-7fef94454000 rw-p 00000000 00:00 0 
7fef94454000-7fef9450d000 r--p 00000000 08:05 918436                     /usr/share/fonts/truetype/dejavu/DejaVuSans.ttf
7fef9450d000-7fef94549000 r--p 00000000 08:05 2243419                    /usr/lib/jvm/java-8-oracle/jre/lib/fonts/LucidaTypewriterRegular.ttf
7fef94549000-7fef94583000 r--p 00000000 08:05 2243415                    /usr/lib/jvm/java-8-oracle/jre/lib/fonts/LucidaTypewriterBold.ttf
7fef94583000-7fef945d8000 r--p 00000000 08:05 2243416                    /usr/lib/jvm/java-8-oracle/jre/lib/fonts/LucidaBrightRegular.ttf
7fef945d8000-7fef94683000 r--p 00000000 08:05 2243413                    /usr/lib/jvm/java-8-oracle/jre/lib/fonts/LucidaSansRegular.ttf
7fef94683000-7fef94687000 r-xp 00000000 08:05 2243362                    /usr/lib/jvm/java-8-oracle/jre/lib/amd64/libjavafx_font_pango.so
7fef94687000-7fef94886000 ---p 00004000 08:05 2243362                    /usr/lib/jvm/java-8-oracle/jre/lib/amd64/libjavafx_font_pango.so
7fef94886000-7fef94887000 rw-p 00003000 08:05 2243362                    /usr/lib/jvm/java-8-oracle/jre/lib/amd64/libjavafx_font_pango.so
7fef94887000-7fef94a87000 rw-p 00000000 00:00 0 
7fef94a87000-7fef94a8c000 r-xp 00000000 08:05 2243358                    /usr/lib/jvm/java-8-oracle/jre/lib/amd64/libjavafx_font_freetype.so
7fef94a8c000-7fef94c8b000 ---p 00005000 08:05 2243358                    /usr/lib/jvm/java-8-oracle/jre/lib/amd64/libjavafx_font_freetype.so
7fef94c8b000-7fef94c8c000 rw-p 00004000 08:05 2243358                    /usr/lib/jvm/java-8-oracle/jre/lib/amd64/libjavafx_font_freetype.so
7fef94c8c000-7fef94c8f000 r-xp 00000000 08:05 2243320                    /usr/lib/jvm/java-8-oracle/jre/lib/amd64/libjavafx_font.so
7fef94c8f000-7fef94e8e000 ---p 00003000 08:05 2243320                    /usr/lib/jvm/java-8-oracle/jre/lib/amd64/libjavafx_font.so
7fef94e8e000-7fef94e8f000 rw-p 00002000 08:05 2243320                    /usr/lib/jvm/java-8-oracle/jre/lib/amd64/libjavafx_font.so
7fef94e8f000-7fef94e92000 ---p 00000000 00:00 0 
7fef94e92000-7fef94f90000 rw-p 00000000 00:00 0 
7fef94f90000-7fef94f93000 ---p 00000000 00:00 0 
7fef94f93000-7fef95091000 rw-p 00000000 00:00 0 
7fef95091000-7fef95092000 ---p 00000000 00:00 0 
7fef95092000-7fef95892000 rw-p 00000000 00:00 0 
7fef95892000-7fef95893000 ---p 00000000 00:00 0 
7fef95893000-7fef96093000 rw-p 00000000 00:00 0 
7fef96093000-7fef96094000 ---p 00000000 00:00 0 
7fef96094000-7fef96894000 rw-p 00000000 00:00 0 
7fef96894000-7fef968a0000 r-xp 00000000 08:05 133762                     /usr/lib/x86_64-linux-gnu/gio/modules/libdconfsettings.so
7fef968a0000-7fef96a9f000 ---p 0000c000 08:05 133762                     /usr/lib/x86_64-linux-gnu/gio/modules/libdconfsettings.so
7fef96a9f000-7fef96aa0000 r--p 0000b000 08:05 133762                     /usr/lib/x86_64-linux-gnu/gio/modules/libdconfsettings.so
7fef96aa0000-7fef96aa1000 rw-p 0000c000 08:05 133762                     /usr/lib/x86_64-linux-gnu/gio/modules/libdconfsettings.so
7fef96aa1000-7fef96aa8000 r-xp 00000000 08:05 2239720                    /usr/lib/x86_64-linux-gnu/libogg.so.0.8.2
7fef96aa8000-7fef96ca8000 ---p 00007000 08:05 2239720                    /usr/lib/x86_64-linux-gnu/libogg.so.0.8.2
7fef96ca8000-7fef96ca9000 r--p 00007000 08:05 2239720                    /usr/lib/x86_64-linux-gnu/libogg.so.0.8.2
7fef96ca9000-7fef96caa000 rw-p 00008000 08:05 2239720                    /usr/lib/x86_64-linux-gnu/libogg.so.0.8.2
7fef96caa000-7fef96cd4000 r-xp 00000000 08:05 2240153                    /usr/lib/x86_64-linux-gnu/libvorbis.so.0.4.8
7fef96cd4000-7fef96ed4000 ---p 0002a000 08:05 2240153                    /usr/lib/x86_64-linux-gnu/libvorbis.so.0.4.8
7fef96ed4000-7fef96ed5000 r--p 0002a000 08:05 2240153                    /usr/lib/x86_64-linux-gnu/libvorbis.so.0.4.8
7fef96ed5000-7fef96ed6000 rw-p 0002b000 08:05 2240153                    /usr/lib/x86_64-linux-gnu/libvorbis.so.0.4.8
7fef96ed6000-7fef96ede000 r-xp 00000000 08:05 2239564                    /usr/lib/x86_64-linux-gnu/libltdl.so.7.3.1
7fef96ede000-7fef970de000 ---p 00008000 08:05 2239564                    /usr/lib/x86_64-linux-gnu/libltdl.so.7.3.1
7fef970de000-7fef970df000 r--p 00008000 08:05 2239564                    /usr/lib/x86_64-linux-gnu/libltdl.so.7.3.1
7fef970df000-7fef970e0000 rw-p 00009000 08:05 2239564                    /usr/lib/x86_64-linux-gnu/libltdl.so.7.3.1
7fef970e0000-7fef970f4000 r-xp 00000000 08:05 2239986                    /usr/lib/x86_64-linux-gnu/libtdb.so.1.3.9
7fef970f4000-7fef972f3000 ---p 00014000 08:05 2239986                    /usr/lib/x86_64-linux-gnu/libtdb.so.1.3.9
7fef972f3000-7fef972f4000 r--p 00013000 08:05 2239986                    /usr/lib/x86_64-linux-gnu/libtdb.so.1.3.9
7fef972f4000-7fef972f5000 rw-p 00014000 08:05 2239986                    /usr/lib/x86_64-linux-gnu/libtdb.so.1.3.9
7fef972f5000-7fef972fc000 r-xp 00000000 08:05 2240157                    /usr/lib/x86_64-linux-gnu/libvorbisfile.so.3.3.7
7fef972fc000-7fef974fc000 ---p 00007000 08:05 2240157                    /usr/lib/x86_64-linux-gnu/libvorbisfile.so.3.3.7
7fef974fc000-7fef974fd000 r--p 00007000 08:05 2240157                    /usr/lib/x86_64-linux-gnu/libvorbisfile.so.3.3.7
7fef974fd000-7fef974fe000 rw-p 00008000 08:05 2240157                    /usr/lib/x86_64-linux-gnu/libvorbisfile.so.3.3.7
7fef974fe000-7fef9750e000 r-xp 00000000 08:05 2238920                    /usr/lib/x86_64-linux-gnu/libcanberra.so.0.2.5
7fef9750e000-7fef9770e000 ---p 00010000 08:05 2238920                    /usr/lib/x86_64-linux-gnu/libcanberra.so.0.2.5
7fef9770e000-7fef9770f000 r--p 00010000 08:05 2238920                    /usr/lib/x86_64-linux-gnu/libcanberra.so.0.2.5
7fef9770f000-7fef97710000 rw-p 00011000 08:05 2238920                    /usr/lib/x86_64-linux-gnu/libcanberra.so.0.2.5
7fef97710000-7fef97714000 r-xp 00000000 08:05 2238916                    /usr/lib/x86_64-linux-gnu/libcanberra-gtk.so.0.1.9
7fef97714000-7fef97913000 ---p 00004000 08:05 2238916                    /usr/lib/x86_64-linux-gnu/libcanberra-gtk.so.0.1.9
7fef97913000-7fef97914000 r--p 00003000 08:05 2238916                    /usr/lib/x86_64-linux-gnu/libcanberra-gtk.so.0.1.9
7fef97914000-7fef97915000 rw-p 00004000 08:05 2238916                    /usr/lib/x86_64-linux-gnu/libcanberra-gtk.so.0.1.9
7fef97915000-7fef9791a000 r-xp 00000000 08:05 133969                     /usr/lib/x86_64-linux-gnu/gtk-2.0/modules/libcanberra-gtk-module.so
7fef9791a000-7fef97b19000 ---p 00005000 08:05 133969                     /usr/lib/x86_64-linux-gnu/gtk-2.0/modules/libcanberra-gtk-module.so
7fef97b19000-7fef97b1a000 r--p 00004000 08:05 133969                     /usr/lib/x86_64-linux-gnu/gtk-2.0/modules/libcanberra-gtk-module.so
7fef97b1a000-7fef97b1b000 rw-p 00005000 08:05 133969                     /usr/lib/x86_64-linux-gnu/gtk-2.0/modules/libcanberra-gtk-module.so
7fef97b1b000-7fef97b4b000 r-xp 00000000 08:05 133951                     /usr/lib/x86_64-linux-gnu/gtk-2.0/2.10.0/engines/libmurrine.so
7fef97b4b000-7fef97d4b000 ---p 00030000 08:05 133951                     /usr/lib/x86_64-linux-gnu/gtk-2.0/2.10.0/engines/libmurrine.so
7fef97d4b000-7fef97d4c000 r--p 00030000 08:05 133951                     /usr/lib/x86_64-linux-gnu/gtk-2.0/2.10.0/engines/libmurrine.so
7fef97d4c000-7fef97d4d000 rw-p 00031000 08:05 133951                     /usr/lib/x86_64-linux-gnu/gtk-2.0/2.10.0/engines/libmurrine.so
7fef97d4d000-7fef97d5d000 r-xp 00000000 08:05 2240079                    /usr/lib/x86_64-linux-gnu/libunity-gtk2-parser.so.0.0.0
7fef97d5d000-7fef97f5d000 ---p 00010000 08:05 2240079                    /usr/lib/x86_64-linux-gnu/libunity-gtk2-parser.so.0.0.0
7fef97f5d000-7fef97f5e000 r--p 00010000 08:05 2240079                    /usr/lib/x86_64-linux-gnu/libunity-gtk2-parser.so.0.0.0
7fef97f5e000-7fef97f5f000 rw-p 00011000 08:05 2240079                    /usr/lib/x86_64-linux-gnu/libunity-gtk2-parser.so.0.0.0
7fef97f5f000-7fef97f64000 r-xp 00000000 08:05 133973                     /usr/lib/x86_64-linux-gnu/gtk-2.0/modules/libunity-gtk-module.so
7fef97f64000-7fef98163000 ---p 00005000 08:05 133973                     /usr/lib/x86_64-linux-gnu/gtk-2.0/modules/libunity-gtk-module.so
7fef98163000-7fef98164000 r--p 00004000 08:05 133973                     /usr/lib/x86_64-linux-gnu/gtk-2.0/modules/libunity-gtk-module.so
7fef98164000-7fef98165000 rw-p 00005000 08:05 133973                     /usr/lib/x86_64-linux-gnu/gtk-2.0/modules/libunity-gtk-module.so
7fef98165000-7fef98187000 r-xp 00000000 08:05 398679                     /lib/x86_64-linux-gnu/liblzma.so.5.0.0
7fef98187000-7fef98386000 ---p 00022000 08:05 398679                     /lib/x86_64-linux-gnu/liblzma.so.5.0.0
7fef98386000-7fef98387000 r--p 00021000 08:05 398679                     /lib/x86_64-linux-gnu/liblzma.so.5.0.0
7fef98387000-7fef98388000 rw-p 00022000 08:05 398679                     /lib/x86_64-linux-gnu/liblzma.so.5.0.0
7fef98388000-7fef983d2000 r-xp 00000000 08:05 399570                     /lib/x86_64-linux-gnu/libdbus-1.so.3.14.7
7fef983d2000-7fef985d2000 ---p 0004a000 08:05 399570                     /lib/x86_64-linux-gnu/libdbus-1.so.3.14.7
7fef985d2000-7fef985d3000 r--p 0004a000 08:05 399570                     /lib/x86_64-linux-gnu/libdbus-1.so.3.14.7
7fef985d3000-7fef985d4000 rw-p 0004b000 08:05 399570                     /lib/x86_64-linux-gnu/libdbus-1.so.3.14.7
7fef985d4000-7fef98600000 r-xp 00000000 08:05 2238852                    /usr/lib/x86_64-linux-gnu/libatspi.so.0.0.1
7fef98600000-7fef987ff000 ---p 0002c000 08:05 2238852                    /usr/lib/x86_64-linux-gnu/libatspi.so.0.0.1
7fef987ff000-7fef98802000 r--p 0002b000 08:05 2238852                    /usr/lib/x86_64-linux-gnu/libatspi.so.0.0.1
7fef98802000-7fef98803000 rw-p 0002e000 08:05 2238852                    /usr/lib/x86_64-linux-gnu/libatspi.so.0.0.1
7fef98803000-7fef98830000 r-xp 00000000 08:05 2238846                    /usr/lib/x86_64-linux-gnu/libatk-bridge-2.0.so.0.0.0
7fef98830000-7fef98a2f000 ---p 0002d000 08:05 2238846                    /usr/lib/x86_64-linux-gnu/libatk-bridge-2.0.so.0.0.0
7fef98a2f000-7fef98a30000 r--p 0002c000 08:05 2238846                    /usr/lib/x86_64-linux-gnu/libatk-bridge-2.0.so.0.0.0
7fef98a30000-7fef98a32000 rw-p 0002d000 08:05 2238846                    /usr/lib/x86_64-linux-gnu/libatk-bridge-2.0.so.0.0.0
7fef98a32000-7fef98a33000 r-xp 00000000 08:05 133968                     /usr/lib/x86_64-linux-gnu/gtk-2.0/modules/libatk-bridge.so
7fef98a33000-7fef98c32000 ---p 00001000 08:05 133968                     /usr/lib/x86_64-linux-gnu/gtk-2.0/modules/libatk-bridge.so
7fef98c32000-7fef98c33000 r--p 00000000 08:05 133968                     /usr/lib/x86_64-linux-gnu/gtk-2.0/modules/libatk-bridge.so
7fef98c33000-7fef98c34000 rw-p 00001000 08:05 133968                     /usr/lib/x86_64-linux-gnu/gtk-2.0/modules/libatk-bridge.so
7fef98c34000-7fef98c3b000 r-xp 00000000 08:05 2228785                    /usr/lib/x86_64-linux-gnu/libgailutil.so.18.0.1
7fef98c3b000-7fef98e3a000 ---p 00007000 08:05 2228785                    /usr/lib/x86_64-linux-gnu/libgailutil.so.18.0.1
7fef98e3a000-7fef98e3b000 r--p 00006000 08:05 2228785                    /usr/lib/x86_64-linux-gnu/libgailutil.so.18.0.1
7fef98e3b000-7fef98e3c000 rw-p 00007000 08:05 2228785                    /usr/lib/x86_64-linux-gnu/libgailutil.so.18.0.1
7fef98e3c000-7fef98e8a000 r-xp 00000000 08:05 132695                     /usr/lib/x86_64-linux-gnu/gtk-2.0/modules/libgail.so
7fef98e8a000-7fef99089000 ---p 0004e000 08:05 132695                     /usr/lib/x86_64-linux-gnu/gtk-2.0/modules/libgail.so
7fef99089000-7fef9908a000 r--p 0004d000 08:05 132695                     /usr/lib/x86_64-linux-gnu/gtk-2.0/modules/libgail.so
7fef9908a000-7fef9908c000 rw-p 0004e000 08:05 132695                     /usr/lib/x86_64-linux-gnu/gtk-2.0/modules/libgail.so
7fef9908c000-7fef9909d000 r-xp 00000000 08:05 132122                     /usr/lib/x86_64-linux-gnu/gtk-2.0/modules/liboverlay-scrollbar.so
7fef9909d000-7fef9929d000 ---p 00011000 08:05 132122                     /usr/lib/x86_64-linux-gnu/gtk-2.0/modules/liboverlay-scrollbar.so
7fef9929d000-7fef9929e000 r--p 00011000 08:05 132122                     /usr/lib/x86_64-linux-gnu/gtk-2.0/modules/liboverlay-scrollbar.so
7fef9929e000-7fef9929f000 rw-p 00012000 08:05 132122                     /usr/lib/x86_64-linux-gnu/gtk-2.0/modules/liboverlay-scrollbar.so
7fef9929f000-7fef992c8000 r-xp 00000000 08:05 2243370                    /usr/lib/jvm/java-8-oracle/jre/lib/amd64/libglass.so
7fef992c8000-7fef994c7000 ---p 00029000 08:05 2243370                    /usr/lib/jvm/java-8-oracle/jre/lib/amd64/libglass.so
7fef994c7000-7fef994ca000 rw-p 00028000 08:05 2243370                    /usr/lib/jvm/java-8-oracle/jre/lib/amd64/libglass.so
7fef994ca000-7fef99501000 r-xp 00000000 08:05 2240033                    /usr/lib/x86_64-linux-gnu/libtxc_dxtn_s2tc.so.0.0.0
7fef99501000-7fef99700000 ---p 00037000 08:05 2240033                    /usr/lib/x86_64-linux-gnu/libtxc_dxtn_s2tc.so.0.0.0
7fef99700000-7fef99701000 r--p 00036000 08:05 2240033                    /usr/lib/x86_64-linux-gnu/libtxc_dxtn_s2tc.so.0.0.0
7fef99701000-7fef99702000 rw-p 00037000 08:05 2240033                    /usr/lib/x86_64-linux-gnu/libtxc_dxtn_s2tc.so.0.0.0
7fef99702000-7fef9970a000 r-xp 00000000 08:05 2239767                    /usr/lib/x86_64-linux-gnu/libpciaccess.so.0.11.1
7fef9970a000-7fef9990a000 ---p 00008000 08:05 2239767                    /usr/lib/x86_64-linux-gnu/libpciaccess.so.0.11.1
7fef9990a000-7fef9990b000 r--p 00008000 08:05 2239767                    /usr/lib/x86_64-linux-gnu/libpciaccess.so.0.11.1
7fef9990b000-7fef9990c000 rw-p 00009000 08:05 2239767                    /usr/lib/x86_64-linux-gnu/libpciaccess.so.0.11.1
7fef9990c000-7fef9991e000 r-xp 00000000 08:05 398660                     /lib/x86_64-linux-gnu/libgpg-error.so.0.19.1
7fef9991e000-7fef99b1e000 ---p 00012000 08:05 398660                     /lib/x86_64-linux-gnu/libgpg-error.so.0.19.1
7fef99b1e000-7fef99b1f000 r--p 00012000 08:05 398660                     /lib/x86_64-linux-gnu/libgpg-error.so.0.19.1
7fef99b1f000-7fef99b20000 rw-p 00013000 08:05 398660                     /lib/x86_64-linux-gnu/libgpg-error.so.0.19.1
7fef99b20000-7fef99b2b000 r-xp 00000000 08:05 2239069                    /usr/lib/x86_64-linux-gnu/libdrm_radeon.so.1.0.1
7fef99b2b000-7fef99d2a000 ---p 0000b000 08:05 2239069                    /usr/lib/x86_64-linux-gnu/libdrm_radeon.so.1.0.1
7fef99d2a000-7fef99d2b000 r--p 0000a000 08:05 2239069                    /usr/lib/x86_64-linux-gnu/libdrm_radeon.so.1.0.1
7fef99d2b000-7fef99d2c000 rw-p 0000b000 08:05 2239069                    /usr/lib/x86_64-linux-gnu/libdrm_radeon.so.1.0.1
7fef99d2c000-7fef99d33000 r-xp 00000000 08:05 2239067                    /usr/lib/x86_64-linux-gnu/libdrm_nouveau.so.2.0.0
7fef99d33000-7fef99f32000 ---p 00007000 08:05 2239067                    /usr/lib/x86_64-linux-gnu/libdrm_nouveau.so.2.0.0
7fef99f32000-7fef99f33000 r--p 00006000 08:05 2239067                    /usr/lib/x86_64-linux-gnu/libdrm_nouveau.so.2.0.0
7fef99f33000-7fef99f34000 rw-p 00007000 08:05 2239067                    /usr/lib/x86_64-linux-gnu/libdrm_nouveau.so.2.0.0
7fef99f34000-7fef99f54000 r-xp 00000000 08:05 2239065                    /usr/lib/x86_64-linux-gnu/libdrm_intel.so.1.0.0
7fef99f54000-7fef9a153000 ---p 00020000 08:05 2239065                    /usr/lib/x86_64-linux-gnu/libdrm_intel.so.1.0.0
7fef9a153000-7fef9a154000 r--p 0001f000 08:05 2239065                    /usr/lib/x86_64-linux-gnu/libdrm_intel.so.1.0.0
7fef9a154000-7fef9a155000 rw-p 00020000 08:05 2239065                    /usr/lib/x86_64-linux-gnu/libdrm_intel.so.1.0.0
7fef9a155000-7fef9a25c000 r-xp 00000000 08:05 398656                     /lib/x86_64-linux-gnu/libgcrypt.so.20.1.2
7fef9a25c000-7fef9a45b000 ---p 00107000 08:05 398656                     /lib/x86_64-linux-gnu/libgcrypt.so.20.1.2
7fef9a45b000-7fef9a45d000 r--p 00106000 08:05 398656                     /lib/x86_64-linux-gnu/libgcrypt.so.20.1.2
7fef9a45d000-7fef9a464000 rw-p 00108000 08:05 398656                     /lib/x86_64-linux-gnu/libgcrypt.so.20.1.2
7fef9a464000-7fef9ab07000 r-xp 00000000 08:05 133427                     /usr/lib/x86_64-linux-gnu/dri/i965_dri.so
7fef9ab07000-7fef9ad06000 ---p 006a3000 08:05 133427                     /usr/lib/x86_64-linux-gnu/dri/i965_dri.so
7fef9ad06000-7fef9ad45000 r--p 006a2000 08:05 133427                     /usr/lib/x86_64-linux-gnu/dri/i965_dri.so
7fef9ad45000-7fef9ad4d000 rw-p 006e1000 08:05 133427                     /usr/lib/x86_64-linux-gnu/dri/i965_dri.so
7fef9ad4d000-7fef9ad55000 rw-p 00000000 00:00 0 
7fef9ad55000-7fef9ad59000 r-xp 00000000 08:05 398105                     /lib/x86_64-linux-gnu/libuuid.so.1.3.0
7fef9ad59000-7fef9af58000 ---p 00004000 08:05 398105                     /lib/x86_64-linux-gnu/libuuid.so.1.3.0
7fef9af58000-7fef9af59000 r--p 00003000 08:05 398105                     /lib/x86_64-linux-gnu/libuuid.so.1.3.0
7fef9af59000-7fef9af5a000 rw-p 00004000 08:05 398105                     /lib/x86_64-linux-gnu/libuuid.so.1.3.0
7fef9af5a000-7fef9af60000 r-xp 00000000 08:05 2239010                    /usr/lib/x86_64-linux-gnu/libdatrie.so.1.3.3
7fef9af60000-7fef9b160000 ---p 00006000 08:05 2239010                    /usr/lib/x86_64-linux-gnu/libdatrie.so.1.3.3
7fef9b160000-7fef9b161000 r--p 00006000 08:05 2239010                    /usr/lib/x86_64-linux-gnu/libdatrie.so.1.3.3
7fef9b161000-7fef9b162000 rw-p 00007000 08:05 2239010                    /usr/lib/x86_64-linux-gnu/libdatrie.so.1.3.3
7fef9b162000-7fef9b167000 r-xp 00000000 08:05 2238755                    /usr/lib/x86_64-linux-gnu/libXdmcp.so.6.0.0
7fef9b167000-7fef9b366000 ---p 00005000 08:05 2238755                    /usr/lib/x86_64-linux-gnu/libXdmcp.so.6.0.0
7fef9b366000-7fef9b367000 r--p 00004000 08:05 2238755                    /usr/lib/x86_64-linux-gnu/libXdmcp.so.6.0.0
7fef9b367000-7fef9b368000 rw-p 00005000 08:05 2238755                    /usr/lib/x86_64-linux-gnu/libXdmcp.so.6.0.0
7fef9b368000-7fef9b36a000 r-xp 00000000 08:05 2238744                    /usr/lib/x86_64-linux-gnu/libXau.so.6.0.0
7fef9b36a000-7fef9b56a000 ---p 00002000 08:05 2238744                    /usr/lib/x86_64-linux-gnu/libXau.so.6.0.0
7fef9b56a000-7fef9b56b000 r--p 00002000 08:05 2238744                    /usr/lib/x86_64-linux-gnu/libXau.so.6.0.0
7fef9b56b000-7fef9b56c000 rw-p 00003000 08:05 2238744                    /usr/lib/x86_64-linux-gnu/libXau.so.6.0.0
7fef9b56c000-7fef9b58f000 r-xp 00000000 08:05 2239322                    /usr/lib/x86_64-linux-gnu/libgraphite2.so.3.0.1
7fef9b58f000-7fef9b78e000 ---p 00023000 08:05 2239322                    /usr/lib/x86_64-linux-gnu/libgraphite2.so.3.0.1
7fef9b78e000-7fef9b790000 r--p 00022000 08:05 2239322                    /usr/lib/x86_64-linux-gnu/libgraphite2.so.3.0.1
7fef9b790000-7fef9b791000 rw-p 00024000 08:05 2239322                    /usr/lib/x86_64-linux-gnu/libgraphite2.so.3.0.1
7fef9b791000-7fef9b7ce000 r-xp 00000000 08:05 398114                     /lib/x86_64-linux-gnu/libblkid.so.1.1.0
7fef9b7ce000-7fef9b9cd000 ---p 0003d000 08:05 398114                     /lib/x86_64-linux-gnu/libblkid.so.1.1.0
7fef9b9cd000-7fef9b9d1000 r--p 0003c000 08:05 398114                     /lib/x86_64-linux-gnu/libblkid.so.1.1.0
7fef9b9d1000-7fef9b9d2000 rw-p 00040000 08:05 398114                     /lib/x86_64-linux-gnu/libblkid.so.1.1.0
7fef9b9d2000-7fef9b9d3000 rw-p 00000000 00:00 0 
7fef9b9d3000-7fef9b9e1000 r-xp 00000000 08:05 2239061                    /usr/lib/x86_64-linux-gnu/libdrm.so.2.4.0
7fef9b9e1000-7fef9bbe0000 ---p 0000e000 08:05 2239061                    /usr/lib/x86_64-linux-gnu/libdrm.so.2.4.0
7fef9bbe0000-7fef9bbe1000 r--p 0000d000 08:05 2239061                    /usr/lib/x86_64-linux-gnu/libdrm.so.2.4.0
7fef9bbe1000-7fef9bbe2000 rw-p 0000e000 08:05 2239061                    /usr/lib/x86_64-linux-gnu/libdrm.so.2.4.0
7fef9bbe2000-7fef9bbe6000 r-xp 00000000 08:05 2240244                    /usr/lib/x86_64-linux-gnu/libxcb-dri2.so.0.0.0
7fef9bbe6000-7fef9bde5000 ---p 00004000 08:05 2240244                    /usr/lib/x86_64-linux-gnu/libxcb-dri2.so.0.0.0
7fef9bde5000-7fef9bde6000 r--p 00003000 08:05 2240244                    /usr/lib/x86_64-linux-gnu/libxcb-dri2.so.0.0.0
7fef9bde6000-7fef9bde7000 rw-p 00004000 08:05 2240244                    /usr/lib/x86_64-linux-gnu/libxcb-dri2.so.0.0.0
7fef9bde7000-7fef9bdfe000 r-xp 00000000 08:05 2240248                    /usr/lib/x86_64-linux-gnu/libxcb-glx.so.0.0.0
7fef9bdfe000-7fef9bffd000 ---p 00017000 08:05 2240248                    /usr/lib/x86_64-linux-gnu/libxcb-glx.so.0.0.0
7fef9bffd000-7fef9bfff000 r--p 00016000 08:05 2240248                    /usr/lib/x86_64-linux-gnu/libxcb-glx.so.0.0.0
7fef9bfff000-7fef9c000000 rw-p 00018000 08:05 2240248                    /usr/lib/x86_64-linux-gnu/libxcb-glx.so.0.0.0
7fef9c000000-7fef9de65000 rw-p 00000000 00:00 0 
7fef9de65000-7fefa0000000 ---p 00000000 00:00 0 
7fefa0001000-7fefa0009000 rw-s 00000000 00:05 474281                     /drm mm object (deleted)
7fefa0009000-7fefa001c000 r--p 00000000 08:05 2243414                    /usr/lib/jvm/java-8-oracle/jre/lib/fonts/LucidaBrightDemiBold.ttf
7fefa001c000-7fefa0030000 r--p 00000000 08:05 2243417                    /usr/lib/jvm/java-8-oracle/jre/lib/fonts/LucidaBrightItalic.ttf
7fefa0030000-7fefa007e000 r--p 00000000 08:05 2243420                    /usr/lib/jvm/java-8-oracle/jre/lib/fonts/LucidaSansDemiBold.ttf
7fefa007e000-7fefa007f000 r-xp 00000000 08:05 2238738                    /usr/lib/x86_64-linux-gnu/libX11-xcb.so.1.0.0
7fefa007f000-7fefa027e000 ---p 00001000 08:05 2238738                    /usr/lib/x86_64-linux-gnu/libX11-xcb.so.1.0.0
7fefa027e000-7fefa027f000 r--p 00000000 08:05 2238738                    /usr/lib/x86_64-linux-gnu/libX11-xcb.so.1.0.0
7fefa027f000-7fefa0280000 rw-p 00001000 08:05 2238738                    /usr/lib/x86_64-linux-gnu/libX11-xcb.so.1.0.0
7fefa0280000-7fefa02a9000 r-xp 00000000 08:05 2231673                    /usr/lib/x86_64-linux-gnu/libglapi.so.0.0.0
7fefa02a9000-7fefa04a8000 ---p 00029000 08:05 2231673                    /usr/lib/x86_64-linux-gnu/libglapi.so.0.0.0
7fefa04a8000-7fefa04ac000 r--p 00028000 08:05 2231673                    /usr/lib/x86_64-linux-gnu/libglapi.so.0.0.0
7fefa04ac000-7fefa04ad000 rw-p 0002c000 08:05 2231673                    /usr/lib/x86_64-linux-gnu/libglapi.so.0.0.0
7fefa04ad000-7fefa04ae000 rw-p 00000000 00:00 0 
7fefa04ae000-7fefa04af000 r-xp 00000000 08:05 2240290                    /usr/lib/x86_64-linux-gnu/libxshmfence.so.1.0.0
7fefa04af000-7fefa06af000 ---p 00001000 08:05 2240290                    /usr/lib/x86_64-linux-gnu/libxshmfence.so.1.0.0
7fefa06af000-7fefa06b0000 r--p 00001000 08:05 2240290                    /usr/lib/x86_64-linux-gnu/libxshmfence.so.1.0.0
7fefa06b0000-7fefa06b1000 rw-p 00002000 08:05 2240290                    /usr/lib/x86_64-linux-gnu/libxshmfence.so.1.0.0
7fefa06b1000-7fefa06b6000 r-xp 00000000 08:05 2240268                    /usr/lib/x86_64-linux-gnu/libxcb-sync.so.1.0.0
7fefa06b6000-7fefa08b6000 ---p 00005000 08:05 2240268                    /usr/lib/x86_64-linux-gnu/libxcb-sync.so.1.0.0
7fefa08b6000-7fefa08b7000 r--p 00005000 08:05 2240268                    /usr/lib/x86_64-linux-gnu/libxcb-sync.so.1.0.0
7fefa08b7000-7fefa08b8000 rw-p 00006000 08:05 2240268                    /usr/lib/x86_64-linux-gnu/libxcb-sync.so.1.0.0
7fefa08b8000-7fefa08ba000 r-xp 00000000 08:05 2240256                    /usr/lib/x86_64-linux-gnu/libxcb-present.so.0.0.0
7fefa08ba000-7fefa0ab9000 ---p 00002000 08:05 2240256                    /usr/lib/x86_64-linux-gnu/libxcb-present.so.0.0.0
7fefa0ab9000-7fefa0aba000 r--p 00001000 08:05 2240256                    /usr/lib/x86_64-linux-gnu/libxcb-present.so.0.0.0
7fefa0aba000-7fefa0abb000 rw-p 00002000 08:05 2240256                    /usr/lib/x86_64-linux-gnu/libxcb-present.so.0.0.0
7fefa0abb000-7fefa0abd000 r-xp 00000000 08:05 2240246                    /usr/lib/x86_64-linux-gnu/libxcb-dri3.so.0.0.0
7fefa0abd000-7fefa0cbc000 ---p 00002000 08:05 2240246                    /usr/lib/x86_64-linux-gnu/libxcb-dri3.so.0.0.0
7fefa0cbc000-7fefa0cbd000 r--p 00001000 08:05 2240246                    /usr/lib/x86_64-linux-gnu/libxcb-dri3.so.0.0.0
7fefa0cbd000-7fefa0cbe000 rw-p 00002000 08:05 2240246                    /usr/lib/x86_64-linux-gnu/libxcb-dri3.so.0.0.0
7fefa0cbe000-7fefa0d30000 r-xp 00000000 08:05 398742                     /lib/x86_64-linux-gnu/libpcre.so.3.13.3
7fefa0d30000-7fefa0f2f000 ---p 00072000 08:05 398742                     /lib/x86_64-linux-gnu/libpcre.so.3.13.3
7fefa0f2f000-7fefa0f30000 r--p 00071000 08:05 398742                     /lib/x86_64-linux-gnu/libpcre.so.3.13.3
7fefa0f30000-7fefa0f31000 rw-p 00072000 08:05 398742                     /lib/x86_64-linux-gnu/libpcre.so.3.13.3
7fefa0f31000-7fefa0f38000 r-xp 00000000 08:05 2239141                    /usr/lib/x86_64-linux-gnu/libffi.so.6.0.4
7fefa0f38000-7fefa1137000 ---p 00007000 08:05 2239141                    /usr/lib/x86_64-linux-gnu/libffi.so.6.0.4
7fefa1137000-7fefa1138000 r--p 00006000 08:05 2239141                    /usr/lib/x86_64-linux-gnu/libffi.so.6.0.4
7fefa1138000-7fefa1139000 rw-p 00007000 08:05 2239141                    /usr/lib/x86_64-linux-gnu/libffi.so.6.0.4
7fefa1139000-7fefa1160000 r-xp 00000000 08:05 398647                     /lib/x86_64-linux-gnu/libexpat.so.1.6.2
7fefa1160000-7fefa1360000 ---p 00027000 08:05 398647                     /lib/x86_64-linux-gnu/libexpat.so.1.6.2
7fefa1360000-7fefa1362000 r--p 00027000 08:05 398647                     /lib/x86_64-linux-gnu/libexpat.so.1.6.2
7fefa1362000-7fefa1363000 rw-p 00029000 08:05 398647                     /lib/x86_64-linux-gnu/libexpat.so.1.6.2
7fefa1363000-7fefa136b000 r-xp 00000000 08:05 2240000                    /usr/lib/x86_64-linux-gnu/libthai.so.0.3.0
7fefa136b000-7fefa156a000 ---p 00008000 08:05 2240000                    /usr/lib/x86_64-linux-gnu/libthai.so.0.3.0
7fefa156a000-7fefa156b000 r--p 00007000 08:05 2240000                    /usr/lib/x86_64-linux-gnu/libthai.so.0.3.0
7fefa156b000-7fefa156c000 rw-p 00008000 08:05 2240000                    /usr/lib/x86_64-linux-gnu/libthai.so.0.3.0
7fefa156c000-7fefa158d000 r-xp 00000000 08:05 2240278                    /usr/lib/x86_64-linux-gnu/libxcb.so.1.1.0
7fefa158d000-7fefa178c000 ---p 00021000 08:05 2240278                    /usr/lib/x86_64-linux-gnu/libxcb.so.1.1.0
7fefa178c000-7fefa178d000 r--p 00020000 08:05 2240278                    /usr/lib/x86_64-linux-gnu/libxcb.so.1.1.0
7fefa178d000-7fefa178e000 rw-p 00021000 08:05 2240278                    /usr/lib/x86_64-linux-gnu/libxcb.so.1.1.0
7fefa178e000-7fefa1796000 r-xp 00000000 08:05 2240262                    /usr/lib/x86_64-linux-gnu/libxcb-render.so.0.0.0
7fefa1796000-7fefa1996000 ---p 00008000 08:05 2240262                    /usr/lib/x86_64-linux-gnu/libxcb-render.so.0.0.0
7fefa1996000-7fefa1997000 r--p 00008000 08:05 2240262                    /usr/lib/x86_64-linux-gnu/libxcb-render.so.0.0.0
7fefa1997000-7fefa1998000 rw-p 00009000 08:05 2240262                    /usr/lib/x86_64-linux-gnu/libxcb-render.so.0.0.0
7fefa1998000-7fefa199a000 r-xp 00000000 08:05 2240266                    /usr/lib/x86_64-linux-gnu/libxcb-shm.so.0.0.0
7fefa199a000-7fefa1b9a000 ---p 00002000 08:05 2240266                    /usr/lib/x86_64-linux-gnu/libxcb-shm.so.0.0.0
7fefa1b9a000-7fefa1b9b000 r--p 00002000 08:05 2240266                    /usr/lib/x86_64-linux-gnu/libxcb-shm.so.0.0.0
7fefa1b9b000-7fefa1b9c000 rw-p 00003000 08:05 2240266                    /usr/lib/x86_64-linux-gnu/libxcb-shm.so.0.0.0
7fefa1b9c000-7fefa1bcd000 r-xp 00000000 08:05 2239791                    /usr/lib/x86_64-linux-gnu/libpng16.so.16.25.0
7fefa1bcd000-7fefa1dcc000 ---p 00031000 08:05 2239791                    /usr/lib/x86_64-linux-gnu/libpng16.so.16.25.0
7fefa1dcc000-7fefa1dcd000 r--p 00030000 08:05 2239791                    /usr/lib/x86_64-linux-gnu/libpng16.so.16.25.0
7fefa1dcd000-7fefa1dce000 rw-p 00031000 08:05 2239791                    /usr/lib/x86_64-linux-gnu/libpng16.so.16.25.0
7fefa1dce000-7fefa1e6d000 r-xp 00000000 08:05 2239783                    /usr/lib/x86_64-linux-gnu/libpixman-1.so.0.33.6
7fefa1e6d000-7fefa206d000 ---p 0009f000 08:05 2239783                    /usr/lib/x86_64-linux-gnu/libpixman-1.so.0.33.6
7fefa206d000-7fefa2075000 r--p 0009f000 08:05 2239783                    /usr/lib/x86_64-linux-gnu/libpixman-1.so.0.33.6
7fefa2075000-7fefa2076000 rw-p 000a7000 08:05 2239783                    /usr/lib/x86_64-linux-gnu/libpixman-1.so.0.33.6
7fefa2076000-7fefa20f4000 r-xp 00000000 08:05 2239412                    /usr/lib/x86_64-linux-gnu/libharfbuzz.so.0.10200.7
7fefa20f4000-7fefa22f4000 ---p 0007e000 08:05 2239412                    /usr/lib/x86_64-linux-gnu/libharfbuzz.so.0.10200.7
7fefa22f4000-7fefa22f5000 r--p 0007e000 08:05 2239412                    /usr/lib/x86_64-linux-gnu/libharfbuzz.so.0.10200.7
7fefa22f5000-7fefa22f6000 rw-p 0007f000 08:05 2239412                    /usr/lib/x86_64-linux-gnu/libharfbuzz.so.0.10200.7
7fefa22f6000-7fefa233c000 r-xp 00000000 08:05 398122                     /lib/x86_64-linux-gnu/libmount.so.1.1.0
7fefa233c000-7fefa253b000 ---p 00046000 08:05 398122                     /lib/x86_64-linux-gnu/libmount.so.1.1.0
7fefa253b000-7fefa253c000 r--p 00045000 08:05 398122                     /lib/x86_64-linux-gnu/libmount.so.1.1.0
7fefa253c000-7fefa253d000 rw-p 00046000 08:05 398122                     /lib/x86_64-linux-gnu/libmount.so.1.1.0
7fefa253d000-7fefa253e000 rw-p 00000000 00:00 0 
7fefa253e000-7fefa2555000 r-xp 00000000 08:05 409762                     /lib/x86_64-linux-gnu/libresolv-2.24.so
7fefa2555000-7fefa2755000 ---p 00017000 08:05 409762                     /lib/x86_64-linux-gnu/libresolv-2.24.so
7fefa2755000-7fefa2756000 r--p 00017000 08:05 409762                     /lib/x86_64-linux-gnu/libresolv-2.24.so
7fefa2756000-7fefa2757000 rw-p 00018000 08:05 409762                     /lib/x86_64-linux-gnu/libresolv-2.24.so
7fefa2757000-7fefa2759000 rw-p 00000000 00:00 0 
7fefa2759000-7fefa277c000 r-xp 00000000 08:05 398769                     /lib/x86_64-linux-gnu/libselinux.so.1
7fefa277c000-7fefa297b000 ---p 00023000 08:05 398769                     /lib/x86_64-linux-gnu/libselinux.so.1
7fefa297b000-7fefa297c000 r--p 00022000 08:05 398769                     /lib/x86_64-linux-gnu/libselinux.so.1
7fefa297c000-7fefa297d000 rw-p 00023000 08:05 398769                     /lib/x86_64-linux-gnu/libselinux.so.1
7fefa297d000-7fefa297f000 rw-p 00000000 00:00 0 
7fefa297f000-7fefa2998000 r-xp 00000000 08:05 398798                     /lib/x86_64-linux-gnu/libz.so.1.2.8
7fefa2998000-7fefa2b97000 ---p 00019000 08:05 398798                     /lib/x86_64-linux-gnu/libz.so.1.2.8
7fefa2b97000-7fefa2b98000 r--p 00018000 08:05 398798                     /lib/x86_64-linux-gnu/libz.so.1.2.8
7fefa2b98000-7fefa2b99000 rw-p 00019000 08:05 398798                     /lib/x86_64-linux-gnu/libz.so.1.2.8
7fefa2b99000-7fefa2baa000 r-xp 00000000 08:05 2238757                    /usr/lib/x86_64-linux-gnu/libXext.so.6.4.0
7fefa2baa000-7fefa2da9000 ---p 00011000 08:05 2238757                    /usr/lib/x86_64-linux-gnu/libXext.so.6.4.0
7fefa2da9000-7fefa2daa000 r--p 00010000 08:05 2238757                    /usr/lib/x86_64-linux-gnu/libXext.so.6.4.0
7fefa2daa000-7fefa2dab000 rw-p 00011000 08:05 2238757                    /usr/lib/x86_64-linux-gnu/libXext.so.6.4.0
7fefa2dab000-7fefa2dad000 r-xp 00000000 08:05 2238753                    /usr/lib/x86_64-linux-gnu/libXdamage.so.1.1.0
7fefa2dad000-7fefa2fac000 ---p 00002000 08:05 2238753                    /usr/lib/x86_64-linux-gnu/libXdamage.so.1.1.0
7fefa2fac000-7fefa2fad000 r--p 00001000 08:05 2238753                    /usr/lib/x86_64-linux-gnu/libXdamage.so.1.1.0
7fefa2fad000-7fefa2fae000 rw-p 00002000 08:05 2238753                    /usr/lib/x86_64-linux-gnu/libXdamage.so.1.1.0
7fefa2fae000-7fefa2fb0000 r-xp 00000000 08:05 2238749                    /usr/lib/x86_64-linux-gnu/libXcomposite.so.1.0.0
7fefa2fb0000-7fefa31af000 ---p 00002000 08:05 2238749                    /usr/lib/x86_64-linux-gnu/libXcomposite.so.1.0.0
7fefa31af000-7fefa31b0000 r--p 00001000 08:05 2238749                    /usr/lib/x86_64-linux-gnu/libXcomposite.so.1.0.0
7fefa31b0000-7fefa31b1000 rw-p 00002000 08:05 2238749                    /usr/lib/x86_64-linux-gnu/libXcomposite.so.1.0.0
7fefa31b1000-7fefa31ba000 r-xp 00000000 08:05 2238751                    /usr/lib/x86_64-linux-gnu/libXcursor.so.1.0.2
7fefa31ba000-7fefa33b9000 ---p 00009000 08:05 2238751                    /usr/lib/x86_64-linux-gnu/libXcursor.so.1.0.2
7fefa33b9000-7fefa33ba000 r--p 00008000 08:05 2238751                    /usr/lib/x86_64-linux-gnu/libXcursor.so.1.0.2
7fefa33ba000-7fefa33bb000 rw-p 00009000 08:05 2238751                    /usr/lib/x86_64-linux-gnu/libXcursor.so.1.0.2
7fefa33bb000-7fefa33c5000 r-xp 00000000 08:05 2238775                    /usr/lib/x86_64-linux-gnu/libXrandr.so.2.2.0
7fefa33c5000-7fefa35c4000 ---p 0000a000 08:05 2238775                    /usr/lib/x86_64-linux-gnu/libXrandr.so.2.2.0
7fefa35c4000-7fefa35c5000 r--p 00009000 08:05 2238775                    /usr/lib/x86_64-linux-gnu/libXrandr.so.2.2.0
7fefa35c5000-7fefa35c6000 rw-p 0000a000 08:05 2238775                    /usr/lib/x86_64-linux-gnu/libXrandr.so.2.2.0
7fefa35c6000-7fefa35d5000 r-xp 00000000 08:05 2238765                    /usr/lib/x86_64-linux-gnu/libXi.so.6.1.0
7fefa35d5000-7fefa37d4000 ---p 0000f000 08:05 2238765                    /usr/lib/x86_64-linux-gnu/libXi.so.6.1.0
7fefa37d4000-7fefa37d5000 r--p 0000e000 08:05 2238765                    /usr/lib/x86_64-linux-gnu/libXi.so.6.1.0
7fefa37d5000-7fefa37d6000 rw-p 0000f000 08:05 2238765                    /usr/lib/x86_64-linux-gnu/libXi.so.6.1.0
7fefa37d6000-7fefa37d8000 r-xp 00000000 08:05 2238767                    /usr/lib/x86_64-linux-gnu/libXinerama.so.1.0.0
7fefa37d8000-7fefa39d7000 ---p 00002000 08:05 2238767                    /usr/lib/x86_64-linux-gnu/libXinerama.so.1.0.0
7fefa39d7000-7fefa39d8000 r--p 00001000 08:05 2238767                    /usr/lib/x86_64-linux-gnu/libXinerama.so.1.0.0
7fefa39d8000-7fefa39d9000 rw-p 00002000 08:05 2238767                    /usr/lib/x86_64-linux-gnu/libXinerama.so.1.0.0
7fefa39d9000-7fefa39e2000 r-xp 00000000 08:05 2238777                    /usr/lib/x86_64-linux-gnu/libXrender.so.1.3.0
7fefa39e2000-7fefa3be1000 ---p 00009000 08:05 2238777                    /usr/lib/x86_64-linux-gnu/libXrender.so.1.3.0
7fefa3be1000-7fefa3be2000 r--p 00008000 08:05 2238777                    /usr/lib/x86_64-linux-gnu/libXrender.so.1.3.0
7fefa3be2000-7fefa3be3000 rw-p 00009000 08:05 2238777                    /usr/lib/x86_64-linux-gnu/libXrender.so.1.3.0
7fefa3be3000-7fefa3be8000 r-xp 00000000 08:05 2238759                    /usr/lib/x86_64-linux-gnu/libXfixes.so.3.1.0
7fefa3be8000-7fefa3de7000 ---p 00005000 08:05 2238759                    /usr/lib/x86_64-linux-gnu/libXfixes.so.3.1.0
7fefa3de7000-7fefa3de8000 r--p 00004000 08:05 2238759                    /usr/lib/x86_64-linux-gnu/libXfixes.so.3.1.0
7fefa3de8000-7fefa3de9000 rw-p 00005000 08:05 2238759                    /usr/lib/x86_64-linux-gnu/libXfixes.so.3.1.0
7fefa3de9000-7fefa3dff000 r-xp 00000000 08:05 398654                     /lib/x86_64-linux-gnu/libgcc_s.so.1
7fefa3dff000-7fefa3ffe000 ---p 00016000 08:05 398654                     /lib/x86_64-linux-gnu/libgcc_s.so.1
7fefa3ffe000-7fefa3fff000 r--p 00015000 08:05 398654                     /lib/x86_64-linux-gnu/libgcc_s.so.1
7fefa3fff000-7fefa4000000 rw-p 00016000 08:05 398654                     /lib/x86_64-linux-gnu/libgcc_s.so.1
7fefa4000000-7fefa42af000 rw-p 00000000 00:00 0 
7fefa42af000-7fefa8000000 ---p 00000000 00:00 0 
7fefa8000000-7fefa8109000 rw-p 00000000 00:00 0 
7fefa8109000-7fefac000000 ---p 00000000 00:00 0 
7fefac000000-7fefac021000 rw-p 00000000 00:00 0 
7fefac021000-7fefb0000000 ---p 00000000 00:00 0 
7fefb0000000-7fefb0021000 rw-p 00000000 00:00 0 
7fefb0021000-7fefb4000000 ---p 00000000 00:00 0 
7fefb4000000-7fefb41c2000 rw-p 00000000 00:00 0 
7fefb41c2000-7fefb8000000 ---p 00000000 00:00 0 
7fefb8000000-7fefb8190000 rw-p 00000000 00:00 0 
7fefb8190000-7fefbc000000 ---p 00000000 00:00 0 
7fefbc001000-7fefbc014000 r--p 00000000 08:05 2243421                    /usr/lib/jvm/java-8-oracle/jre/lib/fonts/LucidaBrightDemiItalic.ttf
7fefbc014000-7fefbc019000 r--s 00084000 08:05 2243424                    /usr/lib/jvm/java-8-oracle/jre/lib/jfr.jar
7fefbc019000-7fefbc024000 r--s 00000000 08:05 279298                     /var/cache/fontconfig/945677eb7aeaf62f1d50efc3fb3ec7d8-le64.cache-6
7fefbc024000-7fefbc02a000 r--s 00000000 08:05 279279                     /var/cache/fontconfig/2cd17615ca594fa2959ae173292e504c-le64.cache-6
7fefbc02a000-7fefbc02b000 r--s 00000000 08:05 279276                     /var/cache/fontconfig/0d8c3b2ac0904cb8a57a757ad11a4a08-le64.cache-6
7fefbc02b000-7fefbc040000 r--s 00000000 08:05 279272                     /var/cache/fontconfig/04aabc0a78ac019cf9454389977116d2-le64.cache-6
7fefbc040000-7fefbc041000 r--s 00000000 08:05 279278                     /var/cache/fontconfig/1ac9eb803944fde146138c791f5cc56a-le64.cache-6
7fefbc041000-7fefbc045000 r--s 00000000 08:05 279283                     /var/cache/fontconfig/385c0604a188198f04d133e54aba7fe7-le64.cache-6
7fefbc045000-7fefbc046000 r--s 00000000 08:05 279311                     /var/cache/fontconfig/dc05db6664285cc2f12bf69c139ae4c3-le64.cache-6
7fefbc046000-7fefbc049000 r--s 00000000 08:05 279294                     /var/cache/fontconfig/767a8244fc0220cfb567a839d0392e0b-le64.cache-6
7fefbc049000-7fefbc04a000 r--s 00000000 08:05 276021                     /var/cache/fontconfig/4794a0821666d79190d59a36cb4f44b5-le64.cache-6
7fefbc04a000-7fefbc04b000 r--s 00000000 08:05 279274                     /var/cache/fontconfig/0bd3dc0958fa2205aaaa8ebb13e2872b-le64.cache-6
7fefbc04b000-7fefbc050000 r--s 00000000 08:05 279297                     /var/cache/fontconfig/8801497958630a81b71ace7c5f9b32a8-le64.cache-6
7fefbc050000-7fefbc056000 r--s 00000000 08:05 279280                     /var/cache/fontconfig/3047814df9a2f067bd2d96a2b9c36e5a-le64.cache-6
7fefbc056000-7fefbc069000 r--s 00000000 08:05 279308                     /var/cache/fontconfig/d52a8644073d54c13679302ca1180695-le64.cache-6
7fefbc069000-7fefbc0b4000 r--p 00000000 08:05 917522                     /usr/share/glib-2.0/schemas/gschemas.compiled
7fefbc0b4000-7fefbc136000 r-xp 00000000 08:05 398147                     /lib/x86_64-linux-gnu/libsystemd.so.0.16.0
7fefbc136000-7fefbc139000 r--p 00081000 08:05 398147                     /lib/x86_64-linux-gnu/libsystemd.so.0.16.0
7fefbc139000-7fefbc13a000 rw-p 00084000 08:05 398147                     /lib/x86_64-linux-gnu/libsystemd.so.0.16.0
7fefbc13a000-7fefbc13b000 rw-p 00000000 00:00 0 
7fefbc13b000-7fefbc159000 r-xp 00000000 08:05 398393                     /lib/x86_64-linux-gnu/libudev.so.1.6.5
7fefbc159000-7fefbc15a000 ---p 0001e000 08:05 398393                     /lib/x86_64-linux-gnu/libudev.so.1.6.5
7fefbc15a000-7fefbc15b000 r--p 0001e000 08:05 398393                     /lib/x86_64-linux-gnu/libudev.so.1.6.5
7fefbc15b000-7fefbc15c000 rw-p 0001f000 08:05 398393                     /lib/x86_64-linux-gnu/libudev.so.1.6.5
7fefbc15c000-7fefbc2d4000 r-xp 00000000 08:05 2239972                    /usr/lib/x86_64-linux-gnu/libstdc++.so.6.0.22
7fefbc2d4000-7fefbc4d4000 ---p 00178000 08:05 2239972                    /usr/lib/x86_64-linux-gnu/libstdc++.so.6.0.22
7fefbc4d4000-7fefbc4de000 r--p 00178000 08:05 2239972                    /usr/lib/x86_64-linux-gnu/libstdc++.so.6.0.22
7fefbc4de000-7fefbc4e0000 rw-p 00182000 08:05 2239972                    /usr/lib/x86_64-linux-gnu/libstdc++.so.6.0.22
7fefbc4e0000-7fefbc4e4000 rw-p 00000000 00:00 0 
7fefbc4e4000-7fefbc554000 r-xp 00000000 08:05 133030                     /usr/lib/x86_64-linux-gnu/mesa/libGL.so.1.2.0
7fefbc554000-7fefbc753000 ---p 00070000 08:05 133030                     /usr/lib/x86_64-linux-gnu/mesa/libGL.so.1.2.0
7fefbc753000-7fefbc756000 r--p 0006f000 08:05 133030                     /usr/lib/x86_64-linux-gnu/mesa/libGL.so.1.2.0
7fefbc756000-7fefbc757000 rw-p 00072000 08:05 133030                     /usr/lib/x86_64-linux-gnu/mesa/libGL.so.1.2.0
7fefbc757000-7fefbc758000 rw-p 00000000 00:00 0 
7fefbc758000-7fefbc75d000 r-xp 00000000 08:05 2238793                    /usr/lib/x86_64-linux-gnu/libXxf86vm.so.1.0.0
7fefbc75d000-7fefbc95c000 ---p 00005000 08:05 2238793                    /usr/lib/x86_64-linux-gnu/libXxf86vm.so.1.0.0
7fefbc95c000-7fefbc95d000 r--p 00004000 08:05 2238793                    /usr/lib/x86_64-linux-gnu/libXxf86vm.so.1.0.0
7fefbc95d000-7fefbc95e000 rw-p 00005000 08:05 2238793                    /usr/lib/x86_64-linux-gnu/libXxf86vm.so.1.0.0
7fefbc95e000-7fefbca93000 r-xp 00000000 08:05 2238740                    /usr/lib/x86_64-linux-gnu/libX11.so.6.3.0
7fefbca93000-7fefbcc92000 ---p 00135000 08:05 2238740                    /usr/lib/x86_64-linux-gnu/libX11.so.6.3.0
7fefbcc92000-7fefbcc93000 r--p 00134000 08:05 2238740                    /usr/lib/x86_64-linux-gnu/libX11.so.6.3.0
7fefbcc93000-7fefbcc97000 rw-p 00135000 08:05 2238740                    /usr/lib/x86_64-linux-gnu/libX11.so.6.3.0
7fefbcc97000-7fefbcc9c000 r-xp 00000000 08:05 2238783                    /usr/lib/x86_64-linux-gnu/libXtst.so.6.1.0
7fefbcc9c000-7fefbce9b000 ---p 00005000 08:05 2238783                    /usr/lib/x86_64-linux-gnu/libXtst.so.6.1.0
7fefbce9b000-7fefbce9c000 r--p 00004000 08:05 2238783                    /usr/lib/x86_64-linux-gnu/libXtst.so.6.1.0
7fefbce9c000-7fefbce9d000 rw-p 00005000 08:05 2238783                    /usr/lib/x86_64-linux-gnu/libXtst.so.6.1.0
7fefbce9d000-7fefbcfaf000 r-xp 00000000 08:05 399763                     /lib/x86_64-linux-gnu/libglib-2.0.so.0.5000.2
7fefbcfaf000-7fefbd1ae000 ---p 00112000 08:05 399763                     /lib/x86_64-linux-gnu/libglib-2.0.so.0.5000.2
7fefbd1ae000-7fefbd1af000 r--p 00111000 08:05 399763                     /lib/x86_64-linux-gnu/libglib-2.0.so.0.5000.2
7fefbd1af000-7fefbd1b0000 rw-p 00112000 08:05 399763                     /lib/x86_64-linux-gnu/libglib-2.0.so.0.5000.2
7fefbd1b0000-7fefbd1b1000 rw-p 00000000 00:00 0 
7fefbd1b1000-7fefbd1b2000 r-xp 00000000 08:05 2228686                    /usr/lib/x86_64-linux-gnu/libgthread-2.0.so.0.5000.2
7fefbd1b2000-7fefbd3b1000 ---p 00001000 08:05 2228686                    /usr/lib/x86_64-linux-gnu/libgthread-2.0.so.0.5000.2
7fefbd3b1000-7fefbd3b2000 r--p 00000000 08:05 2228686                    /usr/lib/x86_64-linux-gnu/libgthread-2.0.so.0.5000.2
7fefbd3b2000-7fefbd3b3000 rw-p 00001000 08:05 2228686                    /usr/lib/x86_64-linux-gnu/libgthread-2.0.so.0.5000.2
7fefbd3b3000-7fefbd3b6000 r-xp 00000000 08:05 2228661                    /usr/lib/x86_64-linux-gnu/libgmodule-2.0.so.0.5000.2
7fefbd3b6000-7fefbd5b5000 ---p 00003000 08:05 2228661                    /usr/lib/x86_64-linux-gnu/libgmodule-2.0.so.0.5000.2
7fefbd5b5000-7fefbd5b6000 r--p 00002000 08:05 2228661                    /usr/lib/x86_64-linux-gnu/libgmodule-2.0.so.0.5000.2
7fefbd5b6000-7fefbd5b7000 rw-p 00003000 08:05 2228661                    /usr/lib/x86_64-linux-gnu/libgmodule-2.0.so.0.5000.2
7fefbd5b7000-7fefbd609000 r-xp 00000000 08:05 2228683                    /usr/lib/x86_64-linux-gnu/libgobject-2.0.so.0.5000.2
7fefbd609000-7fefbd808000 ---p 00052000 08:05 2228683                    /usr/lib/x86_64-linux-gnu/libgobject-2.0.so.0.5000.2
7fefbd808000-7fefbd809000 r--p 00051000 08:05 2228683                    /usr/lib/x86_64-linux-gnu/libgobject-2.0.so.0.5000.2
7fefbd809000-7fefbd80a000 rw-p 00052000 08:05 2228683                    /usr/lib/x86_64-linux-gnu/libgobject-2.0.so.0.5000.2
7fefbd80a000-7fefbd847000 r-xp 00000000 08:05 2239159                    /usr/lib/x86_64-linux-gnu/libfontconfig.so.1.9.0
7fefbd847000-7fefbda46000 ---p 0003d000 08:05 2239159                    /usr/lib/x86_64-linux-gnu/libfontconfig.so.1.9.0
7fefbda46000-7fefbda48000 r--p 0003c000 08:05 2239159                    /usr/lib/x86_64-linux-gnu/libfontconfig.so.1.9.0
7fefbda48000-7fefbda4d000 rw-p 0003e000 08:05 2239159                    /usr/lib/x86_64-linux-gnu/libfontconfig.so.1.9.0
7fefbda4d000-7fefbdaf4000 r-xp 00000000 08:05 2229706                    /usr/lib/x86_64-linux-gnu/libfreetype.so.6.12.3
7fefbdaf4000-7fefbdcf3000 ---p 000a7000 08:05 2229706                    /usr/lib/x86_64-linux-gnu/libfreetype.so.6.12.3
7fefbdcf3000-7fefbdcf9000 r--p 000a6000 08:05 2229706                    /usr/lib/x86_64-linux-gnu/libfreetype.so.6.12.3
7fefbdcf9000-7fefbdcfa000 rw-p 000ac000 08:05 2229706                    /usr/lib/x86_64-linux-gnu/libfreetype.so.6.12.3
7fefbdcfa000-7fefbdd43000 r-xp 00000000 08:05 2239751                    /usr/lib/x86_64-linux-gnu/libpango-1.0.so.0.4000.1
7fefbdd43000-7fefbdf43000 ---p 00049000 08:05 2239751                    /usr/lib/x86_64-linux-gnu/libpango-1.0.so.0.4000.1
7fefbdf43000-7fefbdf45000 r--p 00049000 08:05 2239751                    /usr/lib/x86_64-linux-gnu/libpango-1.0.so.0.4000.1
7fefbdf45000-7fefbdf46000 rw-p 0004b000 08:05 2239751                    /usr/lib/x86_64-linux-gnu/libpango-1.0.so.0.4000.1
7fefbdf46000-7fefbe054000 r-xp 00000000 08:05 2238910                    /usr/lib/x86_64-linux-gnu/libcairo.so.2.11400.6
7fefbe054000-7fefbe253000 ---p 0010e000 08:05 2238910                    /usr/lib/x86_64-linux-gnu/libcairo.so.2.11400.6
7fefbe253000-7fefbe256000 r--p 0010d000 08:05 2238910                    /usr/lib/x86_64-linux-gnu/libcairo.so.2.11400.6
7fefbe256000-7fefbe257000 rw-p 00110000 08:05 2238910                    /usr/lib/x86_64-linux-gnu/libcairo.so.2.11400.6
7fefbe257000-7fefbe259000 rw-p 00000000 00:00 0 
7fefbe259000-7fefbe265000 r-xp 00000000 08:05 2239753                    /usr/lib/x86_64-linux-gnu/libpangocairo-1.0.so.0.4000.1
7fefbe265000-7fefbe464000 ---p 0000c000 08:05 2239753                    /usr/lib/x86_64-linux-gnu/libpangocairo-1.0.so.0.4000.1
7fefbe464000-7fefbe465000 r--p 0000b000 08:05 2239753                    /usr/lib/x86_64-linux-gnu/libpangocairo-1.0.so.0.4000.1
7fefbe465000-7fefbe466000 rw-p 0000c000 08:05 2239753                    /usr/lib/x86_64-linux-gnu/libpangocairo-1.0.so.0.4000.1
7fefbe466000-7fefbe487000 r-xp 00000000 08:05 2239234                    /usr/lib/x86_64-linux-gnu/libgdk_pixbuf-2.0.so.0.3400.0
7fefbe487000-7fefbe686000 ---p 00021000 08:05 2239234                    /usr/lib/x86_64-linux-gnu/libgdk_pixbuf-2.0.so.0.3400.0
7fefbe686000-7fefbe687000 r--p 00020000 08:05 2239234                    /usr/lib/x86_64-linux-gnu/libgdk_pixbuf-2.0.so.0.3400.0
7fefbe687000-7fefbe688000 rw-p 00021000 08:05 2239234                    /usr/lib/x86_64-linux-gnu/libgdk_pixbuf-2.0.so.0.3400.0
7fefbe688000-7fefbe69c000 r-xp 00000000 08:05 2239755                    /usr/lib/x86_64-linux-gnu/libpangoft2-1.0.so.0.4000.1
7fefbe69c000-7fefbe89c000 ---p 00014000 08:05 2239755                    /usr/lib/x86_64-linux-gnu/libpangoft2-1.0.so.0.4000.1
7fefbe89c000-7fefbe89d000 r--p 00014000 08:05 2239755                    /usr/lib/x86_64-linux-gnu/libpangoft2-1.0.so.0.4000.1
7fefbe89d000-7fefbe89e000 rw-p 00015000 08:05 2239755                    /usr/lib/x86_64-linux-gnu/libpangoft2-1.0.so.0.4000.1
7fefbe89e000-7fefbea2b000 r-xp 00000000 08:05 2228637                    /usr/lib/x86_64-linux-gnu/libgio-2.0.so.0.5000.2
7fefbea2b000-7fefbec2a000 ---p 0018d000 08:05 2228637                    /usr/lib/x86_64-linux-gnu/libgio-2.0.so.0.5000.2
7fefbec2a000-7fefbec2f000 r--p 0018c000 08:05 2228637                    /usr/lib/x86_64-linux-gnu/libgio-2.0.so.0.5000.2
7fefbec2f000-7fefbec32000 rw-p 00191000 08:05 2228637                    /usr/lib/x86_64-linux-gnu/libgio-2.0.so.0.5000.2
7fefbec32000-7fefbec33000 rw-p 00000000 00:00 0 
7fefbec33000-7fefbec55000 r-xp 00000000 08:05 2238844                    /usr/lib/x86_64-linux-gnu/libatk-1.0.so.0.22009.1
7fefbec55000-7fefbee54000 ---p 00022000 08:05 2238844                    /usr/lib/x86_64-linux-gnu/libatk-1.0.so.0.22009.1
7fefbee54000-7fefbee57000 r--p 00021000 08:05 2238844                    /usr/lib/x86_64-linux-gnu/libatk-1.0.so.0.22009.1
7fefbee57000-7fefbee58000 rw-p 00024000 08:05 2238844                    /usr/lib/x86_64-linux-gnu/libatk-1.0.so.0.22009.1
7fefbee58000-7fefbef08000 r-xp 00000000 08:05 2234326                    /usr/lib/x86_64-linux-gnu/libgdk-x11-2.0.so.0.2400.30
7fefbef08000-7fefbf107000 ---p 000b0000 08:05 2234326                    /usr/lib/x86_64-linux-gnu/libgdk-x11-2.0.so.0.2400.30
7fefbf107000-7fefbf10b000 r--p 000af000 08:05 2234326                    /usr/lib/x86_64-linux-gnu/libgdk-x11-2.0.so.0.2400.30
7fefbf10b000-7fefbf10d000 rw-p 000b3000 08:05 2234326                    /usr/lib/x86_64-linux-gnu/libgdk-x11-2.0.so.0.2400.30
7fefbf10d000-7fefbf54b000 r-xp 00000000 08:05 2234327                    /usr/lib/x86_64-linux-gnu/libgtk-x11-2.0.so.0.2400.30
7fefbf54b000-7fefbf74b000 ---p 0043e000 08:05 2234327                    /usr/lib/x86_64-linux-gnu/libgtk-x11-2.0.so.0.2400.30
7fefbf74b000-7fefbf752000 r--p 0043e000 08:05 2234327                    /usr/lib/x86_64-linux-gnu/libgtk-x11-2.0.so.0.2400.30
7fefbf752000-7fefbf756000 rw-p 00445000 08:05 2234327                    /usr/lib/x86_64-linux-gnu/libgtk-x11-2.0.so.0.2400.30
7fefbf756000-7fefbf759000 rw-p 00000000 00:00 0 
7fefbf759000-7fefbf765000 r-xp 00000000 08:05 2243337                    /usr/lib/jvm/java-8-oracle/jre/lib/amd64/libprism_es2.so
7fefbf765000-7fefbf964000 ---p 0000c000 08:05 2243337                    /usr/lib/jvm/java-8-oracle/jre/lib/amd64/libprism_es2.so
7fefbf964000-7fefbf965000 rw-p 0000b000 08:05 2243337                    /usr/lib/jvm/java-8-oracle/jre/lib/amd64/libprism_es2.so
7fefbf965000-7fefbf968000 ---p 00000000 00:00 0 
7fefbf968000-7fefbfa66000 rw-p 00000000 00:00 0 
7fefbfa66000-7fefbfa69000 ---p 00000000 00:00 0 
7fefbfa69000-7fefbfb67000 rw-p 00000000 00:00 0 
7fefbfb67000-7fefbfb6a000 ---p 00000000 00:00 0 
7fefbfb6a000-7fefbfc68000 rw-p 00000000 00:00 0 
7fefbfc68000-7fefbfcfd000 r--s 01109000 08:05 2243401                    /usr/lib/jvm/java-8-oracle/jre/lib/ext/jfxrt.jar
7fefbfcfd000-7fefbfcfe000 ---p 00000000 00:00 0 
7fefbfcfe000-7fefbfdfe000 rw-p 00000000 00:00 0 
7fefbfdfe000-7fefbfe01000 ---p 00000000 00:00 0 
7fefbfe01000-7fefbfeff000 rw-p 00000000 00:00 0 
7fefbfeff000-7fefbff02000 ---p 00000000 00:00 0 
7fefbff02000-7fefc0000000 rw-p 00000000 00:00 0 
7fefc0000000-7fefc0021000 rw-p 00000000 00:00 0 
7fefc0021000-7fefc4000000 ---p 00000000 00:00 0 
7fefc4000000-7fefc412c000 rw-p 00000000 00:00 0 
7fefc412c000-7fefc8000000 ---p 00000000 00:00 0 
7fefc8000000-7fefc8021000 rw-p 00000000 00:00 0 
7fefc8021000-7fefcc000000 ---p 00000000 00:00 0 
7fefcc000000-7fefcc021000 rw-p 00000000 00:00 0 
7fefcc021000-7fefd0000000 ---p 00000000 00:00 0 
7fefd0000000-7fefd0021000 rw-p 00000000 00:00 0 
7fefd0021000-7fefd4000000 ---p 00000000 00:00 0 
7fefd4000000-7fefd4021000 rw-p 00000000 00:00 0 
7fefd4021000-7fefd8000000 ---p 00000000 00:00 0 
7fefd8000000-7fefd8021000 rw-p 00000000 00:00 0 
7fefd8021000-7fefdc000000 ---p 00000000 00:00 0 
7fefdc000000-7fefdc021000 rw-p 00000000 00:00 0 
7fefdc021000-7fefe0000000 ---p 00000000 00:00 0 
7fefe0000000-7fefe0021000 rw-p 00000000 00:00 0 
7fefe0021000-7fefe4000000 ---p 00000000 00:00 0 
7fefe4000000-7fefe4001000 r--s 00000000 08:05 279304                     /var/cache/fontconfig/bab58bb527bb656aaa9f116d68a48d89-le64.cache-6
7fefe4001000-7fefe4002000 r--s 00000000 08:05 279288                     /var/cache/fontconfig/56cf4f4769d0f4abc89a4895d7bd3ae1-le64.cache-6
7fefe4002000-7fefe4003000 r--s 00000000 08:05 279303                     /var/cache/fontconfig/b9d506c9ac06c20b433354fa67a72993-le64.cache-6
7fefe4003000-7fefe4009000 r--s 00000000 08:05 279302                     /var/cache/fontconfig/b47c4e1ecd0709278f4910c18777a504-le64.cache-6
7fefe4009000-7fefe400d000 r--s 00000000 08:05 279309                     /var/cache/fontconfig/d589a48862398ed80a3d6066f4f56f4c-le64.cache-6
7fefe400d000-7fefe4018000 r--s 00000000 08:05 279296                     /var/cache/fontconfig/83bf95040141907cd45bb53cf7c1c148-le64.cache-6
7fefe4018000-7fefe401b000 ---p 00000000 00:00 0 
7fefe401b000-7fefe4119000 rw-p 00000000 00:00 0 
7fefe4119000-7fefe411c000 ---p 00000000 00:00 0 
7fefe411c000-7fefe421a000 rw-p 00000000 00:00 0 
7fefe421a000-7fefe421d000 ---p 00000000 00:00 0 
7fefe421d000-7fefe431b000 rw-p 00000000 00:00 0 
7fefe431b000-7fefe4775000 r--p 00000000 08:05 2229872                    /usr/lib/locale/locale-archive
7fefe4775000-7fefe4778000 ---p 00000000 00:00 0 
7fefe4778000-7fefe4876000 rw-p 00000000 00:00 0 
7fefe4876000-7fefe4879000 ---p 00000000 00:00 0 
7fefe4879000-7fefe4977000 rw-p 00000000 00:00 0 
7fefe4977000-7fefe4978000 ---p 00000000 00:00 0 
7fefe4978000-7fefe9000000 rw-p 00000000 00:00 0 
7fefe9000000-7fefe9400000 rwxp 00000000 00:00 0 
7fefe9400000-7feff8000000 ---p 00000000 00:00 0 
7feff8000000-7feff8171000 rw-p 00000000 00:00 0 
7feff8171000-7feffc000000 ---p 00000000 00:00 0 
7feffc000000-7feffc001000 r--s 00000000 08:05 279287                     /var/cache/fontconfig/551ecf3b0e8b0bca0f25c0944f561853-le64.cache-6
7feffc001000-7feffc002000 r--s 00000000 08:05 279284                     /var/cache/fontconfig/3f7329c5293ffd510edef78f73874cfd-le64.cache-6
7feffc002000-7feffc003000 r--s 00000000 08:05 279281                     /var/cache/fontconfig/30829fa25452a46451e813d634d7f916-le64.cache-6
7feffc003000-7feffc015000 r--s 00000000 08:05 279300                     /var/cache/fontconfig/9b89f8e3dae116d678bbf48e5f21f69b-le64.cache-6
7feffc015000-7feffc022000 r--s 00000000 08:05 282756                     /var/cache/fontconfig/e13b20fdb08344e0e664864cc2ede53d-le64.cache-6
7feffc022000-7feffc026000 r--s 00000000 08:05 276027                     /var/cache/fontconfig/7ef2298fde41cc6eeb7af42e48b7d293-le64.cache-6
7feffc026000-7feffc02e000 rw-s 00000000 00:05 471771                     /drm mm object (deleted)
7feffc02e000-7feffc808000 rw-p 00000000 00:00 0 
7feffc808000-7feffc9e1000 r--s 03d3e000 08:05 2243317                    /usr/lib/jvm/java-8-oracle/jre/lib/rt.jar
7feffc9e1000-7feffd62f000 rw-p 00000000 00:00 0 
7feffd62f000-7feffd630000 ---p 00000000 00:00 0 
7feffd630000-7feffd730000 rw-p 00000000 00:00 0 
7feffd730000-7feffd731000 ---p 00000000 00:00 0 
7feffd731000-7feffd831000 rw-p 00000000 00:00 0 
7feffd831000-7feffd832000 ---p 00000000 00:00 0 
7feffd832000-7feffd932000 rw-p 00000000 00:00 0 
7feffd932000-7feffd933000 ---p 00000000 00:00 0 
7feffd933000-7feffda5d000 rw-p 00000000 00:00 0 
7feffda5d000-7feffdcc3000 ---p 00000000 00:00 0 
7feffdcc3000-7feffdced000 rw-p 00000000 00:00 0 
7feffdced000-7feffdf53000 ---p 00000000 00:00 0 
7feffdf53000-7feffdf68000 rw-p 00000000 00:00 0 
7feffdf68000-7feffe09b000 ---p 00000000 00:00 0 
7feffe09b000-7feffe0ac000 rw-p 00000000 00:00 0 
7feffe0ac000-7feffe45c000 ---p 00000000 00:00 0 
7feffe45c000-7feffe476000 r-xp 00000000 08:05 2243348                    /usr/lib/jvm/java-8-oracle/jre/lib/amd64/libzip.so
7feffe476000-7feffe676000 ---p 0001a000 08:05 2243348                    /usr/lib/jvm/java-8-oracle/jre/lib/amd64/libzip.so
7feffe676000-7feffe677000 rw-p 0001a000 08:05 2243348                    /usr/lib/jvm/java-8-oracle/jre/lib/amd64/libzip.so
7feffe677000-7feffe682000 r-xp 00000000 08:05 409756                     /lib/x86_64-linux-gnu/libnss_files-2.24.so
7feffe682000-7feffe881000 ---p 0000b000 08:05 409756                     /lib/x86_64-linux-gnu/libnss_files-2.24.so
7feffe881000-7feffe882000 r--p 0000a000 08:05 409756                     /lib/x86_64-linux-gnu/libnss_files-2.24.so
7feffe882000-7feffe883000 rw-p 0000b000 08:05 409756                     /lib/x86_64-linux-gnu/libnss_files-2.24.so
7feffe883000-7feffe889000 rw-p 00000000 00:00 0 
7feffe889000-7feffe894000 r-xp 00000000 08:05 409758                     /lib/x86_64-linux-gnu/libnss_nis-2.24.so
7feffe894000-7feffea93000 ---p 0000b000 08:05 409758                     /lib/x86_64-linux-gnu/libnss_nis-2.24.so
7feffea93000-7feffea94000 r--p 0000a000 08:05 409758                     /lib/x86_64-linux-gnu/libnss_nis-2.24.so
7feffea94000-7feffea95000 rw-p 0000b000 08:05 409758                     /lib/x86_64-linux-gnu/libnss_nis-2.24.so
7feffea95000-7feffeaab000 r-xp 00000000 08:05 409753                     /lib/x86_64-linux-gnu/libnsl-2.24.so
7feffeaab000-7feffecaa000 ---p 00016000 08:05 409753                     /lib/x86_64-linux-gnu/libnsl-2.24.so
7feffecaa000-7feffecab000 r--p 00015000 08:05 409753                     /lib/x86_64-linux-gnu/libnsl-2.24.so
7feffecab000-7feffecac000 rw-p 00016000 08:05 409753                     /lib/x86_64-linux-gnu/libnsl-2.24.so
7feffecac000-7feffecae000 rw-p 00000000 00:00 0 
7feffecae000-7feffecb6000 r-xp 00000000 08:05 409754                     /lib/x86_64-linux-gnu/libnss_compat-2.24.so
7feffecb6000-7feffeeb5000 ---p 00008000 08:05 409754                     /lib/x86_64-linux-gnu/libnss_compat-2.24.so
7feffeeb5000-7feffeeb6000 r--p 00007000 08:05 409754                     /lib/x86_64-linux-gnu/libnss_compat-2.24.so
7feffeeb6000-7feffeeb7000 rw-p 00008000 08:05 409754                     /lib/x86_64-linux-gnu/libnss_compat-2.24.so
7feffeeb7000-7feffeee2000 r-xp 00000000 08:05 2243375                    /usr/lib/jvm/java-8-oracle/jre/lib/amd64/libjava.so
7feffeee2000-7fefff0e1000 ---p 0002b000 08:05 2243375                    /usr/lib/jvm/java-8-oracle/jre/lib/amd64/libjava.so
7fefff0e1000-7fefff0e3000 rw-p 0002a000 08:05 2243375                    /usr/lib/jvm/java-8-oracle/jre/lib/amd64/libjava.so
7fefff0e3000-7fefff0f0000 r-xp 00000000 08:05 2243326                    /usr/lib/jvm/java-8-oracle/jre/lib/amd64/libverify.so
7fefff0f0000-7fefff2ef000 ---p 0000d000 08:05 2243326                    /usr/lib/jvm/java-8-oracle/jre/lib/amd64/libverify.so
7fefff2ef000-7fefff2f1000 rw-p 0000c000 08:05 2243326                    /usr/lib/jvm/java-8-oracle/jre/lib/amd64/libverify.so
7fefff2f1000-7fefff2f8000 r-xp 00000000 08:05 409763                     /lib/x86_64-linux-gnu/librt-2.24.so
7fefff2f8000-7fefff4f7000 ---p 00007000 08:05 409763                     /lib/x86_64-linux-gnu/librt-2.24.so
7fefff4f7000-7fefff4f8000 r--p 00006000 08:05 409763                     /lib/x86_64-linux-gnu/librt-2.24.so
7fefff4f8000-7fefff4f9000 rw-p 00007000 08:05 409763                     /lib/x86_64-linux-gnu/librt-2.24.so
7fefff4f9000-7fefff601000 r-xp 00000000 08:05 409750                     /lib/x86_64-linux-gnu/libm-2.24.so
7fefff601000-7fefff800000 ---p 00108000 08:05 409750                     /lib/x86_64-linux-gnu/libm-2.24.so
7fefff800000-7fefff801000 r--p 00107000 08:05 409750                     /lib/x86_64-linux-gnu/libm-2.24.so
7fefff801000-7fefff802000 rw-p 00108000 08:05 409750                     /lib/x86_64-linux-gnu/libm-2.24.so
7fefff802000-7ff0004d0000 r-xp 00000000 08:05 2243379                    /usr/lib/jvm/java-8-oracle/jre/lib/amd64/server/libjvm.so
7ff0004d0000-7ff0006d0000 ---p 00cce000 08:05 2243379                    /usr/lib/jvm/java-8-oracle/jre/lib/amd64/server/libjvm.so
7ff0006d0000-7ff0007a9000 rw-p 00cce000 08:05 2243379                    /usr/lib/jvm/java-8-oracle/jre/lib/amd64/server/libjvm.so
7ff0007a9000-7ff0007f4000 rw-p 00000000 00:00 0 
7ff0007f4000-7ff0009b1000 r-xp 00000000 08:05 409746                     /lib/x86_64-linux-gnu/libc-2.24.so
7ff0009b1000-7ff000bb1000 ---p 001bd000 08:05 409746                     /lib/x86_64-linux-gnu/libc-2.24.so
7ff000bb1000-7ff000bb5000 r--p 001bd000 08:05 409746                     /lib/x86_64-linux-gnu/libc-2.24.so
7ff000bb5000-7ff000bb7000 rw-p 001c1000 08:05 409746                     /lib/x86_64-linux-gnu/libc-2.24.so
7ff000bb7000-7ff000bbb000 rw-p 00000000 00:00 0 
7ff000bbb000-7ff000bbe000 r-xp 00000000 08:05 409749                     /lib/x86_64-linux-gnu/libdl-2.24.so
7ff000bbe000-7ff000dbd000 ---p 00003000 08:05 409749                     /lib/x86_64-linux-gnu/libdl-2.24.so
7ff000dbd000-7ff000dbe000 r--p 00002000 08:05 409749                     /lib/x86_64-linux-gnu/libdl-2.24.so
7ff000dbe000-7ff000dbf000 rw-p 00003000 08:05 409749                     /lib/x86_64-linux-gnu/libdl-2.24.so
7ff000dbf000-7ff000dd4000 r-xp 00000000 08:05 2242460                    /usr/lib/jvm/java-8-oracle/lib/amd64/jli/libjli.so
7ff000dd4000-7ff000fd4000 ---p 00015000 08:05 2242460                    /usr/lib/jvm/java-8-oracle/lib/amd64/jli/libjli.so
7ff000fd4000-7ff000fd5000 rw-p 00015000 08:05 2242460                    /usr/lib/jvm/java-8-oracle/lib/amd64/jli/libjli.so
7ff000fd5000-7ff000fed000 r-xp 00000000 08:05 409761                     /lib/x86_64-linux-gnu/libpthread-2.24.so
7ff000fed000-7ff0011ed000 ---p 00018000 08:05 409761                     /lib/x86_64-linux-gnu/libpthread-2.24.so
7ff0011ed000-7ff0011ee000 r--p 00018000 08:05 409761                     /lib/x86_64-linux-gnu/libpthread-2.24.so
7ff0011ee000-7ff0011ef000 rw-p 00019000 08:05 409761                     /lib/x86_64-linux-gnu/libpthread-2.24.so
7ff0011ef000-7ff0011f3000 rw-p 00000000 00:00 0 
7ff0011f3000-7ff001218000 r-xp 00000000 08:05 409742                     /lib/x86_64-linux-gnu/ld-2.24.so
7ff001218000-7ff00121b000 r--s 00000000 08:05 279293                     /var/cache/fontconfig/75114ca45c98e8a441da0ff356701271-le64.cache-6
7ff00121b000-7ff001223000 rw-s 00000000 00:05 471759                     /drm mm object (deleted)
7ff001223000-7ff001229000 r--p 00000000 08:05 546979                     /home/daan/.config/dconf/user
7ff001229000-7ff0012f4000 rw-p 00000000 00:00 0 
7ff0012f4000-7ff0012f7000 ---p 00000000 00:00 0 
7ff0012f7000-7ff0013f7000 rw-p 00000000 00:00 0 
7ff0013f7000-7ff0013f8000 r--s 00000000 08:05 279275                     /var/cache/fontconfig/0c9eb80ebd1c36541ebe2852d3bb0c49-le64.cache-6
7ff0013f9000-7ff0013fa000 rw-s 1025a7000 00:06 391                       /dev/dri/card0
7ff0013fa000-7ff0013fb000 r--s 00000000 00:2f 59                         /run/user/1000/dconf/user
7ff0013fb000-7ff001403000 rw-s 00000000 00:05 472515                     /drm mm object (deleted)
7ff001403000-7ff00140a000 r--s 00000000 08:05 148080                     /usr/lib/x86_64-linux-gnu/gconv/gconv-modules.cache
7ff00140a000-7ff001412000 rw-s 00000000 08:05 1311080                    /tmp/hsperfdata_daan/22358
7ff001412000-7ff001413000 rw-p 00000000 00:00 0 
7ff001413000-7ff001414000 r--p 00000000 00:00 0 
7ff001414000-7ff001417000 rw-p 00000000 00:00 0 
7ff001417000-7ff001418000 r--p 00024000 08:05 409742                     /lib/x86_64-linux-gnu/ld-2.24.so
7ff001418000-7ff001419000 rw-p 00025000 08:05 409742                     /lib/x86_64-linux-gnu/ld-2.24.so
7ff001419000-7ff00141a000 rw-p 00000000 00:00 0 
7ffc737ad000-7ffc737ce000 rw-p 00000000 00:00 0                          [stack]
7ffc737f8000-7ffc737fa000 r--p 00000000 00:00 0                          [vvar]
7ffc737fa000-7ffc737fc000 r-xp 00000000 00:00 0                          [vdso]
ffffffffff600000-ffffffffff601000 r-xp 00000000 00:00 0                  [vsyscall]

VM Arguments:
jvm_args: -Dfile.encoding=UTF-8 
java_command: application.Main
java_class_path (initial): /home/daan/git/IntegrationProject/IntegrationProject/bin:/home/daan/.p2/pool/plugins/org.junit_4.12.0.v201504281640/junit.jar:/home/daan/.p2/pool/plugins/org.hamcrest.core_1.3.0.v201303031735.jar:/home/daan/git/IntegrationProject/IntegrationProject/commons-codec-1.10.jar
Launcher Type: SUN_STANDARD

Environment Variables:
JAVA_HOME=/usr/lib/jvm/java-8-oracle
PATH=/home/daan/bin:/home/daan/.local/bin:/usr/local/sbin:/usr/local/bin:/usr/sbin:/usr/bin:/sbin:/bin:/usr/games:/usr/local/games:/snap/bin:/usr/lib/jvm/java-8-oracle/bin:/usr/lib/jvm/java-8-oracle/db/bin:/usr/lib/jvm/java-8-oracle/jre/bin
SHELL=/bin/bash
DISPLAY=:0

Signal Handlers:
SIGSEGV: [libjvm.so+0xac78c0], sa_mask[0]=11111111011111111101111111111110, sa_flags=SA_RESTART|SA_SIGINFO
SIGBUS: [libjvm.so+0xac78c0], sa_mask[0]=11111111011111111101111111111110, sa_flags=SA_RESTART|SA_SIGINFO
SIGFPE: [libjvm.so+0x920ac0], sa_mask[0]=11111111011111111101111111111110, sa_flags=SA_RESTART|SA_SIGINFO
SIGPIPE: SIG_IGN, sa_mask[0]=00000000000010000000000000000000, sa_flags=SA_RESTART
SIGXFSZ: [libjvm.so+0x920ac0], sa_mask[0]=11111111011111111101111111111110, sa_flags=SA_RESTART|SA_SIGINFO
SIGILL: [libjvm.so+0x920ac0], sa_mask[0]=11111111011111111101111111111110, sa_flags=SA_RESTART|SA_SIGINFO
SIGUSR1: SIG_DFL, sa_mask[0]=00000000000000000000000000000000, sa_flags=none
SIGUSR2: [libjvm.so+0x922300], sa_mask[0]=00100000000000000000000000000000, sa_flags=SA_RESTART|SA_SIGINFO
SIGHUP: [libjvm.so+0x923700], sa_mask[0]=11111111011111111101111111111110, sa_flags=SA_RESTART|SA_SIGINFO
SIGINT: [libjvm.so+0x923700], sa_mask[0]=11111111011111111101111111111110, sa_flags=SA_RESTART|SA_SIGINFO
SIGTERM: [libjvm.so+0x923700], sa_mask[0]=11111111011111111101111111111110, sa_flags=SA_RESTART|SA_SIGINFO
SIGQUIT: [libjvm.so+0x923700], sa_mask[0]=11111111011111111101111111111110, sa_flags=SA_RESTART|SA_SIGINFO


---------------  S Y S T E M  ---------------

OS:DISTRIB_ID=Ubuntu
DISTRIB_RELEASE=16.10
DISTRIB_CODENAME=yakkety
DISTRIB_DESCRIPTION="Ubuntu 16.10"

uname:Linux 4.8.0-46-generic #49-Ubuntu SMP Fri Mar 31 13:57:14 UTC 2017 x86_64
libc:glibc 2.24 NPTL 2.24 
rlimit: STACK 8192k, CORE 0k, NPROC 30976, NOFILE 4096, AS infinity
load average:1,57 1,30 1,01

/proc/meminfo:
MemTotal:        8054864 kB
MemFree:         1466944 kB
MemAvailable:    3229784 kB
Buffers:          112928 kB
Cached:          2564896 kB
SwapCached:            0 kB
Active:          4477424 kB
Inactive:        1778776 kB
Active(anon):    3579820 kB
Inactive(anon):   758052 kB
Active(file):     897604 kB
Inactive(file):  1020724 kB
Unevictable:         128 kB
Mlocked:             128 kB
SwapTotal:       8268796 kB
SwapFree:        8268796 kB
Dirty:               224 kB
Writeback:             0 kB
AnonPages:       3500432 kB
Mapped:           715868 kB
Shmem:            759500 kB
Slab:             187972 kB
SReclaimable:     128076 kB
SUnreclaim:        59896 kB
KernelStack:       13936 kB
PageTables:        60624 kB
NFS_Unstable:          0 kB
Bounce:                0 kB
WritebackTmp:          0 kB
CommitLimit:    12296228 kB
Committed_AS:   10375692 kB
VmallocTotal:   34359738367 kB
VmallocUsed:           0 kB
VmallocChunk:          0 kB
HardwareCorrupted:     0 kB
AnonHugePages:   1771520 kB
ShmemHugePages:        0 kB
ShmemPmdMapped:        0 kB
CmaTotal:              0 kB
CmaFree:               0 kB
HugePages_Total:       0
HugePages_Free:        0
HugePages_Rsvd:        0
HugePages_Surp:        0
Hugepagesize:       2048 kB
DirectMap4k:      216656 kB
DirectMap2M:     8052736 kB
DirectMap1G:           0 kB


CPU:total 4 (2 cores per cpu, 2 threads per core) family 6 model 78 stepping 3, cmov, cx8, fxsr, mmx, sse, sse2, sse3, ssse3, sse4.1, sse4.2, popcnt, avx, avx2, aes, clmul, erms, 3dnowpref, lzcnt, ht, tsc, tscinvbit, bmi1, bmi2, adx

/proc/cpuinfo:
processor	: 0
vendor_id	: GenuineIntel
cpu family	: 6
model		: 78
model name	: Intel(R) Core(TM) i5-6200U CPU @ 2.30GHz
stepping	: 3
microcode	: 0x9e
cpu MHz		: 2676.855
cache size	: 3072 KB
physical id	: 0
siblings	: 4
core id		: 0
cpu cores	: 2
apicid		: 0
initial apicid	: 0
fpu		: yes
fpu_exception	: yes
cpuid level	: 22
wp		: yes
flags		: fpu vme de pse tsc msr pae mce cx8 apic sep mtrr pge mca cmov pat pse36 clflush dts acpi mmx fxsr sse sse2 ss ht tm pbe syscall nx pdpe1gb rdtscp lm constant_tsc art arch_perfmon pebs bts rep_good nopl xtopology nonstop_tsc aperfmperf eagerfpu pni pclmulqdq dtes64 monitor ds_cpl vmx est tm2 ssse3 sdbg fma cx16 xtpr pdcm pcid sse4_1 sse4_2 x2apic movbe popcnt tsc_deadline_timer aes xsave avx f16c rdrand lahf_lm abm 3dnowprefetch epb intel_pt tpr_shadow vnmi flexpriority ept vpid fsgsbase tsc_adjust bmi1 avx2 smep bmi2 erms invpcid mpx rdseed adx smap clflushopt xsaveopt xsavec xgetbv1 xsaves dtherm ida arat pln pts hwp hwp_notify hwp_act_window hwp_epp
bugs		:
bogomips	: 4800.00
clflush size	: 64
cache_alignment	: 64
address sizes	: 39 bits physical, 48 bits virtual
power management:

processor	: 1
vendor_id	: GenuineIntel
cpu family	: 6
model		: 78
model name	: Intel(R) Core(TM) i5-6200U CPU @ 2.30GHz
stepping	: 3
microcode	: 0x9e
cpu MHz		: 2674.804
cache size	: 3072 KB
physical id	: 0
siblings	: 4
core id		: 1
cpu cores	: 2
apicid		: 2
initial apicid	: 2
fpu		: yes
fpu_exception	: yes
cpuid level	: 22
wp		: yes
flags		: fpu vme de pse tsc msr pae mce cx8 apic sep mtrr pge mca cmov pat pse36 clflush dts acpi mmx fxsr sse sse2 ss ht tm pbe syscall nx pdpe1gb rdtscp lm constant_tsc art arch_perfmon pebs bts rep_good nopl xtopology nonstop_tsc aperfmperf eagerfpu pni pclmulqdq dtes64 monitor ds_cpl vmx est tm2 ssse3 sdbg fma cx16 xtpr pdcm pcid sse4_1 sse4_2 x2apic movbe popcnt tsc_deadline_timer aes xsave avx f16c rdrand lahf_lm abm 3dnowprefetch epb intel_pt tpr_shadow vnmi flexpriority ept vpid fsgsbase tsc_adjust bmi1 avx2 smep bmi2 erms invpcid mpx rdseed adx smap clflushopt xsaveopt xsavec xgetbv1 xsaves dtherm ida arat pln pts hwp hwp_notify hwp_act_window hwp_epp
bugs		:
bogomips	: 4800.00
clflush size	: 64
cache_alignment	: 64
address sizes	: 39 bits physical, 48 bits virtual
power management:

processor	: 2
vendor_id	: GenuineIntel
cpu family	: 6
model		: 78
model name	: Intel(R) Core(TM) i5-6200U CPU @ 2.30GHz
stepping	: 3
microcode	: 0x9e
cpu MHz		: 2676.708
cache size	: 3072 KB
physical id	: 0
siblings	: 4
core id		: 0
cpu cores	: 2
apicid		: 1
initial apicid	: 1
fpu		: yes
fpu_exception	: yes
cpuid level	: 22
wp		: yes
flags		: fpu vme de pse tsc msr pae mce cx8 apic sep mtrr pge mca cmov pat pse36 clflush dts acpi mmx fxsr sse sse2 ss ht tm pbe syscall nx pdpe1gb rdtscp lm constant_tsc art arch_perfmon pebs bts rep_good nopl xtopology nonstop_tsc aperfmperf eagerfpu pni pclmulqdq dtes64 monitor ds_cpl vmx est tm2 ssse3 sdbg fma cx16 xtpr pdcm pcid sse4_1 sse4_2 x2apic movbe popcnt tsc_deadline_timer aes xsave avx f16c rdrand lahf_lm abm 3dnowprefetch epb intel_pt tpr_shadow vnmi flexpriority ept vpid fsgsbase tsc_adjust bmi1 avx2 smep bmi2 erms invpcid mpx rdseed adx smap clflushopt xsaveopt xsavec xgetbv1 xsaves dtherm ida arat pln pts hwp hwp_notify hwp_act_window hwp_epp
bugs		:
bogomips	: 4800.00
clflush size	: 64
cache_alignment	: 64
address sizes	: 39 bits physical, 48 bits virtual
power management:

processor	: 3
vendor_id	: GenuineIntel
cpu family	: 6
model		: 78
model name	: Intel(R) Core(TM) i5-6200U CPU @ 2.30GHz
stepping	: 3
microcode	: 0x9e
cpu MHz		: 2685.498
cache size	: 3072 KB
physical id	: 0
siblings	: 4
core id		: 1
cpu cores	: 2
apicid		: 3
initial apicid	: 3
fpu		: yes
fpu_exception	: yes
cpuid level	: 22
wp		: yes
flags		: fpu vme de pse tsc msr pae mce cx8 apic sep mtrr pge mca cmov pat pse36 clflush dts acpi mmx fxsr sse sse2 ss ht tm pbe syscall nx pdpe1gb rdtscp lm constant_tsc art arch_perfmon pebs bts rep_good nopl xtopology nonstop_tsc aperfmperf eagerfpu pni pclmulqdq dtes64 monitor ds_cpl vmx est tm2 ssse3 sdbg fma cx16 xtpr pdcm pcid sse4_1 sse4_2 x2apic movbe popcnt tsc_deadline_timer aes xsave avx f16c rdrand lahf_lm abm 3dnowprefetch epb intel_pt tpr_shadow vnmi flexpriority ept vpid fsgsbase tsc_adjust bmi1 avx2 smep bmi2 erms invpcid mpx rdseed adx smap clflushopt xsaveopt xsavec xgetbv1 xsaves dtherm ida arat pln pts hwp hwp_notify hwp_act_window hwp_epp
bugs		:
bogomips	: 4800.00
clflush size	: 64
cache_alignment	: 64
address sizes	: 39 bits physical, 48 bits virtual
power management:



Memory: 4k page, physical 8054864k(1466944k free), swap 8268796k(8268796k free)

vm_info: Java HotSpot(TM) 64-Bit Server VM (25.121-b13) for linux-amd64 JRE (1.8.0_121-b13), built on Dec 12 2016 16:36:53 by "java_re" with gcc 4.3.0 20080428 (Red Hat 4.3.0-8)

time: Tue Apr 18 12:03:40 2017
elapsed time: 2 seconds (0d 0h 0m 2s)

