#
# A fatal error has been detected by the Java Runtime Environment:
#
#  SIGSEGV (0xb) at pc=0x00007fbea47a38f8, pid=3337, tid=0x00007fbe481cf700
#
# JRE version: Java(TM) SE Runtime Environment (8.0_121-b13) (build 1.8.0_121-b13)
# Java VM: Java HotSpot(TM) 64-Bit Server VM (25.121-b13 mixed mode linux-amd64 compressed oops)
# Problematic frame:
# V  [libjvm.so+0x6d28f8]  jni_invoke_nonstatic(JNIEnv_*, JavaValue*, _jobject*, JNICallType, _jmethodID*, JNI_ArgumentPusher*, Thread*)+0x38
#
# Failed to write core dump. Core dumps have been disabled. To enable core dumping, try "ulimit -c unlimited" before starting Java again
#
# If you would like to submit a bug report, please visit:
#   http://bugreport.java.com/bugreport/crash.jsp
#

---------------  T H R E A D  ---------------

Current thread (0x00007fbe50102800):  JavaThread "JavaFX Application Thread" [_thread_in_vm, id=3364, stack(0x00007fbe480cf000,0x00007fbe481d0000)]

siginfo: si_signo: 11 (SIGSEGV), si_code: 1 (SEGV_MAPERR), si_addr: 0x00007fbe00000000

Registers:
RAX=0x00007fbe481ce4c0, RBX=0x00007fbe481ce3d0, RCX=0x0000000000000001, RDX=0x00007fbe00000000
RSP=0x00007fbe481ce220, RBP=0x00007fbe481ce3a0, RSI=0x00007fbe481ce430, RDI=0x00007fbe501029f8
R8 =0x00007fbe50050528, R9 =0x00007fbe481ce3d0, R10=0x00007fbe28000a80, R11=0x00007fbe8d383d60
R12=0x00007fbe50102800, R13=0x00007fbe50050528, R14=0x0000000000000001, R15=0x00007fbe501029f8
RIP=0x00007fbea47a38f8, EFLAGS=0x0000000000010206, CSGSFS=0x002b000000000033, ERR=0x0000000000000004
  TRAPNO=0x000000000000000e

Top of Stack: (sp=0x00007fbe481ce220)
0x00007fbe481ce220:   00007fbe481ce920 00007fbe481ce540
0x00007fbe481ce230:   00007fbe481ce280 00007fbe481ce300
0x00007fbe481ce240:   00007fbe481ce3d0 00007fbe481ce430
0x00007fbe481ce250:   00007fbe501029f8 00007fbea47c3400
0x00007fbe481ce260:   00007fbe60013190 00007fbe600131a0
0x00007fbe481ce270:   00007fbe60013578 00000000000003d8
0x00007fbe481ce280:   0000000000000000 00000000d83f17c0
0x00007fbe481ce290:   00007fbe0000006f 00007fbe0000000a
0x00007fbe481ce2a0:   00000000d8a79b60 0000000000000000
0x00007fbe481ce2b0:   0000000000000000 0000000000000000
0x00007fbe481ce2c0:   00007fbea187c7e0 0000000100000100
0x00007fbe481ce2d0:   0000000000000000 00007fbe481ce288
0x00007fbe481ce2e0:   00007fbe481ce2c9 0000000800000005
0x00007fbe481ce2f0:   0000000000000000 00007fbe50102390
0x00007fbe481ce300:   00007fbea5031510 00007fbea5b1f720
0x00007fbe481ce310:   0000000050102220 00007fbe50102800
0x00007fbe481ce320:   0000000000000000 00007fbea47a3ccb
0x00007fbe481ce330:   00007fbea1886890 00007fbe50102800
0x00007fbe481ce340:   00007fbea1886890 00007fbe50102800
0x00007fbe481ce350:   00007fbe481ce4e0 00007fbea1886890
0x00007fbe481ce360:   00007fbea1886890 00007fbea1886890
0x00007fbe481ce370:   00007fbe60013190 00007fbe481ce3d0
0x00007fbe481ce380:   00007fbe50102800 00007fbe481ce410
0x00007fbe481ce390:   00007fbe50050528 00007fbe501029f8
0x00007fbe481ce3a0:   00007fbe481ce490 00007fbea47a809f
0x00007fbe481ce3b0:   00007fbe50102800 00007fbe4b585ff4
0x00007fbe481ce3c0:   00007fbe481ce4a8 00007fbe00000000
0x00007fbe481ce3d0:   00007fbea5032170 00007fbea5b1f720
0x00007fbe481ce3e0:   00000000481ce450 d517efbb00000063
0x00007fbe481ce3f0:   0000000000000000 0000003000000018
0x00007fbe481ce400:   00007fbe481ce580 00007fbe481ce4c0
0x00007fbe481ce410:   00007fbe50102800 0000000000000000 

Instructions: (pc=0x00007fbea47a38f8)
0x00007fbea47a38d8:   00 00 48 85 d2 48 89 bd b0 fe ff ff 48 89 b5 a8
0x00007fbea47a38e8:   fe ff ff 4c 89 8d a0 fe ff ff 0f 84 78 09 00 00
0x00007fbea47a38f8:   4c 8b 22 4d 85 e4 0f 84 6c 09 00 00 48 8b 45 10
0x00007fbea47a3908:   48 8b 98 38 01 00 00 48 83 7b 18 f7 0f 87 16 07 

Register to memory mapping:

RAX=0x00007fbe481ce4c0 is pointing into the stack for thread: 0x00007fbe50102800
RBX=0x00007fbe481ce3d0 is pointing into the stack for thread: 0x00007fbe50102800
RCX=0x0000000000000001 is an unknown value
RDX=0x00007fbe00000000 is an unknown value
RSP=0x00007fbe481ce220 is pointing into the stack for thread: 0x00007fbe50102800
RBP=0x00007fbe481ce3a0 is pointing into the stack for thread: 0x00007fbe50102800
RSI=0x00007fbe481ce430 is pointing into the stack for thread: 0x00007fbe50102800
RDI=0x00007fbe501029f8 is an unknown value
R8 =0x00007fbe50050528 is an unknown value
R9 =0x00007fbe481ce3d0 is pointing into the stack for thread: 0x00007fbe50102800
R10=0x00007fbe28000a80 is an unknown value
R11=0x00007fbe8d383d60 is at entry_point+32 in (nmethod*)0x00007fbe8d383bd0
R12=0x00007fbe50102800 is a thread
R13=0x00007fbe50050528 is an unknown value
R14=0x0000000000000001 is an unknown value
R15=0x00007fbe501029f8 is an unknown value


Stack: [0x00007fbe480cf000,0x00007fbe481d0000],  sp=0x00007fbe481ce220,  free space=1020k
Native frames: (J=compiled Java code, j=interpreted, Vv=VM code, C=native code)
V  [libjvm.so+0x6d28f8]  jni_invoke_nonstatic(JNIEnv_*, JavaValue*, _jobject*, JNICallType, _jmethodID*, JNI_ArgumentPusher*, Thread*)+0x38
V  [libjvm.so+0x6d709f]  jni_CallVoidMethodV+0x10f
C  [libglass.so+0x13e51]  JNIEnv_::CallVoidMethod(_jobject*, _jmethodID*, ...)+0x81
C  [libglass.so+0x1876f]  WindowContextBase::process_key(_GdkEventKey*)+0x20f
C  [libglass.so+0x15fe0]  WindowContextBase::im_filter_keypress(_GdkEventKey*)+0x1c0
C  [libglass.so+0x20a3c]  process_events(_GdkEvent*, void*)+0x22c
C  [libgdk-x11-2.0.so.0+0x5acdc]

Java frames: (J=compiled Java code, j=interpreted, Vv=VM code)
j  com.sun.glass.ui.gtk.GtkApplication._runLoop(Ljava/lang/Runnable;Z)V+0
j  com.sun.glass.ui.gtk.GtkApplication.lambda$null$49(Ljava/lang/Runnable;Z)V+7
j  com.sun.glass.ui.gtk.GtkApplication$$Lambda$43.run()V+12
j  java.lang.Thread.run()V+11
v  ~StubRoutines::call_stub

---------------  P R O C E S S  ---------------

Java Threads: ( => current thread )
  0x00007fbe9c00a000 JavaThread "DestroyJavaVM" [_thread_blocked, id=3339, stack(0x00007fbea5bc3000,0x00007fbea5cc4000)]
  0x00007fbe9c135000 JavaThread "Thread-5" [_thread_blocked, id=3368, stack(0x00007fbe1beff000,0x00007fbe1c000000)]
  0x00007fbe9c132800 JavaThread "Thread-4" [_thread_in_native, id=3367, stack(0x00007fbe380db000,0x00007fbe381dc000)]
  0x00007fbe281c8800 JavaThread "Prism Font Disposer" daemon [_thread_blocked, id=3365, stack(0x00007fbe38a21000,0x00007fbe38b22000)]
=>0x00007fbe50102800 JavaThread "JavaFX Application Thread" [_thread_in_vm, id=3364, stack(0x00007fbe480cf000,0x00007fbe481d0000)]
  0x00007fbe500fe800 JavaThread "Thread-3" daemon [_thread_blocked, id=3363, stack(0x00007fbe7c033000,0x00007fbe7c134000)]
  0x00007fbe5003f000 JavaThread "QuantumRenderer-0" daemon [_thread_blocked, id=3359, stack(0x00007fbe7c17f000,0x00007fbe7c280000)]
  0x00007fbe4c07f800 JavaThread "JavaFX-Launcher" [_thread_blocked, id=3358, stack(0x00007fbe8c09b000,0x00007fbe8c19c000)]
  0x00007fbe9c150000 JavaThread "Thread-0" [_thread_blocked, id=3357, stack(0x00007fbe8c19c000,0x00007fbe8c29d000)]
  0x00007fbe9c0c9800 JavaThread "Service Thread" daemon [_thread_blocked, id=3355, stack(0x00007fbe8c39e000,0x00007fbe8c49f000)]
  0x00007fbe9c0be000 JavaThread "C1 CompilerThread2" daemon [_thread_in_native, id=3354, stack(0x00007fbe8c49f000,0x00007fbe8c5a0000)]
  0x00007fbe9c0bc800 JavaThread "C2 CompilerThread1" daemon [_thread_blocked, id=3353, stack(0x00007fbe8c5a0000,0x00007fbe8c6a1000)]
  0x00007fbe9c0b9800 JavaThread "C2 CompilerThread0" daemon [_thread_in_native, id=3352, stack(0x00007fbe8c6a1000,0x00007fbe8c7a2000)]
  0x00007fbe9c0b8000 JavaThread "Signal Dispatcher" daemon [_thread_blocked, id=3351, stack(0x00007fbe8c7a2000,0x00007fbe8c8a3000)]
  0x00007fbe9c084000 JavaThread "Finalizer" daemon [_thread_blocked, id=3350, stack(0x00007fbe8ccfd000,0x00007fbe8cdfe000)]
  0x00007fbe9c07f800 JavaThread "Reference Handler" daemon [_thread_blocked, id=3349, stack(0x00007fbe8cdfe000,0x00007fbe8ceff000)]

Other Threads:
  0x00007fbe9c077800 VMThread [stack: 0x00007fbe8ceff000,0x00007fbe8d000000] [id=3344]
  0x00007fbe9c0cc800 WatcherThread [stack: 0x00007fbe8c29d000,0x00007fbe8c39e000] [id=3356]

VM state:not at safepoint (normal execution)

VM Mutex/Monitor currently owned by a thread: None

Heap:
 PSYoungGen      total 36864K, used 12482K [0x00000000d7000000, 0x00000000d9900000, 0x0000000100000000)
  eden space 31744K, 23% used [0x00000000d7000000,0x00000000d7732b50,0x00000000d8f00000)
  from space 5120K, 99% used [0x00000000d8f00000,0x00000000d93fe068,0x00000000d9400000)
  to   space 5120K, 0% used [0x00000000d9400000,0x00000000d9400000,0x00000000d9900000)
 ParOldGen       total 84992K, used 968K [0x0000000085000000, 0x000000008a300000, 0x00000000d7000000)
  object space 84992K, 1% used [0x0000000085000000,0x00000000850f2000,0x000000008a300000)
 Metaspace       used 15347K, capacity 16148K, committed 16384K, reserved 1062912K
  class space    used 2332K, capacity 2553K, committed 2560K, reserved 1048576K

Card table byte_map: [0x00007fbea2592000,0x00007fbea296b000] byte_map_base: 0x00007fbea216a000

Marking Bits: (ParMarkBitMap*) 0x00007fbea5095c80
 Begin Bits: [0x00007fbe7c280000, 0x00007fbe7e140000)
 End Bits:   [0x00007fbe7e140000, 0x00007fbe80000000)

Polling page: 0x00007fbea5ce2000

CodeCache: size=245760Kb used=4216Kb max_used=4219Kb free=241543Kb
 bounds [0x00007fbe8d000000, 0x00007fbe8d430000, 0x00007fbe9c000000]
 total_blobs=1931 nmethods=1292 adapters=552
 compilation: enabled

Compilation events (10 events):
Event: 3,754 Thread 0x00007fbe9c0bc800 1295       4       com.sun.javafx.css.StyleMap::isEmpty (36 bytes)
Event: 3,755 Thread 0x00007fbe9c0bc800 nmethod 1295 0x00007fbe8d41d250 code [0x00007fbe8d41d3a0, 0x00007fbe8d41d498]
Event: 3,756 Thread 0x00007fbe9c0be000 nmethod 1288 0x00007fbe8d41fed0 code [0x00007fbe8d420040, 0x00007fbe8d4201f0]
Event: 3,756 Thread 0x00007fbe9c0be000 1291       3       com.sun.javafx.css.BitSet::clear (84 bytes)
Event: 3,757 Thread 0x00007fbe9c0be000 nmethod 1291 0x00007fbe8d41f0d0 code [0x00007fbe8d41f2a0, 0x00007fbe8d41faa8]
Event: 3,757 Thread 0x00007fbe9c0be000 1299       3       javafx.scene.Parent::requestParentLayout (28 bytes)
Event: 3,757 Thread 0x00007fbe9c0bc800 1303       4       java.lang.Math::ceil (5 bytes)
Event: 3,758 Thread 0x00007fbe9c0bc800 nmethod 1303 0x00007fbe8d419b10 code [0x00007fbe8d419c80, 0x00007fbe8d419d58]
Event: 3,758 Thread 0x00007fbe9c0be000 nmethod 1299 0x00007fbe8d41e650 code [0x00007fbe8d41e800, 0x00007fbe8d41eef8]
Event: 3,758 Thread 0x00007fbe9c0be000 1289       3       javafx.scene.Node::focusSetDirty (25 bytes)

GC Heap History (2 events):
Event: 3,573 GC heap before
{Heap before GC invocations=1 (full 0):
 PSYoungGen      total 36864K, used 31744K [0x00000000d7000000, 0x00000000d9900000, 0x0000000100000000)
  eden space 31744K, 100% used [0x00000000d7000000,0x00000000d8f00000,0x00000000d8f00000)
  from space 5120K, 0% used [0x00000000d9400000,0x00000000d9400000,0x00000000d9900000)
  to   space 5120K, 0% used [0x00000000d8f00000,0x00000000d8f00000,0x00000000d9400000)
 ParOldGen       total 84992K, used 0K [0x0000000085000000, 0x000000008a300000, 0x00000000d7000000)
  object space 84992K, 0% used [0x0000000085000000,0x0000000085000000,0x000000008a300000)
 Metaspace       used 14332K, capacity 14988K, committed 15232K, reserved 1062912K
  class space    used 2159K, capacity 2347K, committed 2432K, reserved 1048576K
Event: 3,601 GC heap after
Heap after GC invocations=1 (full 0):
 PSYoungGen      total 36864K, used 5112K [0x00000000d7000000, 0x00000000d9900000, 0x0000000100000000)
  eden space 31744K, 0% used [0x00000000d7000000,0x00000000d7000000,0x00000000d8f00000)
  from space 5120K, 99% used [0x00000000d8f00000,0x00000000d93fe068,0x00000000d9400000)
  to   space 5120K, 0% used [0x00000000d9400000,0x00000000d9400000,0x00000000d9900000)
 ParOldGen       total 84992K, used 968K [0x0000000085000000, 0x000000008a300000, 0x00000000d7000000)
  object space 84992K, 1% used [0x0000000085000000,0x00000000850f2000,0x000000008a300000)
 Metaspace       used 14332K, capacity 14988K, committed 15232K, reserved 1062912K
  class space    used 2159K, capacity 2347K, committed 2432K, reserved 1048576K
}

Deoptimization events (10 events):
Event: 1,154 Thread 0x00007fbe50102800 Uncommon trap: reason=class_check action=maybe_recompile pc=0x00007fbe8d1173f8 method=java.lang.String.equals(Ljava/lang/Object;)Z @ 8
Event: 1,154 Thread 0x00007fbe50102800 Uncommon trap: reason=class_check action=maybe_recompile pc=0x00007fbe8d1173f8 method=java.lang.String.equals(Ljava/lang/Object;)Z @ 8
Event: 1,154 Thread 0x00007fbe50102800 Uncommon trap: reason=class_check action=maybe_recompile pc=0x00007fbe8d1173f8 method=java.lang.String.equals(Ljava/lang/Object;)Z @ 8
Event: 1,268 Thread 0x00007fbe50102800 Uncommon trap: reason=class_check action=maybe_recompile pc=0x00007fbe8d1173f8 method=java.lang.String.equals(Ljava/lang/Object;)Z @ 8
Event: 1,273 Thread 0x00007fbe50102800 Uncommon trap: reason=unstable_if action=reinterpret pc=0x00007fbe8d2deacc method=java.lang.CharacterDataLatin1.toUpperCase(I)I @ 12
Event: 1,427 Thread 0x00007fbe50102800 Uncommon trap: reason=unstable_if action=reinterpret pc=0x00007fbe8d27ca68 method=sun.net.www.ParseUtil.encodePath(Ljava/lang/String;Z)Ljava/lang/String; @ 109
Event: 1,564 Thread 0x00007fbe50102800 Uncommon trap: reason=unstable_if action=reinterpret pc=0x00007fbe8d2e4a04 method=jdk.internal.org.objectweb.asm.Type.getArgumentsAndReturnSizes(Ljava/lang/String;)I @ 47
Event: 3,620 Thread 0x00007fbe50102800 Uncommon trap: reason=unstable_if action=reinterpret pc=0x00007fbe8d39e3b4 method=java.lang.StrictMath.floorOrCeil(DDDD)D @ 38
Event: 3,657 Thread 0x00007fbe50102800 Uncommon trap: reason=unstable_if action=reinterpret pc=0x00007fbe8d1bcfa4 method=java.lang.String.indexOf([CII[CIII)I @ 3
Event: 3,752 Thread 0x00007fbe50102800 Uncommon trap: reason=unstable_if action=reinterpret pc=0x00007fbe8d19906c method=java.lang.String.startsWith(Ljava/lang/String;I)Z @ 25

Internal exceptions (10 events):
Event: 0,160 Thread 0x00007fbe9c150000 Exception <a 'java/lang/NoSuchFieldError': method resolution failed> (0x00000000d731f2d8) thrown at [/HUDSON3/workspace/8-2-build-linux-amd64/jdk8u121/8372/hotspot/src/share/vm/prims/methodHandles.cpp, line 1146]
Event: 0,188 Thread 0x00007fbe4c07f800 Exception <a 'java/security/PrivilegedActionException'> (0x00000000d73e18d8) thrown at [/HUDSON3/workspace/8-2-build-linux-amd64/jdk8u121/8372/hotspot/src/share/vm/prims/jvm.cpp, line 1390]
Event: 0,188 Thread 0x00007fbe4c07f800 Exception <a 'java/security/PrivilegedActionException'> (0x00000000d73e1ae8) thrown at [/HUDSON3/workspace/8-2-build-linux-amd64/jdk8u121/8372/hotspot/src/share/vm/prims/jvm.cpp, line 1390]
Event: 0,188 Thread 0x00007fbe4c07f800 Exception <a 'java/security/PrivilegedActionException'> (0x00000000d73e3f50) thrown at [/HUDSON3/workspace/8-2-build-linux-amd64/jdk8u121/8372/hotspot/src/share/vm/prims/jvm.cpp, line 1390]
Event: 0,188 Thread 0x00007fbe4c07f800 Exception <a 'java/security/PrivilegedActionException'> (0x00000000d73e4160) thrown at [/HUDSON3/workspace/8-2-build-linux-amd64/jdk8u121/8372/hotspot/src/share/vm/prims/jvm.cpp, line 1390]
Event: 0,188 Thread 0x00007fbe4c07f800 Exception <a 'java/lang/NullPointerException'> (0x00000000d73e4738) thrown at [/HUDSON3/workspace/8-2-build-linux-amd64/jdk8u121/8372/hotspot/src/share/vm/interpreter/linkResolver.cpp, line 1178]
Event: 0,509 Thread 0x00007fbe50102800 Exception <a 'java/lang/NullPointerException'> (0x00000000d7ae19e8) thrown at [/HUDSON3/workspace/8-2-build-linux-amd64/jdk8u121/8372/hotspot/src/share/vm/interpreter/linkResolver.cpp, line 1178]
Event: 0,509 Thread 0x00007fbe50102800 Exception <a 'java/lang/NullPointerException'> (0x00000000d7ae19e8) thrown at [/HUDSON3/workspace/8-2-build-linux-amd64/jdk8u121/8372/hotspot/src/share/vm/prims/jvm.cpp, line 1394]
Event: 0,767 Thread 0x00007fbe50102800 Implicit null exception at 0x00007fbe8d241175 to 0x00007fbe8d241351
Event: 3,621 Thread 0x00007fbe50102800 Exception <a 'java/io/FileNotFoundException'> (0x00000000d73d6c18) thrown at [/HUDSON3/workspace/8-2-build-linux-amd64/jdk8u121/8372/hotspot/src/share/vm/prims/jni.cpp, line 709]

Events (10 events):
Event: 3,722 loading class javafx/scene/shape/SVGPath$2 done
Event: 3,722 loading class com/sun/javafx/sg/prism/NGSVGPath
Event: 3,722 loading class com/sun/javafx/sg/prism/NGSVGPath done
Event: 3,737 loading class javafx/scene/image/ImageView$StyleableProperties
Event: 3,737 loading class javafx/scene/image/ImageView$StyleableProperties done
Event: 3,737 loading class javafx/scene/image/ImageView$StyleableProperties$1
Event: 3,737 loading class javafx/scene/image/ImageView$StyleableProperties$1 done
Event: 3,752 Thread 0x00007fbe50102800 Uncommon trap: trap_request=0xffffff65 fr.pc=0x00007fbe8d19906c
Event: 3,752 Thread 0x00007fbe50102800 DEOPT PACKING pc=0x00007fbe8d19906c sp=0x00007fbe481ca9b0
Event: 3,752 Thread 0x00007fbe50102800 DEOPT UNPACKING pc=0x00007fbe8d005229 sp=0x00007fbe481ca948 mode 2


Dynamic libraries:
00400000-00401000 r-xp 00000000 08:05 2243241                            /usr/lib/jvm/java-8-oracle/bin/java
00600000-00601000 rw-p 00000000 08:05 2243241                            /usr/lib/jvm/java-8-oracle/bin/java
0123a000-0125b000 rw-p 00000000 00:00 0                                  [heap]
85000000-8a300000 rw-p 00000000 00:00 0 
8a300000-d7000000 ---p 00000000 00:00 0 
d7000000-d9900000 rw-p 00000000 00:00 0 
d9900000-100000000 ---p 00000000 00:00 0 
100000000-100280000 rw-p 00000000 00:00 0 
100280000-140000000 ---p 00000000 00:00 0 
7fbe14000000-7fbe14021000 rw-p 00000000 00:00 0 
7fbe14021000-7fbe18000000 ---p 00000000 00:00 0 
7fbe1beff000-7fbe1bf02000 ---p 00000000 00:00 0 
7fbe1bf02000-7fbe1c000000 rw-p 00000000 00:00 0 
7fbe1c000000-7fbe1c021000 rw-p 00000000 00:00 0 
7fbe1c021000-7fbe20000000 ---p 00000000 00:00 0 
7fbe20000000-7fbe20021000 rw-p 00000000 00:00 0 
7fbe20021000-7fbe24000000 ---p 00000000 00:00 0 
7fbe24000000-7fbe24021000 rw-p 00000000 00:00 0 
7fbe24021000-7fbe28000000 ---p 00000000 00:00 0 
7fbe28000000-7fbe28560000 rw-p 00000000 00:00 0 
7fbe28560000-7fbe2c000000 ---p 00000000 00:00 0 
7fbe2c000000-7fbe2c021000 rw-p 00000000 00:00 0 
7fbe2c021000-7fbe30000000 ---p 00000000 00:00 0 
7fbe30000000-7fbe30022000 rw-p 00000000 00:00 0 
7fbe30022000-7fbe34000000 ---p 00000000 00:00 0 
7fbe34000000-7fbe34021000 rw-p 00000000 00:00 0 
7fbe34021000-7fbe38000000 ---p 00000000 00:00 0 
7fbe380d7000-7fbe380db000 r--s 0009a000 08:05 2243269                    /usr/lib/jvm/java-8-oracle/jre/lib/jsse.jar
7fbe380db000-7fbe380de000 ---p 00000000 00:00 0 
7fbe380de000-7fbe381dc000 rw-p 00000000 00:00 0 
7fbe381dc000-7fbe381f2000 r-xp 00000000 08:05 2243325                    /usr/lib/jvm/java-8-oracle/jre/lib/amd64/libnet.so
7fbe381f2000-7fbe383f2000 ---p 00016000 08:05 2243325                    /usr/lib/jvm/java-8-oracle/jre/lib/amd64/libnet.so
7fbe383f2000-7fbe383f3000 rw-p 00016000 08:05 2243325                    /usr/lib/jvm/java-8-oracle/jre/lib/amd64/libnet.so
7fbe383f3000-7fbe383f4000 rw-s 00000000 00:05 38924                      /drm mm object (deleted)
7fbe383f4000-7fbe38454000 rw-s 00000000 00:05 37157                      /drm mm object (deleted)
7fbe38454000-7fbe38462000 rw-s 00000000 00:05 37156                      /drm mm object (deleted)
7fbe38462000-7fbe385e2000 rw-p 00000000 00:00 0 
7fbe385e2000-7fbe38662000 ---p 00000000 00:00 0 
7fbe38662000-7fbe38822000 rw-s 100aa8000 00:06 325                       /dev/dri/card0
7fbe38822000-7fbe389e2000 rw-s 00000000 00:05 37149                      /drm mm object (deleted)
7fbe389e2000-7fbe389f2000 rw-s 00000000 00:05 37153                      /drm mm object (deleted)
7fbe389f2000-7fbe38a02000 rw-s 00000000 00:05 37151                      /drm mm object (deleted)
7fbe38a02000-7fbe38a0e000 rw-s 00000000 00:05 36686                      /drm mm object (deleted)
7fbe38a0e000-7fbe38a21000 r--s 00345000 08:05 2243549                    /usr/lib/jvm/java-8-oracle/jre/lib/resources.jar
7fbe38a21000-7fbe38a24000 ---p 00000000 00:00 0 
7fbe38a24000-7fbe38b22000 rw-p 00000000 00:00 0 
7fbe38b22000-7fbe38bdb000 r--p 00000000 08:05 918436                     /usr/share/fonts/truetype/dejavu/DejaVuSans.ttf
7fbe38bdb000-7fbe38c17000 r--p 00000000 08:05 2243419                    /usr/lib/jvm/java-8-oracle/jre/lib/fonts/LucidaTypewriterRegular.ttf
7fbe38c17000-7fbe38c2a000 r--p 00000000 08:05 2243414                    /usr/lib/jvm/java-8-oracle/jre/lib/fonts/LucidaBrightDemiBold.ttf
7fbe38c2a000-7fbe38c7f000 r--p 00000000 08:05 2243416                    /usr/lib/jvm/java-8-oracle/jre/lib/fonts/LucidaBrightRegular.ttf
7fbe38c7f000-7fbe38d2a000 r--p 00000000 08:05 2243413                    /usr/lib/jvm/java-8-oracle/jre/lib/fonts/LucidaSansRegular.ttf
7fbe38d2a000-7fbe38f2a000 rw-p 00000000 00:00 0 
7fbe38f2a000-7fbe38f2e000 r-xp 00000000 08:05 2243362                    /usr/lib/jvm/java-8-oracle/jre/lib/amd64/libjavafx_font_pango.so
7fbe38f2e000-7fbe3912d000 ---p 00004000 08:05 2243362                    /usr/lib/jvm/java-8-oracle/jre/lib/amd64/libjavafx_font_pango.so
7fbe3912d000-7fbe3912e000 rw-p 00003000 08:05 2243362                    /usr/lib/jvm/java-8-oracle/jre/lib/amd64/libjavafx_font_pango.so
7fbe3912e000-7fbe39133000 r-xp 00000000 08:05 2243358                    /usr/lib/jvm/java-8-oracle/jre/lib/amd64/libjavafx_font_freetype.so
7fbe39133000-7fbe39332000 ---p 00005000 08:05 2243358                    /usr/lib/jvm/java-8-oracle/jre/lib/amd64/libjavafx_font_freetype.so
7fbe39332000-7fbe39333000 rw-p 00004000 08:05 2243358                    /usr/lib/jvm/java-8-oracle/jre/lib/amd64/libjavafx_font_freetype.so
7fbe39333000-7fbe39533000 rw-p 00000000 00:00 0 
7fbe39533000-7fbe39536000 r-xp 00000000 08:05 2243320                    /usr/lib/jvm/java-8-oracle/jre/lib/amd64/libjavafx_font.so
7fbe39536000-7fbe39735000 ---p 00003000 08:05 2243320                    /usr/lib/jvm/java-8-oracle/jre/lib/amd64/libjavafx_font.so
7fbe39735000-7fbe39736000 rw-p 00002000 08:05 2243320                    /usr/lib/jvm/java-8-oracle/jre/lib/amd64/libjavafx_font.so
7fbe39736000-7fbe39737000 ---p 00000000 00:00 0 
7fbe39737000-7fbe39f37000 rw-p 00000000 00:00 0 
7fbe39f37000-7fbe39f38000 ---p 00000000 00:00 0 
7fbe39f38000-7fbe3a738000 rw-p 00000000 00:00 0 
7fbe3a738000-7fbe3a739000 ---p 00000000 00:00 0 
7fbe3a739000-7fbe3af39000 rw-p 00000000 00:00 0 
7fbe3af39000-7fbe3af45000 r-xp 00000000 08:05 133762                     /usr/lib/x86_64-linux-gnu/gio/modules/libdconfsettings.so
7fbe3af45000-7fbe3b144000 ---p 0000c000 08:05 133762                     /usr/lib/x86_64-linux-gnu/gio/modules/libdconfsettings.so
7fbe3b144000-7fbe3b145000 r--p 0000b000 08:05 133762                     /usr/lib/x86_64-linux-gnu/gio/modules/libdconfsettings.so
7fbe3b145000-7fbe3b146000 rw-p 0000c000 08:05 133762                     /usr/lib/x86_64-linux-gnu/gio/modules/libdconfsettings.so
7fbe3b146000-7fbe3b14d000 r-xp 00000000 08:05 2239720                    /usr/lib/x86_64-linux-gnu/libogg.so.0.8.2
7fbe3b14d000-7fbe3b34d000 ---p 00007000 08:05 2239720                    /usr/lib/x86_64-linux-gnu/libogg.so.0.8.2
7fbe3b34d000-7fbe3b34e000 r--p 00007000 08:05 2239720                    /usr/lib/x86_64-linux-gnu/libogg.so.0.8.2
7fbe3b34e000-7fbe3b34f000 rw-p 00008000 08:05 2239720                    /usr/lib/x86_64-linux-gnu/libogg.so.0.8.2
7fbe3b34f000-7fbe3b379000 r-xp 00000000 08:05 2240153                    /usr/lib/x86_64-linux-gnu/libvorbis.so.0.4.8
7fbe3b379000-7fbe3b579000 ---p 0002a000 08:05 2240153                    /usr/lib/x86_64-linux-gnu/libvorbis.so.0.4.8
7fbe3b579000-7fbe3b57a000 r--p 0002a000 08:05 2240153                    /usr/lib/x86_64-linux-gnu/libvorbis.so.0.4.8
7fbe3b57a000-7fbe3b57b000 rw-p 0002b000 08:05 2240153                    /usr/lib/x86_64-linux-gnu/libvorbis.so.0.4.8
7fbe3b57b000-7fbe3b583000 r-xp 00000000 08:05 2239564                    /usr/lib/x86_64-linux-gnu/libltdl.so.7.3.1
7fbe3b583000-7fbe3b783000 ---p 00008000 08:05 2239564                    /usr/lib/x86_64-linux-gnu/libltdl.so.7.3.1
7fbe3b783000-7fbe3b784000 r--p 00008000 08:05 2239564                    /usr/lib/x86_64-linux-gnu/libltdl.so.7.3.1
7fbe3b784000-7fbe3b785000 rw-p 00009000 08:05 2239564                    /usr/lib/x86_64-linux-gnu/libltdl.so.7.3.1
7fbe3b785000-7fbe3b799000 r-xp 00000000 08:05 2239986                    /usr/lib/x86_64-linux-gnu/libtdb.so.1.3.9
7fbe3b799000-7fbe3b998000 ---p 00014000 08:05 2239986                    /usr/lib/x86_64-linux-gnu/libtdb.so.1.3.9
7fbe3b998000-7fbe3b999000 r--p 00013000 08:05 2239986                    /usr/lib/x86_64-linux-gnu/libtdb.so.1.3.9
7fbe3b999000-7fbe3b99a000 rw-p 00014000 08:05 2239986                    /usr/lib/x86_64-linux-gnu/libtdb.so.1.3.9
7fbe3b99a000-7fbe3b9a1000 r-xp 00000000 08:05 2240157                    /usr/lib/x86_64-linux-gnu/libvorbisfile.so.3.3.7
7fbe3b9a1000-7fbe3bba1000 ---p 00007000 08:05 2240157                    /usr/lib/x86_64-linux-gnu/libvorbisfile.so.3.3.7
7fbe3bba1000-7fbe3bba2000 r--p 00007000 08:05 2240157                    /usr/lib/x86_64-linux-gnu/libvorbisfile.so.3.3.7
7fbe3bba2000-7fbe3bba3000 rw-p 00008000 08:05 2240157                    /usr/lib/x86_64-linux-gnu/libvorbisfile.so.3.3.7
7fbe3bba3000-7fbe3bbb3000 r-xp 00000000 08:05 2238920                    /usr/lib/x86_64-linux-gnu/libcanberra.so.0.2.5
7fbe3bbb3000-7fbe3bdb3000 ---p 00010000 08:05 2238920                    /usr/lib/x86_64-linux-gnu/libcanberra.so.0.2.5
7fbe3bdb3000-7fbe3bdb4000 r--p 00010000 08:05 2238920                    /usr/lib/x86_64-linux-gnu/libcanberra.so.0.2.5
7fbe3bdb4000-7fbe3bdb5000 rw-p 00011000 08:05 2238920                    /usr/lib/x86_64-linux-gnu/libcanberra.so.0.2.5
7fbe3bdb5000-7fbe3bdb9000 r-xp 00000000 08:05 2238916                    /usr/lib/x86_64-linux-gnu/libcanberra-gtk.so.0.1.9
7fbe3bdb9000-7fbe3bfb8000 ---p 00004000 08:05 2238916                    /usr/lib/x86_64-linux-gnu/libcanberra-gtk.so.0.1.9
7fbe3bfb8000-7fbe3bfb9000 r--p 00003000 08:05 2238916                    /usr/lib/x86_64-linux-gnu/libcanberra-gtk.so.0.1.9
7fbe3bfb9000-7fbe3bfba000 rw-p 00004000 08:05 2238916                    /usr/lib/x86_64-linux-gnu/libcanberra-gtk.so.0.1.9
7fbe3bfba000-7fbe3bfbf000 r-xp 00000000 08:05 133969                     /usr/lib/x86_64-linux-gnu/gtk-2.0/modules/libcanberra-gtk-module.so
7fbe3bfbf000-7fbe3c1be000 ---p 00005000 08:05 133969                     /usr/lib/x86_64-linux-gnu/gtk-2.0/modules/libcanberra-gtk-module.so
7fbe3c1be000-7fbe3c1bf000 r--p 00004000 08:05 133969                     /usr/lib/x86_64-linux-gnu/gtk-2.0/modules/libcanberra-gtk-module.so
7fbe3c1bf000-7fbe3c1c0000 rw-p 00005000 08:05 133969                     /usr/lib/x86_64-linux-gnu/gtk-2.0/modules/libcanberra-gtk-module.so
7fbe3c1c0000-7fbe3c1f0000 r-xp 00000000 08:05 133951                     /usr/lib/x86_64-linux-gnu/gtk-2.0/2.10.0/engines/libmurrine.so
7fbe3c1f0000-7fbe3c3f0000 ---p 00030000 08:05 133951                     /usr/lib/x86_64-linux-gnu/gtk-2.0/2.10.0/engines/libmurrine.so
7fbe3c3f0000-7fbe3c3f1000 r--p 00030000 08:05 133951                     /usr/lib/x86_64-linux-gnu/gtk-2.0/2.10.0/engines/libmurrine.so
7fbe3c3f1000-7fbe3c3f2000 rw-p 00031000 08:05 133951                     /usr/lib/x86_64-linux-gnu/gtk-2.0/2.10.0/engines/libmurrine.so
7fbe3c3f2000-7fbe3c402000 r-xp 00000000 08:05 2240079                    /usr/lib/x86_64-linux-gnu/libunity-gtk2-parser.so.0.0.0
7fbe3c402000-7fbe3c602000 ---p 00010000 08:05 2240079                    /usr/lib/x86_64-linux-gnu/libunity-gtk2-parser.so.0.0.0
7fbe3c602000-7fbe3c603000 r--p 00010000 08:05 2240079                    /usr/lib/x86_64-linux-gnu/libunity-gtk2-parser.so.0.0.0
7fbe3c603000-7fbe3c604000 rw-p 00011000 08:05 2240079                    /usr/lib/x86_64-linux-gnu/libunity-gtk2-parser.so.0.0.0
7fbe3c604000-7fbe3c609000 r-xp 00000000 08:05 133973                     /usr/lib/x86_64-linux-gnu/gtk-2.0/modules/libunity-gtk-module.so
7fbe3c609000-7fbe3c808000 ---p 00005000 08:05 133973                     /usr/lib/x86_64-linux-gnu/gtk-2.0/modules/libunity-gtk-module.so
7fbe3c808000-7fbe3c809000 r--p 00004000 08:05 133973                     /usr/lib/x86_64-linux-gnu/gtk-2.0/modules/libunity-gtk-module.so
7fbe3c809000-7fbe3c80a000 rw-p 00005000 08:05 133973                     /usr/lib/x86_64-linux-gnu/gtk-2.0/modules/libunity-gtk-module.so
7fbe3c80a000-7fbe3c82c000 r-xp 00000000 08:05 398679                     /lib/x86_64-linux-gnu/liblzma.so.5.0.0
7fbe3c82c000-7fbe3ca2b000 ---p 00022000 08:05 398679                     /lib/x86_64-linux-gnu/liblzma.so.5.0.0
7fbe3ca2b000-7fbe3ca2c000 r--p 00021000 08:05 398679                     /lib/x86_64-linux-gnu/liblzma.so.5.0.0
7fbe3ca2c000-7fbe3ca2d000 rw-p 00022000 08:05 398679                     /lib/x86_64-linux-gnu/liblzma.so.5.0.0
7fbe3ca2d000-7fbe3ca77000 r-xp 00000000 08:05 399570                     /lib/x86_64-linux-gnu/libdbus-1.so.3.14.7
7fbe3ca77000-7fbe3cc77000 ---p 0004a000 08:05 399570                     /lib/x86_64-linux-gnu/libdbus-1.so.3.14.7
7fbe3cc77000-7fbe3cc78000 r--p 0004a000 08:05 399570                     /lib/x86_64-linux-gnu/libdbus-1.so.3.14.7
7fbe3cc78000-7fbe3cc79000 rw-p 0004b000 08:05 399570                     /lib/x86_64-linux-gnu/libdbus-1.so.3.14.7
7fbe3cc79000-7fbe3cca5000 r-xp 00000000 08:05 2238852                    /usr/lib/x86_64-linux-gnu/libatspi.so.0.0.1
7fbe3cca5000-7fbe3cea4000 ---p 0002c000 08:05 2238852                    /usr/lib/x86_64-linux-gnu/libatspi.so.0.0.1
7fbe3cea4000-7fbe3cea7000 r--p 0002b000 08:05 2238852                    /usr/lib/x86_64-linux-gnu/libatspi.so.0.0.1
7fbe3cea7000-7fbe3cea8000 rw-p 0002e000 08:05 2238852                    /usr/lib/x86_64-linux-gnu/libatspi.so.0.0.1
7fbe3cea8000-7fbe3ced5000 r-xp 00000000 08:05 2238846                    /usr/lib/x86_64-linux-gnu/libatk-bridge-2.0.so.0.0.0
7fbe3ced5000-7fbe3d0d4000 ---p 0002d000 08:05 2238846                    /usr/lib/x86_64-linux-gnu/libatk-bridge-2.0.so.0.0.0
7fbe3d0d4000-7fbe3d0d5000 r--p 0002c000 08:05 2238846                    /usr/lib/x86_64-linux-gnu/libatk-bridge-2.0.so.0.0.0
7fbe3d0d5000-7fbe3d0d7000 rw-p 0002d000 08:05 2238846                    /usr/lib/x86_64-linux-gnu/libatk-bridge-2.0.so.0.0.0
7fbe3d0d7000-7fbe3d0d8000 r-xp 00000000 08:05 133968                     /usr/lib/x86_64-linux-gnu/gtk-2.0/modules/libatk-bridge.so
7fbe3d0d8000-7fbe3d2d7000 ---p 00001000 08:05 133968                     /usr/lib/x86_64-linux-gnu/gtk-2.0/modules/libatk-bridge.so
7fbe3d2d7000-7fbe3d2d8000 r--p 00000000 08:05 133968                     /usr/lib/x86_64-linux-gnu/gtk-2.0/modules/libatk-bridge.so
7fbe3d2d8000-7fbe3d2d9000 rw-p 00001000 08:05 133968                     /usr/lib/x86_64-linux-gnu/gtk-2.0/modules/libatk-bridge.so
7fbe3d2d9000-7fbe3d2e0000 r-xp 00000000 08:05 2228785                    /usr/lib/x86_64-linux-gnu/libgailutil.so.18.0.1
7fbe3d2e0000-7fbe3d4df000 ---p 00007000 08:05 2228785                    /usr/lib/x86_64-linux-gnu/libgailutil.so.18.0.1
7fbe3d4df000-7fbe3d4e0000 r--p 00006000 08:05 2228785                    /usr/lib/x86_64-linux-gnu/libgailutil.so.18.0.1
7fbe3d4e0000-7fbe3d4e1000 rw-p 00007000 08:05 2228785                    /usr/lib/x86_64-linux-gnu/libgailutil.so.18.0.1
7fbe3d4e1000-7fbe3d52f000 r-xp 00000000 08:05 132695                     /usr/lib/x86_64-linux-gnu/gtk-2.0/modules/libgail.so
7fbe3d52f000-7fbe3d72e000 ---p 0004e000 08:05 132695                     /usr/lib/x86_64-linux-gnu/gtk-2.0/modules/libgail.so
7fbe3d72e000-7fbe3d72f000 r--p 0004d000 08:05 132695                     /usr/lib/x86_64-linux-gnu/gtk-2.0/modules/libgail.so
7fbe3d72f000-7fbe3d731000 rw-p 0004e000 08:05 132695                     /usr/lib/x86_64-linux-gnu/gtk-2.0/modules/libgail.so
7fbe3d731000-7fbe3d742000 r-xp 00000000 08:05 132122                     /usr/lib/x86_64-linux-gnu/gtk-2.0/modules/liboverlay-scrollbar.so
7fbe3d742000-7fbe3d942000 ---p 00011000 08:05 132122                     /usr/lib/x86_64-linux-gnu/gtk-2.0/modules/liboverlay-scrollbar.so
7fbe3d942000-7fbe3d943000 r--p 00011000 08:05 132122                     /usr/lib/x86_64-linux-gnu/gtk-2.0/modules/liboverlay-scrollbar.so
7fbe3d943000-7fbe3d944000 rw-p 00012000 08:05 132122                     /usr/lib/x86_64-linux-gnu/gtk-2.0/modules/liboverlay-scrollbar.so
7fbe3d944000-7fbe3d96d000 r-xp 00000000 08:05 2243370                    /usr/lib/jvm/java-8-oracle/jre/lib/amd64/libglass.so
7fbe3d96d000-7fbe3db6c000 ---p 00029000 08:05 2243370                    /usr/lib/jvm/java-8-oracle/jre/lib/amd64/libglass.so
7fbe3db6c000-7fbe3db6f000 rw-p 00028000 08:05 2243370                    /usr/lib/jvm/java-8-oracle/jre/lib/amd64/libglass.so
7fbe3db6f000-7fbe3dba6000 r-xp 00000000 08:05 2240033                    /usr/lib/x86_64-linux-gnu/libtxc_dxtn_s2tc.so.0.0.0
7fbe3dba6000-7fbe3dda5000 ---p 00037000 08:05 2240033                    /usr/lib/x86_64-linux-gnu/libtxc_dxtn_s2tc.so.0.0.0
7fbe3dda5000-7fbe3dda6000 r--p 00036000 08:05 2240033                    /usr/lib/x86_64-linux-gnu/libtxc_dxtn_s2tc.so.0.0.0
7fbe3dda6000-7fbe3dda7000 rw-p 00037000 08:05 2240033                    /usr/lib/x86_64-linux-gnu/libtxc_dxtn_s2tc.so.0.0.0
7fbe3dda7000-7fbe3ddaf000 r-xp 00000000 08:05 2239767                    /usr/lib/x86_64-linux-gnu/libpciaccess.so.0.11.1
7fbe3ddaf000-7fbe3dfaf000 ---p 00008000 08:05 2239767                    /usr/lib/x86_64-linux-gnu/libpciaccess.so.0.11.1
7fbe3dfaf000-7fbe3dfb0000 r--p 00008000 08:05 2239767                    /usr/lib/x86_64-linux-gnu/libpciaccess.so.0.11.1
7fbe3dfb0000-7fbe3dfb1000 rw-p 00009000 08:05 2239767                    /usr/lib/x86_64-linux-gnu/libpciaccess.so.0.11.1
7fbe3dfb1000-7fbe3dfc3000 r-xp 00000000 08:05 398660                     /lib/x86_64-linux-gnu/libgpg-error.so.0.19.1
7fbe3dfc3000-7fbe3e1c3000 ---p 00012000 08:05 398660                     /lib/x86_64-linux-gnu/libgpg-error.so.0.19.1
7fbe3e1c3000-7fbe3e1c4000 r--p 00012000 08:05 398660                     /lib/x86_64-linux-gnu/libgpg-error.so.0.19.1
7fbe3e1c4000-7fbe3e1c5000 rw-p 00013000 08:05 398660                     /lib/x86_64-linux-gnu/libgpg-error.so.0.19.1
7fbe3e1c5000-7fbe3e1d0000 r-xp 00000000 08:05 2239069                    /usr/lib/x86_64-linux-gnu/libdrm_radeon.so.1.0.1
7fbe3e1d0000-7fbe3e3cf000 ---p 0000b000 08:05 2239069                    /usr/lib/x86_64-linux-gnu/libdrm_radeon.so.1.0.1
7fbe3e3cf000-7fbe3e3d0000 r--p 0000a000 08:05 2239069                    /usr/lib/x86_64-linux-gnu/libdrm_radeon.so.1.0.1
7fbe3e3d0000-7fbe3e3d1000 rw-p 0000b000 08:05 2239069                    /usr/lib/x86_64-linux-gnu/libdrm_radeon.so.1.0.1
7fbe3e3d1000-7fbe3e3d8000 r-xp 00000000 08:05 2239067                    /usr/lib/x86_64-linux-gnu/libdrm_nouveau.so.2.0.0
7fbe3e3d8000-7fbe3e5d7000 ---p 00007000 08:05 2239067                    /usr/lib/x86_64-linux-gnu/libdrm_nouveau.so.2.0.0
7fbe3e5d7000-7fbe3e5d8000 r--p 00006000 08:05 2239067                    /usr/lib/x86_64-linux-gnu/libdrm_nouveau.so.2.0.0
7fbe3e5d8000-7fbe3e5d9000 rw-p 00007000 08:05 2239067                    /usr/lib/x86_64-linux-gnu/libdrm_nouveau.so.2.0.0
7fbe3e5d9000-7fbe3e5f9000 r-xp 00000000 08:05 2239065                    /usr/lib/x86_64-linux-gnu/libdrm_intel.so.1.0.0
7fbe3e5f9000-7fbe3e7f8000 ---p 00020000 08:05 2239065                    /usr/lib/x86_64-linux-gnu/libdrm_intel.so.1.0.0
7fbe3e7f8000-7fbe3e7f9000 r--p 0001f000 08:05 2239065                    /usr/lib/x86_64-linux-gnu/libdrm_intel.so.1.0.0
7fbe3e7f9000-7fbe3e7fa000 rw-p 00020000 08:05 2239065                    /usr/lib/x86_64-linux-gnu/libdrm_intel.so.1.0.0
7fbe3e7fa000-7fbe3e901000 r-xp 00000000 08:05 398656                     /lib/x86_64-linux-gnu/libgcrypt.so.20.1.2
7fbe3e901000-7fbe3eb00000 ---p 00107000 08:05 398656                     /lib/x86_64-linux-gnu/libgcrypt.so.20.1.2
7fbe3eb00000-7fbe3eb02000 r--p 00106000 08:05 398656                     /lib/x86_64-linux-gnu/libgcrypt.so.20.1.2
7fbe3eb02000-7fbe3eb09000 rw-p 00108000 08:05 398656                     /lib/x86_64-linux-gnu/libgcrypt.so.20.1.2
7fbe3eb09000-7fbe3f1ac000 r-xp 00000000 08:05 133427                     /usr/lib/x86_64-linux-gnu/dri/i965_dri.so
7fbe3f1ac000-7fbe3f3ab000 ---p 006a3000 08:05 133427                     /usr/lib/x86_64-linux-gnu/dri/i965_dri.so
7fbe3f3ab000-7fbe3f3ea000 r--p 006a2000 08:05 133427                     /usr/lib/x86_64-linux-gnu/dri/i965_dri.so
7fbe3f3ea000-7fbe3f3f2000 rw-p 006e1000 08:05 133427                     /usr/lib/x86_64-linux-gnu/dri/i965_dri.so
7fbe3f3f2000-7fbe3f3fa000 rw-p 00000000 00:00 0 
7fbe3f3fa000-7fbe3f3fe000 r-xp 00000000 08:05 398105                     /lib/x86_64-linux-gnu/libuuid.so.1.3.0
7fbe3f3fe000-7fbe3f5fd000 ---p 00004000 08:05 398105                     /lib/x86_64-linux-gnu/libuuid.so.1.3.0
7fbe3f5fd000-7fbe3f5fe000 r--p 00003000 08:05 398105                     /lib/x86_64-linux-gnu/libuuid.so.1.3.0
7fbe3f5fe000-7fbe3f5ff000 rw-p 00004000 08:05 398105                     /lib/x86_64-linux-gnu/libuuid.so.1.3.0
7fbe3f5ff000-7fbe3f605000 r-xp 00000000 08:05 2239010                    /usr/lib/x86_64-linux-gnu/libdatrie.so.1.3.3
7fbe3f605000-7fbe3f805000 ---p 00006000 08:05 2239010                    /usr/lib/x86_64-linux-gnu/libdatrie.so.1.3.3
7fbe3f805000-7fbe3f806000 r--p 00006000 08:05 2239010                    /usr/lib/x86_64-linux-gnu/libdatrie.so.1.3.3
7fbe3f806000-7fbe3f807000 rw-p 00007000 08:05 2239010                    /usr/lib/x86_64-linux-gnu/libdatrie.so.1.3.3
7fbe3f807000-7fbe3f80c000 r-xp 00000000 08:05 2238755                    /usr/lib/x86_64-linux-gnu/libXdmcp.so.6.0.0
7fbe3f80c000-7fbe3fa0b000 ---p 00005000 08:05 2238755                    /usr/lib/x86_64-linux-gnu/libXdmcp.so.6.0.0
7fbe3fa0b000-7fbe3fa0c000 r--p 00004000 08:05 2238755                    /usr/lib/x86_64-linux-gnu/libXdmcp.so.6.0.0
7fbe3fa0c000-7fbe3fa0d000 rw-p 00005000 08:05 2238755                    /usr/lib/x86_64-linux-gnu/libXdmcp.so.6.0.0
7fbe3fa0d000-7fbe3fa0f000 r-xp 00000000 08:05 2238744                    /usr/lib/x86_64-linux-gnu/libXau.so.6.0.0
7fbe3fa0f000-7fbe3fc0f000 ---p 00002000 08:05 2238744                    /usr/lib/x86_64-linux-gnu/libXau.so.6.0.0
7fbe3fc0f000-7fbe3fc10000 r--p 00002000 08:05 2238744                    /usr/lib/x86_64-linux-gnu/libXau.so.6.0.0
7fbe3fc10000-7fbe3fc11000 rw-p 00003000 08:05 2238744                    /usr/lib/x86_64-linux-gnu/libXau.so.6.0.0
7fbe3fc11000-7fbe3fc34000 r-xp 00000000 08:05 2239322                    /usr/lib/x86_64-linux-gnu/libgraphite2.so.3.0.1
7fbe3fc34000-7fbe3fe33000 ---p 00023000 08:05 2239322                    /usr/lib/x86_64-linux-gnu/libgraphite2.so.3.0.1
7fbe3fe33000-7fbe3fe35000 r--p 00022000 08:05 2239322                    /usr/lib/x86_64-linux-gnu/libgraphite2.so.3.0.1
7fbe3fe35000-7fbe3fe36000 rw-p 00024000 08:05 2239322                    /usr/lib/x86_64-linux-gnu/libgraphite2.so.3.0.1
7fbe3fe36000-7fbe3fe73000 r-xp 00000000 08:05 398114                     /lib/x86_64-linux-gnu/libblkid.so.1.1.0
7fbe3fe73000-7fbe40072000 ---p 0003d000 08:05 398114                     /lib/x86_64-linux-gnu/libblkid.so.1.1.0
7fbe40072000-7fbe40076000 r--p 0003c000 08:05 398114                     /lib/x86_64-linux-gnu/libblkid.so.1.1.0
7fbe40076000-7fbe40077000 rw-p 00040000 08:05 398114                     /lib/x86_64-linux-gnu/libblkid.so.1.1.0
7fbe40077000-7fbe40078000 rw-p 00000000 00:00 0 
7fbe40078000-7fbe40086000 r-xp 00000000 08:05 2239061                    /usr/lib/x86_64-linux-gnu/libdrm.so.2.4.0
7fbe40086000-7fbe40285000 ---p 0000e000 08:05 2239061                    /usr/lib/x86_64-linux-gnu/libdrm.so.2.4.0
7fbe40285000-7fbe40286000 r--p 0000d000 08:05 2239061                    /usr/lib/x86_64-linux-gnu/libdrm.so.2.4.0
7fbe40286000-7fbe40287000 rw-p 0000e000 08:05 2239061                    /usr/lib/x86_64-linux-gnu/libdrm.so.2.4.0
7fbe40287000-7fbe4028b000 r-xp 00000000 08:05 2240244                    /usr/lib/x86_64-linux-gnu/libxcb-dri2.so.0.0.0
7fbe4028b000-7fbe4048a000 ---p 00004000 08:05 2240244                    /usr/lib/x86_64-linux-gnu/libxcb-dri2.so.0.0.0
7fbe4048a000-7fbe4048b000 r--p 00003000 08:05 2240244                    /usr/lib/x86_64-linux-gnu/libxcb-dri2.so.0.0.0
7fbe4048b000-7fbe4048c000 rw-p 00004000 08:05 2240244                    /usr/lib/x86_64-linux-gnu/libxcb-dri2.so.0.0.0
7fbe4048c000-7fbe404a3000 r-xp 00000000 08:05 2240248                    /usr/lib/x86_64-linux-gnu/libxcb-glx.so.0.0.0
7fbe404a3000-7fbe406a2000 ---p 00017000 08:05 2240248                    /usr/lib/x86_64-linux-gnu/libxcb-glx.so.0.0.0
7fbe406a2000-7fbe406a4000 r--p 00016000 08:05 2240248                    /usr/lib/x86_64-linux-gnu/libxcb-glx.so.0.0.0
7fbe406a4000-7fbe406a5000 rw-p 00018000 08:05 2240248                    /usr/lib/x86_64-linux-gnu/libxcb-glx.so.0.0.0
7fbe406a5000-7fbe406a6000 r-xp 00000000 08:05 2238738                    /usr/lib/x86_64-linux-gnu/libX11-xcb.so.1.0.0
7fbe406a6000-7fbe408a5000 ---p 00001000 08:05 2238738                    /usr/lib/x86_64-linux-gnu/libX11-xcb.so.1.0.0
7fbe408a5000-7fbe408a6000 r--p 00000000 08:05 2238738                    /usr/lib/x86_64-linux-gnu/libX11-xcb.so.1.0.0
7fbe408a6000-7fbe408a7000 rw-p 00001000 08:05 2238738                    /usr/lib/x86_64-linux-gnu/libX11-xcb.so.1.0.0
7fbe408a7000-7fbe408d0000 r-xp 00000000 08:05 2231673                    /usr/lib/x86_64-linux-gnu/libglapi.so.0.0.0
7fbe408d0000-7fbe40acf000 ---p 00029000 08:05 2231673                    /usr/lib/x86_64-linux-gnu/libglapi.so.0.0.0
7fbe40acf000-7fbe40ad3000 r--p 00028000 08:05 2231673                    /usr/lib/x86_64-linux-gnu/libglapi.so.0.0.0
7fbe40ad3000-7fbe40ad4000 rw-p 0002c000 08:05 2231673                    /usr/lib/x86_64-linux-gnu/libglapi.so.0.0.0
7fbe40ad4000-7fbe40ad5000 rw-p 00000000 00:00 0 
7fbe40ad5000-7fbe40ad6000 r-xp 00000000 08:05 2240290                    /usr/lib/x86_64-linux-gnu/libxshmfence.so.1.0.0
7fbe40ad6000-7fbe40cd6000 ---p 00001000 08:05 2240290                    /usr/lib/x86_64-linux-gnu/libxshmfence.so.1.0.0
7fbe40cd6000-7fbe40cd7000 r--p 00001000 08:05 2240290                    /usr/lib/x86_64-linux-gnu/libxshmfence.so.1.0.0
7fbe40cd7000-7fbe40cd8000 rw-p 00002000 08:05 2240290                    /usr/lib/x86_64-linux-gnu/libxshmfence.so.1.0.0
7fbe40cd8000-7fbe40cdd000 r-xp 00000000 08:05 2240268                    /usr/lib/x86_64-linux-gnu/libxcb-sync.so.1.0.0
7fbe40cdd000-7fbe40edd000 ---p 00005000 08:05 2240268                    /usr/lib/x86_64-linux-gnu/libxcb-sync.so.1.0.0
7fbe40edd000-7fbe40ede000 r--p 00005000 08:05 2240268                    /usr/lib/x86_64-linux-gnu/libxcb-sync.so.1.0.0
7fbe40ede000-7fbe40edf000 rw-p 00006000 08:05 2240268                    /usr/lib/x86_64-linux-gnu/libxcb-sync.so.1.0.0
7fbe40edf000-7fbe40ee1000 r-xp 00000000 08:05 2240256                    /usr/lib/x86_64-linux-gnu/libxcb-present.so.0.0.0
7fbe40ee1000-7fbe410e0000 ---p 00002000 08:05 2240256                    /usr/lib/x86_64-linux-gnu/libxcb-present.so.0.0.0
7fbe410e0000-7fbe410e1000 r--p 00001000 08:05 2240256                    /usr/lib/x86_64-linux-gnu/libxcb-present.so.0.0.0
7fbe410e1000-7fbe410e2000 rw-p 00002000 08:05 2240256                    /usr/lib/x86_64-linux-gnu/libxcb-present.so.0.0.0
7fbe410e2000-7fbe410e4000 r-xp 00000000 08:05 2240246                    /usr/lib/x86_64-linux-gnu/libxcb-dri3.so.0.0.0
7fbe410e4000-7fbe412e3000 ---p 00002000 08:05 2240246                    /usr/lib/x86_64-linux-gnu/libxcb-dri3.so.0.0.0
7fbe412e3000-7fbe412e4000 r--p 00001000 08:05 2240246                    /usr/lib/x86_64-linux-gnu/libxcb-dri3.so.0.0.0
7fbe412e4000-7fbe412e5000 rw-p 00002000 08:05 2240246                    /usr/lib/x86_64-linux-gnu/libxcb-dri3.so.0.0.0
7fbe412e5000-7fbe41357000 r-xp 00000000 08:05 398742                     /lib/x86_64-linux-gnu/libpcre.so.3.13.3
7fbe41357000-7fbe41556000 ---p 00072000 08:05 398742                     /lib/x86_64-linux-gnu/libpcre.so.3.13.3
7fbe41556000-7fbe41557000 r--p 00071000 08:05 398742                     /lib/x86_64-linux-gnu/libpcre.so.3.13.3
7fbe41557000-7fbe41558000 rw-p 00072000 08:05 398742                     /lib/x86_64-linux-gnu/libpcre.so.3.13.3
7fbe41558000-7fbe4155f000 r-xp 00000000 08:05 2239141                    /usr/lib/x86_64-linux-gnu/libffi.so.6.0.4
7fbe4155f000-7fbe4175e000 ---p 00007000 08:05 2239141                    /usr/lib/x86_64-linux-gnu/libffi.so.6.0.4
7fbe4175e000-7fbe4175f000 r--p 00006000 08:05 2239141                    /usr/lib/x86_64-linux-gnu/libffi.so.6.0.4
7fbe4175f000-7fbe41760000 rw-p 00007000 08:05 2239141                    /usr/lib/x86_64-linux-gnu/libffi.so.6.0.4
7fbe41760000-7fbe41787000 r-xp 00000000 08:05 398647                     /lib/x86_64-linux-gnu/libexpat.so.1.6.2
7fbe41787000-7fbe41987000 ---p 00027000 08:05 398647                     /lib/x86_64-linux-gnu/libexpat.so.1.6.2
7fbe41987000-7fbe41989000 r--p 00027000 08:05 398647                     /lib/x86_64-linux-gnu/libexpat.so.1.6.2
7fbe41989000-7fbe4198a000 rw-p 00029000 08:05 398647                     /lib/x86_64-linux-gnu/libexpat.so.1.6.2
7fbe4198a000-7fbe41992000 r-xp 00000000 08:05 2240000                    /usr/lib/x86_64-linux-gnu/libthai.so.0.3.0
7fbe41992000-7fbe41b91000 ---p 00008000 08:05 2240000                    /usr/lib/x86_64-linux-gnu/libthai.so.0.3.0
7fbe41b91000-7fbe41b92000 r--p 00007000 08:05 2240000                    /usr/lib/x86_64-linux-gnu/libthai.so.0.3.0
7fbe41b92000-7fbe41b93000 rw-p 00008000 08:05 2240000                    /usr/lib/x86_64-linux-gnu/libthai.so.0.3.0
7fbe41b93000-7fbe41bb4000 r-xp 00000000 08:05 2240278                    /usr/lib/x86_64-linux-gnu/libxcb.so.1.1.0
7fbe41bb4000-7fbe41db3000 ---p 00021000 08:05 2240278                    /usr/lib/x86_64-linux-gnu/libxcb.so.1.1.0
7fbe41db3000-7fbe41db4000 r--p 00020000 08:05 2240278                    /usr/lib/x86_64-linux-gnu/libxcb.so.1.1.0
7fbe41db4000-7fbe41db5000 rw-p 00021000 08:05 2240278                    /usr/lib/x86_64-linux-gnu/libxcb.so.1.1.0
7fbe41db5000-7fbe41dbd000 r-xp 00000000 08:05 2240262                    /usr/lib/x86_64-linux-gnu/libxcb-render.so.0.0.0
7fbe41dbd000-7fbe41fbd000 ---p 00008000 08:05 2240262                    /usr/lib/x86_64-linux-gnu/libxcb-render.so.0.0.0
7fbe41fbd000-7fbe41fbe000 r--p 00008000 08:05 2240262                    /usr/lib/x86_64-linux-gnu/libxcb-render.so.0.0.0
7fbe41fbe000-7fbe41fbf000 rw-p 00009000 08:05 2240262                    /usr/lib/x86_64-linux-gnu/libxcb-render.so.0.0.0
7fbe41fbf000-7fbe41fc1000 r-xp 00000000 08:05 2240266                    /usr/lib/x86_64-linux-gnu/libxcb-shm.so.0.0.0
7fbe41fc1000-7fbe421c1000 ---p 00002000 08:05 2240266                    /usr/lib/x86_64-linux-gnu/libxcb-shm.so.0.0.0
7fbe421c1000-7fbe421c2000 r--p 00002000 08:05 2240266                    /usr/lib/x86_64-linux-gnu/libxcb-shm.so.0.0.0
7fbe421c2000-7fbe421c3000 rw-p 00003000 08:05 2240266                    /usr/lib/x86_64-linux-gnu/libxcb-shm.so.0.0.0
7fbe421c3000-7fbe421f4000 r-xp 00000000 08:05 2239791                    /usr/lib/x86_64-linux-gnu/libpng16.so.16.25.0
7fbe421f4000-7fbe423f3000 ---p 00031000 08:05 2239791                    /usr/lib/x86_64-linux-gnu/libpng16.so.16.25.0
7fbe423f3000-7fbe423f4000 r--p 00030000 08:05 2239791                    /usr/lib/x86_64-linux-gnu/libpng16.so.16.25.0
7fbe423f4000-7fbe423f5000 rw-p 00031000 08:05 2239791                    /usr/lib/x86_64-linux-gnu/libpng16.so.16.25.0
7fbe423f5000-7fbe42494000 r-xp 00000000 08:05 2239783                    /usr/lib/x86_64-linux-gnu/libpixman-1.so.0.33.6
7fbe42494000-7fbe42694000 ---p 0009f000 08:05 2239783                    /usr/lib/x86_64-linux-gnu/libpixman-1.so.0.33.6
7fbe42694000-7fbe4269c000 r--p 0009f000 08:05 2239783                    /usr/lib/x86_64-linux-gnu/libpixman-1.so.0.33.6
7fbe4269c000-7fbe4269d000 rw-p 000a7000 08:05 2239783                    /usr/lib/x86_64-linux-gnu/libpixman-1.so.0.33.6
7fbe4269d000-7fbe4271b000 r-xp 00000000 08:05 2239412                    /usr/lib/x86_64-linux-gnu/libharfbuzz.so.0.10200.7
7fbe4271b000-7fbe4291b000 ---p 0007e000 08:05 2239412                    /usr/lib/x86_64-linux-gnu/libharfbuzz.so.0.10200.7
7fbe4291b000-7fbe4291c000 r--p 0007e000 08:05 2239412                    /usr/lib/x86_64-linux-gnu/libharfbuzz.so.0.10200.7
7fbe4291c000-7fbe4291d000 rw-p 0007f000 08:05 2239412                    /usr/lib/x86_64-linux-gnu/libharfbuzz.so.0.10200.7
7fbe4291d000-7fbe42963000 r-xp 00000000 08:05 398122                     /lib/x86_64-linux-gnu/libmount.so.1.1.0
7fbe42963000-7fbe42b62000 ---p 00046000 08:05 398122                     /lib/x86_64-linux-gnu/libmount.so.1.1.0
7fbe42b62000-7fbe42b63000 r--p 00045000 08:05 398122                     /lib/x86_64-linux-gnu/libmount.so.1.1.0
7fbe42b63000-7fbe42b64000 rw-p 00046000 08:05 398122                     /lib/x86_64-linux-gnu/libmount.so.1.1.0
7fbe42b64000-7fbe42b65000 rw-p 00000000 00:00 0 
7fbe42b65000-7fbe42b7c000 r-xp 00000000 08:05 409762                     /lib/x86_64-linux-gnu/libresolv-2.24.so
7fbe42b7c000-7fbe42d7c000 ---p 00017000 08:05 409762                     /lib/x86_64-linux-gnu/libresolv-2.24.so
7fbe42d7c000-7fbe42d7d000 r--p 00017000 08:05 409762                     /lib/x86_64-linux-gnu/libresolv-2.24.so
7fbe42d7d000-7fbe42d7e000 rw-p 00018000 08:05 409762                     /lib/x86_64-linux-gnu/libresolv-2.24.so
7fbe42d7e000-7fbe42d80000 rw-p 00000000 00:00 0 
7fbe42d80000-7fbe42da3000 r-xp 00000000 08:05 398769                     /lib/x86_64-linux-gnu/libselinux.so.1
7fbe42da3000-7fbe42fa2000 ---p 00023000 08:05 398769                     /lib/x86_64-linux-gnu/libselinux.so.1
7fbe42fa2000-7fbe42fa3000 r--p 00022000 08:05 398769                     /lib/x86_64-linux-gnu/libselinux.so.1
7fbe42fa3000-7fbe42fa4000 rw-p 00023000 08:05 398769                     /lib/x86_64-linux-gnu/libselinux.so.1
7fbe42fa4000-7fbe42fa6000 rw-p 00000000 00:00 0 
7fbe42fa6000-7fbe42fbf000 r-xp 00000000 08:05 398798                     /lib/x86_64-linux-gnu/libz.so.1.2.8
7fbe42fbf000-7fbe431be000 ---p 00019000 08:05 398798                     /lib/x86_64-linux-gnu/libz.so.1.2.8
7fbe431be000-7fbe431bf000 r--p 00018000 08:05 398798                     /lib/x86_64-linux-gnu/libz.so.1.2.8
7fbe431bf000-7fbe431c0000 rw-p 00019000 08:05 398798                     /lib/x86_64-linux-gnu/libz.so.1.2.8
7fbe431c0000-7fbe431d1000 r-xp 00000000 08:05 2238757                    /usr/lib/x86_64-linux-gnu/libXext.so.6.4.0
7fbe431d1000-7fbe433d0000 ---p 00011000 08:05 2238757                    /usr/lib/x86_64-linux-gnu/libXext.so.6.4.0
7fbe433d0000-7fbe433d1000 r--p 00010000 08:05 2238757                    /usr/lib/x86_64-linux-gnu/libXext.so.6.4.0
7fbe433d1000-7fbe433d2000 rw-p 00011000 08:05 2238757                    /usr/lib/x86_64-linux-gnu/libXext.so.6.4.0
7fbe433d2000-7fbe433d4000 r-xp 00000000 08:05 2238753                    /usr/lib/x86_64-linux-gnu/libXdamage.so.1.1.0
7fbe433d4000-7fbe435d3000 ---p 00002000 08:05 2238753                    /usr/lib/x86_64-linux-gnu/libXdamage.so.1.1.0
7fbe435d3000-7fbe435d4000 r--p 00001000 08:05 2238753                    /usr/lib/x86_64-linux-gnu/libXdamage.so.1.1.0
7fbe435d4000-7fbe435d5000 rw-p 00002000 08:05 2238753                    /usr/lib/x86_64-linux-gnu/libXdamage.so.1.1.0
7fbe435d5000-7fbe435d7000 r-xp 00000000 08:05 2238749                    /usr/lib/x86_64-linux-gnu/libXcomposite.so.1.0.0
7fbe435d7000-7fbe437d6000 ---p 00002000 08:05 2238749                    /usr/lib/x86_64-linux-gnu/libXcomposite.so.1.0.0
7fbe437d6000-7fbe437d7000 r--p 00001000 08:05 2238749                    /usr/lib/x86_64-linux-gnu/libXcomposite.so.1.0.0
7fbe437d7000-7fbe437d8000 rw-p 00002000 08:05 2238749                    /usr/lib/x86_64-linux-gnu/libXcomposite.so.1.0.0
7fbe437d8000-7fbe437e1000 r-xp 00000000 08:05 2238751                    /usr/lib/x86_64-linux-gnu/libXcursor.so.1.0.2
7fbe437e1000-7fbe439e0000 ---p 00009000 08:05 2238751                    /usr/lib/x86_64-linux-gnu/libXcursor.so.1.0.2
7fbe439e0000-7fbe439e1000 r--p 00008000 08:05 2238751                    /usr/lib/x86_64-linux-gnu/libXcursor.so.1.0.2
7fbe439e1000-7fbe439e2000 rw-p 00009000 08:05 2238751                    /usr/lib/x86_64-linux-gnu/libXcursor.so.1.0.2
7fbe439e2000-7fbe439ec000 r-xp 00000000 08:05 2238775                    /usr/lib/x86_64-linux-gnu/libXrandr.so.2.2.0
7fbe439ec000-7fbe43beb000 ---p 0000a000 08:05 2238775                    /usr/lib/x86_64-linux-gnu/libXrandr.so.2.2.0
7fbe43beb000-7fbe43bec000 r--p 00009000 08:05 2238775                    /usr/lib/x86_64-linux-gnu/libXrandr.so.2.2.0
7fbe43bec000-7fbe43bed000 rw-p 0000a000 08:05 2238775                    /usr/lib/x86_64-linux-gnu/libXrandr.so.2.2.0
7fbe43bed000-7fbe43bfc000 r-xp 00000000 08:05 2238765                    /usr/lib/x86_64-linux-gnu/libXi.so.6.1.0
7fbe43bfc000-7fbe43dfb000 ---p 0000f000 08:05 2238765                    /usr/lib/x86_64-linux-gnu/libXi.so.6.1.0
7fbe43dfb000-7fbe43dfc000 r--p 0000e000 08:05 2238765                    /usr/lib/x86_64-linux-gnu/libXi.so.6.1.0
7fbe43dfc000-7fbe43dfd000 rw-p 0000f000 08:05 2238765                    /usr/lib/x86_64-linux-gnu/libXi.so.6.1.0
7fbe43dfd000-7fbe43dff000 r-xp 00000000 08:05 2238767                    /usr/lib/x86_64-linux-gnu/libXinerama.so.1.0.0
7fbe43dff000-7fbe43ffe000 ---p 00002000 08:05 2238767                    /usr/lib/x86_64-linux-gnu/libXinerama.so.1.0.0
7fbe43ffe000-7fbe43fff000 r--p 00001000 08:05 2238767                    /usr/lib/x86_64-linux-gnu/libXinerama.so.1.0.0
7fbe43fff000-7fbe44000000 rw-p 00002000 08:05 2238767                    /usr/lib/x86_64-linux-gnu/libXinerama.so.1.0.0
7fbe44000000-7fbe45e6b000 rw-p 00000000 00:00 0 
7fbe45e6b000-7fbe48000000 ---p 00000000 00:00 0 
7fbe48000000-7fbe48002000 rw-s 100c68000 00:06 325                       /dev/dri/card0
7fbe48002000-7fbe4800a000 rw-s 00000000 00:05 37152                      /drm mm object (deleted)
7fbe4800a000-7fbe48044000 r--p 00000000 08:05 2243415                    /usr/lib/jvm/java-8-oracle/jre/lib/fonts/LucidaTypewriterBold.ttf
7fbe48044000-7fbe48058000 r--p 00000000 08:05 2243417                    /usr/lib/jvm/java-8-oracle/jre/lib/fonts/LucidaBrightItalic.ttf
7fbe48058000-7fbe4806b000 r--p 00000000 08:05 2243421                    /usr/lib/jvm/java-8-oracle/jre/lib/fonts/LucidaBrightDemiItalic.ttf
7fbe4806b000-7fbe480b9000 r--p 00000000 08:05 2243420                    /usr/lib/jvm/java-8-oracle/jre/lib/fonts/LucidaSansDemiBold.ttf
7fbe480b9000-7fbe480be000 r--s 00084000 08:05 2243424                    /usr/lib/jvm/java-8-oracle/jre/lib/jfr.jar
7fbe480be000-7fbe480c9000 r--s 00000000 08:05 279298                     /var/cache/fontconfig/945677eb7aeaf62f1d50efc3fb3ec7d8-le64.cache-6
7fbe480c9000-7fbe480cf000 r--s 00000000 08:05 279279                     /var/cache/fontconfig/2cd17615ca594fa2959ae173292e504c-le64.cache-6
7fbe480cf000-7fbe480d2000 ---p 00000000 00:00 0 
7fbe480d2000-7fbe481d0000 rw-p 00000000 00:00 0 
7fbe481d0000-7fbe481d9000 r-xp 00000000 08:05 2238777                    /usr/lib/x86_64-linux-gnu/libXrender.so.1.3.0
7fbe481d9000-7fbe483d8000 ---p 00009000 08:05 2238777                    /usr/lib/x86_64-linux-gnu/libXrender.so.1.3.0
7fbe483d8000-7fbe483d9000 r--p 00008000 08:05 2238777                    /usr/lib/x86_64-linux-gnu/libXrender.so.1.3.0
7fbe483d9000-7fbe483da000 rw-p 00009000 08:05 2238777                    /usr/lib/x86_64-linux-gnu/libXrender.so.1.3.0
7fbe483da000-7fbe483df000 r-xp 00000000 08:05 2238759                    /usr/lib/x86_64-linux-gnu/libXfixes.so.3.1.0
7fbe483df000-7fbe485de000 ---p 00005000 08:05 2238759                    /usr/lib/x86_64-linux-gnu/libXfixes.so.3.1.0
7fbe485de000-7fbe485df000 r--p 00004000 08:05 2238759                    /usr/lib/x86_64-linux-gnu/libXfixes.so.3.1.0
7fbe485df000-7fbe485e0000 rw-p 00005000 08:05 2238759                    /usr/lib/x86_64-linux-gnu/libXfixes.so.3.1.0
7fbe485e0000-7fbe485f6000 r-xp 00000000 08:05 398654                     /lib/x86_64-linux-gnu/libgcc_s.so.1
7fbe485f6000-7fbe487f5000 ---p 00016000 08:05 398654                     /lib/x86_64-linux-gnu/libgcc_s.so.1
7fbe487f5000-7fbe487f6000 r--p 00015000 08:05 398654                     /lib/x86_64-linux-gnu/libgcc_s.so.1
7fbe487f6000-7fbe487f7000 rw-p 00016000 08:05 398654                     /lib/x86_64-linux-gnu/libgcc_s.so.1
7fbe487f7000-7fbe4896f000 r-xp 00000000 08:05 2239972                    /usr/lib/x86_64-linux-gnu/libstdc++.so.6.0.22
7fbe4896f000-7fbe48b6f000 ---p 00178000 08:05 2239972                    /usr/lib/x86_64-linux-gnu/libstdc++.so.6.0.22
7fbe48b6f000-7fbe48b79000 r--p 00178000 08:05 2239972                    /usr/lib/x86_64-linux-gnu/libstdc++.so.6.0.22
7fbe48b79000-7fbe48b7b000 rw-p 00182000 08:05 2239972                    /usr/lib/x86_64-linux-gnu/libstdc++.so.6.0.22
7fbe48b7b000-7fbe48b7f000 rw-p 00000000 00:00 0 
7fbe48b7f000-7fbe48bef000 r-xp 00000000 08:05 133030                     /usr/lib/x86_64-linux-gnu/mesa/libGL.so.1.2.0
7fbe48bef000-7fbe48dee000 ---p 00070000 08:05 133030                     /usr/lib/x86_64-linux-gnu/mesa/libGL.so.1.2.0
7fbe48dee000-7fbe48df1000 r--p 0006f000 08:05 133030                     /usr/lib/x86_64-linux-gnu/mesa/libGL.so.1.2.0
7fbe48df1000-7fbe48df2000 rw-p 00072000 08:05 133030                     /usr/lib/x86_64-linux-gnu/mesa/libGL.so.1.2.0
7fbe48df2000-7fbe48df3000 rw-p 00000000 00:00 0 
7fbe48df3000-7fbe48df8000 r-xp 00000000 08:05 2238793                    /usr/lib/x86_64-linux-gnu/libXxf86vm.so.1.0.0
7fbe48df8000-7fbe48ff7000 ---p 00005000 08:05 2238793                    /usr/lib/x86_64-linux-gnu/libXxf86vm.so.1.0.0
7fbe48ff7000-7fbe48ff8000 r--p 00004000 08:05 2238793                    /usr/lib/x86_64-linux-gnu/libXxf86vm.so.1.0.0
7fbe48ff8000-7fbe48ff9000 rw-p 00005000 08:05 2238793                    /usr/lib/x86_64-linux-gnu/libXxf86vm.so.1.0.0
7fbe48ff9000-7fbe4912e000 r-xp 00000000 08:05 2238740                    /usr/lib/x86_64-linux-gnu/libX11.so.6.3.0
7fbe4912e000-7fbe4932d000 ---p 00135000 08:05 2238740                    /usr/lib/x86_64-linux-gnu/libX11.so.6.3.0
7fbe4932d000-7fbe4932e000 r--p 00134000 08:05 2238740                    /usr/lib/x86_64-linux-gnu/libX11.so.6.3.0
7fbe4932e000-7fbe49332000 rw-p 00135000 08:05 2238740                    /usr/lib/x86_64-linux-gnu/libX11.so.6.3.0
7fbe49332000-7fbe49337000 r-xp 00000000 08:05 2238783                    /usr/lib/x86_64-linux-gnu/libXtst.so.6.1.0
7fbe49337000-7fbe49536000 ---p 00005000 08:05 2238783                    /usr/lib/x86_64-linux-gnu/libXtst.so.6.1.0
7fbe49536000-7fbe49537000 r--p 00004000 08:05 2238783                    /usr/lib/x86_64-linux-gnu/libXtst.so.6.1.0
7fbe49537000-7fbe49538000 rw-p 00005000 08:05 2238783                    /usr/lib/x86_64-linux-gnu/libXtst.so.6.1.0
7fbe49538000-7fbe4964a000 r-xp 00000000 08:05 399763                     /lib/x86_64-linux-gnu/libglib-2.0.so.0.5000.2
7fbe4964a000-7fbe49849000 ---p 00112000 08:05 399763                     /lib/x86_64-linux-gnu/libglib-2.0.so.0.5000.2
7fbe49849000-7fbe4984a000 r--p 00111000 08:05 399763                     /lib/x86_64-linux-gnu/libglib-2.0.so.0.5000.2
7fbe4984a000-7fbe4984b000 rw-p 00112000 08:05 399763                     /lib/x86_64-linux-gnu/libglib-2.0.so.0.5000.2
7fbe4984b000-7fbe4984c000 rw-p 00000000 00:00 0 
7fbe4984c000-7fbe4984d000 r-xp 00000000 08:05 2228686                    /usr/lib/x86_64-linux-gnu/libgthread-2.0.so.0.5000.2
7fbe4984d000-7fbe49a4c000 ---p 00001000 08:05 2228686                    /usr/lib/x86_64-linux-gnu/libgthread-2.0.so.0.5000.2
7fbe49a4c000-7fbe49a4d000 r--p 00000000 08:05 2228686                    /usr/lib/x86_64-linux-gnu/libgthread-2.0.so.0.5000.2
7fbe49a4d000-7fbe49a4e000 rw-p 00001000 08:05 2228686                    /usr/lib/x86_64-linux-gnu/libgthread-2.0.so.0.5000.2
7fbe49a4e000-7fbe49a51000 r-xp 00000000 08:05 2228661                    /usr/lib/x86_64-linux-gnu/libgmodule-2.0.so.0.5000.2
7fbe49a51000-7fbe49c50000 ---p 00003000 08:05 2228661                    /usr/lib/x86_64-linux-gnu/libgmodule-2.0.so.0.5000.2
7fbe49c50000-7fbe49c51000 r--p 00002000 08:05 2228661                    /usr/lib/x86_64-linux-gnu/libgmodule-2.0.so.0.5000.2
7fbe49c51000-7fbe49c52000 rw-p 00003000 08:05 2228661                    /usr/lib/x86_64-linux-gnu/libgmodule-2.0.so.0.5000.2
7fbe49c52000-7fbe49ca4000 r-xp 00000000 08:05 2228683                    /usr/lib/x86_64-linux-gnu/libgobject-2.0.so.0.5000.2
7fbe49ca4000-7fbe49ea3000 ---p 00052000 08:05 2228683                    /usr/lib/x86_64-linux-gnu/libgobject-2.0.so.0.5000.2
7fbe49ea3000-7fbe49ea4000 r--p 00051000 08:05 2228683                    /usr/lib/x86_64-linux-gnu/libgobject-2.0.so.0.5000.2
7fbe49ea4000-7fbe49ea5000 rw-p 00052000 08:05 2228683                    /usr/lib/x86_64-linux-gnu/libgobject-2.0.so.0.5000.2
7fbe49ea5000-7fbe49ee2000 r-xp 00000000 08:05 2239159                    /usr/lib/x86_64-linux-gnu/libfontconfig.so.1.9.0
7fbe49ee2000-7fbe4a0e1000 ---p 0003d000 08:05 2239159                    /usr/lib/x86_64-linux-gnu/libfontconfig.so.1.9.0
7fbe4a0e1000-7fbe4a0e3000 r--p 0003c000 08:05 2239159                    /usr/lib/x86_64-linux-gnu/libfontconfig.so.1.9.0
7fbe4a0e3000-7fbe4a0e8000 rw-p 0003e000 08:05 2239159                    /usr/lib/x86_64-linux-gnu/libfontconfig.so.1.9.0
7fbe4a0e8000-7fbe4a18f000 r-xp 00000000 08:05 2229706                    /usr/lib/x86_64-linux-gnu/libfreetype.so.6.12.3
7fbe4a18f000-7fbe4a38e000 ---p 000a7000 08:05 2229706                    /usr/lib/x86_64-linux-gnu/libfreetype.so.6.12.3
7fbe4a38e000-7fbe4a394000 r--p 000a6000 08:05 2229706                    /usr/lib/x86_64-linux-gnu/libfreetype.so.6.12.3
7fbe4a394000-7fbe4a395000 rw-p 000ac000 08:05 2229706                    /usr/lib/x86_64-linux-gnu/libfreetype.so.6.12.3
7fbe4a395000-7fbe4a3de000 r-xp 00000000 08:05 2239751                    /usr/lib/x86_64-linux-gnu/libpango-1.0.so.0.4000.1
7fbe4a3de000-7fbe4a5de000 ---p 00049000 08:05 2239751                    /usr/lib/x86_64-linux-gnu/libpango-1.0.so.0.4000.1
7fbe4a5de000-7fbe4a5e0000 r--p 00049000 08:05 2239751                    /usr/lib/x86_64-linux-gnu/libpango-1.0.so.0.4000.1
7fbe4a5e0000-7fbe4a5e1000 rw-p 0004b000 08:05 2239751                    /usr/lib/x86_64-linux-gnu/libpango-1.0.so.0.4000.1
7fbe4a5e1000-7fbe4a6ef000 r-xp 00000000 08:05 2238910                    /usr/lib/x86_64-linux-gnu/libcairo.so.2.11400.6
7fbe4a6ef000-7fbe4a8ee000 ---p 0010e000 08:05 2238910                    /usr/lib/x86_64-linux-gnu/libcairo.so.2.11400.6
7fbe4a8ee000-7fbe4a8f1000 r--p 0010d000 08:05 2238910                    /usr/lib/x86_64-linux-gnu/libcairo.so.2.11400.6
7fbe4a8f1000-7fbe4a8f2000 rw-p 00110000 08:05 2238910                    /usr/lib/x86_64-linux-gnu/libcairo.so.2.11400.6
7fbe4a8f2000-7fbe4a8f4000 rw-p 00000000 00:00 0 
7fbe4a8f4000-7fbe4a900000 r-xp 00000000 08:05 2239753                    /usr/lib/x86_64-linux-gnu/libpangocairo-1.0.so.0.4000.1
7fbe4a900000-7fbe4aaff000 ---p 0000c000 08:05 2239753                    /usr/lib/x86_64-linux-gnu/libpangocairo-1.0.so.0.4000.1
7fbe4aaff000-7fbe4ab00000 r--p 0000b000 08:05 2239753                    /usr/lib/x86_64-linux-gnu/libpangocairo-1.0.so.0.4000.1
7fbe4ab00000-7fbe4ab01000 rw-p 0000c000 08:05 2239753                    /usr/lib/x86_64-linux-gnu/libpangocairo-1.0.so.0.4000.1
7fbe4ab01000-7fbe4ab22000 r-xp 00000000 08:05 2239234                    /usr/lib/x86_64-linux-gnu/libgdk_pixbuf-2.0.so.0.3400.0
7fbe4ab22000-7fbe4ad21000 ---p 00021000 08:05 2239234                    /usr/lib/x86_64-linux-gnu/libgdk_pixbuf-2.0.so.0.3400.0
7fbe4ad21000-7fbe4ad22000 r--p 00020000 08:05 2239234                    /usr/lib/x86_64-linux-gnu/libgdk_pixbuf-2.0.so.0.3400.0
7fbe4ad22000-7fbe4ad23000 rw-p 00021000 08:05 2239234                    /usr/lib/x86_64-linux-gnu/libgdk_pixbuf-2.0.so.0.3400.0
7fbe4ad23000-7fbe4ad37000 r-xp 00000000 08:05 2239755                    /usr/lib/x86_64-linux-gnu/libpangoft2-1.0.so.0.4000.1
7fbe4ad37000-7fbe4af37000 ---p 00014000 08:05 2239755                    /usr/lib/x86_64-linux-gnu/libpangoft2-1.0.so.0.4000.1
7fbe4af37000-7fbe4af38000 r--p 00014000 08:05 2239755                    /usr/lib/x86_64-linux-gnu/libpangoft2-1.0.so.0.4000.1
7fbe4af38000-7fbe4af39000 rw-p 00015000 08:05 2239755                    /usr/lib/x86_64-linux-gnu/libpangoft2-1.0.so.0.4000.1
7fbe4af39000-7fbe4b0c6000 r-xp 00000000 08:05 2228637                    /usr/lib/x86_64-linux-gnu/libgio-2.0.so.0.5000.2
7fbe4b0c6000-7fbe4b2c5000 ---p 0018d000 08:05 2228637                    /usr/lib/x86_64-linux-gnu/libgio-2.0.so.0.5000.2
7fbe4b2c5000-7fbe4b2ca000 r--p 0018c000 08:05 2228637                    /usr/lib/x86_64-linux-gnu/libgio-2.0.so.0.5000.2
7fbe4b2ca000-7fbe4b2cd000 rw-p 00191000 08:05 2228637                    /usr/lib/x86_64-linux-gnu/libgio-2.0.so.0.5000.2
7fbe4b2cd000-7fbe4b2ce000 rw-p 00000000 00:00 0 
7fbe4b2ce000-7fbe4b2f0000 r-xp 00000000 08:05 2238844                    /usr/lib/x86_64-linux-gnu/libatk-1.0.so.0.22009.1
7fbe4b2f0000-7fbe4b4ef000 ---p 00022000 08:05 2238844                    /usr/lib/x86_64-linux-gnu/libatk-1.0.so.0.22009.1
7fbe4b4ef000-7fbe4b4f2000 r--p 00021000 08:05 2238844                    /usr/lib/x86_64-linux-gnu/libatk-1.0.so.0.22009.1
7fbe4b4f2000-7fbe4b4f3000 rw-p 00024000 08:05 2238844                    /usr/lib/x86_64-linux-gnu/libatk-1.0.so.0.22009.1
7fbe4b4f3000-7fbe4b5a3000 r-xp 00000000 08:05 2234326                    /usr/lib/x86_64-linux-gnu/libgdk-x11-2.0.so.0.2400.30
7fbe4b5a3000-7fbe4b7a2000 ---p 000b0000 08:05 2234326                    /usr/lib/x86_64-linux-gnu/libgdk-x11-2.0.so.0.2400.30
7fbe4b7a2000-7fbe4b7a6000 r--p 000af000 08:05 2234326                    /usr/lib/x86_64-linux-gnu/libgdk-x11-2.0.so.0.2400.30
7fbe4b7a6000-7fbe4b7a8000 rw-p 000b3000 08:05 2234326                    /usr/lib/x86_64-linux-gnu/libgdk-x11-2.0.so.0.2400.30
7fbe4b7a8000-7fbe4bbe6000 r-xp 00000000 08:05 2234327                    /usr/lib/x86_64-linux-gnu/libgtk-x11-2.0.so.0.2400.30
7fbe4bbe6000-7fbe4bde6000 ---p 0043e000 08:05 2234327                    /usr/lib/x86_64-linux-gnu/libgtk-x11-2.0.so.0.2400.30
7fbe4bde6000-7fbe4bded000 r--p 0043e000 08:05 2234327                    /usr/lib/x86_64-linux-gnu/libgtk-x11-2.0.so.0.2400.30
7fbe4bded000-7fbe4bdf1000 rw-p 00445000 08:05 2234327                    /usr/lib/x86_64-linux-gnu/libgtk-x11-2.0.so.0.2400.30
7fbe4bdf1000-7fbe4bdf4000 rw-p 00000000 00:00 0 
7fbe4bdf4000-7fbe4be00000 r-xp 00000000 08:05 2243337                    /usr/lib/jvm/java-8-oracle/jre/lib/amd64/libprism_es2.so
7fbe4be00000-7fbe4bfff000 ---p 0000c000 08:05 2243337                    /usr/lib/jvm/java-8-oracle/jre/lib/amd64/libprism_es2.so
7fbe4bfff000-7fbe4c000000 rw-p 0000b000 08:05 2243337                    /usr/lib/jvm/java-8-oracle/jre/lib/amd64/libprism_es2.so
7fbe4c000000-7fbe4c2b4000 rw-p 00000000 00:00 0 
7fbe4c2b4000-7fbe50000000 ---p 00000000 00:00 0 
7fbe50000000-7fbe50106000 rw-p 00000000 00:00 0 
7fbe50106000-7fbe54000000 ---p 00000000 00:00 0 
7fbe54000000-7fbe54021000 rw-p 00000000 00:00 0 
7fbe54021000-7fbe58000000 ---p 00000000 00:00 0 
7fbe58000000-7fbe58021000 rw-p 00000000 00:00 0 
7fbe58021000-7fbe5c000000 ---p 00000000 00:00 0 
7fbe5c000000-7fbe5c09d000 rw-p 00000000 00:00 0 
7fbe5c09d000-7fbe60000000 ---p 00000000 00:00 0 
7fbe60000000-7fbe602ac000 rw-p 00000000 00:00 0 
7fbe602ac000-7fbe64000000 ---p 00000000 00:00 0 
7fbe64000000-7fbe64021000 rw-p 00000000 00:00 0 
7fbe64021000-7fbe68000000 ---p 00000000 00:00 0 
7fbe68000000-7fbe6820c000 rw-p 00000000 00:00 0 
7fbe6820c000-7fbe6c000000 ---p 00000000 00:00 0 
7fbe6c000000-7fbe6c021000 rw-p 00000000 00:00 0 
7fbe6c021000-7fbe70000000 ---p 00000000 00:00 0 
7fbe70000000-7fbe70021000 rw-p 00000000 00:00 0 
7fbe70021000-7fbe74000000 ---p 00000000 00:00 0 
7fbe74000000-7fbe74021000 rw-p 00000000 00:00 0 
7fbe74021000-7fbe78000000 ---p 00000000 00:00 0 
7fbe78000000-7fbe78021000 rw-p 00000000 00:00 0 
7fbe78021000-7fbe7c000000 ---p 00000000 00:00 0 
7fbe7c000000-7fbe7c001000 rw-s 00000000 00:05 36669                      /drm mm object (deleted)
7fbe7c001000-7fbe7c002000 r--s 00000000 08:05 279276                     /var/cache/fontconfig/0d8c3b2ac0904cb8a57a757ad11a4a08-le64.cache-6
7fbe7c002000-7fbe7c017000 r--s 00000000 08:05 279272                     /var/cache/fontconfig/04aabc0a78ac019cf9454389977116d2-le64.cache-6
7fbe7c017000-7fbe7c018000 r--s 00000000 08:05 279278                     /var/cache/fontconfig/1ac9eb803944fde146138c791f5cc56a-le64.cache-6
7fbe7c018000-7fbe7c01c000 r--s 00000000 08:05 279283                     /var/cache/fontconfig/385c0604a188198f04d133e54aba7fe7-le64.cache-6
7fbe7c01c000-7fbe7c01d000 r--s 00000000 08:05 279311                     /var/cache/fontconfig/dc05db6664285cc2f12bf69c139ae4c3-le64.cache-6
7fbe7c01d000-7fbe7c020000 r--s 00000000 08:05 279294                     /var/cache/fontconfig/767a8244fc0220cfb567a839d0392e0b-le64.cache-6
7fbe7c020000-7fbe7c021000 r--s 00000000 08:05 276021                     /var/cache/fontconfig/4794a0821666d79190d59a36cb4f44b5-le64.cache-6
7fbe7c021000-7fbe7c022000 r--s 00000000 08:05 279274                     /var/cache/fontconfig/0bd3dc0958fa2205aaaa8ebb13e2872b-le64.cache-6
7fbe7c022000-7fbe7c027000 r--s 00000000 08:05 279297                     /var/cache/fontconfig/8801497958630a81b71ace7c5f9b32a8-le64.cache-6
7fbe7c027000-7fbe7c02d000 r--s 00000000 08:05 279280                     /var/cache/fontconfig/3047814df9a2f067bd2d96a2b9c36e5a-le64.cache-6
7fbe7c02d000-7fbe7c033000 r--s 00000000 08:05 279302                     /var/cache/fontconfig/b47c4e1ecd0709278f4910c18777a504-le64.cache-6
7fbe7c033000-7fbe7c036000 ---p 00000000 00:00 0 
7fbe7c036000-7fbe7c134000 rw-p 00000000 00:00 0 
7fbe7c134000-7fbe7c17f000 r--p 00000000 08:05 917522                     /usr/share/glib-2.0/schemas/gschemas.compiled
7fbe7c17f000-7fbe7c182000 ---p 00000000 00:00 0 
7fbe7c182000-7fbe80000000 rw-p 00000000 00:00 0 
7fbe80000000-7fbe80021000 rw-p 00000000 00:00 0 
7fbe80021000-7fbe84000000 ---p 00000000 00:00 0 
7fbe84000000-7fbe84021000 rw-p 00000000 00:00 0 
7fbe84021000-7fbe88000000 ---p 00000000 00:00 0 
7fbe88000000-7fbe88021000 rw-p 00000000 00:00 0 
7fbe88021000-7fbe8c000000 ---p 00000000 00:00 0 
7fbe8c000000-7fbe8c001000 r--s 00000000 08:05 279304                     /var/cache/fontconfig/bab58bb527bb656aaa9f116d68a48d89-le64.cache-6
7fbe8c001000-7fbe8c014000 r--s 00000000 08:05 279308                     /var/cache/fontconfig/d52a8644073d54c13679302ca1180695-le64.cache-6
7fbe8c014000-7fbe8c096000 r-xp 00000000 08:05 398147                     /lib/x86_64-linux-gnu/libsystemd.so.0.16.0
7fbe8c096000-7fbe8c099000 r--p 00081000 08:05 398147                     /lib/x86_64-linux-gnu/libsystemd.so.0.16.0
7fbe8c099000-7fbe8c09a000 rw-p 00084000 08:05 398147                     /lib/x86_64-linux-gnu/libsystemd.so.0.16.0
7fbe8c09a000-7fbe8c09b000 rw-p 00000000 00:00 0 
7fbe8c09b000-7fbe8c09e000 ---p 00000000 00:00 0 
7fbe8c09e000-7fbe8c19c000 rw-p 00000000 00:00 0 
7fbe8c19c000-7fbe8c19f000 ---p 00000000 00:00 0 
7fbe8c19f000-7fbe8c29d000 rw-p 00000000 00:00 0 
7fbe8c29d000-7fbe8c29e000 ---p 00000000 00:00 0 
7fbe8c29e000-7fbe8c39e000 rw-p 00000000 00:00 0 
7fbe8c39e000-7fbe8c3a1000 ---p 00000000 00:00 0 
7fbe8c3a1000-7fbe8c49f000 rw-p 00000000 00:00 0 
7fbe8c49f000-7fbe8c4a2000 ---p 00000000 00:00 0 
7fbe8c4a2000-7fbe8c5a0000 rw-p 00000000 00:00 0 
7fbe8c5a0000-7fbe8c5a3000 ---p 00000000 00:00 0 
7fbe8c5a3000-7fbe8c6a1000 rw-p 00000000 00:00 0 
7fbe8c6a1000-7fbe8c6a4000 ---p 00000000 00:00 0 
7fbe8c6a4000-7fbe8c7a2000 rw-p 00000000 00:00 0 
7fbe8c7a2000-7fbe8c7a5000 ---p 00000000 00:00 0 
7fbe8c7a5000-7fbe8c8a3000 rw-p 00000000 00:00 0 
7fbe8c8a3000-7fbe8ccfd000 r--p 00000000 08:05 2229872                    /usr/lib/locale/locale-archive
7fbe8ccfd000-7fbe8cd00000 ---p 00000000 00:00 0 
7fbe8cd00000-7fbe8cdfe000 rw-p 00000000 00:00 0 
7fbe8cdfe000-7fbe8ce01000 ---p 00000000 00:00 0 
7fbe8ce01000-7fbe8ceff000 rw-p 00000000 00:00 0 
7fbe8ceff000-7fbe8cf00000 ---p 00000000 00:00 0 
7fbe8cf00000-7fbe8d000000 rw-p 00000000 00:00 0 
7fbe8d000000-7fbe8d430000 rwxp 00000000 00:00 0 
7fbe8d430000-7fbe9c000000 ---p 00000000 00:00 0 
7fbe9c000000-7fbe9c189000 rw-p 00000000 00:00 0 
7fbe9c189000-7fbea0000000 ---p 00000000 00:00 0 
7fbea0000000-7fbea0001000 r--s 00000000 08:05 279288                     /var/cache/fontconfig/56cf4f4769d0f4abc89a4895d7bd3ae1-le64.cache-6
7fbea0001000-7fbea0005000 r--s 00000000 08:05 279309                     /var/cache/fontconfig/d589a48862398ed80a3d6066f4f56f4c-le64.cache-6
7fbea0005000-7fbea0010000 r--s 00000000 08:05 279296                     /var/cache/fontconfig/83bf95040141907cd45bb53cf7c1c148-le64.cache-6
7fbea0010000-7fbea0022000 r--s 00000000 08:05 279300                     /var/cache/fontconfig/9b89f8e3dae116d678bbf48e5f21f69b-le64.cache-6
7fbea0022000-7fbea0040000 r-xp 00000000 08:05 398393                     /lib/x86_64-linux-gnu/libudev.so.1.6.5
7fbea0040000-7fbea0041000 ---p 0001e000 08:05 398393                     /lib/x86_64-linux-gnu/libudev.so.1.6.5
7fbea0041000-7fbea0042000 r--p 0001e000 08:05 398393                     /lib/x86_64-linux-gnu/libudev.so.1.6.5
7fbea0042000-7fbea0043000 rw-p 0001f000 08:05 398393                     /lib/x86_64-linux-gnu/libudev.so.1.6.5
7fbea0043000-7fbea0044000 r--s 00000000 08:05 279303                     /var/cache/fontconfig/b9d506c9ac06c20b433354fa67a72993-le64.cache-6
7fbea0044000-7fbea0045000 r--s 00000000 08:05 279287                     /var/cache/fontconfig/551ecf3b0e8b0bca0f25c0944f561853-le64.cache-6
7fbea0045000-7fbea0046000 r--s 00000000 08:05 279284                     /var/cache/fontconfig/3f7329c5293ffd510edef78f73874cfd-le64.cache-6
7fbea0046000-7fbea0047000 r--s 00000000 08:05 279281                     /var/cache/fontconfig/30829fa25452a46451e813d634d7f916-le64.cache-6
7fbea0047000-7fbea0054000 r--s 00000000 08:05 282756                     /var/cache/fontconfig/e13b20fdb08344e0e664864cc2ede53d-le64.cache-6
7fbea0054000-7fbea0058000 r--s 00000000 08:05 276027                     /var/cache/fontconfig/7ef2298fde41cc6eeb7af42e48b7d293-le64.cache-6
7fbea0058000-7fbea0060000 rw-s 00000000 00:05 36685                      /drm mm object (deleted)
7fbea0060000-7fbea00f5000 r--s 01109000 08:05 2243401                    /usr/lib/jvm/java-8-oracle/jre/lib/ext/jfxrt.jar
7fbea00f5000-7fbea10d7000 rw-p 00000000 00:00 0 
7fbea10d7000-7fbea12b0000 r--s 03d3e000 08:05 2243317                    /usr/lib/jvm/java-8-oracle/jre/lib/rt.jar
7fbea12b0000-7fbea1efe000 rw-p 00000000 00:00 0 
7fbea1efe000-7fbea1eff000 ---p 00000000 00:00 0 
7fbea1eff000-7fbea1fff000 rw-p 00000000 00:00 0 
7fbea1fff000-7fbea2000000 ---p 00000000 00:00 0 
7fbea2000000-7fbea2100000 rw-p 00000000 00:00 0 
7fbea2100000-7fbea2101000 ---p 00000000 00:00 0 
7fbea2101000-7fbea2201000 rw-p 00000000 00:00 0 
7fbea2201000-7fbea2202000 ---p 00000000 00:00 0 
7fbea2202000-7fbea232c000 rw-p 00000000 00:00 0 
7fbea232c000-7fbea2592000 ---p 00000000 00:00 0 
7fbea2592000-7fbea25bc000 rw-p 00000000 00:00 0 
7fbea25bc000-7fbea2822000 ---p 00000000 00:00 0 
7fbea2822000-7fbea2837000 rw-p 00000000 00:00 0 
7fbea2837000-7fbea296a000 ---p 00000000 00:00 0 
7fbea296a000-7fbea297c000 rw-p 00000000 00:00 0 
7fbea297c000-7fbea2d2b000 ---p 00000000 00:00 0 
7fbea2d2b000-7fbea2d45000 r-xp 00000000 08:05 2243348                    /usr/lib/jvm/java-8-oracle/jre/lib/amd64/libzip.so
7fbea2d45000-7fbea2f45000 ---p 0001a000 08:05 2243348                    /usr/lib/jvm/java-8-oracle/jre/lib/amd64/libzip.so
7fbea2f45000-7fbea2f46000 rw-p 0001a000 08:05 2243348                    /usr/lib/jvm/java-8-oracle/jre/lib/amd64/libzip.so
7fbea2f46000-7fbea2f51000 r-xp 00000000 08:05 409756                     /lib/x86_64-linux-gnu/libnss_files-2.24.so
7fbea2f51000-7fbea3150000 ---p 0000b000 08:05 409756                     /lib/x86_64-linux-gnu/libnss_files-2.24.so
7fbea3150000-7fbea3151000 r--p 0000a000 08:05 409756                     /lib/x86_64-linux-gnu/libnss_files-2.24.so
7fbea3151000-7fbea3152000 rw-p 0000b000 08:05 409756                     /lib/x86_64-linux-gnu/libnss_files-2.24.so
7fbea3152000-7fbea3158000 rw-p 00000000 00:00 0 
7fbea3158000-7fbea3163000 r-xp 00000000 08:05 409758                     /lib/x86_64-linux-gnu/libnss_nis-2.24.so
7fbea3163000-7fbea3362000 ---p 0000b000 08:05 409758                     /lib/x86_64-linux-gnu/libnss_nis-2.24.so
7fbea3362000-7fbea3363000 r--p 0000a000 08:05 409758                     /lib/x86_64-linux-gnu/libnss_nis-2.24.so
7fbea3363000-7fbea3364000 rw-p 0000b000 08:05 409758                     /lib/x86_64-linux-gnu/libnss_nis-2.24.so
7fbea3364000-7fbea337a000 r-xp 00000000 08:05 409753                     /lib/x86_64-linux-gnu/libnsl-2.24.so
7fbea337a000-7fbea3579000 ---p 00016000 08:05 409753                     /lib/x86_64-linux-gnu/libnsl-2.24.so
7fbea3579000-7fbea357a000 r--p 00015000 08:05 409753                     /lib/x86_64-linux-gnu/libnsl-2.24.so
7fbea357a000-7fbea357b000 rw-p 00016000 08:05 409753                     /lib/x86_64-linux-gnu/libnsl-2.24.so
7fbea357b000-7fbea357d000 rw-p 00000000 00:00 0 
7fbea357d000-7fbea3585000 r-xp 00000000 08:05 409754                     /lib/x86_64-linux-gnu/libnss_compat-2.24.so
7fbea3585000-7fbea3784000 ---p 00008000 08:05 409754                     /lib/x86_64-linux-gnu/libnss_compat-2.24.so
7fbea3784000-7fbea3785000 r--p 00007000 08:05 409754                     /lib/x86_64-linux-gnu/libnss_compat-2.24.so
7fbea3785000-7fbea3786000 rw-p 00008000 08:05 409754                     /lib/x86_64-linux-gnu/libnss_compat-2.24.so
7fbea3786000-7fbea37b1000 r-xp 00000000 08:05 2243375                    /usr/lib/jvm/java-8-oracle/jre/lib/amd64/libjava.so
7fbea37b1000-7fbea39b0000 ---p 0002b000 08:05 2243375                    /usr/lib/jvm/java-8-oracle/jre/lib/amd64/libjava.so
7fbea39b0000-7fbea39b2000 rw-p 0002a000 08:05 2243375                    /usr/lib/jvm/java-8-oracle/jre/lib/amd64/libjava.so
7fbea39b2000-7fbea39bf000 r-xp 00000000 08:05 2243326                    /usr/lib/jvm/java-8-oracle/jre/lib/amd64/libverify.so
7fbea39bf000-7fbea3bbe000 ---p 0000d000 08:05 2243326                    /usr/lib/jvm/java-8-oracle/jre/lib/amd64/libverify.so
7fbea3bbe000-7fbea3bc0000 rw-p 0000c000 08:05 2243326                    /usr/lib/jvm/java-8-oracle/jre/lib/amd64/libverify.so
7fbea3bc0000-7fbea3bc7000 r-xp 00000000 08:05 409763                     /lib/x86_64-linux-gnu/librt-2.24.so
7fbea3bc7000-7fbea3dc6000 ---p 00007000 08:05 409763                     /lib/x86_64-linux-gnu/librt-2.24.so
7fbea3dc6000-7fbea3dc7000 r--p 00006000 08:05 409763                     /lib/x86_64-linux-gnu/librt-2.24.so
7fbea3dc7000-7fbea3dc8000 rw-p 00007000 08:05 409763                     /lib/x86_64-linux-gnu/librt-2.24.so
7fbea3dc8000-7fbea3ed0000 r-xp 00000000 08:05 409750                     /lib/x86_64-linux-gnu/libm-2.24.so
7fbea3ed0000-7fbea40cf000 ---p 00108000 08:05 409750                     /lib/x86_64-linux-gnu/libm-2.24.so
7fbea40cf000-7fbea40d0000 r--p 00107000 08:05 409750                     /lib/x86_64-linux-gnu/libm-2.24.so
7fbea40d0000-7fbea40d1000 rw-p 00108000 08:05 409750                     /lib/x86_64-linux-gnu/libm-2.24.so
7fbea40d1000-7fbea4d9f000 r-xp 00000000 08:05 2243379                    /usr/lib/jvm/java-8-oracle/jre/lib/amd64/server/libjvm.so
7fbea4d9f000-7fbea4f9f000 ---p 00cce000 08:05 2243379                    /usr/lib/jvm/java-8-oracle/jre/lib/amd64/server/libjvm.so
7fbea4f9f000-7fbea5078000 rw-p 00cce000 08:05 2243379                    /usr/lib/jvm/java-8-oracle/jre/lib/amd64/server/libjvm.so
7fbea5078000-7fbea50c3000 rw-p 00000000 00:00 0 
7fbea50c3000-7fbea5280000 r-xp 00000000 08:05 409746                     /lib/x86_64-linux-gnu/libc-2.24.so
7fbea5280000-7fbea5480000 ---p 001bd000 08:05 409746                     /lib/x86_64-linux-gnu/libc-2.24.so
7fbea5480000-7fbea5484000 r--p 001bd000 08:05 409746                     /lib/x86_64-linux-gnu/libc-2.24.so
7fbea5484000-7fbea5486000 rw-p 001c1000 08:05 409746                     /lib/x86_64-linux-gnu/libc-2.24.so
7fbea5486000-7fbea548a000 rw-p 00000000 00:00 0 
7fbea548a000-7fbea548d000 r-xp 00000000 08:05 409749                     /lib/x86_64-linux-gnu/libdl-2.24.so
7fbea548d000-7fbea568c000 ---p 00003000 08:05 409749                     /lib/x86_64-linux-gnu/libdl-2.24.so
7fbea568c000-7fbea568d000 r--p 00002000 08:05 409749                     /lib/x86_64-linux-gnu/libdl-2.24.so
7fbea568d000-7fbea568e000 rw-p 00003000 08:05 409749                     /lib/x86_64-linux-gnu/libdl-2.24.so
7fbea568e000-7fbea56a3000 r-xp 00000000 08:05 2242460                    /usr/lib/jvm/java-8-oracle/lib/amd64/jli/libjli.so
7fbea56a3000-7fbea58a3000 ---p 00015000 08:05 2242460                    /usr/lib/jvm/java-8-oracle/lib/amd64/jli/libjli.so
7fbea58a3000-7fbea58a4000 rw-p 00015000 08:05 2242460                    /usr/lib/jvm/java-8-oracle/lib/amd64/jli/libjli.so
7fbea58a4000-7fbea58bc000 r-xp 00000000 08:05 409761                     /lib/x86_64-linux-gnu/libpthread-2.24.so
7fbea58bc000-7fbea5abc000 ---p 00018000 08:05 409761                     /lib/x86_64-linux-gnu/libpthread-2.24.so
7fbea5abc000-7fbea5abd000 r--p 00018000 08:05 409761                     /lib/x86_64-linux-gnu/libpthread-2.24.so
7fbea5abd000-7fbea5abe000 rw-p 00019000 08:05 409761                     /lib/x86_64-linux-gnu/libpthread-2.24.so
7fbea5abe000-7fbea5ac2000 rw-p 00000000 00:00 0 
7fbea5ac2000-7fbea5ae7000 r-xp 00000000 08:05 409742                     /lib/x86_64-linux-gnu/ld-2.24.so
7fbea5ae7000-7fbea5aea000 r--s 00000000 08:05 279293                     /var/cache/fontconfig/75114ca45c98e8a441da0ff356701271-le64.cache-6
7fbea5aea000-7fbea5af2000 rw-s 00000000 00:05 36667                      /drm mm object (deleted)
7fbea5af2000-7fbea5af8000 r--p 00000000 08:05 538067                     /home/daan/.config/dconf/user
7fbea5af8000-7fbea5bc3000 rw-p 00000000 00:00 0 
7fbea5bc3000-7fbea5bc6000 ---p 00000000 00:00 0 
7fbea5bc6000-7fbea5cc6000 rw-p 00000000 00:00 0 
7fbea5cc6000-7fbea5cc7000 r--s 00000000 08:05 279275                     /var/cache/fontconfig/0c9eb80ebd1c36541ebe2852d3bb0c49-le64.cache-6
7fbea5cc8000-7fbea5cc9000 rw-s 100781000 00:06 325                       /dev/dri/card0
7fbea5cc9000-7fbea5cca000 r--s 00000000 00:2f 54                         /run/user/1000/dconf/user
7fbea5cca000-7fbea5cd2000 rw-s 00000000 00:05 35725                      /drm mm object (deleted)
7fbea5cd2000-7fbea5cd9000 r--s 00000000 08:05 148080                     /usr/lib/x86_64-linux-gnu/gconv/gconv-modules.cache
7fbea5cd9000-7fbea5ce1000 rw-s 00000000 08:05 1311070                    /tmp/hsperfdata_daan/3337
7fbea5ce1000-7fbea5ce2000 rw-p 00000000 00:00 0 
7fbea5ce2000-7fbea5ce3000 r--p 00000000 00:00 0 
7fbea5ce3000-7fbea5ce6000 rw-p 00000000 00:00 0 
7fbea5ce6000-7fbea5ce7000 r--p 00024000 08:05 409742                     /lib/x86_64-linux-gnu/ld-2.24.so
7fbea5ce7000-7fbea5ce8000 rw-p 00025000 08:05 409742                     /lib/x86_64-linux-gnu/ld-2.24.so
7fbea5ce8000-7fbea5ce9000 rw-p 00000000 00:00 0 
7ffc0a2a9000-7ffc0a2ca000 rw-p 00000000 00:00 0                          [stack]
7ffc0a331000-7ffc0a333000 r--p 00000000 00:00 0                          [vvar]
7ffc0a333000-7ffc0a335000 r-xp 00000000 00:00 0                          [vdso]
ffffffffff600000-ffffffffff601000 r-xp 00000000 00:00 0                  [vsyscall]

VM Arguments:
jvm_args: -Dfile.encoding=UTF-8 
java_command: application.Main
java_class_path (initial): /home/daan/git/IntegrationProject/IntegrationProject/bin:/home/daan/.p2/pool/plugins/org.junit_4.12.0.v201504281640/junit.jar:/home/daan/.p2/pool/plugins/org.hamcrest.core_1.3.0.v201303031735.jar:/home/daan/git/IntegrationProject/IntegrationProject/commons-codec-1.10.jar
Launcher Type: SUN_STANDARD

Environment Variables:
JAVA_HOME=/usr/lib/jvm/java-8-oracle
PATH=/home/daan/bin:/home/daan/.local/bin:/usr/local/sbin:/usr/local/bin:/usr/sbin:/usr/bin:/sbin:/bin:/usr/games:/usr/local/games:/snap/bin:/usr/lib/jvm/java-8-oracle/bin:/usr/lib/jvm/java-8-oracle/db/bin:/usr/lib/jvm/java-8-oracle/jre/bin
SHELL=/bin/bash
DISPLAY=:0

Signal Handlers:
SIGSEGV: [libjvm.so+0xac78c0], sa_mask[0]=11111111011111111101111111111110, sa_flags=SA_RESTART|SA_SIGINFO
SIGBUS: [libjvm.so+0xac78c0], sa_mask[0]=11111111011111111101111111111110, sa_flags=SA_RESTART|SA_SIGINFO
SIGFPE: [libjvm.so+0x920ac0], sa_mask[0]=11111111011111111101111111111110, sa_flags=SA_RESTART|SA_SIGINFO
SIGPIPE: SIG_IGN, sa_mask[0]=00000000000010000000000000000000, sa_flags=SA_RESTART
SIGXFSZ: [libjvm.so+0x920ac0], sa_mask[0]=11111111011111111101111111111110, sa_flags=SA_RESTART|SA_SIGINFO
SIGILL: [libjvm.so+0x920ac0], sa_mask[0]=11111111011111111101111111111110, sa_flags=SA_RESTART|SA_SIGINFO
SIGUSR1: SIG_DFL, sa_mask[0]=00000000000000000000000000000000, sa_flags=none
SIGUSR2: [libjvm.so+0x922300], sa_mask[0]=00100000000000000000000000000000, sa_flags=SA_RESTART|SA_SIGINFO
SIGHUP: [libjvm.so+0x923700], sa_mask[0]=11111111011111111101111111111110, sa_flags=SA_RESTART|SA_SIGINFO
SIGINT: [libjvm.so+0x923700], sa_mask[0]=11111111011111111101111111111110, sa_flags=SA_RESTART|SA_SIGINFO
SIGTERM: [libjvm.so+0x923700], sa_mask[0]=11111111011111111101111111111110, sa_flags=SA_RESTART|SA_SIGINFO
SIGQUIT: [libjvm.so+0x923700], sa_mask[0]=11111111011111111101111111111110, sa_flags=SA_RESTART|SA_SIGINFO


---------------  S Y S T E M  ---------------

OS:DISTRIB_ID=Ubuntu
DISTRIB_RELEASE=16.10
DISTRIB_CODENAME=yakkety
DISTRIB_DESCRIPTION="Ubuntu 16.10"

uname:Linux 4.8.0-46-generic #49-Ubuntu SMP Fri Mar 31 13:57:14 UTC 2017 x86_64
libc:glibc 2.24 NPTL 2.24 
rlimit: STACK 8192k, CORE 0k, NPROC 30976, NOFILE 4096, AS infinity
load average:1,00 0,47 0,18

/proc/meminfo:
MemTotal:        8054856 kB
MemFree:         5264628 kB
MemAvailable:    5956352 kB
Buffers:           54184 kB
Cached:          1120280 kB
SwapCached:            0 kB
Active:          1787844 kB
Inactive:         804504 kB
Active(anon):    1418988 kB
Inactive(anon):   291828 kB
Active(file):     368856 kB
Inactive(file):   512676 kB
Unevictable:          72 kB
Mlocked:              72 kB
SwapTotal:       8268796 kB
SwapFree:        8268796 kB
Dirty:               136 kB
Writeback:             0 kB
AnonPages:       1392060 kB
Mapped:           282500 kB
Shmem:            292896 kB
Slab:             101584 kB
SReclaimable:      59572 kB
SUnreclaim:        42012 kB
KernelStack:        8928 kB
PageTables:        33912 kB
NFS_Unstable:          0 kB
Bounce:                0 kB
WritebackTmp:          0 kB
CommitLimit:    12296224 kB
Committed_AS:    4728736 kB
VmallocTotal:   34359738367 kB
VmallocUsed:           0 kB
VmallocChunk:          0 kB
HardwareCorrupted:     0 kB
AnonHugePages:    407552 kB
ShmemHugePages:        0 kB
ShmemPmdMapped:        0 kB
CmaTotal:              0 kB
CmaFree:               0 kB
HugePages_Total:       0
HugePages_Free:        0
HugePages_Rsvd:        0
HugePages_Surp:        0
Hugepagesize:       2048 kB
DirectMap4k:      112208 kB
DirectMap2M:     3962880 kB
DirectMap1G:     4194304 kB


CPU:total 4 (2 cores per cpu, 2 threads per core) family 6 model 78 stepping 3, cmov, cx8, fxsr, mmx, sse, sse2, sse3, ssse3, sse4.1, sse4.2, popcnt, avx, avx2, aes, clmul, erms, 3dnowpref, lzcnt, ht, tsc, tscinvbit, bmi1, bmi2, adx

/proc/cpuinfo:
processor	: 0
vendor_id	: GenuineIntel
cpu family	: 6
model		: 78
model name	: Intel(R) Core(TM) i5-6200U CPU @ 2.30GHz
stepping	: 3
microcode	: 0x9e
cpu MHz		: 2699.853
cache size	: 3072 KB
physical id	: 0
siblings	: 4
core id		: 0
cpu cores	: 2
apicid		: 0
initial apicid	: 0
fpu		: yes
fpu_exception	: yes
cpuid level	: 22
wp		: yes
flags		: fpu vme de pse tsc msr pae mce cx8 apic sep mtrr pge mca cmov pat pse36 clflush dts acpi mmx fxsr sse sse2 ss ht tm pbe syscall nx pdpe1gb rdtscp lm constant_tsc art arch_perfmon pebs bts rep_good nopl xtopology nonstop_tsc aperfmperf eagerfpu pni pclmulqdq dtes64 monitor ds_cpl vmx est tm2 ssse3 sdbg fma cx16 xtpr pdcm pcid sse4_1 sse4_2 x2apic movbe popcnt tsc_deadline_timer aes xsave avx f16c rdrand lahf_lm abm 3dnowprefetch epb intel_pt tpr_shadow vnmi flexpriority ept vpid fsgsbase tsc_adjust bmi1 avx2 smep bmi2 erms invpcid mpx rdseed adx smap clflushopt xsaveopt xsavec xgetbv1 xsaves dtherm ida arat pln pts hwp hwp_notify hwp_act_window hwp_epp
bugs		:
bogomips	: 4800.00
clflush size	: 64
cache_alignment	: 64
address sizes	: 39 bits physical, 48 bits virtual
power management:

processor	: 1
vendor_id	: GenuineIntel
cpu family	: 6
model		: 78
model name	: Intel(R) Core(TM) i5-6200U CPU @ 2.30GHz
stepping	: 3
microcode	: 0x9e
cpu MHz		: 2699.853
cache size	: 3072 KB
physical id	: 0
siblings	: 4
core id		: 1
cpu cores	: 2
apicid		: 2
initial apicid	: 2
fpu		: yes
fpu_exception	: yes
cpuid level	: 22
wp		: yes
flags		: fpu vme de pse tsc msr pae mce cx8 apic sep mtrr pge mca cmov pat pse36 clflush dts acpi mmx fxsr sse sse2 ss ht tm pbe syscall nx pdpe1gb rdtscp lm constant_tsc art arch_perfmon pebs bts rep_good nopl xtopology nonstop_tsc aperfmperf eagerfpu pni pclmulqdq dtes64 monitor ds_cpl vmx est tm2 ssse3 sdbg fma cx16 xtpr pdcm pcid sse4_1 sse4_2 x2apic movbe popcnt tsc_deadline_timer aes xsave avx f16c rdrand lahf_lm abm 3dnowprefetch epb intel_pt tpr_shadow vnmi flexpriority ept vpid fsgsbase tsc_adjust bmi1 avx2 smep bmi2 erms invpcid mpx rdseed adx smap clflushopt xsaveopt xsavec xgetbv1 xsaves dtherm ida arat pln pts hwp hwp_notify hwp_act_window hwp_epp
bugs		:
bogomips	: 4800.00
clflush size	: 64
cache_alignment	: 64
address sizes	: 39 bits physical, 48 bits virtual
power management:

processor	: 2
vendor_id	: GenuineIntel
cpu family	: 6
model		: 78
model name	: Intel(R) Core(TM) i5-6200U CPU @ 2.30GHz
stepping	: 3
microcode	: 0x9e
cpu MHz		: 2700.000
cache size	: 3072 KB
physical id	: 0
siblings	: 4
core id		: 0
cpu cores	: 2
apicid		: 1
initial apicid	: 1
fpu		: yes
fpu_exception	: yes
cpuid level	: 22
wp		: yes
flags		: fpu vme de pse tsc msr pae mce cx8 apic sep mtrr pge mca cmov pat pse36 clflush dts acpi mmx fxsr sse sse2 ss ht tm pbe syscall nx pdpe1gb rdtscp lm constant_tsc art arch_perfmon pebs bts rep_good nopl xtopology nonstop_tsc aperfmperf eagerfpu pni pclmulqdq dtes64 monitor ds_cpl vmx est tm2 ssse3 sdbg fma cx16 xtpr pdcm pcid sse4_1 sse4_2 x2apic movbe popcnt tsc_deadline_timer aes xsave avx f16c rdrand lahf_lm abm 3dnowprefetch epb intel_pt tpr_shadow vnmi flexpriority ept vpid fsgsbase tsc_adjust bmi1 avx2 smep bmi2 erms invpcid mpx rdseed adx smap clflushopt xsaveopt xsavec xgetbv1 xsaves dtherm ida arat pln pts hwp hwp_notify hwp_act_window hwp_epp
bugs		:
bogomips	: 4800.00
clflush size	: 64
cache_alignment	: 64
address sizes	: 39 bits physical, 48 bits virtual
power management:

processor	: 3
vendor_id	: GenuineIntel
cpu family	: 6
model		: 78
model name	: Intel(R) Core(TM) i5-6200U CPU @ 2.30GHz
stepping	: 3
microcode	: 0x9e
cpu MHz		: 2700.000
cache size	: 3072 KB
physical id	: 0
siblings	: 4
core id		: 1
cpu cores	: 2
apicid		: 3
initial apicid	: 3
fpu		: yes
fpu_exception	: yes
cpuid level	: 22
wp		: yes
flags		: fpu vme de pse tsc msr pae mce cx8 apic sep mtrr pge mca cmov pat pse36 clflush dts acpi mmx fxsr sse sse2 ss ht tm pbe syscall nx pdpe1gb rdtscp lm constant_tsc art arch_perfmon pebs bts rep_good nopl xtopology nonstop_tsc aperfmperf eagerfpu pni pclmulqdq dtes64 monitor ds_cpl vmx est tm2 ssse3 sdbg fma cx16 xtpr pdcm pcid sse4_1 sse4_2 x2apic movbe popcnt tsc_deadline_timer aes xsave avx f16c rdrand lahf_lm abm 3dnowprefetch epb intel_pt tpr_shadow vnmi flexpriority ept vpid fsgsbase tsc_adjust bmi1 avx2 smep bmi2 erms invpcid mpx rdseed adx smap clflushopt xsaveopt xsavec xgetbv1 xsaves dtherm ida arat pln pts hwp hwp_notify hwp_act_window hwp_epp
bugs		:
bogomips	: 4800.00
clflush size	: 64
cache_alignment	: 64
address sizes	: 39 bits physical, 48 bits virtual
power management:



Memory: 4k page, physical 8054856k(5264628k free), swap 8268796k(8268796k free)

vm_info: Java HotSpot(TM) 64-Bit Server VM (25.121-b13) for linux-amd64 JRE (1.8.0_121-b13), built on Dec 12 2016 16:36:53 by "java_re" with gcc 4.3.0 20080428 (Red Hat 4.3.0-8)

time: Wed Apr 19 08:55:10 2017
elapsed time: 3 seconds (0d 0h 0m 3s)

