#
# A fatal error has been detected by the Java Runtime Environment:
#
#  SIGSEGV (0xb) at pc=0x00007fd2d87c18f8, pid=4055, tid=0x00007fd26d938700
#
# JRE version: Java(TM) SE Runtime Environment (8.0_121-b13) (build 1.8.0_121-b13)
# Java VM: Java HotSpot(TM) 64-Bit Server VM (25.121-b13 mixed mode linux-amd64 compressed oops)
# Problematic frame:
# V  [libjvm.so+0x6d28f8]  jni_invoke_nonstatic(JNIEnv_*, JavaValue*, _jobject*, JNICallType, _jmethodID*, JNI_ArgumentPusher*, Thread*)+0x38
#
# Failed to write core dump. Core dumps have been disabled. To enable core dumping, try "ulimit -c unlimited" before starting Java again
#
# If you would like to submit a bug report, please visit:
#   http://bugreport.java.com/bugreport/crash.jsp
#

---------------  T H R E A D  ---------------

Current thread (0x00007fd284102000):  JavaThread "JavaFX Application Thread" [_thread_in_vm, id=4082, stack(0x00007fd26d838000,0x00007fd26d939000)]

siginfo: si_signo: 11 (SIGSEGV), si_code: 1 (SEGV_MAPERR), si_addr: 0x00007fd200000000

Registers:
RAX=0x00007fd26d9371c0, RBX=0x00007fd26d9370d0, RCX=0x0000000000000001, RDX=0x00007fd200000000
RSP=0x00007fd26d936f20, RBP=0x00007fd26d9370a0, RSI=0x00007fd26d937130, RDI=0x00007fd2841021f8
R8 =0x00007fd28404a698, R9 =0x00007fd26d9370d0, R10=0x00007fd25c000a48, R11=0x00007fd26d936a80
R12=0x00007fd284102000, R13=0x00007fd28404a698, R14=0x0000000000000001, R15=0x00007fd2841021f8
RIP=0x00007fd2d87c18f8, EFLAGS=0x0000000000010206, CSGSFS=0x002b000000000033, ERR=0x0000000000000004
  TRAPNO=0x000000000000000e

Top of Stack: (sp=0x00007fd26d936f20)
0x00007fd26d936f20:   00007fd26d937620 00007fd26d937240
0x00007fd26d936f30:   00007fd26d936f80 00007fd26d937000
0x00007fd26d936f40:   00007fd26d9370d0 00007fd26d937130
0x00007fd26d936f50:   00007fd2841021f8 00007fd2d87e1400
0x00007fd26d936f60:   00007fd294003420 00007fd294003430
0x00007fd26d936f70:   00007fd294003808 00000000000003d8
0x00007fd26d936f80:   0000000000000000 00000000d83f1728
0x00007fd26d936f90:   00007fd20000006f 00007fd20000000a
0x00007fd26d936fa0:   00000000d8a62900 0000000000000000
0x00007fd26d936fb0:   0000000000000000 0000000000000000
0x00007fd26d936fc0:   00007fd2d589a7e0 0000000100000100
0x00007fd26d936fd0:   0000000000000000 00007fd26d936f88
0x00007fd26d936fe0:   00007fd26d936fc9 0000000800000005
0x00007fd26d936ff0:   0000000000000000 00007fd2840c8500
0x00007fd26d937000:   00007fd2d904f510 00007fd2d9b3d720
0x00007fd26d937010:   00000000840c8480 00007fd284102000
0x00007fd26d937020:   0000000000000000 00007fd2d87c1ccb
0x00007fd26d937030:   00007fd2d58a4890 00007fd284102000
0x00007fd26d937040:   00007fd2d58a4890 00007fd284102000
0x00007fd26d937050:   00007fd26d9371e0 00007fd2d58a4890
0x00007fd26d937060:   00007fd2d58a4890 00007fd2d58a4890
0x00007fd26d937070:   00007fd294003420 00007fd26d9370d0
0x00007fd26d937080:   00007fd284102000 00007fd26d937110
0x00007fd26d937090:   00007fd28404a698 00007fd2841021f8
0x00007fd26d9370a0:   00007fd26d937190 00007fd2d87c609f
0x00007fd26d9370b0:   00007fd284102000 00007fd27f791ff4
0x00007fd26d9370c0:   00007fd26d9371a8 00007fd200000000
0x00007fd26d9370d0:   00007fd2d9050170 00007fd2d9b3d720
0x00007fd26d9370e0:   000000006d937150 7544171000000063
0x00007fd26d9370f0:   0000000000000000 0000003000000018
0x00007fd26d937100:   00007fd26d937280 00007fd26d9371c0
0x00007fd26d937110:   00007fd284102000 0000000000000000 

Instructions: (pc=0x00007fd2d87c18f8)
0x00007fd2d87c18d8:   00 00 48 85 d2 48 89 bd b0 fe ff ff 48 89 b5 a8
0x00007fd2d87c18e8:   fe ff ff 4c 89 8d a0 fe ff ff 0f 84 78 09 00 00
0x00007fd2d87c18f8:   4c 8b 22 4d 85 e4 0f 84 6c 09 00 00 48 8b 45 10
0x00007fd2d87c1908:   48 8b 98 38 01 00 00 48 83 7b 18 f7 0f 87 16 07 

Register to memory mapping:

RAX=0x00007fd26d9371c0 is pointing into the stack for thread: 0x00007fd284102000
RBX=0x00007fd26d9370d0 is pointing into the stack for thread: 0x00007fd284102000
RCX=0x0000000000000001 is an unknown value
RDX=0x00007fd200000000 is an unknown value
RSP=0x00007fd26d936f20 is pointing into the stack for thread: 0x00007fd284102000
RBP=0x00007fd26d9370a0 is pointing into the stack for thread: 0x00007fd284102000
RSI=0x00007fd26d937130 is pointing into the stack for thread: 0x00007fd284102000
RDI=0x00007fd2841021f8 is an unknown value
R8 =0x00007fd28404a698 is an unknown value
R9 =0x00007fd26d9370d0 is pointing into the stack for thread: 0x00007fd284102000
R10=0x00007fd25c000a48 is an unknown value
R11=0x00007fd26d936a80 is pointing into the stack for thread: 0x00007fd284102000
R12=0x00007fd284102000 is a thread
R13=0x00007fd28404a698 is an unknown value
R14=0x0000000000000001 is an unknown value
R15=0x00007fd2841021f8 is an unknown value


Stack: [0x00007fd26d838000,0x00007fd26d939000],  sp=0x00007fd26d936f20,  free space=1019k
Native frames: (J=compiled Java code, j=interpreted, Vv=VM code, C=native code)
V  [libjvm.so+0x6d28f8]  jni_invoke_nonstatic(JNIEnv_*, JavaValue*, _jobject*, JNICallType, _jmethodID*, JNI_ArgumentPusher*, Thread*)+0x38
V  [libjvm.so+0x6d709f]  jni_CallVoidMethodV+0x10f
C  [libglass.so+0x13e51]  JNIEnv_::CallVoidMethod(_jobject*, _jmethodID*, ...)+0x81
C  [libglass.so+0x1876f]  WindowContextBase::process_key(_GdkEventKey*)+0x20f
C  [libglass.so+0x15fe0]  WindowContextBase::im_filter_keypress(_GdkEventKey*)+0x1c0
C  [libglass.so+0x20a3c]  process_events(_GdkEvent*, void*)+0x22c
C  [libgdk-x11-2.0.so.0+0x5acdc]

Java frames: (J=compiled Java code, j=interpreted, Vv=VM code)
j  com.sun.glass.ui.gtk.GtkApplication._runLoop(Ljava/lang/Runnable;Z)V+0
j  com.sun.glass.ui.gtk.GtkApplication.lambda$null$49(Ljava/lang/Runnable;Z)V+7
j  com.sun.glass.ui.gtk.GtkApplication$$Lambda$43.run()V+12
j  java.lang.Thread.run()V+11
v  ~StubRoutines::call_stub

---------------  P R O C E S S  ---------------

Java Threads: ( => current thread )
  0x00007fd2d000a000 JavaThread "DestroyJavaVM" [_thread_blocked, id=4061, stack(0x00007fd2d9be1000,0x00007fd2d9ce2000)]
  0x00007fd2d012c800 JavaThread "Thread-5" [_thread_blocked, id=4086, stack(0x00007fd24feff000,0x00007fd250000000)]
  0x00007fd2d012a800 JavaThread "Thread-4" [_thread_in_native, id=4085, stack(0x00007fd26c0f2000,0x00007fd26c1f3000)]
  0x00007fd25c1c5800 JavaThread "Prism Font Disposer" daemon [_thread_blocked, id=4083, stack(0x00007fd26ca49000,0x00007fd26cb4a000)]
=>0x00007fd284102000 JavaThread "JavaFX Application Thread" [_thread_in_vm, id=4082, stack(0x00007fd26d838000,0x00007fd26d939000)]
  0x00007fd2840c5000 JavaThread "Thread-3" daemon [_thread_blocked, id=4081, stack(0x00007fd27c006000,0x00007fd27c107000)]
  0x00007fd28403f000 JavaThread "QuantumRenderer-0" daemon [_thread_blocked, id=4077, stack(0x00007fd2c0006000,0x00007fd2c0107000)]
  0x00007fd28006f800 JavaThread "JavaFX-Launcher" [_thread_blocked, id=4076, stack(0x00007fd2c0107000,0x00007fd2c0208000)]
  0x00007fd2d0148000 JavaThread "Thread-0" [_thread_blocked, id=4075, stack(0x00007fd2c0208000,0x00007fd2c0309000)]
  0x00007fd2d00c1000 JavaThread "Service Thread" daemon [_thread_blocked, id=4073, stack(0x00007fd2c049f000,0x00007fd2c05a0000)]
  0x00007fd2d00be000 JavaThread "C1 CompilerThread2" daemon [_thread_blocked, id=4072, stack(0x00007fd2c05a0000,0x00007fd2c06a1000)]
  0x00007fd2d00bc800 JavaThread "C2 CompilerThread1" daemon [_thread_blocked, id=4071, stack(0x00007fd2c06a1000,0x00007fd2c07a2000)]
  0x00007fd2d00b9800 JavaThread "C2 CompilerThread0" daemon [_thread_in_native, id=4070, stack(0x00007fd2c07a2000,0x00007fd2c08a3000)]
  0x00007fd2d00b8000 JavaThread "Signal Dispatcher" daemon [_thread_blocked, id=4069, stack(0x00007fd2c08a3000,0x00007fd2c09a4000)]
  0x00007fd2d0084000 JavaThread "Finalizer" daemon [_thread_blocked, id=4068, stack(0x00007fd2c0dfe000,0x00007fd2c0eff000)]
  0x00007fd2d007f800 JavaThread "Reference Handler" daemon [_thread_blocked, id=4067, stack(0x00007fd2c0eff000,0x00007fd2c1000000)]

Other Threads:
  0x00007fd2d0077800 VMThread [stack: 0x00007fd2d4012000,0x00007fd2d4113000] [id=4066]
  0x00007fd2d00c4000 WatcherThread [stack: 0x00007fd2c039e000,0x00007fd2c049f000] [id=4074]

VM state:not at safepoint (normal execution)

VM Mutex/Monitor currently owned by a thread: None

Heap:
 PSYoungGen      total 36864K, used 13977K [0x00000000d7000000, 0x00000000d9900000, 0x0000000100000000)
  eden space 31744K, 27% used [0x00000000d7000000,0x00000000d78a7958,0x00000000d8f00000)
  from space 5120K, 99% used [0x00000000d8f00000,0x00000000d93fead8,0x00000000d9400000)
  to   space 5120K, 0% used [0x00000000d9400000,0x00000000d9400000,0x00000000d9900000)
 ParOldGen       total 84992K, used 952K [0x0000000085000000, 0x000000008a300000, 0x00000000d7000000)
  object space 84992K, 1% used [0x0000000085000000,0x00000000850ee000,0x000000008a300000)
 Metaspace       used 15308K, capacity 16088K, committed 16128K, reserved 1062912K
  class space    used 2332K, capacity 2553K, committed 2560K, reserved 1048576K

Card table byte_map: [0x00007fd2d65b0000,0x00007fd2d6989000] byte_map_base: 0x00007fd2d6188000

Marking Bits: (ParMarkBitMap*) 0x00007fd2d90b3c80
 Begin Bits: [0x00007fd2b0280000, 0x00007fd2b2140000)
 End Bits:   [0x00007fd2b2140000, 0x00007fd2b4000000)

Polling page: 0x00007fd2d9d00000

CodeCache: size=245760Kb used=4204Kb max_used=4204Kb free=241555Kb
 bounds [0x00007fd2c1000000, 0x00007fd2c1420000, 0x00007fd2d0000000]
 total_blobs=1919 nmethods=1280 adapters=552
 compilation: enabled

Compilation events (10 events):
Event: 2,488 Thread 0x00007fd2d00be000 nmethod 1272 0x00007fd2c1419f90 code [0x00007fd2c141a0e0, 0x00007fd2c141a1f0]
Event: 2,488 Thread 0x00007fd2d00be000 1276       3       com.sun.javafx.text.PrismTextLayout::relayout (46 bytes)
Event: 2,488 Thread 0x00007fd2d00be000 nmethod 1276 0x00007fd2c1419ad0 code [0x00007fd2c1419c40, 0x00007fd2c1419ec8]
Event: 2,488 Thread 0x00007fd2d00be000 1279       3       sun.util.logging.PlatformLogger::isLoggable (38 bytes)
Event: 2,488 Thread 0x00007fd2d00be000 nmethod 1279 0x00007fd2c141add0 code [0x00007fd2c141af60, 0x00007fd2c141b368]
Event: 2,488 Thread 0x00007fd2d00be000 1277       3       javafx.scene.Node$LazyBoundsProperty::get (5 bytes)
Event: 2,489 Thread 0x00007fd2d00be000 nmethod 1277 0x00007fd2c141b4d0 code [0x00007fd2c141b640, 0x00007fd2c141b9a8]
Event: 2,489 Thread 0x00007fd2d00be000 1278       3       javafx.scene.Node$LazyBoundsProperty::get (25 bytes)
Event: 2,489 Thread 0x00007fd2d00be000 nmethod 1278 0x00007fd2c141ba90 code [0x00007fd2c141bc00, 0x00007fd2c141be88]
Event: 2,489 Thread 0x00007fd2d00be000 1280       3       javafx.scene.Node::invalidateLocalToSceneTransform (15 bytes)

GC Heap History (2 events):
Event: 2,290 GC heap before
{Heap before GC invocations=1 (full 0):
 PSYoungGen      total 36864K, used 31744K [0x00000000d7000000, 0x00000000d9900000, 0x0000000100000000)
  eden space 31744K, 100% used [0x00000000d7000000,0x00000000d8f00000,0x00000000d8f00000)
  from space 5120K, 0% used [0x00000000d9400000,0x00000000d9400000,0x00000000d9900000)
  to   space 5120K, 0% used [0x00000000d8f00000,0x00000000d8f00000,0x00000000d9400000)
 ParOldGen       total 84992K, used 0K [0x0000000085000000, 0x000000008a300000, 0x00000000d7000000)
  object space 84992K, 0% used [0x0000000085000000,0x0000000085000000,0x000000008a300000)
 Metaspace       used 14306K, capacity 14992K, committed 15232K, reserved 1062912K
  class space    used 2157K, capacity 2347K, committed 2432K, reserved 1048576K
Event: 2,298 GC heap after
Heap after GC invocations=1 (full 0):
 PSYoungGen      total 36864K, used 5114K [0x00000000d7000000, 0x00000000d9900000, 0x0000000100000000)
  eden space 31744K, 0% used [0x00000000d7000000,0x00000000d7000000,0x00000000d8f00000)
  from space 5120K, 99% used [0x00000000d8f00000,0x00000000d93fead8,0x00000000d9400000)
  to   space 5120K, 0% used [0x00000000d9400000,0x00000000d9400000,0x00000000d9900000)
 ParOldGen       total 84992K, used 952K [0x0000000085000000, 0x000000008a300000, 0x00000000d7000000)
  object space 84992K, 1% used [0x0000000085000000,0x00000000850ee000,0x000000008a300000)
 Metaspace       used 14306K, capacity 14992K, committed 15232K, reserved 1062912K
  class space    used 2157K, capacity 2347K, committed 2432K, reserved 1048576K
}

Deoptimization events (10 events):
Event: 1,119 Thread 0x00007fd284102000 Uncommon trap: reason=class_check action=maybe_recompile pc=0x00007fd2c122d5b4 method=java.io.DataInputStream.readShort()S @ 4
Event: 1,125 Thread 0x00007fd284102000 Uncommon trap: reason=class_check action=maybe_recompile pc=0x00007fd2c1111678 method=java.lang.String.equals(Ljava/lang/Object;)Z @ 8
Event: 1,125 Thread 0x00007fd284102000 Uncommon trap: reason=class_check action=maybe_recompile pc=0x00007fd2c1111678 method=java.lang.String.equals(Ljava/lang/Object;)Z @ 8
Event: 1,125 Thread 0x00007fd284102000 Uncommon trap: reason=class_check action=maybe_recompile pc=0x00007fd2c1111678 method=java.lang.String.equals(Ljava/lang/Object;)Z @ 8
Event: 1,191 Thread 0x00007fd284102000 Uncommon trap: reason=class_check action=maybe_recompile pc=0x00007fd2c1111678 method=java.lang.String.equals(Ljava/lang/Object;)Z @ 8
Event: 1,194 Thread 0x00007fd284102000 Uncommon trap: reason=unstable_if action=reinterpret pc=0x00007fd2c12ec90c method=java.lang.CharacterDataLatin1.toUpperCase(I)I @ 12
Event: 1,275 Thread 0x00007fd284102000 Uncommon trap: reason=unstable_if action=reinterpret pc=0x00007fd2c12818a8 method=sun.net.www.ParseUtil.encodePath(Ljava/lang/String;Z)Ljava/lang/String; @ 109
Event: 1,467 Thread 0x00007fd284102000 Uncommon trap: reason=unstable_if action=reinterpret pc=0x00007fd2c127e4a4 method=jdk.internal.org.objectweb.asm.Type.getArgumentsAndReturnSizes(Ljava/lang/String;)I @ 47
Event: 2,390 Thread 0x00007fd284102000 Uncommon trap: reason=unstable_if action=reinterpret pc=0x00007fd2c11c4724 method=java.lang.String.indexOf([CII[CIII)I @ 3
Event: 2,482 Thread 0x00007fd284102000 Uncommon trap: reason=unstable_if action=reinterpret pc=0x00007fd2c11a132c method=java.lang.String.startsWith(Ljava/lang/String;I)Z @ 25

Internal exceptions (10 events):
Event: 0,140 Thread 0x00007fd2d0148000 Exception <a 'java/lang/NoSuchFieldError': method resolution failed> (0x00000000d731f318) thrown at [/HUDSON3/workspace/8-2-build-linux-amd64/jdk8u121/8372/hotspot/src/share/vm/prims/methodHandles.cpp, line 1146]
Event: 0,163 Thread 0x00007fd28006f800 Exception <a 'java/security/PrivilegedActionException'> (0x00000000d73e1840) thrown at [/HUDSON3/workspace/8-2-build-linux-amd64/jdk8u121/8372/hotspot/src/share/vm/prims/jvm.cpp, line 1390]
Event: 0,163 Thread 0x00007fd28006f800 Exception <a 'java/security/PrivilegedActionException'> (0x00000000d73e1a50) thrown at [/HUDSON3/workspace/8-2-build-linux-amd64/jdk8u121/8372/hotspot/src/share/vm/prims/jvm.cpp, line 1390]
Event: 0,164 Thread 0x00007fd28006f800 Exception <a 'java/security/PrivilegedActionException'> (0x00000000d73e3eb8) thrown at [/HUDSON3/workspace/8-2-build-linux-amd64/jdk8u121/8372/hotspot/src/share/vm/prims/jvm.cpp, line 1390]
Event: 0,164 Thread 0x00007fd28006f800 Exception <a 'java/security/PrivilegedActionException'> (0x00000000d73e40c8) thrown at [/HUDSON3/workspace/8-2-build-linux-amd64/jdk8u121/8372/hotspot/src/share/vm/prims/jvm.cpp, line 1390]
Event: 0,164 Thread 0x00007fd28006f800 Exception <a 'java/lang/NullPointerException'> (0x00000000d73e46a0) thrown at [/HUDSON3/workspace/8-2-build-linux-amd64/jdk8u121/8372/hotspot/src/share/vm/interpreter/linkResolver.cpp, line 1178]
Event: 0,386 Thread 0x00007fd284102000 Exception <a 'java/lang/NullPointerException'> (0x00000000d7ae1950) thrown at [/HUDSON3/workspace/8-2-build-linux-amd64/jdk8u121/8372/hotspot/src/share/vm/interpreter/linkResolver.cpp, line 1178]
Event: 0,386 Thread 0x00007fd284102000 Exception <a 'java/lang/NullPointerException'> (0x00000000d7ae1950) thrown at [/HUDSON3/workspace/8-2-build-linux-amd64/jdk8u121/8372/hotspot/src/share/vm/prims/jvm.cpp, line 1394]
Event: 0,541 Thread 0x00007fd284102000 Implicit null exception at 0x00007fd2c1248135 to 0x00007fd2c1248351
Event: 2,360 Thread 0x00007fd284102000 Exception <a 'java/io/FileNotFoundException'> (0x00000000d754bd00) thrown at [/HUDSON3/workspace/8-2-build-linux-amd64/jdk8u121/8372/hotspot/src/share/vm/prims/jni.cpp, line 709]

Events (10 events):
Event: 2,449 loading class javafx/scene/shape/SVGPath$2 done
Event: 2,449 loading class com/sun/javafx/sg/prism/NGSVGPath
Event: 2,449 loading class com/sun/javafx/sg/prism/NGSVGPath done
Event: 2,462 loading class javafx/scene/image/ImageView$StyleableProperties
Event: 2,462 loading class javafx/scene/image/ImageView$StyleableProperties done
Event: 2,462 loading class javafx/scene/image/ImageView$StyleableProperties$1
Event: 2,462 loading class javafx/scene/image/ImageView$StyleableProperties$1 done
Event: 2,482 Thread 0x00007fd284102000 Uncommon trap: trap_request=0xffffff65 fr.pc=0x00007fd2c11a132c
Event: 2,482 Thread 0x00007fd284102000 DEOPT PACKING pc=0x00007fd2c11a132c sp=0x00007fd26d9336a0
Event: 2,482 Thread 0x00007fd284102000 DEOPT UNPACKING pc=0x00007fd2c1005229 sp=0x00007fd26d933638 mode 2


Dynamic libraries:
00400000-00401000 r-xp 00000000 08:05 2243241                            /usr/lib/jvm/java-8-oracle/bin/java
00600000-00601000 rw-p 00000000 08:05 2243241                            /usr/lib/jvm/java-8-oracle/bin/java
007d5000-007f6000 rw-p 00000000 00:00 0                                  [heap]
85000000-8a300000 rw-p 00000000 00:00 0 
8a300000-d7000000 ---p 00000000 00:00 0 
d7000000-d9900000 rw-p 00000000 00:00 0 
d9900000-100000000 ---p 00000000 00:00 0 
100000000-100280000 rw-p 00000000 00:00 0 
100280000-140000000 ---p 00000000 00:00 0 
7fd248000000-7fd248021000 rw-p 00000000 00:00 0 
7fd248021000-7fd24c000000 ---p 00000000 00:00 0 
7fd24feff000-7fd24ff02000 ---p 00000000 00:00 0 
7fd24ff02000-7fd250000000 rw-p 00000000 00:00 0 
7fd250000000-7fd250021000 rw-p 00000000 00:00 0 
7fd250021000-7fd254000000 ---p 00000000 00:00 0 
7fd254000000-7fd254021000 rw-p 00000000 00:00 0 
7fd254021000-7fd258000000 ---p 00000000 00:00 0 
7fd258000000-7fd258021000 rw-p 00000000 00:00 0 
7fd258021000-7fd25c000000 ---p 00000000 00:00 0 
7fd25c000000-7fd25c525000 rw-p 00000000 00:00 0 
7fd25c525000-7fd260000000 ---p 00000000 00:00 0 
7fd260000000-7fd260021000 rw-p 00000000 00:00 0 
7fd260021000-7fd264000000 ---p 00000000 00:00 0 
7fd264000000-7fd264022000 rw-p 00000000 00:00 0 
7fd264022000-7fd268000000 ---p 00000000 00:00 0 
7fd268000000-7fd268021000 rw-p 00000000 00:00 0 
7fd268021000-7fd26c000000 ---p 00000000 00:00 0 
7fd26c0ee000-7fd26c0f2000 r--s 0009a000 08:05 2243269                    /usr/lib/jvm/java-8-oracle/jre/lib/jsse.jar
7fd26c0f2000-7fd26c0f5000 ---p 00000000 00:00 0 
7fd26c0f5000-7fd26c1f3000 rw-p 00000000 00:00 0 
7fd26c1f3000-7fd26c209000 r-xp 00000000 08:05 2243325                    /usr/lib/jvm/java-8-oracle/jre/lib/amd64/libnet.so
7fd26c209000-7fd26c409000 ---p 00016000 08:05 2243325                    /usr/lib/jvm/java-8-oracle/jre/lib/amd64/libnet.so
7fd26c409000-7fd26c40a000 rw-p 00016000 08:05 2243325                    /usr/lib/jvm/java-8-oracle/jre/lib/amd64/libnet.so
7fd26c40a000-7fd26c412000 rw-s 00000000 00:05 56745                      /drm mm object (deleted)
7fd26c412000-7fd26c552000 rw-p 00000000 00:00 0 
7fd26c552000-7fd26c612000 ---p 00000000 00:00 0 
7fd26c612000-7fd26c672000 rw-s 00000000 00:05 56739                      /drm mm object (deleted)
7fd26c672000-7fd26c680000 rw-s 00000000 00:05 56738                      /drm mm object (deleted)
7fd26c680000-7fd26c682000 rw-s 1018fd000 00:06 325                       /dev/dri/card0
7fd26c682000-7fd26c842000 rw-s 10173d000 00:06 325                       /dev/dri/card0
7fd26c842000-7fd26ca02000 rw-s 00000000 00:05 56731                      /drm mm object (deleted)
7fd26ca02000-7fd26ca12000 rw-s 00000000 00:05 56735                      /drm mm object (deleted)
7fd26ca12000-7fd26ca1a000 rw-s 00000000 00:05 56734                      /drm mm object (deleted)
7fd26ca1a000-7fd26ca2a000 rw-s 00000000 00:05 56733                      /drm mm object (deleted)
7fd26ca2a000-7fd26ca36000 rw-s 00000000 00:05 52185                      /drm mm object (deleted)
7fd26ca36000-7fd26ca49000 r--s 00345000 08:05 2243549                    /usr/lib/jvm/java-8-oracle/jre/lib/resources.jar
7fd26ca49000-7fd26ca4c000 ---p 00000000 00:00 0 
7fd26ca4c000-7fd26cb4a000 rw-p 00000000 00:00 0 
7fd26cb4a000-7fd26cc03000 r--p 00000000 08:05 918436                     /usr/share/fonts/truetype/dejavu/DejaVuSans.ttf
7fd26cc03000-7fd26cc3f000 r--p 00000000 08:05 2243419                    /usr/lib/jvm/java-8-oracle/jre/lib/fonts/LucidaTypewriterRegular.ttf
7fd26cc3f000-7fd26cc52000 r--p 00000000 08:05 2243414                    /usr/lib/jvm/java-8-oracle/jre/lib/fonts/LucidaBrightDemiBold.ttf
7fd26cc52000-7fd26cc8c000 r--p 00000000 08:05 2243415                    /usr/lib/jvm/java-8-oracle/jre/lib/fonts/LucidaTypewriterBold.ttf
7fd26cc8c000-7fd26cce1000 r--p 00000000 08:05 2243416                    /usr/lib/jvm/java-8-oracle/jre/lib/fonts/LucidaBrightRegular.ttf
7fd26cce1000-7fd26cd8c000 r--p 00000000 08:05 2243413                    /usr/lib/jvm/java-8-oracle/jre/lib/fonts/LucidaSansRegular.ttf
7fd26cd8c000-7fd26cda0000 r--p 00000000 08:05 2243417                    /usr/lib/jvm/java-8-oracle/jre/lib/fonts/LucidaBrightItalic.ttf
7fd26cda0000-7fd26cdb3000 r--p 00000000 08:05 2243421                    /usr/lib/jvm/java-8-oracle/jre/lib/fonts/LucidaBrightDemiItalic.ttf
7fd26cdb3000-7fd26ce01000 r--p 00000000 08:05 2243420                    /usr/lib/jvm/java-8-oracle/jre/lib/fonts/LucidaSansDemiBold.ttf
7fd26ce01000-7fd26d001000 rw-p 00000000 00:00 0 
7fd26d001000-7fd26d005000 r-xp 00000000 08:05 2243362                    /usr/lib/jvm/java-8-oracle/jre/lib/amd64/libjavafx_font_pango.so
7fd26d005000-7fd26d204000 ---p 00004000 08:05 2243362                    /usr/lib/jvm/java-8-oracle/jre/lib/amd64/libjavafx_font_pango.so
7fd26d204000-7fd26d205000 rw-p 00003000 08:05 2243362                    /usr/lib/jvm/java-8-oracle/jre/lib/amd64/libjavafx_font_pango.so
7fd26d205000-7fd26d20a000 r--s 00084000 08:05 2243424                    /usr/lib/jvm/java-8-oracle/jre/lib/jfr.jar
7fd26d20a000-7fd26d215000 r--s 00000000 08:05 279298                     /var/cache/fontconfig/945677eb7aeaf62f1d50efc3fb3ec7d8-le64.cache-6
7fd26d215000-7fd26d21b000 r--s 00000000 08:05 279279                     /var/cache/fontconfig/2cd17615ca594fa2959ae173292e504c-le64.cache-6
7fd26d21b000-7fd26d230000 r--s 00000000 08:05 279272                     /var/cache/fontconfig/04aabc0a78ac019cf9454389977116d2-le64.cache-6
7fd26d230000-7fd26d235000 r-xp 00000000 08:05 2243358                    /usr/lib/jvm/java-8-oracle/jre/lib/amd64/libjavafx_font_freetype.so
7fd26d235000-7fd26d434000 ---p 00005000 08:05 2243358                    /usr/lib/jvm/java-8-oracle/jre/lib/amd64/libjavafx_font_freetype.so
7fd26d434000-7fd26d435000 rw-p 00004000 08:05 2243358                    /usr/lib/jvm/java-8-oracle/jre/lib/amd64/libjavafx_font_freetype.so
7fd26d435000-7fd26d635000 rw-p 00000000 00:00 0 
7fd26d635000-7fd26d638000 r-xp 00000000 08:05 2243320                    /usr/lib/jvm/java-8-oracle/jre/lib/amd64/libjavafx_font.so
7fd26d638000-7fd26d837000 ---p 00003000 08:05 2243320                    /usr/lib/jvm/java-8-oracle/jre/lib/amd64/libjavafx_font.so
7fd26d837000-7fd26d838000 rw-p 00002000 08:05 2243320                    /usr/lib/jvm/java-8-oracle/jre/lib/amd64/libjavafx_font.so
7fd26d838000-7fd26d83b000 ---p 00000000 00:00 0 
7fd26d83b000-7fd26d939000 rw-p 00000000 00:00 0 
7fd26d939000-7fd26d93a000 ---p 00000000 00:00 0 
7fd26d93a000-7fd26e13a000 rw-p 00000000 00:00 0 
7fd26e13a000-7fd26e13b000 ---p 00000000 00:00 0 
7fd26e13b000-7fd26e93b000 rw-p 00000000 00:00 0 
7fd26e93b000-7fd26e93c000 ---p 00000000 00:00 0 
7fd26e93c000-7fd26f13c000 rw-p 00000000 00:00 0 
7fd26f13c000-7fd26f148000 r-xp 00000000 08:05 133762                     /usr/lib/x86_64-linux-gnu/gio/modules/libdconfsettings.so
7fd26f148000-7fd26f347000 ---p 0000c000 08:05 133762                     /usr/lib/x86_64-linux-gnu/gio/modules/libdconfsettings.so
7fd26f347000-7fd26f348000 r--p 0000b000 08:05 133762                     /usr/lib/x86_64-linux-gnu/gio/modules/libdconfsettings.so
7fd26f348000-7fd26f349000 rw-p 0000c000 08:05 133762                     /usr/lib/x86_64-linux-gnu/gio/modules/libdconfsettings.so
7fd26f349000-7fd26f350000 r-xp 00000000 08:05 2239720                    /usr/lib/x86_64-linux-gnu/libogg.so.0.8.2
7fd26f350000-7fd26f550000 ---p 00007000 08:05 2239720                    /usr/lib/x86_64-linux-gnu/libogg.so.0.8.2
7fd26f550000-7fd26f551000 r--p 00007000 08:05 2239720                    /usr/lib/x86_64-linux-gnu/libogg.so.0.8.2
7fd26f551000-7fd26f552000 rw-p 00008000 08:05 2239720                    /usr/lib/x86_64-linux-gnu/libogg.so.0.8.2
7fd26f552000-7fd26f57c000 r-xp 00000000 08:05 2240153                    /usr/lib/x86_64-linux-gnu/libvorbis.so.0.4.8
7fd26f57c000-7fd26f77c000 ---p 0002a000 08:05 2240153                    /usr/lib/x86_64-linux-gnu/libvorbis.so.0.4.8
7fd26f77c000-7fd26f77d000 r--p 0002a000 08:05 2240153                    /usr/lib/x86_64-linux-gnu/libvorbis.so.0.4.8
7fd26f77d000-7fd26f77e000 rw-p 0002b000 08:05 2240153                    /usr/lib/x86_64-linux-gnu/libvorbis.so.0.4.8
7fd26f77e000-7fd26f786000 r-xp 00000000 08:05 2239564                    /usr/lib/x86_64-linux-gnu/libltdl.so.7.3.1
7fd26f786000-7fd26f986000 ---p 00008000 08:05 2239564                    /usr/lib/x86_64-linux-gnu/libltdl.so.7.3.1
7fd26f986000-7fd26f987000 r--p 00008000 08:05 2239564                    /usr/lib/x86_64-linux-gnu/libltdl.so.7.3.1
7fd26f987000-7fd26f988000 rw-p 00009000 08:05 2239564                    /usr/lib/x86_64-linux-gnu/libltdl.so.7.3.1
7fd26f988000-7fd26f99c000 r-xp 00000000 08:05 2239986                    /usr/lib/x86_64-linux-gnu/libtdb.so.1.3.9
7fd26f99c000-7fd26fb9b000 ---p 00014000 08:05 2239986                    /usr/lib/x86_64-linux-gnu/libtdb.so.1.3.9
7fd26fb9b000-7fd26fb9c000 r--p 00013000 08:05 2239986                    /usr/lib/x86_64-linux-gnu/libtdb.so.1.3.9
7fd26fb9c000-7fd26fb9d000 rw-p 00014000 08:05 2239986                    /usr/lib/x86_64-linux-gnu/libtdb.so.1.3.9
7fd26fb9d000-7fd26fba4000 r-xp 00000000 08:05 2240157                    /usr/lib/x86_64-linux-gnu/libvorbisfile.so.3.3.7
7fd26fba4000-7fd26fda4000 ---p 00007000 08:05 2240157                    /usr/lib/x86_64-linux-gnu/libvorbisfile.so.3.3.7
7fd26fda4000-7fd26fda5000 r--p 00007000 08:05 2240157                    /usr/lib/x86_64-linux-gnu/libvorbisfile.so.3.3.7
7fd26fda5000-7fd26fda6000 rw-p 00008000 08:05 2240157                    /usr/lib/x86_64-linux-gnu/libvorbisfile.so.3.3.7
7fd26fda6000-7fd26fdb6000 r-xp 00000000 08:05 2238920                    /usr/lib/x86_64-linux-gnu/libcanberra.so.0.2.5
7fd26fdb6000-7fd26ffb6000 ---p 00010000 08:05 2238920                    /usr/lib/x86_64-linux-gnu/libcanberra.so.0.2.5
7fd26ffb6000-7fd26ffb7000 r--p 00010000 08:05 2238920                    /usr/lib/x86_64-linux-gnu/libcanberra.so.0.2.5
7fd26ffb7000-7fd26ffb8000 rw-p 00011000 08:05 2238920                    /usr/lib/x86_64-linux-gnu/libcanberra.so.0.2.5
7fd26ffb8000-7fd26ffbc000 r-xp 00000000 08:05 2238916                    /usr/lib/x86_64-linux-gnu/libcanberra-gtk.so.0.1.9
7fd26ffbc000-7fd2701bb000 ---p 00004000 08:05 2238916                    /usr/lib/x86_64-linux-gnu/libcanberra-gtk.so.0.1.9
7fd2701bb000-7fd2701bc000 r--p 00003000 08:05 2238916                    /usr/lib/x86_64-linux-gnu/libcanberra-gtk.so.0.1.9
7fd2701bc000-7fd2701bd000 rw-p 00004000 08:05 2238916                    /usr/lib/x86_64-linux-gnu/libcanberra-gtk.so.0.1.9
7fd2701bd000-7fd2701c2000 r-xp 00000000 08:05 133969                     /usr/lib/x86_64-linux-gnu/gtk-2.0/modules/libcanberra-gtk-module.so
7fd2701c2000-7fd2703c1000 ---p 00005000 08:05 133969                     /usr/lib/x86_64-linux-gnu/gtk-2.0/modules/libcanberra-gtk-module.so
7fd2703c1000-7fd2703c2000 r--p 00004000 08:05 133969                     /usr/lib/x86_64-linux-gnu/gtk-2.0/modules/libcanberra-gtk-module.so
7fd2703c2000-7fd2703c3000 rw-p 00005000 08:05 133969                     /usr/lib/x86_64-linux-gnu/gtk-2.0/modules/libcanberra-gtk-module.so
7fd2703c3000-7fd2703f3000 r-xp 00000000 08:05 133951                     /usr/lib/x86_64-linux-gnu/gtk-2.0/2.10.0/engines/libmurrine.so
7fd2703f3000-7fd2705f3000 ---p 00030000 08:05 133951                     /usr/lib/x86_64-linux-gnu/gtk-2.0/2.10.0/engines/libmurrine.so
7fd2705f3000-7fd2705f4000 r--p 00030000 08:05 133951                     /usr/lib/x86_64-linux-gnu/gtk-2.0/2.10.0/engines/libmurrine.so
7fd2705f4000-7fd2705f5000 rw-p 00031000 08:05 133951                     /usr/lib/x86_64-linux-gnu/gtk-2.0/2.10.0/engines/libmurrine.so
7fd2705f5000-7fd270605000 r-xp 00000000 08:05 2240079                    /usr/lib/x86_64-linux-gnu/libunity-gtk2-parser.so.0.0.0
7fd270605000-7fd270805000 ---p 00010000 08:05 2240079                    /usr/lib/x86_64-linux-gnu/libunity-gtk2-parser.so.0.0.0
7fd270805000-7fd270806000 r--p 00010000 08:05 2240079                    /usr/lib/x86_64-linux-gnu/libunity-gtk2-parser.so.0.0.0
7fd270806000-7fd270807000 rw-p 00011000 08:05 2240079                    /usr/lib/x86_64-linux-gnu/libunity-gtk2-parser.so.0.0.0
7fd270807000-7fd27080c000 r-xp 00000000 08:05 133973                     /usr/lib/x86_64-linux-gnu/gtk-2.0/modules/libunity-gtk-module.so
7fd27080c000-7fd270a0b000 ---p 00005000 08:05 133973                     /usr/lib/x86_64-linux-gnu/gtk-2.0/modules/libunity-gtk-module.so
7fd270a0b000-7fd270a0c000 r--p 00004000 08:05 133973                     /usr/lib/x86_64-linux-gnu/gtk-2.0/modules/libunity-gtk-module.so
7fd270a0c000-7fd270a0d000 rw-p 00005000 08:05 133973                     /usr/lib/x86_64-linux-gnu/gtk-2.0/modules/libunity-gtk-module.so
7fd270a0d000-7fd270a2f000 r-xp 00000000 08:05 398679                     /lib/x86_64-linux-gnu/liblzma.so.5.0.0
7fd270a2f000-7fd270c2e000 ---p 00022000 08:05 398679                     /lib/x86_64-linux-gnu/liblzma.so.5.0.0
7fd270c2e000-7fd270c2f000 r--p 00021000 08:05 398679                     /lib/x86_64-linux-gnu/liblzma.so.5.0.0
7fd270c2f000-7fd270c30000 rw-p 00022000 08:05 398679                     /lib/x86_64-linux-gnu/liblzma.so.5.0.0
7fd270c30000-7fd270c7a000 r-xp 00000000 08:05 399570                     /lib/x86_64-linux-gnu/libdbus-1.so.3.14.7
7fd270c7a000-7fd270e7a000 ---p 0004a000 08:05 399570                     /lib/x86_64-linux-gnu/libdbus-1.so.3.14.7
7fd270e7a000-7fd270e7b000 r--p 0004a000 08:05 399570                     /lib/x86_64-linux-gnu/libdbus-1.so.3.14.7
7fd270e7b000-7fd270e7c000 rw-p 0004b000 08:05 399570                     /lib/x86_64-linux-gnu/libdbus-1.so.3.14.7
7fd270e7c000-7fd270ea8000 r-xp 00000000 08:05 2238852                    /usr/lib/x86_64-linux-gnu/libatspi.so.0.0.1
7fd270ea8000-7fd2710a7000 ---p 0002c000 08:05 2238852                    /usr/lib/x86_64-linux-gnu/libatspi.so.0.0.1
7fd2710a7000-7fd2710aa000 r--p 0002b000 08:05 2238852                    /usr/lib/x86_64-linux-gnu/libatspi.so.0.0.1
7fd2710aa000-7fd2710ab000 rw-p 0002e000 08:05 2238852                    /usr/lib/x86_64-linux-gnu/libatspi.so.0.0.1
7fd2710ab000-7fd2710d8000 r-xp 00000000 08:05 2238846                    /usr/lib/x86_64-linux-gnu/libatk-bridge-2.0.so.0.0.0
7fd2710d8000-7fd2712d7000 ---p 0002d000 08:05 2238846                    /usr/lib/x86_64-linux-gnu/libatk-bridge-2.0.so.0.0.0
7fd2712d7000-7fd2712d8000 r--p 0002c000 08:05 2238846                    /usr/lib/x86_64-linux-gnu/libatk-bridge-2.0.so.0.0.0
7fd2712d8000-7fd2712da000 rw-p 0002d000 08:05 2238846                    /usr/lib/x86_64-linux-gnu/libatk-bridge-2.0.so.0.0.0
7fd2712da000-7fd2712db000 r-xp 00000000 08:05 133968                     /usr/lib/x86_64-linux-gnu/gtk-2.0/modules/libatk-bridge.so
7fd2712db000-7fd2714da000 ---p 00001000 08:05 133968                     /usr/lib/x86_64-linux-gnu/gtk-2.0/modules/libatk-bridge.so
7fd2714da000-7fd2714db000 r--p 00000000 08:05 133968                     /usr/lib/x86_64-linux-gnu/gtk-2.0/modules/libatk-bridge.so
7fd2714db000-7fd2714dc000 rw-p 00001000 08:05 133968                     /usr/lib/x86_64-linux-gnu/gtk-2.0/modules/libatk-bridge.so
7fd2714dc000-7fd2714e3000 r-xp 00000000 08:05 2228785                    /usr/lib/x86_64-linux-gnu/libgailutil.so.18.0.1
7fd2714e3000-7fd2716e2000 ---p 00007000 08:05 2228785                    /usr/lib/x86_64-linux-gnu/libgailutil.so.18.0.1
7fd2716e2000-7fd2716e3000 r--p 00006000 08:05 2228785                    /usr/lib/x86_64-linux-gnu/libgailutil.so.18.0.1
7fd2716e3000-7fd2716e4000 rw-p 00007000 08:05 2228785                    /usr/lib/x86_64-linux-gnu/libgailutil.so.18.0.1
7fd2716e4000-7fd271732000 r-xp 00000000 08:05 132695                     /usr/lib/x86_64-linux-gnu/gtk-2.0/modules/libgail.so
7fd271732000-7fd271931000 ---p 0004e000 08:05 132695                     /usr/lib/x86_64-linux-gnu/gtk-2.0/modules/libgail.so
7fd271931000-7fd271932000 r--p 0004d000 08:05 132695                     /usr/lib/x86_64-linux-gnu/gtk-2.0/modules/libgail.so
7fd271932000-7fd271934000 rw-p 0004e000 08:05 132695                     /usr/lib/x86_64-linux-gnu/gtk-2.0/modules/libgail.so
7fd271934000-7fd271945000 r-xp 00000000 08:05 132122                     /usr/lib/x86_64-linux-gnu/gtk-2.0/modules/liboverlay-scrollbar.so
7fd271945000-7fd271b45000 ---p 00011000 08:05 132122                     /usr/lib/x86_64-linux-gnu/gtk-2.0/modules/liboverlay-scrollbar.so
7fd271b45000-7fd271b46000 r--p 00011000 08:05 132122                     /usr/lib/x86_64-linux-gnu/gtk-2.0/modules/liboverlay-scrollbar.so
7fd271b46000-7fd271b47000 rw-p 00012000 08:05 132122                     /usr/lib/x86_64-linux-gnu/gtk-2.0/modules/liboverlay-scrollbar.so
7fd271b47000-7fd271b70000 r-xp 00000000 08:05 2243370                    /usr/lib/jvm/java-8-oracle/jre/lib/amd64/libglass.so
7fd271b70000-7fd271d6f000 ---p 00029000 08:05 2243370                    /usr/lib/jvm/java-8-oracle/jre/lib/amd64/libglass.so
7fd271d6f000-7fd271d72000 rw-p 00028000 08:05 2243370                    /usr/lib/jvm/java-8-oracle/jre/lib/amd64/libglass.so
7fd271d72000-7fd271da9000 r-xp 00000000 08:05 2240033                    /usr/lib/x86_64-linux-gnu/libtxc_dxtn_s2tc.so.0.0.0
7fd271da9000-7fd271fa8000 ---p 00037000 08:05 2240033                    /usr/lib/x86_64-linux-gnu/libtxc_dxtn_s2tc.so.0.0.0
7fd271fa8000-7fd271fa9000 r--p 00036000 08:05 2240033                    /usr/lib/x86_64-linux-gnu/libtxc_dxtn_s2tc.so.0.0.0
7fd271fa9000-7fd271faa000 rw-p 00037000 08:05 2240033                    /usr/lib/x86_64-linux-gnu/libtxc_dxtn_s2tc.so.0.0.0
7fd271faa000-7fd271fb2000 r-xp 00000000 08:05 2239767                    /usr/lib/x86_64-linux-gnu/libpciaccess.so.0.11.1
7fd271fb2000-7fd2721b2000 ---p 00008000 08:05 2239767                    /usr/lib/x86_64-linux-gnu/libpciaccess.so.0.11.1
7fd2721b2000-7fd2721b3000 r--p 00008000 08:05 2239767                    /usr/lib/x86_64-linux-gnu/libpciaccess.so.0.11.1
7fd2721b3000-7fd2721b4000 rw-p 00009000 08:05 2239767                    /usr/lib/x86_64-linux-gnu/libpciaccess.so.0.11.1
7fd2721b4000-7fd2721c6000 r-xp 00000000 08:05 398660                     /lib/x86_64-linux-gnu/libgpg-error.so.0.19.1
7fd2721c6000-7fd2723c6000 ---p 00012000 08:05 398660                     /lib/x86_64-linux-gnu/libgpg-error.so.0.19.1
7fd2723c6000-7fd2723c7000 r--p 00012000 08:05 398660                     /lib/x86_64-linux-gnu/libgpg-error.so.0.19.1
7fd2723c7000-7fd2723c8000 rw-p 00013000 08:05 398660                     /lib/x86_64-linux-gnu/libgpg-error.so.0.19.1
7fd2723c8000-7fd2723d3000 r-xp 00000000 08:05 2239069                    /usr/lib/x86_64-linux-gnu/libdrm_radeon.so.1.0.1
7fd2723d3000-7fd2725d2000 ---p 0000b000 08:05 2239069                    /usr/lib/x86_64-linux-gnu/libdrm_radeon.so.1.0.1
7fd2725d2000-7fd2725d3000 r--p 0000a000 08:05 2239069                    /usr/lib/x86_64-linux-gnu/libdrm_radeon.so.1.0.1
7fd2725d3000-7fd2725d4000 rw-p 0000b000 08:05 2239069                    /usr/lib/x86_64-linux-gnu/libdrm_radeon.so.1.0.1
7fd2725d4000-7fd2725db000 r-xp 00000000 08:05 2239067                    /usr/lib/x86_64-linux-gnu/libdrm_nouveau.so.2.0.0
7fd2725db000-7fd2727da000 ---p 00007000 08:05 2239067                    /usr/lib/x86_64-linux-gnu/libdrm_nouveau.so.2.0.0
7fd2727da000-7fd2727db000 r--p 00006000 08:05 2239067                    /usr/lib/x86_64-linux-gnu/libdrm_nouveau.so.2.0.0
7fd2727db000-7fd2727dc000 rw-p 00007000 08:05 2239067                    /usr/lib/x86_64-linux-gnu/libdrm_nouveau.so.2.0.0
7fd2727dc000-7fd2727fc000 r-xp 00000000 08:05 2239065                    /usr/lib/x86_64-linux-gnu/libdrm_intel.so.1.0.0
7fd2727fc000-7fd2729fb000 ---p 00020000 08:05 2239065                    /usr/lib/x86_64-linux-gnu/libdrm_intel.so.1.0.0
7fd2729fb000-7fd2729fc000 r--p 0001f000 08:05 2239065                    /usr/lib/x86_64-linux-gnu/libdrm_intel.so.1.0.0
7fd2729fc000-7fd2729fd000 rw-p 00020000 08:05 2239065                    /usr/lib/x86_64-linux-gnu/libdrm_intel.so.1.0.0
7fd2729fd000-7fd272b04000 r-xp 00000000 08:05 398656                     /lib/x86_64-linux-gnu/libgcrypt.so.20.1.2
7fd272b04000-7fd272d03000 ---p 00107000 08:05 398656                     /lib/x86_64-linux-gnu/libgcrypt.so.20.1.2
7fd272d03000-7fd272d05000 r--p 00106000 08:05 398656                     /lib/x86_64-linux-gnu/libgcrypt.so.20.1.2
7fd272d05000-7fd272d0c000 rw-p 00108000 08:05 398656                     /lib/x86_64-linux-gnu/libgcrypt.so.20.1.2
7fd272d0c000-7fd2733af000 r-xp 00000000 08:05 133427                     /usr/lib/x86_64-linux-gnu/dri/i965_dri.so
7fd2733af000-7fd2735ae000 ---p 006a3000 08:05 133427                     /usr/lib/x86_64-linux-gnu/dri/i965_dri.so
7fd2735ae000-7fd2735ed000 r--p 006a2000 08:05 133427                     /usr/lib/x86_64-linux-gnu/dri/i965_dri.so
7fd2735ed000-7fd2735f5000 rw-p 006e1000 08:05 133427                     /usr/lib/x86_64-linux-gnu/dri/i965_dri.so
7fd2735f5000-7fd2735fd000 rw-p 00000000 00:00 0 
7fd2735fd000-7fd273601000 r-xp 00000000 08:05 398105                     /lib/x86_64-linux-gnu/libuuid.so.1.3.0
7fd273601000-7fd273800000 ---p 00004000 08:05 398105                     /lib/x86_64-linux-gnu/libuuid.so.1.3.0
7fd273800000-7fd273801000 r--p 00003000 08:05 398105                     /lib/x86_64-linux-gnu/libuuid.so.1.3.0
7fd273801000-7fd273802000 rw-p 00004000 08:05 398105                     /lib/x86_64-linux-gnu/libuuid.so.1.3.0
7fd273802000-7fd273808000 r-xp 00000000 08:05 2239010                    /usr/lib/x86_64-linux-gnu/libdatrie.so.1.3.3
7fd273808000-7fd273a08000 ---p 00006000 08:05 2239010                    /usr/lib/x86_64-linux-gnu/libdatrie.so.1.3.3
7fd273a08000-7fd273a09000 r--p 00006000 08:05 2239010                    /usr/lib/x86_64-linux-gnu/libdatrie.so.1.3.3
7fd273a09000-7fd273a0a000 rw-p 00007000 08:05 2239010                    /usr/lib/x86_64-linux-gnu/libdatrie.so.1.3.3
7fd273a0a000-7fd273a0f000 r-xp 00000000 08:05 2238755                    /usr/lib/x86_64-linux-gnu/libXdmcp.so.6.0.0
7fd273a0f000-7fd273c0e000 ---p 00005000 08:05 2238755                    /usr/lib/x86_64-linux-gnu/libXdmcp.so.6.0.0
7fd273c0e000-7fd273c0f000 r--p 00004000 08:05 2238755                    /usr/lib/x86_64-linux-gnu/libXdmcp.so.6.0.0
7fd273c0f000-7fd273c10000 rw-p 00005000 08:05 2238755                    /usr/lib/x86_64-linux-gnu/libXdmcp.so.6.0.0
7fd273c10000-7fd273c12000 r-xp 00000000 08:05 2238744                    /usr/lib/x86_64-linux-gnu/libXau.so.6.0.0
7fd273c12000-7fd273e12000 ---p 00002000 08:05 2238744                    /usr/lib/x86_64-linux-gnu/libXau.so.6.0.0
7fd273e12000-7fd273e13000 r--p 00002000 08:05 2238744                    /usr/lib/x86_64-linux-gnu/libXau.so.6.0.0
7fd273e13000-7fd273e14000 rw-p 00003000 08:05 2238744                    /usr/lib/x86_64-linux-gnu/libXau.so.6.0.0
7fd273e14000-7fd273e37000 r-xp 00000000 08:05 2239322                    /usr/lib/x86_64-linux-gnu/libgraphite2.so.3.0.1
7fd273e37000-7fd274036000 ---p 00023000 08:05 2239322                    /usr/lib/x86_64-linux-gnu/libgraphite2.so.3.0.1
7fd274036000-7fd274038000 r--p 00022000 08:05 2239322                    /usr/lib/x86_64-linux-gnu/libgraphite2.so.3.0.1
7fd274038000-7fd274039000 rw-p 00024000 08:05 2239322                    /usr/lib/x86_64-linux-gnu/libgraphite2.so.3.0.1
7fd274039000-7fd274076000 r-xp 00000000 08:05 398114                     /lib/x86_64-linux-gnu/libblkid.so.1.1.0
7fd274076000-7fd274275000 ---p 0003d000 08:05 398114                     /lib/x86_64-linux-gnu/libblkid.so.1.1.0
7fd274275000-7fd274279000 r--p 0003c000 08:05 398114                     /lib/x86_64-linux-gnu/libblkid.so.1.1.0
7fd274279000-7fd27427a000 rw-p 00040000 08:05 398114                     /lib/x86_64-linux-gnu/libblkid.so.1.1.0
7fd27427a000-7fd27427b000 rw-p 00000000 00:00 0 
7fd27427b000-7fd274289000 r-xp 00000000 08:05 2239061                    /usr/lib/x86_64-linux-gnu/libdrm.so.2.4.0
7fd274289000-7fd274488000 ---p 0000e000 08:05 2239061                    /usr/lib/x86_64-linux-gnu/libdrm.so.2.4.0
7fd274488000-7fd274489000 r--p 0000d000 08:05 2239061                    /usr/lib/x86_64-linux-gnu/libdrm.so.2.4.0
7fd274489000-7fd27448a000 rw-p 0000e000 08:05 2239061                    /usr/lib/x86_64-linux-gnu/libdrm.so.2.4.0
7fd27448a000-7fd27448e000 r-xp 00000000 08:05 2240244                    /usr/lib/x86_64-linux-gnu/libxcb-dri2.so.0.0.0
7fd27448e000-7fd27468d000 ---p 00004000 08:05 2240244                    /usr/lib/x86_64-linux-gnu/libxcb-dri2.so.0.0.0
7fd27468d000-7fd27468e000 r--p 00003000 08:05 2240244                    /usr/lib/x86_64-linux-gnu/libxcb-dri2.so.0.0.0
7fd27468e000-7fd27468f000 rw-p 00004000 08:05 2240244                    /usr/lib/x86_64-linux-gnu/libxcb-dri2.so.0.0.0
7fd27468f000-7fd2746a6000 r-xp 00000000 08:05 2240248                    /usr/lib/x86_64-linux-gnu/libxcb-glx.so.0.0.0
7fd2746a6000-7fd2748a5000 ---p 00017000 08:05 2240248                    /usr/lib/x86_64-linux-gnu/libxcb-glx.so.0.0.0
7fd2748a5000-7fd2748a7000 r--p 00016000 08:05 2240248                    /usr/lib/x86_64-linux-gnu/libxcb-glx.so.0.0.0
7fd2748a7000-7fd2748a8000 rw-p 00018000 08:05 2240248                    /usr/lib/x86_64-linux-gnu/libxcb-glx.so.0.0.0
7fd2748a8000-7fd2748a9000 r-xp 00000000 08:05 2238738                    /usr/lib/x86_64-linux-gnu/libX11-xcb.so.1.0.0
7fd2748a9000-7fd274aa8000 ---p 00001000 08:05 2238738                    /usr/lib/x86_64-linux-gnu/libX11-xcb.so.1.0.0
7fd274aa8000-7fd274aa9000 r--p 00000000 08:05 2238738                    /usr/lib/x86_64-linux-gnu/libX11-xcb.so.1.0.0
7fd274aa9000-7fd274aaa000 rw-p 00001000 08:05 2238738                    /usr/lib/x86_64-linux-gnu/libX11-xcb.so.1.0.0
7fd274aaa000-7fd274ad3000 r-xp 00000000 08:05 2231673                    /usr/lib/x86_64-linux-gnu/libglapi.so.0.0.0
7fd274ad3000-7fd274cd2000 ---p 00029000 08:05 2231673                    /usr/lib/x86_64-linux-gnu/libglapi.so.0.0.0
7fd274cd2000-7fd274cd6000 r--p 00028000 08:05 2231673                    /usr/lib/x86_64-linux-gnu/libglapi.so.0.0.0
7fd274cd6000-7fd274cd7000 rw-p 0002c000 08:05 2231673                    /usr/lib/x86_64-linux-gnu/libglapi.so.0.0.0
7fd274cd7000-7fd274cd8000 rw-p 00000000 00:00 0 
7fd274cd8000-7fd274cd9000 r-xp 00000000 08:05 2240290                    /usr/lib/x86_64-linux-gnu/libxshmfence.so.1.0.0
7fd274cd9000-7fd274ed9000 ---p 00001000 08:05 2240290                    /usr/lib/x86_64-linux-gnu/libxshmfence.so.1.0.0
7fd274ed9000-7fd274eda000 r--p 00001000 08:05 2240290                    /usr/lib/x86_64-linux-gnu/libxshmfence.so.1.0.0
7fd274eda000-7fd274edb000 rw-p 00002000 08:05 2240290                    /usr/lib/x86_64-linux-gnu/libxshmfence.so.1.0.0
7fd274edb000-7fd274ee0000 r-xp 00000000 08:05 2240268                    /usr/lib/x86_64-linux-gnu/libxcb-sync.so.1.0.0
7fd274ee0000-7fd2750e0000 ---p 00005000 08:05 2240268                    /usr/lib/x86_64-linux-gnu/libxcb-sync.so.1.0.0
7fd2750e0000-7fd2750e1000 r--p 00005000 08:05 2240268                    /usr/lib/x86_64-linux-gnu/libxcb-sync.so.1.0.0
7fd2750e1000-7fd2750e2000 rw-p 00006000 08:05 2240268                    /usr/lib/x86_64-linux-gnu/libxcb-sync.so.1.0.0
7fd2750e2000-7fd2750e4000 r-xp 00000000 08:05 2240256                    /usr/lib/x86_64-linux-gnu/libxcb-present.so.0.0.0
7fd2750e4000-7fd2752e3000 ---p 00002000 08:05 2240256                    /usr/lib/x86_64-linux-gnu/libxcb-present.so.0.0.0
7fd2752e3000-7fd2752e4000 r--p 00001000 08:05 2240256                    /usr/lib/x86_64-linux-gnu/libxcb-present.so.0.0.0
7fd2752e4000-7fd2752e5000 rw-p 00002000 08:05 2240256                    /usr/lib/x86_64-linux-gnu/libxcb-present.so.0.0.0
7fd2752e5000-7fd2752e7000 r-xp 00000000 08:05 2240246                    /usr/lib/x86_64-linux-gnu/libxcb-dri3.so.0.0.0
7fd2752e7000-7fd2754e6000 ---p 00002000 08:05 2240246                    /usr/lib/x86_64-linux-gnu/libxcb-dri3.so.0.0.0
7fd2754e6000-7fd2754e7000 r--p 00001000 08:05 2240246                    /usr/lib/x86_64-linux-gnu/libxcb-dri3.so.0.0.0
7fd2754e7000-7fd2754e8000 rw-p 00002000 08:05 2240246                    /usr/lib/x86_64-linux-gnu/libxcb-dri3.so.0.0.0
7fd2754e8000-7fd27555a000 r-xp 00000000 08:05 398742                     /lib/x86_64-linux-gnu/libpcre.so.3.13.3
7fd27555a000-7fd275759000 ---p 00072000 08:05 398742                     /lib/x86_64-linux-gnu/libpcre.so.3.13.3
7fd275759000-7fd27575a000 r--p 00071000 08:05 398742                     /lib/x86_64-linux-gnu/libpcre.so.3.13.3
7fd27575a000-7fd27575b000 rw-p 00072000 08:05 398742                     /lib/x86_64-linux-gnu/libpcre.so.3.13.3
7fd27575b000-7fd275762000 r-xp 00000000 08:05 2239141                    /usr/lib/x86_64-linux-gnu/libffi.so.6.0.4
7fd275762000-7fd275961000 ---p 00007000 08:05 2239141                    /usr/lib/x86_64-linux-gnu/libffi.so.6.0.4
7fd275961000-7fd275962000 r--p 00006000 08:05 2239141                    /usr/lib/x86_64-linux-gnu/libffi.so.6.0.4
7fd275962000-7fd275963000 rw-p 00007000 08:05 2239141                    /usr/lib/x86_64-linux-gnu/libffi.so.6.0.4
7fd275963000-7fd27598a000 r-xp 00000000 08:05 398647                     /lib/x86_64-linux-gnu/libexpat.so.1.6.2
7fd27598a000-7fd275b8a000 ---p 00027000 08:05 398647                     /lib/x86_64-linux-gnu/libexpat.so.1.6.2
7fd275b8a000-7fd275b8c000 r--p 00027000 08:05 398647                     /lib/x86_64-linux-gnu/libexpat.so.1.6.2
7fd275b8c000-7fd275b8d000 rw-p 00029000 08:05 398647                     /lib/x86_64-linux-gnu/libexpat.so.1.6.2
7fd275b8d000-7fd275b95000 r-xp 00000000 08:05 2240000                    /usr/lib/x86_64-linux-gnu/libthai.so.0.3.0
7fd275b95000-7fd275d94000 ---p 00008000 08:05 2240000                    /usr/lib/x86_64-linux-gnu/libthai.so.0.3.0
7fd275d94000-7fd275d95000 r--p 00007000 08:05 2240000                    /usr/lib/x86_64-linux-gnu/libthai.so.0.3.0
7fd275d95000-7fd275d96000 rw-p 00008000 08:05 2240000                    /usr/lib/x86_64-linux-gnu/libthai.so.0.3.0
7fd275d96000-7fd275db7000 r-xp 00000000 08:05 2240278                    /usr/lib/x86_64-linux-gnu/libxcb.so.1.1.0
7fd275db7000-7fd275fb6000 ---p 00021000 08:05 2240278                    /usr/lib/x86_64-linux-gnu/libxcb.so.1.1.0
7fd275fb6000-7fd275fb7000 r--p 00020000 08:05 2240278                    /usr/lib/x86_64-linux-gnu/libxcb.so.1.1.0
7fd275fb7000-7fd275fb8000 rw-p 00021000 08:05 2240278                    /usr/lib/x86_64-linux-gnu/libxcb.so.1.1.0
7fd275fb8000-7fd275fc0000 r-xp 00000000 08:05 2240262                    /usr/lib/x86_64-linux-gnu/libxcb-render.so.0.0.0
7fd275fc0000-7fd2761c0000 ---p 00008000 08:05 2240262                    /usr/lib/x86_64-linux-gnu/libxcb-render.so.0.0.0
7fd2761c0000-7fd2761c1000 r--p 00008000 08:05 2240262                    /usr/lib/x86_64-linux-gnu/libxcb-render.so.0.0.0
7fd2761c1000-7fd2761c2000 rw-p 00009000 08:05 2240262                    /usr/lib/x86_64-linux-gnu/libxcb-render.so.0.0.0
7fd2761c2000-7fd2761c4000 r-xp 00000000 08:05 2240266                    /usr/lib/x86_64-linux-gnu/libxcb-shm.so.0.0.0
7fd2761c4000-7fd2763c4000 ---p 00002000 08:05 2240266                    /usr/lib/x86_64-linux-gnu/libxcb-shm.so.0.0.0
7fd2763c4000-7fd2763c5000 r--p 00002000 08:05 2240266                    /usr/lib/x86_64-linux-gnu/libxcb-shm.so.0.0.0
7fd2763c5000-7fd2763c6000 rw-p 00003000 08:05 2240266                    /usr/lib/x86_64-linux-gnu/libxcb-shm.so.0.0.0
7fd2763c6000-7fd2763f7000 r-xp 00000000 08:05 2239791                    /usr/lib/x86_64-linux-gnu/libpng16.so.16.25.0
7fd2763f7000-7fd2765f6000 ---p 00031000 08:05 2239791                    /usr/lib/x86_64-linux-gnu/libpng16.so.16.25.0
7fd2765f6000-7fd2765f7000 r--p 00030000 08:05 2239791                    /usr/lib/x86_64-linux-gnu/libpng16.so.16.25.0
7fd2765f7000-7fd2765f8000 rw-p 00031000 08:05 2239791                    /usr/lib/x86_64-linux-gnu/libpng16.so.16.25.0
7fd2765f8000-7fd276697000 r-xp 00000000 08:05 2239783                    /usr/lib/x86_64-linux-gnu/libpixman-1.so.0.33.6
7fd276697000-7fd276897000 ---p 0009f000 08:05 2239783                    /usr/lib/x86_64-linux-gnu/libpixman-1.so.0.33.6
7fd276897000-7fd27689f000 r--p 0009f000 08:05 2239783                    /usr/lib/x86_64-linux-gnu/libpixman-1.so.0.33.6
7fd27689f000-7fd2768a0000 rw-p 000a7000 08:05 2239783                    /usr/lib/x86_64-linux-gnu/libpixman-1.so.0.33.6
7fd2768a0000-7fd27691e000 r-xp 00000000 08:05 2239412                    /usr/lib/x86_64-linux-gnu/libharfbuzz.so.0.10200.7
7fd27691e000-7fd276b1e000 ---p 0007e000 08:05 2239412                    /usr/lib/x86_64-linux-gnu/libharfbuzz.so.0.10200.7
7fd276b1e000-7fd276b1f000 r--p 0007e000 08:05 2239412                    /usr/lib/x86_64-linux-gnu/libharfbuzz.so.0.10200.7
7fd276b1f000-7fd276b20000 rw-p 0007f000 08:05 2239412                    /usr/lib/x86_64-linux-gnu/libharfbuzz.so.0.10200.7
7fd276b20000-7fd276b66000 r-xp 00000000 08:05 398122                     /lib/x86_64-linux-gnu/libmount.so.1.1.0
7fd276b66000-7fd276d65000 ---p 00046000 08:05 398122                     /lib/x86_64-linux-gnu/libmount.so.1.1.0
7fd276d65000-7fd276d66000 r--p 00045000 08:05 398122                     /lib/x86_64-linux-gnu/libmount.so.1.1.0
7fd276d66000-7fd276d67000 rw-p 00046000 08:05 398122                     /lib/x86_64-linux-gnu/libmount.so.1.1.0
7fd276d67000-7fd276d68000 rw-p 00000000 00:00 0 
7fd276d68000-7fd276d7f000 r-xp 00000000 08:05 409762                     /lib/x86_64-linux-gnu/libresolv-2.24.so
7fd276d7f000-7fd276f7f000 ---p 00017000 08:05 409762                     /lib/x86_64-linux-gnu/libresolv-2.24.so
7fd276f7f000-7fd276f80000 r--p 00017000 08:05 409762                     /lib/x86_64-linux-gnu/libresolv-2.24.so
7fd276f80000-7fd276f81000 rw-p 00018000 08:05 409762                     /lib/x86_64-linux-gnu/libresolv-2.24.so
7fd276f81000-7fd276f83000 rw-p 00000000 00:00 0 
7fd276f83000-7fd276fa6000 r-xp 00000000 08:05 398769                     /lib/x86_64-linux-gnu/libselinux.so.1
7fd276fa6000-7fd2771a5000 ---p 00023000 08:05 398769                     /lib/x86_64-linux-gnu/libselinux.so.1
7fd2771a5000-7fd2771a6000 r--p 00022000 08:05 398769                     /lib/x86_64-linux-gnu/libselinux.so.1
7fd2771a6000-7fd2771a7000 rw-p 00023000 08:05 398769                     /lib/x86_64-linux-gnu/libselinux.so.1
7fd2771a7000-7fd2771a9000 rw-p 00000000 00:00 0 
7fd2771a9000-7fd2771c2000 r-xp 00000000 08:05 398798                     /lib/x86_64-linux-gnu/libz.so.1.2.8
7fd2771c2000-7fd2773c1000 ---p 00019000 08:05 398798                     /lib/x86_64-linux-gnu/libz.so.1.2.8
7fd2773c1000-7fd2773c2000 r--p 00018000 08:05 398798                     /lib/x86_64-linux-gnu/libz.so.1.2.8
7fd2773c2000-7fd2773c3000 rw-p 00019000 08:05 398798                     /lib/x86_64-linux-gnu/libz.so.1.2.8
7fd2773c3000-7fd2773d4000 r-xp 00000000 08:05 2238757                    /usr/lib/x86_64-linux-gnu/libXext.so.6.4.0
7fd2773d4000-7fd2775d3000 ---p 00011000 08:05 2238757                    /usr/lib/x86_64-linux-gnu/libXext.so.6.4.0
7fd2775d3000-7fd2775d4000 r--p 00010000 08:05 2238757                    /usr/lib/x86_64-linux-gnu/libXext.so.6.4.0
7fd2775d4000-7fd2775d5000 rw-p 00011000 08:05 2238757                    /usr/lib/x86_64-linux-gnu/libXext.so.6.4.0
7fd2775d5000-7fd2775d7000 r-xp 00000000 08:05 2238753                    /usr/lib/x86_64-linux-gnu/libXdamage.so.1.1.0
7fd2775d7000-7fd2777d6000 ---p 00002000 08:05 2238753                    /usr/lib/x86_64-linux-gnu/libXdamage.so.1.1.0
7fd2777d6000-7fd2777d7000 r--p 00001000 08:05 2238753                    /usr/lib/x86_64-linux-gnu/libXdamage.so.1.1.0
7fd2777d7000-7fd2777d8000 rw-p 00002000 08:05 2238753                    /usr/lib/x86_64-linux-gnu/libXdamage.so.1.1.0
7fd2777d8000-7fd2777da000 r-xp 00000000 08:05 2238749                    /usr/lib/x86_64-linux-gnu/libXcomposite.so.1.0.0
7fd2777da000-7fd2779d9000 ---p 00002000 08:05 2238749                    /usr/lib/x86_64-linux-gnu/libXcomposite.so.1.0.0
7fd2779d9000-7fd2779da000 r--p 00001000 08:05 2238749                    /usr/lib/x86_64-linux-gnu/libXcomposite.so.1.0.0
7fd2779da000-7fd2779db000 rw-p 00002000 08:05 2238749                    /usr/lib/x86_64-linux-gnu/libXcomposite.so.1.0.0
7fd2779db000-7fd2779e4000 r-xp 00000000 08:05 2238751                    /usr/lib/x86_64-linux-gnu/libXcursor.so.1.0.2
7fd2779e4000-7fd277be3000 ---p 00009000 08:05 2238751                    /usr/lib/x86_64-linux-gnu/libXcursor.so.1.0.2
7fd277be3000-7fd277be4000 r--p 00008000 08:05 2238751                    /usr/lib/x86_64-linux-gnu/libXcursor.so.1.0.2
7fd277be4000-7fd277be5000 rw-p 00009000 08:05 2238751                    /usr/lib/x86_64-linux-gnu/libXcursor.so.1.0.2
7fd277be5000-7fd277bef000 r-xp 00000000 08:05 2238775                    /usr/lib/x86_64-linux-gnu/libXrandr.so.2.2.0
7fd277bef000-7fd277dee000 ---p 0000a000 08:05 2238775                    /usr/lib/x86_64-linux-gnu/libXrandr.so.2.2.0
7fd277dee000-7fd277def000 r--p 00009000 08:05 2238775                    /usr/lib/x86_64-linux-gnu/libXrandr.so.2.2.0
7fd277def000-7fd277df0000 rw-p 0000a000 08:05 2238775                    /usr/lib/x86_64-linux-gnu/libXrandr.so.2.2.0
7fd277df0000-7fd277dff000 r-xp 00000000 08:05 2238765                    /usr/lib/x86_64-linux-gnu/libXi.so.6.1.0
7fd277dff000-7fd277ffe000 ---p 0000f000 08:05 2238765                    /usr/lib/x86_64-linux-gnu/libXi.so.6.1.0
7fd277ffe000-7fd277fff000 r--p 0000e000 08:05 2238765                    /usr/lib/x86_64-linux-gnu/libXi.so.6.1.0
7fd277fff000-7fd278000000 rw-p 0000f000 08:05 2238765                    /usr/lib/x86_64-linux-gnu/libXi.so.6.1.0
7fd278000000-7fd279e6b000 rw-p 00000000 00:00 0 
7fd279e6b000-7fd27c000000 ---p 00000000 00:00 0 
7fd27c000000-7fd27c001000 rw-s 00000000 00:05 52174                      /drm mm object (deleted)
7fd27c001000-7fd27c002000 r--s 00000000 08:05 279276                     /var/cache/fontconfig/0d8c3b2ac0904cb8a57a757ad11a4a08-le64.cache-6
7fd27c002000-7fd27c006000 r--s 00000000 08:05 279283                     /var/cache/fontconfig/385c0604a188198f04d133e54aba7fe7-le64.cache-6
7fd27c006000-7fd27c009000 ---p 00000000 00:00 0 
7fd27c009000-7fd27c107000 rw-p 00000000 00:00 0 
7fd27c107000-7fd27c152000 r--p 00000000 08:05 917522                     /usr/share/glib-2.0/schemas/gschemas.compiled
7fd27c152000-7fd27c1d4000 r-xp 00000000 08:05 398147                     /lib/x86_64-linux-gnu/libsystemd.so.0.16.0
7fd27c1d4000-7fd27c1d7000 r--p 00081000 08:05 398147                     /lib/x86_64-linux-gnu/libsystemd.so.0.16.0
7fd27c1d7000-7fd27c1d8000 rw-p 00084000 08:05 398147                     /lib/x86_64-linux-gnu/libsystemd.so.0.16.0
7fd27c1d8000-7fd27c1d9000 rw-p 00000000 00:00 0 
7fd27c1d9000-7fd27c1db000 r-xp 00000000 08:05 2238767                    /usr/lib/x86_64-linux-gnu/libXinerama.so.1.0.0
7fd27c1db000-7fd27c3da000 ---p 00002000 08:05 2238767                    /usr/lib/x86_64-linux-gnu/libXinerama.so.1.0.0
7fd27c3da000-7fd27c3db000 r--p 00001000 08:05 2238767                    /usr/lib/x86_64-linux-gnu/libXinerama.so.1.0.0
7fd27c3db000-7fd27c3dc000 rw-p 00002000 08:05 2238767                    /usr/lib/x86_64-linux-gnu/libXinerama.so.1.0.0
7fd27c3dc000-7fd27c3e5000 r-xp 00000000 08:05 2238777                    /usr/lib/x86_64-linux-gnu/libXrender.so.1.3.0
7fd27c3e5000-7fd27c5e4000 ---p 00009000 08:05 2238777                    /usr/lib/x86_64-linux-gnu/libXrender.so.1.3.0
7fd27c5e4000-7fd27c5e5000 r--p 00008000 08:05 2238777                    /usr/lib/x86_64-linux-gnu/libXrender.so.1.3.0
7fd27c5e5000-7fd27c5e6000 rw-p 00009000 08:05 2238777                    /usr/lib/x86_64-linux-gnu/libXrender.so.1.3.0
7fd27c5e6000-7fd27c5eb000 r-xp 00000000 08:05 2238759                    /usr/lib/x86_64-linux-gnu/libXfixes.so.3.1.0
7fd27c5eb000-7fd27c7ea000 ---p 00005000 08:05 2238759                    /usr/lib/x86_64-linux-gnu/libXfixes.so.3.1.0
7fd27c7ea000-7fd27c7eb000 r--p 00004000 08:05 2238759                    /usr/lib/x86_64-linux-gnu/libXfixes.so.3.1.0
7fd27c7eb000-7fd27c7ec000 rw-p 00005000 08:05 2238759                    /usr/lib/x86_64-linux-gnu/libXfixes.so.3.1.0
7fd27c7ec000-7fd27c802000 r-xp 00000000 08:05 398654                     /lib/x86_64-linux-gnu/libgcc_s.so.1
7fd27c802000-7fd27ca01000 ---p 00016000 08:05 398654                     /lib/x86_64-linux-gnu/libgcc_s.so.1
7fd27ca01000-7fd27ca02000 r--p 00015000 08:05 398654                     /lib/x86_64-linux-gnu/libgcc_s.so.1
7fd27ca02000-7fd27ca03000 rw-p 00016000 08:05 398654                     /lib/x86_64-linux-gnu/libgcc_s.so.1
7fd27ca03000-7fd27cb7b000 r-xp 00000000 08:05 2239972                    /usr/lib/x86_64-linux-gnu/libstdc++.so.6.0.22
7fd27cb7b000-7fd27cd7b000 ---p 00178000 08:05 2239972                    /usr/lib/x86_64-linux-gnu/libstdc++.so.6.0.22
7fd27cd7b000-7fd27cd85000 r--p 00178000 08:05 2239972                    /usr/lib/x86_64-linux-gnu/libstdc++.so.6.0.22
7fd27cd85000-7fd27cd87000 rw-p 00182000 08:05 2239972                    /usr/lib/x86_64-linux-gnu/libstdc++.so.6.0.22
7fd27cd87000-7fd27cd8b000 rw-p 00000000 00:00 0 
7fd27cd8b000-7fd27cdfb000 r-xp 00000000 08:05 133030                     /usr/lib/x86_64-linux-gnu/mesa/libGL.so.1.2.0
7fd27cdfb000-7fd27cffa000 ---p 00070000 08:05 133030                     /usr/lib/x86_64-linux-gnu/mesa/libGL.so.1.2.0
7fd27cffa000-7fd27cffd000 r--p 0006f000 08:05 133030                     /usr/lib/x86_64-linux-gnu/mesa/libGL.so.1.2.0
7fd27cffd000-7fd27cffe000 rw-p 00072000 08:05 133030                     /usr/lib/x86_64-linux-gnu/mesa/libGL.so.1.2.0
7fd27cffe000-7fd27cfff000 rw-p 00000000 00:00 0 
7fd27cfff000-7fd27d004000 r-xp 00000000 08:05 2238793                    /usr/lib/x86_64-linux-gnu/libXxf86vm.so.1.0.0
7fd27d004000-7fd27d203000 ---p 00005000 08:05 2238793                    /usr/lib/x86_64-linux-gnu/libXxf86vm.so.1.0.0
7fd27d203000-7fd27d204000 r--p 00004000 08:05 2238793                    /usr/lib/x86_64-linux-gnu/libXxf86vm.so.1.0.0
7fd27d204000-7fd27d205000 rw-p 00005000 08:05 2238793                    /usr/lib/x86_64-linux-gnu/libXxf86vm.so.1.0.0
7fd27d205000-7fd27d33a000 r-xp 00000000 08:05 2238740                    /usr/lib/x86_64-linux-gnu/libX11.so.6.3.0
7fd27d33a000-7fd27d539000 ---p 00135000 08:05 2238740                    /usr/lib/x86_64-linux-gnu/libX11.so.6.3.0
7fd27d539000-7fd27d53a000 r--p 00134000 08:05 2238740                    /usr/lib/x86_64-linux-gnu/libX11.so.6.3.0
7fd27d53a000-7fd27d53e000 rw-p 00135000 08:05 2238740                    /usr/lib/x86_64-linux-gnu/libX11.so.6.3.0
7fd27d53e000-7fd27d543000 r-xp 00000000 08:05 2238783                    /usr/lib/x86_64-linux-gnu/libXtst.so.6.1.0
7fd27d543000-7fd27d742000 ---p 00005000 08:05 2238783                    /usr/lib/x86_64-linux-gnu/libXtst.so.6.1.0
7fd27d742000-7fd27d743000 r--p 00004000 08:05 2238783                    /usr/lib/x86_64-linux-gnu/libXtst.so.6.1.0
7fd27d743000-7fd27d744000 rw-p 00005000 08:05 2238783                    /usr/lib/x86_64-linux-gnu/libXtst.so.6.1.0
7fd27d744000-7fd27d856000 r-xp 00000000 08:05 399763                     /lib/x86_64-linux-gnu/libglib-2.0.so.0.5000.2
7fd27d856000-7fd27da55000 ---p 00112000 08:05 399763                     /lib/x86_64-linux-gnu/libglib-2.0.so.0.5000.2
7fd27da55000-7fd27da56000 r--p 00111000 08:05 399763                     /lib/x86_64-linux-gnu/libglib-2.0.so.0.5000.2
7fd27da56000-7fd27da57000 rw-p 00112000 08:05 399763                     /lib/x86_64-linux-gnu/libglib-2.0.so.0.5000.2
7fd27da57000-7fd27da58000 rw-p 00000000 00:00 0 
7fd27da58000-7fd27da59000 r-xp 00000000 08:05 2228686                    /usr/lib/x86_64-linux-gnu/libgthread-2.0.so.0.5000.2
7fd27da59000-7fd27dc58000 ---p 00001000 08:05 2228686                    /usr/lib/x86_64-linux-gnu/libgthread-2.0.so.0.5000.2
7fd27dc58000-7fd27dc59000 r--p 00000000 08:05 2228686                    /usr/lib/x86_64-linux-gnu/libgthread-2.0.so.0.5000.2
7fd27dc59000-7fd27dc5a000 rw-p 00001000 08:05 2228686                    /usr/lib/x86_64-linux-gnu/libgthread-2.0.so.0.5000.2
7fd27dc5a000-7fd27dc5d000 r-xp 00000000 08:05 2228661                    /usr/lib/x86_64-linux-gnu/libgmodule-2.0.so.0.5000.2
7fd27dc5d000-7fd27de5c000 ---p 00003000 08:05 2228661                    /usr/lib/x86_64-linux-gnu/libgmodule-2.0.so.0.5000.2
7fd27de5c000-7fd27de5d000 r--p 00002000 08:05 2228661                    /usr/lib/x86_64-linux-gnu/libgmodule-2.0.so.0.5000.2
7fd27de5d000-7fd27de5e000 rw-p 00003000 08:05 2228661                    /usr/lib/x86_64-linux-gnu/libgmodule-2.0.so.0.5000.2
7fd27de5e000-7fd27deb0000 r-xp 00000000 08:05 2228683                    /usr/lib/x86_64-linux-gnu/libgobject-2.0.so.0.5000.2
7fd27deb0000-7fd27e0af000 ---p 00052000 08:05 2228683                    /usr/lib/x86_64-linux-gnu/libgobject-2.0.so.0.5000.2
7fd27e0af000-7fd27e0b0000 r--p 00051000 08:05 2228683                    /usr/lib/x86_64-linux-gnu/libgobject-2.0.so.0.5000.2
7fd27e0b0000-7fd27e0b1000 rw-p 00052000 08:05 2228683                    /usr/lib/x86_64-linux-gnu/libgobject-2.0.so.0.5000.2
7fd27e0b1000-7fd27e0ee000 r-xp 00000000 08:05 2239159                    /usr/lib/x86_64-linux-gnu/libfontconfig.so.1.9.0
7fd27e0ee000-7fd27e2ed000 ---p 0003d000 08:05 2239159                    /usr/lib/x86_64-linux-gnu/libfontconfig.so.1.9.0
7fd27e2ed000-7fd27e2ef000 r--p 0003c000 08:05 2239159                    /usr/lib/x86_64-linux-gnu/libfontconfig.so.1.9.0
7fd27e2ef000-7fd27e2f4000 rw-p 0003e000 08:05 2239159                    /usr/lib/x86_64-linux-gnu/libfontconfig.so.1.9.0
7fd27e2f4000-7fd27e39b000 r-xp 00000000 08:05 2229706                    /usr/lib/x86_64-linux-gnu/libfreetype.so.6.12.3
7fd27e39b000-7fd27e59a000 ---p 000a7000 08:05 2229706                    /usr/lib/x86_64-linux-gnu/libfreetype.so.6.12.3
7fd27e59a000-7fd27e5a0000 r--p 000a6000 08:05 2229706                    /usr/lib/x86_64-linux-gnu/libfreetype.so.6.12.3
7fd27e5a0000-7fd27e5a1000 rw-p 000ac000 08:05 2229706                    /usr/lib/x86_64-linux-gnu/libfreetype.so.6.12.3
7fd27e5a1000-7fd27e5ea000 r-xp 00000000 08:05 2239751                    /usr/lib/x86_64-linux-gnu/libpango-1.0.so.0.4000.1
7fd27e5ea000-7fd27e7ea000 ---p 00049000 08:05 2239751                    /usr/lib/x86_64-linux-gnu/libpango-1.0.so.0.4000.1
7fd27e7ea000-7fd27e7ec000 r--p 00049000 08:05 2239751                    /usr/lib/x86_64-linux-gnu/libpango-1.0.so.0.4000.1
7fd27e7ec000-7fd27e7ed000 rw-p 0004b000 08:05 2239751                    /usr/lib/x86_64-linux-gnu/libpango-1.0.so.0.4000.1
7fd27e7ed000-7fd27e8fb000 r-xp 00000000 08:05 2238910                    /usr/lib/x86_64-linux-gnu/libcairo.so.2.11400.6
7fd27e8fb000-7fd27eafa000 ---p 0010e000 08:05 2238910                    /usr/lib/x86_64-linux-gnu/libcairo.so.2.11400.6
7fd27eafa000-7fd27eafd000 r--p 0010d000 08:05 2238910                    /usr/lib/x86_64-linux-gnu/libcairo.so.2.11400.6
7fd27eafd000-7fd27eafe000 rw-p 00110000 08:05 2238910                    /usr/lib/x86_64-linux-gnu/libcairo.so.2.11400.6
7fd27eafe000-7fd27eb00000 rw-p 00000000 00:00 0 
7fd27eb00000-7fd27eb0c000 r-xp 00000000 08:05 2239753                    /usr/lib/x86_64-linux-gnu/libpangocairo-1.0.so.0.4000.1
7fd27eb0c000-7fd27ed0b000 ---p 0000c000 08:05 2239753                    /usr/lib/x86_64-linux-gnu/libpangocairo-1.0.so.0.4000.1
7fd27ed0b000-7fd27ed0c000 r--p 0000b000 08:05 2239753                    /usr/lib/x86_64-linux-gnu/libpangocairo-1.0.so.0.4000.1
7fd27ed0c000-7fd27ed0d000 rw-p 0000c000 08:05 2239753                    /usr/lib/x86_64-linux-gnu/libpangocairo-1.0.so.0.4000.1
7fd27ed0d000-7fd27ed2e000 r-xp 00000000 08:05 2239234                    /usr/lib/x86_64-linux-gnu/libgdk_pixbuf-2.0.so.0.3400.0
7fd27ed2e000-7fd27ef2d000 ---p 00021000 08:05 2239234                    /usr/lib/x86_64-linux-gnu/libgdk_pixbuf-2.0.so.0.3400.0
7fd27ef2d000-7fd27ef2e000 r--p 00020000 08:05 2239234                    /usr/lib/x86_64-linux-gnu/libgdk_pixbuf-2.0.so.0.3400.0
7fd27ef2e000-7fd27ef2f000 rw-p 00021000 08:05 2239234                    /usr/lib/x86_64-linux-gnu/libgdk_pixbuf-2.0.so.0.3400.0
7fd27ef2f000-7fd27ef43000 r-xp 00000000 08:05 2239755                    /usr/lib/x86_64-linux-gnu/libpangoft2-1.0.so.0.4000.1
7fd27ef43000-7fd27f143000 ---p 00014000 08:05 2239755                    /usr/lib/x86_64-linux-gnu/libpangoft2-1.0.so.0.4000.1
7fd27f143000-7fd27f144000 r--p 00014000 08:05 2239755                    /usr/lib/x86_64-linux-gnu/libpangoft2-1.0.so.0.4000.1
7fd27f144000-7fd27f145000 rw-p 00015000 08:05 2239755                    /usr/lib/x86_64-linux-gnu/libpangoft2-1.0.so.0.4000.1
7fd27f145000-7fd27f2d2000 r-xp 00000000 08:05 2228637                    /usr/lib/x86_64-linux-gnu/libgio-2.0.so.0.5000.2
7fd27f2d2000-7fd27f4d1000 ---p 0018d000 08:05 2228637                    /usr/lib/x86_64-linux-gnu/libgio-2.0.so.0.5000.2
7fd27f4d1000-7fd27f4d6000 r--p 0018c000 08:05 2228637                    /usr/lib/x86_64-linux-gnu/libgio-2.0.so.0.5000.2
7fd27f4d6000-7fd27f4d9000 rw-p 00191000 08:05 2228637                    /usr/lib/x86_64-linux-gnu/libgio-2.0.so.0.5000.2
7fd27f4d9000-7fd27f4da000 rw-p 00000000 00:00 0 
7fd27f4da000-7fd27f4fc000 r-xp 00000000 08:05 2238844                    /usr/lib/x86_64-linux-gnu/libatk-1.0.so.0.22009.1
7fd27f4fc000-7fd27f6fb000 ---p 00022000 08:05 2238844                    /usr/lib/x86_64-linux-gnu/libatk-1.0.so.0.22009.1
7fd27f6fb000-7fd27f6fe000 r--p 00021000 08:05 2238844                    /usr/lib/x86_64-linux-gnu/libatk-1.0.so.0.22009.1
7fd27f6fe000-7fd27f6ff000 rw-p 00024000 08:05 2238844                    /usr/lib/x86_64-linux-gnu/libatk-1.0.so.0.22009.1
7fd27f6ff000-7fd27f7af000 r-xp 00000000 08:05 2234326                    /usr/lib/x86_64-linux-gnu/libgdk-x11-2.0.so.0.2400.30
7fd27f7af000-7fd27f9ae000 ---p 000b0000 08:05 2234326                    /usr/lib/x86_64-linux-gnu/libgdk-x11-2.0.so.0.2400.30
7fd27f9ae000-7fd27f9b2000 r--p 000af000 08:05 2234326                    /usr/lib/x86_64-linux-gnu/libgdk-x11-2.0.so.0.2400.30
7fd27f9b2000-7fd27f9b4000 rw-p 000b3000 08:05 2234326                    /usr/lib/x86_64-linux-gnu/libgdk-x11-2.0.so.0.2400.30
7fd27f9b4000-7fd27fdf2000 r-xp 00000000 08:05 2234327                    /usr/lib/x86_64-linux-gnu/libgtk-x11-2.0.so.0.2400.30
7fd27fdf2000-7fd27fff2000 ---p 0043e000 08:05 2234327                    /usr/lib/x86_64-linux-gnu/libgtk-x11-2.0.so.0.2400.30
7fd27fff2000-7fd27fff9000 r--p 0043e000 08:05 2234327                    /usr/lib/x86_64-linux-gnu/libgtk-x11-2.0.so.0.2400.30
7fd27fff9000-7fd27fffd000 rw-p 00445000 08:05 2234327                    /usr/lib/x86_64-linux-gnu/libgtk-x11-2.0.so.0.2400.30
7fd27fffd000-7fd280000000 rw-p 00000000 00:00 0 
7fd280000000-7fd2802b4000 rw-p 00000000 00:00 0 
7fd2802b4000-7fd284000000 ---p 00000000 00:00 0 
7fd284000000-7fd284105000 rw-p 00000000 00:00 0 
7fd284105000-7fd288000000 ---p 00000000 00:00 0 
7fd288000000-7fd288021000 rw-p 00000000 00:00 0 
7fd288021000-7fd28c000000 ---p 00000000 00:00 0 
7fd28c000000-7fd28c021000 rw-p 00000000 00:00 0 
7fd28c021000-7fd290000000 ---p 00000000 00:00 0 
7fd290000000-7fd29007c000 rw-p 00000000 00:00 0 
7fd29007c000-7fd294000000 ---p 00000000 00:00 0 
7fd294000000-7fd294205000 rw-p 00000000 00:00 0 
7fd294205000-7fd298000000 ---p 00000000 00:00 0 
7fd298000000-7fd298021000 rw-p 00000000 00:00 0 
7fd298021000-7fd29c000000 ---p 00000000 00:00 0 
7fd29c000000-7fd29c1f7000 rw-p 00000000 00:00 0 
7fd29c1f7000-7fd2a0000000 ---p 00000000 00:00 0 
7fd2a0000000-7fd2a0021000 rw-p 00000000 00:00 0 
7fd2a0021000-7fd2a4000000 ---p 00000000 00:00 0 
7fd2a4000000-7fd2a4021000 rw-p 00000000 00:00 0 
7fd2a4021000-7fd2a8000000 ---p 00000000 00:00 0 
7fd2a8000000-7fd2a8021000 rw-p 00000000 00:00 0 
7fd2a8021000-7fd2ac000000 ---p 00000000 00:00 0 
7fd2ac000000-7fd2ac021000 rw-p 00000000 00:00 0 
7fd2ac021000-7fd2b0000000 ---p 00000000 00:00 0 
7fd2b0000000-7fd2b0001000 r--s 00000000 08:05 279278                     /var/cache/fontconfig/1ac9eb803944fde146138c791f5cc56a-le64.cache-6
7fd2b0001000-7fd2b0002000 r--s 00000000 08:05 279311                     /var/cache/fontconfig/dc05db6664285cc2f12bf69c139ae4c3-le64.cache-6
7fd2b0002000-7fd2b0005000 r--s 00000000 08:05 279294                     /var/cache/fontconfig/767a8244fc0220cfb567a839d0392e0b-le64.cache-6
7fd2b0005000-7fd2b000b000 r--s 00000000 08:05 279280                     /var/cache/fontconfig/3047814df9a2f067bd2d96a2b9c36e5a-le64.cache-6
7fd2b000b000-7fd2b0011000 r--s 00000000 08:05 279302                     /var/cache/fontconfig/b47c4e1ecd0709278f4910c18777a504-le64.cache-6
7fd2b0011000-7fd2b0024000 r--s 00000000 08:05 279308                     /var/cache/fontconfig/d52a8644073d54c13679302ca1180695-le64.cache-6
7fd2b0024000-7fd2b0036000 r--s 00000000 08:05 279300                     /var/cache/fontconfig/9b89f8e3dae116d678bbf48e5f21f69b-le64.cache-6
7fd2b0036000-7fd2b0054000 r-xp 00000000 08:05 398393                     /lib/x86_64-linux-gnu/libudev.so.1.6.5
7fd2b0054000-7fd2b0055000 ---p 0001e000 08:05 398393                     /lib/x86_64-linux-gnu/libudev.so.1.6.5
7fd2b0055000-7fd2b0056000 r--p 0001e000 08:05 398393                     /lib/x86_64-linux-gnu/libudev.so.1.6.5
7fd2b0056000-7fd2b0057000 rw-p 0001f000 08:05 398393                     /lib/x86_64-linux-gnu/libudev.so.1.6.5
7fd2b0057000-7fd2b005c000 r--s 00000000 08:05 279297                     /var/cache/fontconfig/8801497958630a81b71ace7c5f9b32a8-le64.cache-6
7fd2b005c000-7fd2b0067000 r--s 00000000 08:05 279296                     /var/cache/fontconfig/83bf95040141907cd45bb53cf7c1c148-le64.cache-6
7fd2b0067000-7fd2b0074000 r--s 00000000 08:05 282756                     /var/cache/fontconfig/e13b20fdb08344e0e664864cc2ede53d-le64.cache-6
7fd2b0074000-7fd2b0080000 r-xp 00000000 08:05 2243337                    /usr/lib/jvm/java-8-oracle/jre/lib/amd64/libprism_es2.so
7fd2b0080000-7fd2b027f000 ---p 0000c000 08:05 2243337                    /usr/lib/jvm/java-8-oracle/jre/lib/amd64/libprism_es2.so
7fd2b027f000-7fd2b0280000 rw-p 0000b000 08:05 2243337                    /usr/lib/jvm/java-8-oracle/jre/lib/amd64/libprism_es2.so
7fd2b0280000-7fd2b4000000 rw-p 00000000 00:00 0 
7fd2b4000000-7fd2b4021000 rw-p 00000000 00:00 0 
7fd2b4021000-7fd2b8000000 ---p 00000000 00:00 0 
7fd2b8000000-7fd2b8021000 rw-p 00000000 00:00 0 
7fd2b8021000-7fd2bc000000 ---p 00000000 00:00 0 
7fd2bc000000-7fd2bc021000 rw-p 00000000 00:00 0 
7fd2bc021000-7fd2c0000000 ---p 00000000 00:00 0 
7fd2c0000000-7fd2c0001000 r--s 00000000 08:05 276021                     /var/cache/fontconfig/4794a0821666d79190d59a36cb4f44b5-le64.cache-6
7fd2c0001000-7fd2c0002000 r--s 00000000 08:05 279274                     /var/cache/fontconfig/0bd3dc0958fa2205aaaa8ebb13e2872b-le64.cache-6
7fd2c0002000-7fd2c0003000 r--s 00000000 08:05 279304                     /var/cache/fontconfig/bab58bb527bb656aaa9f116d68a48d89-le64.cache-6
7fd2c0003000-7fd2c0004000 r--s 00000000 08:05 279288                     /var/cache/fontconfig/56cf4f4769d0f4abc89a4895d7bd3ae1-le64.cache-6
7fd2c0004000-7fd2c0005000 r--s 00000000 08:05 279303                     /var/cache/fontconfig/b9d506c9ac06c20b433354fa67a72993-le64.cache-6
7fd2c0005000-7fd2c0006000 r--s 00000000 08:05 279287                     /var/cache/fontconfig/551ecf3b0e8b0bca0f25c0944f561853-le64.cache-6
7fd2c0006000-7fd2c0009000 ---p 00000000 00:00 0 
7fd2c0009000-7fd2c0107000 rw-p 00000000 00:00 0 
7fd2c0107000-7fd2c010a000 ---p 00000000 00:00 0 
7fd2c010a000-7fd2c0208000 rw-p 00000000 00:00 0 
7fd2c0208000-7fd2c020b000 ---p 00000000 00:00 0 
7fd2c020b000-7fd2c0309000 rw-p 00000000 00:00 0 
7fd2c0309000-7fd2c039e000 r--s 01109000 08:05 2243401                    /usr/lib/jvm/java-8-oracle/jre/lib/ext/jfxrt.jar
7fd2c039e000-7fd2c039f000 ---p 00000000 00:00 0 
7fd2c039f000-7fd2c049f000 rw-p 00000000 00:00 0 
7fd2c049f000-7fd2c04a2000 ---p 00000000 00:00 0 
7fd2c04a2000-7fd2c05a0000 rw-p 00000000 00:00 0 
7fd2c05a0000-7fd2c05a3000 ---p 00000000 00:00 0 
7fd2c05a3000-7fd2c06a1000 rw-p 00000000 00:00 0 
7fd2c06a1000-7fd2c06a4000 ---p 00000000 00:00 0 
7fd2c06a4000-7fd2c07a2000 rw-p 00000000 00:00 0 
7fd2c07a2000-7fd2c07a5000 ---p 00000000 00:00 0 
7fd2c07a5000-7fd2c08a3000 rw-p 00000000 00:00 0 
7fd2c08a3000-7fd2c08a6000 ---p 00000000 00:00 0 
7fd2c08a6000-7fd2c09a4000 rw-p 00000000 00:00 0 
7fd2c09a4000-7fd2c0dfe000 r--p 00000000 08:05 2229872                    /usr/lib/locale/locale-archive
7fd2c0dfe000-7fd2c0e01000 ---p 00000000 00:00 0 
7fd2c0e01000-7fd2c0eff000 rw-p 00000000 00:00 0 
7fd2c0eff000-7fd2c0f02000 ---p 00000000 00:00 0 
7fd2c0f02000-7fd2c1000000 rw-p 00000000 00:00 0 
7fd2c1000000-7fd2c1420000 rwxp 00000000 00:00 0 
7fd2c1420000-7fd2d0000000 ---p 00000000 00:00 0 
7fd2d0000000-7fd2d0181000 rw-p 00000000 00:00 0 
7fd2d0181000-7fd2d4000000 ---p 00000000 00:00 0 
7fd2d4000000-7fd2d4001000 r--s 00000000 08:05 279284                     /var/cache/fontconfig/3f7329c5293ffd510edef78f73874cfd-le64.cache-6
7fd2d4001000-7fd2d4005000 r--s 00000000 08:05 279309                     /var/cache/fontconfig/d589a48862398ed80a3d6066f4f56f4c-le64.cache-6
7fd2d4005000-7fd2d4006000 r--s 00000000 08:05 279281                     /var/cache/fontconfig/30829fa25452a46451e813d634d7f916-le64.cache-6
7fd2d4006000-7fd2d400a000 r--s 00000000 08:05 276027                     /var/cache/fontconfig/7ef2298fde41cc6eeb7af42e48b7d293-le64.cache-6
7fd2d400a000-7fd2d4012000 rw-s 00000000 00:05 52184                      /drm mm object (deleted)
7fd2d4012000-7fd2d4013000 ---p 00000000 00:00 0 
7fd2d4013000-7fd2d50f5000 rw-p 00000000 00:00 0 
7fd2d50f5000-7fd2d52ce000 r--s 03d3e000 08:05 2243317                    /usr/lib/jvm/java-8-oracle/jre/lib/rt.jar
7fd2d52ce000-7fd2d5f1c000 rw-p 00000000 00:00 0 
7fd2d5f1c000-7fd2d5f1d000 ---p 00000000 00:00 0 
7fd2d5f1d000-7fd2d601d000 rw-p 00000000 00:00 0 
7fd2d601d000-7fd2d601e000 ---p 00000000 00:00 0 
7fd2d601e000-7fd2d611e000 rw-p 00000000 00:00 0 
7fd2d611e000-7fd2d611f000 ---p 00000000 00:00 0 
7fd2d611f000-7fd2d621f000 rw-p 00000000 00:00 0 
7fd2d621f000-7fd2d6220000 ---p 00000000 00:00 0 
7fd2d6220000-7fd2d634a000 rw-p 00000000 00:00 0 
7fd2d634a000-7fd2d65b0000 ---p 00000000 00:00 0 
7fd2d65b0000-7fd2d65da000 rw-p 00000000 00:00 0 
7fd2d65da000-7fd2d6840000 ---p 00000000 00:00 0 
7fd2d6840000-7fd2d6855000 rw-p 00000000 00:00 0 
7fd2d6855000-7fd2d6988000 ---p 00000000 00:00 0 
7fd2d6988000-7fd2d699a000 rw-p 00000000 00:00 0 
7fd2d699a000-7fd2d6d49000 ---p 00000000 00:00 0 
7fd2d6d49000-7fd2d6d63000 r-xp 00000000 08:05 2243348                    /usr/lib/jvm/java-8-oracle/jre/lib/amd64/libzip.so
7fd2d6d63000-7fd2d6f63000 ---p 0001a000 08:05 2243348                    /usr/lib/jvm/java-8-oracle/jre/lib/amd64/libzip.so
7fd2d6f63000-7fd2d6f64000 rw-p 0001a000 08:05 2243348                    /usr/lib/jvm/java-8-oracle/jre/lib/amd64/libzip.so
7fd2d6f64000-7fd2d6f6f000 r-xp 00000000 08:05 409756                     /lib/x86_64-linux-gnu/libnss_files-2.24.so
7fd2d6f6f000-7fd2d716e000 ---p 0000b000 08:05 409756                     /lib/x86_64-linux-gnu/libnss_files-2.24.so
7fd2d716e000-7fd2d716f000 r--p 0000a000 08:05 409756                     /lib/x86_64-linux-gnu/libnss_files-2.24.so
7fd2d716f000-7fd2d7170000 rw-p 0000b000 08:05 409756                     /lib/x86_64-linux-gnu/libnss_files-2.24.so
7fd2d7170000-7fd2d7176000 rw-p 00000000 00:00 0 
7fd2d7176000-7fd2d7181000 r-xp 00000000 08:05 409758                     /lib/x86_64-linux-gnu/libnss_nis-2.24.so
7fd2d7181000-7fd2d7380000 ---p 0000b000 08:05 409758                     /lib/x86_64-linux-gnu/libnss_nis-2.24.so
7fd2d7380000-7fd2d7381000 r--p 0000a000 08:05 409758                     /lib/x86_64-linux-gnu/libnss_nis-2.24.so
7fd2d7381000-7fd2d7382000 rw-p 0000b000 08:05 409758                     /lib/x86_64-linux-gnu/libnss_nis-2.24.so
7fd2d7382000-7fd2d7398000 r-xp 00000000 08:05 409753                     /lib/x86_64-linux-gnu/libnsl-2.24.so
7fd2d7398000-7fd2d7597000 ---p 00016000 08:05 409753                     /lib/x86_64-linux-gnu/libnsl-2.24.so
7fd2d7597000-7fd2d7598000 r--p 00015000 08:05 409753                     /lib/x86_64-linux-gnu/libnsl-2.24.so
7fd2d7598000-7fd2d7599000 rw-p 00016000 08:05 409753                     /lib/x86_64-linux-gnu/libnsl-2.24.so
7fd2d7599000-7fd2d759b000 rw-p 00000000 00:00 0 
7fd2d759b000-7fd2d75a3000 r-xp 00000000 08:05 409754                     /lib/x86_64-linux-gnu/libnss_compat-2.24.so
7fd2d75a3000-7fd2d77a2000 ---p 00008000 08:05 409754                     /lib/x86_64-linux-gnu/libnss_compat-2.24.so
7fd2d77a2000-7fd2d77a3000 r--p 00007000 08:05 409754                     /lib/x86_64-linux-gnu/libnss_compat-2.24.so
7fd2d77a3000-7fd2d77a4000 rw-p 00008000 08:05 409754                     /lib/x86_64-linux-gnu/libnss_compat-2.24.so
7fd2d77a4000-7fd2d77cf000 r-xp 00000000 08:05 2243375                    /usr/lib/jvm/java-8-oracle/jre/lib/amd64/libjava.so
7fd2d77cf000-7fd2d79ce000 ---p 0002b000 08:05 2243375                    /usr/lib/jvm/java-8-oracle/jre/lib/amd64/libjava.so
7fd2d79ce000-7fd2d79d0000 rw-p 0002a000 08:05 2243375                    /usr/lib/jvm/java-8-oracle/jre/lib/amd64/libjava.so
7fd2d79d0000-7fd2d79dd000 r-xp 00000000 08:05 2243326                    /usr/lib/jvm/java-8-oracle/jre/lib/amd64/libverify.so
7fd2d79dd000-7fd2d7bdc000 ---p 0000d000 08:05 2243326                    /usr/lib/jvm/java-8-oracle/jre/lib/amd64/libverify.so
7fd2d7bdc000-7fd2d7bde000 rw-p 0000c000 08:05 2243326                    /usr/lib/jvm/java-8-oracle/jre/lib/amd64/libverify.so
7fd2d7bde000-7fd2d7be5000 r-xp 00000000 08:05 409763                     /lib/x86_64-linux-gnu/librt-2.24.so
7fd2d7be5000-7fd2d7de4000 ---p 00007000 08:05 409763                     /lib/x86_64-linux-gnu/librt-2.24.so
7fd2d7de4000-7fd2d7de5000 r--p 00006000 08:05 409763                     /lib/x86_64-linux-gnu/librt-2.24.so
7fd2d7de5000-7fd2d7de6000 rw-p 00007000 08:05 409763                     /lib/x86_64-linux-gnu/librt-2.24.so
7fd2d7de6000-7fd2d7eee000 r-xp 00000000 08:05 409750                     /lib/x86_64-linux-gnu/libm-2.24.so
7fd2d7eee000-7fd2d80ed000 ---p 00108000 08:05 409750                     /lib/x86_64-linux-gnu/libm-2.24.so
7fd2d80ed000-7fd2d80ee000 r--p 00107000 08:05 409750                     /lib/x86_64-linux-gnu/libm-2.24.so
7fd2d80ee000-7fd2d80ef000 rw-p 00108000 08:05 409750                     /lib/x86_64-linux-gnu/libm-2.24.so
7fd2d80ef000-7fd2d8dbd000 r-xp 00000000 08:05 2243379                    /usr/lib/jvm/java-8-oracle/jre/lib/amd64/server/libjvm.so
7fd2d8dbd000-7fd2d8fbd000 ---p 00cce000 08:05 2243379                    /usr/lib/jvm/java-8-oracle/jre/lib/amd64/server/libjvm.so
7fd2d8fbd000-7fd2d9096000 rw-p 00cce000 08:05 2243379                    /usr/lib/jvm/java-8-oracle/jre/lib/amd64/server/libjvm.so
7fd2d9096000-7fd2d90e1000 rw-p 00000000 00:00 0 
7fd2d90e1000-7fd2d929e000 r-xp 00000000 08:05 409746                     /lib/x86_64-linux-gnu/libc-2.24.so
7fd2d929e000-7fd2d949e000 ---p 001bd000 08:05 409746                     /lib/x86_64-linux-gnu/libc-2.24.so
7fd2d949e000-7fd2d94a2000 r--p 001bd000 08:05 409746                     /lib/x86_64-linux-gnu/libc-2.24.so
7fd2d94a2000-7fd2d94a4000 rw-p 001c1000 08:05 409746                     /lib/x86_64-linux-gnu/libc-2.24.so
7fd2d94a4000-7fd2d94a8000 rw-p 00000000 00:00 0 
7fd2d94a8000-7fd2d94ab000 r-xp 00000000 08:05 409749                     /lib/x86_64-linux-gnu/libdl-2.24.so
7fd2d94ab000-7fd2d96aa000 ---p 00003000 08:05 409749                     /lib/x86_64-linux-gnu/libdl-2.24.so
7fd2d96aa000-7fd2d96ab000 r--p 00002000 08:05 409749                     /lib/x86_64-linux-gnu/libdl-2.24.so
7fd2d96ab000-7fd2d96ac000 rw-p 00003000 08:05 409749                     /lib/x86_64-linux-gnu/libdl-2.24.so
7fd2d96ac000-7fd2d96c1000 r-xp 00000000 08:05 2242460                    /usr/lib/jvm/java-8-oracle/lib/amd64/jli/libjli.so
7fd2d96c1000-7fd2d98c1000 ---p 00015000 08:05 2242460                    /usr/lib/jvm/java-8-oracle/lib/amd64/jli/libjli.so
7fd2d98c1000-7fd2d98c2000 rw-p 00015000 08:05 2242460                    /usr/lib/jvm/java-8-oracle/lib/amd64/jli/libjli.so
7fd2d98c2000-7fd2d98da000 r-xp 00000000 08:05 409761                     /lib/x86_64-linux-gnu/libpthread-2.24.so
7fd2d98da000-7fd2d9ada000 ---p 00018000 08:05 409761                     /lib/x86_64-linux-gnu/libpthread-2.24.so
7fd2d9ada000-7fd2d9adb000 r--p 00018000 08:05 409761                     /lib/x86_64-linux-gnu/libpthread-2.24.so
7fd2d9adb000-7fd2d9adc000 rw-p 00019000 08:05 409761                     /lib/x86_64-linux-gnu/libpthread-2.24.so
7fd2d9adc000-7fd2d9ae0000 rw-p 00000000 00:00 0 
7fd2d9ae0000-7fd2d9b05000 r-xp 00000000 08:05 409742                     /lib/x86_64-linux-gnu/ld-2.24.so
7fd2d9b05000-7fd2d9b08000 r--s 00000000 08:05 279293                     /var/cache/fontconfig/75114ca45c98e8a441da0ff356701271-le64.cache-6
7fd2d9b08000-7fd2d9b10000 rw-s 00000000 00:05 52172                      /drm mm object (deleted)
7fd2d9b10000-7fd2d9b16000 r--p 00000000 08:05 538067                     /home/daan/.config/dconf/user
7fd2d9b16000-7fd2d9be1000 rw-p 00000000 00:00 0 
7fd2d9be1000-7fd2d9be4000 ---p 00000000 00:00 0 
7fd2d9be4000-7fd2d9ce4000 rw-p 00000000 00:00 0 
7fd2d9ce4000-7fd2d9ce5000 r--s 00000000 08:05 279275                     /var/cache/fontconfig/0c9eb80ebd1c36541ebe2852d3bb0c49-le64.cache-6
7fd2d9ce6000-7fd2d9ce7000 rw-s 1011ac000 00:06 325                       /dev/dri/card0
7fd2d9ce7000-7fd2d9ce8000 r--s 00000000 00:2f 54                         /run/user/1000/dconf/user
7fd2d9ce8000-7fd2d9cf0000 rw-s 00000000 00:05 52150                      /drm mm object (deleted)
7fd2d9cf0000-7fd2d9cf7000 r--s 00000000 08:05 148080                     /usr/lib/x86_64-linux-gnu/gconv/gconv-modules.cache
7fd2d9cf7000-7fd2d9cff000 rw-s 00000000 08:05 1311265                    /tmp/hsperfdata_daan/4055
7fd2d9cff000-7fd2d9d00000 rw-p 00000000 00:00 0 
7fd2d9d00000-7fd2d9d01000 r--p 00000000 00:00 0 
7fd2d9d01000-7fd2d9d04000 rw-p 00000000 00:00 0 
7fd2d9d04000-7fd2d9d05000 r--p 00024000 08:05 409742                     /lib/x86_64-linux-gnu/ld-2.24.so
7fd2d9d05000-7fd2d9d06000 rw-p 00025000 08:05 409742                     /lib/x86_64-linux-gnu/ld-2.24.so
7fd2d9d06000-7fd2d9d07000 rw-p 00000000 00:00 0 
7ffcb95e8000-7ffcb9609000 rw-p 00000000 00:00 0                          [stack]
7ffcb97a5000-7ffcb97a7000 r--p 00000000 00:00 0                          [vvar]
7ffcb97a7000-7ffcb97a9000 r-xp 00000000 00:00 0                          [vdso]
ffffffffff600000-ffffffffff601000 r-xp 00000000 00:00 0                  [vsyscall]

VM Arguments:
jvm_args: -Dfile.encoding=UTF-8 
java_command: application.Main
java_class_path (initial): /home/daan/git/IntegrationProject/IntegrationProject/bin:/home/daan/.p2/pool/plugins/org.junit_4.12.0.v201504281640/junit.jar:/home/daan/.p2/pool/plugins/org.hamcrest.core_1.3.0.v201303031735.jar:/home/daan/git/IntegrationProject/IntegrationProject/commons-codec-1.10.jar
Launcher Type: SUN_STANDARD

Environment Variables:
JAVA_HOME=/usr/lib/jvm/java-8-oracle
PATH=/home/daan/bin:/home/daan/.local/bin:/usr/local/sbin:/usr/local/bin:/usr/sbin:/usr/bin:/sbin:/bin:/usr/games:/usr/local/games:/snap/bin:/usr/lib/jvm/java-8-oracle/bin:/usr/lib/jvm/java-8-oracle/db/bin:/usr/lib/jvm/java-8-oracle/jre/bin
SHELL=/bin/bash
DISPLAY=:0

Signal Handlers:
SIGSEGV: [libjvm.so+0xac78c0], sa_mask[0]=11111111011111111101111111111110, sa_flags=SA_RESTART|SA_SIGINFO
SIGBUS: [libjvm.so+0xac78c0], sa_mask[0]=11111111011111111101111111111110, sa_flags=SA_RESTART|SA_SIGINFO
SIGFPE: [libjvm.so+0x920ac0], sa_mask[0]=11111111011111111101111111111110, sa_flags=SA_RESTART|SA_SIGINFO
SIGPIPE: SIG_IGN, sa_mask[0]=00000000000010000000000000000000, sa_flags=SA_RESTART
SIGXFSZ: [libjvm.so+0x920ac0], sa_mask[0]=11111111011111111101111111111110, sa_flags=SA_RESTART|SA_SIGINFO
SIGILL: [libjvm.so+0x920ac0], sa_mask[0]=11111111011111111101111111111110, sa_flags=SA_RESTART|SA_SIGINFO
SIGUSR1: SIG_DFL, sa_mask[0]=00000000000000000000000000000000, sa_flags=none
SIGUSR2: [libjvm.so+0x922300], sa_mask[0]=00100000000000000000000000000000, sa_flags=SA_RESTART|SA_SIGINFO
SIGHUP: [libjvm.so+0x923700], sa_mask[0]=11111111011111111101111111111110, sa_flags=SA_RESTART|SA_SIGINFO
SIGINT: [libjvm.so+0x923700], sa_mask[0]=11111111011111111101111111111110, sa_flags=SA_RESTART|SA_SIGINFO
SIGTERM: [libjvm.so+0x923700], sa_mask[0]=11111111011111111101111111111110, sa_flags=SA_RESTART|SA_SIGINFO
SIGQUIT: [libjvm.so+0x923700], sa_mask[0]=11111111011111111101111111111110, sa_flags=SA_RESTART|SA_SIGINFO


---------------  S Y S T E M  ---------------

OS:DISTRIB_ID=Ubuntu
DISTRIB_RELEASE=16.10
DISTRIB_CODENAME=yakkety
DISTRIB_DESCRIPTION="Ubuntu 16.10"

uname:Linux 4.8.0-46-generic #49-Ubuntu SMP Fri Mar 31 13:57:14 UTC 2017 x86_64
libc:glibc 2.24 NPTL 2.24 
rlimit: STACK 8192k, CORE 0k, NPROC 30976, NOFILE 4096, AS infinity
load average:1,57 1,09 0,54

/proc/meminfo:
MemTotal:        8054856 kB
MemFree:         4280356 kB
MemAvailable:    5287352 kB
Buffers:           57512 kB
Cached:          1621820 kB
SwapCached:            0 kB
Active:          2392484 kB
Inactive:        1147940 kB
Active(anon):    1862420 kB
Inactive(anon):   487532 kB
Active(file):     530064 kB
Inactive(file):   660408 kB
Unevictable:         128 kB
Mlocked:             128 kB
SwapTotal:       8268796 kB
SwapFree:        8268796 kB
Dirty:               404 kB
Writeback:             0 kB
AnonPages:       1823424 kB
Mapped:           472132 kB
Shmem:            488864 kB
Slab:             120540 kB
SReclaimable:      72236 kB
SUnreclaim:        48304 kB
KernelStack:       11440 kB
PageTables:        43460 kB
NFS_Unstable:          0 kB
Bounce:                0 kB
WritebackTmp:          0 kB
CommitLimit:    12296224 kB
Committed_AS:    6855736 kB
VmallocTotal:   34359738367 kB
VmallocUsed:           0 kB
VmallocChunk:          0 kB
HardwareCorrupted:     0 kB
AnonHugePages:    583680 kB
ShmemHugePages:        0 kB
ShmemPmdMapped:        0 kB
CmaTotal:              0 kB
CmaFree:               0 kB
HugePages_Total:       0
HugePages_Free:        0
HugePages_Rsvd:        0
HugePages_Surp:        0
Hugepagesize:       2048 kB
DirectMap4k:      140880 kB
DirectMap2M:     6031360 kB
DirectMap1G:     2097152 kB


CPU:total 4 (2 cores per cpu, 2 threads per core) family 6 model 78 stepping 3, cmov, cx8, fxsr, mmx, sse, sse2, sse3, ssse3, sse4.1, sse4.2, popcnt, avx, avx2, aes, clmul, erms, 3dnowpref, lzcnt, ht, tsc, tscinvbit, bmi1, bmi2, adx

/proc/cpuinfo:
processor	: 0
vendor_id	: GenuineIntel
cpu family	: 6
model		: 78
model name	: Intel(R) Core(TM) i5-6200U CPU @ 2.30GHz
stepping	: 3
microcode	: 0x9e
cpu MHz		: 2700.000
cache size	: 3072 KB
physical id	: 0
siblings	: 4
core id		: 0
cpu cores	: 2
apicid		: 0
initial apicid	: 0
fpu		: yes
fpu_exception	: yes
cpuid level	: 22
wp		: yes
flags		: fpu vme de pse tsc msr pae mce cx8 apic sep mtrr pge mca cmov pat pse36 clflush dts acpi mmx fxsr sse sse2 ss ht tm pbe syscall nx pdpe1gb rdtscp lm constant_tsc art arch_perfmon pebs bts rep_good nopl xtopology nonstop_tsc aperfmperf eagerfpu pni pclmulqdq dtes64 monitor ds_cpl vmx est tm2 ssse3 sdbg fma cx16 xtpr pdcm pcid sse4_1 sse4_2 x2apic movbe popcnt tsc_deadline_timer aes xsave avx f16c rdrand lahf_lm abm 3dnowprefetch epb intel_pt tpr_shadow vnmi flexpriority ept vpid fsgsbase tsc_adjust bmi1 avx2 smep bmi2 erms invpcid mpx rdseed adx smap clflushopt xsaveopt xsavec xgetbv1 xsaves dtherm ida arat pln pts hwp hwp_notify hwp_act_window hwp_epp
bugs		:
bogomips	: 4800.00
clflush size	: 64
cache_alignment	: 64
address sizes	: 39 bits physical, 48 bits virtual
power management:

processor	: 1
vendor_id	: GenuineIntel
cpu family	: 6
model		: 78
model name	: Intel(R) Core(TM) i5-6200U CPU @ 2.30GHz
stepping	: 3
microcode	: 0x9e
cpu MHz		: 2699.853
cache size	: 3072 KB
physical id	: 0
siblings	: 4
core id		: 1
cpu cores	: 2
apicid		: 2
initial apicid	: 2
fpu		: yes
fpu_exception	: yes
cpuid level	: 22
wp		: yes
flags		: fpu vme de pse tsc msr pae mce cx8 apic sep mtrr pge mca cmov pat pse36 clflush dts acpi mmx fxsr sse sse2 ss ht tm pbe syscall nx pdpe1gb rdtscp lm constant_tsc art arch_perfmon pebs bts rep_good nopl xtopology nonstop_tsc aperfmperf eagerfpu pni pclmulqdq dtes64 monitor ds_cpl vmx est tm2 ssse3 sdbg fma cx16 xtpr pdcm pcid sse4_1 sse4_2 x2apic movbe popcnt tsc_deadline_timer aes xsave avx f16c rdrand lahf_lm abm 3dnowprefetch epb intel_pt tpr_shadow vnmi flexpriority ept vpid fsgsbase tsc_adjust bmi1 avx2 smep bmi2 erms invpcid mpx rdseed adx smap clflushopt xsaveopt xsavec xgetbv1 xsaves dtherm ida arat pln pts hwp hwp_notify hwp_act_window hwp_epp
bugs		:
bogomips	: 4800.00
clflush size	: 64
cache_alignment	: 64
address sizes	: 39 bits physical, 48 bits virtual
power management:

processor	: 2
vendor_id	: GenuineIntel
cpu family	: 6
model		: 78
model name	: Intel(R) Core(TM) i5-6200U CPU @ 2.30GHz
stepping	: 3
microcode	: 0x9e
cpu MHz		: 2699.853
cache size	: 3072 KB
physical id	: 0
siblings	: 4
core id		: 0
cpu cores	: 2
apicid		: 1
initial apicid	: 1
fpu		: yes
fpu_exception	: yes
cpuid level	: 22
wp		: yes
flags		: fpu vme de pse tsc msr pae mce cx8 apic sep mtrr pge mca cmov pat pse36 clflush dts acpi mmx fxsr sse sse2 ss ht tm pbe syscall nx pdpe1gb rdtscp lm constant_tsc art arch_perfmon pebs bts rep_good nopl xtopology nonstop_tsc aperfmperf eagerfpu pni pclmulqdq dtes64 monitor ds_cpl vmx est tm2 ssse3 sdbg fma cx16 xtpr pdcm pcid sse4_1 sse4_2 x2apic movbe popcnt tsc_deadline_timer aes xsave avx f16c rdrand lahf_lm abm 3dnowprefetch epb intel_pt tpr_shadow vnmi flexpriority ept vpid fsgsbase tsc_adjust bmi1 avx2 smep bmi2 erms invpcid mpx rdseed adx smap clflushopt xsaveopt xsavec xgetbv1 xsaves dtherm ida arat pln pts hwp hwp_notify hwp_act_window hwp_epp
bugs		:
bogomips	: 4800.00
clflush size	: 64
cache_alignment	: 64
address sizes	: 39 bits physical, 48 bits virtual
power management:

processor	: 3
vendor_id	: GenuineIntel
cpu family	: 6
model		: 78
model name	: Intel(R) Core(TM) i5-6200U CPU @ 2.30GHz
stepping	: 3
microcode	: 0x9e
cpu MHz		: 2699.853
cache size	: 3072 KB
physical id	: 0
siblings	: 4
core id		: 1
cpu cores	: 2
apicid		: 3
initial apicid	: 3
fpu		: yes
fpu_exception	: yes
cpuid level	: 22
wp		: yes
flags		: fpu vme de pse tsc msr pae mce cx8 apic sep mtrr pge mca cmov pat pse36 clflush dts acpi mmx fxsr sse sse2 ss ht tm pbe syscall nx pdpe1gb rdtscp lm constant_tsc art arch_perfmon pebs bts rep_good nopl xtopology nonstop_tsc aperfmperf eagerfpu pni pclmulqdq dtes64 monitor ds_cpl vmx est tm2 ssse3 sdbg fma cx16 xtpr pdcm pcid sse4_1 sse4_2 x2apic movbe popcnt tsc_deadline_timer aes xsave avx f16c rdrand lahf_lm abm 3dnowprefetch epb intel_pt tpr_shadow vnmi flexpriority ept vpid fsgsbase tsc_adjust bmi1 avx2 smep bmi2 erms invpcid mpx rdseed adx smap clflushopt xsaveopt xsavec xgetbv1 xsaves dtherm ida arat pln pts hwp hwp_notify hwp_act_window hwp_epp
bugs		:
bogomips	: 4800.00
clflush size	: 64
cache_alignment	: 64
address sizes	: 39 bits physical, 48 bits virtual
power management:



Memory: 4k page, physical 8054856k(4280092k free), swap 8268796k(8268796k free)

vm_info: Java HotSpot(TM) 64-Bit Server VM (25.121-b13) for linux-amd64 JRE (1.8.0_121-b13), built on Dec 12 2016 16:36:53 by "java_re" with gcc 4.3.0 20080428 (Red Hat 4.3.0-8)

time: Wed Apr 19 09:02:18 2017
elapsed time: 2 seconds (0d 0h 0m 2s)

