#
# A fatal error has been detected by the Java Runtime Environment:
#
#  SIGSEGV (0xb) at pc=0x00007fe747bcc8f8, pid=2227, tid=0x00007fe6dcc85700
#
# JRE version: Java(TM) SE Runtime Environment (8.0_121-b13) (build 1.8.0_121-b13)
# Java VM: Java HotSpot(TM) 64-Bit Server VM (25.121-b13 mixed mode linux-amd64 compressed oops)
# Problematic frame:
# V  [libjvm.so+0x6d28f8]  jni_invoke_nonstatic(JNIEnv_*, JavaValue*, _jobject*, JNICallType, _jmethodID*, JNI_ArgumentPusher*, Thread*)+0x38
#
# Failed to write core dump. Core dumps have been disabled. To enable core dumping, try "ulimit -c unlimited" before starting Java again
#
# If you would like to submit a bug report, please visit:
#   http://bugreport.java.com/bugreport/crash.jsp
#

---------------  T H R E A D  ---------------

Current thread (0x00007fe6e80fd000):  JavaThread "JavaFX Application Thread" [_thread_in_vm, id=2262, stack(0x00007fe6dcb85000,0x00007fe6dcc86000)]

siginfo: si_signo: 11 (SIGSEGV), si_code: 1 (SEGV_MAPERR), si_addr: 0x00007fe600000000

Registers:
RAX=0x00007fe6dcc843c0, RBX=0x00007fe6dcc842d0, RCX=0x0000000000000001, RDX=0x00007fe600000000
RSP=0x00007fe6dcc84120, RBP=0x00007fe6dcc842a0, RSI=0x00007fe6dcc84330, RDI=0x00007fe6e80fd1f8
R8 =0x00007fe6e8053398, R9 =0x00007fe6dcc842d0, R10=0x00007fe6cc000a50, R11=0x00007fe6dcc83c80
R12=0x00007fe6e80fd000, R13=0x00007fe6e8053398, R14=0x0000000000000001, R15=0x00007fe6e80fd1f8
RIP=0x00007fe747bcc8f8, EFLAGS=0x0000000000010206, CSGSFS=0x002b000000000033, ERR=0x0000000000000004
  TRAPNO=0x000000000000000e

Top of Stack: (sp=0x00007fe6dcc84120)
0x00007fe6dcc84120:   00007fe6dcc84820 00007fe6dcc84440
0x00007fe6dcc84130:   00007fe6dcc84180 00007fe6dcc84200
0x00007fe6dcc84140:   00007fe6dcc842d0 00007fe6dcc84330
0x00007fe6dcc84150:   00007fe6e80fd1f8 00007fe747bec400
0x00007fe6dcc84160:   00007fe6f8071c00 00007fe6f8071c10
0x00007fe6dcc84170:   00007fe6f8071fe8 00000000000003d8
0x00007fe6dcc84180:   0000000000000000 00000000d8203358
0x00007fe6dcc84190:   00007fe70000006f 00007fe60000000a
0x00007fe6dcc841a0:   00000000d8875828 0000000000000000
0x00007fe6dcc841b0:   0000000000000000 0000000000000000
0x00007fe6dcc841c0:   00007fe744c9c570 0000000100000100
0x00007fe6dcc841d0:   0000000000000000 00007fe6dcc84188
0x00007fe6dcc841e0:   00007fe6dcc841c9 0000000800000005
0x00007fe6dcc841f0:   0000000000000000 00007fe6e80cb7a0
0x00007fe6dcc84200:   00007fe74845a510 00007fe748f48720
0x00007fe6dcc84210:   00000000e80caf70 00007fe6e80fd000
0x00007fe6dcc84220:   0000000000000000 00007fe747bccccb
0x00007fe6dcc84230:   00007fe744cab660 00007fe6e80fd000
0x00007fe6dcc84240:   00007fe744cab660 00007fe6e80fd000
0x00007fe6dcc84250:   00007fe6dcc843e0 00007fe744cab660
0x00007fe6dcc84260:   00007fe744cab660 00007fe744cab660
0x00007fe6dcc84270:   00007fe6f8071c00 00007fe6dcc842d0
0x00007fe6dcc84280:   00007fe6e80fd000 00007fe6dcc84310
0x00007fe6dcc84290:   00007fe6e8053398 00007fe6e80fd1f8
0x00007fe6dcc842a0:   00007fe6dcc84390 00007fe747bd109f
0x00007fe6dcc842b0:   00007fe6e80fd000 00007fe70eb25ff4
0x00007fe6dcc842c0:   00007fe6dcc843a8 00007fe600000000
0x00007fe6dcc842d0:   00007fe74845b170 00007fe748f48720
0x00007fe6dcc842e0:   00000000dcc84350 339b519200000063
0x00007fe6dcc842f0:   0000000000000000 0000003000000018
0x00007fe6dcc84300:   00007fe6dcc84480 00007fe6dcc843c0
0x00007fe6dcc84310:   00007fe6e80fd000 0000000000000000 

Instructions: (pc=0x00007fe747bcc8f8)
0x00007fe747bcc8d8:   00 00 48 85 d2 48 89 bd b0 fe ff ff 48 89 b5 a8
0x00007fe747bcc8e8:   fe ff ff 4c 89 8d a0 fe ff ff 0f 84 78 09 00 00
0x00007fe747bcc8f8:   4c 8b 22 4d 85 e4 0f 84 6c 09 00 00 48 8b 45 10
0x00007fe747bcc908:   48 8b 98 38 01 00 00 48 83 7b 18 f7 0f 87 16 07 

Register to memory mapping:

RAX=0x00007fe6dcc843c0 is pointing into the stack for thread: 0x00007fe6e80fd000
RBX=0x00007fe6dcc842d0 is pointing into the stack for thread: 0x00007fe6e80fd000
RCX=0x0000000000000001 is an unknown value
RDX=0x00007fe600000000 is an unknown value
RSP=0x00007fe6dcc84120 is pointing into the stack for thread: 0x00007fe6e80fd000
RBP=0x00007fe6dcc842a0 is pointing into the stack for thread: 0x00007fe6e80fd000
RSI=0x00007fe6dcc84330 is pointing into the stack for thread: 0x00007fe6e80fd000
RDI=0x00007fe6e80fd1f8 is an unknown value
R8 =0x00007fe6e8053398 is an unknown value
R9 =0x00007fe6dcc842d0 is pointing into the stack for thread: 0x00007fe6e80fd000
R10=0x00007fe6cc000a50 is an unknown value
R11=0x00007fe6dcc83c80 is pointing into the stack for thread: 0x00007fe6e80fd000
R12=0x00007fe6e80fd000 is a thread
R13=0x00007fe6e8053398 is an unknown value
R14=0x0000000000000001 is an unknown value
R15=0x00007fe6e80fd1f8 is an unknown value


Stack: [0x00007fe6dcb85000,0x00007fe6dcc86000],  sp=0x00007fe6dcc84120,  free space=1020k
Native frames: (J=compiled Java code, j=interpreted, Vv=VM code, C=native code)
V  [libjvm.so+0x6d28f8]  jni_invoke_nonstatic(JNIEnv_*, JavaValue*, _jobject*, JNICallType, _jmethodID*, JNI_ArgumentPusher*, Thread*)+0x38
V  [libjvm.so+0x6d709f]  jni_CallVoidMethodV+0x10f
C  [libglass.so+0x13e51]  JNIEnv_::CallVoidMethod(_jobject*, _jmethodID*, ...)+0x81
C  [libglass.so+0x1876f]  WindowContextBase::process_key(_GdkEventKey*)+0x20f
C  [libglass.so+0x15fe0]  WindowContextBase::im_filter_keypress(_GdkEventKey*)+0x1c0
C  [libglass.so+0x20a3c]  process_events(_GdkEvent*, void*)+0x22c
C  [libgdk-x11-2.0.so.0+0x5acdc]

Java frames: (J=compiled Java code, j=interpreted, Vv=VM code)
j  com.sun.glass.ui.gtk.GtkApplication._runLoop(Ljava/lang/Runnable;Z)V+0
j  com.sun.glass.ui.gtk.GtkApplication.lambda$null$49(Ljava/lang/Runnable;Z)V+7
j  com.sun.glass.ui.gtk.GtkApplication$$Lambda$43.run()V+12
j  java.lang.Thread.run()V+11
v  ~StubRoutines::call_stub

---------------  P R O C E S S  ---------------

Java Threads: ( => current thread )
  0x00007fe74000a000 JavaThread "DestroyJavaVM" [_thread_blocked, id=2240, stack(0x00007fe748fec000,0x00007fe7490ed000)]
  0x00007fe74012c800 JavaThread "Thread-5" [_thread_blocked, id=2265, stack(0x00007fe6c73f9000,0x00007fe6c74fa000)]
  0x00007fe74012a800 JavaThread "Thread-4" [_thread_in_native, id=2264, stack(0x00007fe6c74fa000,0x00007fe6c75fb000)]
  0x00007fe6cc1b0000 JavaThread "Prism Font Disposer" daemon [_thread_blocked, id=2263, stack(0x00007fe6dc049000,0x00007fe6dc14a000)]
=>0x00007fe6e80fd000 JavaThread "JavaFX Application Thread" [_thread_in_vm, id=2262, stack(0x00007fe6dcb85000,0x00007fe6dcc86000)]
  0x00007fe6e80c8800 JavaThread "Thread-3" daemon [_thread_blocked, id=2261, stack(0x00007fe6dcc86000,0x00007fe6dcd87000)]
  0x00007fe6e8041800 JavaThread "QuantumRenderer-0" daemon [_thread_blocked, id=2257, stack(0x00007fe70f5a0000,0x00007fe70f6a1000)]
  0x00007fe6f407b000 JavaThread "JavaFX-Launcher" [_thread_blocked, id=2255, stack(0x00007fe70f6a1000,0x00007fe70f7a2000)]
  0x00007fe740148000 JavaThread "Thread-0" [_thread_blocked, id=2254, stack(0x00007fe70f7a2000,0x00007fe70f8a3000)]
  0x00007fe7400c9800 JavaThread "Service Thread" daemon [_thread_blocked, id=2252, stack(0x00007fe70f9a4000,0x00007fe70faa5000)]
  0x00007fe7400be000 JavaThread "C1 CompilerThread2" daemon [_thread_blocked, id=2251, stack(0x00007fe70faa5000,0x00007fe70fba6000)]
  0x00007fe7400bc800 JavaThread "C2 CompilerThread1" daemon [_thread_blocked, id=2250, stack(0x00007fe72007e000,0x00007fe72017f000)]
  0x00007fe7400b9800 JavaThread "C2 CompilerThread0" daemon [_thread_blocked, id=2249, stack(0x00007fe72017f000,0x00007fe720280000)]
  0x00007fe7400b8000 JavaThread "Signal Dispatcher" daemon [_thread_blocked, id=2248, stack(0x00007fe7300f1000,0x00007fe7301f2000)]
  0x00007fe740084000 JavaThread "Finalizer" daemon [_thread_blocked, id=2247, stack(0x00007fe7301f2000,0x00007fe7302f3000)]
  0x00007fe74007f800 JavaThread "Reference Handler" daemon [_thread_blocked, id=2246, stack(0x00007fe7302f3000,0x00007fe7303f4000)]

Other Threads:
  0x00007fe740077800 VMThread [stack: 0x00007fe7303f4000,0x00007fe7304f5000] [id=2245]
  0x00007fe7400cc000 WatcherThread [stack: 0x00007fe70f8a3000,0x00007fe70f9a4000] [id=2253]

VM state:not at safepoint (normal execution)

VM Mutex/Monitor currently owned by a thread: None

Heap:
 PSYoungGen      total 36864K, used 11409K [0x00000000d7000000, 0x00000000d9900000, 0x0000000100000000)
  eden space 31744K, 19% used [0x00000000d7000000,0x00000000d7629940,0x00000000d8f00000)
  from space 5120K, 99% used [0x00000000d8f00000,0x00000000d93faae8,0x00000000d9400000)
  to   space 5120K, 0% used [0x00000000d9400000,0x00000000d9400000,0x00000000d9900000)
 ParOldGen       total 84992K, used 680K [0x0000000085000000, 0x000000008a300000, 0x00000000d7000000)
  object space 84992K, 0% used [0x0000000085000000,0x00000000850aa000,0x000000008a300000)
 Metaspace       used 14871K, capacity 15650K, committed 15872K, reserved 1062912K
  class space    used 2245K, capacity 2454K, committed 2560K, reserved 1048576K

Card table byte_map: [0x00007fe7459bb000,0x00007fe745d94000] byte_map_base: 0x00007fe745593000

Marking Bits: (ParMarkBitMap*) 0x00007fe7484bec80
 Begin Bits: [0x00007fe720280000, 0x00007fe722140000)
 End Bits:   [0x00007fe722140000, 0x00007fe724000000)

Polling page: 0x00007fe74910b000

CodeCache: size=245760Kb used=4004Kb max_used=4013Kb free=241755Kb
 bounds [0x00007fe731000000, 0x00007fe7313f0000, 0x00007fe740000000]
 total_blobs=1817 nmethods=1192 adapters=538
 compilation: enabled

Compilation events (10 events):
Event: 2,226 Thread 0x00007fe7400be000 1188       1       com.sun.javafx.text.TextLine::getRuns (5 bytes)
Event: 2,226 Thread 0x00007fe7400be000 nmethod 1188 0x00007fe7313e7f10 code [0x00007fe7313e8060, 0x00007fe7313e8170]
Event: 2,226 Thread 0x00007fe7400be000 1171       3       com.sun.javafx.collections.TrackableObservableList::<init> (22 bytes)
Event: 2,227 Thread 0x00007fe7400be000 nmethod 1171 0x00007fe7313e81d0 code [0x00007fe7313e8400, 0x00007fe7313e8fe8]
Event: 2,227 Thread 0x00007fe7400be000 1172       3       com.sun.javafx.collections.TrackableObservableList$$Lambda$58/1611718147::get$Lambda (9 bytes)
Event: 2,227 Thread 0x00007fe7400be000 nmethod 1172 0x00007fe7313eac10 code [0x00007fe7313ead80, 0x00007fe7313eafd0]
Event: 2,227 Thread 0x00007fe7400be000 1181       1       com.sun.javafx.css.StyleCache$Key::getStyleMapIds (5 bytes)
Event: 2,227 Thread 0x00007fe7400be000 nmethod 1181 0x00007fe7313ecd10 code [0x00007fe7313ece60, 0x00007fe7313ecf70]
Event: 2,227 Thread 0x00007fe7400b9800 nmethod 1174 0x00007fe7313ecfd0 code [0x00007fe7313ed180, 0x00007fe7313ed6b8]
Event: 2,229 Thread 0x00007fe7400be000 1192       3       com.sun.glass.ui.Application::checkEventThread (48 bytes)

GC Heap History (2 events):
Event: 2,043 GC heap before
{Heap before GC invocations=1 (full 0):
 PSYoungGen      total 36864K, used 31261K [0x00000000d7000000, 0x00000000d9900000, 0x0000000100000000)
  eden space 31744K, 98% used [0x00000000d7000000,0x00000000d8e877e8,0x00000000d8f00000)
  from space 5120K, 0% used [0x00000000d9400000,0x00000000d9400000,0x00000000d9900000)
  to   space 5120K, 0% used [0x00000000d8f00000,0x00000000d8f00000,0x00000000d9400000)
 ParOldGen       total 84992K, used 0K [0x0000000085000000, 0x000000008a300000, 0x00000000d7000000)
  object space 84992K, 0% used [0x0000000085000000,0x0000000085000000,0x000000008a300000)
 Metaspace       used 13862K, capacity 14550K, committed 14848K, reserved 1062912K
  class space    used 2072K, capacity 2248K, committed 2304K, reserved 1048576K
Event: 2,058 GC heap after
Heap after GC invocations=1 (full 0):
 PSYoungGen      total 36864K, used 5098K [0x00000000d7000000, 0x00000000d9900000, 0x0000000100000000)
  eden space 31744K, 0% used [0x00000000d7000000,0x00000000d7000000,0x00000000d8f00000)
  from space 5120K, 99% used [0x00000000d8f00000,0x00000000d93faae8,0x00000000d9400000)
  to   space 5120K, 0% used [0x00000000d9400000,0x00000000d9400000,0x00000000d9900000)
 ParOldGen       total 84992K, used 680K [0x0000000085000000, 0x000000008a300000, 0x00000000d7000000)
  object space 84992K, 0% used [0x0000000085000000,0x00000000850aa000,0x000000008a300000)
 Metaspace       used 13862K, capacity 14550K, committed 14848K, reserved 1062912K
  class space    used 2072K, capacity 2248K, committed 2304K, reserved 1048576K
}

Deoptimization events (10 events):
Event: 1,155 Thread 0x00007fe6e80fd000 Uncommon trap: reason=class_check action=maybe_recompile pc=0x00007fe7312244b4 method=java.io.DataInputStream.readShort()S @ 4
Event: 1,155 Thread 0x00007fe6e80fd000 Uncommon trap: reason=class_check action=maybe_recompile pc=0x00007fe7312244b4 method=java.io.DataInputStream.readShort()S @ 4
Event: 1,160 Thread 0x00007fe6e80fd000 Uncommon trap: reason=class_check action=maybe_recompile pc=0x00007fe731115d38 method=java.lang.String.equals(Ljava/lang/Object;)Z @ 8
Event: 1,161 Thread 0x00007fe6e80fd000 Uncommon trap: reason=class_check action=maybe_recompile pc=0x00007fe731115d38 method=java.lang.String.equals(Ljava/lang/Object;)Z @ 8
Event: 1,161 Thread 0x00007fe6e80fd000 Uncommon trap: reason=class_check action=maybe_recompile pc=0x00007fe731115d38 method=java.lang.String.equals(Ljava/lang/Object;)Z @ 8
Event: 1,220 Thread 0x00007fe6e80fd000 Uncommon trap: reason=class_check action=maybe_recompile pc=0x00007fe731115d38 method=java.lang.String.equals(Ljava/lang/Object;)Z @ 8
Event: 1,282 Thread 0x00007fe6e80fd000 Uncommon trap: reason=unstable_if action=reinterpret pc=0x00007fe73128a828 method=sun.net.www.ParseUtil.encodePath(Ljava/lang/String;Z)Ljava/lang/String; @ 109
Event: 1,355 Thread 0x00007fe6e80fd000 Uncommon trap: reason=unstable_if action=reinterpret pc=0x00007fe7312a07e4 method=jdk.internal.org.objectweb.asm.Type.getArgumentsAndReturnSizes(Ljava/lang/String;)I @ 47
Event: 2,128 Thread 0x00007fe6e80fd000 Uncommon trap: reason=unstable_if action=reinterpret pc=0x00007fe7311d4c24 method=java.lang.String.indexOf([CII[CIII)I @ 3
Event: 2,221 Thread 0x00007fe6e80fd000 Uncommon trap: reason=unstable_if action=reinterpret pc=0x00007fe7311b606c method=java.lang.String.startsWith(Ljava/lang/String;I)Z @ 25

Internal exceptions (10 events):
Event: 0,145 Thread 0x00007fe740148000 Exception <a 'java/lang/NoSuchFieldError': method resolution failed> (0x00000000d730ac60) thrown at [/HUDSON3/workspace/8-2-build-linux-amd64/jdk8u121/8372/hotspot/src/share/vm/prims/methodHandles.cpp, line 1146]
Event: 0,180 Thread 0x00007fe6f407b000 Exception <a 'java/security/PrivilegedActionException'> (0x00000000d73e1498) thrown at [/HUDSON3/workspace/8-2-build-linux-amd64/jdk8u121/8372/hotspot/src/share/vm/prims/jvm.cpp, line 1390]
Event: 0,180 Thread 0x00007fe6f407b000 Exception <a 'java/security/PrivilegedActionException'> (0x00000000d73e16a8) thrown at [/HUDSON3/workspace/8-2-build-linux-amd64/jdk8u121/8372/hotspot/src/share/vm/prims/jvm.cpp, line 1390]
Event: 0,180 Thread 0x00007fe6f407b000 Exception <a 'java/security/PrivilegedActionException'> (0x00000000d73e3b10) thrown at [/HUDSON3/workspace/8-2-build-linux-amd64/jdk8u121/8372/hotspot/src/share/vm/prims/jvm.cpp, line 1390]
Event: 0,180 Thread 0x00007fe6f407b000 Exception <a 'java/security/PrivilegedActionException'> (0x00000000d73e3d20) thrown at [/HUDSON3/workspace/8-2-build-linux-amd64/jdk8u121/8372/hotspot/src/share/vm/prims/jvm.cpp, line 1390]
Event: 0,181 Thread 0x00007fe6f407b000 Exception <a 'java/lang/NullPointerException'> (0x00000000d73e42f8) thrown at [/HUDSON3/workspace/8-2-build-linux-amd64/jdk8u121/8372/hotspot/src/share/vm/interpreter/linkResolver.cpp, line 1178]
Event: 0,409 Thread 0x00007fe6e80fd000 Exception <a 'java/lang/NullPointerException'> (0x00000000d7ae3680) thrown at [/HUDSON3/workspace/8-2-build-linux-amd64/jdk8u121/8372/hotspot/src/share/vm/interpreter/linkResolver.cpp, line 1178]
Event: 0,409 Thread 0x00007fe6e80fd000 Exception <a 'java/lang/NullPointerException'> (0x00000000d7ae3680) thrown at [/HUDSON3/workspace/8-2-build-linux-amd64/jdk8u121/8372/hotspot/src/share/vm/prims/jvm.cpp, line 1394]
Event: 0,581 Thread 0x00007fe6e80fd000 Implicit null exception at 0x00007fe731235935 to 0x00007fe731235b19
Event: 2,085 Thread 0x00007fe6e80fd000 Exception <a 'java/io/FileNotFoundException'> (0x00000000d72e8970) thrown at [/HUDSON3/workspace/8-2-build-linux-amd64/jdk8u121/8372/hotspot/src/share/vm/prims/jni.cpp, line 709]

Events (10 events):
Event: 2,192 loading class com/sun/javafx/effect/EffectDirtyBits done
Event: 2,194 loading class javafx/scene/shape/SVGPath$1
Event: 2,194 loading class javafx/scene/shape/SVGPath$1 done
Event: 2,194 loading class javafx/scene/shape/SVGPath$2
Event: 2,194 loading class javafx/scene/shape/SVGPath$2 done
Event: 2,194 loading class com/sun/javafx/sg/prism/NGSVGPath
Event: 2,194 loading class com/sun/javafx/sg/prism/NGSVGPath done
Event: 2,221 Thread 0x00007fe6e80fd000 Uncommon trap: trap_request=0xffffff65 fr.pc=0x00007fe7311b606c
Event: 2,221 Thread 0x00007fe6e80fd000 DEOPT PACKING pc=0x00007fe7311b606c sp=0x00007fe6dcc81050
Event: 2,221 Thread 0x00007fe6e80fd000 DEOPT UNPACKING pc=0x00007fe731005229 sp=0x00007fe6dcc80fe8 mode 2


Dynamic libraries:
00400000-00401000 r-xp 00000000 08:05 2243241                            /usr/lib/jvm/java-8-oracle/bin/java
00600000-00601000 rw-p 00000000 08:05 2243241                            /usr/lib/jvm/java-8-oracle/bin/java
015ab000-015cc000 rw-p 00000000 00:00 0                                  [heap]
85000000-8a300000 rw-p 00000000 00:00 0 
8a300000-d7000000 ---p 00000000 00:00 0 
d7000000-d9900000 rw-p 00000000 00:00 0 
d9900000-100000000 ---p 00000000 00:00 0 
100000000-100280000 rw-p 00000000 00:00 0 
100280000-140000000 ---p 00000000 00:00 0 
7fe6b4000000-7fe6b4021000 rw-p 00000000 00:00 0 
7fe6b4021000-7fe6b8000000 ---p 00000000 00:00 0 
7fe6bc000000-7fe6bc021000 rw-p 00000000 00:00 0 
7fe6bc021000-7fe6c0000000 ---p 00000000 00:00 0 
7fe6c0000000-7fe6c0021000 rw-p 00000000 00:00 0 
7fe6c0021000-7fe6c4000000 ---p 00000000 00:00 0 
7fe6c73f9000-7fe6c73fc000 ---p 00000000 00:00 0 
7fe6c73fc000-7fe6c74fa000 rw-p 00000000 00:00 0 
7fe6c74fa000-7fe6c74fd000 ---p 00000000 00:00 0 
7fe6c74fd000-7fe6c76fb000 rw-p 00000000 00:00 0 
7fe6c76fb000-7fe6c77fb000 ---p 00000000 00:00 0 
7fe6c77fb000-7fe6c7811000 r-xp 00000000 08:05 2243325                    /usr/lib/jvm/java-8-oracle/jre/lib/amd64/libnet.so
7fe6c7811000-7fe6c7a11000 ---p 00016000 08:05 2243325                    /usr/lib/jvm/java-8-oracle/jre/lib/amd64/libnet.so
7fe6c7a11000-7fe6c7a12000 rw-p 00016000 08:05 2243325                    /usr/lib/jvm/java-8-oracle/jre/lib/amd64/libnet.so
7fe6c7a12000-7fe6c7a72000 rw-s 00000000 00:05 935945                     /drm mm object (deleted)
7fe6c7a72000-7fe6c7a80000 rw-s 00000000 00:05 935944                     /drm mm object (deleted)
7fe6c7a80000-7fe6c7c40000 rw-s 1005dd000 00:06 391                       /dev/dri/card0
7fe6c7c40000-7fe6c7e00000 rw-s 00000000 00:05 935937                     /drm mm object (deleted)
7fe6c7e00000-7fe6c8000000 rw-p 00000000 00:00 0 
7fe6c8000000-7fe6c8021000 rw-p 00000000 00:00 0 
7fe6c8021000-7fe6cc000000 ---p 00000000 00:00 0 
7fe6cc000000-7fe6cc4e7000 rw-p 00000000 00:00 0 
7fe6cc4e7000-7fe6d0000000 ---p 00000000 00:00 0 
7fe6d0000000-7fe6d0021000 rw-p 00000000 00:00 0 
7fe6d0021000-7fe6d4000000 ---p 00000000 00:00 0 
7fe6d4000000-7fe6d4022000 rw-p 00000000 00:00 0 
7fe6d4022000-7fe6d8000000 ---p 00000000 00:00 0 
7fe6d8000000-7fe6d8021000 rw-p 00000000 00:00 0 
7fe6d8021000-7fe6dc000000 ---p 00000000 00:00 0 
7fe6dc006000-7fe6dc00a000 r--s 0009a000 08:05 2243269                    /usr/lib/jvm/java-8-oracle/jre/lib/jsse.jar
7fe6dc00a000-7fe6dc01a000 rw-s 00000000 00:05 935941                     /drm mm object (deleted)
7fe6dc01a000-7fe6dc02a000 rw-s 00000000 00:05 935939                     /drm mm object (deleted)
7fe6dc02a000-7fe6dc036000 rw-s 00000000 00:05 934022                     /drm mm object (deleted)
7fe6dc036000-7fe6dc049000 r--s 00345000 08:05 2243549                    /usr/lib/jvm/java-8-oracle/jre/lib/resources.jar
7fe6dc049000-7fe6dc04c000 ---p 00000000 00:00 0 
7fe6dc04c000-7fe6dc14a000 rw-p 00000000 00:00 0 
7fe6dc14a000-7fe6dc203000 r--p 00000000 08:05 918436                     /usr/share/fonts/truetype/dejavu/DejaVuSans.ttf
7fe6dc203000-7fe6dc23f000 r--p 00000000 08:05 2243419                    /usr/lib/jvm/java-8-oracle/jre/lib/fonts/LucidaTypewriterRegular.ttf
7fe6dc23f000-7fe6dc279000 r--p 00000000 08:05 2243415                    /usr/lib/jvm/java-8-oracle/jre/lib/fonts/LucidaTypewriterBold.ttf
7fe6dc279000-7fe6dc2ce000 r--p 00000000 08:05 2243416                    /usr/lib/jvm/java-8-oracle/jre/lib/fonts/LucidaBrightRegular.ttf
7fe6dc2ce000-7fe6dc379000 r--p 00000000 08:05 2243413                    /usr/lib/jvm/java-8-oracle/jre/lib/fonts/LucidaSansRegular.ttf
7fe6dc379000-7fe6dc37d000 r-xp 00000000 08:05 2243362                    /usr/lib/jvm/java-8-oracle/jre/lib/amd64/libjavafx_font_pango.so
7fe6dc37d000-7fe6dc57c000 ---p 00004000 08:05 2243362                    /usr/lib/jvm/java-8-oracle/jre/lib/amd64/libjavafx_font_pango.so
7fe6dc57c000-7fe6dc57d000 rw-p 00003000 08:05 2243362                    /usr/lib/jvm/java-8-oracle/jre/lib/amd64/libjavafx_font_pango.so
7fe6dc57d000-7fe6dc77d000 rw-p 00000000 00:00 0 
7fe6dc77d000-7fe6dc782000 r-xp 00000000 08:05 2243358                    /usr/lib/jvm/java-8-oracle/jre/lib/amd64/libjavafx_font_freetype.so
7fe6dc782000-7fe6dc981000 ---p 00005000 08:05 2243358                    /usr/lib/jvm/java-8-oracle/jre/lib/amd64/libjavafx_font_freetype.so
7fe6dc981000-7fe6dc982000 rw-p 00004000 08:05 2243358                    /usr/lib/jvm/java-8-oracle/jre/lib/amd64/libjavafx_font_freetype.so
7fe6dc982000-7fe6dc985000 r-xp 00000000 08:05 2243320                    /usr/lib/jvm/java-8-oracle/jre/lib/amd64/libjavafx_font.so
7fe6dc985000-7fe6dcb84000 ---p 00003000 08:05 2243320                    /usr/lib/jvm/java-8-oracle/jre/lib/amd64/libjavafx_font.so
7fe6dcb84000-7fe6dcb85000 rw-p 00002000 08:05 2243320                    /usr/lib/jvm/java-8-oracle/jre/lib/amd64/libjavafx_font.so
7fe6dcb85000-7fe6dcb88000 ---p 00000000 00:00 0 
7fe6dcb88000-7fe6dcc86000 rw-p 00000000 00:00 0 
7fe6dcc86000-7fe6dcc89000 ---p 00000000 00:00 0 
7fe6dcc89000-7fe6dcd87000 rw-p 00000000 00:00 0 
7fe6dcd87000-7fe6dcd88000 ---p 00000000 00:00 0 
7fe6dcd88000-7fe6dd588000 rw-p 00000000 00:00 0 
7fe6dd588000-7fe6dd589000 ---p 00000000 00:00 0 
7fe6dd589000-7fe6ddd89000 rw-p 00000000 00:00 0 
7fe6ddd89000-7fe6ddd8a000 ---p 00000000 00:00 0 
7fe6ddd8a000-7fe6de58a000 rw-p 00000000 00:00 0 
7fe6de58a000-7fe6de596000 r-xp 00000000 08:05 133762                     /usr/lib/x86_64-linux-gnu/gio/modules/libdconfsettings.so
7fe6de596000-7fe6de795000 ---p 0000c000 08:05 133762                     /usr/lib/x86_64-linux-gnu/gio/modules/libdconfsettings.so
7fe6de795000-7fe6de796000 r--p 0000b000 08:05 133762                     /usr/lib/x86_64-linux-gnu/gio/modules/libdconfsettings.so
7fe6de796000-7fe6de797000 rw-p 0000c000 08:05 133762                     /usr/lib/x86_64-linux-gnu/gio/modules/libdconfsettings.so
7fe6de797000-7fe6de79e000 r-xp 00000000 08:05 2239720                    /usr/lib/x86_64-linux-gnu/libogg.so.0.8.2
7fe6de79e000-7fe6de99e000 ---p 00007000 08:05 2239720                    /usr/lib/x86_64-linux-gnu/libogg.so.0.8.2
7fe6de99e000-7fe6de99f000 r--p 00007000 08:05 2239720                    /usr/lib/x86_64-linux-gnu/libogg.so.0.8.2
7fe6de99f000-7fe6de9a0000 rw-p 00008000 08:05 2239720                    /usr/lib/x86_64-linux-gnu/libogg.so.0.8.2
7fe6de9a0000-7fe6de9ca000 r-xp 00000000 08:05 2240153                    /usr/lib/x86_64-linux-gnu/libvorbis.so.0.4.8
7fe6de9ca000-7fe6debca000 ---p 0002a000 08:05 2240153                    /usr/lib/x86_64-linux-gnu/libvorbis.so.0.4.8
7fe6debca000-7fe6debcb000 r--p 0002a000 08:05 2240153                    /usr/lib/x86_64-linux-gnu/libvorbis.so.0.4.8
7fe6debcb000-7fe6debcc000 rw-p 0002b000 08:05 2240153                    /usr/lib/x86_64-linux-gnu/libvorbis.so.0.4.8
7fe6debcc000-7fe6debd4000 r-xp 00000000 08:05 2239564                    /usr/lib/x86_64-linux-gnu/libltdl.so.7.3.1
7fe6debd4000-7fe6dedd4000 ---p 00008000 08:05 2239564                    /usr/lib/x86_64-linux-gnu/libltdl.so.7.3.1
7fe6dedd4000-7fe6dedd5000 r--p 00008000 08:05 2239564                    /usr/lib/x86_64-linux-gnu/libltdl.so.7.3.1
7fe6dedd5000-7fe6dedd6000 rw-p 00009000 08:05 2239564                    /usr/lib/x86_64-linux-gnu/libltdl.so.7.3.1
7fe6dedd6000-7fe6dedea000 r-xp 00000000 08:05 2239986                    /usr/lib/x86_64-linux-gnu/libtdb.so.1.3.9
7fe6dedea000-7fe6defe9000 ---p 00014000 08:05 2239986                    /usr/lib/x86_64-linux-gnu/libtdb.so.1.3.9
7fe6defe9000-7fe6defea000 r--p 00013000 08:05 2239986                    /usr/lib/x86_64-linux-gnu/libtdb.so.1.3.9
7fe6defea000-7fe6defeb000 rw-p 00014000 08:05 2239986                    /usr/lib/x86_64-linux-gnu/libtdb.so.1.3.9
7fe6defeb000-7fe6deff2000 r-xp 00000000 08:05 2240157                    /usr/lib/x86_64-linux-gnu/libvorbisfile.so.3.3.7
7fe6deff2000-7fe6df1f2000 ---p 00007000 08:05 2240157                    /usr/lib/x86_64-linux-gnu/libvorbisfile.so.3.3.7
7fe6df1f2000-7fe6df1f3000 r--p 00007000 08:05 2240157                    /usr/lib/x86_64-linux-gnu/libvorbisfile.so.3.3.7
7fe6df1f3000-7fe6df1f4000 rw-p 00008000 08:05 2240157                    /usr/lib/x86_64-linux-gnu/libvorbisfile.so.3.3.7
7fe6df1f4000-7fe6df204000 r-xp 00000000 08:05 2238920                    /usr/lib/x86_64-linux-gnu/libcanberra.so.0.2.5
7fe6df204000-7fe6df404000 ---p 00010000 08:05 2238920                    /usr/lib/x86_64-linux-gnu/libcanberra.so.0.2.5
7fe6df404000-7fe6df405000 r--p 00010000 08:05 2238920                    /usr/lib/x86_64-linux-gnu/libcanberra.so.0.2.5
7fe6df405000-7fe6df406000 rw-p 00011000 08:05 2238920                    /usr/lib/x86_64-linux-gnu/libcanberra.so.0.2.5
7fe6df406000-7fe6df40a000 r-xp 00000000 08:05 2238916                    /usr/lib/x86_64-linux-gnu/libcanberra-gtk.so.0.1.9
7fe6df40a000-7fe6df609000 ---p 00004000 08:05 2238916                    /usr/lib/x86_64-linux-gnu/libcanberra-gtk.so.0.1.9
7fe6df609000-7fe6df60a000 r--p 00003000 08:05 2238916                    /usr/lib/x86_64-linux-gnu/libcanberra-gtk.so.0.1.9
7fe6df60a000-7fe6df60b000 rw-p 00004000 08:05 2238916                    /usr/lib/x86_64-linux-gnu/libcanberra-gtk.so.0.1.9
7fe6df60b000-7fe6df610000 r-xp 00000000 08:05 133969                     /usr/lib/x86_64-linux-gnu/gtk-2.0/modules/libcanberra-gtk-module.so
7fe6df610000-7fe6df80f000 ---p 00005000 08:05 133969                     /usr/lib/x86_64-linux-gnu/gtk-2.0/modules/libcanberra-gtk-module.so
7fe6df80f000-7fe6df810000 r--p 00004000 08:05 133969                     /usr/lib/x86_64-linux-gnu/gtk-2.0/modules/libcanberra-gtk-module.so
7fe6df810000-7fe6df811000 rw-p 00005000 08:05 133969                     /usr/lib/x86_64-linux-gnu/gtk-2.0/modules/libcanberra-gtk-module.so
7fe6df811000-7fe6df841000 r-xp 00000000 08:05 133951                     /usr/lib/x86_64-linux-gnu/gtk-2.0/2.10.0/engines/libmurrine.so
7fe6df841000-7fe6dfa41000 ---p 00030000 08:05 133951                     /usr/lib/x86_64-linux-gnu/gtk-2.0/2.10.0/engines/libmurrine.so
7fe6dfa41000-7fe6dfa42000 r--p 00030000 08:05 133951                     /usr/lib/x86_64-linux-gnu/gtk-2.0/2.10.0/engines/libmurrine.so
7fe6dfa42000-7fe6dfa43000 rw-p 00031000 08:05 133951                     /usr/lib/x86_64-linux-gnu/gtk-2.0/2.10.0/engines/libmurrine.so
7fe6dfa43000-7fe6dfa53000 r-xp 00000000 08:05 2240079                    /usr/lib/x86_64-linux-gnu/libunity-gtk2-parser.so.0.0.0
7fe6dfa53000-7fe6dfc53000 ---p 00010000 08:05 2240079                    /usr/lib/x86_64-linux-gnu/libunity-gtk2-parser.so.0.0.0
7fe6dfc53000-7fe6dfc54000 r--p 00010000 08:05 2240079                    /usr/lib/x86_64-linux-gnu/libunity-gtk2-parser.so.0.0.0
7fe6dfc54000-7fe6dfc55000 rw-p 00011000 08:05 2240079                    /usr/lib/x86_64-linux-gnu/libunity-gtk2-parser.so.0.0.0
7fe6dfc55000-7fe6dfc5a000 r-xp 00000000 08:05 133973                     /usr/lib/x86_64-linux-gnu/gtk-2.0/modules/libunity-gtk-module.so
7fe6dfc5a000-7fe6dfe59000 ---p 00005000 08:05 133973                     /usr/lib/x86_64-linux-gnu/gtk-2.0/modules/libunity-gtk-module.so
7fe6dfe59000-7fe6dfe5a000 r--p 00004000 08:05 133973                     /usr/lib/x86_64-linux-gnu/gtk-2.0/modules/libunity-gtk-module.so
7fe6dfe5a000-7fe6dfe5b000 rw-p 00005000 08:05 133973                     /usr/lib/x86_64-linux-gnu/gtk-2.0/modules/libunity-gtk-module.so
7fe6dfe5b000-7fe6dfe7d000 r-xp 00000000 08:05 398679                     /lib/x86_64-linux-gnu/liblzma.so.5.0.0
7fe6dfe7d000-7fe6e007c000 ---p 00022000 08:05 398679                     /lib/x86_64-linux-gnu/liblzma.so.5.0.0
7fe6e007c000-7fe6e007d000 r--p 00021000 08:05 398679                     /lib/x86_64-linux-gnu/liblzma.so.5.0.0
7fe6e007d000-7fe6e007e000 rw-p 00022000 08:05 398679                     /lib/x86_64-linux-gnu/liblzma.so.5.0.0
7fe6e007e000-7fe6e00c8000 r-xp 00000000 08:05 399570                     /lib/x86_64-linux-gnu/libdbus-1.so.3.14.7
7fe6e00c8000-7fe6e02c8000 ---p 0004a000 08:05 399570                     /lib/x86_64-linux-gnu/libdbus-1.so.3.14.7
7fe6e02c8000-7fe6e02c9000 r--p 0004a000 08:05 399570                     /lib/x86_64-linux-gnu/libdbus-1.so.3.14.7
7fe6e02c9000-7fe6e02ca000 rw-p 0004b000 08:05 399570                     /lib/x86_64-linux-gnu/libdbus-1.so.3.14.7
7fe6e02ca000-7fe6e02f6000 r-xp 00000000 08:05 2238852                    /usr/lib/x86_64-linux-gnu/libatspi.so.0.0.1
7fe6e02f6000-7fe6e04f5000 ---p 0002c000 08:05 2238852                    /usr/lib/x86_64-linux-gnu/libatspi.so.0.0.1
7fe6e04f5000-7fe6e04f8000 r--p 0002b000 08:05 2238852                    /usr/lib/x86_64-linux-gnu/libatspi.so.0.0.1
7fe6e04f8000-7fe6e04f9000 rw-p 0002e000 08:05 2238852                    /usr/lib/x86_64-linux-gnu/libatspi.so.0.0.1
7fe6e04f9000-7fe6e0526000 r-xp 00000000 08:05 2238846                    /usr/lib/x86_64-linux-gnu/libatk-bridge-2.0.so.0.0.0
7fe6e0526000-7fe6e0725000 ---p 0002d000 08:05 2238846                    /usr/lib/x86_64-linux-gnu/libatk-bridge-2.0.so.0.0.0
7fe6e0725000-7fe6e0726000 r--p 0002c000 08:05 2238846                    /usr/lib/x86_64-linux-gnu/libatk-bridge-2.0.so.0.0.0
7fe6e0726000-7fe6e0728000 rw-p 0002d000 08:05 2238846                    /usr/lib/x86_64-linux-gnu/libatk-bridge-2.0.so.0.0.0
7fe6e0728000-7fe6e0729000 r-xp 00000000 08:05 133968                     /usr/lib/x86_64-linux-gnu/gtk-2.0/modules/libatk-bridge.so
7fe6e0729000-7fe6e0928000 ---p 00001000 08:05 133968                     /usr/lib/x86_64-linux-gnu/gtk-2.0/modules/libatk-bridge.so
7fe6e0928000-7fe6e0929000 r--p 00000000 08:05 133968                     /usr/lib/x86_64-linux-gnu/gtk-2.0/modules/libatk-bridge.so
7fe6e0929000-7fe6e092a000 rw-p 00001000 08:05 133968                     /usr/lib/x86_64-linux-gnu/gtk-2.0/modules/libatk-bridge.so
7fe6e092a000-7fe6e0931000 r-xp 00000000 08:05 2228785                    /usr/lib/x86_64-linux-gnu/libgailutil.so.18.0.1
7fe6e0931000-7fe6e0b30000 ---p 00007000 08:05 2228785                    /usr/lib/x86_64-linux-gnu/libgailutil.so.18.0.1
7fe6e0b30000-7fe6e0b31000 r--p 00006000 08:05 2228785                    /usr/lib/x86_64-linux-gnu/libgailutil.so.18.0.1
7fe6e0b31000-7fe6e0b32000 rw-p 00007000 08:05 2228785                    /usr/lib/x86_64-linux-gnu/libgailutil.so.18.0.1
7fe6e0b32000-7fe6e0b80000 r-xp 00000000 08:05 132695                     /usr/lib/x86_64-linux-gnu/gtk-2.0/modules/libgail.so
7fe6e0b80000-7fe6e0d7f000 ---p 0004e000 08:05 132695                     /usr/lib/x86_64-linux-gnu/gtk-2.0/modules/libgail.so
7fe6e0d7f000-7fe6e0d80000 r--p 0004d000 08:05 132695                     /usr/lib/x86_64-linux-gnu/gtk-2.0/modules/libgail.so
7fe6e0d80000-7fe6e0d82000 rw-p 0004e000 08:05 132695                     /usr/lib/x86_64-linux-gnu/gtk-2.0/modules/libgail.so
7fe6e0d82000-7fe6e0d93000 r-xp 00000000 08:05 132122                     /usr/lib/x86_64-linux-gnu/gtk-2.0/modules/liboverlay-scrollbar.so
7fe6e0d93000-7fe6e0f93000 ---p 00011000 08:05 132122                     /usr/lib/x86_64-linux-gnu/gtk-2.0/modules/liboverlay-scrollbar.so
7fe6e0f93000-7fe6e0f94000 r--p 00011000 08:05 132122                     /usr/lib/x86_64-linux-gnu/gtk-2.0/modules/liboverlay-scrollbar.so
7fe6e0f94000-7fe6e0f95000 rw-p 00012000 08:05 132122                     /usr/lib/x86_64-linux-gnu/gtk-2.0/modules/liboverlay-scrollbar.so
7fe6e0f95000-7fe6e0fbe000 r-xp 00000000 08:05 2243370                    /usr/lib/jvm/java-8-oracle/jre/lib/amd64/libglass.so
7fe6e0fbe000-7fe6e11bd000 ---p 00029000 08:05 2243370                    /usr/lib/jvm/java-8-oracle/jre/lib/amd64/libglass.so
7fe6e11bd000-7fe6e11c0000 rw-p 00028000 08:05 2243370                    /usr/lib/jvm/java-8-oracle/jre/lib/amd64/libglass.so
7fe6e11c0000-7fe6e11f7000 r-xp 00000000 08:05 2240033                    /usr/lib/x86_64-linux-gnu/libtxc_dxtn_s2tc.so.0.0.0
7fe6e11f7000-7fe6e13f6000 ---p 00037000 08:05 2240033                    /usr/lib/x86_64-linux-gnu/libtxc_dxtn_s2tc.so.0.0.0
7fe6e13f6000-7fe6e13f7000 r--p 00036000 08:05 2240033                    /usr/lib/x86_64-linux-gnu/libtxc_dxtn_s2tc.so.0.0.0
7fe6e13f7000-7fe6e13f8000 rw-p 00037000 08:05 2240033                    /usr/lib/x86_64-linux-gnu/libtxc_dxtn_s2tc.so.0.0.0
7fe6e13f8000-7fe6e1400000 r-xp 00000000 08:05 2239767                    /usr/lib/x86_64-linux-gnu/libpciaccess.so.0.11.1
7fe6e1400000-7fe6e1600000 ---p 00008000 08:05 2239767                    /usr/lib/x86_64-linux-gnu/libpciaccess.so.0.11.1
7fe6e1600000-7fe6e1601000 r--p 00008000 08:05 2239767                    /usr/lib/x86_64-linux-gnu/libpciaccess.so.0.11.1
7fe6e1601000-7fe6e1602000 rw-p 00009000 08:05 2239767                    /usr/lib/x86_64-linux-gnu/libpciaccess.so.0.11.1
7fe6e1602000-7fe6e1614000 r-xp 00000000 08:05 398660                     /lib/x86_64-linux-gnu/libgpg-error.so.0.19.1
7fe6e1614000-7fe6e1814000 ---p 00012000 08:05 398660                     /lib/x86_64-linux-gnu/libgpg-error.so.0.19.1
7fe6e1814000-7fe6e1815000 r--p 00012000 08:05 398660                     /lib/x86_64-linux-gnu/libgpg-error.so.0.19.1
7fe6e1815000-7fe6e1816000 rw-p 00013000 08:05 398660                     /lib/x86_64-linux-gnu/libgpg-error.so.0.19.1
7fe6e1816000-7fe6e1821000 r-xp 00000000 08:05 2239069                    /usr/lib/x86_64-linux-gnu/libdrm_radeon.so.1.0.1
7fe6e1821000-7fe6e1a20000 ---p 0000b000 08:05 2239069                    /usr/lib/x86_64-linux-gnu/libdrm_radeon.so.1.0.1
7fe6e1a20000-7fe6e1a21000 r--p 0000a000 08:05 2239069                    /usr/lib/x86_64-linux-gnu/libdrm_radeon.so.1.0.1
7fe6e1a21000-7fe6e1a22000 rw-p 0000b000 08:05 2239069                    /usr/lib/x86_64-linux-gnu/libdrm_radeon.so.1.0.1
7fe6e1a22000-7fe6e1a29000 r-xp 00000000 08:05 2239067                    /usr/lib/x86_64-linux-gnu/libdrm_nouveau.so.2.0.0
7fe6e1a29000-7fe6e1c28000 ---p 00007000 08:05 2239067                    /usr/lib/x86_64-linux-gnu/libdrm_nouveau.so.2.0.0
7fe6e1c28000-7fe6e1c29000 r--p 00006000 08:05 2239067                    /usr/lib/x86_64-linux-gnu/libdrm_nouveau.so.2.0.0
7fe6e1c29000-7fe6e1c2a000 rw-p 00007000 08:05 2239067                    /usr/lib/x86_64-linux-gnu/libdrm_nouveau.so.2.0.0
7fe6e1c2a000-7fe6e1c4a000 r-xp 00000000 08:05 2239065                    /usr/lib/x86_64-linux-gnu/libdrm_intel.so.1.0.0
7fe6e1c4a000-7fe6e1e49000 ---p 00020000 08:05 2239065                    /usr/lib/x86_64-linux-gnu/libdrm_intel.so.1.0.0
7fe6e1e49000-7fe6e1e4a000 r--p 0001f000 08:05 2239065                    /usr/lib/x86_64-linux-gnu/libdrm_intel.so.1.0.0
7fe6e1e4a000-7fe6e1e4b000 rw-p 00020000 08:05 2239065                    /usr/lib/x86_64-linux-gnu/libdrm_intel.so.1.0.0
7fe6e1e4b000-7fe6e1f52000 r-xp 00000000 08:05 398656                     /lib/x86_64-linux-gnu/libgcrypt.so.20.1.2
7fe6e1f52000-7fe6e2151000 ---p 00107000 08:05 398656                     /lib/x86_64-linux-gnu/libgcrypt.so.20.1.2
7fe6e2151000-7fe6e2153000 r--p 00106000 08:05 398656                     /lib/x86_64-linux-gnu/libgcrypt.so.20.1.2
7fe6e2153000-7fe6e215a000 rw-p 00108000 08:05 398656                     /lib/x86_64-linux-gnu/libgcrypt.so.20.1.2
7fe6e215a000-7fe6e27fd000 r-xp 00000000 08:05 133427                     /usr/lib/x86_64-linux-gnu/dri/i965_dri.so
7fe6e27fd000-7fe6e29fc000 ---p 006a3000 08:05 133427                     /usr/lib/x86_64-linux-gnu/dri/i965_dri.so
7fe6e29fc000-7fe6e2a3b000 r--p 006a2000 08:05 133427                     /usr/lib/x86_64-linux-gnu/dri/i965_dri.so
7fe6e2a3b000-7fe6e2a43000 rw-p 006e1000 08:05 133427                     /usr/lib/x86_64-linux-gnu/dri/i965_dri.so
7fe6e2a43000-7fe6e2a4b000 rw-p 00000000 00:00 0 
7fe6e2a4b000-7fe6e2a4f000 r-xp 00000000 08:05 398105                     /lib/x86_64-linux-gnu/libuuid.so.1.3.0
7fe6e2a4f000-7fe6e2c4e000 ---p 00004000 08:05 398105                     /lib/x86_64-linux-gnu/libuuid.so.1.3.0
7fe6e2c4e000-7fe6e2c4f000 r--p 00003000 08:05 398105                     /lib/x86_64-linux-gnu/libuuid.so.1.3.0
7fe6e2c4f000-7fe6e2c50000 rw-p 00004000 08:05 398105                     /lib/x86_64-linux-gnu/libuuid.so.1.3.0
7fe6e2c50000-7fe6e2c56000 r-xp 00000000 08:05 2239010                    /usr/lib/x86_64-linux-gnu/libdatrie.so.1.3.3
7fe6e2c56000-7fe6e2e56000 ---p 00006000 08:05 2239010                    /usr/lib/x86_64-linux-gnu/libdatrie.so.1.3.3
7fe6e2e56000-7fe6e2e57000 r--p 00006000 08:05 2239010                    /usr/lib/x86_64-linux-gnu/libdatrie.so.1.3.3
7fe6e2e57000-7fe6e2e58000 rw-p 00007000 08:05 2239010                    /usr/lib/x86_64-linux-gnu/libdatrie.so.1.3.3
7fe6e2e58000-7fe6e2e5d000 r-xp 00000000 08:05 2238755                    /usr/lib/x86_64-linux-gnu/libXdmcp.so.6.0.0
7fe6e2e5d000-7fe6e305c000 ---p 00005000 08:05 2238755                    /usr/lib/x86_64-linux-gnu/libXdmcp.so.6.0.0
7fe6e305c000-7fe6e305d000 r--p 00004000 08:05 2238755                    /usr/lib/x86_64-linux-gnu/libXdmcp.so.6.0.0
7fe6e305d000-7fe6e305e000 rw-p 00005000 08:05 2238755                    /usr/lib/x86_64-linux-gnu/libXdmcp.so.6.0.0
7fe6e305e000-7fe6e3060000 r-xp 00000000 08:05 2238744                    /usr/lib/x86_64-linux-gnu/libXau.so.6.0.0
7fe6e3060000-7fe6e3260000 ---p 00002000 08:05 2238744                    /usr/lib/x86_64-linux-gnu/libXau.so.6.0.0
7fe6e3260000-7fe6e3261000 r--p 00002000 08:05 2238744                    /usr/lib/x86_64-linux-gnu/libXau.so.6.0.0
7fe6e3261000-7fe6e3262000 rw-p 00003000 08:05 2238744                    /usr/lib/x86_64-linux-gnu/libXau.so.6.0.0
7fe6e3262000-7fe6e3285000 r-xp 00000000 08:05 2239322                    /usr/lib/x86_64-linux-gnu/libgraphite2.so.3.0.1
7fe6e3285000-7fe6e3484000 ---p 00023000 08:05 2239322                    /usr/lib/x86_64-linux-gnu/libgraphite2.so.3.0.1
7fe6e3484000-7fe6e3486000 r--p 00022000 08:05 2239322                    /usr/lib/x86_64-linux-gnu/libgraphite2.so.3.0.1
7fe6e3486000-7fe6e3487000 rw-p 00024000 08:05 2239322                    /usr/lib/x86_64-linux-gnu/libgraphite2.so.3.0.1
7fe6e3487000-7fe6e34c4000 r-xp 00000000 08:05 398114                     /lib/x86_64-linux-gnu/libblkid.so.1.1.0
7fe6e34c4000-7fe6e36c3000 ---p 0003d000 08:05 398114                     /lib/x86_64-linux-gnu/libblkid.so.1.1.0
7fe6e36c3000-7fe6e36c7000 r--p 0003c000 08:05 398114                     /lib/x86_64-linux-gnu/libblkid.so.1.1.0
7fe6e36c7000-7fe6e36c8000 rw-p 00040000 08:05 398114                     /lib/x86_64-linux-gnu/libblkid.so.1.1.0
7fe6e36c8000-7fe6e36c9000 rw-p 00000000 00:00 0 
7fe6e36c9000-7fe6e36d7000 r-xp 00000000 08:05 2239061                    /usr/lib/x86_64-linux-gnu/libdrm.so.2.4.0
7fe6e36d7000-7fe6e38d6000 ---p 0000e000 08:05 2239061                    /usr/lib/x86_64-linux-gnu/libdrm.so.2.4.0
7fe6e38d6000-7fe6e38d7000 r--p 0000d000 08:05 2239061                    /usr/lib/x86_64-linux-gnu/libdrm.so.2.4.0
7fe6e38d7000-7fe6e38d8000 rw-p 0000e000 08:05 2239061                    /usr/lib/x86_64-linux-gnu/libdrm.so.2.4.0
7fe6e38d8000-7fe6e38dc000 r-xp 00000000 08:05 2240244                    /usr/lib/x86_64-linux-gnu/libxcb-dri2.so.0.0.0
7fe6e38dc000-7fe6e3adb000 ---p 00004000 08:05 2240244                    /usr/lib/x86_64-linux-gnu/libxcb-dri2.so.0.0.0
7fe6e3adb000-7fe6e3adc000 r--p 00003000 08:05 2240244                    /usr/lib/x86_64-linux-gnu/libxcb-dri2.so.0.0.0
7fe6e3adc000-7fe6e3add000 rw-p 00004000 08:05 2240244                    /usr/lib/x86_64-linux-gnu/libxcb-dri2.so.0.0.0
7fe6e3add000-7fe6e3af4000 r-xp 00000000 08:05 2240248                    /usr/lib/x86_64-linux-gnu/libxcb-glx.so.0.0.0
7fe6e3af4000-7fe6e3cf3000 ---p 00017000 08:05 2240248                    /usr/lib/x86_64-linux-gnu/libxcb-glx.so.0.0.0
7fe6e3cf3000-7fe6e3cf5000 r--p 00016000 08:05 2240248                    /usr/lib/x86_64-linux-gnu/libxcb-glx.so.0.0.0
7fe6e3cf5000-7fe6e3cf6000 rw-p 00018000 08:05 2240248                    /usr/lib/x86_64-linux-gnu/libxcb-glx.so.0.0.0
7fe6e3cf6000-7fe6e3cf7000 r-xp 00000000 08:05 2238738                    /usr/lib/x86_64-linux-gnu/libX11-xcb.so.1.0.0
7fe6e3cf7000-7fe6e3ef6000 ---p 00001000 08:05 2238738                    /usr/lib/x86_64-linux-gnu/libX11-xcb.so.1.0.0
7fe6e3ef6000-7fe6e3ef7000 r--p 00000000 08:05 2238738                    /usr/lib/x86_64-linux-gnu/libX11-xcb.so.1.0.0
7fe6e3ef7000-7fe6e3ef8000 rw-p 00001000 08:05 2238738                    /usr/lib/x86_64-linux-gnu/libX11-xcb.so.1.0.0
7fe6e3ef8000-7fe6e3f21000 r-xp 00000000 08:05 2231673                    /usr/lib/x86_64-linux-gnu/libglapi.so.0.0.0
7fe6e3f21000-7fe6e4120000 ---p 00029000 08:05 2231673                    /usr/lib/x86_64-linux-gnu/libglapi.so.0.0.0
7fe6e4120000-7fe6e4124000 r--p 00028000 08:05 2231673                    /usr/lib/x86_64-linux-gnu/libglapi.so.0.0.0
7fe6e4124000-7fe6e4125000 rw-p 0002c000 08:05 2231673                    /usr/lib/x86_64-linux-gnu/libglapi.so.0.0.0
7fe6e4125000-7fe6e4126000 rw-p 00000000 00:00 0 
7fe6e4126000-7fe6e4127000 r-xp 00000000 08:05 2240290                    /usr/lib/x86_64-linux-gnu/libxshmfence.so.1.0.0
7fe6e4127000-7fe6e4327000 ---p 00001000 08:05 2240290                    /usr/lib/x86_64-linux-gnu/libxshmfence.so.1.0.0
7fe6e4327000-7fe6e4328000 r--p 00001000 08:05 2240290                    /usr/lib/x86_64-linux-gnu/libxshmfence.so.1.0.0
7fe6e4328000-7fe6e4329000 rw-p 00002000 08:05 2240290                    /usr/lib/x86_64-linux-gnu/libxshmfence.so.1.0.0
7fe6e4329000-7fe6e432e000 r-xp 00000000 08:05 2240268                    /usr/lib/x86_64-linux-gnu/libxcb-sync.so.1.0.0
7fe6e432e000-7fe6e452e000 ---p 00005000 08:05 2240268                    /usr/lib/x86_64-linux-gnu/libxcb-sync.so.1.0.0
7fe6e452e000-7fe6e452f000 r--p 00005000 08:05 2240268                    /usr/lib/x86_64-linux-gnu/libxcb-sync.so.1.0.0
7fe6e452f000-7fe6e4530000 rw-p 00006000 08:05 2240268                    /usr/lib/x86_64-linux-gnu/libxcb-sync.so.1.0.0
7fe6e4530000-7fe6e4532000 r-xp 00000000 08:05 2240256                    /usr/lib/x86_64-linux-gnu/libxcb-present.so.0.0.0
7fe6e4532000-7fe6e4731000 ---p 00002000 08:05 2240256                    /usr/lib/x86_64-linux-gnu/libxcb-present.so.0.0.0
7fe6e4731000-7fe6e4732000 r--p 00001000 08:05 2240256                    /usr/lib/x86_64-linux-gnu/libxcb-present.so.0.0.0
7fe6e4732000-7fe6e4733000 rw-p 00002000 08:05 2240256                    /usr/lib/x86_64-linux-gnu/libxcb-present.so.0.0.0
7fe6e4733000-7fe6e4735000 r-xp 00000000 08:05 2240246                    /usr/lib/x86_64-linux-gnu/libxcb-dri3.so.0.0.0
7fe6e4735000-7fe6e4934000 ---p 00002000 08:05 2240246                    /usr/lib/x86_64-linux-gnu/libxcb-dri3.so.0.0.0
7fe6e4934000-7fe6e4935000 r--p 00001000 08:05 2240246                    /usr/lib/x86_64-linux-gnu/libxcb-dri3.so.0.0.0
7fe6e4935000-7fe6e4936000 rw-p 00002000 08:05 2240246                    /usr/lib/x86_64-linux-gnu/libxcb-dri3.so.0.0.0
7fe6e4936000-7fe6e49a8000 r-xp 00000000 08:05 398742                     /lib/x86_64-linux-gnu/libpcre.so.3.13.3
7fe6e49a8000-7fe6e4ba7000 ---p 00072000 08:05 398742                     /lib/x86_64-linux-gnu/libpcre.so.3.13.3
7fe6e4ba7000-7fe6e4ba8000 r--p 00071000 08:05 398742                     /lib/x86_64-linux-gnu/libpcre.so.3.13.3
7fe6e4ba8000-7fe6e4ba9000 rw-p 00072000 08:05 398742                     /lib/x86_64-linux-gnu/libpcre.so.3.13.3
7fe6e4ba9000-7fe6e4bb0000 r-xp 00000000 08:05 2239141                    /usr/lib/x86_64-linux-gnu/libffi.so.6.0.4
7fe6e4bb0000-7fe6e4daf000 ---p 00007000 08:05 2239141                    /usr/lib/x86_64-linux-gnu/libffi.so.6.0.4
7fe6e4daf000-7fe6e4db0000 r--p 00006000 08:05 2239141                    /usr/lib/x86_64-linux-gnu/libffi.so.6.0.4
7fe6e4db0000-7fe6e4db1000 rw-p 00007000 08:05 2239141                    /usr/lib/x86_64-linux-gnu/libffi.so.6.0.4
7fe6e4db1000-7fe6e4dd8000 r-xp 00000000 08:05 398647                     /lib/x86_64-linux-gnu/libexpat.so.1.6.2
7fe6e4dd8000-7fe6e4fd8000 ---p 00027000 08:05 398647                     /lib/x86_64-linux-gnu/libexpat.so.1.6.2
7fe6e4fd8000-7fe6e4fda000 r--p 00027000 08:05 398647                     /lib/x86_64-linux-gnu/libexpat.so.1.6.2
7fe6e4fda000-7fe6e4fdb000 rw-p 00029000 08:05 398647                     /lib/x86_64-linux-gnu/libexpat.so.1.6.2
7fe6e4fdb000-7fe6e4fe3000 r-xp 00000000 08:05 2240000                    /usr/lib/x86_64-linux-gnu/libthai.so.0.3.0
7fe6e4fe3000-7fe6e51e2000 ---p 00008000 08:05 2240000                    /usr/lib/x86_64-linux-gnu/libthai.so.0.3.0
7fe6e51e2000-7fe6e51e3000 r--p 00007000 08:05 2240000                    /usr/lib/x86_64-linux-gnu/libthai.so.0.3.0
7fe6e51e3000-7fe6e51e4000 rw-p 00008000 08:05 2240000                    /usr/lib/x86_64-linux-gnu/libthai.so.0.3.0
7fe6e51e4000-7fe6e5205000 r-xp 00000000 08:05 2240278                    /usr/lib/x86_64-linux-gnu/libxcb.so.1.1.0
7fe6e5205000-7fe6e5404000 ---p 00021000 08:05 2240278                    /usr/lib/x86_64-linux-gnu/libxcb.so.1.1.0
7fe6e5404000-7fe6e5405000 r--p 00020000 08:05 2240278                    /usr/lib/x86_64-linux-gnu/libxcb.so.1.1.0
7fe6e5405000-7fe6e5406000 rw-p 00021000 08:05 2240278                    /usr/lib/x86_64-linux-gnu/libxcb.so.1.1.0
7fe6e5406000-7fe6e540e000 r-xp 00000000 08:05 2240262                    /usr/lib/x86_64-linux-gnu/libxcb-render.so.0.0.0
7fe6e540e000-7fe6e560e000 ---p 00008000 08:05 2240262                    /usr/lib/x86_64-linux-gnu/libxcb-render.so.0.0.0
7fe6e560e000-7fe6e560f000 r--p 00008000 08:05 2240262                    /usr/lib/x86_64-linux-gnu/libxcb-render.so.0.0.0
7fe6e560f000-7fe6e5610000 rw-p 00009000 08:05 2240262                    /usr/lib/x86_64-linux-gnu/libxcb-render.so.0.0.0
7fe6e5610000-7fe6e5612000 r-xp 00000000 08:05 2240266                    /usr/lib/x86_64-linux-gnu/libxcb-shm.so.0.0.0
7fe6e5612000-7fe6e5812000 ---p 00002000 08:05 2240266                    /usr/lib/x86_64-linux-gnu/libxcb-shm.so.0.0.0
7fe6e5812000-7fe6e5813000 r--p 00002000 08:05 2240266                    /usr/lib/x86_64-linux-gnu/libxcb-shm.so.0.0.0
7fe6e5813000-7fe6e5814000 rw-p 00003000 08:05 2240266                    /usr/lib/x86_64-linux-gnu/libxcb-shm.so.0.0.0
7fe6e5814000-7fe6e5845000 r-xp 00000000 08:05 2239791                    /usr/lib/x86_64-linux-gnu/libpng16.so.16.25.0
7fe6e5845000-7fe6e5a44000 ---p 00031000 08:05 2239791                    /usr/lib/x86_64-linux-gnu/libpng16.so.16.25.0
7fe6e5a44000-7fe6e5a45000 r--p 00030000 08:05 2239791                    /usr/lib/x86_64-linux-gnu/libpng16.so.16.25.0
7fe6e5a45000-7fe6e5a46000 rw-p 00031000 08:05 2239791                    /usr/lib/x86_64-linux-gnu/libpng16.so.16.25.0
7fe6e5a46000-7fe6e5ae5000 r-xp 00000000 08:05 2239783                    /usr/lib/x86_64-linux-gnu/libpixman-1.so.0.33.6
7fe6e5ae5000-7fe6e5ce5000 ---p 0009f000 08:05 2239783                    /usr/lib/x86_64-linux-gnu/libpixman-1.so.0.33.6
7fe6e5ce5000-7fe6e5ced000 r--p 0009f000 08:05 2239783                    /usr/lib/x86_64-linux-gnu/libpixman-1.so.0.33.6
7fe6e5ced000-7fe6e5cee000 rw-p 000a7000 08:05 2239783                    /usr/lib/x86_64-linux-gnu/libpixman-1.so.0.33.6
7fe6e5cee000-7fe6e5d6c000 r-xp 00000000 08:05 2239412                    /usr/lib/x86_64-linux-gnu/libharfbuzz.so.0.10200.7
7fe6e5d6c000-7fe6e5f6c000 ---p 0007e000 08:05 2239412                    /usr/lib/x86_64-linux-gnu/libharfbuzz.so.0.10200.7
7fe6e5f6c000-7fe6e5f6d000 r--p 0007e000 08:05 2239412                    /usr/lib/x86_64-linux-gnu/libharfbuzz.so.0.10200.7
7fe6e5f6d000-7fe6e5f6e000 rw-p 0007f000 08:05 2239412                    /usr/lib/x86_64-linux-gnu/libharfbuzz.so.0.10200.7
7fe6e5f6e000-7fe6e5fb4000 r-xp 00000000 08:05 398122                     /lib/x86_64-linux-gnu/libmount.so.1.1.0
7fe6e5fb4000-7fe6e61b3000 ---p 00046000 08:05 398122                     /lib/x86_64-linux-gnu/libmount.so.1.1.0
7fe6e61b3000-7fe6e61b4000 r--p 00045000 08:05 398122                     /lib/x86_64-linux-gnu/libmount.so.1.1.0
7fe6e61b4000-7fe6e61b5000 rw-p 00046000 08:05 398122                     /lib/x86_64-linux-gnu/libmount.so.1.1.0
7fe6e61b5000-7fe6e61b6000 rw-p 00000000 00:00 0 
7fe6e61b6000-7fe6e61cd000 r-xp 00000000 08:05 409762                     /lib/x86_64-linux-gnu/libresolv-2.24.so
7fe6e61cd000-7fe6e63cd000 ---p 00017000 08:05 409762                     /lib/x86_64-linux-gnu/libresolv-2.24.so
7fe6e63cd000-7fe6e63ce000 r--p 00017000 08:05 409762                     /lib/x86_64-linux-gnu/libresolv-2.24.so
7fe6e63ce000-7fe6e63cf000 rw-p 00018000 08:05 409762                     /lib/x86_64-linux-gnu/libresolv-2.24.so
7fe6e63cf000-7fe6e63d1000 rw-p 00000000 00:00 0 
7fe6e63d1000-7fe6e63f4000 r-xp 00000000 08:05 398769                     /lib/x86_64-linux-gnu/libselinux.so.1
7fe6e63f4000-7fe6e65f3000 ---p 00023000 08:05 398769                     /lib/x86_64-linux-gnu/libselinux.so.1
7fe6e65f3000-7fe6e65f4000 r--p 00022000 08:05 398769                     /lib/x86_64-linux-gnu/libselinux.so.1
7fe6e65f4000-7fe6e65f5000 rw-p 00023000 08:05 398769                     /lib/x86_64-linux-gnu/libselinux.so.1
7fe6e65f5000-7fe6e65f7000 rw-p 00000000 00:00 0 
7fe6e65f7000-7fe6e6610000 r-xp 00000000 08:05 398798                     /lib/x86_64-linux-gnu/libz.so.1.2.8
7fe6e6610000-7fe6e680f000 ---p 00019000 08:05 398798                     /lib/x86_64-linux-gnu/libz.so.1.2.8
7fe6e680f000-7fe6e6810000 r--p 00018000 08:05 398798                     /lib/x86_64-linux-gnu/libz.so.1.2.8
7fe6e6810000-7fe6e6811000 rw-p 00019000 08:05 398798                     /lib/x86_64-linux-gnu/libz.so.1.2.8
7fe6e6811000-7fe6e6822000 r-xp 00000000 08:05 2238757                    /usr/lib/x86_64-linux-gnu/libXext.so.6.4.0
7fe6e6822000-7fe6e6a21000 ---p 00011000 08:05 2238757                    /usr/lib/x86_64-linux-gnu/libXext.so.6.4.0
7fe6e6a21000-7fe6e6a22000 r--p 00010000 08:05 2238757                    /usr/lib/x86_64-linux-gnu/libXext.so.6.4.0
7fe6e6a22000-7fe6e6a23000 rw-p 00011000 08:05 2238757                    /usr/lib/x86_64-linux-gnu/libXext.so.6.4.0
7fe6e6a23000-7fe6e6a25000 r-xp 00000000 08:05 2238753                    /usr/lib/x86_64-linux-gnu/libXdamage.so.1.1.0
7fe6e6a25000-7fe6e6c24000 ---p 00002000 08:05 2238753                    /usr/lib/x86_64-linux-gnu/libXdamage.so.1.1.0
7fe6e6c24000-7fe6e6c25000 r--p 00001000 08:05 2238753                    /usr/lib/x86_64-linux-gnu/libXdamage.so.1.1.0
7fe6e6c25000-7fe6e6c26000 rw-p 00002000 08:05 2238753                    /usr/lib/x86_64-linux-gnu/libXdamage.so.1.1.0
7fe6e6c26000-7fe6e6c28000 r-xp 00000000 08:05 2238749                    /usr/lib/x86_64-linux-gnu/libXcomposite.so.1.0.0
7fe6e6c28000-7fe6e6e27000 ---p 00002000 08:05 2238749                    /usr/lib/x86_64-linux-gnu/libXcomposite.so.1.0.0
7fe6e6e27000-7fe6e6e28000 r--p 00001000 08:05 2238749                    /usr/lib/x86_64-linux-gnu/libXcomposite.so.1.0.0
7fe6e6e28000-7fe6e6e29000 rw-p 00002000 08:05 2238749                    /usr/lib/x86_64-linux-gnu/libXcomposite.so.1.0.0
7fe6e6e29000-7fe6e6e32000 r-xp 00000000 08:05 2238751                    /usr/lib/x86_64-linux-gnu/libXcursor.so.1.0.2
7fe6e6e32000-7fe6e7031000 ---p 00009000 08:05 2238751                    /usr/lib/x86_64-linux-gnu/libXcursor.so.1.0.2
7fe6e7031000-7fe6e7032000 r--p 00008000 08:05 2238751                    /usr/lib/x86_64-linux-gnu/libXcursor.so.1.0.2
7fe6e7032000-7fe6e7033000 rw-p 00009000 08:05 2238751                    /usr/lib/x86_64-linux-gnu/libXcursor.so.1.0.2
7fe6e7033000-7fe6e703d000 r-xp 00000000 08:05 2238775                    /usr/lib/x86_64-linux-gnu/libXrandr.so.2.2.0
7fe6e703d000-7fe6e723c000 ---p 0000a000 08:05 2238775                    /usr/lib/x86_64-linux-gnu/libXrandr.so.2.2.0
7fe6e723c000-7fe6e723d000 r--p 00009000 08:05 2238775                    /usr/lib/x86_64-linux-gnu/libXrandr.so.2.2.0
7fe6e723d000-7fe6e723e000 rw-p 0000a000 08:05 2238775                    /usr/lib/x86_64-linux-gnu/libXrandr.so.2.2.0
7fe6e723e000-7fe6e724d000 r-xp 00000000 08:05 2238765                    /usr/lib/x86_64-linux-gnu/libXi.so.6.1.0
7fe6e724d000-7fe6e744c000 ---p 0000f000 08:05 2238765                    /usr/lib/x86_64-linux-gnu/libXi.so.6.1.0
7fe6e744c000-7fe6e744d000 r--p 0000e000 08:05 2238765                    /usr/lib/x86_64-linux-gnu/libXi.so.6.1.0
7fe6e744d000-7fe6e744e000 rw-p 0000f000 08:05 2238765                    /usr/lib/x86_64-linux-gnu/libXi.so.6.1.0
7fe6e744e000-7fe6e7450000 r-xp 00000000 08:05 2238767                    /usr/lib/x86_64-linux-gnu/libXinerama.so.1.0.0
7fe6e7450000-7fe6e764f000 ---p 00002000 08:05 2238767                    /usr/lib/x86_64-linux-gnu/libXinerama.so.1.0.0
7fe6e764f000-7fe6e7650000 r--p 00001000 08:05 2238767                    /usr/lib/x86_64-linux-gnu/libXinerama.so.1.0.0
7fe6e7650000-7fe6e7651000 rw-p 00002000 08:05 2238767                    /usr/lib/x86_64-linux-gnu/libXinerama.so.1.0.0
7fe6e7651000-7fe6e765a000 r-xp 00000000 08:05 2238777                    /usr/lib/x86_64-linux-gnu/libXrender.so.1.3.0
7fe6e765a000-7fe6e7859000 ---p 00009000 08:05 2238777                    /usr/lib/x86_64-linux-gnu/libXrender.so.1.3.0
7fe6e7859000-7fe6e785a000 r--p 00008000 08:05 2238777                    /usr/lib/x86_64-linux-gnu/libXrender.so.1.3.0
7fe6e785a000-7fe6e785b000 rw-p 00009000 08:05 2238777                    /usr/lib/x86_64-linux-gnu/libXrender.so.1.3.0
7fe6e785b000-7fe6e7860000 r-xp 00000000 08:05 2238759                    /usr/lib/x86_64-linux-gnu/libXfixes.so.3.1.0
7fe6e7860000-7fe6e7a5f000 ---p 00005000 08:05 2238759                    /usr/lib/x86_64-linux-gnu/libXfixes.so.3.1.0
7fe6e7a5f000-7fe6e7a60000 r--p 00004000 08:05 2238759                    /usr/lib/x86_64-linux-gnu/libXfixes.so.3.1.0
7fe6e7a60000-7fe6e7a61000 rw-p 00005000 08:05 2238759                    /usr/lib/x86_64-linux-gnu/libXfixes.so.3.1.0
7fe6e7a61000-7fe6e7a77000 r-xp 00000000 08:05 398654                     /lib/x86_64-linux-gnu/libgcc_s.so.1
7fe6e7a77000-7fe6e7c76000 ---p 00016000 08:05 398654                     /lib/x86_64-linux-gnu/libgcc_s.so.1
7fe6e7c76000-7fe6e7c77000 r--p 00015000 08:05 398654                     /lib/x86_64-linux-gnu/libgcc_s.so.1
7fe6e7c77000-7fe6e7c78000 rw-p 00016000 08:05 398654                     /lib/x86_64-linux-gnu/libgcc_s.so.1
7fe6e7c78000-7fe6e7df0000 r-xp 00000000 08:05 2239972                    /usr/lib/x86_64-linux-gnu/libstdc++.so.6.0.22
7fe6e7df0000-7fe6e7ff0000 ---p 00178000 08:05 2239972                    /usr/lib/x86_64-linux-gnu/libstdc++.so.6.0.22
7fe6e7ff0000-7fe6e7ffa000 r--p 00178000 08:05 2239972                    /usr/lib/x86_64-linux-gnu/libstdc++.so.6.0.22
7fe6e7ffa000-7fe6e7ffc000 rw-p 00182000 08:05 2239972                    /usr/lib/x86_64-linux-gnu/libstdc++.so.6.0.22
7fe6e7ffc000-7fe6e8000000 rw-p 00000000 00:00 0 
7fe6e8000000-7fe6e82b7000 rw-p 00000000 00:00 0 
7fe6e82b7000-7fe6ec000000 ---p 00000000 00:00 0 
7fe6ec000000-7fe6ede65000 rw-p 00000000 00:00 0 
7fe6ede65000-7fe6f0000000 ---p 00000000 00:00 0 
7fe6f0000000-7fe6f0021000 rw-p 00000000 00:00 0 
7fe6f0021000-7fe6f4000000 ---p 00000000 00:00 0 
7fe6f4000000-7fe6f407d000 rw-p 00000000 00:00 0 
7fe6f407d000-7fe6f8000000 ---p 00000000 00:00 0 
7fe6f8000000-7fe6f8251000 rw-p 00000000 00:00 0 
7fe6f8251000-7fe6fc000000 ---p 00000000 00:00 0 
7fe6fc000000-7fe6fc021000 rw-p 00000000 00:00 0 
7fe6fc021000-7fe700000000 ---p 00000000 00:00 0 
7fe700000000-7fe7000f9000 rw-p 00000000 00:00 0 
7fe7000f9000-7fe704000000 ---p 00000000 00:00 0 
7fe704000000-7fe70407b000 rw-p 00000000 00:00 0 
7fe70407b000-7fe708000000 ---p 00000000 00:00 0 
7fe708000000-7fe708021000 rw-p 00000000 00:00 0 
7fe708021000-7fe70c000000 ---p 00000000 00:00 0 
7fe70c001000-7fe70c003000 rw-s 100360000 00:06 391                       /dev/dri/card0
7fe70c003000-7fe70c00b000 rw-s 00000000 00:05 935940                     /drm mm object (deleted)
7fe70c00b000-7fe70c01e000 r--p 00000000 08:05 2243414                    /usr/lib/jvm/java-8-oracle/jre/lib/fonts/LucidaBrightDemiBold.ttf
7fe70c01e000-7fe70c032000 r--p 00000000 08:05 2243417                    /usr/lib/jvm/java-8-oracle/jre/lib/fonts/LucidaBrightItalic.ttf
7fe70c032000-7fe70c045000 r--p 00000000 08:05 2243421                    /usr/lib/jvm/java-8-oracle/jre/lib/fonts/LucidaBrightDemiItalic.ttf
7fe70c045000-7fe70c093000 r--p 00000000 08:05 2243420                    /usr/lib/jvm/java-8-oracle/jre/lib/fonts/LucidaSansDemiBold.ttf
7fe70c093000-7fe70c098000 r--s 00084000 08:05 2243424                    /usr/lib/jvm/java-8-oracle/jre/lib/jfr.jar
7fe70c098000-7fe70c11a000 r-xp 00000000 08:05 398147                     /lib/x86_64-linux-gnu/libsystemd.so.0.16.0
7fe70c11a000-7fe70c11d000 r--p 00081000 08:05 398147                     /lib/x86_64-linux-gnu/libsystemd.so.0.16.0
7fe70c11d000-7fe70c11e000 rw-p 00084000 08:05 398147                     /lib/x86_64-linux-gnu/libsystemd.so.0.16.0
7fe70c11e000-7fe70c11f000 rw-p 00000000 00:00 0 
7fe70c11f000-7fe70c18f000 r-xp 00000000 08:05 133030                     /usr/lib/x86_64-linux-gnu/mesa/libGL.so.1.2.0
7fe70c18f000-7fe70c38e000 ---p 00070000 08:05 133030                     /usr/lib/x86_64-linux-gnu/mesa/libGL.so.1.2.0
7fe70c38e000-7fe70c391000 r--p 0006f000 08:05 133030                     /usr/lib/x86_64-linux-gnu/mesa/libGL.so.1.2.0
7fe70c391000-7fe70c392000 rw-p 00072000 08:05 133030                     /usr/lib/x86_64-linux-gnu/mesa/libGL.so.1.2.0
7fe70c392000-7fe70c393000 rw-p 00000000 00:00 0 
7fe70c393000-7fe70c398000 r-xp 00000000 08:05 2238793                    /usr/lib/x86_64-linux-gnu/libXxf86vm.so.1.0.0
7fe70c398000-7fe70c597000 ---p 00005000 08:05 2238793                    /usr/lib/x86_64-linux-gnu/libXxf86vm.so.1.0.0
7fe70c597000-7fe70c598000 r--p 00004000 08:05 2238793                    /usr/lib/x86_64-linux-gnu/libXxf86vm.so.1.0.0
7fe70c598000-7fe70c599000 rw-p 00005000 08:05 2238793                    /usr/lib/x86_64-linux-gnu/libXxf86vm.so.1.0.0
7fe70c599000-7fe70c6ce000 r-xp 00000000 08:05 2238740                    /usr/lib/x86_64-linux-gnu/libX11.so.6.3.0
7fe70c6ce000-7fe70c8cd000 ---p 00135000 08:05 2238740                    /usr/lib/x86_64-linux-gnu/libX11.so.6.3.0
7fe70c8cd000-7fe70c8ce000 r--p 00134000 08:05 2238740                    /usr/lib/x86_64-linux-gnu/libX11.so.6.3.0
7fe70c8ce000-7fe70c8d2000 rw-p 00135000 08:05 2238740                    /usr/lib/x86_64-linux-gnu/libX11.so.6.3.0
7fe70c8d2000-7fe70c8d7000 r-xp 00000000 08:05 2238783                    /usr/lib/x86_64-linux-gnu/libXtst.so.6.1.0
7fe70c8d7000-7fe70cad6000 ---p 00005000 08:05 2238783                    /usr/lib/x86_64-linux-gnu/libXtst.so.6.1.0
7fe70cad6000-7fe70cad7000 r--p 00004000 08:05 2238783                    /usr/lib/x86_64-linux-gnu/libXtst.so.6.1.0
7fe70cad7000-7fe70cad8000 rw-p 00005000 08:05 2238783                    /usr/lib/x86_64-linux-gnu/libXtst.so.6.1.0
7fe70cad8000-7fe70cbea000 r-xp 00000000 08:05 399763                     /lib/x86_64-linux-gnu/libglib-2.0.so.0.5000.2
7fe70cbea000-7fe70cde9000 ---p 00112000 08:05 399763                     /lib/x86_64-linux-gnu/libglib-2.0.so.0.5000.2
7fe70cde9000-7fe70cdea000 r--p 00111000 08:05 399763                     /lib/x86_64-linux-gnu/libglib-2.0.so.0.5000.2
7fe70cdea000-7fe70cdeb000 rw-p 00112000 08:05 399763                     /lib/x86_64-linux-gnu/libglib-2.0.so.0.5000.2
7fe70cdeb000-7fe70cdec000 rw-p 00000000 00:00 0 
7fe70cdec000-7fe70cded000 r-xp 00000000 08:05 2228686                    /usr/lib/x86_64-linux-gnu/libgthread-2.0.so.0.5000.2
7fe70cded000-7fe70cfec000 ---p 00001000 08:05 2228686                    /usr/lib/x86_64-linux-gnu/libgthread-2.0.so.0.5000.2
7fe70cfec000-7fe70cfed000 r--p 00000000 08:05 2228686                    /usr/lib/x86_64-linux-gnu/libgthread-2.0.so.0.5000.2
7fe70cfed000-7fe70cfee000 rw-p 00001000 08:05 2228686                    /usr/lib/x86_64-linux-gnu/libgthread-2.0.so.0.5000.2
7fe70cfee000-7fe70cff1000 r-xp 00000000 08:05 2228661                    /usr/lib/x86_64-linux-gnu/libgmodule-2.0.so.0.5000.2
7fe70cff1000-7fe70d1f0000 ---p 00003000 08:05 2228661                    /usr/lib/x86_64-linux-gnu/libgmodule-2.0.so.0.5000.2
7fe70d1f0000-7fe70d1f1000 r--p 00002000 08:05 2228661                    /usr/lib/x86_64-linux-gnu/libgmodule-2.0.so.0.5000.2
7fe70d1f1000-7fe70d1f2000 rw-p 00003000 08:05 2228661                    /usr/lib/x86_64-linux-gnu/libgmodule-2.0.so.0.5000.2
7fe70d1f2000-7fe70d244000 r-xp 00000000 08:05 2228683                    /usr/lib/x86_64-linux-gnu/libgobject-2.0.so.0.5000.2
7fe70d244000-7fe70d443000 ---p 00052000 08:05 2228683                    /usr/lib/x86_64-linux-gnu/libgobject-2.0.so.0.5000.2
7fe70d443000-7fe70d444000 r--p 00051000 08:05 2228683                    /usr/lib/x86_64-linux-gnu/libgobject-2.0.so.0.5000.2
7fe70d444000-7fe70d445000 rw-p 00052000 08:05 2228683                    /usr/lib/x86_64-linux-gnu/libgobject-2.0.so.0.5000.2
7fe70d445000-7fe70d482000 r-xp 00000000 08:05 2239159                    /usr/lib/x86_64-linux-gnu/libfontconfig.so.1.9.0
7fe70d482000-7fe70d681000 ---p 0003d000 08:05 2239159                    /usr/lib/x86_64-linux-gnu/libfontconfig.so.1.9.0
7fe70d681000-7fe70d683000 r--p 0003c000 08:05 2239159                    /usr/lib/x86_64-linux-gnu/libfontconfig.so.1.9.0
7fe70d683000-7fe70d688000 rw-p 0003e000 08:05 2239159                    /usr/lib/x86_64-linux-gnu/libfontconfig.so.1.9.0
7fe70d688000-7fe70d72f000 r-xp 00000000 08:05 2229706                    /usr/lib/x86_64-linux-gnu/libfreetype.so.6.12.3
7fe70d72f000-7fe70d92e000 ---p 000a7000 08:05 2229706                    /usr/lib/x86_64-linux-gnu/libfreetype.so.6.12.3
7fe70d92e000-7fe70d934000 r--p 000a6000 08:05 2229706                    /usr/lib/x86_64-linux-gnu/libfreetype.so.6.12.3
7fe70d934000-7fe70d935000 rw-p 000ac000 08:05 2229706                    /usr/lib/x86_64-linux-gnu/libfreetype.so.6.12.3
7fe70d935000-7fe70d97e000 r-xp 00000000 08:05 2239751                    /usr/lib/x86_64-linux-gnu/libpango-1.0.so.0.4000.1
7fe70d97e000-7fe70db7e000 ---p 00049000 08:05 2239751                    /usr/lib/x86_64-linux-gnu/libpango-1.0.so.0.4000.1
7fe70db7e000-7fe70db80000 r--p 00049000 08:05 2239751                    /usr/lib/x86_64-linux-gnu/libpango-1.0.so.0.4000.1
7fe70db80000-7fe70db81000 rw-p 0004b000 08:05 2239751                    /usr/lib/x86_64-linux-gnu/libpango-1.0.so.0.4000.1
7fe70db81000-7fe70dc8f000 r-xp 00000000 08:05 2238910                    /usr/lib/x86_64-linux-gnu/libcairo.so.2.11400.6
7fe70dc8f000-7fe70de8e000 ---p 0010e000 08:05 2238910                    /usr/lib/x86_64-linux-gnu/libcairo.so.2.11400.6
7fe70de8e000-7fe70de91000 r--p 0010d000 08:05 2238910                    /usr/lib/x86_64-linux-gnu/libcairo.so.2.11400.6
7fe70de91000-7fe70de92000 rw-p 00110000 08:05 2238910                    /usr/lib/x86_64-linux-gnu/libcairo.so.2.11400.6
7fe70de92000-7fe70de94000 rw-p 00000000 00:00 0 
7fe70de94000-7fe70dea0000 r-xp 00000000 08:05 2239753                    /usr/lib/x86_64-linux-gnu/libpangocairo-1.0.so.0.4000.1
7fe70dea0000-7fe70e09f000 ---p 0000c000 08:05 2239753                    /usr/lib/x86_64-linux-gnu/libpangocairo-1.0.so.0.4000.1
7fe70e09f000-7fe70e0a0000 r--p 0000b000 08:05 2239753                    /usr/lib/x86_64-linux-gnu/libpangocairo-1.0.so.0.4000.1
7fe70e0a0000-7fe70e0a1000 rw-p 0000c000 08:05 2239753                    /usr/lib/x86_64-linux-gnu/libpangocairo-1.0.so.0.4000.1
7fe70e0a1000-7fe70e0c2000 r-xp 00000000 08:05 2239234                    /usr/lib/x86_64-linux-gnu/libgdk_pixbuf-2.0.so.0.3400.0
7fe70e0c2000-7fe70e2c1000 ---p 00021000 08:05 2239234                    /usr/lib/x86_64-linux-gnu/libgdk_pixbuf-2.0.so.0.3400.0
7fe70e2c1000-7fe70e2c2000 r--p 00020000 08:05 2239234                    /usr/lib/x86_64-linux-gnu/libgdk_pixbuf-2.0.so.0.3400.0
7fe70e2c2000-7fe70e2c3000 rw-p 00021000 08:05 2239234                    /usr/lib/x86_64-linux-gnu/libgdk_pixbuf-2.0.so.0.3400.0
7fe70e2c3000-7fe70e2d7000 r-xp 00000000 08:05 2239755                    /usr/lib/x86_64-linux-gnu/libpangoft2-1.0.so.0.4000.1
7fe70e2d7000-7fe70e4d7000 ---p 00014000 08:05 2239755                    /usr/lib/x86_64-linux-gnu/libpangoft2-1.0.so.0.4000.1
7fe70e4d7000-7fe70e4d8000 r--p 00014000 08:05 2239755                    /usr/lib/x86_64-linux-gnu/libpangoft2-1.0.so.0.4000.1
7fe70e4d8000-7fe70e4d9000 rw-p 00015000 08:05 2239755                    /usr/lib/x86_64-linux-gnu/libpangoft2-1.0.so.0.4000.1
7fe70e4d9000-7fe70e666000 r-xp 00000000 08:05 2228637                    /usr/lib/x86_64-linux-gnu/libgio-2.0.so.0.5000.2
7fe70e666000-7fe70e865000 ---p 0018d000 08:05 2228637                    /usr/lib/x86_64-linux-gnu/libgio-2.0.so.0.5000.2
7fe70e865000-7fe70e86a000 r--p 0018c000 08:05 2228637                    /usr/lib/x86_64-linux-gnu/libgio-2.0.so.0.5000.2
7fe70e86a000-7fe70e86d000 rw-p 00191000 08:05 2228637                    /usr/lib/x86_64-linux-gnu/libgio-2.0.so.0.5000.2
7fe70e86d000-7fe70e86e000 rw-p 00000000 00:00 0 
7fe70e86e000-7fe70e890000 r-xp 00000000 08:05 2238844                    /usr/lib/x86_64-linux-gnu/libatk-1.0.so.0.22009.1
7fe70e890000-7fe70ea8f000 ---p 00022000 08:05 2238844                    /usr/lib/x86_64-linux-gnu/libatk-1.0.so.0.22009.1
7fe70ea8f000-7fe70ea92000 r--p 00021000 08:05 2238844                    /usr/lib/x86_64-linux-gnu/libatk-1.0.so.0.22009.1
7fe70ea92000-7fe70ea93000 rw-p 00024000 08:05 2238844                    /usr/lib/x86_64-linux-gnu/libatk-1.0.so.0.22009.1
7fe70ea93000-7fe70eb43000 r-xp 00000000 08:05 2234326                    /usr/lib/x86_64-linux-gnu/libgdk-x11-2.0.so.0.2400.30
7fe70eb43000-7fe70ed42000 ---p 000b0000 08:05 2234326                    /usr/lib/x86_64-linux-gnu/libgdk-x11-2.0.so.0.2400.30
7fe70ed42000-7fe70ed46000 r--p 000af000 08:05 2234326                    /usr/lib/x86_64-linux-gnu/libgdk-x11-2.0.so.0.2400.30
7fe70ed46000-7fe70ed48000 rw-p 000b3000 08:05 2234326                    /usr/lib/x86_64-linux-gnu/libgdk-x11-2.0.so.0.2400.30
7fe70ed48000-7fe70f186000 r-xp 00000000 08:05 2234327                    /usr/lib/x86_64-linux-gnu/libgtk-x11-2.0.so.0.2400.30
7fe70f186000-7fe70f386000 ---p 0043e000 08:05 2234327                    /usr/lib/x86_64-linux-gnu/libgtk-x11-2.0.so.0.2400.30
7fe70f386000-7fe70f38d000 r--p 0043e000 08:05 2234327                    /usr/lib/x86_64-linux-gnu/libgtk-x11-2.0.so.0.2400.30
7fe70f38d000-7fe70f391000 rw-p 00445000 08:05 2234327                    /usr/lib/x86_64-linux-gnu/libgtk-x11-2.0.so.0.2400.30
7fe70f391000-7fe70f394000 rw-p 00000000 00:00 0 
7fe70f394000-7fe70f3a0000 r-xp 00000000 08:05 2243337                    /usr/lib/jvm/java-8-oracle/jre/lib/amd64/libprism_es2.so
7fe70f3a0000-7fe70f59f000 ---p 0000c000 08:05 2243337                    /usr/lib/jvm/java-8-oracle/jre/lib/amd64/libprism_es2.so
7fe70f59f000-7fe70f5a0000 rw-p 0000b000 08:05 2243337                    /usr/lib/jvm/java-8-oracle/jre/lib/amd64/libprism_es2.so
7fe70f5a0000-7fe70f5a3000 ---p 00000000 00:00 0 
7fe70f5a3000-7fe70f6a1000 rw-p 00000000 00:00 0 
7fe70f6a1000-7fe70f6a4000 ---p 00000000 00:00 0 
7fe70f6a4000-7fe70f7a2000 rw-p 00000000 00:00 0 
7fe70f7a2000-7fe70f7a5000 ---p 00000000 00:00 0 
7fe70f7a5000-7fe70f8a3000 rw-p 00000000 00:00 0 
7fe70f8a3000-7fe70f8a4000 ---p 00000000 00:00 0 
7fe70f8a4000-7fe70f9a4000 rw-p 00000000 00:00 0 
7fe70f9a4000-7fe70f9a7000 ---p 00000000 00:00 0 
7fe70f9a7000-7fe70faa5000 rw-p 00000000 00:00 0 
7fe70faa5000-7fe70faa8000 ---p 00000000 00:00 0 
7fe70faa8000-7fe70fba6000 rw-p 00000000 00:00 0 
7fe70fba6000-7fe710000000 r--p 00000000 08:05 2229872                    /usr/lib/locale/locale-archive
7fe710000000-7fe710021000 rw-p 00000000 00:00 0 
7fe710021000-7fe714000000 ---p 00000000 00:00 0 
7fe714000000-7fe714021000 rw-p 00000000 00:00 0 
7fe714021000-7fe718000000 ---p 00000000 00:00 0 
7fe718000000-7fe718021000 rw-p 00000000 00:00 0 
7fe718021000-7fe71c000000 ---p 00000000 00:00 0 
7fe71c000000-7fe71c021000 rw-p 00000000 00:00 0 
7fe71c021000-7fe720000000 ---p 00000000 00:00 0 
7fe720001000-7fe72000c000 r--s 00000000 08:05 279298                     /var/cache/fontconfig/945677eb7aeaf62f1d50efc3fb3ec7d8-le64.cache-6
7fe72000c000-7fe720012000 r--s 00000000 08:05 279279                     /var/cache/fontconfig/2cd17615ca594fa2959ae173292e504c-le64.cache-6
7fe720012000-7fe720013000 r--s 00000000 08:05 279276                     /var/cache/fontconfig/0d8c3b2ac0904cb8a57a757ad11a4a08-le64.cache-6
7fe720013000-7fe720028000 r--s 00000000 08:05 279272                     /var/cache/fontconfig/04aabc0a78ac019cf9454389977116d2-le64.cache-6
7fe720028000-7fe720029000 r--s 00000000 08:05 279278                     /var/cache/fontconfig/1ac9eb803944fde146138c791f5cc56a-le64.cache-6
7fe720029000-7fe72002d000 r--s 00000000 08:05 279283                     /var/cache/fontconfig/385c0604a188198f04d133e54aba7fe7-le64.cache-6
7fe72002d000-7fe72002e000 r--s 00000000 08:05 279311                     /var/cache/fontconfig/dc05db6664285cc2f12bf69c139ae4c3-le64.cache-6
7fe72002e000-7fe720031000 r--s 00000000 08:05 279294                     /var/cache/fontconfig/767a8244fc0220cfb567a839d0392e0b-le64.cache-6
7fe720031000-7fe720032000 r--s 00000000 08:05 276021                     /var/cache/fontconfig/4794a0821666d79190d59a36cb4f44b5-le64.cache-6
7fe720032000-7fe720033000 r--s 00000000 08:05 279274                     /var/cache/fontconfig/0bd3dc0958fa2205aaaa8ebb13e2872b-le64.cache-6
7fe720033000-7fe72007e000 r--p 00000000 08:05 917522                     /usr/share/glib-2.0/schemas/gschemas.compiled
7fe72007e000-7fe720081000 ---p 00000000 00:00 0 
7fe720081000-7fe72017f000 rw-p 00000000 00:00 0 
7fe72017f000-7fe720182000 ---p 00000000 00:00 0 
7fe720182000-7fe724000000 rw-p 00000000 00:00 0 
7fe724000000-7fe724021000 rw-p 00000000 00:00 0 
7fe724021000-7fe728000000 ---p 00000000 00:00 0 
7fe728000000-7fe728021000 rw-p 00000000 00:00 0 
7fe728021000-7fe72c000000 ---p 00000000 00:00 0 
7fe72c000000-7fe72c021000 rw-p 00000000 00:00 0 
7fe72c021000-7fe730000000 ---p 00000000 00:00 0 
7fe730000000-7fe730005000 r--s 00000000 08:05 279297                     /var/cache/fontconfig/8801497958630a81b71ace7c5f9b32a8-le64.cache-6
7fe730005000-7fe730006000 r--s 00000000 08:05 279304                     /var/cache/fontconfig/bab58bb527bb656aaa9f116d68a48d89-le64.cache-6
7fe730006000-7fe73000c000 r--s 00000000 08:05 279280                     /var/cache/fontconfig/3047814df9a2f067bd2d96a2b9c36e5a-le64.cache-6
7fe73000c000-7fe73000d000 r--s 00000000 08:05 279288                     /var/cache/fontconfig/56cf4f4769d0f4abc89a4895d7bd3ae1-le64.cache-6
7fe73000d000-7fe73000e000 r--s 00000000 08:05 279303                     /var/cache/fontconfig/b9d506c9ac06c20b433354fa67a72993-le64.cache-6
7fe73000e000-7fe730014000 r--s 00000000 08:05 279302                     /var/cache/fontconfig/b47c4e1ecd0709278f4910c18777a504-le64.cache-6
7fe730014000-7fe730027000 r--s 00000000 08:05 279308                     /var/cache/fontconfig/d52a8644073d54c13679302ca1180695-le64.cache-6
7fe730027000-7fe730028000 r--s 00000000 08:05 279287                     /var/cache/fontconfig/551ecf3b0e8b0bca0f25c0944f561853-le64.cache-6
7fe730028000-7fe730029000 r--s 00000000 08:05 279284                     /var/cache/fontconfig/3f7329c5293ffd510edef78f73874cfd-le64.cache-6
7fe730029000-7fe73003b000 r--s 00000000 08:05 279300                     /var/cache/fontconfig/9b89f8e3dae116d678bbf48e5f21f69b-le64.cache-6
7fe73003b000-7fe730059000 r-xp 00000000 08:05 398393                     /lib/x86_64-linux-gnu/libudev.so.1.6.5
7fe730059000-7fe73005a000 ---p 0001e000 08:05 398393                     /lib/x86_64-linux-gnu/libudev.so.1.6.5
7fe73005a000-7fe73005b000 r--p 0001e000 08:05 398393                     /lib/x86_64-linux-gnu/libudev.so.1.6.5
7fe73005b000-7fe73005c000 rw-p 0001f000 08:05 398393                     /lib/x86_64-linux-gnu/libudev.so.1.6.5
7fe73005c000-7fe7300f1000 r--s 01109000 08:05 2243401                    /usr/lib/jvm/java-8-oracle/jre/lib/ext/jfxrt.jar
7fe7300f1000-7fe7300f4000 ---p 00000000 00:00 0 
7fe7300f4000-7fe7301f2000 rw-p 00000000 00:00 0 
7fe7301f2000-7fe7301f5000 ---p 00000000 00:00 0 
7fe7301f5000-7fe7302f3000 rw-p 00000000 00:00 0 
7fe7302f3000-7fe7302f6000 ---p 00000000 00:00 0 
7fe7302f6000-7fe7303f4000 rw-p 00000000 00:00 0 
7fe7303f4000-7fe7303f5000 ---p 00000000 00:00 0 
7fe7303f5000-7fe731000000 rw-p 00000000 00:00 0 
7fe731000000-7fe7313f0000 rwxp 00000000 00:00 0 
7fe7313f0000-7fe740000000 ---p 00000000 00:00 0 
7fe740000000-7fe740181000 rw-p 00000000 00:00 0 
7fe740181000-7fe744000000 ---p 00000000 00:00 0 
7fe744000000-7fe744004000 r--s 00000000 08:05 279309                     /var/cache/fontconfig/d589a48862398ed80a3d6066f4f56f4c-le64.cache-6
7fe744004000-7fe744005000 r--s 00000000 08:05 279281                     /var/cache/fontconfig/30829fa25452a46451e813d634d7f916-le64.cache-6
7fe744005000-7fe744010000 r--s 00000000 08:05 279296                     /var/cache/fontconfig/83bf95040141907cd45bb53cf7c1c148-le64.cache-6
7fe744010000-7fe74401d000 r--s 00000000 08:05 282756                     /var/cache/fontconfig/e13b20fdb08344e0e664864cc2ede53d-le64.cache-6
7fe74401d000-7fe744021000 r--s 00000000 08:05 276027                     /var/cache/fontconfig/7ef2298fde41cc6eeb7af42e48b7d293-le64.cache-6
7fe744021000-7fe744029000 rw-s 00000000 00:05 934021                     /drm mm object (deleted)
7fe744029000-7fe744500000 rw-p 00000000 00:00 0 
7fe744500000-7fe7446d9000 r--s 03d3e000 08:05 2243317                    /usr/lib/jvm/java-8-oracle/jre/lib/rt.jar
7fe7446d9000-7fe745327000 rw-p 00000000 00:00 0 
7fe745327000-7fe745328000 ---p 00000000 00:00 0 
7fe745328000-7fe745428000 rw-p 00000000 00:00 0 
7fe745428000-7fe745429000 ---p 00000000 00:00 0 
7fe745429000-7fe745529000 rw-p 00000000 00:00 0 
7fe745529000-7fe74552a000 ---p 00000000 00:00 0 
7fe74552a000-7fe74562a000 rw-p 00000000 00:00 0 
7fe74562a000-7fe74562b000 ---p 00000000 00:00 0 
7fe74562b000-7fe745755000 rw-p 00000000 00:00 0 
7fe745755000-7fe7459bb000 ---p 00000000 00:00 0 
7fe7459bb000-7fe7459e5000 rw-p 00000000 00:00 0 
7fe7459e5000-7fe745c4b000 ---p 00000000 00:00 0 
7fe745c4b000-7fe745c60000 rw-p 00000000 00:00 0 
7fe745c60000-7fe745d93000 ---p 00000000 00:00 0 
7fe745d93000-7fe745da4000 rw-p 00000000 00:00 0 
7fe745da4000-7fe746154000 ---p 00000000 00:00 0 
7fe746154000-7fe74616e000 r-xp 00000000 08:05 2243348                    /usr/lib/jvm/java-8-oracle/jre/lib/amd64/libzip.so
7fe74616e000-7fe74636e000 ---p 0001a000 08:05 2243348                    /usr/lib/jvm/java-8-oracle/jre/lib/amd64/libzip.so
7fe74636e000-7fe74636f000 rw-p 0001a000 08:05 2243348                    /usr/lib/jvm/java-8-oracle/jre/lib/amd64/libzip.so
7fe74636f000-7fe74637a000 r-xp 00000000 08:05 409756                     /lib/x86_64-linux-gnu/libnss_files-2.24.so
7fe74637a000-7fe746579000 ---p 0000b000 08:05 409756                     /lib/x86_64-linux-gnu/libnss_files-2.24.so
7fe746579000-7fe74657a000 r--p 0000a000 08:05 409756                     /lib/x86_64-linux-gnu/libnss_files-2.24.so
7fe74657a000-7fe74657b000 rw-p 0000b000 08:05 409756                     /lib/x86_64-linux-gnu/libnss_files-2.24.so
7fe74657b000-7fe746581000 rw-p 00000000 00:00 0 
7fe746581000-7fe74658c000 r-xp 00000000 08:05 409758                     /lib/x86_64-linux-gnu/libnss_nis-2.24.so
7fe74658c000-7fe74678b000 ---p 0000b000 08:05 409758                     /lib/x86_64-linux-gnu/libnss_nis-2.24.so
7fe74678b000-7fe74678c000 r--p 0000a000 08:05 409758                     /lib/x86_64-linux-gnu/libnss_nis-2.24.so
7fe74678c000-7fe74678d000 rw-p 0000b000 08:05 409758                     /lib/x86_64-linux-gnu/libnss_nis-2.24.so
7fe74678d000-7fe7467a3000 r-xp 00000000 08:05 409753                     /lib/x86_64-linux-gnu/libnsl-2.24.so
7fe7467a3000-7fe7469a2000 ---p 00016000 08:05 409753                     /lib/x86_64-linux-gnu/libnsl-2.24.so
7fe7469a2000-7fe7469a3000 r--p 00015000 08:05 409753                     /lib/x86_64-linux-gnu/libnsl-2.24.so
7fe7469a3000-7fe7469a4000 rw-p 00016000 08:05 409753                     /lib/x86_64-linux-gnu/libnsl-2.24.so
7fe7469a4000-7fe7469a6000 rw-p 00000000 00:00 0 
7fe7469a6000-7fe7469ae000 r-xp 00000000 08:05 409754                     /lib/x86_64-linux-gnu/libnss_compat-2.24.so
7fe7469ae000-7fe746bad000 ---p 00008000 08:05 409754                     /lib/x86_64-linux-gnu/libnss_compat-2.24.so
7fe746bad000-7fe746bae000 r--p 00007000 08:05 409754                     /lib/x86_64-linux-gnu/libnss_compat-2.24.so
7fe746bae000-7fe746baf000 rw-p 00008000 08:05 409754                     /lib/x86_64-linux-gnu/libnss_compat-2.24.so
7fe746baf000-7fe746bda000 r-xp 00000000 08:05 2243375                    /usr/lib/jvm/java-8-oracle/jre/lib/amd64/libjava.so
7fe746bda000-7fe746dd9000 ---p 0002b000 08:05 2243375                    /usr/lib/jvm/java-8-oracle/jre/lib/amd64/libjava.so
7fe746dd9000-7fe746ddb000 rw-p 0002a000 08:05 2243375                    /usr/lib/jvm/java-8-oracle/jre/lib/amd64/libjava.so
7fe746ddb000-7fe746de8000 r-xp 00000000 08:05 2243326                    /usr/lib/jvm/java-8-oracle/jre/lib/amd64/libverify.so
7fe746de8000-7fe746fe7000 ---p 0000d000 08:05 2243326                    /usr/lib/jvm/java-8-oracle/jre/lib/amd64/libverify.so
7fe746fe7000-7fe746fe9000 rw-p 0000c000 08:05 2243326                    /usr/lib/jvm/java-8-oracle/jre/lib/amd64/libverify.so
7fe746fe9000-7fe746ff0000 r-xp 00000000 08:05 409763                     /lib/x86_64-linux-gnu/librt-2.24.so
7fe746ff0000-7fe7471ef000 ---p 00007000 08:05 409763                     /lib/x86_64-linux-gnu/librt-2.24.so
7fe7471ef000-7fe7471f0000 r--p 00006000 08:05 409763                     /lib/x86_64-linux-gnu/librt-2.24.so
7fe7471f0000-7fe7471f1000 rw-p 00007000 08:05 409763                     /lib/x86_64-linux-gnu/librt-2.24.so
7fe7471f1000-7fe7472f9000 r-xp 00000000 08:05 409750                     /lib/x86_64-linux-gnu/libm-2.24.so
7fe7472f9000-7fe7474f8000 ---p 00108000 08:05 409750                     /lib/x86_64-linux-gnu/libm-2.24.so
7fe7474f8000-7fe7474f9000 r--p 00107000 08:05 409750                     /lib/x86_64-linux-gnu/libm-2.24.so
7fe7474f9000-7fe7474fa000 rw-p 00108000 08:05 409750                     /lib/x86_64-linux-gnu/libm-2.24.so
7fe7474fa000-7fe7481c8000 r-xp 00000000 08:05 2243379                    /usr/lib/jvm/java-8-oracle/jre/lib/amd64/server/libjvm.so
7fe7481c8000-7fe7483c8000 ---p 00cce000 08:05 2243379                    /usr/lib/jvm/java-8-oracle/jre/lib/amd64/server/libjvm.so
7fe7483c8000-7fe7484a1000 rw-p 00cce000 08:05 2243379                    /usr/lib/jvm/java-8-oracle/jre/lib/amd64/server/libjvm.so
7fe7484a1000-7fe7484ec000 rw-p 00000000 00:00 0 
7fe7484ec000-7fe7486a9000 r-xp 00000000 08:05 409746                     /lib/x86_64-linux-gnu/libc-2.24.so
7fe7486a9000-7fe7488a9000 ---p 001bd000 08:05 409746                     /lib/x86_64-linux-gnu/libc-2.24.so
7fe7488a9000-7fe7488ad000 r--p 001bd000 08:05 409746                     /lib/x86_64-linux-gnu/libc-2.24.so
7fe7488ad000-7fe7488af000 rw-p 001c1000 08:05 409746                     /lib/x86_64-linux-gnu/libc-2.24.so
7fe7488af000-7fe7488b3000 rw-p 00000000 00:00 0 
7fe7488b3000-7fe7488b6000 r-xp 00000000 08:05 409749                     /lib/x86_64-linux-gnu/libdl-2.24.so
7fe7488b6000-7fe748ab5000 ---p 00003000 08:05 409749                     /lib/x86_64-linux-gnu/libdl-2.24.so
7fe748ab5000-7fe748ab6000 r--p 00002000 08:05 409749                     /lib/x86_64-linux-gnu/libdl-2.24.so
7fe748ab6000-7fe748ab7000 rw-p 00003000 08:05 409749                     /lib/x86_64-linux-gnu/libdl-2.24.so
7fe748ab7000-7fe748acc000 r-xp 00000000 08:05 2242460                    /usr/lib/jvm/java-8-oracle/lib/amd64/jli/libjli.so
7fe748acc000-7fe748ccc000 ---p 00015000 08:05 2242460                    /usr/lib/jvm/java-8-oracle/lib/amd64/jli/libjli.so
7fe748ccc000-7fe748ccd000 rw-p 00015000 08:05 2242460                    /usr/lib/jvm/java-8-oracle/lib/amd64/jli/libjli.so
7fe748ccd000-7fe748ce5000 r-xp 00000000 08:05 409761                     /lib/x86_64-linux-gnu/libpthread-2.24.so
7fe748ce5000-7fe748ee5000 ---p 00018000 08:05 409761                     /lib/x86_64-linux-gnu/libpthread-2.24.so
7fe748ee5000-7fe748ee6000 r--p 00018000 08:05 409761                     /lib/x86_64-linux-gnu/libpthread-2.24.so
7fe748ee6000-7fe748ee7000 rw-p 00019000 08:05 409761                     /lib/x86_64-linux-gnu/libpthread-2.24.so
7fe748ee7000-7fe748eeb000 rw-p 00000000 00:00 0 
7fe748eeb000-7fe748f10000 r-xp 00000000 08:05 409742                     /lib/x86_64-linux-gnu/ld-2.24.so
7fe748f10000-7fe748f13000 r--s 00000000 08:05 279293                     /var/cache/fontconfig/75114ca45c98e8a441da0ff356701271-le64.cache-6
7fe748f13000-7fe748f1b000 rw-s 00000000 00:05 931828                     /drm mm object (deleted)
7fe748f1b000-7fe748f21000 r--p 00000000 08:05 549835                     /home/daan/.config/dconf/user
7fe748f21000-7fe748fec000 rw-p 00000000 00:00 0 
7fe748fec000-7fe748fef000 ---p 00000000 00:00 0 
7fe748fef000-7fe7490ef000 rw-p 00000000 00:00 0 
7fe7490ef000-7fe7490f0000 r--s 00000000 08:05 279275                     /var/cache/fontconfig/0c9eb80ebd1c36541ebe2852d3bb0c49-le64.cache-6
7fe7490f1000-7fe7490f2000 rw-s 1005dc000 00:06 391                       /dev/dri/card0
7fe7490f2000-7fe7490f3000 r--s 00000000 00:2f 60                         /run/user/1000/dconf/user
7fe7490f3000-7fe7490fb000 rw-s 00000000 00:05 933223                     /drm mm object (deleted)
7fe7490fb000-7fe749102000 r--s 00000000 08:05 148080                     /usr/lib/x86_64-linux-gnu/gconv/gconv-modules.cache
7fe749102000-7fe74910a000 rw-s 00000000 08:05 1311089                    /tmp/hsperfdata_daan/2227
7fe74910a000-7fe74910b000 rw-p 00000000 00:00 0 
7fe74910b000-7fe74910c000 r--p 00000000 00:00 0 
7fe74910c000-7fe74910f000 rw-p 00000000 00:00 0 
7fe74910f000-7fe749110000 r--p 00024000 08:05 409742                     /lib/x86_64-linux-gnu/ld-2.24.so
7fe749110000-7fe749111000 rw-p 00025000 08:05 409742                     /lib/x86_64-linux-gnu/ld-2.24.so
7fe749111000-7fe749112000 rw-p 00000000 00:00 0 
7fff41e0e000-7fff41e2f000 rw-p 00000000 00:00 0                          [stack]
7fff41e8c000-7fff41e8e000 r--p 00000000 00:00 0                          [vvar]
7fff41e8e000-7fff41e90000 r-xp 00000000 00:00 0                          [vdso]
ffffffffff600000-ffffffffff601000 r-xp 00000000 00:00 0                  [vsyscall]

VM Arguments:
jvm_args: -Dfile.encoding=UTF-8 
java_command: application.Main
java_class_path (initial): /home/daan/git/IntegrationProject/IntegrationProject/bin:/home/daan/.p2/pool/plugins/org.junit_4.12.0.v201504281640/junit.jar:/home/daan/.p2/pool/plugins/org.hamcrest.core_1.3.0.v201303031735.jar:/home/daan/git/IntegrationProject/IntegrationProject/commons-codec-1.10.jar
Launcher Type: SUN_STANDARD

Environment Variables:
JAVA_HOME=/usr/lib/jvm/java-8-oracle
PATH=/home/daan/bin:/home/daan/.local/bin:/usr/local/sbin:/usr/local/bin:/usr/sbin:/usr/bin:/sbin:/bin:/usr/games:/usr/local/games:/snap/bin:/usr/lib/jvm/java-8-oracle/bin:/usr/lib/jvm/java-8-oracle/db/bin:/usr/lib/jvm/java-8-oracle/jre/bin
SHELL=/bin/bash
DISPLAY=:0

Signal Handlers:
SIGSEGV: [libjvm.so+0xac78c0], sa_mask[0]=11111111011111111101111111111110, sa_flags=SA_RESTART|SA_SIGINFO
SIGBUS: [libjvm.so+0xac78c0], sa_mask[0]=11111111011111111101111111111110, sa_flags=SA_RESTART|SA_SIGINFO
SIGFPE: [libjvm.so+0x920ac0], sa_mask[0]=11111111011111111101111111111110, sa_flags=SA_RESTART|SA_SIGINFO
SIGPIPE: SIG_IGN, sa_mask[0]=00000000000010000000000000000000, sa_flags=SA_RESTART
SIGXFSZ: [libjvm.so+0x920ac0], sa_mask[0]=11111111011111111101111111111110, sa_flags=SA_RESTART|SA_SIGINFO
SIGILL: [libjvm.so+0x920ac0], sa_mask[0]=11111111011111111101111111111110, sa_flags=SA_RESTART|SA_SIGINFO
SIGUSR1: SIG_DFL, sa_mask[0]=00000000000000000000000000000000, sa_flags=none
SIGUSR2: [libjvm.so+0x922300], sa_mask[0]=00100000000000000000000000000000, sa_flags=SA_RESTART|SA_SIGINFO
SIGHUP: [libjvm.so+0x923700], sa_mask[0]=11111111011111111101111111111110, sa_flags=SA_RESTART|SA_SIGINFO
SIGINT: [libjvm.so+0x923700], sa_mask[0]=11111111011111111101111111111110, sa_flags=SA_RESTART|SA_SIGINFO
SIGTERM: [libjvm.so+0x923700], sa_mask[0]=11111111011111111101111111111110, sa_flags=SA_RESTART|SA_SIGINFO
SIGQUIT: [libjvm.so+0x923700], sa_mask[0]=11111111011111111101111111111110, sa_flags=SA_RESTART|SA_SIGINFO


---------------  S Y S T E M  ---------------

OS:DISTRIB_ID=Ubuntu
DISTRIB_RELEASE=16.10
DISTRIB_CODENAME=yakkety
DISTRIB_DESCRIPTION="Ubuntu 16.10"

uname:Linux 4.8.0-46-generic #49-Ubuntu SMP Fri Mar 31 13:57:14 UTC 2017 x86_64
libc:glibc 2.24 NPTL 2.24 
rlimit: STACK 8192k, CORE 0k, NPROC 30976, NOFILE 4096, AS infinity
load average:0,96 0,94 0,86

/proc/meminfo:
MemTotal:        8054864 kB
MemFree:          425928 kB
MemAvailable:    2646160 kB
Buffers:          138024 kB
Cached:          2931160 kB
SwapCached:            0 kB
Active:          5140340 kB
Inactive:        2143648 kB
Active(anon):    4216228 kB
Inactive(anon):   699368 kB
Active(file):     924112 kB
Inactive(file):  1444280 kB
Unevictable:         128 kB
Mlocked:             128 kB
SwapTotal:       8268796 kB
SwapFree:        8268796 kB
Dirty:             17944 kB
Writeback:             0 kB
AnonPages:       4121868 kB
Mapped:           694380 kB
Shmem:            700796 kB
Slab:             202820 kB
SReclaimable:     142732 kB
SUnreclaim:        60088 kB
KernelStack:       12976 kB
PageTables:        60208 kB
NFS_Unstable:          0 kB
Bounce:                0 kB
WritebackTmp:          0 kB
CommitLimit:    12296228 kB
Committed_AS:   10058976 kB
VmallocTotal:   34359738367 kB
VmallocUsed:           0 kB
VmallocChunk:          0 kB
HardwareCorrupted:     0 kB
AnonHugePages:   2461696 kB
ShmemHugePages:        0 kB
ShmemPmdMapped:        0 kB
CmaTotal:              0 kB
CmaFree:               0 kB
HugePages_Total:       0
HugePages_Free:        0
HugePages_Rsvd:        0
HugePages_Surp:        0
Hugepagesize:       2048 kB
DirectMap4k:      239184 kB
DirectMap2M:     8030208 kB
DirectMap1G:           0 kB


CPU:total 4 (2 cores per cpu, 2 threads per core) family 6 model 78 stepping 3, cmov, cx8, fxsr, mmx, sse, sse2, sse3, ssse3, sse4.1, sse4.2, popcnt, avx, avx2, aes, clmul, erms, 3dnowpref, lzcnt, ht, tsc, tscinvbit, bmi1, bmi2, adx

/proc/cpuinfo:
processor	: 0
vendor_id	: GenuineIntel
cpu family	: 6
model		: 78
model name	: Intel(R) Core(TM) i5-6200U CPU @ 2.30GHz
stepping	: 3
microcode	: 0x9e
cpu MHz		: 2699.853
cache size	: 3072 KB
physical id	: 0
siblings	: 4
core id		: 0
cpu cores	: 2
apicid		: 0
initial apicid	: 0
fpu		: yes
fpu_exception	: yes
cpuid level	: 22
wp		: yes
flags		: fpu vme de pse tsc msr pae mce cx8 apic sep mtrr pge mca cmov pat pse36 clflush dts acpi mmx fxsr sse sse2 ss ht tm pbe syscall nx pdpe1gb rdtscp lm constant_tsc art arch_perfmon pebs bts rep_good nopl xtopology nonstop_tsc aperfmperf eagerfpu pni pclmulqdq dtes64 monitor ds_cpl vmx est tm2 ssse3 sdbg fma cx16 xtpr pdcm pcid sse4_1 sse4_2 x2apic movbe popcnt tsc_deadline_timer aes xsave avx f16c rdrand lahf_lm abm 3dnowprefetch epb intel_pt tpr_shadow vnmi flexpriority ept vpid fsgsbase tsc_adjust bmi1 avx2 smep bmi2 erms invpcid mpx rdseed adx smap clflushopt xsaveopt xsavec xgetbv1 xsaves dtherm ida arat pln pts hwp hwp_notify hwp_act_window hwp_epp
bugs		:
bogomips	: 4800.00
clflush size	: 64
cache_alignment	: 64
address sizes	: 39 bits physical, 48 bits virtual
power management:

processor	: 1
vendor_id	: GenuineIntel
cpu family	: 6
model		: 78
model name	: Intel(R) Core(TM) i5-6200U CPU @ 2.30GHz
stepping	: 3
microcode	: 0x9e
cpu MHz		: 2700.000
cache size	: 3072 KB
physical id	: 0
siblings	: 4
core id		: 1
cpu cores	: 2
apicid		: 2
initial apicid	: 2
fpu		: yes
fpu_exception	: yes
cpuid level	: 22
wp		: yes
flags		: fpu vme de pse tsc msr pae mce cx8 apic sep mtrr pge mca cmov pat pse36 clflush dts acpi mmx fxsr sse sse2 ss ht tm pbe syscall nx pdpe1gb rdtscp lm constant_tsc art arch_perfmon pebs bts rep_good nopl xtopology nonstop_tsc aperfmperf eagerfpu pni pclmulqdq dtes64 monitor ds_cpl vmx est tm2 ssse3 sdbg fma cx16 xtpr pdcm pcid sse4_1 sse4_2 x2apic movbe popcnt tsc_deadline_timer aes xsave avx f16c rdrand lahf_lm abm 3dnowprefetch epb intel_pt tpr_shadow vnmi flexpriority ept vpid fsgsbase tsc_adjust bmi1 avx2 smep bmi2 erms invpcid mpx rdseed adx smap clflushopt xsaveopt xsavec xgetbv1 xsaves dtherm ida arat pln pts hwp hwp_notify hwp_act_window hwp_epp
bugs		:
bogomips	: 4800.00
clflush size	: 64
cache_alignment	: 64
address sizes	: 39 bits physical, 48 bits virtual
power management:

processor	: 2
vendor_id	: GenuineIntel
cpu family	: 6
model		: 78
model name	: Intel(R) Core(TM) i5-6200U CPU @ 2.30GHz
stepping	: 3
microcode	: 0x9e
cpu MHz		: 2699.853
cache size	: 3072 KB
physical id	: 0
siblings	: 4
core id		: 0
cpu cores	: 2
apicid		: 1
initial apicid	: 1
fpu		: yes
fpu_exception	: yes
cpuid level	: 22
wp		: yes
flags		: fpu vme de pse tsc msr pae mce cx8 apic sep mtrr pge mca cmov pat pse36 clflush dts acpi mmx fxsr sse sse2 ss ht tm pbe syscall nx pdpe1gb rdtscp lm constant_tsc art arch_perfmon pebs bts rep_good nopl xtopology nonstop_tsc aperfmperf eagerfpu pni pclmulqdq dtes64 monitor ds_cpl vmx est tm2 ssse3 sdbg fma cx16 xtpr pdcm pcid sse4_1 sse4_2 x2apic movbe popcnt tsc_deadline_timer aes xsave avx f16c rdrand lahf_lm abm 3dnowprefetch epb intel_pt tpr_shadow vnmi flexpriority ept vpid fsgsbase tsc_adjust bmi1 avx2 smep bmi2 erms invpcid mpx rdseed adx smap clflushopt xsaveopt xsavec xgetbv1 xsaves dtherm ida arat pln pts hwp hwp_notify hwp_act_window hwp_epp
bugs		:
bogomips	: 4800.00
clflush size	: 64
cache_alignment	: 64
address sizes	: 39 bits physical, 48 bits virtual
power management:

processor	: 3
vendor_id	: GenuineIntel
cpu family	: 6
model		: 78
model name	: Intel(R) Core(TM) i5-6200U CPU @ 2.30GHz
stepping	: 3
microcode	: 0x9e
cpu MHz		: 2699.853
cache size	: 3072 KB
physical id	: 0
siblings	: 4
core id		: 1
cpu cores	: 2
apicid		: 3
initial apicid	: 3
fpu		: yes
fpu_exception	: yes
cpuid level	: 22
wp		: yes
flags		: fpu vme de pse tsc msr pae mce cx8 apic sep mtrr pge mca cmov pat pse36 clflush dts acpi mmx fxsr sse sse2 ss ht tm pbe syscall nx pdpe1gb rdtscp lm constant_tsc art arch_perfmon pebs bts rep_good nopl xtopology nonstop_tsc aperfmperf eagerfpu pni pclmulqdq dtes64 monitor ds_cpl vmx est tm2 ssse3 sdbg fma cx16 xtpr pdcm pcid sse4_1 sse4_2 x2apic movbe popcnt tsc_deadline_timer aes xsave avx f16c rdrand lahf_lm abm 3dnowprefetch epb intel_pt tpr_shadow vnmi flexpriority ept vpid fsgsbase tsc_adjust bmi1 avx2 smep bmi2 erms invpcid mpx rdseed adx smap clflushopt xsaveopt xsavec xgetbv1 xsaves dtherm ida arat pln pts hwp hwp_notify hwp_act_window hwp_epp
bugs		:
bogomips	: 4800.00
clflush size	: 64
cache_alignment	: 64
address sizes	: 39 bits physical, 48 bits virtual
power management:



Memory: 4k page, physical 8054864k(425928k free), swap 8268796k(8268796k free)

vm_info: Java HotSpot(TM) 64-Bit Server VM (25.121-b13) for linux-amd64 JRE (1.8.0_121-b13), built on Dec 12 2016 16:36:53 by "java_re" with gcc 4.3.0 20080428 (Red Hat 4.3.0-8)

time: Tue Apr 18 15:22:42 2017
elapsed time: 2 seconds (0d 0h 0m 2s)

