#
# A fatal error has been detected by the Java Runtime Environment:
#
#  SIGSEGV (0xb) at pc=0x00007fe43089bc8d, pid=12674, tid=0x00007fe3a74f0700
#
# JRE version: OpenJDK Runtime Environment (8.0_121-b13) (build 1.8.0_121-8u121-b13-0ubuntu1.16.10.2-b13)
# Java VM: OpenJDK 64-Bit Server VM (25.121-b13 mixed mode linux-amd64 compressed oops)
# Problematic frame:
# V  [libjvm.so+0x67cc8d]  jni_invoke_nonstatic(JNIEnv_*, JavaValue*, _jobject*, JNICallType, _jmethodID*, JNI_ArgumentPusher*, Thread*) [clone .constprop.84]+0x3d
#
# Failed to write core dump. Core dumps have been disabled. To enable core dumping, try "ulimit -c unlimited" before starting Java again
#
# If you would like to submit a bug report, please visit:
#   http://bugreport.java.com/bugreport/crash.jsp
#

---------------  T H R E A D  ---------------

Current thread (0x00007fe3b813d000):  JavaThread "JavaFX Application Thread" [_thread_in_vm, id=12706, stack(0x00007fe3a73f0000,0x00007fe3a74f1000)]

siginfo: si_signo: 11 (SIGSEGV), si_code: 1 (SEGV_MAPERR), si_addr: 0x000000000000021f

Registers:
RAX=0x0000000000000000, RBX=0x00007fe3b813d000, RCX=0x00007fe3b8078938, RDX=0x000000000000021f
RSP=0x00007fe3a74ef230, RBP=0x00007fe3a74ef3b0, RSI=0x00007fe3a74ef3d0, RDI=0x00007fe3b813d1e0
R8 =0x00007fe3a74ef400, R9 =0x00007fe3b813d000, R10=0x00007fe398000aa0, R11=0x00007fe4193a5b20
R12=0x00007fe3b813d1e0, R13=0x00007fe3b813d000, R14=0x00007fe3a74ef490, R15=0x000000000000021f
RIP=0x00007fe43089bc8d, EFLAGS=0x0000000000010202, CSGSFS=0x002b000000000033, ERR=0x0000000000000004
  TRAPNO=0x000000000000000e

Top of Stack: (sp=0x00007fe3a74ef230)
0x00007fe3a74ef230:   00007fe3a74ef340 00007fe430882db3
0x00007fe3a74ef240:   0000000000000000 00007fe3a74ef280
0x00007fe3a74ef250:   00007fe40000000e 00007fe3b813d1e0
0x00007fe3a74ef260:   00007fe3a74ef270 00007fe3a74ef3d0
0x00007fe3a74ef270:   00007fe42c5e79f8 00007fe3b813d000
0x00007fe3a74ef280:   00007fe42c5e79f8 00007fe3b813d000
0x00007fe3a74ef290:   00007fe3b813bb40 00007fe3d4000a30
0x00007fe3a74ef2a0:   00007fe3d4000a40 00007fe3d4000e18
0x00007fe3a74ef2b0:   00000000000003d8 0000000000000000
0x00007fe3a74ef2c0:   00007fe42c5e79f8 00007fe3b813d000
0x00007fe3a74ef2d0:   000000002c5db0e0 000000076f65c820
0x00007fe3a74ef2e0:   0000000000000000 00007fe419017748
0x00007fe3a74ef2f0:   00007fe42c5e79f8 00007fe3b813d000
0x00007fe3a74ef300:   0000000000000000 000000076f6abff0
0x00007fe3a74ef310:   000000000000006f 00007fe30000000a
0x00007fe3a74ef320:   00000007706bc320 00007fe300000000
0x00007fe3a74ef330:   00007fe3a74ef420 00007fe3a74ef3e0
0x00007fe3a74ef340:   00007fe3a74ef4d0 0000000100000190
0x00007fe3a74ef350:   00007fe3b80a7000 00007fe3a74ef308
0x00007fe3a74ef360:   00007fe3a74ef349 0000000800000005
0x00007fe3a74ef370:   00007fe400000000 9e1cad1ec61f7900
0x00007fe3a74ef380:   00007fe3a74ef390 00007fe3b813d000
0x00007fe3a74ef390:   00007fe3b813d1e0 00007fe3b8078938
0x00007fe3a74ef3a0:   00007fe3a74ef490 000000000000021f
0x00007fe3a74ef3b0:   00007fe3a74ef480 00007fe43089f2ba
0x00007fe3a74ef3c0:   00007fe3d4000a40 00007fe3a74ef400
0x00007fe3a74ef3d0:   000000000000000e 9e1cad1e00000000
0x00007fe3a74ef3e0:   00007fe3b813d000 0000000000000000
0x00007fe3a74ef3f0:   0000000000000067 9e1cad1ec61f7900
0x00007fe3a74ef400:   00007fe4310805b0 00007fe431da7690
0x00007fe3a74ef410:   000000002c5db0e0 00007fe300000063
0x00007fe3a74ef420:   0000000000000000 0000003000000018 

Instructions: (pc=0x00007fe43089bc8d)
0x00007fe43089bc6d:   ff 48 89 b5 b8 fe ff ff 64 48 8b 04 25 28 00 00
0x00007fe43089bc7d:   00 48 89 45 c8 31 c0 48 85 d2 0f 84 3b 03 00 00
0x00007fe43089bc8d:   4c 8b 32 4d 85 f6 0f 84 2f 03 00 00 49 8b b9 20
0x00007fe43089bc9d:   01 00 00 48 89 cb 4d 89 c4 e8 f5 4c ff ff 4c 89 

Register to memory mapping:

RAX=0x0000000000000000 is an unknown value
RBX=0x00007fe3b813d000 is a thread
RCX=0x00007fe3b8078938 is an unknown value
RDX=0x000000000000021f is an unknown value
RSP=0x00007fe3a74ef230 is pointing into the stack for thread: 0x00007fe3b813d000
RBP=0x00007fe3a74ef3b0 is pointing into the stack for thread: 0x00007fe3b813d000
RSI=0x00007fe3a74ef3d0 is pointing into the stack for thread: 0x00007fe3b813d000
RDI=0x00007fe3b813d1e0 is an unknown value
R8 =0x00007fe3a74ef400 is pointing into the stack for thread: 0x00007fe3b813d000
R9 =0x00007fe3b813d000 is a thread
R10=0x00007fe398000aa0 is an unknown value
R11=0x00007fe4193a5b20 is at entry_point+32 in (nmethod*)0x00007fe4193a5990
R12=0x00007fe3b813d1e0 is an unknown value
R13=0x00007fe3b813d000 is a thread
R14=0x00007fe3a74ef490 is pointing into the stack for thread: 0x00007fe3b813d000
R15=0x000000000000021f is an unknown value


Stack: [0x00007fe3a73f0000,0x00007fe3a74f1000],  sp=0x00007fe3a74ef230,  free space=1020k
Native frames: (J=compiled Java code, j=interpreted, Vv=VM code, C=native code)
V  [libjvm.so+0x67cc8d]  jni_invoke_nonstatic(JNIEnv_*, JavaValue*, _jobject*, JNICallType, _jmethodID*, JNI_ArgumentPusher*, Thread*) [clone .constprop.84]+0x3d
V  [libjvm.so+0x6802ba]  jni_CallVoidMethodV+0x10a
C  [libglass.so+0x11e13]  JNIEnv_::CallVoidMethod(_jobject*, _jmethodID*, ...)+0x93
C  [libglass.so+0x19585]  WindowContextBase::process_key(_GdkEventKey*)+0x215
C  [libglass.so+0x11a80]  WindowContextBase::im_filter_keypress(_GdkEventKey*)+0x1f0
C  [libglass.so+0x1ef0c]
C  [libgdk-x11-2.0.so.0+0x5acdc]

Java frames: (J=compiled Java code, j=interpreted, Vv=VM code)
j  com.sun.glass.ui.gtk.GtkApplication._runLoop(Ljava/lang/Runnable;Z)V+0
j  com.sun.glass.ui.gtk.GtkApplication.lambda$null$5(Ljava/lang/Runnable;Z)V+7
j  com.sun.glass.ui.gtk.GtkApplication$$Lambda$43.run()V+12
j  java.lang.Thread.run()V+11
v  ~StubRoutines::call_stub

---------------  P R O C E S S  ---------------

Java Threads: ( => current thread )
  0x00007fe42800a000 JavaThread "DestroyJavaVM" [_thread_blocked, id=12680, stack(0x00007fe431e72000,0x00007fe431f73000)]
  0x00007fe428199800 JavaThread "Thread-5" [_thread_blocked, id=12712, stack(0x00007fe3a6032000,0x00007fe3a6133000)]
  0x00007fe428197800 JavaThread "Thread-4" [_thread_in_native, id=12711, stack(0x00007fe3a6133000,0x00007fe3a6234000)]
  0x00007fe39818b800 JavaThread "Prism Font Disposer" daemon [_thread_blocked, id=12710, stack(0x00007fe3a6a2c000,0x00007fe3a6b2d000)]
=>0x00007fe3b813d000 JavaThread "JavaFX Application Thread" [_thread_in_vm, id=12706, stack(0x00007fe3a73f0000,0x00007fe3a74f1000)]
  0x00007fe3b8139000 JavaThread "Thread-3" daemon [_thread_blocked, id=12705, stack(0x00007fe3a74f1000,0x00007fe3a75f2000)]
  0x00007fe3b8049800 JavaThread "QuantumRenderer-0" daemon [_thread_blocked, id=12701, stack(0x00007fe3eddcf000,0x00007fe3eded0000)]
  0x00007fe3c406c800 JavaThread "JavaFX-Launcher" [_thread_blocked, id=12700, stack(0x00007fe3eded0000,0x00007fe3edfd1000)]
  0x00007fe42818f800 JavaThread "Thread-0" [_thread_blocked, id=12699, stack(0x00007fe3edfd1000,0x00007fe3ee0d2000)]
  0x00007fe4280cc800 JavaThread "Service Thread" daemon [_thread_blocked, id=12697, stack(0x00007fe3ee284000,0x00007fe3ee385000)]
  0x00007fe4280bf800 JavaThread "C1 CompilerThread3" daemon [_thread_blocked, id=12696, stack(0x00007fe3ee385000,0x00007fe3ee486000)]
  0x00007fe4280bb000 JavaThread "C2 CompilerThread2" daemon [_thread_in_native, id=12695, stack(0x00007fe3ee486000,0x00007fe3ee587000)]
  0x00007fe4280b9800 JavaThread "C2 CompilerThread1" daemon [_thread_in_native, id=12694, stack(0x00007fe3ee587000,0x00007fe3ee688000)]
  0x00007fe4280b6800 JavaThread "C2 CompilerThread0" daemon [_thread_blocked, id=12693, stack(0x00007fe3ee688000,0x00007fe3ee789000)]
  0x00007fe4280b4800 JavaThread "Signal Dispatcher" daemon [_thread_blocked, id=12692, stack(0x00007fe3ee789000,0x00007fe3ee88a000)]
  0x00007fe42808b800 JavaThread "Finalizer" daemon [_thread_blocked, id=12691, stack(0x00007fe3ef24b000,0x00007fe3ef34c000)]
  0x00007fe428087000 JavaThread "Reference Handler" daemon [_thread_blocked, id=12690, stack(0x00007fe3ef34c000,0x00007fe3ef44d000)]

Other Threads:
  0x00007fe42807f800 VMThread [stack: 0x00007fe3ef44d000,0x00007fe3ef54e000] [id=12689]
  0x00007fe4280cf000 WatcherThread [stack: 0x00007fe3ee183000,0x00007fe3ee284000] [id=12698]

VM state:not at safepoint (normal execution)

VM Mutex/Monitor currently owned by a thread: None

Heap:
 PSYoungGen      total 74752K, used 64512K [0x000000076d400000, 0x0000000772700000, 0x00000007c0000000)
  eden space 64512K, 100% used [0x000000076d400000,0x0000000771300000,0x0000000771300000)
  from space 10240K, 0% used [0x0000000771d00000,0x0000000771d00000,0x0000000772700000)
  to   space 10240K, 0% used [0x0000000771300000,0x0000000771300000,0x0000000771d00000)
 ParOldGen       total 171008K, used 0K [0x00000006c7c00000, 0x00000006d2300000, 0x000000076d400000)
  object space 171008K, 0% used [0x00000006c7c00000,0x00000006c7c00000,0x00000006d2300000)
 Metaspace       used 15564K, capacity 16382K, committed 16512K, reserved 1062912K
  class space    used 2192K, capacity 2420K, committed 2432K, reserved 1048576K

Card table byte_map: [0x00007fe42dd63000,0x00007fe42e526000] byte_map_base: 0x00007fe42a725000

Marking Bits: (ParMarkBitMap*) 0x00007fe431143220
 Begin Bits: [0x00007fe3f03e0000, 0x00007fe3f41f0000)
 End Bits:   [0x00007fe3f41f0000, 0x00007fe3f8000000)

Polling page: 0x00007fe431f92000

CodeCache: size=245760Kb used=4372Kb max_used=4372Kb free=241387Kb
 bounds [0x00007fe419000000, 0x00007fe419450000, 0x00007fe428000000]
 total_blobs=1983 nmethods=1359 adapters=538
 compilation: enabled

Compilation events (10 events):
Event: 3,238 Thread 0x00007fe4280bf800 nmethod 1351 0x00007fe419441110 code [0x00007fe419441260, 0x00007fe419441370]
Event: 3,239 Thread 0x00007fe4280bf800 1354       3       javafx.beans.property.DoublePropertyBase::set (111 bytes)
Event: 3,240 Thread 0x00007fe4280bf800 nmethod 1354 0x00007fe419444050 code [0x00007fe419444360, 0x00007fe419445c38]
Event: 3,240 Thread 0x00007fe4280bf800 1359       3       java.util.ArrayList::clear (39 bytes)
Event: 3,240 Thread 0x00007fe4280bf800 nmethod 1359 0x00007fe419440ad0 code [0x00007fe419440c60, 0x00007fe419440fd0]
Event: 3,240 Thread 0x00007fe4280bf800 1356       3       javafx.scene.Parent::requestParentLayout (28 bytes)
Event: 3,241 Thread 0x00007fe4280bf800 nmethod 1356 0x00007fe419440050 code [0x00007fe419440200, 0x00007fe4194408f8]
Event: 3,241 Thread 0x00007fe4280bf800 1357       3       javafx.beans.binding.DoubleExpression::<init> (5 bytes)
Event: 3,241 Thread 0x00007fe4280bf800 nmethod 1357 0x00007fe41943fbd0 code [0x00007fe41943fd40, 0x00007fe41943ff50]
Event: 3,241 Thread 0x00007fe4280bf800 1355       3       sun.util.logging.PlatformLogger$DefaultLoggerProxy::isLoggable (29 bytes)

GC Heap History (0 events):
No events

Deoptimization events (10 events):
Event: 1,119 Thread 0x00007fe3b813d000 Uncommon trap: reason=class_check action=maybe_recompile pc=0x00007fe419116a1c method=java.lang.String.equals(Ljava/lang/Object;)Z @ 8
Event: 1,119 Thread 0x00007fe3b813d000 Uncommon trap: reason=class_check action=maybe_recompile pc=0x00007fe419116a1c method=java.lang.String.equals(Ljava/lang/Object;)Z @ 8
Event: 1,119 Thread 0x00007fe3b813d000 Uncommon trap: reason=class_check action=maybe_recompile pc=0x00007fe419116a1c method=java.lang.String.equals(Ljava/lang/Object;)Z @ 8
Event: 1,170 Thread 0x00007fe3b813d000 Uncommon trap: reason=class_check action=maybe_recompile pc=0x00007fe419116a1c method=java.lang.String.equals(Ljava/lang/Object;)Z @ 8
Event: 1,264 Thread 0x00007fe3b813d000 Uncommon trap: reason=unstable_if action=reinterpret pc=0x00007fe41929fdd4 method=sun.net.www.ParseUtil.encodePath(Ljava/lang/String;Z)Ljava/lang/String; @ 109
Event: 1,270 Thread 0x00007fe3b813d000 Uncommon trap: reason=unstable_if action=reinterpret pc=0x00007fe4192c82a4 method=sun.misc.URLClassPath$JarLoader.ensureOpen()V @ 4
Event: 1,325 Thread 0x00007fe3b813d000 Uncommon trap: reason=unstable_if action=reinterpret pc=0x00007fe419323844 method=jdk.internal.org.objectweb.asm.Type.getArgumentsAndReturnSizes(Ljava/lang/String;)I @ 47
Event: 3,130 Thread 0x00007fe3b813d000 Uncommon trap: reason=unstable_if action=reinterpret pc=0x00007fe4193b4534 method=java.lang.StrictMath.floorOrCeil(DDDD)D @ 38
Event: 3,161 Thread 0x00007fe3b813d000 Uncommon trap: reason=unstable_if action=reinterpret pc=0x00007fe4191d5fa4 method=java.lang.String.indexOf([CII[CIII)I @ 3
Event: 3,236 Thread 0x00007fe3b813d000 Uncommon trap: reason=unstable_if action=reinterpret pc=0x00007fe41928cc14 method=java.lang.String.startsWith(Ljava/lang/String;I)Z @ 25

Internal exceptions (10 events):
Event: 0,122 Thread 0x00007fe3c406c800 Exception <a 'java/security/PrivilegedActionException'> (0x000000076da688d0) thrown at [/build/openjdk-8-AbQ17_/openjdk-8-8u121-b13/src/hotspot/src/share/vm/prims/jvm.cpp, line 1390]
Event: 0,123 Thread 0x00007fe3c406c800 Exception <a 'java/security/PrivilegedActionException'> (0x000000076da6a958) thrown at [/build/openjdk-8-AbQ17_/openjdk-8-8u121-b13/src/hotspot/src/share/vm/prims/jvm.cpp, line 1390]
Event: 0,123 Thread 0x00007fe3c406c800 Exception <a 'java/security/PrivilegedActionException'> (0x000000076da6ab68) thrown at [/build/openjdk-8-AbQ17_/openjdk-8-8u121-b13/src/hotspot/src/share/vm/prims/jvm.cpp, line 1390]
Event: 0,123 Thread 0x00007fe3c406c800 Exception <a 'java/security/PrivilegedActionException'> (0x000000076da6b640) thrown at [/build/openjdk-8-AbQ17_/openjdk-8-8u121-b13/src/hotspot/src/share/vm/prims/jvm.cpp, line 1390]
Event: 0,123 Thread 0x00007fe3c406c800 Exception <a 'java/security/PrivilegedActionException'> (0x000000076da6b850) thrown at [/build/openjdk-8-AbQ17_/openjdk-8-8u121-b13/src/hotspot/src/share/vm/prims/jvm.cpp, line 1390]
Event: 0,123 Thread 0x00007fe3c406c800 Exception <a 'java/lang/NullPointerException'> (0x000000076da6cc88) thrown at [/build/openjdk-8-AbQ17_/openjdk-8-8u121-b13/src/hotspot/src/share/vm/interpreter/linkResolver.cpp, line 1178]
Event: 0,336 Thread 0x00007fe3b813d000 Exception <a 'java/lang/NullPointerException'> (0x000000076e5a6028) thrown at [/build/openjdk-8-AbQ17_/openjdk-8-8u121-b13/src/hotspot/src/share/vm/interpreter/linkResolver.cpp, line 1178]
Event: 0,336 Thread 0x00007fe3b813d000 Exception <a 'java/lang/NullPointerException'> (0x000000076e5a6028) thrown at [/build/openjdk-8-AbQ17_/openjdk-8-8u121-b13/src/hotspot/src/share/vm/prims/jvm.cpp, line 1394]
Event: 1,270 Thread 0x00007fe3b813d000 Implicit null exception at 0x00007fe4192c71f3 to 0x00007fe4192c8289
Event: 3,131 Thread 0x00007fe3b813d000 Exception <a 'java/io/FileNotFoundException'> (0x00000007706d1040) thrown at [/build/openjdk-8-AbQ17_/openjdk-8-8u121-b13/src/hotspot/src/share/vm/prims/jni.cpp, line 709]

Events (10 events):
Event: 3,212 loading class com/sun/javafx/effect/EffectDirtyBits done
Event: 3,213 loading class javafx/scene/shape/SVGPath$1
Event: 3,213 loading class javafx/scene/shape/SVGPath$1 done
Event: 3,214 loading class javafx/scene/shape/SVGPath$2
Event: 3,214 loading class javafx/scene/shape/SVGPath$2 done
Event: 3,214 loading class com/sun/javafx/sg/prism/NGSVGPath
Event: 3,214 loading class com/sun/javafx/sg/prism/NGSVGPath done
Event: 3,236 Thread 0x00007fe3b813d000 Uncommon trap: trap_request=0xffffff65 fr.pc=0x00007fe41928cc14
Event: 3,236 Thread 0x00007fe3b813d000 DEOPT PACKING pc=0x00007fe41928cc14 sp=0x00007fe3a74ec2f0
Event: 3,236 Thread 0x00007fe3b813d000 DEOPT UNPACKING pc=0x00007fe419004f69 sp=0x00007fe3a74ec288 mode 2


Dynamic libraries:
6c7c00000-6d2300000 rw-p 00000000 00:00 0 
6d2300000-76d400000 ---p 00000000 00:00 0 
76d400000-772700000 rw-p 00000000 00:00 0 
772700000-7c0000000 ---p 00000000 00:00 0 
7c0000000-7c0260000 rw-p 00000000 00:00 0 
7c0260000-800000000 ---p 00000000 00:00 0 
5569363e1000-5569363e2000 r-xp 00000000 103:05 279285                    /usr/lib/jvm/java-8-openjdk-amd64/jre/bin/java
5569365e1000-5569365e2000 r--p 00000000 103:05 279285                    /usr/lib/jvm/java-8-openjdk-amd64/jre/bin/java
5569365e2000-5569365e3000 rw-p 00001000 103:05 279285                    /usr/lib/jvm/java-8-openjdk-amd64/jre/bin/java
5569374c6000-5569374e7000 rw-p 00000000 00:00 0                          [heap]
7fe384000000-7fe384021000 rw-p 00000000 00:00 0 
7fe384021000-7fe388000000 ---p 00000000 00:00 0 
7fe38c000000-7fe38c021000 rw-p 00000000 00:00 0 
7fe38c021000-7fe390000000 ---p 00000000 00:00 0 
7fe390000000-7fe390021000 rw-p 00000000 00:00 0 
7fe390021000-7fe394000000 ---p 00000000 00:00 0 
7fe394000000-7fe394021000 rw-p 00000000 00:00 0 
7fe394021000-7fe398000000 ---p 00000000 00:00 0 
7fe398000000-7fe3984e0000 rw-p 00000000 00:00 0 
7fe3984e0000-7fe39c000000 ---p 00000000 00:00 0 
7fe39c000000-7fe39c022000 rw-p 00000000 00:00 0 
7fe39c022000-7fe3a0000000 ---p 00000000 00:00 0 
7fe3a0000000-7fe3a0021000 rw-p 00000000 00:00 0 
7fe3a0021000-7fe3a4000000 ---p 00000000 00:00 0 
7fe3a6032000-7fe3a6035000 ---p 00000000 00:00 0 
7fe3a6035000-7fe3a6133000 rw-p 00000000 00:00 0 
7fe3a6133000-7fe3a6136000 ---p 00000000 00:00 0 
7fe3a6136000-7fe3a6234000 rw-p 00000000 00:00 0 
7fe3a6234000-7fe3a624b000 r-xp 00000000 103:05 279323                    /usr/lib/jvm/java-8-openjdk-amd64/jre/lib/amd64/libnet.so
7fe3a624b000-7fe3a644a000 ---p 00017000 103:05 279323                    /usr/lib/jvm/java-8-openjdk-amd64/jre/lib/amd64/libnet.so
7fe3a644a000-7fe3a644b000 r--p 00016000 103:05 279323                    /usr/lib/jvm/java-8-openjdk-amd64/jre/lib/amd64/libnet.so
7fe3a644b000-7fe3a644c000 rw-p 00017000 103:05 279323                    /usr/lib/jvm/java-8-openjdk-amd64/jre/lib/amd64/libnet.so
7fe3a644c000-7fe3a64ac000 rw-s 00000000 00:05 346702                     /drm mm object (deleted)
7fe3a64ac000-7fe3a666c000 rw-s 105be1000 00:06 415                       /dev/dri/card1
7fe3a666c000-7fe3a682c000 rw-s 00000000 00:05 346694                     /drm mm object (deleted)
7fe3a682c000-7fe3a69ec000 rw-p 00000000 00:00 0 
7fe3a69ec000-7fe3a6a2c000 ---p 00000000 00:00 0 
7fe3a6a2c000-7fe3a6a2f000 ---p 00000000 00:00 0 
7fe3a6a2f000-7fe3a6b2d000 rw-p 00000000 00:00 0 
7fe3a6b2d000-7fe3a6be6000 r--p 00000000 103:05 268258                    /usr/share/fonts/truetype/dejavu/DejaVuSans.ttf
7fe3a6be6000-7fe3a6de6000 rw-p 00000000 00:00 0 
7fe3a6de6000-7fe3a6deb000 r-xp 00000000 103:05 279198                    /usr/lib/jvm/java-8-openjdk-amd64/jre/lib/amd64/libjavafx_font_freetype.so
7fe3a6deb000-7fe3a6fea000 ---p 00005000 103:05 279198                    /usr/lib/jvm/java-8-openjdk-amd64/jre/lib/amd64/libjavafx_font_freetype.so
7fe3a6fea000-7fe3a6feb000 r--p 00004000 103:05 279198                    /usr/lib/jvm/java-8-openjdk-amd64/jre/lib/amd64/libjavafx_font_freetype.so
7fe3a6feb000-7fe3a6fec000 rw-p 00005000 103:05 279198                    /usr/lib/jvm/java-8-openjdk-amd64/jre/lib/amd64/libjavafx_font_freetype.so
7fe3a6fec000-7fe3a6fef000 r-xp 00000000 103:05 279197                    /usr/lib/jvm/java-8-openjdk-amd64/jre/lib/amd64/libjavafx_font.so
7fe3a6fef000-7fe3a71ee000 ---p 00003000 103:05 279197                    /usr/lib/jvm/java-8-openjdk-amd64/jre/lib/amd64/libjavafx_font.so
7fe3a71ee000-7fe3a71ef000 r--p 00002000 103:05 279197                    /usr/lib/jvm/java-8-openjdk-amd64/jre/lib/amd64/libjavafx_font.so
7fe3a71ef000-7fe3a71f0000 rw-p 00003000 103:05 279197                    /usr/lib/jvm/java-8-openjdk-amd64/jre/lib/amd64/libjavafx_font.so
7fe3a71f0000-7fe3a73f0000 rw-p 00000000 00:00 0 
7fe3a73f0000-7fe3a73f3000 ---p 00000000 00:00 0 
7fe3a73f3000-7fe3a74f1000 rw-p 00000000 00:00 0 
7fe3a74f1000-7fe3a74f4000 ---p 00000000 00:00 0 
7fe3a74f4000-7fe3a75f2000 rw-p 00000000 00:00 0 
7fe3a75f2000-7fe3a75f3000 ---p 00000000 00:00 0 
7fe3a75f3000-7fe3a7df3000 rw-p 00000000 00:00 0 
7fe3a7df3000-7fe3a7dff000 r-xp 00000000 103:05 137877                    /usr/lib/x86_64-linux-gnu/gio/modules/libdconfsettings.so
7fe3a7dff000-7fe3a7ffe000 ---p 0000c000 103:05 137877                    /usr/lib/x86_64-linux-gnu/gio/modules/libdconfsettings.so
7fe3a7ffe000-7fe3a7fff000 r--p 0000b000 103:05 137877                    /usr/lib/x86_64-linux-gnu/gio/modules/libdconfsettings.so
7fe3a7fff000-7fe3a8000000 rw-p 0000c000 103:05 137877                    /usr/lib/x86_64-linux-gnu/gio/modules/libdconfsettings.so
7fe3a8000000-7fe3a8021000 rw-p 00000000 00:00 0 
7fe3a8021000-7fe3ac000000 ---p 00000000 00:00 0 
7fe3ac01c000-7fe3ac020000 r--s 0009a000 103:05 279368                    /usr/lib/jvm/java-8-openjdk-amd64/jre/lib/jsse.jar
7fe3ac020000-7fe3ac02e000 rw-s 00000000 00:05 346701                     /drm mm object (deleted)
7fe3ac02e000-7fe3ac030000 rw-s 105dc9000 00:06 415                       /dev/dri/card1
7fe3ac030000-7fe3ac040000 rw-s 00000000 00:05 346698                     /drm mm object (deleted)
7fe3ac040000-7fe3ac048000 rw-s 00000000 00:05 346697                     /drm mm object (deleted)
7fe3ac048000-7fe3ac058000 rw-s 00000000 00:05 346696                     /drm mm object (deleted)
7fe3ac058000-7fe3ac064000 rw-s 00000000 00:05 353526                     /drm mm object (deleted)
7fe3ac064000-7fe3ac077000 r--s 00346000 103:05 279373                    /usr/lib/jvm/java-8-openjdk-amd64/jre/lib/resources.jar
7fe3ac077000-7fe3ac082000 r--s 00000000 103:05 1076668                   /var/cache/fontconfig/945677eb7aeaf62f1d50efc3fb3ec7d8-le64.cache-6
7fe3ac082000-7fe3ac088000 r--s 00000000 103:05 1076649                   /var/cache/fontconfig/2cd17615ca594fa2959ae173292e504c-le64.cache-6
7fe3ac088000-7fe3ac089000 r--s 00000000 103:05 1076646                   /var/cache/fontconfig/0d8c3b2ac0904cb8a57a757ad11a4a08-le64.cache-6
7fe3ac089000-7fe3ac09e000 r--s 00000000 103:05 1076642                   /var/cache/fontconfig/04aabc0a78ac019cf9454389977116d2-le64.cache-6
7fe3ac09e000-7fe3ac0a2000 r--s 00000000 103:05 1076653                   /var/cache/fontconfig/385c0604a188198f04d133e54aba7fe7-le64.cache-6
7fe3ac0a2000-7fe3ac0a3000 ---p 00000000 00:00 0 
7fe3ac0a3000-7fe3ac8a3000 rw-p 00000000 00:00 0 
7fe3ac8a3000-7fe3ac8a4000 ---p 00000000 00:00 0 
7fe3ac8a4000-7fe3ad0a4000 rw-p 00000000 00:00 0 
7fe3ad0a4000-7fe3ad0bd000 r-xp 00000000 103:05 137881                    /usr/lib/x86_64-linux-gnu/gio/modules/libgioremote-volume-monitor.so
7fe3ad0bd000-7fe3ad2bd000 ---p 00019000 103:05 137881                    /usr/lib/x86_64-linux-gnu/gio/modules/libgioremote-volume-monitor.so
7fe3ad2bd000-7fe3ad2c0000 r--p 00019000 103:05 137881                    /usr/lib/x86_64-linux-gnu/gio/modules/libgioremote-volume-monitor.so
7fe3ad2c0000-7fe3ad2c1000 rw-p 0001c000 103:05 137881                    /usr/lib/x86_64-linux-gnu/gio/modules/libgioremote-volume-monitor.so
7fe3ad2c1000-7fe3ad2f7000 r-xp 00000000 103:05 138390                    /usr/lib/x86_64-linux-gnu/gvfs/libgvfscommon.so
7fe3ad2f7000-7fe3ad4f7000 ---p 00036000 103:05 138390                    /usr/lib/x86_64-linux-gnu/gvfs/libgvfscommon.so
7fe3ad4f7000-7fe3ad4fc000 r--p 00036000 103:05 138390                    /usr/lib/x86_64-linux-gnu/gvfs/libgvfscommon.so
7fe3ad4fc000-7fe3ad4fd000 rw-p 0003b000 103:05 138390                    /usr/lib/x86_64-linux-gnu/gvfs/libgvfscommon.so
7fe3ad4fd000-7fe3ad52d000 r-xp 00000000 103:05 137882                    /usr/lib/x86_64-linux-gnu/gio/modules/libgvfsdbus.so
7fe3ad52d000-7fe3ad72c000 ---p 00030000 103:05 137882                    /usr/lib/x86_64-linux-gnu/gio/modules/libgvfsdbus.so
7fe3ad72c000-7fe3ad72d000 r--p 0002f000 103:05 137882                    /usr/lib/x86_64-linux-gnu/gio/modules/libgvfsdbus.so
7fe3ad72d000-7fe3ad72e000 rw-p 00030000 103:05 137882                    /usr/lib/x86_64-linux-gnu/gio/modules/libgvfsdbus.so
7fe3ad72e000-7fe3ad72f000 rw-p 00000000 00:00 0 
7fe3ad72f000-7fe3ad736000 r-xp 00000000 103:05 1061780                   /usr/lib/x86_64-linux-gnu/libogg.so.0.8.2
7fe3ad736000-7fe3ad936000 ---p 00007000 103:05 1061780                   /usr/lib/x86_64-linux-gnu/libogg.so.0.8.2
7fe3ad936000-7fe3ad937000 r--p 00007000 103:05 1061780                   /usr/lib/x86_64-linux-gnu/libogg.so.0.8.2
7fe3ad937000-7fe3ad938000 rw-p 00008000 103:05 1061780                   /usr/lib/x86_64-linux-gnu/libogg.so.0.8.2
7fe3ad938000-7fe3ad962000 r-xp 00000000 103:05 1062213                   /usr/lib/x86_64-linux-gnu/libvorbis.so.0.4.8
7fe3ad962000-7fe3adb62000 ---p 0002a000 103:05 1062213                   /usr/lib/x86_64-linux-gnu/libvorbis.so.0.4.8
7fe3adb62000-7fe3adb63000 r--p 0002a000 103:05 1062213                   /usr/lib/x86_64-linux-gnu/libvorbis.so.0.4.8
7fe3adb63000-7fe3adb64000 rw-p 0002b000 103:05 1062213                   /usr/lib/x86_64-linux-gnu/libvorbis.so.0.4.8
7fe3adb64000-7fe3adb6c000 r-xp 00000000 103:05 1061624                   /usr/lib/x86_64-linux-gnu/libltdl.so.7.3.1
7fe3adb6c000-7fe3add6c000 ---p 00008000 103:05 1061624                   /usr/lib/x86_64-linux-gnu/libltdl.so.7.3.1
7fe3add6c000-7fe3add6d000 r--p 00008000 103:05 1061624                   /usr/lib/x86_64-linux-gnu/libltdl.so.7.3.1
7fe3add6d000-7fe3add6e000 rw-p 00009000 103:05 1061624                   /usr/lib/x86_64-linux-gnu/libltdl.so.7.3.1
7fe3add6e000-7fe3add82000 r-xp 00000000 103:05 1062046                   /usr/lib/x86_64-linux-gnu/libtdb.so.1.3.9
7fe3add82000-7fe3adf81000 ---p 00014000 103:05 1062046                   /usr/lib/x86_64-linux-gnu/libtdb.so.1.3.9
7fe3adf81000-7fe3adf82000 r--p 00013000 103:05 1062046                   /usr/lib/x86_64-linux-gnu/libtdb.so.1.3.9
7fe3adf82000-7fe3adf83000 rw-p 00014000 103:05 1062046                   /usr/lib/x86_64-linux-gnu/libtdb.so.1.3.9
7fe3adf83000-7fe3adf8a000 r-xp 00000000 103:05 1062217                   /usr/lib/x86_64-linux-gnu/libvorbisfile.so.3.3.7
7fe3adf8a000-7fe3ae18a000 ---p 00007000 103:05 1062217                   /usr/lib/x86_64-linux-gnu/libvorbisfile.so.3.3.7
7fe3ae18a000-7fe3ae18b000 r--p 00007000 103:05 1062217                   /usr/lib/x86_64-linux-gnu/libvorbisfile.so.3.3.7
7fe3ae18b000-7fe3ae18c000 rw-p 00008000 103:05 1062217                   /usr/lib/x86_64-linux-gnu/libvorbisfile.so.3.3.7
7fe3ae18c000-7fe3ae19c000 r-xp 00000000 103:05 1060980                   /usr/lib/x86_64-linux-gnu/libcanberra.so.0.2.5
7fe3ae19c000-7fe3ae39c000 ---p 00010000 103:05 1060980                   /usr/lib/x86_64-linux-gnu/libcanberra.so.0.2.5
7fe3ae39c000-7fe3ae39d000 r--p 00010000 103:05 1060980                   /usr/lib/x86_64-linux-gnu/libcanberra.so.0.2.5
7fe3ae39d000-7fe3ae39e000 rw-p 00011000 103:05 1060980                   /usr/lib/x86_64-linux-gnu/libcanberra.so.0.2.5
7fe3ae39e000-7fe3ae3a2000 r-xp 00000000 103:05 1060976                   /usr/lib/x86_64-linux-gnu/libcanberra-gtk.so.0.1.9
7fe3ae3a2000-7fe3ae5a1000 ---p 00004000 103:05 1060976                   /usr/lib/x86_64-linux-gnu/libcanberra-gtk.so.0.1.9
7fe3ae5a1000-7fe3ae5a2000 r--p 00003000 103:05 1060976                   /usr/lib/x86_64-linux-gnu/libcanberra-gtk.so.0.1.9
7fe3ae5a2000-7fe3ae5a3000 rw-p 00004000 103:05 1060976                   /usr/lib/x86_64-linux-gnu/libcanberra-gtk.so.0.1.9
7fe3ae5a3000-7fe3ae5a8000 r-xp 00000000 103:05 138084                    /usr/lib/x86_64-linux-gnu/gtk-2.0/modules/libcanberra-gtk-module.so
7fe3ae5a8000-7fe3ae7a7000 ---p 00005000 103:05 138084                    /usr/lib/x86_64-linux-gnu/gtk-2.0/modules/libcanberra-gtk-module.so
7fe3ae7a7000-7fe3ae7a8000 r--p 00004000 103:05 138084                    /usr/lib/x86_64-linux-gnu/gtk-2.0/modules/libcanberra-gtk-module.so
7fe3ae7a8000-7fe3ae7a9000 rw-p 00005000 103:05 138084                    /usr/lib/x86_64-linux-gnu/gtk-2.0/modules/libcanberra-gtk-module.so
7fe3ae7a9000-7fe3ae7d9000 r-xp 00000000 103:05 138066                    /usr/lib/x86_64-linux-gnu/gtk-2.0/2.10.0/engines/libmurrine.so
7fe3ae7d9000-7fe3ae9d9000 ---p 00030000 103:05 138066                    /usr/lib/x86_64-linux-gnu/gtk-2.0/2.10.0/engines/libmurrine.so
7fe3ae9d9000-7fe3ae9da000 r--p 00030000 103:05 138066                    /usr/lib/x86_64-linux-gnu/gtk-2.0/2.10.0/engines/libmurrine.so
7fe3ae9da000-7fe3ae9db000 rw-p 00031000 103:05 138066                    /usr/lib/x86_64-linux-gnu/gtk-2.0/2.10.0/engines/libmurrine.so
7fe3ae9db000-7fe3ae9eb000 r-xp 00000000 103:05 1062139                   /usr/lib/x86_64-linux-gnu/libunity-gtk2-parser.so.0.0.0
7fe3ae9eb000-7fe3aebeb000 ---p 00010000 103:05 1062139                   /usr/lib/x86_64-linux-gnu/libunity-gtk2-parser.so.0.0.0
7fe3aebeb000-7fe3aebec000 r--p 00010000 103:05 1062139                   /usr/lib/x86_64-linux-gnu/libunity-gtk2-parser.so.0.0.0
7fe3aebec000-7fe3aebed000 rw-p 00011000 103:05 1062139                   /usr/lib/x86_64-linux-gnu/libunity-gtk2-parser.so.0.0.0
7fe3aebed000-7fe3aebf2000 r-xp 00000000 103:05 138088                    /usr/lib/x86_64-linux-gnu/gtk-2.0/modules/libunity-gtk-module.so
7fe3aebf2000-7fe3aedf1000 ---p 00005000 103:05 138088                    /usr/lib/x86_64-linux-gnu/gtk-2.0/modules/libunity-gtk-module.so
7fe3aedf1000-7fe3aedf2000 r--p 00004000 103:05 138088                    /usr/lib/x86_64-linux-gnu/gtk-2.0/modules/libunity-gtk-module.so
7fe3aedf2000-7fe3aedf3000 rw-p 00005000 103:05 138088                    /usr/lib/x86_64-linux-gnu/gtk-2.0/modules/libunity-gtk-module.so
7fe3aedf3000-7fe3aee15000 r-xp 00000000 103:05 136952                    /lib/x86_64-linux-gnu/liblzma.so.5.0.0
7fe3aee15000-7fe3af014000 ---p 00022000 103:05 136952                    /lib/x86_64-linux-gnu/liblzma.so.5.0.0
7fe3af014000-7fe3af015000 r--p 00021000 103:05 136952                    /lib/x86_64-linux-gnu/liblzma.so.5.0.0
7fe3af015000-7fe3af016000 rw-p 00022000 103:05 136952                    /lib/x86_64-linux-gnu/liblzma.so.5.0.0
7fe3af016000-7fe3af060000 r-xp 00000000 103:05 138779                    /lib/x86_64-linux-gnu/libdbus-1.so.3.14.7
7fe3af060000-7fe3af260000 ---p 0004a000 103:05 138779                    /lib/x86_64-linux-gnu/libdbus-1.so.3.14.7
7fe3af260000-7fe3af261000 r--p 0004a000 103:05 138779                    /lib/x86_64-linux-gnu/libdbus-1.so.3.14.7
7fe3af261000-7fe3af262000 rw-p 0004b000 103:05 138779                    /lib/x86_64-linux-gnu/libdbus-1.so.3.14.7
7fe3af262000-7fe3af28e000 r-xp 00000000 103:05 1060912                   /usr/lib/x86_64-linux-gnu/libatspi.so.0.0.1
7fe3af28e000-7fe3af48d000 ---p 0002c000 103:05 1060912                   /usr/lib/x86_64-linux-gnu/libatspi.so.0.0.1
7fe3af48d000-7fe3af490000 r--p 0002b000 103:05 1060912                   /usr/lib/x86_64-linux-gnu/libatspi.so.0.0.1
7fe3af490000-7fe3af491000 rw-p 0002e000 103:05 1060912                   /usr/lib/x86_64-linux-gnu/libatspi.so.0.0.1
7fe3af491000-7fe3af4be000 r-xp 00000000 103:05 1060906                   /usr/lib/x86_64-linux-gnu/libatk-bridge-2.0.so.0.0.0
7fe3af4be000-7fe3af6bd000 ---p 0002d000 103:05 1060906                   /usr/lib/x86_64-linux-gnu/libatk-bridge-2.0.so.0.0.0
7fe3af6bd000-7fe3af6be000 r--p 0002c000 103:05 1060906                   /usr/lib/x86_64-linux-gnu/libatk-bridge-2.0.so.0.0.0
7fe3af6be000-7fe3af6c0000 rw-p 0002d000 103:05 1060906                   /usr/lib/x86_64-linux-gnu/libatk-bridge-2.0.so.0.0.0
7fe3af6c0000-7fe3af6c1000 r-xp 00000000 103:05 138083                    /usr/lib/x86_64-linux-gnu/gtk-2.0/modules/libatk-bridge.so
7fe3af6c1000-7fe3af8c0000 ---p 00001000 103:05 138083                    /usr/lib/x86_64-linux-gnu/gtk-2.0/modules/libatk-bridge.so
7fe3af8c0000-7fe3af8c1000 r--p 00000000 103:05 138083                    /usr/lib/x86_64-linux-gnu/gtk-2.0/modules/libatk-bridge.so
7fe3af8c1000-7fe3af8c2000 rw-p 00001000 103:05 138083                    /usr/lib/x86_64-linux-gnu/gtk-2.0/modules/libatk-bridge.so
7fe3af8c2000-7fe3af8c9000 r-xp 00000000 103:05 1061264                   /usr/lib/x86_64-linux-gnu/libgailutil.so.18.0.1
7fe3af8c9000-7fe3afac8000 ---p 00007000 103:05 1061264                   /usr/lib/x86_64-linux-gnu/libgailutil.so.18.0.1
7fe3afac8000-7fe3afac9000 r--p 00006000 103:05 1061264                   /usr/lib/x86_64-linux-gnu/libgailutil.so.18.0.1
7fe3afac9000-7fe3afaca000 rw-p 00007000 103:05 1061264                   /usr/lib/x86_64-linux-gnu/libgailutil.so.18.0.1
7fe3afaca000-7fe3afb18000 r-xp 00000000 103:05 138086                    /usr/lib/x86_64-linux-gnu/gtk-2.0/modules/libgail.so
7fe3afb18000-7fe3afd17000 ---p 0004e000 103:05 138086                    /usr/lib/x86_64-linux-gnu/gtk-2.0/modules/libgail.so
7fe3afd17000-7fe3afd18000 r--p 0004d000 103:05 138086                    /usr/lib/x86_64-linux-gnu/gtk-2.0/modules/libgail.so
7fe3afd18000-7fe3afd1a000 rw-p 0004e000 103:05 138086                    /usr/lib/x86_64-linux-gnu/gtk-2.0/modules/libgail.so
7fe3afd1a000-7fe3afd2b000 r-xp 00000000 103:05 138087                    /usr/lib/x86_64-linux-gnu/gtk-2.0/modules/liboverlay-scrollbar.so
7fe3afd2b000-7fe3aff2b000 ---p 00011000 103:05 138087                    /usr/lib/x86_64-linux-gnu/gtk-2.0/modules/liboverlay-scrollbar.so
7fe3aff2b000-7fe3aff2c000 r--p 00011000 103:05 138087                    /usr/lib/x86_64-linux-gnu/gtk-2.0/modules/liboverlay-scrollbar.so
7fe3aff2c000-7fe3aff2d000 rw-p 00012000 103:05 138087                    /usr/lib/x86_64-linux-gnu/gtk-2.0/modules/liboverlay-scrollbar.so
7fe3aff2d000-7fe3aff31000 r-xp 00000000 103:05 137066                    /lib/x86_64-linux-gnu/libuuid.so.1.3.0
7fe3aff31000-7fe3b0130000 ---p 00004000 103:05 137066                    /lib/x86_64-linux-gnu/libuuid.so.1.3.0
7fe3b0130000-7fe3b0131000 r--p 00003000 103:05 137066                    /lib/x86_64-linux-gnu/libuuid.so.1.3.0
7fe3b0131000-7fe3b0132000 rw-p 00004000 103:05 137066                    /lib/x86_64-linux-gnu/libuuid.so.1.3.0
7fe3b0132000-7fe3b0138000 r-xp 00000000 103:05 1061070                   /usr/lib/x86_64-linux-gnu/libdatrie.so.1.3.3
7fe3b0138000-7fe3b0338000 ---p 00006000 103:05 1061070                   /usr/lib/x86_64-linux-gnu/libdatrie.so.1.3.3
7fe3b0338000-7fe3b0339000 r--p 00006000 103:05 1061070                   /usr/lib/x86_64-linux-gnu/libdatrie.so.1.3.3
7fe3b0339000-7fe3b033a000 rw-p 00007000 103:05 1061070                   /usr/lib/x86_64-linux-gnu/libdatrie.so.1.3.3
7fe3b033a000-7fe3b035d000 r-xp 00000000 103:05 1061382                   /usr/lib/x86_64-linux-gnu/libgraphite2.so.3.0.1
7fe3b035d000-7fe3b055c000 ---p 00023000 103:05 1061382                   /usr/lib/x86_64-linux-gnu/libgraphite2.so.3.0.1
7fe3b055c000-7fe3b055e000 r--p 00022000 103:05 1061382                   /usr/lib/x86_64-linux-gnu/libgraphite2.so.3.0.1
7fe3b055e000-7fe3b055f000 rw-p 00024000 103:05 1061382                   /usr/lib/x86_64-linux-gnu/libgraphite2.so.3.0.1
7fe3b055f000-7fe3b059c000 r-xp 00000000 103:05 136879                    /lib/x86_64-linux-gnu/libblkid.so.1.1.0
7fe3b059c000-7fe3b079b000 ---p 0003d000 103:05 136879                    /lib/x86_64-linux-gnu/libblkid.so.1.1.0
7fe3b079b000-7fe3b079f000 r--p 0003c000 103:05 136879                    /lib/x86_64-linux-gnu/libblkid.so.1.1.0
7fe3b079f000-7fe3b07a0000 rw-p 00040000 103:05 136879                    /lib/x86_64-linux-gnu/libblkid.so.1.1.0
7fe3b07a0000-7fe3b07a1000 rw-p 00000000 00:00 0 
7fe3b07a1000-7fe3b07a9000 r-xp 00000000 103:05 1062060                   /usr/lib/x86_64-linux-gnu/libthai.so.0.3.0
7fe3b07a9000-7fe3b09a8000 ---p 00008000 103:05 1062060                   /usr/lib/x86_64-linux-gnu/libthai.so.0.3.0
7fe3b09a8000-7fe3b09a9000 r--p 00007000 103:05 1062060                   /usr/lib/x86_64-linux-gnu/libthai.so.0.3.0
7fe3b09a9000-7fe3b09aa000 rw-p 00008000 103:05 1062060                   /usr/lib/x86_64-linux-gnu/libthai.so.0.3.0
7fe3b09aa000-7fe3b0a28000 r-xp 00000000 103:05 1061472                   /usr/lib/x86_64-linux-gnu/libharfbuzz.so.0.10200.7
7fe3b0a28000-7fe3b0c28000 ---p 0007e000 103:05 1061472                   /usr/lib/x86_64-linux-gnu/libharfbuzz.so.0.10200.7
7fe3b0c28000-7fe3b0c29000 r--p 0007e000 103:05 1061472                   /usr/lib/x86_64-linux-gnu/libharfbuzz.so.0.10200.7
7fe3b0c29000-7fe3b0c2a000 rw-p 0007f000 103:05 1061472                   /usr/lib/x86_64-linux-gnu/libharfbuzz.so.0.10200.7
7fe3b0c2a000-7fe3b0c9c000 r-xp 00000000 103:05 137015                    /lib/x86_64-linux-gnu/libpcre.so.3.13.3
7fe3b0c9c000-7fe3b0e9b000 ---p 00072000 103:05 137015                    /lib/x86_64-linux-gnu/libpcre.so.3.13.3
7fe3b0e9b000-7fe3b0e9c000 r--p 00071000 103:05 137015                    /lib/x86_64-linux-gnu/libpcre.so.3.13.3
7fe3b0e9c000-7fe3b0e9d000 rw-p 00072000 103:05 137015                    /lib/x86_64-linux-gnu/libpcre.so.3.13.3
7fe3b0e9d000-7fe3b0ea4000 r-xp 00000000 103:05 1061201                   /usr/lib/x86_64-linux-gnu/libffi.so.6.0.4
7fe3b0ea4000-7fe3b10a3000 ---p 00007000 103:05 1061201                   /usr/lib/x86_64-linux-gnu/libffi.so.6.0.4
7fe3b10a3000-7fe3b10a4000 r--p 00006000 103:05 1061201                   /usr/lib/x86_64-linux-gnu/libffi.so.6.0.4
7fe3b10a4000-7fe3b10a5000 rw-p 00007000 103:05 1061201                   /usr/lib/x86_64-linux-gnu/libffi.so.6.0.4
7fe3b10a5000-7fe3b10eb000 r-xp 00000000 103:05 136961                    /lib/x86_64-linux-gnu/libmount.so.1.1.0
7fe3b10eb000-7fe3b12ea000 ---p 00046000 103:05 136961                    /lib/x86_64-linux-gnu/libmount.so.1.1.0
7fe3b12ea000-7fe3b12eb000 r--p 00045000 103:05 136961                    /lib/x86_64-linux-gnu/libmount.so.1.1.0
7fe3b12eb000-7fe3b12ec000 rw-p 00046000 103:05 136961                    /lib/x86_64-linux-gnu/libmount.so.1.1.0
7fe3b12ec000-7fe3b12ed000 rw-p 00000000 00:00 0 
7fe3b12ed000-7fe3b1304000 r-xp 00000000 103:05 149410                    /lib/x86_64-linux-gnu/libresolv-2.24.so
7fe3b1304000-7fe3b1504000 ---p 00017000 103:05 149410                    /lib/x86_64-linux-gnu/libresolv-2.24.so
7fe3b1504000-7fe3b1505000 r--p 00017000 103:05 149410                    /lib/x86_64-linux-gnu/libresolv-2.24.so
7fe3b1505000-7fe3b1506000 rw-p 00018000 103:05 149410                    /lib/x86_64-linux-gnu/libresolv-2.24.so
7fe3b1506000-7fe3b1508000 rw-p 00000000 00:00 0 
7fe3b1508000-7fe3b152b000 r-xp 00000000 103:05 137042                    /lib/x86_64-linux-gnu/libselinux.so.1
7fe3b152b000-7fe3b172a000 ---p 00023000 103:05 137042                    /lib/x86_64-linux-gnu/libselinux.so.1
7fe3b172a000-7fe3b172b000 r--p 00022000 103:05 137042                    /lib/x86_64-linux-gnu/libselinux.so.1
7fe3b172b000-7fe3b172c000 rw-p 00023000 103:05 137042                    /lib/x86_64-linux-gnu/libselinux.so.1
7fe3b172c000-7fe3b172e000 rw-p 00000000 00:00 0 
7fe3b172e000-7fe3b1736000 r-xp 00000000 103:05 1062322                   /usr/lib/x86_64-linux-gnu/libxcb-render.so.0.0.0
7fe3b1736000-7fe3b1936000 ---p 00008000 103:05 1062322                   /usr/lib/x86_64-linux-gnu/libxcb-render.so.0.0.0
7fe3b1936000-7fe3b1937000 r--p 00008000 103:05 1062322                   /usr/lib/x86_64-linux-gnu/libxcb-render.so.0.0.0
7fe3b1937000-7fe3b1938000 rw-p 00009000 103:05 1062322                   /usr/lib/x86_64-linux-gnu/libxcb-render.so.0.0.0
7fe3b1938000-7fe3b193a000 r-xp 00000000 103:05 1062326                   /usr/lib/x86_64-linux-gnu/libxcb-shm.so.0.0.0
7fe3b193a000-7fe3b1b3a000 ---p 00002000 103:05 1062326                   /usr/lib/x86_64-linux-gnu/libxcb-shm.so.0.0.0
7fe3b1b3a000-7fe3b1b3b000 r--p 00002000 103:05 1062326                   /usr/lib/x86_64-linux-gnu/libxcb-shm.so.0.0.0
7fe3b1b3b000-7fe3b1b3c000 rw-p 00003000 103:05 1062326                   /usr/lib/x86_64-linux-gnu/libxcb-shm.so.0.0.0
7fe3b1b3c000-7fe3b1b6d000 r-xp 00000000 103:05 1061851                   /usr/lib/x86_64-linux-gnu/libpng16.so.16.25.0
7fe3b1b6d000-7fe3b1d6c000 ---p 00031000 103:05 1061851                   /usr/lib/x86_64-linux-gnu/libpng16.so.16.25.0
7fe3b1d6c000-7fe3b1d6d000 r--p 00030000 103:05 1061851                   /usr/lib/x86_64-linux-gnu/libpng16.so.16.25.0
7fe3b1d6d000-7fe3b1d6e000 rw-p 00031000 103:05 1061851                   /usr/lib/x86_64-linux-gnu/libpng16.so.16.25.0
7fe3b1d6e000-7fe3b1e15000 r-xp 00000000 103:05 1048730                   /usr/lib/x86_64-linux-gnu/libfreetype.so.6.12.3
7fe3b1e15000-7fe3b2014000 ---p 000a7000 103:05 1048730                   /usr/lib/x86_64-linux-gnu/libfreetype.so.6.12.3
7fe3b2014000-7fe3b201a000 r--p 000a6000 103:05 1048730                   /usr/lib/x86_64-linux-gnu/libfreetype.so.6.12.3
7fe3b201a000-7fe3b201b000 rw-p 000ac000 103:05 1048730                   /usr/lib/x86_64-linux-gnu/libfreetype.so.6.12.3
7fe3b201b000-7fe3b20ba000 r-xp 00000000 103:05 1061843                   /usr/lib/x86_64-linux-gnu/libpixman-1.so.0.33.6
7fe3b20ba000-7fe3b22ba000 ---p 0009f000 103:05 1061843                   /usr/lib/x86_64-linux-gnu/libpixman-1.so.0.33.6
7fe3b22ba000-7fe3b22c2000 r--p 0009f000 103:05 1061843                   /usr/lib/x86_64-linux-gnu/libpixman-1.so.0.33.6
7fe3b22c2000-7fe3b22c3000 rw-p 000a7000 103:05 1061843                   /usr/lib/x86_64-linux-gnu/libpixman-1.so.0.33.6
7fe3b22c3000-7fe3b22c5000 r-xp 00000000 103:05 1060809                   /usr/lib/x86_64-linux-gnu/libXcomposite.so.1.0.0
7fe3b22c5000-7fe3b24c4000 ---p 00002000 103:05 1060809                   /usr/lib/x86_64-linux-gnu/libXcomposite.so.1.0.0
7fe3b24c4000-7fe3b24c5000 r--p 00001000 103:05 1060809                   /usr/lib/x86_64-linux-gnu/libXcomposite.so.1.0.0
7fe3b24c5000-7fe3b24c6000 rw-p 00002000 103:05 1060809                   /usr/lib/x86_64-linux-gnu/libXcomposite.so.1.0.0
7fe3b24c6000-7fe3b24cf000 r-xp 00000000 103:05 1060811                   /usr/lib/x86_64-linux-gnu/libXcursor.so.1.0.2
7fe3b24cf000-7fe3b26ce000 ---p 00009000 103:05 1060811                   /usr/lib/x86_64-linux-gnu/libXcursor.so.1.0.2
7fe3b26ce000-7fe3b26cf000 r--p 00008000 103:05 1060811                   /usr/lib/x86_64-linux-gnu/libXcursor.so.1.0.2
7fe3b26cf000-7fe3b26d0000 rw-p 00009000 103:05 1060811                   /usr/lib/x86_64-linux-gnu/libXcursor.so.1.0.2
7fe3b26d0000-7fe3b26da000 r-xp 00000000 103:05 1060835                   /usr/lib/x86_64-linux-gnu/libXrandr.so.2.2.0
7fe3b26da000-7fe3b28d9000 ---p 0000a000 103:05 1060835                   /usr/lib/x86_64-linux-gnu/libXrandr.so.2.2.0
7fe3b28d9000-7fe3b28da000 r--p 00009000 103:05 1060835                   /usr/lib/x86_64-linux-gnu/libXrandr.so.2.2.0
7fe3b28da000-7fe3b28db000 rw-p 0000a000 103:05 1060835                   /usr/lib/x86_64-linux-gnu/libXrandr.so.2.2.0
7fe3b28db000-7fe3b28ea000 r-xp 00000000 103:05 1060825                   /usr/lib/x86_64-linux-gnu/libXi.so.6.1.0
7fe3b28ea000-7fe3b2ae9000 ---p 0000f000 103:05 1060825                   /usr/lib/x86_64-linux-gnu/libXi.so.6.1.0
7fe3b2ae9000-7fe3b2aea000 r--p 0000e000 103:05 1060825                   /usr/lib/x86_64-linux-gnu/libXi.so.6.1.0
7fe3b2aea000-7fe3b2aeb000 rw-p 0000f000 103:05 1060825                   /usr/lib/x86_64-linux-gnu/libXi.so.6.1.0
7fe3b2aeb000-7fe3b2aed000 r-xp 00000000 103:05 1060827                   /usr/lib/x86_64-linux-gnu/libXinerama.so.1.0.0
7fe3b2aed000-7fe3b2cec000 ---p 00002000 103:05 1060827                   /usr/lib/x86_64-linux-gnu/libXinerama.so.1.0.0
7fe3b2cec000-7fe3b2ced000 r--p 00001000 103:05 1060827                   /usr/lib/x86_64-linux-gnu/libXinerama.so.1.0.0
7fe3b2ced000-7fe3b2cee000 rw-p 00002000 103:05 1060827                   /usr/lib/x86_64-linux-gnu/libXinerama.so.1.0.0
7fe3b2cee000-7fe3b2cf7000 r-xp 00000000 103:05 1060837                   /usr/lib/x86_64-linux-gnu/libXrender.so.1.3.0
7fe3b2cf7000-7fe3b2ef6000 ---p 00009000 103:05 1060837                   /usr/lib/x86_64-linux-gnu/libXrender.so.1.3.0
7fe3b2ef6000-7fe3b2ef7000 r--p 00008000 103:05 1060837                   /usr/lib/x86_64-linux-gnu/libXrender.so.1.3.0
7fe3b2ef7000-7fe3b2ef8000 rw-p 00009000 103:05 1060837                   /usr/lib/x86_64-linux-gnu/libXrender.so.1.3.0
7fe3b2ef8000-7fe3b2f35000 r-xp 00000000 103:05 1061219                   /usr/lib/x86_64-linux-gnu/libfontconfig.so.1.9.0
7fe3b2f35000-7fe3b3134000 ---p 0003d000 103:05 1061219                   /usr/lib/x86_64-linux-gnu/libfontconfig.so.1.9.0
7fe3b3134000-7fe3b3136000 r--p 0003c000 103:05 1061219                   /usr/lib/x86_64-linux-gnu/libfontconfig.so.1.9.0
7fe3b3136000-7fe3b313b000 rw-p 0003e000 103:05 1061219                   /usr/lib/x86_64-linux-gnu/libfontconfig.so.1.9.0
7fe3b313b000-7fe3b3184000 r-xp 00000000 103:05 1061811                   /usr/lib/x86_64-linux-gnu/libpango-1.0.so.0.4000.1
7fe3b3184000-7fe3b3384000 ---p 00049000 103:05 1061811                   /usr/lib/x86_64-linux-gnu/libpango-1.0.so.0.4000.1
7fe3b3384000-7fe3b3386000 r--p 00049000 103:05 1061811                   /usr/lib/x86_64-linux-gnu/libpango-1.0.so.0.4000.1
7fe3b3386000-7fe3b3387000 rw-p 0004b000 103:05 1061811                   /usr/lib/x86_64-linux-gnu/libpango-1.0.so.0.4000.1
7fe3b3387000-7fe3b339b000 r-xp 00000000 103:05 1061815                   /usr/lib/x86_64-linux-gnu/libpangoft2-1.0.so.0.4000.1
7fe3b339b000-7fe3b359b000 ---p 00014000 103:05 1061815                   /usr/lib/x86_64-linux-gnu/libpangoft2-1.0.so.0.4000.1
7fe3b359b000-7fe3b359c000 r--p 00014000 103:05 1061815                   /usr/lib/x86_64-linux-gnu/libpangoft2-1.0.so.0.4000.1
7fe3b359c000-7fe3b359d000 rw-p 00015000 103:05 1061815                   /usr/lib/x86_64-linux-gnu/libpangoft2-1.0.so.0.4000.1
7fe3b359d000-7fe3b35bf000 r-xp 00000000 103:05 1060904                   /usr/lib/x86_64-linux-gnu/libatk-1.0.so.0.22009.1
7fe3b35bf000-7fe3b37be000 ---p 00022000 103:05 1060904                   /usr/lib/x86_64-linux-gnu/libatk-1.0.so.0.22009.1
7fe3b37be000-7fe3b37c1000 r--p 00021000 103:05 1060904                   /usr/lib/x86_64-linux-gnu/libatk-1.0.so.0.22009.1
7fe3b37c1000-7fe3b37c2000 rw-p 00024000 103:05 1060904                   /usr/lib/x86_64-linux-gnu/libatk-1.0.so.0.22009.1
7fe3b37c2000-7fe3b37ce000 r-xp 00000000 103:05 1061813                   /usr/lib/x86_64-linux-gnu/libpangocairo-1.0.so.0.4000.1
7fe3b37ce000-7fe3b39cd000 ---p 0000c000 103:05 1061813                   /usr/lib/x86_64-linux-gnu/libpangocairo-1.0.so.0.4000.1
7fe3b39cd000-7fe3b39ce000 r--p 0000b000 103:05 1061813                   /usr/lib/x86_64-linux-gnu/libpangocairo-1.0.so.0.4000.1
7fe3b39ce000-7fe3b39cf000 rw-p 0000c000 103:05 1061813                   /usr/lib/x86_64-linux-gnu/libpangocairo-1.0.so.0.4000.1
7fe3b39cf000-7fe3b39d2000 r-xp 00000000 103:05 1061340                   /usr/lib/x86_64-linux-gnu/libgmodule-2.0.so.0.5000.0
7fe3b39d2000-7fe3b3bd1000 ---p 00003000 103:05 1061340                   /usr/lib/x86_64-linux-gnu/libgmodule-2.0.so.0.5000.0
7fe3b3bd1000-7fe3b3bd2000 r--p 00002000 103:05 1061340                   /usr/lib/x86_64-linux-gnu/libgmodule-2.0.so.0.5000.0
7fe3b3bd2000-7fe3b3bd3000 rw-p 00003000 103:05 1061340                   /usr/lib/x86_64-linux-gnu/libgmodule-2.0.so.0.5000.0
7fe3b3bd3000-7fe3b3bd8000 r-xp 00000000 103:05 1060843                   /usr/lib/x86_64-linux-gnu/libXtst.so.6.1.0
7fe3b3bd8000-7fe3b3dd7000 ---p 00005000 103:05 1060843                   /usr/lib/x86_64-linux-gnu/libXtst.so.6.1.0
7fe3b3dd7000-7fe3b3dd8000 r--p 00004000 103:05 1060843                   /usr/lib/x86_64-linux-gnu/libXtst.so.6.1.0
7fe3b3dd8000-7fe3b3dd9000 rw-p 00005000 103:05 1060843                   /usr/lib/x86_64-linux-gnu/libXtst.so.6.1.0
7fe3b3dd9000-7fe3b3ee9000 r-xp 00000000 103:05 136931                    /lib/x86_64-linux-gnu/libglib-2.0.so.0.5000.0
7fe3b3ee9000-7fe3b40e9000 ---p 00110000 103:05 136931                    /lib/x86_64-linux-gnu/libglib-2.0.so.0.5000.0
7fe3b40e9000-7fe3b40ea000 r--p 00110000 103:05 136931                    /lib/x86_64-linux-gnu/libglib-2.0.so.0.5000.0
7fe3b40ea000-7fe3b40eb000 rw-p 00111000 103:05 136931                    /lib/x86_64-linux-gnu/libglib-2.0.so.0.5000.0
7fe3b40eb000-7fe3b40ec000 rw-p 00000000 00:00 0 
7fe3b40ec000-7fe3b40ed000 r-xp 00000000 103:05 1061437                   /usr/lib/x86_64-linux-gnu/libgthread-2.0.so.0.5000.0
7fe3b40ed000-7fe3b42ec000 ---p 00001000 103:05 1061437                   /usr/lib/x86_64-linux-gnu/libgthread-2.0.so.0.5000.0
7fe3b42ec000-7fe3b42ed000 r--p 00000000 103:05 1061437                   /usr/lib/x86_64-linux-gnu/libgthread-2.0.so.0.5000.0
7fe3b42ed000-7fe3b42ee000 rw-p 00001000 103:05 1061437                   /usr/lib/x86_64-linux-gnu/libgthread-2.0.so.0.5000.0
7fe3b42ee000-7fe3b4340000 r-xp 00000000 103:05 1061362                   /usr/lib/x86_64-linux-gnu/libgobject-2.0.so.0.5000.0
7fe3b4340000-7fe3b453f000 ---p 00052000 103:05 1061362                   /usr/lib/x86_64-linux-gnu/libgobject-2.0.so.0.5000.0
7fe3b453f000-7fe3b4540000 r--p 00051000 103:05 1061362                   /usr/lib/x86_64-linux-gnu/libgobject-2.0.so.0.5000.0
7fe3b4540000-7fe3b4541000 rw-p 00052000 103:05 1061362                   /usr/lib/x86_64-linux-gnu/libgobject-2.0.so.0.5000.0
7fe3b4541000-7fe3b46ce000 r-xp 00000000 103:05 1061324                   /usr/lib/x86_64-linux-gnu/libgio-2.0.so.0.5000.0
7fe3b46ce000-7fe3b48cd000 ---p 0018d000 103:05 1061324                   /usr/lib/x86_64-linux-gnu/libgio-2.0.so.0.5000.0
7fe3b48cd000-7fe3b48d2000 r--p 0018c000 103:05 1061324                   /usr/lib/x86_64-linux-gnu/libgio-2.0.so.0.5000.0
7fe3b48d2000-7fe3b48d5000 rw-p 00191000 103:05 1061324                   /usr/lib/x86_64-linux-gnu/libgio-2.0.so.0.5000.0
7fe3b48d5000-7fe3b48d6000 rw-p 00000000 00:00 0 
7fe3b48d6000-7fe3b48f7000 r-xp 00000000 103:05 1061294                   /usr/lib/x86_64-linux-gnu/libgdk_pixbuf-2.0.so.0.3400.0
7fe3b48f7000-7fe3b4af6000 ---p 00021000 103:05 1061294                   /usr/lib/x86_64-linux-gnu/libgdk_pixbuf-2.0.so.0.3400.0
7fe3b4af6000-7fe3b4af7000 r--p 00020000 103:05 1061294                   /usr/lib/x86_64-linux-gnu/libgdk_pixbuf-2.0.so.0.3400.0
7fe3b4af7000-7fe3b4af8000 rw-p 00021000 103:05 1061294                   /usr/lib/x86_64-linux-gnu/libgdk_pixbuf-2.0.so.0.3400.0
7fe3b4af8000-7fe3b4c06000 r-xp 00000000 103:05 1060970                   /usr/lib/x86_64-linux-gnu/libcairo.so.2.11400.6
7fe3b4c06000-7fe3b4e05000 ---p 0010e000 103:05 1060970                   /usr/lib/x86_64-linux-gnu/libcairo.so.2.11400.6
7fe3b4e05000-7fe3b4e08000 r--p 0010d000 103:05 1060970                   /usr/lib/x86_64-linux-gnu/libcairo.so.2.11400.6
7fe3b4e08000-7fe3b4e09000 rw-p 00110000 103:05 1060970                   /usr/lib/x86_64-linux-gnu/libcairo.so.2.11400.6
7fe3b4e09000-7fe3b4e0b000 rw-p 00000000 00:00 0 
7fe3b4e0b000-7fe3b4ebb000 r-xp 00000000 103:05 1061292                   /usr/lib/x86_64-linux-gnu/libgdk-x11-2.0.so.0.2400.30
7fe3b4ebb000-7fe3b50ba000 ---p 000b0000 103:05 1061292                   /usr/lib/x86_64-linux-gnu/libgdk-x11-2.0.so.0.2400.30
7fe3b50ba000-7fe3b50be000 r--p 000af000 103:05 1061292                   /usr/lib/x86_64-linux-gnu/libgdk-x11-2.0.so.0.2400.30
7fe3b50be000-7fe3b50c0000 rw-p 000b3000 103:05 1061292                   /usr/lib/x86_64-linux-gnu/libgdk-x11-2.0.so.0.2400.30
7fe3b50c0000-7fe3b54fe000 r-xp 00000000 103:05 1061441                   /usr/lib/x86_64-linux-gnu/libgtk-x11-2.0.so.0.2400.30
7fe3b54fe000-7fe3b56fe000 ---p 0043e000 103:05 1061441                   /usr/lib/x86_64-linux-gnu/libgtk-x11-2.0.so.0.2400.30
7fe3b56fe000-7fe3b5705000 r--p 0043e000 103:05 1061441                   /usr/lib/x86_64-linux-gnu/libgtk-x11-2.0.so.0.2400.30
7fe3b5705000-7fe3b5709000 rw-p 00445000 103:05 1061441                   /usr/lib/x86_64-linux-gnu/libgtk-x11-2.0.so.0.2400.30
7fe3b5709000-7fe3b570c000 rw-p 00000000 00:00 0 
7fe3b570c000-7fe3b5734000 r-xp 00000000 103:05 279195                    /usr/lib/jvm/java-8-openjdk-amd64/jre/lib/amd64/libglass.so
7fe3b5734000-7fe3b5934000 ---p 00028000 103:05 279195                    /usr/lib/jvm/java-8-openjdk-amd64/jre/lib/amd64/libglass.so
7fe3b5934000-7fe3b5935000 r--p 00028000 103:05 279195                    /usr/lib/jvm/java-8-openjdk-amd64/jre/lib/amd64/libglass.so
7fe3b5935000-7fe3b5936000 rw-p 00029000 103:05 279195                    /usr/lib/jvm/java-8-openjdk-amd64/jre/lib/amd64/libglass.so
7fe3b5936000-7fe3b596d000 r-xp 00000000 103:05 1062093                   /usr/lib/x86_64-linux-gnu/libtxc_dxtn_s2tc.so.0.0.0
7fe3b596d000-7fe3b5b6c000 ---p 00037000 103:05 1062093                   /usr/lib/x86_64-linux-gnu/libtxc_dxtn_s2tc.so.0.0.0
7fe3b5b6c000-7fe3b5b6d000 r--p 00036000 103:05 1062093                   /usr/lib/x86_64-linux-gnu/libtxc_dxtn_s2tc.so.0.0.0
7fe3b5b6d000-7fe3b5b6e000 rw-p 00037000 103:05 1062093                   /usr/lib/x86_64-linux-gnu/libtxc_dxtn_s2tc.so.0.0.0
7fe3b5b6e000-7fe3b5b76000 r-xp 00000000 103:05 1061827                   /usr/lib/x86_64-linux-gnu/libpciaccess.so.0.11.1
7fe3b5b76000-7fe3b5d76000 ---p 00008000 103:05 1061827                   /usr/lib/x86_64-linux-gnu/libpciaccess.so.0.11.1
7fe3b5d76000-7fe3b5d77000 r--p 00008000 103:05 1061827                   /usr/lib/x86_64-linux-gnu/libpciaccess.so.0.11.1
7fe3b5d77000-7fe3b5d78000 rw-p 00009000 103:05 1061827                   /usr/lib/x86_64-linux-gnu/libpciaccess.so.0.11.1
7fe3b5d78000-7fe3b5d8a000 r-xp 00000000 103:05 136933                    /lib/x86_64-linux-gnu/libgpg-error.so.0.19.1
7fe3b5d8a000-7fe3b5f8a000 ---p 00012000 103:05 136933                    /lib/x86_64-linux-gnu/libgpg-error.so.0.19.1
7fe3b5f8a000-7fe3b5f8b000 r--p 00012000 103:05 136933                    /lib/x86_64-linux-gnu/libgpg-error.so.0.19.1
7fe3b5f8b000-7fe3b5f8c000 rw-p 00013000 103:05 136933                    /lib/x86_64-linux-gnu/libgpg-error.so.0.19.1
7fe3b5f8c000-7fe3b5f97000 r-xp 00000000 103:05 1061129                   /usr/lib/x86_64-linux-gnu/libdrm_radeon.so.1.0.1
7fe3b5f97000-7fe3b6196000 ---p 0000b000 103:05 1061129                   /usr/lib/x86_64-linux-gnu/libdrm_radeon.so.1.0.1
7fe3b6196000-7fe3b6197000 r--p 0000a000 103:05 1061129                   /usr/lib/x86_64-linux-gnu/libdrm_radeon.so.1.0.1
7fe3b6197000-7fe3b6198000 rw-p 0000b000 103:05 1061129                   /usr/lib/x86_64-linux-gnu/libdrm_radeon.so.1.0.1
7fe3b6198000-7fe3b619f000 r-xp 00000000 103:05 1061127                   /usr/lib/x86_64-linux-gnu/libdrm_nouveau.so.2.0.0
7fe3b619f000-7fe3b639e000 ---p 00007000 103:05 1061127                   /usr/lib/x86_64-linux-gnu/libdrm_nouveau.so.2.0.0
7fe3b639e000-7fe3b639f000 r--p 00006000 103:05 1061127                   /usr/lib/x86_64-linux-gnu/libdrm_nouveau.so.2.0.0
7fe3b639f000-7fe3b63a0000 rw-p 00007000 103:05 1061127                   /usr/lib/x86_64-linux-gnu/libdrm_nouveau.so.2.0.0
7fe3b63a0000-7fe3b63c0000 r-xp 00000000 103:05 1061125                   /usr/lib/x86_64-linux-gnu/libdrm_intel.so.1.0.0
7fe3b63c0000-7fe3b65bf000 ---p 00020000 103:05 1061125                   /usr/lib/x86_64-linux-gnu/libdrm_intel.so.1.0.0
7fe3b65bf000-7fe3b65c0000 r--p 0001f000 103:05 1061125                   /usr/lib/x86_64-linux-gnu/libdrm_intel.so.1.0.0
7fe3b65c0000-7fe3b65c1000 rw-p 00020000 103:05 1061125                   /usr/lib/x86_64-linux-gnu/libdrm_intel.so.1.0.0
7fe3b65c1000-7fe3b66c8000 r-xp 00000000 103:05 136929                    /lib/x86_64-linux-gnu/libgcrypt.so.20.1.2
7fe3b66c8000-7fe3b68c7000 ---p 00107000 103:05 136929                    /lib/x86_64-linux-gnu/libgcrypt.so.20.1.2
7fe3b68c7000-7fe3b68c9000 r--p 00106000 103:05 136929                    /lib/x86_64-linux-gnu/libgcrypt.so.20.1.2
7fe3b68c9000-7fe3b68d0000 rw-p 00108000 103:05 136929                    /lib/x86_64-linux-gnu/libgcrypt.so.20.1.2
7fe3b68d0000-7fe3b6f73000 r-xp 00000000 103:05 8121                      /usr/lib/x86_64-linux-gnu/dri/i965_dri.so
7fe3b6f73000-7fe3b7172000 ---p 006a3000 103:05 8121                      /usr/lib/x86_64-linux-gnu/dri/i965_dri.so
7fe3b7172000-7fe3b71b1000 r--p 006a2000 103:05 8121                      /usr/lib/x86_64-linux-gnu/dri/i965_dri.so
7fe3b71b1000-7fe3b71b9000 rw-p 006e1000 103:05 8121                      /usr/lib/x86_64-linux-gnu/dri/i965_dri.so
7fe3b71b9000-7fe3b71c1000 rw-p 00000000 00:00 0 
7fe3b71c1000-7fe3b71c6000 r-xp 00000000 103:05 1060815                   /usr/lib/x86_64-linux-gnu/libXdmcp.so.6.0.0
7fe3b71c6000-7fe3b73c5000 ---p 00005000 103:05 1060815                   /usr/lib/x86_64-linux-gnu/libXdmcp.so.6.0.0
7fe3b73c5000-7fe3b73c6000 r--p 00004000 103:05 1060815                   /usr/lib/x86_64-linux-gnu/libXdmcp.so.6.0.0
7fe3b73c6000-7fe3b73c7000 rw-p 00005000 103:05 1060815                   /usr/lib/x86_64-linux-gnu/libXdmcp.so.6.0.0
7fe3b73c7000-7fe3b73c9000 r-xp 00000000 103:05 1060804                   /usr/lib/x86_64-linux-gnu/libXau.so.6.0.0
7fe3b73c9000-7fe3b75c9000 ---p 00002000 103:05 1060804                   /usr/lib/x86_64-linux-gnu/libXau.so.6.0.0
7fe3b75c9000-7fe3b75ca000 r--p 00002000 103:05 1060804                   /usr/lib/x86_64-linux-gnu/libXau.so.6.0.0
7fe3b75ca000-7fe3b75cb000 rw-p 00003000 103:05 1060804                   /usr/lib/x86_64-linux-gnu/libXau.so.6.0.0
7fe3b75cb000-7fe3b75d9000 r-xp 00000000 103:05 1061121                   /usr/lib/x86_64-linux-gnu/libdrm.so.2.4.0
7fe3b75d9000-7fe3b77d8000 ---p 0000e000 103:05 1061121                   /usr/lib/x86_64-linux-gnu/libdrm.so.2.4.0
7fe3b77d8000-7fe3b77d9000 r--p 0000d000 103:05 1061121                   /usr/lib/x86_64-linux-gnu/libdrm.so.2.4.0
7fe3b77d9000-7fe3b77da000 rw-p 0000e000 103:05 1061121                   /usr/lib/x86_64-linux-gnu/libdrm.so.2.4.0
7fe3b77da000-7fe3b77df000 r-xp 00000000 103:05 1060853                   /usr/lib/x86_64-linux-gnu/libXxf86vm.so.1.0.0
7fe3b77df000-7fe3b79de000 ---p 00005000 103:05 1060853                   /usr/lib/x86_64-linux-gnu/libXxf86vm.so.1.0.0
7fe3b79de000-7fe3b79df000 r--p 00004000 103:05 1060853                   /usr/lib/x86_64-linux-gnu/libXxf86vm.so.1.0.0
7fe3b79df000-7fe3b79e0000 rw-p 00005000 103:05 1060853                   /usr/lib/x86_64-linux-gnu/libXxf86vm.so.1.0.0
7fe3b79e0000-7fe3b79e4000 r-xp 00000000 103:05 1062304                   /usr/lib/x86_64-linux-gnu/libxcb-dri2.so.0.0.0
7fe3b79e4000-7fe3b7be3000 ---p 00004000 103:05 1062304                   /usr/lib/x86_64-linux-gnu/libxcb-dri2.so.0.0.0
7fe3b7be3000-7fe3b7be4000 r--p 00003000 103:05 1062304                   /usr/lib/x86_64-linux-gnu/libxcb-dri2.so.0.0.0
7fe3b7be4000-7fe3b7be5000 rw-p 00004000 103:05 1062304                   /usr/lib/x86_64-linux-gnu/libxcb-dri2.so.0.0.0
7fe3b7be5000-7fe3b7bfc000 r-xp 00000000 103:05 1062308                   /usr/lib/x86_64-linux-gnu/libxcb-glx.so.0.0.0
7fe3b7bfc000-7fe3b7dfb000 ---p 00017000 103:05 1062308                   /usr/lib/x86_64-linux-gnu/libxcb-glx.so.0.0.0
7fe3b7dfb000-7fe3b7dfd000 r--p 00016000 103:05 1062308                   /usr/lib/x86_64-linux-gnu/libxcb-glx.so.0.0.0
7fe3b7dfd000-7fe3b7dfe000 rw-p 00018000 103:05 1062308                   /usr/lib/x86_64-linux-gnu/libxcb-glx.so.0.0.0
7fe3b7dfe000-7fe3b7dff000 r-xp 00000000 103:05 1060798                   /usr/lib/x86_64-linux-gnu/libX11-xcb.so.1.0.0
7fe3b7dff000-7fe3b7ffe000 ---p 00001000 103:05 1060798                   /usr/lib/x86_64-linux-gnu/libX11-xcb.so.1.0.0
7fe3b7ffe000-7fe3b7fff000 r--p 00000000 103:05 1060798                   /usr/lib/x86_64-linux-gnu/libX11-xcb.so.1.0.0
7fe3b7fff000-7fe3b8000000 rw-p 00001000 103:05 1060798                   /usr/lib/x86_64-linux-gnu/libX11-xcb.so.1.0.0
7fe3b8000000-7fe3b814a000 rw-p 00000000 00:00 0 
7fe3b814a000-7fe3bc000000 ---p 00000000 00:00 0 
7fe3bc000000-7fe3bde52000 rw-p 00000000 00:00 0 
7fe3bde52000-7fe3c0000000 ---p 00000000 00:00 0 
7fe3c0000000-7fe3c0021000 rw-p 00000000 00:00 0 
7fe3c0021000-7fe3c4000000 ---p 00000000 00:00 0 
7fe3c4000000-7fe3c4298000 rw-p 00000000 00:00 0 
7fe3c4298000-7fe3c8000000 ---p 00000000 00:00 0 
7fe3c8000000-7fe3c8282000 rw-p 00000000 00:00 0 
7fe3c8282000-7fe3cc000000 ---p 00000000 00:00 0 
7fe3cc000000-7fe3cc021000 rw-p 00000000 00:00 0 
7fe3cc021000-7fe3d0000000 ---p 00000000 00:00 0 
7fe3d0000000-7fe3d01bb000 rw-p 00000000 00:00 0 
7fe3d01bb000-7fe3d4000000 ---p 00000000 00:00 0 
7fe3d4000000-7fe3d416b000 rw-p 00000000 00:00 0 
7fe3d416b000-7fe3d8000000 ---p 00000000 00:00 0 
7fe3d8000000-7fe3d8021000 rw-p 00000000 00:00 0 
7fe3d8021000-7fe3dc000000 ---p 00000000 00:00 0 
7fe3dc000000-7fe3dc133000 rw-p 00000000 00:00 0 
7fe3dc133000-7fe3e0000000 ---p 00000000 00:00 0 
7fe3e0000000-7fe3e0021000 rw-p 00000000 00:00 0 
7fe3e0021000-7fe3e4000000 ---p 00000000 00:00 0 
7fe3e4000000-7fe3e4021000 rw-p 00000000 00:00 0 
7fe3e4021000-7fe3e8000000 ---p 00000000 00:00 0 
7fe3e8000000-7fe3e8021000 rw-p 00000000 00:00 0 
7fe3e8021000-7fe3ec000000 ---p 00000000 00:00 0 
7fe3ec000000-7fe3ec001000 r--s 00000000 103:05 1076648                   /var/cache/fontconfig/1ac9eb803944fde146138c791f5cc56a-le64.cache-6
7fe3ec001000-7fe3ec002000 r--s 00000000 103:05 1076681                   /var/cache/fontconfig/dc05db6664285cc2f12bf69c139ae4c3-le64.cache-6
7fe3ec002000-7fe3ec005000 r--s 00000000 103:05 1076664                   /var/cache/fontconfig/767a8244fc0220cfb567a839d0392e0b-le64.cache-6
7fe3ec005000-7fe3ec006000 r--s 00000000 103:05 1076655                   /var/cache/fontconfig/4794a0821666d79190d59a36cb4f44b5-le64.cache-6
7fe3ec006000-7fe3ec007000 r--s 00000000 103:05 1076644                   /var/cache/fontconfig/0bd3dc0958fa2205aaaa8ebb13e2872b-le64.cache-6
7fe3ec007000-7fe3ec00c000 r--s 00000000 103:05 1076667                   /var/cache/fontconfig/8801497958630a81b71ace7c5f9b32a8-le64.cache-6
7fe3ec00c000-7fe3ec00d000 r--s 00000000 103:05 1076674                   /var/cache/fontconfig/bab58bb527bb656aaa9f116d68a48d89-le64.cache-6
7fe3ec00d000-7fe3ec013000 r--s 00000000 103:05 1076650                   /var/cache/fontconfig/3047814df9a2f067bd2d96a2b9c36e5a-le64.cache-6
7fe3ec013000-7fe3ec014000 r--s 00000000 103:05 1076658                   /var/cache/fontconfig/56cf4f4769d0f4abc89a4895d7bd3ae1-le64.cache-6
7fe3ec014000-7fe3ec015000 r--s 00000000 103:05 1076673                   /var/cache/fontconfig/b9d506c9ac06c20b433354fa67a72993-le64.cache-6
7fe3ec015000-7fe3ec01b000 r--s 00000000 103:05 1076672                   /var/cache/fontconfig/b47c4e1ecd0709278f4910c18777a504-le64.cache-6
7fe3ec01b000-7fe3ec02e000 r--s 00000000 103:05 1076678                   /var/cache/fontconfig/d52a8644073d54c13679302ca1180695-le64.cache-6
7fe3ec02e000-7fe3ec03a000 r--s 00000000 103:05 1078096                   /var/cache/fontconfig/d589a48862398ed80a3d6066f4f56f4c-le64.cache-6
7fe3ec03a000-7fe3ec045000 r--s 00000000 103:05 1076666                   /var/cache/fontconfig/83bf95040141907cd45bb53cf7c1c148-le64.cache-6
7fe3ec045000-7fe3ec090000 r--p 00000000 103:05 526830                    /usr/share/glib-2.0/schemas/gschemas.compiled
7fe3ec090000-7fe3ec112000 r-xp 00000000 103:05 137052                    /lib/x86_64-linux-gnu/libsystemd.so.0.16.0
7fe3ec112000-7fe3ec115000 r--p 00081000 103:05 137052                    /lib/x86_64-linux-gnu/libsystemd.so.0.16.0
7fe3ec115000-7fe3ec116000 rw-p 00084000 103:05 137052                    /lib/x86_64-linux-gnu/libsystemd.so.0.16.0
7fe3ec116000-7fe3ec117000 rw-p 00000000 00:00 0 
7fe3ec117000-7fe3ec118000 r--s 00000000 103:05 1076657                   /var/cache/fontconfig/551ecf3b0e8b0bca0f25c0944f561853-le64.cache-6
7fe3ec118000-7fe3ec119000 r--s 00000000 103:05 1076654                   /var/cache/fontconfig/3f7329c5293ffd510edef78f73874cfd-le64.cache-6
7fe3ec119000-7fe3ec12b000 r--s 00000000 103:05 1076670                   /var/cache/fontconfig/9b89f8e3dae116d678bbf48e5f21f69b-le64.cache-6
7fe3ec12b000-7fe3ec133000 rw-s 00000000 00:05 353525                     /drm mm object (deleted)
7fe3ec133000-7fe3ec151000 r-xp 00000000 103:05 136726                    /lib/x86_64-linux-gnu/libudev.so.1.6.5
7fe3ec151000-7fe3ec152000 ---p 0001e000 103:05 136726                    /lib/x86_64-linux-gnu/libudev.so.1.6.5
7fe3ec152000-7fe3ec153000 r--p 0001e000 103:05 136726                    /lib/x86_64-linux-gnu/libudev.so.1.6.5
7fe3ec153000-7fe3ec154000 rw-p 0001f000 103:05 136726                    /lib/x86_64-linux-gnu/libudev.so.1.6.5
7fe3ec154000-7fe3ec159000 r-xp 00000000 103:05 1060819                   /usr/lib/x86_64-linux-gnu/libXfixes.so.3.1.0
7fe3ec159000-7fe3ec358000 ---p 00005000 103:05 1060819                   /usr/lib/x86_64-linux-gnu/libXfixes.so.3.1.0
7fe3ec358000-7fe3ec359000 r--p 00004000 103:05 1060819                   /usr/lib/x86_64-linux-gnu/libXfixes.so.3.1.0
7fe3ec359000-7fe3ec35a000 rw-p 00005000 103:05 1060819                   /usr/lib/x86_64-linux-gnu/libXfixes.so.3.1.0
7fe3ec35a000-7fe3ec35c000 r-xp 00000000 103:05 1060813                   /usr/lib/x86_64-linux-gnu/libXdamage.so.1.1.0
7fe3ec35c000-7fe3ec55b000 ---p 00002000 103:05 1060813                   /usr/lib/x86_64-linux-gnu/libXdamage.so.1.1.0
7fe3ec55b000-7fe3ec55c000 r--p 00001000 103:05 1060813                   /usr/lib/x86_64-linux-gnu/libXdamage.so.1.1.0
7fe3ec55c000-7fe3ec55d000 rw-p 00002000 103:05 1060813                   /usr/lib/x86_64-linux-gnu/libXdamage.so.1.1.0
7fe3ec55d000-7fe3ec56e000 r-xp 00000000 103:05 1060817                   /usr/lib/x86_64-linux-gnu/libXext.so.6.4.0
7fe3ec56e000-7fe3ec76d000 ---p 00011000 103:05 1060817                   /usr/lib/x86_64-linux-gnu/libXext.so.6.4.0
7fe3ec76d000-7fe3ec76e000 r--p 00010000 103:05 1060817                   /usr/lib/x86_64-linux-gnu/libXext.so.6.4.0
7fe3ec76e000-7fe3ec76f000 rw-p 00011000 103:05 1060817                   /usr/lib/x86_64-linux-gnu/libXext.so.6.4.0
7fe3ec76f000-7fe3ec798000 r-xp 00000000 103:05 1052288                   /usr/lib/x86_64-linux-gnu/libglapi.so.0.0.0
7fe3ec798000-7fe3ec997000 ---p 00029000 103:05 1052288                   /usr/lib/x86_64-linux-gnu/libglapi.so.0.0.0
7fe3ec997000-7fe3ec99b000 r--p 00028000 103:05 1052288                   /usr/lib/x86_64-linux-gnu/libglapi.so.0.0.0
7fe3ec99b000-7fe3ec99c000 rw-p 0002c000 103:05 1052288                   /usr/lib/x86_64-linux-gnu/libglapi.so.0.0.0
7fe3ec99c000-7fe3ec99d000 rw-p 00000000 00:00 0 
7fe3ec99d000-7fe3ec99e000 r-xp 00000000 103:05 1062350                   /usr/lib/x86_64-linux-gnu/libxshmfence.so.1.0.0
7fe3ec99e000-7fe3ecb9e000 ---p 00001000 103:05 1062350                   /usr/lib/x86_64-linux-gnu/libxshmfence.so.1.0.0
7fe3ecb9e000-7fe3ecb9f000 r--p 00001000 103:05 1062350                   /usr/lib/x86_64-linux-gnu/libxshmfence.so.1.0.0
7fe3ecb9f000-7fe3ecba0000 rw-p 00002000 103:05 1062350                   /usr/lib/x86_64-linux-gnu/libxshmfence.so.1.0.0
7fe3ecba0000-7fe3ecba5000 r-xp 00000000 103:05 1062328                   /usr/lib/x86_64-linux-gnu/libxcb-sync.so.1.0.0
7fe3ecba5000-7fe3ecda5000 ---p 00005000 103:05 1062328                   /usr/lib/x86_64-linux-gnu/libxcb-sync.so.1.0.0
7fe3ecda5000-7fe3ecda6000 r--p 00005000 103:05 1062328                   /usr/lib/x86_64-linux-gnu/libxcb-sync.so.1.0.0
7fe3ecda6000-7fe3ecda7000 rw-p 00006000 103:05 1062328                   /usr/lib/x86_64-linux-gnu/libxcb-sync.so.1.0.0
7fe3ecda7000-7fe3ecda9000 r-xp 00000000 103:05 1062316                   /usr/lib/x86_64-linux-gnu/libxcb-present.so.0.0.0
7fe3ecda9000-7fe3ecfa8000 ---p 00002000 103:05 1062316                   /usr/lib/x86_64-linux-gnu/libxcb-present.so.0.0.0
7fe3ecfa8000-7fe3ecfa9000 r--p 00001000 103:05 1062316                   /usr/lib/x86_64-linux-gnu/libxcb-present.so.0.0.0
7fe3ecfa9000-7fe3ecfaa000 rw-p 00002000 103:05 1062316                   /usr/lib/x86_64-linux-gnu/libxcb-present.so.0.0.0
7fe3ecfaa000-7fe3ecfac000 r-xp 00000000 103:05 1062306                   /usr/lib/x86_64-linux-gnu/libxcb-dri3.so.0.0.0
7fe3ecfac000-7fe3ed1ab000 ---p 00002000 103:05 1062306                   /usr/lib/x86_64-linux-gnu/libxcb-dri3.so.0.0.0
7fe3ed1ab000-7fe3ed1ac000 r--p 00001000 103:05 1062306                   /usr/lib/x86_64-linux-gnu/libxcb-dri3.so.0.0.0
7fe3ed1ac000-7fe3ed1ad000 rw-p 00002000 103:05 1062306                   /usr/lib/x86_64-linux-gnu/libxcb-dri3.so.0.0.0
7fe3ed1ad000-7fe3ed1d4000 r-xp 00000000 103:05 136920                    /lib/x86_64-linux-gnu/libexpat.so.1.6.2
7fe3ed1d4000-7fe3ed3d4000 ---p 00027000 103:05 136920                    /lib/x86_64-linux-gnu/libexpat.so.1.6.2
7fe3ed3d4000-7fe3ed3d6000 r--p 00027000 103:05 136920                    /lib/x86_64-linux-gnu/libexpat.so.1.6.2
7fe3ed3d6000-7fe3ed3d7000 rw-p 00029000 103:05 136920                    /lib/x86_64-linux-gnu/libexpat.so.1.6.2
7fe3ed3d7000-7fe3ed3f8000 r-xp 00000000 103:05 1062338                   /usr/lib/x86_64-linux-gnu/libxcb.so.1.1.0
7fe3ed3f8000-7fe3ed5f7000 ---p 00021000 103:05 1062338                   /usr/lib/x86_64-linux-gnu/libxcb.so.1.1.0
7fe3ed5f7000-7fe3ed5f8000 r--p 00020000 103:05 1062338                   /usr/lib/x86_64-linux-gnu/libxcb.so.1.1.0
7fe3ed5f8000-7fe3ed5f9000 rw-p 00021000 103:05 1062338                   /usr/lib/x86_64-linux-gnu/libxcb.so.1.1.0
7fe3ed5f9000-7fe3ed669000 r-xp 00000000 103:05 137678                    /usr/lib/x86_64-linux-gnu/mesa/libGL.so.1.2.0
7fe3ed669000-7fe3ed868000 ---p 00070000 103:05 137678                    /usr/lib/x86_64-linux-gnu/mesa/libGL.so.1.2.0
7fe3ed868000-7fe3ed86b000 r--p 0006f000 103:05 137678                    /usr/lib/x86_64-linux-gnu/mesa/libGL.so.1.2.0
7fe3ed86b000-7fe3ed86c000 rw-p 00072000 103:05 137678                    /usr/lib/x86_64-linux-gnu/mesa/libGL.so.1.2.0
7fe3ed86c000-7fe3ed86d000 rw-p 00000000 00:00 0 
7fe3ed86d000-7fe3ed9a2000 r-xp 00000000 103:05 1060800                   /usr/lib/x86_64-linux-gnu/libX11.so.6.3.0
7fe3ed9a2000-7fe3edba1000 ---p 00135000 103:05 1060800                   /usr/lib/x86_64-linux-gnu/libX11.so.6.3.0
7fe3edba1000-7fe3edba2000 r--p 00134000 103:05 1060800                   /usr/lib/x86_64-linux-gnu/libX11.so.6.3.0
7fe3edba2000-7fe3edba6000 rw-p 00135000 103:05 1060800                   /usr/lib/x86_64-linux-gnu/libX11.so.6.3.0
7fe3edba6000-7fe3edba9000 r--s 00000000 103:05 1076663                   /var/cache/fontconfig/75114ca45c98e8a441da0ff356701271-le64.cache-6
7fe3edba9000-7fe3edbad000 r--s 00000000 103:05 1048703                   /var/cache/fontconfig/7ef2298fde41cc6eeb7af42e48b7d293-le64.cache-6
7fe3edbad000-7fe3edbb5000 rw-s 00000000 00:05 353513                     /drm mm object (deleted)
7fe3edbb5000-7fe3edbba000 r--p 00000000 103:05 797333                    /home/justin/.config/dconf/user
7fe3edbba000-7fe3edbc2000 rw-s 00000000 00:05 347839                     /drm mm object (deleted)
7fe3edbc2000-7fe3edbce000 r-xp 00000000 103:05 279204                    /usr/lib/jvm/java-8-openjdk-amd64/jre/lib/amd64/libprism_es2.so
7fe3edbce000-7fe3eddcd000 ---p 0000c000 103:05 279204                    /usr/lib/jvm/java-8-openjdk-amd64/jre/lib/amd64/libprism_es2.so
7fe3eddcd000-7fe3eddce000 r--p 0000b000 103:05 279204                    /usr/lib/jvm/java-8-openjdk-amd64/jre/lib/amd64/libprism_es2.so
7fe3eddce000-7fe3eddcf000 rw-p 0000c000 103:05 279204                    /usr/lib/jvm/java-8-openjdk-amd64/jre/lib/amd64/libprism_es2.so
7fe3eddcf000-7fe3eddd2000 ---p 00000000 00:00 0 
7fe3eddd2000-7fe3eded0000 rw-p 00000000 00:00 0 
7fe3eded0000-7fe3eded3000 ---p 00000000 00:00 0 
7fe3eded3000-7fe3edfd1000 rw-p 00000000 00:00 0 
7fe3edfd1000-7fe3edfd4000 ---p 00000000 00:00 0 
7fe3edfd4000-7fe3ee0d2000 rw-p 00000000 00:00 0 
7fe3ee0d2000-7fe3ee0ed000 r--s 001d6000 103:05 279350                    /usr/lib/jvm/java-8-openjdk-amd64/jre/lib/ext/nashorn.jar
7fe3ee0ed000-7fe3ee183000 r--s 008d6000 103:05 279517                    /usr/share/java/openjfx/jre/lib/ext/jfxrt.jar
7fe3ee183000-7fe3ee184000 ---p 00000000 00:00 0 
7fe3ee184000-7fe3ee284000 rw-p 00000000 00:00 0 
7fe3ee284000-7fe3ee287000 ---p 00000000 00:00 0 
7fe3ee287000-7fe3ee385000 rw-p 00000000 00:00 0 
7fe3ee385000-7fe3ee388000 ---p 00000000 00:00 0 
7fe3ee388000-7fe3ee486000 rw-p 00000000 00:00 0 
7fe3ee486000-7fe3ee489000 ---p 00000000 00:00 0 
7fe3ee489000-7fe3ee587000 rw-p 00000000 00:00 0 
7fe3ee587000-7fe3ee58a000 ---p 00000000 00:00 0 
7fe3ee58a000-7fe3ee688000 rw-p 00000000 00:00 0 
7fe3ee688000-7fe3ee68b000 ---p 00000000 00:00 0 
7fe3ee68b000-7fe3ee789000 rw-p 00000000 00:00 0 
7fe3ee789000-7fe3ee78c000 ---p 00000000 00:00 0 
7fe3ee78c000-7fe3ee88a000 rw-p 00000000 00:00 0 
7fe3ee88a000-7fe3ef24b000 r--p 00000000 103:05 1058289                   /usr/lib/locale/locale-archive
7fe3ef24b000-7fe3ef24e000 ---p 00000000 00:00 0 
7fe3ef24e000-7fe3ef34c000 rw-p 00000000 00:00 0 
7fe3ef34c000-7fe3ef34f000 ---p 00000000 00:00 0 
7fe3ef34f000-7fe3ef44d000 rw-p 00000000 00:00 0 
7fe3ef44d000-7fe3ef44e000 ---p 00000000 00:00 0 
7fe3ef44e000-7fe3f8000000 rw-p 00000000 00:00 0 
7fe3f8000000-7fe3f8021000 rw-p 00000000 00:00 0 
7fe3f8021000-7fe3fc000000 ---p 00000000 00:00 0 
7fe3fc000000-7fe3fc021000 rw-p 00000000 00:00 0 
7fe3fc021000-7fe400000000 ---p 00000000 00:00 0 
7fe400000000-7fe400021000 rw-p 00000000 00:00 0 
7fe400021000-7fe404000000 ---p 00000000 00:00 0 
7fe404000000-7fe404021000 rw-p 00000000 00:00 0 
7fe404021000-7fe408000000 ---p 00000000 00:00 0 
7fe408000000-7fe408021000 rw-p 00000000 00:00 0 
7fe408021000-7fe40c000000 ---p 00000000 00:00 0 
7fe40c000000-7fe40c021000 rw-p 00000000 00:00 0 
7fe40c021000-7fe410000000 ---p 00000000 00:00 0 
7fe410000000-7fe410021000 rw-p 00000000 00:00 0 
7fe410021000-7fe414000000 ---p 00000000 00:00 0 
7fe414000000-7fe414021000 rw-p 00000000 00:00 0 
7fe414021000-7fe418000000 ---p 00000000 00:00 0 
7fe418000000-7fe418003000 r--s 00000000 103:05 1076682                   /var/cache/fontconfig/e13b20fdb08344e0e664864cc2ede53d-le64.cache-6
7fe418003000-7fe41800a000 r--s 00000000 103:05 154219                    /usr/lib/x86_64-linux-gnu/gconv/gconv-modules.cache
7fe41800a000-7fe418dbc000 rw-p 00000000 00:00 0 
7fe418dbc000-7fe418f8a000 r--s 03c06000 103:05 279374                    /usr/lib/jvm/java-8-openjdk-amd64/jre/lib/rt.jar
7fe418f8a000-7fe419000000 rw-p 00000000 00:00 0 
7fe419000000-7fe419450000 rwxp 00000000 00:00 0 
7fe419450000-7fe428000000 ---p 00000000 00:00 0 
7fe428000000-7fe4281fe000 rw-p 00000000 00:00 0 
7fe4281fe000-7fe42c000000 ---p 00000000 00:00 0 
7fe42c000000-7fe42c001000 r--s 00000000 103:05 1076651                   /var/cache/fontconfig/30829fa25452a46451e813d634d7f916-le64.cache-6
7fe42c001000-7fe42c002000 r--s 00000000 103:05 1076645                   /var/cache/fontconfig/0c9eb80ebd1c36541ebe2852d3bb0c49-le64.cache-6
7fe42c003000-7fe42c004000 rw-s 105bde000 00:06 415                       /dev/dri/card1
7fe42c004000-7fe42c005000 r--s 00000000 00:2c 52                         /run/user/1000/dconf/user
7fe42c005000-7fe42c020000 r--s 00394000 103:05 279345                    /usr/lib/jvm/java-8-openjdk-amd64/jre/lib/ext/cldrdata.jar
7fe42c020000-7fe42d02f000 rw-p 00000000 00:00 0 
7fe42d02f000-7fe42d030000 ---p 00000000 00:00 0 
7fe42d030000-7fe42d130000 rw-p 00000000 00:00 0 
7fe42d130000-7fe42d131000 ---p 00000000 00:00 0 
7fe42d131000-7fe42d231000 rw-p 00000000 00:00 0 
7fe42d231000-7fe42d232000 ---p 00000000 00:00 0 
7fe42d232000-7fe42d332000 rw-p 00000000 00:00 0 
7fe42d332000-7fe42d333000 ---p 00000000 00:00 0 
7fe42d333000-7fe42d433000 rw-p 00000000 00:00 0 
7fe42d433000-7fe42d434000 ---p 00000000 00:00 0 
7fe42d434000-7fe42d534000 rw-p 00000000 00:00 0 
7fe42d534000-7fe42d535000 ---p 00000000 00:00 0 
7fe42d535000-7fe42d635000 rw-p 00000000 00:00 0 
7fe42d635000-7fe42d636000 ---p 00000000 00:00 0 
7fe42d636000-7fe42d736000 rw-p 00000000 00:00 0 
7fe42d736000-7fe42d737000 ---p 00000000 00:00 0 
7fe42d737000-7fe42d88b000 rw-p 00000000 00:00 0 
7fe42d88b000-7fe42dd63000 ---p 00000000 00:00 0 
7fe42dd63000-7fe42ddb7000 rw-p 00000000 00:00 0 
7fe42ddb7000-7fe42e28f000 ---p 00000000 00:00 0 
7fe42e28f000-7fe42e2b9000 rw-p 00000000 00:00 0 
7fe42e2b9000-7fe42e525000 ---p 00000000 00:00 0 
7fe42e525000-7fe42e538000 rw-p 00000000 00:00 0 
7fe42e538000-7fe42e8e6000 ---p 00000000 00:00 0 
7fe42e8e6000-7fe42e8ee000 r-xp 00000000 103:05 279331                    /usr/lib/jvm/java-8-openjdk-amd64/jre/lib/amd64/libzip.so
7fe42e8ee000-7fe42eaed000 ---p 00008000 103:05 279331                    /usr/lib/jvm/java-8-openjdk-amd64/jre/lib/amd64/libzip.so
7fe42eaed000-7fe42eaee000 r--p 00007000 103:05 279331                    /usr/lib/jvm/java-8-openjdk-amd64/jre/lib/amd64/libzip.so
7fe42eaee000-7fe42eaef000 rw-p 00008000 103:05 279331                    /usr/lib/jvm/java-8-openjdk-amd64/jre/lib/amd64/libzip.so
7fe42eaef000-7fe42eafa000 r-xp 00000000 103:05 149387                    /lib/x86_64-linux-gnu/libnss_files-2.24.so
7fe42eafa000-7fe42ecf9000 ---p 0000b000 103:05 149387                    /lib/x86_64-linux-gnu/libnss_files-2.24.so
7fe42ecf9000-7fe42ecfa000 r--p 0000a000 103:05 149387                    /lib/x86_64-linux-gnu/libnss_files-2.24.so
7fe42ecfa000-7fe42ecfb000 rw-p 0000b000 103:05 149387                    /lib/x86_64-linux-gnu/libnss_files-2.24.so
7fe42ecfb000-7fe42ed01000 rw-p 00000000 00:00 0 
7fe42ed01000-7fe42ed0c000 r-xp 00000000 103:05 149392                    /lib/x86_64-linux-gnu/libnss_nis-2.24.so
7fe42ed0c000-7fe42ef0b000 ---p 0000b000 103:05 149392                    /lib/x86_64-linux-gnu/libnss_nis-2.24.so
7fe42ef0b000-7fe42ef0c000 r--p 0000a000 103:05 149392                    /lib/x86_64-linux-gnu/libnss_nis-2.24.so
7fe42ef0c000-7fe42ef0d000 rw-p 0000b000 103:05 149392                    /lib/x86_64-linux-gnu/libnss_nis-2.24.so
7fe42ef0d000-7fe42ef23000 r-xp 00000000 103:05 149279                    /lib/x86_64-linux-gnu/libnsl-2.24.so
7fe42ef23000-7fe42f122000 ---p 00016000 103:05 149279                    /lib/x86_64-linux-gnu/libnsl-2.24.so
7fe42f122000-7fe42f123000 r--p 00015000 103:05 149279                    /lib/x86_64-linux-gnu/libnsl-2.24.so
7fe42f123000-7fe42f124000 rw-p 00016000 103:05 149279                    /lib/x86_64-linux-gnu/libnsl-2.24.so
7fe42f124000-7fe42f126000 rw-p 00000000 00:00 0 
7fe42f126000-7fe42f12e000 r-xp 00000000 103:05 149380                    /lib/x86_64-linux-gnu/libnss_compat-2.24.so
7fe42f12e000-7fe42f32d000 ---p 00008000 103:05 149380                    /lib/x86_64-linux-gnu/libnss_compat-2.24.so
7fe42f32d000-7fe42f32e000 r--p 00007000 103:05 149380                    /lib/x86_64-linux-gnu/libnss_compat-2.24.so
7fe42f32e000-7fe42f32f000 rw-p 00008000 103:05 149380                    /lib/x86_64-linux-gnu/libnss_compat-2.24.so
7fe42f32f000-7fe42f35c000 r-xp 00000000 103:05 279312                    /usr/lib/jvm/java-8-openjdk-amd64/jre/lib/amd64/libjava.so
7fe42f35c000-7fe42f55b000 ---p 0002d000 103:05 279312                    /usr/lib/jvm/java-8-openjdk-amd64/jre/lib/amd64/libjava.so
7fe42f55b000-7fe42f55c000 r--p 0002c000 103:05 279312                    /usr/lib/jvm/java-8-openjdk-amd64/jre/lib/amd64/libjava.so
7fe42f55c000-7fe42f55e000 rw-p 0002d000 103:05 279312                    /usr/lib/jvm/java-8-openjdk-amd64/jre/lib/amd64/libjava.so
7fe42f55e000-7fe42f56d000 r-xp 00000000 103:05 279330                    /usr/lib/jvm/java-8-openjdk-amd64/jre/lib/amd64/libverify.so
7fe42f56d000-7fe42f76c000 ---p 0000f000 103:05 279330                    /usr/lib/jvm/java-8-openjdk-amd64/jre/lib/amd64/libverify.so
7fe42f76c000-7fe42f76e000 r--p 0000e000 103:05 279330                    /usr/lib/jvm/java-8-openjdk-amd64/jre/lib/amd64/libverify.so
7fe42f76e000-7fe42f76f000 rw-p 00010000 103:05 279330                    /usr/lib/jvm/java-8-openjdk-amd64/jre/lib/amd64/libverify.so
7fe42f76f000-7fe42f776000 r-xp 00000000 103:05 149411                    /lib/x86_64-linux-gnu/librt-2.24.so
7fe42f776000-7fe42f975000 ---p 00007000 103:05 149411                    /lib/x86_64-linux-gnu/librt-2.24.so
7fe42f975000-7fe42f976000 r--p 00006000 103:05 149411                    /lib/x86_64-linux-gnu/librt-2.24.so
7fe42f976000-7fe42f977000 rw-p 00007000 103:05 149411                    /lib/x86_64-linux-gnu/librt-2.24.so
7fe42f977000-7fe42f98d000 r-xp 00000000 103:05 136927                    /lib/x86_64-linux-gnu/libgcc_s.so.1
7fe42f98d000-7fe42fb8c000 ---p 00016000 103:05 136927                    /lib/x86_64-linux-gnu/libgcc_s.so.1
7fe42fb8c000-7fe42fb8d000 r--p 00015000 103:05 136927                    /lib/x86_64-linux-gnu/libgcc_s.so.1
7fe42fb8d000-7fe42fb8e000 rw-p 00016000 103:05 136927                    /lib/x86_64-linux-gnu/libgcc_s.so.1
7fe42fb8e000-7fe42fc96000 r-xp 00000000 103:05 148713                    /lib/x86_64-linux-gnu/libm-2.24.so
7fe42fc96000-7fe42fe95000 ---p 00108000 103:05 148713                    /lib/x86_64-linux-gnu/libm-2.24.so
7fe42fe95000-7fe42fe96000 r--p 00107000 103:05 148713                    /lib/x86_64-linux-gnu/libm-2.24.so
7fe42fe96000-7fe42fe97000 rw-p 00108000 103:05 148713                    /lib/x86_64-linux-gnu/libm-2.24.so
7fe42fe97000-7fe43000f000 r-xp 00000000 103:05 1062032                   /usr/lib/x86_64-linux-gnu/libstdc++.so.6.0.22
7fe43000f000-7fe43020f000 ---p 00178000 103:05 1062032                   /usr/lib/x86_64-linux-gnu/libstdc++.so.6.0.22
7fe43020f000-7fe430219000 r--p 00178000 103:05 1062032                   /usr/lib/x86_64-linux-gnu/libstdc++.so.6.0.22
7fe430219000-7fe43021b000 rw-p 00182000 103:05 1062032                   /usr/lib/x86_64-linux-gnu/libstdc++.so.6.0.22
7fe43021b000-7fe43021f000 rw-p 00000000 00:00 0 
7fe43021f000-7fe430e74000 r-xp 00000000 103:05 279334                    /usr/lib/jvm/java-8-openjdk-amd64/jre/lib/amd64/server/libjvm.so
7fe430e74000-7fe431074000 ---p 00c55000 103:05 279334                    /usr/lib/jvm/java-8-openjdk-amd64/jre/lib/amd64/server/libjvm.so
7fe431074000-7fe431107000 r--p 00c55000 103:05 279334                    /usr/lib/jvm/java-8-openjdk-amd64/jre/lib/amd64/server/libjvm.so
7fe431107000-7fe431130000 rw-p 00ce8000 103:05 279334                    /usr/lib/jvm/java-8-openjdk-amd64/jre/lib/amd64/server/libjvm.so
7fe431130000-7fe431160000 rw-p 00000000 00:00 0 
7fe431160000-7fe431178000 r-xp 00000000 103:05 149403                    /lib/x86_64-linux-gnu/libpthread-2.24.so
7fe431178000-7fe431378000 ---p 00018000 103:05 149403                    /lib/x86_64-linux-gnu/libpthread-2.24.so
7fe431378000-7fe431379000 r--p 00018000 103:05 149403                    /lib/x86_64-linux-gnu/libpthread-2.24.so
7fe431379000-7fe43137a000 rw-p 00019000 103:05 149403                    /lib/x86_64-linux-gnu/libpthread-2.24.so
7fe43137a000-7fe43137e000 rw-p 00000000 00:00 0 
7fe43137e000-7fe431381000 r-xp 00000000 103:05 148709                    /lib/x86_64-linux-gnu/libdl-2.24.so
7fe431381000-7fe431580000 ---p 00003000 103:05 148709                    /lib/x86_64-linux-gnu/libdl-2.24.so
7fe431580000-7fe431581000 r--p 00002000 103:05 148709                    /lib/x86_64-linux-gnu/libdl-2.24.so
7fe431581000-7fe431582000 rw-p 00003000 103:05 148709                    /lib/x86_64-linux-gnu/libdl-2.24.so
7fe431582000-7fe43159b000 r-xp 00000000 103:05 137071                    /lib/x86_64-linux-gnu/libz.so.1.2.8
7fe43159b000-7fe43179a000 ---p 00019000 103:05 137071                    /lib/x86_64-linux-gnu/libz.so.1.2.8
7fe43179a000-7fe43179b000 r--p 00018000 103:05 137071                    /lib/x86_64-linux-gnu/libz.so.1.2.8
7fe43179b000-7fe43179c000 rw-p 00019000 103:05 137071                    /lib/x86_64-linux-gnu/libz.so.1.2.8
7fe43179c000-7fe431959000 r-xp 00000000 103:05 148700                    /lib/x86_64-linux-gnu/libc-2.24.so
7fe431959000-7fe431b59000 ---p 001bd000 103:05 148700                    /lib/x86_64-linux-gnu/libc-2.24.so
7fe431b59000-7fe431b5d000 r--p 001bd000 103:05 148700                    /lib/x86_64-linux-gnu/libc-2.24.so
7fe431b5d000-7fe431b5f000 rw-p 001c1000 103:05 148700                    /lib/x86_64-linux-gnu/libc-2.24.so
7fe431b5f000-7fe431b63000 rw-p 00000000 00:00 0 
7fe431b63000-7fe431b70000 r-xp 00000000 103:05 279298                    /usr/lib/jvm/java-8-openjdk-amd64/jre/lib/amd64/jli/libjli.so
7fe431b70000-7fe431d70000 ---p 0000d000 103:05 279298                    /usr/lib/jvm/java-8-openjdk-amd64/jre/lib/amd64/jli/libjli.so
7fe431d70000-7fe431d71000 r--p 0000d000 103:05 279298                    /usr/lib/jvm/java-8-openjdk-amd64/jre/lib/amd64/jli/libjli.so
7fe431d71000-7fe431d72000 rw-p 0000e000 103:05 279298                    /usr/lib/jvm/java-8-openjdk-amd64/jre/lib/amd64/jli/libjli.so
7fe431d72000-7fe431d97000 r-xp 00000000 103:05 148690                    /lib/x86_64-linux-gnu/ld-2.24.so
7fe431d97000-7fe431da1000 r--s 00116000 103:05 279349                    /usr/lib/jvm/java-8-openjdk-amd64/jre/lib/ext/localedata.jar
7fe431da1000-7fe431e72000 rw-p 00000000 00:00 0 
7fe431e72000-7fe431e75000 ---p 00000000 00:00 0 
7fe431e75000-7fe431f77000 rw-p 00000000 00:00 0 
7fe431f77000-7fe431f79000 r--s 00008000 103:05 279351                    /usr/lib/jvm/java-8-openjdk-amd64/jre/lib/ext/sunec.jar
7fe431f79000-7fe431f7a000 r--s 0000a000 103:05 279348                    /usr/lib/jvm/java-8-openjdk-amd64/jre/lib/ext/jaccess.jar
7fe431f7a000-7fe431f7b000 r--s 00010000 103:05 279354                    /usr/lib/jvm/java-8-openjdk-amd64/jre/lib/ext/zipfs.jar
7fe431f7b000-7fe431f80000 r--s 0003b000 103:05 279352                    /usr/lib/jvm/java-8-openjdk-amd64/jre/lib/ext/sunjce_provider.jar
7fe431f80000-7fe431f84000 r--s 00037000 103:05 279353                    /usr/lib/jvm/java-8-openjdk-amd64/jre/lib/ext/sunpkcs11.jar
7fe431f84000-7fe431f87000 r--s 0000f000 103:05 279347                    /usr/lib/jvm/java-8-openjdk-amd64/jre/lib/ext/icedtea-sound.jar
7fe431f87000-7fe431f89000 r--s 00001000 103:05 279346                    /usr/lib/jvm/java-8-openjdk-amd64/jre/lib/ext/dnsns.jar
7fe431f89000-7fe431f91000 rw-s 00000000 103:05 12851                     /tmp/hsperfdata_justin/12674
7fe431f91000-7fe431f92000 rw-p 00000000 00:00 0 
7fe431f92000-7fe431f93000 r--p 00000000 00:00 0 
7fe431f93000-7fe431f96000 rw-p 00000000 00:00 0 
7fe431f96000-7fe431f97000 r--p 00024000 103:05 148690                    /lib/x86_64-linux-gnu/ld-2.24.so
7fe431f97000-7fe431f98000 rw-p 00025000 103:05 148690                    /lib/x86_64-linux-gnu/ld-2.24.so
7fe431f98000-7fe431f99000 rw-p 00000000 00:00 0 
7ffe7ab66000-7ffe7ab87000 rw-p 00000000 00:00 0                          [stack]
7ffe7abfa000-7ffe7abfc000 r--p 00000000 00:00 0                          [vvar]
7ffe7abfc000-7ffe7abfe000 r-xp 00000000 00:00 0                          [vdso]
ffffffffff600000-ffffffffff601000 r-xp 00000000 00:00 0                  [vsyscall]

VM Arguments:
jvm_args: -Dfile.encoding=UTF-8 
java_command: application.Main
java_class_path (initial): /home/justin/git/IntegrationProject/IntegrationProject/bin:/home/justin/.p2/pool/plugins/org.junit_4.12.0.v201504281640/junit.jar:/home/justin/.p2/pool/plugins/org.hamcrest.core_1.3.0.v201303031735.jar:/home/justin/git/IntegrationProject/IntegrationProject/commons-codec-1.10.jar
Launcher Type: SUN_STANDARD

Environment Variables:
PATH=/home/justin/bin:/home/justin/.local/bin:/usr/local/sbin:/usr/local/bin:/usr/sbin:/usr/bin:/sbin:/bin:/usr/games:/usr/local/games:/snap/bin
SHELL=/bin/bash
DISPLAY=:0

Signal Handlers:
SIGSEGV: [libjvm.so+0xa6c900], sa_mask[0]=11111111011111111101111111111110, sa_flags=SA_RESTART|SA_SIGINFO
SIGBUS: [libjvm.so+0xa6c900], sa_mask[0]=11111111011111111101111111111110, sa_flags=SA_RESTART|SA_SIGINFO
SIGFPE: [libjvm.so+0x8b6400], sa_mask[0]=11111111011111111101111111111110, sa_flags=SA_RESTART|SA_SIGINFO
SIGPIPE: SIG_IGN, sa_mask[0]=00000000000010000000000000000000, sa_flags=SA_RESTART
SIGXFSZ: [libjvm.so+0x8b6400], sa_mask[0]=11111111011111111101111111111110, sa_flags=SA_RESTART|SA_SIGINFO
SIGILL: [libjvm.so+0x8b6400], sa_mask[0]=11111111011111111101111111111110, sa_flags=SA_RESTART|SA_SIGINFO
SIGUSR1: SIG_DFL, sa_mask[0]=00000000000000000000000000000000, sa_flags=none
SIGUSR2: [libjvm.so+0x8b62b0], sa_mask[0]=00100000000000000000000000000000, sa_flags=SA_RESTART|SA_SIGINFO
SIGHUP: [libjvm.so+0x8b6760], sa_mask[0]=11111111011111111101111111111110, sa_flags=SA_RESTART|SA_SIGINFO
SIGINT: [libjvm.so+0x8b6760], sa_mask[0]=11111111011111111101111111111110, sa_flags=SA_RESTART|SA_SIGINFO
SIGTERM: [libjvm.so+0x8b6760], sa_mask[0]=11111111011111111101111111111110, sa_flags=SA_RESTART|SA_SIGINFO
SIGQUIT: [libjvm.so+0x8b6760], sa_mask[0]=11111111011111111101111111111110, sa_flags=SA_RESTART|SA_SIGINFO


---------------  S Y S T E M  ---------------

OS:DISTRIB_ID=Ubuntu
DISTRIB_RELEASE=16.10
DISTRIB_CODENAME=yakkety
DISTRIB_DESCRIPTION="Ubuntu 16.10"

uname:Linux 4.8.0-46-generic #49-Ubuntu SMP Fri Mar 31 13:57:14 UTC 2017 x86_64
libc:glibc 2.24 NPTL 2.24 
rlimit: STACK 8192k, CORE 0k, NPROC 63036, NOFILE 4096, AS infinity
load average:0,98 1,08 1,21

/proc/meminfo:
MemTotal:       16264244 kB
MemFree:         9837136 kB
MemAvailable:   10976876 kB
Buffers:           79768 kB
Cached:          2231120 kB
SwapCached:            0 kB
Active:          4408444 kB
Inactive:        1668784 kB
Active(anon):    3767740 kB
Inactive(anon):   960776 kB
Active(file):     640704 kB
Inactive(file):   708008 kB
Unevictable:          48 kB
Mlocked:              48 kB
SwapTotal:             0 kB
SwapFree:              0 kB
Dirty:               176 kB
Writeback:             0 kB
AnonPages:       3683168 kB
Mapped:           894880 kB
Shmem:            962168 kB
Slab:             175116 kB
SReclaimable:     101836 kB
SUnreclaim:        73280 kB
KernelStack:       12288 kB
PageTables:        51356 kB
NFS_Unstable:          0 kB
Bounce:                0 kB
WritebackTmp:          0 kB
CommitLimit:     8132120 kB
Committed_AS:    9097328 kB
VmallocTotal:   34359738367 kB
VmallocUsed:           0 kB
VmallocChunk:          0 kB
HardwareCorrupted:     0 kB
AnonHugePages:   2441216 kB
ShmemHugePages:        0 kB
ShmemPmdMapped:        0 kB
CmaTotal:              0 kB
CmaFree:               0 kB
HugePages_Total:       0
HugePages_Free:        0
HugePages_Rsvd:        0
HugePages_Surp:        0
Hugepagesize:       2048 kB
DirectMap4k:      201268 kB
DirectMap2M:     6969344 kB
DirectMap1G:    10485760 kB


CPU:total 8 (4 cores per cpu, 2 threads per core) family 6 model 94 stepping 3, cmov, cx8, fxsr, mmx, sse, sse2, sse3, ssse3, sse4.1, sse4.2, popcnt, avx, avx2, aes, clmul, erms, rtm, 3dnowpref, lzcnt, ht, tsc, tscinvbit, bmi1, bmi2, adx

/proc/cpuinfo:
processor	: 0
vendor_id	: GenuineIntel
cpu family	: 6
model		: 94
model name	: Intel(R) Core(TM) i7-6700HQ CPU @ 2.60GHz
stepping	: 3
microcode	: 0x9e
cpu MHz		: 2739.489
cache size	: 6144 KB
physical id	: 0
siblings	: 8
core id		: 0
cpu cores	: 4
apicid		: 0
initial apicid	: 0
fpu		: yes
fpu_exception	: yes
cpuid level	: 22
wp		: yes
flags		: fpu vme de pse tsc msr pae mce cx8 apic sep mtrr pge mca cmov pat pse36 clflush dts acpi mmx fxsr sse sse2 ss ht tm pbe syscall nx pdpe1gb rdtscp lm constant_tsc art arch_perfmon pebs bts rep_good nopl xtopology nonstop_tsc aperfmperf eagerfpu pni pclmulqdq dtes64 monitor ds_cpl vmx est tm2 ssse3 sdbg fma cx16 xtpr pdcm pcid sse4_1 sse4_2 x2apic movbe popcnt tsc_deadline_timer aes xsave avx f16c rdrand lahf_lm abm 3dnowprefetch epb intel_pt tpr_shadow vnmi flexpriority ept vpid fsgsbase tsc_adjust bmi1 hle avx2 smep bmi2 erms invpcid rtm mpx rdseed adx smap clflushopt xsaveopt xsavec xgetbv1 xsaves dtherm ida arat pln pts hwp hwp_notify hwp_act_window hwp_epp
bugs		:
bogomips	: 5184.00
clflush size	: 64
cache_alignment	: 64
address sizes	: 39 bits physical, 48 bits virtual
power management:

processor	: 1
vendor_id	: GenuineIntel
cpu family	: 6
model		: 94
model name	: Intel(R) Core(TM) i7-6700HQ CPU @ 2.60GHz
stepping	: 3
microcode	: 0x9e
cpu MHz		: 2705.212
cache size	: 6144 KB
physical id	: 0
siblings	: 8
core id		: 1
cpu cores	: 4
apicid		: 2
initial apicid	: 2
fpu		: yes
fpu_exception	: yes
cpuid level	: 22
wp		: yes
flags		: fpu vme de pse tsc msr pae mce cx8 apic sep mtrr pge mca cmov pat pse36 clflush dts acpi mmx fxsr sse sse2 ss ht tm pbe syscall nx pdpe1gb rdtscp lm constant_tsc art arch_perfmon pebs bts rep_good nopl xtopology nonstop_tsc aperfmperf eagerfpu pni pclmulqdq dtes64 monitor ds_cpl vmx est tm2 ssse3 sdbg fma cx16 xtpr pdcm pcid sse4_1 sse4_2 x2apic movbe popcnt tsc_deadline_timer aes xsave avx f16c rdrand lahf_lm abm 3dnowprefetch epb intel_pt tpr_shadow vnmi flexpriority ept vpid fsgsbase tsc_adjust bmi1 hle avx2 smep bmi2 erms invpcid rtm mpx rdseed adx smap clflushopt xsaveopt xsavec xgetbv1 xsaves dtherm ida arat pln pts hwp hwp_notify hwp_act_window hwp_epp
bugs		:
bogomips	: 5184.00
clflush size	: 64
cache_alignment	: 64
address sizes	: 39 bits physical, 48 bits virtual
power management:

processor	: 2
vendor_id	: GenuineIntel
cpu family	: 6
model		: 94
model name	: Intel(R) Core(TM) i7-6700HQ CPU @ 2.60GHz
stepping	: 3
microcode	: 0x9e
cpu MHz		: 2718.066
cache size	: 6144 KB
physical id	: 0
siblings	: 8
core id		: 2
cpu cores	: 4
apicid		: 4
initial apicid	: 4
fpu		: yes
fpu_exception	: yes
cpuid level	: 22
wp		: yes
flags		: fpu vme de pse tsc msr pae mce cx8 apic sep mtrr pge mca cmov pat pse36 clflush dts acpi mmx fxsr sse sse2 ss ht tm pbe syscall nx pdpe1gb rdtscp lm constant_tsc art arch_perfmon pebs bts rep_good nopl xtopology nonstop_tsc aperfmperf eagerfpu pni pclmulqdq dtes64 monitor ds_cpl vmx est tm2 ssse3 sdbg fma cx16 xtpr pdcm pcid sse4_1 sse4_2 x2apic movbe popcnt tsc_deadline_timer aes xsave avx f16c rdrand lahf_lm abm 3dnowprefetch epb intel_pt tpr_shadow vnmi flexpriority ept vpid fsgsbase tsc_adjust bmi1 hle avx2 smep bmi2 erms invpcid rtm mpx rdseed adx smap clflushopt xsaveopt xsavec xgetbv1 xsaves dtherm ida arat pln pts hwp hwp_notify hwp_act_window hwp_epp
bugs		:
bogomips	: 5184.00
clflush size	: 64
cache_alignment	: 64
address sizes	: 39 bits physical, 48 bits virtual
power management:

processor	: 3
vendor_id	: GenuineIntel
cpu family	: 6
model		: 94
model name	: Intel(R) Core(TM) i7-6700HQ CPU @ 2.60GHz
stepping	: 3
microcode	: 0x9e
cpu MHz		: 2727.746
cache size	: 6144 KB
physical id	: 0
siblings	: 8
core id		: 3
cpu cores	: 4
apicid		: 6
initial apicid	: 6
fpu		: yes
fpu_exception	: yes
cpuid level	: 22
wp		: yes
flags		: fpu vme de pse tsc msr pae mce cx8 apic sep mtrr pge mca cmov pat pse36 clflush dts acpi mmx fxsr sse sse2 ss ht tm pbe syscall nx pdpe1gb rdtscp lm constant_tsc art arch_perfmon pebs bts rep_good nopl xtopology nonstop_tsc aperfmperf eagerfpu pni pclmulqdq dtes64 monitor ds_cpl vmx est tm2 ssse3 sdbg fma cx16 xtpr pdcm pcid sse4_1 sse4_2 x2apic movbe popcnt tsc_deadline_timer aes xsave avx f16c rdrand lahf_lm abm 3dnowprefetch epb intel_pt tpr_shadow vnmi flexpriority ept vpid fsgsbase tsc_adjust bmi1 hle avx2 smep bmi2 erms invpcid rtm mpx rdseed adx smap clflushopt xsaveopt xsavec xgetbv1 xsaves dtherm ida arat pln pts hwp hwp_notify hwp_act_window hwp_epp
bugs		:
bogomips	: 5184.00
clflush size	: 64
cache_alignment	: 64
address sizes	: 39 bits physical, 48 bits virtual
power management:

processor	: 4
vendor_id	: GenuineIntel
cpu family	: 6
model		: 94
model name	: Intel(R) Core(TM) i7-6700HQ CPU @ 2.60GHz
stepping	: 3
microcode	: 0x9e
cpu MHz		: 2729.333
cache size	: 6144 KB
physical id	: 0
siblings	: 8
core id		: 0
cpu cores	: 4
apicid		: 1
initial apicid	: 1
fpu		: yes
fpu_exception	: yes
cpuid level	: 22
wp		: yes
flags		: fpu vme de pse tsc msr pae mce cx8 apic sep mtrr pge mca cmov pat pse36 clflush dts acpi mmx fxsr sse sse2 ss ht tm pbe syscall nx pdpe1gb rdtscp lm constant_tsc art arch_perfmon pebs bts rep_good nopl xtopology nonstop_tsc aperfmperf eagerfpu pni pclmulqdq dtes64 monitor ds_cpl vmx est tm2 ssse3 sdbg fma cx16 xtpr pdcm pcid sse4_1 sse4_2 x2apic movbe popcnt tsc_deadline_timer aes xsave avx f16c rdrand lahf_lm abm 3dnowprefetch epb intel_pt tpr_shadow vnmi flexpriority ept vpid fsgsbase tsc_adjust bmi1 hle avx2 smep bmi2 erms invpcid rtm mpx rdseed adx smap clflushopt xsaveopt xsavec xgetbv1 xsaves dtherm ida arat pln pts hwp hwp_notify hwp_act_window hwp_epp
bugs		:
bogomips	: 5184.00
clflush size	: 64
cache_alignment	: 64
address sizes	: 39 bits physical, 48 bits virtual
power management:

processor	: 5
vendor_id	: GenuineIntel
cpu family	: 6
model		: 94
model name	: Intel(R) Core(TM) i7-6700HQ CPU @ 2.60GHz
stepping	: 3
microcode	: 0x9e
cpu MHz		: 2703.625
cache size	: 6144 KB
physical id	: 0
siblings	: 8
core id		: 1
cpu cores	: 4
apicid		: 3
initial apicid	: 3
fpu		: yes
fpu_exception	: yes
cpuid level	: 22
wp		: yes
flags		: fpu vme de pse tsc msr pae mce cx8 apic sep mtrr pge mca cmov pat pse36 clflush dts acpi mmx fxsr sse sse2 ss ht tm pbe syscall nx pdpe1gb rdtscp lm constant_tsc art arch_perfmon pebs bts rep_good nopl xtopology nonstop_tsc aperfmperf eagerfpu pni pclmulqdq dtes64 monitor ds_cpl vmx est tm2 ssse3 sdbg fma cx16 xtpr pdcm pcid sse4_1 sse4_2 x2apic movbe popcnt tsc_deadline_timer aes xsave avx f16c rdrand lahf_lm abm 3dnowprefetch epb intel_pt tpr_shadow vnmi flexpriority ept vpid fsgsbase tsc_adjust bmi1 hle avx2 smep bmi2 erms invpcid rtm mpx rdseed adx smap clflushopt xsaveopt xsavec xgetbv1 xsaves dtherm ida arat pln pts hwp hwp_notify hwp_act_window hwp_epp
bugs		:
bogomips	: 5184.00
clflush size	: 64
cache_alignment	: 64
address sizes	: 39 bits physical, 48 bits virtual
power management:

processor	: 6
vendor_id	: GenuineIntel
cpu family	: 6
model		: 94
model name	: Intel(R) Core(TM) i7-6700HQ CPU @ 2.60GHz
stepping	: 3
microcode	: 0x9e
cpu MHz		: 2711.718
cache size	: 6144 KB
physical id	: 0
siblings	: 8
core id		: 2
cpu cores	: 4
apicid		: 5
initial apicid	: 5
fpu		: yes
fpu_exception	: yes
cpuid level	: 22
wp		: yes
flags		: fpu vme de pse tsc msr pae mce cx8 apic sep mtrr pge mca cmov pat pse36 clflush dts acpi mmx fxsr sse sse2 ss ht tm pbe syscall nx pdpe1gb rdtscp lm constant_tsc art arch_perfmon pebs bts rep_good nopl xtopology nonstop_tsc aperfmperf eagerfpu pni pclmulqdq dtes64 monitor ds_cpl vmx est tm2 ssse3 sdbg fma cx16 xtpr pdcm pcid sse4_1 sse4_2 x2apic movbe popcnt tsc_deadline_timer aes xsave avx f16c rdrand lahf_lm abm 3dnowprefetch epb intel_pt tpr_shadow vnmi flexpriority ept vpid fsgsbase tsc_adjust bmi1 hle avx2 smep bmi2 erms invpcid rtm mpx rdseed adx smap clflushopt xsaveopt xsavec xgetbv1 xsaves dtherm ida arat pln pts hwp hwp_notify hwp_act_window hwp_epp
bugs		:
bogomips	: 5184.00
clflush size	: 64
cache_alignment	: 64
address sizes	: 39 bits physical, 48 bits virtual
power management:

processor	: 7
vendor_id	: GenuineIntel
cpu family	: 6
model		: 94
model name	: Intel(R) Core(TM) i7-6700HQ CPU @ 2.60GHz
stepping	: 3
microcode	: 0x9e
cpu MHz		: 2725.524
cache size	: 6144 KB
physical id	: 0
siblings	: 8
core id		: 3
cpu cores	: 4
apicid		: 7
initial apicid	: 7
fpu		: yes
fpu_exception	: yes
cpuid level	: 22
wp		: yes
flags		: fpu vme de pse tsc msr pae mce cx8 apic sep mtrr pge mca cmov pat pse36 clflush dts acpi mmx fxsr sse sse2 ss ht tm pbe syscall nx pdpe1gb rdtscp lm constant_tsc art arch_perfmon pebs bts rep_good nopl xtopology nonstop_tsc aperfmperf eagerfpu pni pclmulqdq dtes64 monitor ds_cpl vmx est tm2 ssse3 sdbg fma cx16 xtpr pdcm pcid sse4_1 sse4_2 x2apic movbe popcnt tsc_deadline_timer aes xsave avx f16c rdrand lahf_lm abm 3dnowprefetch epb intel_pt tpr_shadow vnmi flexpriority ept vpid fsgsbase tsc_adjust bmi1 hle avx2 smep bmi2 erms invpcid rtm mpx rdseed adx smap clflushopt xsaveopt xsavec xgetbv1 xsaves dtherm ida arat pln pts hwp hwp_notify hwp_act_window hwp_epp
bugs		:
bogomips	: 5184.00
clflush size	: 64
cache_alignment	: 64
address sizes	: 39 bits physical, 48 bits virtual
power management:



Memory: 4k page, physical 16264244k(9836764k free), swap 0k(0k free)

vm_info: OpenJDK 64-Bit Server VM (25.121-b13) for linux-amd64 JRE (1.8.0_121-8u121-b13-0ubuntu1.16.10.2-b13), built on Jan 23 2017 11:22:24 by "buildd" with gcc 6.2.0 20161005

time: Tue Apr 18 12:22:35 2017
elapsed time: 3 seconds (0d 0h 0m 3s)

